[2026-07-20T13:05:35.725+0545] {local_task_job_runner.py:120} INFO - ::group::Pre task execution logs
[2026-07-20T13:05:35.742+0545] {taskinstance.py:2076} INFO - Dependencies all met for dep_context=non-requeueable deps ti=<TaskInstance: network_traffic_pipeline.row_wise_ddp_models.transformer manual__2026-07-20T06:51:36.359976+00:00 [queued]>
[2026-07-20T13:05:35.748+0545] {taskinstance.py:2076} INFO - Dependencies all met for dep_context=requeueable deps ti=<TaskInstance: network_traffic_pipeline.row_wise_ddp_models.transformer manual__2026-07-20T06:51:36.359976+00:00 [queued]>
[2026-07-20T13:05:35.748+0545] {taskinstance.py:2306} INFO - Starting attempt 1 of 3
[2026-07-20T13:05:35.760+0545] {taskinstance.py:2330} INFO - Executing <Task(BashOperator): row_wise_ddp_models.transformer> on 2026-07-20 06:51:36.359976+00:00
[2026-07-20T13:05:35.764+0545] {standard_task_runner.py:64} INFO - Started process 96400 to run task
[2026-07-20T13:05:35.767+0545] {standard_task_runner.py:90} INFO - Running: ['airflow', 'tasks', 'run', 'network_traffic_pipeline', 'row_wise_ddp_models.transformer', 'manual__2026-07-20T06:51:36.359976+00:00', '--job-id', '118', '--raw', '--subdir', 'DAGS_FOLDER/network_traffic_pipeline_dag.py', '--cfg-path', '/tmp/tmpu6jglw2q']
[2026-07-20T13:05:35.768+0545] {standard_task_runner.py:91} INFO - Job 118: Subtask row_wise_ddp_models.transformer
[2026-07-20T13:05:35.797+0545] {task_command.py:426} INFO - Running <TaskInstance: network_traffic_pipeline.row_wise_ddp_models.transformer manual__2026-07-20T06:51:36.359976+00:00 [running]> on host snigdh-IdeaPad-Slim-3-15IAH8
[2026-07-20T13:05:35.850+0545] {taskinstance.py:2648} INFO - Exporting env vars: AIRFLOW_CTX_DAG_OWNER='you' AIRFLOW_CTX_DAG_ID='network_traffic_pipeline' AIRFLOW_CTX_TASK_ID='row_wise_ddp_models.transformer' AIRFLOW_CTX_EXECUTION_DATE='2026-07-20T06:51:36.359976+00:00' AIRFLOW_CTX_TRY_NUMBER='1' AIRFLOW_CTX_DAG_RUN_ID='manual__2026-07-20T06:51:36.359976+00:00'
[2026-07-20T13:05:35.851+0545] {taskinstance.py:430} INFO - ::endgroup::
[2026-07-20T13:05:35.852+0545] {subprocess.py:63} INFO - Tmp dir root location: /tmp
[2026-07-20T13:05:35.853+0545] {subprocess.py:75} INFO - Running command: ['/usr/bin/bash', '-c', 'cd /home/snigdh/repos/bigData && docker-compose exec spark-master /opt/spark/bin/spark-submit --master spark://localhost:7077 --py-files /app/common.py --conf spark.ui.port=4040 --conf spark.sql.extensions=io.delta.sql.DeltaSparkSessionExtension --conf spark.sql.catalog.spark_catalog=org.apache.spark.sql.delta.catalog.DeltaCatalog /app/task_transformer.py']
[2026-07-20T13:05:35.862+0545] {subprocess.py:86} INFO - Output:
[2026-07-20T13:05:47.969+0545] {subprocess.py:93} INFO - 26/07/20 07:20:47 INFO SparkContext: Running Spark version 3.5.0
[2026-07-20T13:05:48.039+0545] {subprocess.py:93} INFO - 26/07/20 07:20:48 INFO SparkContext: OS info Linux, 6.8.0-136-generic, amd64
[2026-07-20T13:05:48.040+0545] {subprocess.py:93} INFO - 26/07/20 07:20:48 INFO SparkContext: Java version 11.0.20.1
[2026-07-20T13:05:48.148+0545] {subprocess.py:93} INFO - 26/07/20 07:20:48 INFO ResourceUtils: ==============================================================
[2026-07-20T13:05:48.148+0545] {subprocess.py:93} INFO - 26/07/20 07:20:48 INFO ResourceUtils: No custom resources configured for spark.driver.
[2026-07-20T13:05:48.148+0545] {subprocess.py:93} INFO - 26/07/20 07:20:48 INFO ResourceUtils: ==============================================================
[2026-07-20T13:05:48.149+0545] {subprocess.py:93} INFO - 26/07/20 07:20:48 INFO SparkContext: Submitted application: anomaly_transformer
[2026-07-20T13:05:48.248+0545] {subprocess.py:93} INFO - 26/07/20 07:20:48 INFO ResourceProfile: Default ResourceProfile created, executor resources: Map(memory -> name: memory, amount: 1024, script: , vendor: , offHeap -> name: offHeap, amount: 0, script: , vendor: ), task resources: Map(cpus -> name: cpus, amount: 1.0)
[2026-07-20T13:05:48.336+0545] {subprocess.py:93} INFO - 26/07/20 07:20:48 INFO ResourceProfile: Limiting resource is cpu
[2026-07-20T13:05:48.338+0545] {subprocess.py:93} INFO - 26/07/20 07:20:48 INFO ResourceProfileManager: Added ResourceProfile id: 0
[2026-07-20T13:05:48.458+0545] {subprocess.py:93} INFO - 26/07/20 07:20:48 INFO SecurityManager: Changing view acls to: spark
[2026-07-20T13:05:48.458+0545] {subprocess.py:93} INFO - 26/07/20 07:20:48 INFO SecurityManager: Changing modify acls to: spark
[2026-07-20T13:05:48.459+0545] {subprocess.py:93} INFO - 26/07/20 07:20:48 INFO SecurityManager: Changing view acls groups to:
[2026-07-20T13:05:48.459+0545] {subprocess.py:93} INFO - 26/07/20 07:20:48 INFO SecurityManager: Changing modify acls groups to:
[2026-07-20T13:05:48.459+0545] {subprocess.py:93} INFO - 26/07/20 07:20:48 INFO SecurityManager: SecurityManager: authentication disabled; ui acls disabled; users with view permissions: spark; groups with view permissions: EMPTY; users with modify permissions: spark; groups with modify permissions: EMPTY
[2026-07-20T13:05:49.065+0545] {subprocess.py:93} INFO - 26/07/20 07:20:49 INFO Utils: Successfully started service 'sparkDriver' on port 45443.
[2026-07-20T13:05:49.155+0545] {subprocess.py:93} INFO - 26/07/20 07:20:49 INFO SparkEnv: Registering MapOutputTracker
[2026-07-20T13:05:49.358+0545] {subprocess.py:93} INFO - 26/07/20 07:20:49 INFO SparkEnv: Registering BlockManagerMaster
[2026-07-20T13:05:49.373+0545] {subprocess.py:93} INFO - 26/07/20 07:20:49 INFO BlockManagerMasterEndpoint: Using org.apache.spark.storage.DefaultTopologyMapper for getting topology information
[2026-07-20T13:05:49.373+0545] {subprocess.py:93} INFO - 26/07/20 07:20:49 INFO BlockManagerMasterEndpoint: BlockManagerMasterEndpoint up
[2026-07-20T13:05:49.376+0545] {subprocess.py:93} INFO - 26/07/20 07:20:49 INFO SparkEnv: Registering BlockManagerMasterHeartbeat
[2026-07-20T13:05:49.451+0545] {subprocess.py:93} INFO - 26/07/20 07:20:49 INFO DiskBlockManager: Created local directory at /tmp/blockmgr-9fe29dcd-a253-4e32-a93c-aa1c2b4caa59
[2026-07-20T13:05:49.461+0545] {subprocess.py:93} INFO - 26/07/20 07:20:49 INFO MemoryStore: MemoryStore started with capacity 413.9 MiB
[2026-07-20T13:05:49.543+0545] {subprocess.py:93} INFO - 26/07/20 07:20:49 INFO SparkEnv: Registering OutputCommitCoordinator
[2026-07-20T13:05:49.843+0545] {subprocess.py:93} INFO - 26/07/20 07:20:49 INFO JettyUtils: Start Jetty 0.0.0.0:4040 for SparkUI
[2026-07-20T13:05:50.042+0545] {subprocess.py:93} INFO - 26/07/20 07:20:50 INFO Utils: Successfully started service 'SparkUI' on port 4040.
[2026-07-20T13:05:50.158+0545] {subprocess.py:93} INFO - 26/07/20 07:20:50 INFO SparkContext: Added file file:///app/common.py at spark://e6ba47dbf3fb:45443/files/common.py with timestamp 1784532047960
[2026-07-20T13:05:50.158+0545] {subprocess.py:93} INFO - 26/07/20 07:20:50 INFO Utils: Copying /app/common.py to /tmp/spark-d2b2dcf8-a721-4c9d-9b91-9feed6c62f26/userFiles-98ee2964-1ea4-4023-b6a3-8a4f43bc0bd6/common.py
[2026-07-20T13:05:50.651+0545] {subprocess.py:93} INFO - 26/07/20 07:20:50 INFO StandaloneAppClient$ClientEndpoint: Connecting to master spark://localhost:7077...
[2026-07-20T13:05:50.847+0545] {subprocess.py:93} INFO - 26/07/20 07:20:50 INFO TransportClientFactory: Successfully created connection to localhost/127.0.0.1:7077 after 103 ms (0 ms spent in bootstraps)
[2026-07-20T13:05:51.140+0545] {subprocess.py:93} INFO - 26/07/20 07:20:51 INFO StandaloneSchedulerBackend: Connected to Spark cluster with app ID app-20260720072051-0014
[2026-07-20T13:05:51.141+0545] {subprocess.py:93} INFO - 26/07/20 07:20:51 INFO StandaloneAppClient$ClientEndpoint: Executor added: app-20260720072051-0014/0 on worker-20260720065158-spark-worker1-8081 (spark-worker1:8081) with 1 core(s)
[2026-07-20T13:05:51.142+0545] {subprocess.py:93} INFO - 26/07/20 07:20:51 INFO StandaloneSchedulerBackend: Granted executor ID app-20260720072051-0014/0 on hostPort spark-worker1:8081 with 1 core(s), 1024.0 MiB RAM
[2026-07-20T13:05:51.143+0545] {subprocess.py:93} INFO - 26/07/20 07:20:51 INFO StandaloneAppClient$ClientEndpoint: Executor added: app-20260720072051-0014/1 on worker-20260720065158-spark-worker2-8083 (spark-worker2:8083) with 1 core(s)
[2026-07-20T13:05:51.143+0545] {subprocess.py:93} INFO - 26/07/20 07:20:51 INFO StandaloneSchedulerBackend: Granted executor ID app-20260720072051-0014/1 on hostPort spark-worker2:8083 with 1 core(s), 1024.0 MiB RAM
[2026-07-20T13:05:51.238+0545] {subprocess.py:93} INFO - 26/07/20 07:20:51 INFO Utils: Successfully started service 'org.apache.spark.network.netty.NettyBlockTransferService' on port 38051.
[2026-07-20T13:05:51.238+0545] {subprocess.py:93} INFO - 26/07/20 07:20:51 INFO NettyBlockTransferService: Server created on e6ba47dbf3fb:38051
[2026-07-20T13:05:51.241+0545] {subprocess.py:93} INFO - 26/07/20 07:20:51 INFO BlockManager: Using org.apache.spark.storage.RandomBlockReplicationPolicy for block replication policy
[2026-07-20T13:05:51.244+0545] {subprocess.py:93} INFO - 26/07/20 07:20:51 INFO StandaloneAppClient$ClientEndpoint: Executor updated: app-20260720072051-0014/0 is now RUNNING
[2026-07-20T13:05:51.246+0545] {subprocess.py:93} INFO - 26/07/20 07:20:51 INFO StandaloneAppClient$ClientEndpoint: Executor updated: app-20260720072051-0014/1 is now RUNNING
[2026-07-20T13:05:51.251+0545] {subprocess.py:93} INFO - 26/07/20 07:20:51 INFO BlockManagerMaster: Registering BlockManager BlockManagerId(driver, e6ba47dbf3fb, 38051, None)
[2026-07-20T13:05:51.254+0545] {subprocess.py:93} INFO - 26/07/20 07:20:51 INFO BlockManagerMasterEndpoint: Registering block manager e6ba47dbf3fb:38051 with 413.9 MiB RAM, BlockManagerId(driver, e6ba47dbf3fb, 38051, None)
[2026-07-20T13:05:51.256+0545] {subprocess.py:93} INFO - 26/07/20 07:20:51 INFO BlockManagerMaster: Registered BlockManager BlockManagerId(driver, e6ba47dbf3fb, 38051, None)
[2026-07-20T13:05:51.338+0545] {subprocess.py:93} INFO - 26/07/20 07:20:51 INFO BlockManager: Initialized BlockManager: BlockManagerId(driver, e6ba47dbf3fb, 38051, None)
[2026-07-20T13:05:52.053+0545] {subprocess.py:93} INFO - 26/07/20 07:20:52 INFO StandaloneSchedulerBackend: SchedulerBackend is ready for scheduling beginning after reached minRegisteredResourcesRatio: 0.0
[2026-07-20T13:06:20.141+0545] {subprocess.py:93} INFO - [TorchDistributor] Transformer: launching 2-way DDP (across cluster executors)...
[2026-07-20T13:06:21.151+0545] {subprocess.py:93} INFO - Started distributed training with 2 executor processes
[2026-07-20T13:06:46.931+0545] {subprocess.py:93} INFO - 2026-07-20 07:21:46,929 INFO sasl.SaslDataTransferClient: SASL encryption trust check: localHostTrusted = false, remoteHostTrusted = false
[2026-07-20T13:06:47.132+0545] {subprocess.py:93} INFO - 2026-07-20 07:21:47,036 INFO sasl.SaslDataTransferClient: SASL encryption trust check: localHostTrusted = false, remoteHostTrusted = false
[2026-07-20T13:06:47.132+0545] {subprocess.py:93} INFO - 2026-07-20 07:21:47,127 INFO sasl.SaslDataTransferClient: SASL encryption trust check: localHostTrusted = false, remoteHostTrusted = false
[2026-07-20T13:06:47.232+0545] {subprocess.py:93} INFO - 2026-07-20 07:21:47,135 INFO sasl.SaslDataTransferClient: SASL encryption trust check: localHostTrusted = false, remoteHostTrusted = false
[2026-07-20T13:06:47.232+0545] {subprocess.py:93} INFO - 2026-07-20 07:21:47,221 INFO sasl.SaslDataTransferClient: SASL encryption trust check: localHostTrusted = false, remoteHostTrusted = false
[2026-07-20T13:06:47.232+0545] {subprocess.py:93} INFO - 2026-07-20 07:21:47,226 INFO sasl.SaslDataTransferClient: SASL encryption trust check: localHostTrusted = false, remoteHostTrusted = false
[2026-07-20T13:06:48.227+0545] {subprocess.py:93} INFO - 2026-07-20 07:21:48,225 INFO sasl.SaslDataTransferClient: SASL encryption trust check: localHostTrusted = false, remoteHostTrusted = false
[2026-07-20T13:06:48.428+0545] {subprocess.py:93} INFO - 2026-07-20 07:21:48,417 INFO sasl.SaslDataTransferClient: SASL encryption trust check: localHostTrusted = false, remoteHostTrusted = false
[2026-07-20T13:06:48.528+0545] {subprocess.py:93} INFO - 2026-07-20 07:21:48,511 INFO sasl.SaslDataTransferClient: SASL encryption trust check: localHostTrusted = false, remoteHostTrusted = false
[2026-07-20T13:06:48.528+0545] {subprocess.py:93} INFO - 2026-07-20 07:21:48,518 INFO sasl.SaslDataTransferClient: SASL encryption trust check: localHostTrusted = false, remoteHostTrusted = false
[2026-07-20T13:06:48.628+0545] {subprocess.py:93} INFO - 2026-07-20 07:21:48,524 INFO sasl.SaslDataTransferClient: SASL encryption trust check: localHostTrusted = false, remoteHostTrusted = false
[2026-07-20T13:06:48.629+0545] {subprocess.py:93} INFO - 2026-07-20 07:21:48,606 INFO sasl.SaslDataTransferClient: SASL encryption trust check: localHostTrusted = false, remoteHostTrusted = false
[2026-07-20T13:06:49.738+0545] {subprocess.py:93} INFO -     [Transformer][rank0/2] epoch 5/30 loss=0.09113
[2026-07-20T13:06:50.740+0545] {subprocess.py:93} INFO -     [Transformer][rank0/2] epoch 10/30 loss=0.06638
[2026-07-20T13:06:51.742+0545] {subprocess.py:93} INFO -     [Transformer][rank0/2] epoch 15/30 loss=0.05592
[2026-07-20T13:06:52.743+0545] {subprocess.py:93} INFO -     [Transformer][rank0/2] epoch 20/30 loss=0.04917
[2026-07-20T13:06:53.745+0545] {subprocess.py:93} INFO -     [Transformer][rank0/2] epoch 25/30 loss=0.04416
[2026-07-20T13:06:54.747+0545] {subprocess.py:93} INFO -     [Transformer][rank0/2] epoch 30/30 loss=0.03981
[2026-07-20T13:06:56.943+0545] {subprocess.py:93} INFO - Finished distributed training with 2 executor processes
[2026-07-20T13:07:00.442+0545] {subprocess.py:93} INFO - 26/07/20 07:22:00 WARN SparkStringUtils: Truncated the string representation of a plan since it was too large. This behavior can be adjusted by setting 'spark.sql.debug.maxToStringFields'.
[2026-07-20T13:07:42.463+0545] {subprocess.py:93} INFO - [Driver] transformer_flag threshold on transformer_score: 0.2188
[2026-07-20T13:07:52.747+0545] {subprocess.py:93} INFO - [Driver] Wrote 'transformer' output -> hdfs://namenode:9000/user/demo/_scores/transformer
[2026-07-20T13:07:55.162+0545] {subprocess.py:97} INFO - Command exited with return code 0
[2026-07-20T13:07:55.162+0545] {taskinstance.py:441} INFO - ::group::Post task execution logs
[2026-07-20T13:07:55.176+0545] {taskinstance.py:1206} INFO - Marking task as SUCCESS. dag_id=network_traffic_pipeline, task_id=row_wise_ddp_models.transformer, run_id=manual__2026-07-20T06:51:36.359976+00:00, execution_date=20260720T065136, start_date=20260720T072035, end_date=20260720T072255
[2026-07-20T13:07:55.205+0545] {local_task_job_runner.py:243} INFO - Task exited with return code 0
[2026-07-20T13:07:55.217+0545] {taskinstance.py:3503} INFO - 0 downstream tasks scheduled from follow-on schedule check
[2026-07-20T13:07:55.218+0545] {local_task_job_runner.py:222} INFO - ::endgroup::
