[2026-07-20T09:01:45.927+0545] {local_task_job_runner.py:120} INFO - ::group::Pre task execution logs
[2026-07-20T09:01:45.955+0545] {taskinstance.py:2076} INFO - Dependencies all met for dep_context=non-requeueable deps ti=<TaskInstance: network_traffic_pipeline.row_wise_ddp_models.usad manual__2026-07-20T02:23:05.960611+00:00 [queued]>
[2026-07-20T09:01:45.965+0545] {taskinstance.py:2076} INFO - Dependencies all met for dep_context=requeueable deps ti=<TaskInstance: network_traffic_pipeline.row_wise_ddp_models.usad manual__2026-07-20T02:23:05.960611+00:00 [queued]>
[2026-07-20T09:01:45.965+0545] {taskinstance.py:2306} INFO - Starting attempt 1 of 3
[2026-07-20T09:01:45.980+0545] {taskinstance.py:2330} INFO - Executing <Task(BashOperator): row_wise_ddp_models.usad> on 2026-07-20 02:23:05.960611+00:00
[2026-07-20T09:01:45.985+0545] {standard_task_runner.py:64} INFO - Started process 68680 to run task
[2026-07-20T09:01:45.988+0545] {standard_task_runner.py:90} INFO - Running: ['airflow', 'tasks', 'run', 'network_traffic_pipeline', 'row_wise_ddp_models.usad', 'manual__2026-07-20T02:23:05.960611+00:00', '--job-id', '79', '--raw', '--subdir', 'DAGS_FOLDER/network_traffic_pipeline_dag.py', '--cfg-path', '/tmp/tmpn4vjrs_f']
[2026-07-20T09:01:45.990+0545] {standard_task_runner.py:91} INFO - Job 79: Subtask row_wise_ddp_models.usad
[2026-07-20T09:01:46.031+0545] {task_command.py:426} INFO - Running <TaskInstance: network_traffic_pipeline.row_wise_ddp_models.usad manual__2026-07-20T02:23:05.960611+00:00 [running]> on host snigdh-IdeaPad-Slim-3-15IAH8
[2026-07-20T09:01:46.092+0545] {taskinstance.py:2648} INFO - Exporting env vars: AIRFLOW_CTX_DAG_OWNER='you' AIRFLOW_CTX_DAG_ID='network_traffic_pipeline' AIRFLOW_CTX_TASK_ID='row_wise_ddp_models.usad' AIRFLOW_CTX_EXECUTION_DATE='2026-07-20T02:23:05.960611+00:00' AIRFLOW_CTX_TRY_NUMBER='1' AIRFLOW_CTX_DAG_RUN_ID='manual__2026-07-20T02:23:05.960611+00:00'
[2026-07-20T09:01:46.093+0545] {taskinstance.py:430} INFO - ::endgroup::
[2026-07-20T09:01:46.094+0545] {subprocess.py:63} INFO - Tmp dir root location: /tmp
[2026-07-20T09:01:46.094+0545] {subprocess.py:75} INFO - Running command: ['/usr/bin/bash', '-c', 'cd /home/snigdh/repos/bigData && docker-compose exec spark-master /opt/spark/bin/spark-submit --master spark://localhost:7077 --py-files /app/common.py --conf spark.ui.port=4040 --conf spark.sql.extensions=io.delta.sql.DeltaSparkSessionExtension --conf spark.sql.catalog.spark_catalog=org.apache.spark.sql.delta.catalog.DeltaCatalog /app/task_usad.py']
[2026-07-20T09:01:46.107+0545] {subprocess.py:86} INFO - Output:
[2026-07-20T09:02:12.608+0545] {subprocess.py:93} INFO - 26/07/20 03:17:12 INFO SparkContext: Running Spark version 3.5.0
[2026-07-20T09:02:12.612+0545] {subprocess.py:93} INFO - 26/07/20 03:17:12 INFO SparkContext: OS info Linux, 6.8.0-136-generic, amd64
[2026-07-20T09:02:12.613+0545] {subprocess.py:93} INFO - 26/07/20 03:17:12 INFO SparkContext: Java version 11.0.20.1
[2026-07-20T09:02:12.911+0545] {subprocess.py:93} INFO - 26/07/20 03:17:12 INFO ResourceUtils: ==============================================================
[2026-07-20T09:02:12.911+0545] {subprocess.py:93} INFO - 26/07/20 03:17:12 INFO ResourceUtils: No custom resources configured for spark.driver.
[2026-07-20T09:02:12.912+0545] {subprocess.py:93} INFO - 26/07/20 03:17:12 INFO ResourceUtils: ==============================================================
[2026-07-20T09:02:12.912+0545] {subprocess.py:93} INFO - 26/07/20 03:17:12 INFO SparkContext: Submitted application: anomaly_usad
[2026-07-20T09:02:13.116+0545] {subprocess.py:93} INFO - 26/07/20 03:17:13 INFO ResourceProfile: Default ResourceProfile created, executor resources: Map(memory -> name: memory, amount: 1024, script: , vendor: , offHeap -> name: offHeap, amount: 0, script: , vendor: ), task resources: Map(cpus -> name: cpus, amount: 1.0)
[2026-07-20T09:02:13.220+0545] {subprocess.py:93} INFO - 26/07/20 03:17:13 INFO ResourceProfile: Limiting resource is cpu
[2026-07-20T09:02:13.221+0545] {subprocess.py:93} INFO - 26/07/20 03:17:13 INFO ResourceProfileManager: Added ResourceProfile id: 0
[2026-07-20T09:02:13.711+0545] {subprocess.py:93} INFO - 26/07/20 03:17:13 INFO SecurityManager: Changing view acls to: spark
[2026-07-20T09:02:13.712+0545] {subprocess.py:93} INFO - 26/07/20 03:17:13 INFO SecurityManager: Changing modify acls to: spark
[2026-07-20T09:02:13.713+0545] {subprocess.py:93} INFO - 26/07/20 03:17:13 INFO SecurityManager: Changing view acls groups to:
[2026-07-20T09:02:13.714+0545] {subprocess.py:93} INFO - 26/07/20 03:17:13 INFO SecurityManager: Changing modify acls groups to:
[2026-07-20T09:02:13.715+0545] {subprocess.py:93} INFO - 26/07/20 03:17:13 INFO SecurityManager: SecurityManager: authentication disabled; ui acls disabled; users with view permissions: spark; groups with view permissions: EMPTY; users with modify permissions: spark; groups with modify permissions: EMPTY
[2026-07-20T09:02:15.308+0545] {subprocess.py:93} INFO - 26/07/20 03:17:15 INFO Utils: Successfully started service 'sparkDriver' on port 40731.
[2026-07-20T09:02:15.512+0545] {subprocess.py:93} INFO - 26/07/20 03:17:15 INFO SparkEnv: Registering MapOutputTracker
[2026-07-20T09:02:15.912+0545] {subprocess.py:93} INFO - 26/07/20 03:17:15 INFO SparkEnv: Registering BlockManagerMaster
[2026-07-20T09:02:16.107+0545] {subprocess.py:93} INFO - 26/07/20 03:17:16 INFO BlockManagerMasterEndpoint: Using org.apache.spark.storage.DefaultTopologyMapper for getting topology information
[2026-07-20T09:02:16.109+0545] {subprocess.py:93} INFO - 26/07/20 03:17:16 INFO BlockManagerMasterEndpoint: BlockManagerMasterEndpoint up
[2026-07-20T09:02:16.118+0545] {subprocess.py:93} INFO - 26/07/20 03:17:16 INFO SparkEnv: Registering BlockManagerMasterHeartbeat
[2026-07-20T09:02:16.314+0545] {subprocess.py:93} INFO - 26/07/20 03:17:16 INFO DiskBlockManager: Created local directory at /tmp/blockmgr-5301fdae-053f-43b1-a0a4-b6cda76ec36c
[2026-07-20T09:02:16.420+0545] {subprocess.py:93} INFO - 26/07/20 03:17:16 INFO MemoryStore: MemoryStore started with capacity 413.9 MiB
[2026-07-20T09:02:16.608+0545] {subprocess.py:93} INFO - 26/07/20 03:17:16 INFO SparkEnv: Registering OutputCommitCoordinator
[2026-07-20T09:02:17.822+0545] {subprocess.py:93} INFO - 26/07/20 03:17:17 INFO JettyUtils: Start Jetty 0.0.0.0:4040 for SparkUI
[2026-07-20T09:02:18.142+0545] {subprocess.py:93} INFO - 26/07/20 03:17:18 INFO Utils: Successfully started service 'SparkUI' on port 4040.
[2026-07-20T09:02:18.418+0545] {subprocess.py:93} INFO - 26/07/20 03:17:18 INFO SparkContext: Added file file:///app/common.py at spark://bfe6d2784474:40731/files/common.py with timestamp 1784517432514
[2026-07-20T09:02:18.420+0545] {subprocess.py:93} INFO - 26/07/20 03:17:18 INFO Utils: Copying /app/common.py to /tmp/spark-3ce53c16-39d7-4d66-a313-7fc1aaeee21c/userFiles-61855fd8-f6a4-4b5e-b17d-7e7725e42b05/common.py
[2026-07-20T09:02:19.211+0545] {subprocess.py:93} INFO - 26/07/20 03:17:19 INFO StandaloneAppClient$ClientEndpoint: Connecting to master spark://localhost:7077...
[2026-07-20T09:02:19.710+0545] {subprocess.py:93} INFO - 26/07/20 03:17:19 INFO TransportClientFactory: Successfully created connection to localhost/127.0.0.1:7077 after 293 ms (0 ms spent in bootstraps)
[2026-07-20T09:02:20.612+0545] {subprocess.py:93} INFO - 26/07/20 03:17:20 INFO StandaloneSchedulerBackend: Connected to Spark cluster with app ID app-20260720031720-0013
[2026-07-20T09:02:20.710+0545] {subprocess.py:93} INFO - 26/07/20 03:17:20 INFO StandaloneAppClient$ClientEndpoint: Executor added: app-20260720031720-0013/0 on worker-20260720022328-spark-worker2-8083 (spark-worker2:8083) with 1 core(s)
[2026-07-20T09:02:20.714+0545] {subprocess.py:93} INFO - 26/07/20 03:17:20 INFO StandaloneSchedulerBackend: Granted executor ID app-20260720031720-0013/0 on hostPort spark-worker2:8083 with 1 core(s), 1024.0 MiB RAM
[2026-07-20T09:02:20.807+0545] {subprocess.py:93} INFO - 26/07/20 03:17:20 INFO StandaloneAppClient$ClientEndpoint: Executor added: app-20260720031720-0013/1 on worker-20260720022328-spark-worker1-8081 (spark-worker1:8081) with 1 core(s)
[2026-07-20T09:02:20.807+0545] {subprocess.py:93} INFO - 26/07/20 03:17:20 INFO StandaloneSchedulerBackend: Granted executor ID app-20260720031720-0013/1 on hostPort spark-worker1:8081 with 1 core(s), 1024.0 MiB RAM
[2026-07-20T09:02:20.814+0545] {subprocess.py:93} INFO - 26/07/20 03:17:20 INFO Utils: Successfully started service 'org.apache.spark.network.netty.NettyBlockTransferService' on port 40235.
[2026-07-20T09:02:20.815+0545] {subprocess.py:93} INFO - 26/07/20 03:17:20 INFO NettyBlockTransferService: Server created on bfe6d2784474:40235
[2026-07-20T09:02:20.910+0545] {subprocess.py:93} INFO - 26/07/20 03:17:20 INFO BlockManager: Using org.apache.spark.storage.RandomBlockReplicationPolicy for block replication policy
[2026-07-20T09:02:21.012+0545] {subprocess.py:93} INFO - 26/07/20 03:17:21 INFO StandaloneAppClient$ClientEndpoint: Executor updated: app-20260720031720-0013/1 is now RUNNING
[2026-07-20T09:02:21.014+0545] {subprocess.py:93} INFO - 26/07/20 03:17:21 INFO StandaloneAppClient$ClientEndpoint: Executor updated: app-20260720031720-0013/0 is now RUNNING
[2026-07-20T09:02:21.113+0545] {subprocess.py:93} INFO - 26/07/20 03:17:21 INFO BlockManagerMaster: Registering BlockManager BlockManagerId(driver, bfe6d2784474, 40235, None)
[2026-07-20T09:02:21.122+0545] {subprocess.py:93} INFO - 26/07/20 03:17:21 INFO BlockManagerMasterEndpoint: Registering block manager bfe6d2784474:40235 with 413.9 MiB RAM, BlockManagerId(driver, bfe6d2784474, 40235, None)
[2026-07-20T09:02:21.208+0545] {subprocess.py:93} INFO - 26/07/20 03:17:21 INFO BlockManagerMaster: Registered BlockManager BlockManagerId(driver, bfe6d2784474, 40235, None)
[2026-07-20T09:02:21.211+0545] {subprocess.py:93} INFO - 26/07/20 03:17:21 INFO BlockManager: Initialized BlockManager: BlockManagerId(driver, bfe6d2784474, 40235, None)
[2026-07-20T09:02:22.525+0545] {subprocess.py:93} INFO - 26/07/20 03:17:22 INFO StandaloneSchedulerBackend: SchedulerBackend is ready for scheduling beginning after reached minRegisteredResourcesRatio: 0.0
[2026-07-20T09:03:23.323+0545] {subprocess.py:93} INFO - [TorchDistributor] USAD: launching 2-way DDP (across cluster executors)...
[2026-07-20T09:03:24.425+0545] {subprocess.py:93} INFO - Started distributed training with 2 executor processes
[2026-07-20T09:04:17.908+0545] {subprocess.py:93} INFO - 2026-07-20 03:19:17,902 INFO sasl.SaslDataTransferClient: SASL encryption trust check: localHostTrusted = false, remoteHostTrusted = false
[2026-07-20T09:04:18.065+0545] {subprocess.py:93} INFO - 2026-07-20 03:19:18,002 INFO sasl.SaslDataTransferClient: SASL encryption trust check: localHostTrusted = false, remoteHostTrusted = false
[2026-07-20T09:04:18.208+0545] {subprocess.py:93} INFO - 2026-07-20 03:19:18,184 INFO sasl.SaslDataTransferClient: SASL encryption trust check: localHostTrusted = false, remoteHostTrusted = false
[2026-07-20T09:04:18.308+0545] {subprocess.py:93} INFO - 2026-07-20 03:19:18,285 INFO sasl.SaslDataTransferClient: SASL encryption trust check: localHostTrusted = false, remoteHostTrusted = false
[2026-07-20T09:04:18.309+0545] {subprocess.py:93} INFO - 2026-07-20 03:19:18,298 INFO sasl.SaslDataTransferClient: SASL encryption trust check: localHostTrusted = false, remoteHostTrusted = false
[2026-07-20T09:04:18.409+0545] {subprocess.py:93} INFO - 2026-07-20 03:19:18,385 INFO sasl.SaslDataTransferClient: SASL encryption trust check: localHostTrusted = false, remoteHostTrusted = false
[2026-07-20T09:04:18.566+0545] {subprocess.py:93} INFO - 2026-07-20 03:19:18,466 INFO sasl.SaslDataTransferClient: SASL encryption trust check: localHostTrusted = false, remoteHostTrusted = false
[2026-07-20T09:04:18.666+0545] {subprocess.py:93} INFO - 2026-07-20 03:19:18,570 INFO sasl.SaslDataTransferClient: SASL encryption trust check: localHostTrusted = false, remoteHostTrusted = false
[2026-07-20T09:04:18.667+0545] {subprocess.py:93} INFO - 2026-07-20 03:19:18,581 INFO sasl.SaslDataTransferClient: SASL encryption trust check: localHostTrusted = false, remoteHostTrusted = false
[2026-07-20T09:04:18.767+0545] {subprocess.py:93} INFO - 2026-07-20 03:19:18,672 INFO sasl.SaslDataTransferClient: SASL encryption trust check: localHostTrusted = false, remoteHostTrusted = false
[2026-07-20T09:04:18.867+0545] {subprocess.py:93} INFO - 2026-07-20 03:19:18,769 INFO sasl.SaslDataTransferClient: SASL encryption trust check: localHostTrusted = false, remoteHostTrusted = false
[2026-07-20T09:04:19.969+0545] {subprocess.py:93} INFO -     [USAD][rank0/2] epoch 5/30 loss=1.45752
[2026-07-20T09:04:20.971+0545] {subprocess.py:93} INFO -     [USAD][rank0/2] epoch 10/30 loss=0.67549
[2026-07-20T09:04:21.973+0545] {subprocess.py:93} INFO -     [USAD][rank0/2] epoch 15/30 loss=0.35268
[2026-07-20T09:04:22.975+0545] {subprocess.py:93} INFO -     [USAD][rank0/2] epoch 20/30 loss=0.22678
[2026-07-20T09:04:23.777+0545] {subprocess.py:93} INFO -     [USAD][rank0/2] epoch 25/30 loss=0.16440
[2026-07-20T09:04:24.579+0545] {subprocess.py:93} INFO -     [USAD][rank0/2] epoch 30/30 loss=0.12123
[2026-07-20T09:04:27.586+0545] {subprocess.py:93} INFO - Finished distributed training with 2 executor processes
[2026-07-20T09:04:33.109+0545] {subprocess.py:93} INFO - 26/07/20 03:19:33 WARN SparkStringUtils: Truncated the string representation of a plan since it was too large. This behavior can be adjusted by setting 'spark.sql.debug.maxToStringFields'.
[2026-07-20T09:05:54.717+0545] {subprocess.py:93} INFO - [Driver] usad_flag threshold on usad_score: 0.4595
[2026-07-20T09:06:13.616+0545] {subprocess.py:93} INFO - [Driver] Wrote 'usad' output -> hdfs://namenode:9000/user/demo/_scores/usad
[2026-07-20T09:06:17.504+0545] {subprocess.py:97} INFO - Command exited with return code 0
[2026-07-20T09:06:17.505+0545] {taskinstance.py:441} INFO - ::group::Post task execution logs
[2026-07-20T09:06:17.530+0545] {taskinstance.py:1206} INFO - Marking task as SUCCESS. dag_id=network_traffic_pipeline, task_id=row_wise_ddp_models.usad, run_id=manual__2026-07-20T02:23:05.960611+00:00, execution_date=20260720T022305, start_date=20260720T031645, end_date=20260720T032117
[2026-07-20T09:06:17.560+0545] {local_task_job_runner.py:243} INFO - Task exited with return code 0
[2026-07-20T09:06:17.582+0545] {taskinstance.py:3503} INFO - 0 downstream tasks scheduled from follow-on schedule check
[2026-07-20T09:06:17.583+0545] {local_task_job_runner.py:222} INFO - ::endgroup::
