[2026-07-20T11:54:10.802+0545] {local_task_job_runner.py:120} INFO - ::group::Pre task execution logs
[2026-07-20T11:54:10.812+0545] {taskinstance.py:2076} INFO - Dependencies all met for dep_context=non-requeueable deps ti=<TaskInstance: network_traffic_pipeline.run_etl manual__2026-07-20T06:03:00.668614+00:00 [queued]>
[2026-07-20T11:54:10.815+0545] {taskinstance.py:2076} INFO - Dependencies all met for dep_context=requeueable deps ti=<TaskInstance: network_traffic_pipeline.run_etl manual__2026-07-20T06:03:00.668614+00:00 [queued]>
[2026-07-20T11:54:10.815+0545] {taskinstance.py:2306} INFO - Starting attempt 2 of 2
[2026-07-20T11:54:10.824+0545] {taskinstance.py:2330} INFO - Executing <Task(BashOperator): run_etl> on 2026-07-20 06:03:00.668614+00:00
[2026-07-20T11:54:10.827+0545] {standard_task_runner.py:64} INFO - Started process 44297 to run task
[2026-07-20T11:54:10.829+0545] {standard_task_runner.py:90} INFO - Running: ['airflow', 'tasks', 'run', 'network_traffic_pipeline', 'run_etl', 'manual__2026-07-20T06:03:00.668614+00:00', '--job-id', '95', '--raw', '--subdir', 'DAGS_FOLDER/network_traffic_pipeline_dag.py', '--cfg-path', '/tmp/tmpu4ylb8pk']
[2026-07-20T11:54:10.830+0545] {standard_task_runner.py:91} INFO - Job 95: Subtask run_etl
[2026-07-20T11:54:10.852+0545] {task_command.py:426} INFO - Running <TaskInstance: network_traffic_pipeline.run_etl manual__2026-07-20T06:03:00.668614+00:00 [running]> on host snigdh-IdeaPad-Slim-3-15IAH8
[2026-07-20T11:54:10.883+0545] {taskinstance.py:2648} INFO - Exporting env vars: AIRFLOW_CTX_DAG_OWNER='you' AIRFLOW_CTX_DAG_ID='network_traffic_pipeline' AIRFLOW_CTX_TASK_ID='run_etl' AIRFLOW_CTX_EXECUTION_DATE='2026-07-20T06:03:00.668614+00:00' AIRFLOW_CTX_TRY_NUMBER='2' AIRFLOW_CTX_DAG_RUN_ID='manual__2026-07-20T06:03:00.668614+00:00'
[2026-07-20T11:54:10.884+0545] {taskinstance.py:430} INFO - ::endgroup::
[2026-07-20T11:54:10.885+0545] {subprocess.py:63} INFO - Tmp dir root location: /tmp
[2026-07-20T11:54:10.885+0545] {subprocess.py:75} INFO - Running command: ['/usr/bin/bash', '-c', 'cd /home/snigdh/repos/bigData && docker-compose exec spark-master /opt/spark/bin/spark-submit --master spark://localhost:7077 --jars /app/ojdbc8.jar --conf spark.ui.port=4040 --conf spark.sql.extensions=io.delta.sql.DeltaSparkSessionExtension --conf spark.sql.catalog.spark_catalog=org.apache.spark.sql.delta.catalog.DeltaCatalog /app/etl_job.py']
[2026-07-20T11:54:10.893+0545] {subprocess.py:86} INFO - Output:
[2026-07-20T11:54:20.040+0545] {subprocess.py:93} INFO - 26/07/20 06:09:20 INFO SparkContext: Running Spark version 3.5.0
[2026-07-20T11:54:20.042+0545] {subprocess.py:93} INFO - 26/07/20 06:09:20 INFO SparkContext: OS info Linux, 6.8.0-136-generic, amd64
[2026-07-20T11:54:20.042+0545] {subprocess.py:93} INFO - 26/07/20 06:09:20 INFO SparkContext: Java version 11.0.20.1
[2026-07-20T11:54:20.145+0545] {subprocess.py:93} INFO - 26/07/20 06:09:20 INFO ResourceUtils: ==============================================================
[2026-07-20T11:54:20.145+0545] {subprocess.py:93} INFO - 26/07/20 06:09:20 INFO ResourceUtils: No custom resources configured for spark.driver.
[2026-07-20T11:54:20.145+0545] {subprocess.py:93} INFO - 26/07/20 06:09:20 INFO ResourceUtils: ==============================================================
[2026-07-20T11:54:20.225+0545] {subprocess.py:93} INFO - 26/07/20 06:09:20 INFO SparkContext: Submitted application: OracleToHDFS_ETL
[2026-07-20T11:54:20.244+0545] {subprocess.py:93} INFO - 26/07/20 06:09:20 INFO ResourceProfile: Default ResourceProfile created, executor resources: Map(memory -> name: memory, amount: 1024, script: , vendor: , offHeap -> name: offHeap, amount: 0, script: , vendor: ), task resources: Map(cpus -> name: cpus, amount: 1.0)
[2026-07-20T11:54:20.338+0545] {subprocess.py:93} INFO - 26/07/20 06:09:20 INFO ResourceProfile: Limiting resource is cpu
[2026-07-20T11:54:20.339+0545] {subprocess.py:93} INFO - 26/07/20 06:09:20 INFO ResourceProfileManager: Added ResourceProfile id: 0
[2026-07-20T11:54:20.443+0545] {subprocess.py:93} INFO - 26/07/20 06:09:20 INFO SecurityManager: Changing view acls to: spark
[2026-07-20T11:54:20.444+0545] {subprocess.py:93} INFO - 26/07/20 06:09:20 INFO SecurityManager: Changing modify acls to: spark
[2026-07-20T11:54:20.444+0545] {subprocess.py:93} INFO - 26/07/20 06:09:20 INFO SecurityManager: Changing view acls groups to:
[2026-07-20T11:54:20.444+0545] {subprocess.py:93} INFO - 26/07/20 06:09:20 INFO SecurityManager: Changing modify acls groups to:
[2026-07-20T11:54:20.444+0545] {subprocess.py:93} INFO - 26/07/20 06:09:20 INFO SecurityManager: SecurityManager: authentication disabled; ui acls disabled; users with view permissions: spark; groups with view permissions: EMPTY; users with modify permissions: spark; groups with modify permissions: EMPTY
[2026-07-20T11:54:21.053+0545] {subprocess.py:93} INFO - 26/07/20 06:09:21 INFO Utils: Successfully started service 'sparkDriver' on port 35229.
[2026-07-20T11:54:21.143+0545] {subprocess.py:93} INFO - 26/07/20 06:09:21 INFO SparkEnv: Registering MapOutputTracker
[2026-07-20T11:54:21.327+0545] {subprocess.py:93} INFO - 26/07/20 06:09:21 INFO SparkEnv: Registering BlockManagerMaster
[2026-07-20T11:54:21.345+0545] {subprocess.py:93} INFO - 26/07/20 06:09:21 INFO BlockManagerMasterEndpoint: Using org.apache.spark.storage.DefaultTopologyMapper for getting topology information
[2026-07-20T11:54:21.346+0545] {subprocess.py:93} INFO - 26/07/20 06:09:21 INFO BlockManagerMasterEndpoint: BlockManagerMasterEndpoint up
[2026-07-20T11:54:21.429+0545] {subprocess.py:93} INFO - 26/07/20 06:09:21 INFO SparkEnv: Registering BlockManagerMasterHeartbeat
[2026-07-20T11:54:21.445+0545] {subprocess.py:93} INFO - 26/07/20 06:09:21 INFO DiskBlockManager: Created local directory at /tmp/blockmgr-e9fe3dc8-bfd4-46df-b2cd-16d5c1ef2da2
[2026-07-20T11:54:21.455+0545] {subprocess.py:93} INFO - 26/07/20 06:09:21 INFO MemoryStore: MemoryStore started with capacity 413.9 MiB
[2026-07-20T11:54:21.535+0545] {subprocess.py:93} INFO - 26/07/20 06:09:21 INFO SparkEnv: Registering OutputCommitCoordinator
[2026-07-20T11:54:21.826+0545] {subprocess.py:93} INFO - 26/07/20 06:09:21 INFO JettyUtils: Start Jetty 0.0.0.0:4040 for SparkUI
[2026-07-20T11:54:22.026+0545] {subprocess.py:93} INFO - 26/07/20 06:09:22 INFO Utils: Successfully started service 'SparkUI' on port 4040.
[2026-07-20T11:54:22.143+0545] {subprocess.py:93} INFO - 26/07/20 06:09:22 INFO SparkContext: Added JAR file:///app/ojdbc8.jar at spark://9aa730ff3cb0:35229/jars/ojdbc8.jar with timestamp 1784527760027
[2026-07-20T11:54:22.540+0545] {subprocess.py:93} INFO - 26/07/20 06:09:22 INFO StandaloneAppClient$ClientEndpoint: Connecting to master spark://localhost:7077...
[2026-07-20T11:54:22.747+0545] {subprocess.py:93} INFO - 26/07/20 06:09:22 INFO TransportClientFactory: Successfully created connection to localhost/127.0.0.1:7077 after 98 ms (0 ms spent in bootstraps)
[2026-07-20T11:54:23.131+0545] {subprocess.py:93} INFO - 26/07/20 06:09:23 INFO StandaloneSchedulerBackend: Connected to Spark cluster with app ID app-20260720060923-0001
[2026-07-20T11:54:23.132+0545] {subprocess.py:93} INFO - 26/07/20 06:09:23 INFO StandaloneAppClient$ClientEndpoint: Executor added: app-20260720060923-0001/0 on worker-20260720060321-spark-worker1-8081 (spark-worker1:8081) with 1 core(s)
[2026-07-20T11:54:23.228+0545] {subprocess.py:93} INFO - 26/07/20 06:09:23 INFO StandaloneSchedulerBackend: Granted executor ID app-20260720060923-0001/0 on hostPort spark-worker1:8081 with 1 core(s), 1024.0 MiB RAM
[2026-07-20T11:54:23.228+0545] {subprocess.py:93} INFO - 26/07/20 06:09:23 INFO StandaloneAppClient$ClientEndpoint: Executor added: app-20260720060923-0001/1 on worker-20260720060322-spark-worker2-8083 (spark-worker2:8083) with 1 core(s)
[2026-07-20T11:54:23.229+0545] {subprocess.py:93} INFO - 26/07/20 06:09:23 INFO StandaloneSchedulerBackend: Granted executor ID app-20260720060923-0001/1 on hostPort spark-worker2:8083 with 1 core(s), 1024.0 MiB RAM
[2026-07-20T11:54:23.329+0545] {subprocess.py:93} INFO - 26/07/20 06:09:23 INFO StandaloneAppClient$ClientEndpoint: Executor updated: app-20260720060923-0001/0 is now RUNNING
[2026-07-20T11:54:23.332+0545] {subprocess.py:93} INFO - 26/07/20 06:09:23 INFO StandaloneAppClient$ClientEndpoint: Executor updated: app-20260720060923-0001/1 is now RUNNING
[2026-07-20T11:54:23.333+0545] {subprocess.py:93} INFO - 26/07/20 06:09:23 INFO Utils: Successfully started service 'org.apache.spark.network.netty.NettyBlockTransferService' on port 33185.
[2026-07-20T11:54:23.334+0545] {subprocess.py:93} INFO - 26/07/20 06:09:23 INFO NettyBlockTransferService: Server created on 9aa730ff3cb0:33185
[2026-07-20T11:54:23.427+0545] {subprocess.py:93} INFO - 26/07/20 06:09:23 INFO BlockManager: Using org.apache.spark.storage.RandomBlockReplicationPolicy for block replication policy
[2026-07-20T11:54:23.436+0545] {subprocess.py:93} INFO - 26/07/20 06:09:23 INFO BlockManagerMaster: Registering BlockManager BlockManagerId(driver, 9aa730ff3cb0, 33185, None)
[2026-07-20T11:54:23.441+0545] {subprocess.py:93} INFO - 26/07/20 06:09:23 INFO BlockManagerMasterEndpoint: Registering block manager 9aa730ff3cb0:33185 with 413.9 MiB RAM, BlockManagerId(driver, 9aa730ff3cb0, 33185, None)
[2026-07-20T11:54:23.528+0545] {subprocess.py:93} INFO - 26/07/20 06:09:23 INFO BlockManagerMaster: Registered BlockManager BlockManagerId(driver, 9aa730ff3cb0, 33185, None)
[2026-07-20T11:54:23.530+0545] {subprocess.py:93} INFO - 26/07/20 06:09:23 INFO BlockManager: Initialized BlockManager: BlockManagerId(driver, 9aa730ff3cb0, 33185, None)
[2026-07-20T11:54:24.431+0545] {subprocess.py:93} INFO - 26/07/20 06:09:24 INFO StandaloneSchedulerBackend: SchedulerBackend is ready for scheduling beginning after reached minRegisteredResourcesRatio: 0.0
[2026-07-20T11:54:25.158+0545] {subprocess.py:93} INFO - 26/07/20 06:09:25 INFO SharedState: Setting hive.metastore.warehouse.dir ('null') to the value of spark.sql.warehouse.dir.
[2026-07-20T11:54:25.160+0545] {subprocess.py:93} INFO - 26/07/20 06:09:25 INFO SharedState: Warehouse path is 'file:/opt/spark/work-dir/spark-warehouse'.
[2026-07-20T11:54:30.428+0545] {subprocess.py:93} INFO - 26/07/20 06:09:30 INFO StandaloneSchedulerBackend$StandaloneDriverEndpoint: Registered executor NettyRpcEndpointRef(spark-client://Executor) (172.19.0.8:36410) with ID 1,  ResourceProfileId 0
[2026-07-20T11:54:30.727+0545] {subprocess.py:93} INFO - 26/07/20 06:09:30 INFO BlockManagerMasterEndpoint: Registering block manager spark-worker2:34281 with 413.9 MiB RAM, BlockManagerId(1, spark-worker2, 34281, None)
[2026-07-20T11:54:31.751+0545] {subprocess.py:93} INFO - 26/07/20 06:09:31 INFO StandaloneSchedulerBackend$StandaloneDriverEndpoint: Registered executor NettyRpcEndpointRef(spark-client://Executor) (172.19.0.7:43612) with ID 0,  ResourceProfileId 0
[2026-07-20T11:54:32.045+0545] {subprocess.py:93} INFO - 26/07/20 06:09:32 INFO BlockManagerMasterEndpoint: Registering block manager spark-worker1:46667 with 413.9 MiB RAM, BlockManagerId(0, spark-worker1, 46667, None)
[2026-07-20T11:54:33.030+0545] {subprocess.py:93} INFO - Data extracted from Oracle (first 5 rows):
[2026-07-20T11:54:36.140+0545] {subprocess.py:93} INFO - 26/07/20 06:09:36 INFO CodeGenerator: Code generated in 692.198396 ms
[2026-07-20T11:54:36.932+0545] {subprocess.py:93} INFO - 26/07/20 06:09:36 INFO CodeGenerator: Code generated in 93.617339 ms
[2026-07-20T11:54:37.826+0545] {subprocess.py:93} INFO - 26/07/20 06:09:37 INFO SparkContext: Starting job: showString at <unknown>:0
[2026-07-20T11:54:37.839+0545] {subprocess.py:93} INFO - 26/07/20 06:09:37 INFO DAGScheduler: Got job 0 (showString at <unknown>:0) with 1 output partitions
[2026-07-20T11:54:37.839+0545] {subprocess.py:93} INFO - 26/07/20 06:09:37 INFO DAGScheduler: Final stage: ResultStage 0 (showString at <unknown>:0)
[2026-07-20T11:54:37.840+0545] {subprocess.py:93} INFO - 26/07/20 06:09:37 INFO DAGScheduler: Parents of final stage: List()
[2026-07-20T11:54:37.840+0545] {subprocess.py:93} INFO - 26/07/20 06:09:37 INFO DAGScheduler: Missing parents: List()
[2026-07-20T11:54:37.925+0545] {subprocess.py:93} INFO - 26/07/20 06:09:37 INFO DAGScheduler: Submitting ResultStage 0 (MapPartitionsRDD[3] at showString at <unknown>:0), which has no missing parents
[2026-07-20T11:54:38.335+0545] {subprocess.py:93} INFO - 26/07/20 06:09:38 INFO MemoryStore: Block broadcast_0 stored as values in memory (estimated size 15.6 KiB, free 413.9 MiB)
[2026-07-20T11:54:38.441+0545] {subprocess.py:93} INFO - 26/07/20 06:09:38 INFO MemoryStore: Block broadcast_0_piece0 stored as bytes in memory (estimated size 7.2 KiB, free 413.9 MiB)
[2026-07-20T11:54:38.443+0545] {subprocess.py:93} INFO - 26/07/20 06:09:38 INFO BlockManagerInfo: Added broadcast_0_piece0 in memory on 9aa730ff3cb0:33185 (size: 7.2 KiB, free: 413.9 MiB)
[2026-07-20T11:54:38.445+0545] {subprocess.py:93} INFO - 26/07/20 06:09:38 INFO SparkContext: Created broadcast 0 from broadcast at DAGScheduler.scala:1580
[2026-07-20T11:54:38.539+0545] {subprocess.py:93} INFO - 26/07/20 06:09:38 INFO DAGScheduler: Submitting 1 missing tasks from ResultStage 0 (MapPartitionsRDD[3] at showString at <unknown>:0) (first 15 tasks are for partitions Vector(0))
[2026-07-20T11:54:38.539+0545] {subprocess.py:93} INFO - 26/07/20 06:09:38 INFO TaskSchedulerImpl: Adding task set 0.0 with 1 tasks resource profile 0
[2026-07-20T11:54:38.644+0545] {subprocess.py:93} INFO - 26/07/20 06:09:38 INFO TaskSetManager: Starting task 0.0 in stage 0.0 (TID 0) (spark-worker2, executor 1, partition 0, PROCESS_LOCAL, 7634 bytes)
[2026-07-20T11:54:39.187+0545] {subprocess.py:93} INFO - 26/07/20 06:09:39 INFO BlockManagerInfo: Added broadcast_0_piece0 in memory on spark-worker2:34281 (size: 7.2 KiB, free: 413.9 MiB)
[2026-07-20T11:54:46.398+0545] {subprocess.py:93} INFO - 26/07/20 06:09:46 INFO TaskSetManager: Finished task 0.0 in stage 0.0 (TID 0) in 7762 ms on spark-worker2 (executor 1) (1/1)
[2026-07-20T11:54:46.399+0545] {subprocess.py:93} INFO - 26/07/20 06:09:46 INFO TaskSchedulerImpl: Removed TaskSet 0.0, whose tasks have all completed, from pool
[2026-07-20T11:54:46.401+0545] {subprocess.py:93} INFO - 26/07/20 06:09:46 INFO DAGScheduler: ResultStage 0 (showString at <unknown>:0) finished in 8.465 s
[2026-07-20T11:54:46.403+0545] {subprocess.py:93} INFO - 26/07/20 06:09:46 INFO DAGScheduler: Job 0 is finished. Cancelling potential speculative or zombie tasks for this job
[2026-07-20T11:54:46.403+0545] {subprocess.py:93} INFO - 26/07/20 06:09:46 INFO TaskSchedulerImpl: Killing all running tasks in stage 0: Stage finished
[2026-07-20T11:54:46.405+0545] {subprocess.py:93} INFO - 26/07/20 06:09:46 INFO DAGScheduler: Job 0 finished: showString at <unknown>:0, took 8.578670 s
[2026-07-20T11:54:46.527+0545] {subprocess.py:93} INFO - 26/07/20 06:09:46 INFO CodeGenerator: Code generated in 95.822775 ms
[2026-07-20T11:54:47.030+0545] {subprocess.py:93} INFO - 26/07/20 06:09:47 INFO BlockManagerInfo: Removed broadcast_0_piece0 on spark-worker2:34281 in memory (size: 7.2 KiB, free: 413.9 MiB)
[2026-07-20T11:54:47.033+0545] {subprocess.py:93} INFO - 26/07/20 06:09:47 INFO BlockManagerInfo: Removed broadcast_0_piece0 on 9aa730ff3cb0:33185 in memory (size: 7.2 KiB, free: 413.9 MiB)
[2026-07-20T11:54:49.335+0545] {subprocess.py:93} INFO - 26/07/20 06:09:49 INFO CodeGenerator: Code generated in 89.40736 ms
[2026-07-20T11:54:49.342+0545] {subprocess.py:93} INFO - +------------+-------------+----------------+------------+-------------+----------------+
[2026-07-20T11:54:49.343+0545] {subprocess.py:93} INFO - |          ID| PIXEL_TEMP_C|LAR_PRESSURE_BAR|LV_VOLTAGE_V|HV_CURRENT_UA|COOLING_FLOW_LPM|
[2026-07-20T11:54:49.343+0545] {subprocess.py:93} INFO - +------------+-------------+----------------+------------+-------------+----------------+
[2026-07-20T11:54:49.343+0545] {subprocess.py:93} INFO - |1.0000000000|-9.7597325893|    1.3214034201|3.2927583253|40.7438324717|   11.8524055483|
[2026-07-20T11:54:49.343+0545] {subprocess.py:93} INFO - |2.0000000000|-9.9104251739|    1.3191925962|3.3026283382|40.4408897284|   11.8332562583|
[2026-07-20T11:54:49.343+0545] {subprocess.py:93} INFO - |3.0000000000|-9.8567808184|    1.3228460688|3.3012977197|40.4584988574|   11.9115686003|
[2026-07-20T11:54:49.343+0545] {subprocess.py:93} INFO - |4.0000000000|-9.9062016427|    1.3177462579|3.2974716507|40.8641386345|   11.9013798527|
[2026-07-20T11:54:49.343+0545] {subprocess.py:93} INFO - |5.0000000000|-9.6123437887|    1.3163756582|3.2953771365|40.6205192286|   11.7812616752|
[2026-07-20T11:54:49.343+0545] {subprocess.py:93} INFO - +------------+-------------+----------------+------------+-------------+----------------+
[2026-07-20T11:54:49.343+0545] {subprocess.py:93} INFO - only showing top 5 rows
[2026-07-20T11:54:49.343+0545] {subprocess.py:93} INFO - 
[2026-07-20T11:54:49.934+0545] {subprocess.py:93} INFO - 26/07/20 06:09:49 INFO SparkContext: Starting job: toPandas at /app/etl_job.py:76
[2026-07-20T11:54:49.936+0545] {subprocess.py:93} INFO - 26/07/20 06:09:49 INFO DAGScheduler: Got job 1 (toPandas at /app/etl_job.py:76) with 1 output partitions
[2026-07-20T11:54:49.936+0545] {subprocess.py:93} INFO - 26/07/20 06:09:49 INFO DAGScheduler: Final stage: ResultStage 1 (toPandas at /app/etl_job.py:76)
[2026-07-20T11:54:49.936+0545] {subprocess.py:93} INFO - 26/07/20 06:09:49 INFO DAGScheduler: Parents of final stage: List()
[2026-07-20T11:54:49.936+0545] {subprocess.py:93} INFO - 26/07/20 06:09:49 INFO DAGScheduler: Missing parents: List()
[2026-07-20T11:54:49.937+0545] {subprocess.py:93} INFO - 26/07/20 06:09:49 INFO DAGScheduler: Submitting ResultStage 1 (MapPartitionsRDD[8] at toPandas at /app/etl_job.py:76), which has no missing parents
[2026-07-20T11:54:50.027+0545] {subprocess.py:93} INFO - 26/07/20 06:09:50 INFO MemoryStore: Block broadcast_1 stored as values in memory (estimated size 15.8 KiB, free 413.9 MiB)
[2026-07-20T11:54:50.030+0545] {subprocess.py:93} INFO - 26/07/20 06:09:50 INFO MemoryStore: Block broadcast_1_piece0 stored as bytes in memory (estimated size 7.6 KiB, free 413.9 MiB)
[2026-07-20T11:54:50.031+0545] {subprocess.py:93} INFO - 26/07/20 06:09:50 INFO BlockManagerInfo: Added broadcast_1_piece0 in memory on 9aa730ff3cb0:33185 (size: 7.6 KiB, free: 413.9 MiB)
[2026-07-20T11:54:50.032+0545] {subprocess.py:93} INFO - 26/07/20 06:09:50 INFO SparkContext: Created broadcast 1 from broadcast at DAGScheduler.scala:1580
[2026-07-20T11:54:50.034+0545] {subprocess.py:93} INFO - 26/07/20 06:09:50 INFO DAGScheduler: Submitting 1 missing tasks from ResultStage 1 (MapPartitionsRDD[8] at toPandas at /app/etl_job.py:76) (first 15 tasks are for partitions Vector(0))
[2026-07-20T11:54:50.034+0545] {subprocess.py:93} INFO - 26/07/20 06:09:50 INFO TaskSchedulerImpl: Adding task set 1.0 with 1 tasks resource profile 0
[2026-07-20T11:54:50.037+0545] {subprocess.py:93} INFO - 26/07/20 06:09:50 INFO TaskSetManager: Starting task 0.0 in stage 1.0 (TID 1) (spark-worker2, executor 1, partition 0, PROCESS_LOCAL, 7634 bytes)
[2026-07-20T11:54:50.050+0545] {subprocess.py:93} INFO - 26/07/20 06:09:50 INFO BlockManagerInfo: Added broadcast_1_piece0 in memory on spark-worker2:34281 (size: 7.6 KiB, free: 413.9 MiB)
[2026-07-20T11:54:50.997+0545] {subprocess.py:93} INFO - 26/07/20 06:09:50 INFO TaskSetManager: Finished task 0.0 in stage 1.0 (TID 1) in 960 ms on spark-worker2 (executor 1) (1/1)
[2026-07-20T11:54:50.997+0545] {subprocess.py:93} INFO - 26/07/20 06:09:50 INFO TaskSchedulerImpl: Removed TaskSet 1.0, whose tasks have all completed, from pool
[2026-07-20T11:54:50.998+0545] {subprocess.py:93} INFO - 26/07/20 06:09:50 INFO DAGScheduler: ResultStage 1 (toPandas at /app/etl_job.py:76) finished in 1.059 s
[2026-07-20T11:54:50.998+0545] {subprocess.py:93} INFO - 26/07/20 06:09:50 INFO DAGScheduler: Job 1 is finished. Cancelling potential speculative or zombie tasks for this job
[2026-07-20T11:54:50.998+0545] {subprocess.py:93} INFO - 26/07/20 06:09:50 INFO TaskSchedulerImpl: Killing all running tasks in stage 1: Stage finished
[2026-07-20T11:54:50.998+0545] {subprocess.py:93} INFO - 26/07/20 06:09:50 INFO DAGScheduler: Job 1 finished: toPandas at /app/etl_job.py:76, took 1.063888 s
[2026-07-20T11:54:51.137+0545] {subprocess.py:93} INFO - 26/07/20 06:09:51 INFO BlockManagerInfo: Removed broadcast_1_piece0 on 9aa730ff3cb0:33185 in memory (size: 7.6 KiB, free: 413.9 MiB)
[2026-07-20T11:54:51.226+0545] {subprocess.py:93} INFO - 26/07/20 06:09:51 INFO BlockManagerInfo: Removed broadcast_1_piece0 on spark-worker2:34281 in memory (size: 7.6 KiB, free: 413.9 MiB)
[2026-07-20T11:54:51.325+0545] {subprocess.py:93} INFO - 26/07/20 06:09:51 INFO DAGScheduler: Registering RDD 9 (toPandas at /app/etl_job.py:76) as input to shuffle 0
[2026-07-20T11:54:51.331+0545] {subprocess.py:93} INFO - 26/07/20 06:09:51 INFO DAGScheduler: Got map stage job 2 (toPandas at /app/etl_job.py:76) with 1 output partitions
[2026-07-20T11:54:51.332+0545] {subprocess.py:93} INFO - 26/07/20 06:09:51 INFO DAGScheduler: Final stage: ShuffleMapStage 2 (toPandas at /app/etl_job.py:76)
[2026-07-20T11:54:51.332+0545] {subprocess.py:93} INFO - 26/07/20 06:09:51 INFO DAGScheduler: Parents of final stage: List()
[2026-07-20T11:54:51.333+0545] {subprocess.py:93} INFO - 26/07/20 06:09:51 INFO DAGScheduler: Missing parents: List()
[2026-07-20T11:54:51.335+0545] {subprocess.py:93} INFO - 26/07/20 06:09:51 INFO DAGScheduler: Submitting ShuffleMapStage 2 (MapPartitionsRDD[9] at toPandas at /app/etl_job.py:76), which has no missing parents
[2026-07-20T11:54:51.345+0545] {subprocess.py:93} INFO - 26/07/20 06:09:51 INFO MemoryStore: Block broadcast_2 stored as values in memory (estimated size 27.7 KiB, free 413.9 MiB)
[2026-07-20T11:54:51.346+0545] {subprocess.py:93} INFO - 26/07/20 06:09:51 INFO MemoryStore: Block broadcast_2_piece0 stored as bytes in memory (estimated size 10.5 KiB, free 413.9 MiB)
[2026-07-20T11:54:51.347+0545] {subprocess.py:93} INFO - 26/07/20 06:09:51 INFO BlockManagerInfo: Added broadcast_2_piece0 in memory on 9aa730ff3cb0:33185 (size: 10.5 KiB, free: 413.9 MiB)
[2026-07-20T11:54:51.347+0545] {subprocess.py:93} INFO - 26/07/20 06:09:51 INFO SparkContext: Created broadcast 2 from broadcast at DAGScheduler.scala:1580
[2026-07-20T11:54:51.425+0545] {subprocess.py:93} INFO - 26/07/20 06:09:51 INFO DAGScheduler: Submitting 1 missing tasks from ShuffleMapStage 2 (MapPartitionsRDD[9] at toPandas at /app/etl_job.py:76) (first 15 tasks are for partitions Vector(0))
[2026-07-20T11:54:51.426+0545] {subprocess.py:93} INFO - 26/07/20 06:09:51 INFO TaskSchedulerImpl: Adding task set 2.0 with 1 tasks resource profile 0
[2026-07-20T11:54:51.430+0545] {subprocess.py:93} INFO - 26/07/20 06:09:51 INFO TaskSetManager: Starting task 0.0 in stage 2.0 (TID 2) (spark-worker2, executor 1, partition 0, PROCESS_LOCAL, 7623 bytes)
[2026-07-20T11:54:51.451+0545] {subprocess.py:93} INFO - 26/07/20 06:09:51 INFO BlockManagerInfo: Added broadcast_2_piece0 in memory on spark-worker2:34281 (size: 10.5 KiB, free: 413.9 MiB)
[2026-07-20T11:54:52.475+0545] {subprocess.py:93} INFO - 26/07/20 06:09:52 INFO TaskSetManager: Finished task 0.0 in stage 2.0 (TID 2) in 1048 ms on spark-worker2 (executor 1) (1/1)
[2026-07-20T11:54:52.476+0545] {subprocess.py:93} INFO - 26/07/20 06:09:52 INFO TaskSchedulerImpl: Removed TaskSet 2.0, whose tasks have all completed, from pool
[2026-07-20T11:54:52.478+0545] {subprocess.py:93} INFO - 26/07/20 06:09:52 INFO DAGScheduler: ShuffleMapStage 2 (toPandas at /app/etl_job.py:76) finished in 1.140 s
[2026-07-20T11:54:52.478+0545] {subprocess.py:93} INFO - 26/07/20 06:09:52 INFO DAGScheduler: looking for newly runnable stages
[2026-07-20T11:54:52.478+0545] {subprocess.py:93} INFO - 26/07/20 06:09:52 INFO DAGScheduler: running: Set()
[2026-07-20T11:54:52.478+0545] {subprocess.py:93} INFO - 26/07/20 06:09:52 INFO DAGScheduler: waiting: Set()
[2026-07-20T11:54:52.478+0545] {subprocess.py:93} INFO - 26/07/20 06:09:52 INFO DAGScheduler: failed: Set()
[2026-07-20T11:54:52.531+0545] {subprocess.py:93} INFO - 26/07/20 06:09:52 INFO ShufflePartitionsUtil: For shuffle(0), advisory target size: 67108864, actual target size 1048576, minimum partition size: 1048576
[2026-07-20T11:54:52.630+0545] {subprocess.py:93} INFO - 26/07/20 06:09:52 INFO CodeGenerator: Code generated in 83.126816 ms
[2026-07-20T11:54:52.736+0545] {subprocess.py:93} INFO - 26/07/20 06:09:52 INFO SparkContext: Starting job: toPandas at /app/etl_job.py:76
[2026-07-20T11:54:52.738+0545] {subprocess.py:93} INFO - 26/07/20 06:09:52 INFO DAGScheduler: Got job 3 (toPandas at /app/etl_job.py:76) with 1 output partitions
[2026-07-20T11:54:52.738+0545] {subprocess.py:93} INFO - 26/07/20 06:09:52 INFO DAGScheduler: Final stage: ResultStage 4 (toPandas at /app/etl_job.py:76)
[2026-07-20T11:54:52.738+0545] {subprocess.py:93} INFO - 26/07/20 06:09:52 INFO DAGScheduler: Parents of final stage: List(ShuffleMapStage 3)
[2026-07-20T11:54:52.738+0545] {subprocess.py:93} INFO - 26/07/20 06:09:52 INFO DAGScheduler: Missing parents: List()
[2026-07-20T11:54:52.739+0545] {subprocess.py:93} INFO - 26/07/20 06:09:52 INFO DAGScheduler: Submitting ResultStage 4 (MapPartitionsRDD[12] at toPandas at /app/etl_job.py:76), which has no missing parents
[2026-07-20T11:54:52.837+0545] {subprocess.py:93} INFO - 26/07/20 06:09:52 INFO MemoryStore: Block broadcast_3 stored as values in memory (estimated size 29.0 KiB, free 413.9 MiB)
[2026-07-20T11:54:52.844+0545] {subprocess.py:93} INFO - 26/07/20 06:09:52 INFO MemoryStore: Block broadcast_3_piece0 stored as bytes in memory (estimated size 14.0 KiB, free 413.8 MiB)
[2026-07-20T11:54:52.926+0545] {subprocess.py:93} INFO - 26/07/20 06:09:52 INFO BlockManagerInfo: Added broadcast_3_piece0 in memory on 9aa730ff3cb0:33185 (size: 14.0 KiB, free: 413.9 MiB)
[2026-07-20T11:54:52.927+0545] {subprocess.py:93} INFO - 26/07/20 06:09:52 INFO SparkContext: Created broadcast 3 from broadcast at DAGScheduler.scala:1580
[2026-07-20T11:54:52.927+0545] {subprocess.py:93} INFO - 26/07/20 06:09:52 INFO BlockManagerInfo: Removed broadcast_2_piece0 on 9aa730ff3cb0:33185 in memory (size: 10.5 KiB, free: 413.9 MiB)
[2026-07-20T11:54:52.929+0545] {subprocess.py:93} INFO - 26/07/20 06:09:52 INFO DAGScheduler: Submitting 1 missing tasks from ResultStage 4 (MapPartitionsRDD[12] at toPandas at /app/etl_job.py:76) (first 15 tasks are for partitions Vector(0))
[2026-07-20T11:54:52.929+0545] {subprocess.py:93} INFO - 26/07/20 06:09:52 INFO TaskSchedulerImpl: Adding task set 4.0 with 1 tasks resource profile 0
[2026-07-20T11:54:52.932+0545] {subprocess.py:93} INFO - 26/07/20 06:09:52 INFO BlockManagerInfo: Removed broadcast_2_piece0 on spark-worker2:34281 in memory (size: 10.5 KiB, free: 413.9 MiB)
[2026-07-20T11:54:53.028+0545] {subprocess.py:93} INFO - 26/07/20 06:09:53 INFO TaskSetManager: Starting task 0.0 in stage 4.0 (TID 3) (spark-worker2, executor 1, partition 0, NODE_LOCAL, 7788 bytes)
[2026-07-20T11:54:53.048+0545] {subprocess.py:93} INFO - 26/07/20 06:09:53 INFO BlockManagerInfo: Added broadcast_3_piece0 in memory on spark-worker2:34281 (size: 14.0 KiB, free: 413.9 MiB)
[2026-07-20T11:54:53.324+0545] {subprocess.py:93} INFO - 26/07/20 06:09:53 INFO MapOutputTrackerMasterEndpoint: Asked to send map output locations for shuffle 0 to 172.19.0.8:36410
[2026-07-20T11:54:54.072+0545] {subprocess.py:93} INFO - 26/07/20 06:09:54 INFO TaskSetManager: Finished task 0.0 in stage 4.0 (TID 3) in 1047 ms on spark-worker2 (executor 1) (1/1)
[2026-07-20T11:54:54.072+0545] {subprocess.py:93} INFO - 26/07/20 06:09:54 INFO TaskSchedulerImpl: Removed TaskSet 4.0, whose tasks have all completed, from pool
[2026-07-20T11:54:54.072+0545] {subprocess.py:93} INFO - 26/07/20 06:09:54 INFO DAGScheduler: ResultStage 4 (toPandas at /app/etl_job.py:76) finished in 1.237 s
[2026-07-20T11:54:54.073+0545] {subprocess.py:93} INFO - 26/07/20 06:09:54 INFO DAGScheduler: Job 3 is finished. Cancelling potential speculative or zombie tasks for this job
[2026-07-20T11:54:54.073+0545] {subprocess.py:93} INFO - 26/07/20 06:09:54 INFO TaskSchedulerImpl: Killing all running tasks in stage 4: Stage finished
[2026-07-20T11:54:54.073+0545] {subprocess.py:93} INFO - 26/07/20 06:09:54 INFO DAGScheduler: Job 3 finished: toPandas at /app/etl_job.py:76, took 1.336996 s
[2026-07-20T11:54:54.525+0545] {subprocess.py:93} INFO - 26/07/20 06:09:54 INFO BlockManagerInfo: Removed broadcast_3_piece0 on 9aa730ff3cb0:33185 in memory (size: 14.0 KiB, free: 413.9 MiB)
[2026-07-20T11:54:54.531+0545] {subprocess.py:93} INFO - 26/07/20 06:09:54 INFO BlockManagerInfo: Removed broadcast_3_piece0 on spark-worker2:34281 in memory (size: 14.0 KiB, free: 413.9 MiB)
[2026-07-20T11:54:55.225+0545] {subprocess.py:93} INFO - Found 300 missing values across ['PIXEL_TEMP_C', 'LAR_PRESSURE_BAR', 'LV_VOLTAGE_V', 'HV_CURRENT_UA', 'COOLING_FLOW_LPM'] -- interpolating
[2026-07-20T11:54:55.247+0545] {subprocess.py:93} INFO - Traceback (most recent call last):
[2026-07-20T11:54:55.248+0545] {subprocess.py:93} INFO -   File "/app/etl_job.py", line 95, in <module>
[2026-07-20T11:54:55.248+0545] {subprocess.py:93} INFO -     oracle_df = spark.createDataFrame(pdf, schema=schema)
[2026-07-20T11:54:55.248+0545] {subprocess.py:93} INFO -   File "/opt/spark/python/lib/pyspark.zip/pyspark/sql/session.py", line 1440, in createDataFrame
[2026-07-20T11:54:55.248+0545] {subprocess.py:93} INFO -   File "/opt/spark/python/lib/pyspark.zip/pyspark/sql/pandas/conversion.py", line 363, in createDataFrame
[2026-07-20T11:54:55.248+0545] {subprocess.py:93} INFO -   File "/opt/spark/python/lib/pyspark.zip/pyspark/sql/session.py", line 1485, in _create_dataframe
[2026-07-20T11:54:55.248+0545] {subprocess.py:93} INFO -   File "/opt/spark/python/lib/pyspark.zip/pyspark/sql/session.py", line 1090, in _createFromLocal
[2026-07-20T11:54:55.248+0545] {subprocess.py:93} INFO -   File "/opt/spark/python/lib/pyspark.zip/pyspark/sql/session.py", line 1459, in prepare
[2026-07-20T11:54:55.324+0545] {subprocess.py:93} INFO -   File "/opt/spark/python/lib/pyspark.zip/pyspark/sql/types.py", line 2187, in verify
[2026-07-20T11:54:55.325+0545] {subprocess.py:93} INFO -   File "/opt/spark/python/lib/pyspark.zip/pyspark/sql/types.py", line 2160, in verify_struct
[2026-07-20T11:54:55.325+0545] {subprocess.py:93} INFO -   File "/opt/spark/python/lib/pyspark.zip/pyspark/sql/types.py", line 2187, in verify
[2026-07-20T11:54:55.325+0545] {subprocess.py:93} INFO -   File "/opt/spark/python/lib/pyspark.zip/pyspark/sql/types.py", line 2181, in verify_default
[2026-07-20T11:54:55.325+0545] {subprocess.py:93} INFO -   File "/opt/spark/python/lib/pyspark.zip/pyspark/sql/types.py", line 2006, in verify_acceptable_types
[2026-07-20T11:54:55.325+0545] {subprocess.py:93} INFO - pyspark.errors.exceptions.base.PySparkTypeError: [CANNOT_ACCEPT_OBJECT_IN_TYPE] `DecimalType(38,10)` can not accept object `-9.7597325893` in type `float`.
[2026-07-20T11:54:55.639+0545] {subprocess.py:93} INFO - 26/07/20 06:09:55 INFO SparkContext: Invoking stop() from shutdown hook
[2026-07-20T11:54:55.640+0545] {subprocess.py:93} INFO - 26/07/20 06:09:55 INFO SparkContext: SparkContext is stopping with exitCode 0.
[2026-07-20T11:54:55.727+0545] {subprocess.py:93} INFO - 26/07/20 06:09:55 INFO SparkUI: Stopped Spark web UI at http://9aa730ff3cb0:4040
[2026-07-20T11:54:55.733+0545] {subprocess.py:93} INFO - 26/07/20 06:09:55 INFO StandaloneSchedulerBackend: Shutting down all executors
[2026-07-20T11:54:55.734+0545] {subprocess.py:93} INFO - 26/07/20 06:09:55 INFO StandaloneSchedulerBackend$StandaloneDriverEndpoint: Asking each executor to shut down
[2026-07-20T11:54:55.829+0545] {subprocess.py:93} INFO - 26/07/20 06:09:55 INFO StandaloneAppClient$ClientEndpoint: Executor updated: app-20260720060923-0001/1 is now EXITED (Command exited with code 0)
[2026-07-20T11:54:55.927+0545] {subprocess.py:93} INFO - 26/07/20 06:09:55 INFO StandaloneSchedulerBackend: Executor app-20260720060923-0001/1 removed: Command exited with code 0
[2026-07-20T11:54:55.929+0545] {subprocess.py:93} INFO - 26/07/20 06:09:55 ERROR TransportRequestHandler: Error while invoking RpcHandler#receive() for one-way message.
[2026-07-20T11:54:55.930+0545] {subprocess.py:93} INFO - org.apache.spark.SparkException: Could not find AppClient.
[2026-07-20T11:54:55.930+0545] {subprocess.py:93} INFO - 	at org.apache.spark.rpc.netty.Dispatcher.postMessage(Dispatcher.scala:178)
[2026-07-20T11:54:55.930+0545] {subprocess.py:93} INFO - 	at org.apache.spark.rpc.netty.Dispatcher.postOneWayMessage(Dispatcher.scala:150)
[2026-07-20T11:54:55.930+0545] {subprocess.py:93} INFO - 	at org.apache.spark.rpc.netty.NettyRpcHandler.receive(NettyRpcEnv.scala:690)
[2026-07-20T11:54:55.930+0545] {subprocess.py:93} INFO - 	at org.apache.spark.network.server.TransportRequestHandler.processOneWayMessage(TransportRequestHandler.java:274)
[2026-07-20T11:54:55.930+0545] {subprocess.py:93} INFO - 	at org.apache.spark.network.server.TransportRequestHandler.handle(TransportRequestHandler.java:111)
[2026-07-20T11:54:55.930+0545] {subprocess.py:93} INFO - 	at org.apache.spark.network.server.TransportChannelHandler.channelRead0(TransportChannelHandler.java:140)
[2026-07-20T11:54:55.930+0545] {subprocess.py:93} INFO - 	at org.apache.spark.network.server.TransportChannelHandler.channelRead0(TransportChannelHandler.java:53)
[2026-07-20T11:54:55.930+0545] {subprocess.py:93} INFO - 	at io.netty.channel.SimpleChannelInboundHandler.channelRead(SimpleChannelInboundHandler.java:99)
[2026-07-20T11:54:55.930+0545] {subprocess.py:93} INFO - 	at io.netty.channel.AbstractChannelHandlerContext.invokeChannelRead(AbstractChannelHandlerContext.java:444)
[2026-07-20T11:54:55.930+0545] {subprocess.py:93} INFO - 	at io.netty.channel.AbstractChannelHandlerContext.invokeChannelRead(AbstractChannelHandlerContext.java:420)
[2026-07-20T11:54:55.930+0545] {subprocess.py:93} INFO - 	at io.netty.channel.AbstractChannelHandlerContext.fireChannelRead(AbstractChannelHandlerContext.java:412)
[2026-07-20T11:54:55.931+0545] {subprocess.py:93} INFO - 	at io.netty.handler.timeout.IdleStateHandler.channelRead(IdleStateHandler.java:286)
[2026-07-20T11:54:55.931+0545] {subprocess.py:93} INFO - 	at io.netty.channel.AbstractChannelHandlerContext.invokeChannelRead(AbstractChannelHandlerContext.java:442)
[2026-07-20T11:54:55.931+0545] {subprocess.py:93} INFO - 	at io.netty.channel.AbstractChannelHandlerContext.invokeChannelRead(AbstractChannelHandlerContext.java:420)
[2026-07-20T11:54:55.931+0545] {subprocess.py:93} INFO - 	at io.netty.channel.AbstractChannelHandlerContext.fireChannelRead(AbstractChannelHandlerContext.java:412)
[2026-07-20T11:54:55.931+0545] {subprocess.py:93} INFO - 	at io.netty.handler.codec.MessageToMessageDecoder.channelRead(MessageToMessageDecoder.java:103)
[2026-07-20T11:54:55.931+0545] {subprocess.py:93} INFO - 	at io.netty.channel.AbstractChannelHandlerContext.invokeChannelRead(AbstractChannelHandlerContext.java:444)
[2026-07-20T11:54:55.931+0545] {subprocess.py:93} INFO - 	at io.netty.channel.AbstractChannelHandlerContext.invokeChannelRead(AbstractChannelHandlerContext.java:420)
[2026-07-20T11:54:55.931+0545] {subprocess.py:93} INFO - 	at io.netty.channel.AbstractChannelHandlerContext.fireChannelRead(AbstractChannelHandlerContext.java:412)
[2026-07-20T11:54:55.931+0545] {subprocess.py:93} INFO - 	at org.apache.spark.network.util.TransportFrameDecoder.channelRead(TransportFrameDecoder.java:102)
[2026-07-20T11:54:55.931+0545] {subprocess.py:93} INFO - 	at io.netty.channel.AbstractChannelHandlerContext.invokeChannelRead(AbstractChannelHandlerContext.java:444)
[2026-07-20T11:54:55.931+0545] {subprocess.py:93} INFO - 	at io.netty.channel.AbstractChannelHandlerContext.invokeChannelRead(AbstractChannelHandlerContext.java:420)
[2026-07-20T11:54:55.931+0545] {subprocess.py:93} INFO - 	at io.netty.channel.AbstractChannelHandlerContext.fireChannelRead(AbstractChannelHandlerContext.java:412)
[2026-07-20T11:54:55.931+0545] {subprocess.py:93} INFO - 	at io.netty.channel.DefaultChannelPipeline$HeadContext.channelRead(DefaultChannelPipeline.java:1410)
[2026-07-20T11:54:55.931+0545] {subprocess.py:93} INFO - 	at io.netty.channel.AbstractChannelHandlerContext.invokeChannelRead(AbstractChannelHandlerContext.java:440)
[2026-07-20T11:54:55.931+0545] {subprocess.py:93} INFO - 	at io.netty.channel.AbstractChannelHandlerContext.invokeChannelRead(AbstractChannelHandlerContext.java:420)
[2026-07-20T11:54:55.931+0545] {subprocess.py:93} INFO - 	at io.netty.channel.DefaultChannelPipeline.fireChannelRead(DefaultChannelPipeline.java:919)
[2026-07-20T11:54:55.931+0545] {subprocess.py:93} INFO - 	at io.netty.channel.nio.AbstractNioByteChannel$NioByteUnsafe.read(AbstractNioByteChannel.java:166)
[2026-07-20T11:54:55.931+0545] {subprocess.py:93} INFO - 	at io.netty.channel.nio.NioEventLoop.processSelectedKey(NioEventLoop.java:788)
[2026-07-20T11:54:55.931+0545] {subprocess.py:93} INFO - 	at io.netty.channel.nio.NioEventLoop.processSelectedKeysOptimized(NioEventLoop.java:724)
[2026-07-20T11:54:55.932+0545] {subprocess.py:93} INFO - 	at io.netty.channel.nio.NioEventLoop.processSelectedKeys(NioEventLoop.java:650)
[2026-07-20T11:54:55.932+0545] {subprocess.py:93} INFO - 	at io.netty.channel.nio.NioEventLoop.run(NioEventLoop.java:562)
[2026-07-20T11:54:55.932+0545] {subprocess.py:93} INFO - 	at io.netty.util.concurrent.SingleThreadEventExecutor$4.run(SingleThreadEventExecutor.java:997)
[2026-07-20T11:54:55.932+0545] {subprocess.py:93} INFO - 	at io.netty.util.internal.ThreadExecutorMap$2.run(ThreadExecutorMap.java:74)
[2026-07-20T11:54:55.932+0545] {subprocess.py:93} INFO - 	at io.netty.util.concurrent.FastThreadLocalRunnable.run(FastThreadLocalRunnable.java:30)
[2026-07-20T11:54:55.932+0545] {subprocess.py:93} INFO - 	at java.base/java.lang.Thread.run(Unknown Source)
[2026-07-20T11:54:56.030+0545] {subprocess.py:93} INFO - 26/07/20 06:09:56 INFO MapOutputTrackerMasterEndpoint: MapOutputTrackerMasterEndpoint stopped!
[2026-07-20T11:54:56.133+0545] {subprocess.py:93} INFO - 26/07/20 06:09:56 INFO MemoryStore: MemoryStore cleared
[2026-07-20T11:54:56.133+0545] {subprocess.py:93} INFO - 26/07/20 06:09:56 INFO BlockManager: BlockManager stopped
[2026-07-20T11:54:56.136+0545] {subprocess.py:93} INFO - 26/07/20 06:09:56 INFO BlockManagerMaster: BlockManagerMaster stopped
[2026-07-20T11:54:56.226+0545] {subprocess.py:93} INFO - 26/07/20 06:09:56 INFO OutputCommitCoordinator$OutputCommitCoordinatorEndpoint: OutputCommitCoordinator stopped!
[2026-07-20T11:54:56.232+0545] {subprocess.py:93} INFO - 26/07/20 06:09:56 INFO SparkContext: Successfully stopped SparkContext
[2026-07-20T11:54:56.233+0545] {subprocess.py:93} INFO - 26/07/20 06:09:56 INFO ShutdownHookManager: Shutdown hook called
[2026-07-20T11:54:56.234+0545] {subprocess.py:93} INFO - 26/07/20 06:09:56 INFO ShutdownHookManager: Deleting directory /tmp/spark-e84fd738-4ed0-435a-a495-a4e0a00bac04/pyspark-1b4b1285-7fd5-4203-8e51-2f4a9205481b
[2026-07-20T11:54:56.238+0545] {subprocess.py:93} INFO - 26/07/20 06:09:56 INFO ShutdownHookManager: Deleting directory /tmp/spark-c8b3e4b1-2428-48e0-89b8-f3e0b8eea8a8
[2026-07-20T11:54:56.239+0545] {subprocess.py:93} INFO - 26/07/20 06:09:56 INFO ShutdownHookManager: Deleting directory /tmp/spark-e84fd738-4ed0-435a-a495-a4e0a00bac04
[2026-07-20T11:54:56.480+0545] {subprocess.py:97} INFO - Command exited with return code 1
[2026-07-20T11:54:56.481+0545] {taskinstance.py:441} INFO - ::group::Post task execution logs
[2026-07-20T11:54:56.485+0545] {taskinstance.py:2905} ERROR - Task failed with exception
Traceback (most recent call last):
  File "/home/snigdh/repos/bigData/spark_demo_env/lib/python3.12/site-packages/airflow/models/taskinstance.py", line 465, in _execute_task
    result = _execute_callable(context=context, **execute_callable_kwargs)
             ^^^^^^^^^^^^^^^^^^^^^^^^^^^^^^^^^^^^^^^^^^^^^^^^^^^^^^^^^^^^^
  File "/home/snigdh/repos/bigData/spark_demo_env/lib/python3.12/site-packages/airflow/models/taskinstance.py", line 432, in _execute_callable
    return execute_callable(context=context, **execute_callable_kwargs)
           ^^^^^^^^^^^^^^^^^^^^^^^^^^^^^^^^^^^^^^^^^^^^^^^^^^^^^^^^^^^^
  File "/home/snigdh/repos/bigData/spark_demo_env/lib/python3.12/site-packages/airflow/models/baseoperator.py", line 401, in wrapper
    return func(self, *args, **kwargs)
           ^^^^^^^^^^^^^^^^^^^^^^^^^^^
  File "/home/snigdh/repos/bigData/spark_demo_env/lib/python3.12/site-packages/airflow/operators/bash.py", line 243, in execute
    raise AirflowException(
airflow.exceptions.AirflowException: Bash command failed. The command returned a non-zero exit code 1.
[2026-07-20T11:54:56.487+0545] {taskinstance.py:1206} INFO - Marking task as FAILED. dag_id=network_traffic_pipeline, task_id=run_etl, run_id=manual__2026-07-20T06:03:00.668614+00:00, execution_date=20260720T060300, start_date=20260720T060910, end_date=20260720T060956
[2026-07-20T11:54:56.497+0545] {standard_task_runner.py:110} ERROR - Failed to execute job 95 for task run_etl (Bash command failed. The command returned a non-zero exit code 1.; 44297)
[2026-07-20T11:54:56.538+0545] {local_task_job_runner.py:243} INFO - Task exited with return code 1
[2026-07-20T11:54:56.552+0545] {taskinstance.py:3503} INFO - 0 downstream tasks scheduled from follow-on schedule check
[2026-07-20T11:54:56.557+0545] {local_task_job_runner.py:222} INFO - ::endgroup::
