[2026-07-20T13:09:46.841+0545] {local_task_job_runner.py:120} INFO - ::group::Pre task execution logs
[2026-07-20T13:09:46.859+0545] {taskinstance.py:2076} INFO - Dependencies all met for dep_context=non-requeueable deps ti=<TaskInstance: network_traffic_pipeline.sequential_ddp_models.omnianomaly manual__2026-07-20T06:51:36.359976+00:00 [queued]>
[2026-07-20T13:09:46.865+0545] {taskinstance.py:2076} INFO - Dependencies all met for dep_context=requeueable deps ti=<TaskInstance: network_traffic_pipeline.sequential_ddp_models.omnianomaly manual__2026-07-20T06:51:36.359976+00:00 [queued]>
[2026-07-20T13:09:46.865+0545] {taskinstance.py:2306} INFO - Starting attempt 1 of 3
[2026-07-20T13:09:46.878+0545] {taskinstance.py:2330} INFO - Executing <Task(BashOperator): sequential_ddp_models.omnianomaly> on 2026-07-20 06:51:36.359976+00:00
[2026-07-20T13:09:46.882+0545] {standard_task_runner.py:64} INFO - Started process 99676 to run task
[2026-07-20T13:09:46.885+0545] {standard_task_runner.py:90} INFO - Running: ['airflow', 'tasks', 'run', 'network_traffic_pipeline', 'sequential_ddp_models.omnianomaly', 'manual__2026-07-20T06:51:36.359976+00:00', '--job-id', '120', '--raw', '--subdir', 'DAGS_FOLDER/network_traffic_pipeline_dag.py', '--cfg-path', '/tmp/tmp18hht222']
[2026-07-20T13:09:46.887+0545] {standard_task_runner.py:91} INFO - Job 120: Subtask sequential_ddp_models.omnianomaly
[2026-07-20T13:09:46.917+0545] {task_command.py:426} INFO - Running <TaskInstance: network_traffic_pipeline.sequential_ddp_models.omnianomaly manual__2026-07-20T06:51:36.359976+00:00 [running]> on host snigdh-IdeaPad-Slim-3-15IAH8
[2026-07-20T13:09:46.970+0545] {taskinstance.py:2648} INFO - Exporting env vars: AIRFLOW_CTX_DAG_OWNER='you' AIRFLOW_CTX_DAG_ID='network_traffic_pipeline' AIRFLOW_CTX_TASK_ID='sequential_ddp_models.omnianomaly' AIRFLOW_CTX_EXECUTION_DATE='2026-07-20T06:51:36.359976+00:00' AIRFLOW_CTX_TRY_NUMBER='1' AIRFLOW_CTX_DAG_RUN_ID='manual__2026-07-20T06:51:36.359976+00:00'
[2026-07-20T13:09:46.972+0545] {taskinstance.py:430} INFO - ::endgroup::
[2026-07-20T13:09:46.972+0545] {subprocess.py:63} INFO - Tmp dir root location: /tmp
[2026-07-20T13:09:46.973+0545] {subprocess.py:75} INFO - Running command: ['/usr/bin/bash', '-c', 'cd /home/snigdh/repos/bigData && docker-compose exec spark-master /opt/spark/bin/spark-submit --master spark://localhost:7077 --py-files /app/common.py --conf spark.ui.port=4040 --conf spark.sql.extensions=io.delta.sql.DeltaSparkSessionExtension --conf spark.sql.catalog.spark_catalog=org.apache.spark.sql.delta.catalog.DeltaCatalog /app/task_omnianomaly.py']
[2026-07-20T13:09:46.984+0545] {subprocess.py:86} INFO - Output:
[2026-07-20T13:09:59.159+0545] {subprocess.py:93} INFO - 26/07/20 07:24:59 INFO SparkContext: Running Spark version 3.5.0
[2026-07-20T13:09:59.160+0545] {subprocess.py:93} INFO - 26/07/20 07:24:59 INFO SparkContext: OS info Linux, 6.8.0-136-generic, amd64
[2026-07-20T13:09:59.161+0545] {subprocess.py:93} INFO - 26/07/20 07:24:59 INFO SparkContext: Java version 11.0.20.1
[2026-07-20T13:09:59.255+0545] {subprocess.py:93} INFO - 26/07/20 07:24:59 INFO ResourceUtils: ==============================================================
[2026-07-20T13:09:59.256+0545] {subprocess.py:93} INFO - 26/07/20 07:24:59 INFO ResourceUtils: No custom resources configured for spark.driver.
[2026-07-20T13:09:59.337+0545] {subprocess.py:93} INFO - 26/07/20 07:24:59 INFO ResourceUtils: ==============================================================
[2026-07-20T13:09:59.338+0545] {subprocess.py:93} INFO - 26/07/20 07:24:59 INFO SparkContext: Submitted application: anomaly_omnianomaly
[2026-07-20T13:09:59.437+0545] {subprocess.py:93} INFO - 26/07/20 07:24:59 INFO ResourceProfile: Default ResourceProfile created, executor resources: Map(memory -> name: memory, amount: 1024, script: , vendor: , offHeap -> name: offHeap, amount: 0, script: , vendor: ), task resources: Map(cpus -> name: cpus, amount: 1.0)
[2026-07-20T13:09:59.451+0545] {subprocess.py:93} INFO - 26/07/20 07:24:59 INFO ResourceProfile: Limiting resource is cpu
[2026-07-20T13:09:59.451+0545] {subprocess.py:93} INFO - 26/07/20 07:24:59 INFO ResourceProfileManager: Added ResourceProfile id: 0
[2026-07-20T13:09:59.642+0545] {subprocess.py:93} INFO - 26/07/20 07:24:59 INFO SecurityManager: Changing view acls to: spark
[2026-07-20T13:09:59.643+0545] {subprocess.py:93} INFO - 26/07/20 07:24:59 INFO SecurityManager: Changing modify acls to: spark
[2026-07-20T13:09:59.643+0545] {subprocess.py:93} INFO - 26/07/20 07:24:59 INFO SecurityManager: Changing view acls groups to:
[2026-07-20T13:09:59.644+0545] {subprocess.py:93} INFO - 26/07/20 07:24:59 INFO SecurityManager: Changing modify acls groups to:
[2026-07-20T13:09:59.645+0545] {subprocess.py:93} INFO - 26/07/20 07:24:59 INFO SecurityManager: SecurityManager: authentication disabled; ui acls disabled; users with view permissions: spark; groups with view permissions: EMPTY; users with modify permissions: spark; groups with modify permissions: EMPTY
[2026-07-20T13:10:00.337+0545] {subprocess.py:93} INFO - 26/07/20 07:25:00 INFO Utils: Successfully started service 'sparkDriver' on port 36581.
[2026-07-20T13:10:00.446+0545] {subprocess.py:93} INFO - 26/07/20 07:25:00 INFO SparkEnv: Registering MapOutputTracker
[2026-07-20T13:10:00.573+0545] {subprocess.py:93} INFO - 26/07/20 07:25:00 INFO SparkEnv: Registering BlockManagerMaster
[2026-07-20T13:10:00.643+0545] {subprocess.py:93} INFO - 26/07/20 07:25:00 INFO BlockManagerMasterEndpoint: Using org.apache.spark.storage.DefaultTopologyMapper for getting topology information
[2026-07-20T13:10:00.644+0545] {subprocess.py:93} INFO - 26/07/20 07:25:00 INFO BlockManagerMasterEndpoint: BlockManagerMasterEndpoint up
[2026-07-20T13:10:00.648+0545] {subprocess.py:93} INFO - 26/07/20 07:25:00 INFO SparkEnv: Registering BlockManagerMasterHeartbeat
[2026-07-20T13:10:00.661+0545] {subprocess.py:93} INFO - 26/07/20 07:25:00 INFO DiskBlockManager: Created local directory at /tmp/blockmgr-3dcf2886-edac-4537-8322-d953c2d2ab57
[2026-07-20T13:10:00.671+0545] {subprocess.py:93} INFO - 26/07/20 07:25:00 INFO MemoryStore: MemoryStore started with capacity 413.9 MiB
[2026-07-20T13:10:00.752+0545] {subprocess.py:93} INFO - 26/07/20 07:25:00 INFO SparkEnv: Registering OutputCommitCoordinator
[2026-07-20T13:10:01.045+0545] {subprocess.py:93} INFO - 26/07/20 07:25:01 INFO JettyUtils: Start Jetty 0.0.0.0:4040 for SparkUI
[2026-07-20T13:10:01.247+0545] {subprocess.py:93} INFO - 26/07/20 07:25:01 INFO Utils: Successfully started service 'SparkUI' on port 4040.
[2026-07-20T13:10:01.348+0545] {subprocess.py:93} INFO - 26/07/20 07:25:01 INFO SparkContext: Added file file:///app/common.py at spark://e6ba47dbf3fb:36581/files/common.py with timestamp 1784532299151
[2026-07-20T13:10:01.349+0545] {subprocess.py:93} INFO - 26/07/20 07:25:01 INFO Utils: Copying /app/common.py to /tmp/spark-2ca1236d-cda2-47e1-b851-fb5a538961e1/userFiles-b1a0be0a-2498-44d3-aeb3-b2cf6788ba46/common.py
[2026-07-20T13:10:01.745+0545] {subprocess.py:93} INFO - 26/07/20 07:25:01 INFO StandaloneAppClient$ClientEndpoint: Connecting to master spark://localhost:7077...
[2026-07-20T13:10:01.954+0545] {subprocess.py:93} INFO - 26/07/20 07:25:01 INFO TransportClientFactory: Successfully created connection to localhost/127.0.0.1:7077 after 193 ms (0 ms spent in bootstraps)
[2026-07-20T13:10:02.341+0545] {subprocess.py:93} INFO - 26/07/20 07:25:02 INFO StandaloneSchedulerBackend: Connected to Spark cluster with app ID app-20260720072502-0016
[2026-07-20T13:10:02.343+0545] {subprocess.py:93} INFO - 26/07/20 07:25:02 INFO StandaloneAppClient$ClientEndpoint: Executor added: app-20260720072502-0016/0 on worker-20260720065158-spark-worker1-8081 (spark-worker1:8081) with 1 core(s)
[2026-07-20T13:10:02.345+0545] {subprocess.py:93} INFO - 26/07/20 07:25:02 INFO StandaloneSchedulerBackend: Granted executor ID app-20260720072502-0016/0 on hostPort spark-worker1:8081 with 1 core(s), 1024.0 MiB RAM
[2026-07-20T13:10:02.346+0545] {subprocess.py:93} INFO - 26/07/20 07:25:02 INFO StandaloneAppClient$ClientEndpoint: Executor added: app-20260720072502-0016/1 on worker-20260720065158-spark-worker2-8083 (spark-worker2:8083) with 1 core(s)
[2026-07-20T13:10:02.436+0545] {subprocess.py:93} INFO - 26/07/20 07:25:02 INFO StandaloneSchedulerBackend: Granted executor ID app-20260720072502-0016/1 on hostPort spark-worker2:8083 with 1 core(s), 1024.0 MiB RAM
[2026-07-20T13:10:02.441+0545] {subprocess.py:93} INFO - 26/07/20 07:25:02 INFO Utils: Successfully started service 'org.apache.spark.network.netty.NettyBlockTransferService' on port 41127.
[2026-07-20T13:10:02.441+0545] {subprocess.py:93} INFO - 26/07/20 07:25:02 INFO NettyBlockTransferService: Server created on e6ba47dbf3fb:41127
[2026-07-20T13:10:02.443+0545] {subprocess.py:93} INFO - 26/07/20 07:25:02 INFO BlockManager: Using org.apache.spark.storage.RandomBlockReplicationPolicy for block replication policy
[2026-07-20T13:10:02.444+0545] {subprocess.py:93} INFO - 26/07/20 07:25:02 INFO StandaloneAppClient$ClientEndpoint: Executor updated: app-20260720072502-0016/0 is now RUNNING
[2026-07-20T13:10:02.537+0545] {subprocess.py:93} INFO - 26/07/20 07:25:02 INFO StandaloneAppClient$ClientEndpoint: Executor updated: app-20260720072502-0016/1 is now RUNNING
[2026-07-20T13:10:02.539+0545] {subprocess.py:93} INFO - 26/07/20 07:25:02 INFO BlockManagerMaster: Registering BlockManager BlockManagerId(driver, e6ba47dbf3fb, 41127, None)
[2026-07-20T13:10:02.542+0545] {subprocess.py:93} INFO - 26/07/20 07:25:02 INFO BlockManagerMasterEndpoint: Registering block manager e6ba47dbf3fb:41127 with 413.9 MiB RAM, BlockManagerId(driver, e6ba47dbf3fb, 41127, None)
[2026-07-20T13:10:02.544+0545] {subprocess.py:93} INFO - 26/07/20 07:25:02 INFO BlockManagerMaster: Registered BlockManager BlockManagerId(driver, e6ba47dbf3fb, 41127, None)
[2026-07-20T13:10:02.545+0545] {subprocess.py:93} INFO - 26/07/20 07:25:02 INFO BlockManager: Initialized BlockManager: BlockManagerId(driver, e6ba47dbf3fb, 41127, None)
[2026-07-20T13:10:04.045+0545] {subprocess.py:93} INFO - 26/07/20 07:25:04 INFO StandaloneSchedulerBackend: SchedulerBackend is ready for scheduling beginning after reached minRegisteredResourcesRatio: 0.0
[2026-07-20T13:10:08.750+0545] {subprocess.py:93} INFO - 26/07/20 07:25:08 WARN DataSource: All paths were ignored:
[2026-07-20T13:10:08.751+0545] {subprocess.py:93} INFO -   hdfs://namenode:9000/user/demo/_torch_seq_shards
[2026-07-20T13:10:21.061+0545] {subprocess.py:93} INFO - [TorchDistributor] OmniAnomaly: launching 2-way DDP over contiguous shards (across cluster executors)...
[2026-07-20T13:10:22.151+0545] {subprocess.py:93} INFO - Started distributed training with 2 executor processes
[2026-07-20T13:10:52.642+0545] {subprocess.py:93} INFO - 2026-07-20 07:25:52,640 INFO sasl.SaslDataTransferClient: SASL encryption trust check: localHostTrusted = false, remoteHostTrusted = false
[2026-07-20T13:10:52.843+0545] {subprocess.py:93} INFO - 2026-07-20 07:25:52,835 INFO sasl.SaslDataTransferClient: SASL encryption trust check: localHostTrusted = false, remoteHostTrusted = false
[2026-07-20T13:10:52.943+0545] {subprocess.py:93} INFO - 2026-07-20 07:25:52,929 INFO sasl.SaslDataTransferClient: SASL encryption trust check: localHostTrusted = false, remoteHostTrusted = false
[2026-07-20T13:10:52.943+0545] {subprocess.py:93} INFO - 2026-07-20 07:25:52,935 INFO sasl.SaslDataTransferClient: SASL encryption trust check: localHostTrusted = false, remoteHostTrusted = false
[2026-07-20T13:10:53.723+0545] {subprocess.py:93} INFO - 2026-07-20 07:25:53,722 INFO sasl.SaslDataTransferClient: SASL encryption trust check: localHostTrusted = false, remoteHostTrusted = false
[2026-07-20T13:10:53.824+0545] {subprocess.py:93} INFO - 2026-07-20 07:25:53,823 INFO sasl.SaslDataTransferClient: SASL encryption trust check: localHostTrusted = false, remoteHostTrusted = false
[2026-07-20T13:10:53.924+0545] {subprocess.py:93} INFO - 2026-07-20 07:25:53,837 INFO sasl.SaslDataTransferClient: SASL encryption trust check: localHostTrusted = false, remoteHostTrusted = false
[2026-07-20T13:10:54.746+0545] {subprocess.py:93} INFO -     [OmniAnomaly][rank0/2] epoch 5/30 loss=0.79781
[2026-07-20T13:10:55.448+0545] {subprocess.py:93} INFO -     [OmniAnomaly][rank0/2] epoch 10/30 loss=0.62044
[2026-07-20T13:10:56.349+0545] {subprocess.py:93} INFO -     [OmniAnomaly][rank0/2] epoch 15/30 loss=0.55886
[2026-07-20T13:10:57.151+0545] {subprocess.py:93} INFO -     [OmniAnomaly][rank0/2] epoch 20/30 loss=0.46078
[2026-07-20T13:10:57.952+0545] {subprocess.py:93} INFO -     [OmniAnomaly][rank0/2] epoch 25/30 loss=0.34121
[2026-07-20T13:10:58.754+0545] {subprocess.py:93} INFO -     [OmniAnomaly][rank0/2] epoch 30/30 loss=0.28082
[2026-07-20T13:11:01.060+0545] {subprocess.py:93} INFO - Finished distributed training with 2 executor processes
[2026-07-20T13:11:34.348+0545] {subprocess.py:93} INFO - [Driver] Wrote 'omnianomaly' output -> hdfs://namenode:9000/user/demo/_scores/omnianomaly
[2026-07-20T13:11:36.721+0545] {subprocess.py:97} INFO - Command exited with return code 0
[2026-07-20T13:11:36.721+0545] {taskinstance.py:441} INFO - ::group::Post task execution logs
[2026-07-20T13:11:36.737+0545] {taskinstance.py:1206} INFO - Marking task as SUCCESS. dag_id=network_traffic_pipeline, task_id=sequential_ddp_models.omnianomaly, run_id=manual__2026-07-20T06:51:36.359976+00:00, execution_date=20260720T065136, start_date=20260720T072446, end_date=20260720T072636
[2026-07-20T13:11:36.761+0545] {local_task_job_runner.py:243} INFO - Task exited with return code 0
[2026-07-20T13:11:36.771+0545] {taskinstance.py:3503} INFO - 0 downstream tasks scheduled from follow-on schedule check
[2026-07-20T13:11:36.771+0545] {local_task_job_runner.py:222} INFO - ::endgroup::
