[2026-07-19T19:38:15.197+0545] {local_task_job_runner.py:120} INFO - ::group::Pre task execution logs
[2026-07-19T19:38:15.217+0545] {taskinstance.py:2076} INFO - Dependencies all met for dep_context=non-requeueable deps ti=<TaskInstance: network_traffic_pipeline.native_clustering.gmm manual__2026-07-19T13:45:00.072255+00:00 [queued]>
[2026-07-19T19:38:15.223+0545] {taskinstance.py:2076} INFO - Dependencies all met for dep_context=requeueable deps ti=<TaskInstance: network_traffic_pipeline.native_clustering.gmm manual__2026-07-19T13:45:00.072255+00:00 [queued]>
[2026-07-19T19:38:15.223+0545] {taskinstance.py:2306} INFO - Starting attempt 1 of 2
[2026-07-19T19:38:15.236+0545] {taskinstance.py:2330} INFO - Executing <Task(BashOperator): native_clustering.gmm> on 2026-07-19 13:45:00.072255+00:00
[2026-07-19T19:38:15.241+0545] {standard_task_runner.py:64} INFO - Started process 74245 to run task
[2026-07-19T19:38:15.245+0545] {standard_task_runner.py:90} INFO - Running: ['airflow', 'tasks', 'run', 'network_traffic_pipeline', 'native_clustering.gmm', 'manual__2026-07-19T13:45:00.072255+00:00', '--job-id', '48', '--raw', '--subdir', 'DAGS_FOLDER/network_traffic_pipeline_dag.py', '--cfg-path', '/tmp/tmp2anzt9qs']
[2026-07-19T19:38:15.246+0545] {standard_task_runner.py:91} INFO - Job 48: Subtask native_clustering.gmm
[2026-07-19T19:38:15.280+0545] {task_command.py:426} INFO - Running <TaskInstance: network_traffic_pipeline.native_clustering.gmm manual__2026-07-19T13:45:00.072255+00:00 [running]> on host snigdh-IdeaPad-Slim-3-15IAH8
[2026-07-19T19:38:15.333+0545] {taskinstance.py:2648} INFO - Exporting env vars: AIRFLOW_CTX_DAG_OWNER='you' AIRFLOW_CTX_DAG_ID='network_traffic_pipeline' AIRFLOW_CTX_TASK_ID='native_clustering.gmm' AIRFLOW_CTX_EXECUTION_DATE='2026-07-19T13:45:00.072255+00:00' AIRFLOW_CTX_TRY_NUMBER='1' AIRFLOW_CTX_DAG_RUN_ID='manual__2026-07-19T13:45:00.072255+00:00'
[2026-07-19T19:38:15.334+0545] {taskinstance.py:430} INFO - ::endgroup::
[2026-07-19T19:38:15.334+0545] {subprocess.py:63} INFO - Tmp dir root location: /tmp
[2026-07-19T19:38:15.335+0545] {subprocess.py:75} INFO - Running command: ['/usr/bin/bash', '-c', 'cd /home/snigdh/repos/bigData && docker-compose exec spark-master /opt/spark/bin/spark-submit --master spark://localhost:7077 --py-files /app/common.py --conf spark.ui.port=4040 --conf spark.sql.extensions=io.delta.sql.DeltaSparkSessionExtension --conf spark.sql.catalog.spark_catalog=org.apache.spark.sql.delta.catalog.DeltaCatalog /app/task_gmm.py']
[2026-07-19T19:38:15.346+0545] {subprocess.py:86} INFO - Output:
[2026-07-19T19:38:27.420+0545] {subprocess.py:93} INFO - 26/07/19 13:53:27 INFO SparkContext: Running Spark version 3.5.0
[2026-07-19T19:38:27.422+0545] {subprocess.py:93} INFO - 26/07/19 13:53:27 INFO SparkContext: OS info Linux, 6.8.0-136-generic, amd64
[2026-07-19T19:38:27.422+0545] {subprocess.py:93} INFO - 26/07/19 13:53:27 INFO SparkContext: Java version 11.0.20.1
[2026-07-19T19:38:27.599+0545] {subprocess.py:93} INFO - 26/07/19 13:53:27 INFO ResourceUtils: ==============================================================
[2026-07-19T19:38:27.599+0545] {subprocess.py:93} INFO - 26/07/19 13:53:27 INFO ResourceUtils: No custom resources configured for spark.driver.
[2026-07-19T19:38:27.599+0545] {subprocess.py:93} INFO - 26/07/19 13:53:27 INFO ResourceUtils: ==============================================================
[2026-07-19T19:38:27.600+0545] {subprocess.py:93} INFO - 26/07/19 13:53:27 INFO SparkContext: Submitted application: anomaly_gmm
[2026-07-19T19:38:27.617+0545] {subprocess.py:93} INFO - 26/07/19 13:53:27 INFO ResourceProfile: Default ResourceProfile created, executor resources: Map(memory -> name: memory, amount: 1024, script: , vendor: , offHeap -> name: offHeap, amount: 0, script: , vendor: ), task resources: Map(cpus -> name: cpus, amount: 1.0)
[2026-07-19T19:38:27.625+0545] {subprocess.py:93} INFO - 26/07/19 13:53:27 INFO ResourceProfile: Limiting resource is cpu
[2026-07-19T19:38:27.626+0545] {subprocess.py:93} INFO - 26/07/19 13:53:27 INFO ResourceProfileManager: Added ResourceProfile id: 0
[2026-07-19T19:38:27.907+0545] {subprocess.py:93} INFO - 26/07/19 13:53:27 INFO SecurityManager: Changing view acls to: spark
[2026-07-19T19:38:27.907+0545] {subprocess.py:93} INFO - 26/07/19 13:53:27 INFO SecurityManager: Changing modify acls to: spark
[2026-07-19T19:38:27.907+0545] {subprocess.py:93} INFO - 26/07/19 13:53:27 INFO SecurityManager: Changing view acls groups to:
[2026-07-19T19:38:27.908+0545] {subprocess.py:93} INFO - 26/07/19 13:53:27 INFO SecurityManager: Changing modify acls groups to:
[2026-07-19T19:38:27.908+0545] {subprocess.py:93} INFO - 26/07/19 13:53:27 INFO SecurityManager: SecurityManager: authentication disabled; ui acls disabled; users with view permissions: spark; groups with view permissions: EMPTY; users with modify permissions: spark; groups with modify permissions: EMPTY
[2026-07-19T19:38:28.602+0545] {subprocess.py:93} INFO - 26/07/19 13:53:28 INFO Utils: Successfully started service 'sparkDriver' on port 35955.
[2026-07-19T19:38:28.711+0545] {subprocess.py:93} INFO - 26/07/19 13:53:28 INFO SparkEnv: Registering MapOutputTracker
[2026-07-19T19:38:28.901+0545] {subprocess.py:93} INFO - 26/07/19 13:53:28 INFO SparkEnv: Registering BlockManagerMaster
[2026-07-19T19:38:28.917+0545] {subprocess.py:93} INFO - 26/07/19 13:53:28 INFO BlockManagerMasterEndpoint: Using org.apache.spark.storage.DefaultTopologyMapper for getting topology information
[2026-07-19T19:38:28.918+0545] {subprocess.py:93} INFO - 26/07/19 13:53:28 INFO BlockManagerMasterEndpoint: BlockManagerMasterEndpoint up
[2026-07-19T19:38:29.003+0545] {subprocess.py:93} INFO - 26/07/19 13:53:29 INFO SparkEnv: Registering BlockManagerMasterHeartbeat
[2026-07-19T19:38:29.019+0545] {subprocess.py:93} INFO - 26/07/19 13:53:29 INFO DiskBlockManager: Created local directory at /tmp/blockmgr-8b45882b-2c70-41e3-9f51-e14bb133b0ea
[2026-07-19T19:38:29.111+0545] {subprocess.py:93} INFO - 26/07/19 13:53:29 INFO MemoryStore: MemoryStore started with capacity 413.9 MiB
[2026-07-19T19:38:29.206+0545] {subprocess.py:93} INFO - 26/07/19 13:53:29 INFO SparkEnv: Registering OutputCommitCoordinator
[2026-07-19T19:38:29.710+0545] {subprocess.py:93} INFO - 26/07/19 13:53:29 INFO JettyUtils: Start Jetty 0.0.0.0:4040 for SparkUI
[2026-07-19T19:38:29.814+0545] {subprocess.py:93} INFO - 26/07/19 13:53:29 INFO Utils: Successfully started service 'SparkUI' on port 4040.
[2026-07-19T19:38:30.008+0545] {subprocess.py:93} INFO - 26/07/19 13:53:30 INFO SparkContext: Added file file:///app/common.py at spark://7aa1691b5e48:35955/files/common.py with timestamp 1784469207409
[2026-07-19T19:38:30.009+0545] {subprocess.py:93} INFO - 26/07/19 13:53:30 INFO Utils: Copying /app/common.py to /tmp/spark-c83d0fe3-7f88-4f87-9b8b-c0eec137a368/userFiles-154d0ced-3a83-4bfb-aea5-2fa229e95ebc/common.py
[2026-07-19T19:38:30.507+0545] {subprocess.py:93} INFO - 26/07/19 13:53:30 INFO StandaloneAppClient$ClientEndpoint: Connecting to master spark://localhost:7077...
[2026-07-19T19:38:30.707+0545] {subprocess.py:93} INFO - 26/07/19 13:53:30 INFO TransportClientFactory: Successfully created connection to localhost/127.0.0.1:7077 after 94 ms (0 ms spent in bootstraps)
[2026-07-19T19:38:31.099+0545] {subprocess.py:93} INFO - 26/07/19 13:53:31 INFO StandaloneSchedulerBackend: Connected to Spark cluster with app ID app-20260719135331-0004
[2026-07-19T19:38:31.102+0545] {subprocess.py:93} INFO - 26/07/19 13:53:31 INFO StandaloneAppClient$ClientEndpoint: Executor added: app-20260719135331-0004/0 on worker-20260719134303-spark-worker2-8083 (spark-worker2:8083) with 1 core(s)
[2026-07-19T19:38:31.103+0545] {subprocess.py:93} INFO - 26/07/19 13:53:31 INFO StandaloneSchedulerBackend: Granted executor ID app-20260719135331-0004/0 on hostPort spark-worker2:8083 with 1 core(s), 1024.0 MiB RAM
[2026-07-19T19:38:31.104+0545] {subprocess.py:93} INFO - 26/07/19 13:53:31 INFO StandaloneAppClient$ClientEndpoint: Executor added: app-20260719135331-0004/1 on worker-20260719134303-spark-worker1-8081 (spark-worker1:8081) with 1 core(s)
[2026-07-19T19:38:31.105+0545] {subprocess.py:93} INFO - 26/07/19 13:53:31 INFO StandaloneSchedulerBackend: Granted executor ID app-20260719135331-0004/1 on hostPort spark-worker1:8081 with 1 core(s), 1024.0 MiB RAM
[2026-07-19T19:38:31.199+0545] {subprocess.py:93} INFO - 26/07/19 13:53:31 INFO Utils: Successfully started service 'org.apache.spark.network.netty.NettyBlockTransferService' on port 40771.
[2026-07-19T19:38:31.199+0545] {subprocess.py:93} INFO - 26/07/19 13:53:31 INFO NettyBlockTransferService: Server created on 7aa1691b5e48:40771
[2026-07-19T19:38:31.200+0545] {subprocess.py:93} INFO - 26/07/19 13:53:31 INFO BlockManager: Using org.apache.spark.storage.RandomBlockReplicationPolicy for block replication policy
[2026-07-19T19:38:31.202+0545] {subprocess.py:93} INFO - 26/07/19 13:53:31 INFO StandaloneAppClient$ClientEndpoint: Executor updated: app-20260719135331-0004/0 is now RUNNING
[2026-07-19T19:38:31.204+0545] {subprocess.py:93} INFO - 26/07/19 13:53:31 INFO StandaloneAppClient$ClientEndpoint: Executor updated: app-20260719135331-0004/1 is now RUNNING
[2026-07-19T19:38:31.207+0545] {subprocess.py:93} INFO - 26/07/19 13:53:31 INFO BlockManagerMaster: Registering BlockManager BlockManagerId(driver, 7aa1691b5e48, 40771, None)
[2026-07-19T19:38:31.298+0545] {subprocess.py:93} INFO - 26/07/19 13:53:31 INFO BlockManagerMasterEndpoint: Registering block manager 7aa1691b5e48:40771 with 413.9 MiB RAM, BlockManagerId(driver, 7aa1691b5e48, 40771, None)
[2026-07-19T19:38:31.300+0545] {subprocess.py:93} INFO - 26/07/19 13:53:31 INFO BlockManagerMaster: Registered BlockManager BlockManagerId(driver, 7aa1691b5e48, 40771, None)
[2026-07-19T19:38:31.301+0545] {subprocess.py:93} INFO - 26/07/19 13:53:31 INFO BlockManager: Initialized BlockManager: BlockManagerId(driver, 7aa1691b5e48, 40771, None)
[2026-07-19T19:38:31.908+0545] {subprocess.py:93} INFO - 26/07/19 13:53:31 INFO StandaloneSchedulerBackend: SchedulerBackend is ready for scheduling beginning after reached minRegisteredResourcesRatio: 0.0
[2026-07-19T19:39:04.710+0545] {subprocess.py:93} INFO - 26/07/19 13:54:04 WARN SparkStringUtils: Truncated the string representation of a plan since it was too large. This behavior can be adjusted by setting 'spark.sql.debug.maxToStringFields'.
[2026-07-19T19:40:01.903+0545] {subprocess.py:93} INFO - 26/07/19 13:55:01 WARN InstanceBuilder: Failed to load implementation from:dev.ludovic.netlib.blas.JNIBLAS
[2026-07-19T19:40:46.100+0545] {subprocess.py:93} INFO - [Driver] gmm_cluster counts: {1: 3139, 3: 65, 5: 2288, 4: 66, 2: 2315, 0: 2127}, minority=3
[2026-07-19T19:40:52.818+0545] {subprocess.py:93} INFO - [Driver] Wrote 'gmm' output -> hdfs://namenode:9000/user/demo/_scores/gmm
[2026-07-19T19:40:54.991+0545] {subprocess.py:97} INFO - Command exited with return code 0
[2026-07-19T19:40:54.991+0545] {taskinstance.py:441} INFO - ::group::Post task execution logs
[2026-07-19T19:40:55.006+0545] {taskinstance.py:1206} INFO - Marking task as SUCCESS. dag_id=network_traffic_pipeline, task_id=native_clustering.gmm, run_id=manual__2026-07-19T13:45:00.072255+00:00, execution_date=20260719T134500, start_date=20260719T135315, end_date=20260719T135555
[2026-07-19T19:40:55.036+0545] {local_task_job_runner.py:243} INFO - Task exited with return code 0
[2026-07-19T19:40:55.053+0545] {taskinstance.py:3503} INFO - 0 downstream tasks scheduled from follow-on schedule check
[2026-07-19T19:40:55.053+0545] {local_task_job_runner.py:222} INFO - ::endgroup::
