[2026-07-20T08:11:27.985+0545] {local_task_job_runner.py:120} INFO - ::group::Pre task execution logs
[2026-07-20T08:11:28.002+0545] {taskinstance.py:2076} INFO - Dependencies all met for dep_context=non-requeueable deps ti=<TaskInstance: network_traffic_pipeline.prepare_features manual__2026-07-20T02:23:05.960611+00:00 [queued]>
[2026-07-20T08:11:28.008+0545] {taskinstance.py:2076} INFO - Dependencies all met for dep_context=requeueable deps ti=<TaskInstance: network_traffic_pipeline.prepare_features manual__2026-07-20T02:23:05.960611+00:00 [queued]>
[2026-07-20T08:11:28.009+0545] {taskinstance.py:2306} INFO - Starting attempt 1 of 2
[2026-07-20T08:11:28.022+0545] {taskinstance.py:2330} INFO - Executing <Task(BashOperator): prepare_features> on 2026-07-20 02:23:05.960611+00:00
[2026-07-20T08:11:28.027+0545] {standard_task_runner.py:64} INFO - Started process 34102 to run task
[2026-07-20T08:11:28.030+0545] {standard_task_runner.py:90} INFO - Running: ['airflow', 'tasks', 'run', 'network_traffic_pipeline', 'prepare_features', 'manual__2026-07-20T02:23:05.960611+00:00', '--job-id', '67', '--raw', '--subdir', 'DAGS_FOLDER/network_traffic_pipeline_dag.py', '--cfg-path', '/tmp/tmp_lpfmszc']
[2026-07-20T08:11:28.032+0545] {standard_task_runner.py:91} INFO - Job 67: Subtask prepare_features
[2026-07-20T08:11:28.065+0545] {task_command.py:426} INFO - Running <TaskInstance: network_traffic_pipeline.prepare_features manual__2026-07-20T02:23:05.960611+00:00 [running]> on host snigdh-IdeaPad-Slim-3-15IAH8
[2026-07-20T08:11:28.124+0545] {taskinstance.py:2648} INFO - Exporting env vars: AIRFLOW_CTX_DAG_OWNER='you' AIRFLOW_CTX_DAG_ID='network_traffic_pipeline' AIRFLOW_CTX_TASK_ID='prepare_features' AIRFLOW_CTX_EXECUTION_DATE='2026-07-20T02:23:05.960611+00:00' AIRFLOW_CTX_TRY_NUMBER='1' AIRFLOW_CTX_DAG_RUN_ID='manual__2026-07-20T02:23:05.960611+00:00'
[2026-07-20T08:11:28.126+0545] {taskinstance.py:430} INFO - ::endgroup::
[2026-07-20T08:11:28.126+0545] {subprocess.py:63} INFO - Tmp dir root location: /tmp
[2026-07-20T08:11:28.127+0545] {subprocess.py:75} INFO - Running command: ['/usr/bin/bash', '-c', 'cd /home/snigdh/repos/bigData && docker-compose exec spark-master /opt/spark/bin/spark-submit --master spark://localhost:7077 --py-files /app/common.py --conf spark.ui.port=4040 --conf spark.sql.extensions=io.delta.sql.DeltaSparkSessionExtension --conf spark.sql.catalog.spark_catalog=org.apache.spark.sql.delta.catalog.DeltaCatalog /app/task_prepare_features.py']
[2026-07-20T08:11:28.138+0545] {subprocess.py:86} INFO - Output:
[2026-07-20T08:11:55.809+0545] {subprocess.py:93} INFO - 26/07/20 02:26:55 INFO SparkContext: Running Spark version 3.5.0
[2026-07-20T08:11:55.813+0545] {subprocess.py:93} INFO - 26/07/20 02:26:55 INFO SparkContext: OS info Linux, 6.8.0-136-generic, amd64
[2026-07-20T08:11:55.814+0545] {subprocess.py:93} INFO - 26/07/20 02:26:55 INFO SparkContext: Java version 11.0.20.1
[2026-07-20T08:11:56.106+0545] {subprocess.py:93} INFO - 26/07/20 02:26:56 INFO ResourceUtils: ==============================================================
[2026-07-20T08:11:56.107+0545] {subprocess.py:93} INFO - 26/07/20 02:26:56 INFO ResourceUtils: No custom resources configured for spark.driver.
[2026-07-20T08:11:56.108+0545] {subprocess.py:93} INFO - 26/07/20 02:26:56 INFO ResourceUtils: ==============================================================
[2026-07-20T08:11:56.109+0545] {subprocess.py:93} INFO - 26/07/20 02:26:56 INFO SparkContext: Submitted application: anomaly_prepare_features
[2026-07-20T08:11:56.315+0545] {subprocess.py:93} INFO - 26/07/20 02:26:56 INFO ResourceProfile: Default ResourceProfile created, executor resources: Map(memory -> name: memory, amount: 1024, script: , vendor: , offHeap -> name: offHeap, amount: 0, script: , vendor: ), task resources: Map(cpus -> name: cpus, amount: 1.0)
[2026-07-20T08:11:56.339+0545] {subprocess.py:93} INFO - 26/07/20 02:26:56 INFO ResourceProfile: Limiting resource is cpu
[2026-07-20T08:11:56.340+0545] {subprocess.py:93} INFO - 26/07/20 02:26:56 INFO ResourceProfileManager: Added ResourceProfile id: 0
[2026-07-20T08:11:56.807+0545] {subprocess.py:93} INFO - 26/07/20 02:26:56 INFO SecurityManager: Changing view acls to: spark
[2026-07-20T08:11:56.808+0545] {subprocess.py:93} INFO - 26/07/20 02:26:56 INFO SecurityManager: Changing modify acls to: spark
[2026-07-20T08:11:56.808+0545] {subprocess.py:93} INFO - 26/07/20 02:26:56 INFO SecurityManager: Changing view acls groups to:
[2026-07-20T08:11:56.809+0545] {subprocess.py:93} INFO - 26/07/20 02:26:56 INFO SecurityManager: Changing modify acls groups to:
[2026-07-20T08:11:56.810+0545] {subprocess.py:93} INFO - 26/07/20 02:26:56 INFO SecurityManager: SecurityManager: authentication disabled; ui acls disabled; users with view permissions: spark; groups with view permissions: EMPTY; users with modify permissions: spark; groups with modify permissions: EMPTY
[2026-07-20T08:11:58.412+0545] {subprocess.py:93} INFO - 26/07/20 02:26:58 INFO Utils: Successfully started service 'sparkDriver' on port 33369.
[2026-07-20T08:11:58.607+0545] {subprocess.py:93} INFO - 26/07/20 02:26:58 INFO SparkEnv: Registering MapOutputTracker
[2026-07-20T08:11:59.009+0545] {subprocess.py:93} INFO - 26/07/20 02:26:59 INFO SparkEnv: Registering BlockManagerMaster
[2026-07-20T08:11:59.208+0545] {subprocess.py:93} INFO - 26/07/20 02:26:59 INFO BlockManagerMasterEndpoint: Using org.apache.spark.storage.DefaultTopologyMapper for getting topology information
[2026-07-20T08:11:59.209+0545] {subprocess.py:93} INFO - 26/07/20 02:26:59 INFO BlockManagerMasterEndpoint: BlockManagerMasterEndpoint up
[2026-07-20T08:11:59.218+0545] {subprocess.py:93} INFO - 26/07/20 02:26:59 INFO SparkEnv: Registering BlockManagerMasterHeartbeat
[2026-07-20T08:11:59.328+0545] {subprocess.py:93} INFO - 26/07/20 02:26:59 INFO DiskBlockManager: Created local directory at /tmp/blockmgr-df6265a6-5d8e-4e98-9dc2-327df1983cf1
[2026-07-20T08:11:59.510+0545] {subprocess.py:93} INFO - 26/07/20 02:26:59 INFO MemoryStore: MemoryStore started with capacity 413.9 MiB
[2026-07-20T08:11:59.621+0545] {subprocess.py:93} INFO - 26/07/20 02:26:59 INFO SparkEnv: Registering OutputCommitCoordinator
[2026-07-20T08:12:00.612+0545] {subprocess.py:93} INFO - 26/07/20 02:27:00 INFO JettyUtils: Start Jetty 0.0.0.0:4040 for SparkUI
[2026-07-20T08:12:00.927+0545] {subprocess.py:93} INFO - 26/07/20 02:27:00 INFO Utils: Successfully started service 'SparkUI' on port 4040.
[2026-07-20T08:12:01.209+0545] {subprocess.py:93} INFO - 26/07/20 02:27:01 INFO SparkContext: Added file file:///app/common.py at spark://bfe6d2784474:33369/files/common.py with timestamp 1784514415710
[2026-07-20T08:12:01.211+0545] {subprocess.py:93} INFO - 26/07/20 02:27:01 INFO Utils: Copying /app/common.py to /tmp/spark-cbc10651-51f6-46b6-84b5-893163ebfdef/userFiles-5867089a-7eea-4bb9-8149-1b660a1ef09f/common.py
[2026-07-20T08:12:01.914+0545] {subprocess.py:93} INFO - 26/07/20 02:27:01 INFO StandaloneAppClient$ClientEndpoint: Connecting to master spark://localhost:7077...
[2026-07-20T08:12:02.313+0545] {subprocess.py:93} INFO - 26/07/20 02:27:02 INFO TransportClientFactory: Successfully created connection to localhost/127.0.0.1:7077 after 130 ms (0 ms spent in bootstraps)
[2026-07-20T08:12:02.910+0545] {subprocess.py:93} INFO - 26/07/20 02:27:02 INFO StandaloneSchedulerBackend: Connected to Spark cluster with app ID app-20260720022702-0001
[2026-07-20T08:12:02.913+0545] {subprocess.py:93} INFO - 26/07/20 02:27:02 INFO StandaloneAppClient$ClientEndpoint: Executor added: app-20260720022702-0001/0 on worker-20260720022328-spark-worker2-8083 (spark-worker2:8083) with 1 core(s)
[2026-07-20T08:12:02.915+0545] {subprocess.py:93} INFO - 26/07/20 02:27:02 INFO StandaloneSchedulerBackend: Granted executor ID app-20260720022702-0001/0 on hostPort spark-worker2:8083 with 1 core(s), 1024.0 MiB RAM
[2026-07-20T08:12:02.916+0545] {subprocess.py:93} INFO - 26/07/20 02:27:02 INFO StandaloneAppClient$ClientEndpoint: Executor added: app-20260720022702-0001/1 on worker-20260720022328-spark-worker1-8081 (spark-worker1:8081) with 1 core(s)
[2026-07-20T08:12:02.916+0545] {subprocess.py:93} INFO - 26/07/20 02:27:02 INFO StandaloneSchedulerBackend: Granted executor ID app-20260720022702-0001/1 on hostPort spark-worker1:8081 with 1 core(s), 1024.0 MiB RAM
[2026-07-20T08:12:02.923+0545] {subprocess.py:93} INFO - 26/07/20 02:27:02 INFO Utils: Successfully started service 'org.apache.spark.network.netty.NettyBlockTransferService' on port 43827.
[2026-07-20T08:12:02.924+0545] {subprocess.py:93} INFO - 26/07/20 02:27:02 INFO NettyBlockTransferService: Server created on bfe6d2784474:43827
[2026-07-20T08:12:02.927+0545] {subprocess.py:93} INFO - 26/07/20 02:27:02 INFO BlockManager: Using org.apache.spark.storage.RandomBlockReplicationPolicy for block replication policy
[2026-07-20T08:12:03.107+0545] {subprocess.py:93} INFO - 26/07/20 02:27:03 INFO BlockManagerMaster: Registering BlockManager BlockManagerId(driver, bfe6d2784474, 43827, None)
[2026-07-20T08:12:03.116+0545] {subprocess.py:93} INFO - 26/07/20 02:27:03 INFO BlockManagerMasterEndpoint: Registering block manager bfe6d2784474:43827 with 413.9 MiB RAM, BlockManagerId(driver, bfe6d2784474, 43827, None)
[2026-07-20T08:12:03.212+0545] {subprocess.py:93} INFO - 26/07/20 02:27:03 INFO BlockManagerMaster: Registered BlockManager BlockManagerId(driver, bfe6d2784474, 43827, None)
[2026-07-20T08:12:03.216+0545] {subprocess.py:93} INFO - 26/07/20 02:27:03 INFO BlockManager: Initialized BlockManager: BlockManagerId(driver, bfe6d2784474, 43827, None)
[2026-07-20T08:12:03.308+0545] {subprocess.py:93} INFO - 26/07/20 02:27:03 INFO StandaloneAppClient$ClientEndpoint: Executor updated: app-20260720022702-0001/1 is now RUNNING
[2026-07-20T08:12:03.308+0545] {subprocess.py:93} INFO - 26/07/20 02:27:03 INFO StandaloneAppClient$ClientEndpoint: Executor updated: app-20260720022702-0001/0 is now RUNNING
[2026-07-20T08:12:05.417+0545] {subprocess.py:93} INFO - 26/07/20 02:27:05 INFO StandaloneSchedulerBackend: SchedulerBackend is ready for scheduling beginning after reached minRegisteredResourcesRatio: 0.0
[2026-07-20T08:13:23.215+0545] {subprocess.py:93} INFO - 26/07/20 02:28:23 WARN SparkStringUtils: Truncated the string representation of a plan since it was too large. This behavior can be adjusted by setting 'spark.sql.debug.maxToStringFields'.
[2026-07-20T08:14:23.516+0545] {subprocess.py:93} INFO - [Driver] Loaded 10000 rows from hdfs://namenode:9000/user/demo/network_data.
[2026-07-20T08:15:34.013+0545] {subprocess.py:93} INFO - [Driver] Wrote 10000 rows of engineered features -> hdfs://namenode:9000/user/demo/_features
[2026-07-20T08:15:37.813+0545] {subprocess.py:97} INFO - Command exited with return code 0
[2026-07-20T08:15:37.814+0545] {taskinstance.py:441} INFO - ::group::Post task execution logs
[2026-07-20T08:15:37.843+0545] {taskinstance.py:1206} INFO - Marking task as SUCCESS. dag_id=network_traffic_pipeline, task_id=prepare_features, run_id=manual__2026-07-20T02:23:05.960611+00:00, execution_date=20260720T022305, start_date=20260720T022628, end_date=20260720T023037
[2026-07-20T08:15:37.899+0545] {local_task_job_runner.py:243} INFO - Task exited with return code 0
[2026-07-20T08:15:37.938+0545] {taskinstance.py:3503} INFO - 8 downstream tasks scheduled from follow-on schedule check
[2026-07-20T08:15:37.945+0545] {local_task_job_runner.py:222} INFO - ::endgroup::
