[2026-07-20T13:11:38.726+0545] {local_task_job_runner.py:120} INFO - ::group::Pre task execution logs
[2026-07-20T13:11:38.744+0545] {taskinstance.py:2076} INFO - Dependencies all met for dep_context=non-requeueable deps ti=<TaskInstance: network_traffic_pipeline.autoencoder_family.deep_embedding manual__2026-07-20T06:51:36.359976+00:00 [queued]>
[2026-07-20T13:11:38.750+0545] {taskinstance.py:2076} INFO - Dependencies all met for dep_context=requeueable deps ti=<TaskInstance: network_traffic_pipeline.autoencoder_family.deep_embedding manual__2026-07-20T06:51:36.359976+00:00 [queued]>
[2026-07-20T13:11:38.750+0545] {taskinstance.py:2306} INFO - Starting attempt 1 of 2
[2026-07-20T13:11:38.762+0545] {taskinstance.py:2330} INFO - Executing <Task(BashOperator): autoencoder_family.deep_embedding> on 2026-07-20 06:51:36.359976+00:00
[2026-07-20T13:11:38.767+0545] {standard_task_runner.py:64} INFO - Started process 101050 to run task
[2026-07-20T13:11:38.769+0545] {standard_task_runner.py:90} INFO - Running: ['airflow', 'tasks', 'run', 'network_traffic_pipeline', 'autoencoder_family.deep_embedding', 'manual__2026-07-20T06:51:36.359976+00:00', '--job-id', '121', '--raw', '--subdir', 'DAGS_FOLDER/network_traffic_pipeline_dag.py', '--cfg-path', '/tmp/tmp49zdqxy_']
[2026-07-20T13:11:38.770+0545] {standard_task_runner.py:91} INFO - Job 121: Subtask autoencoder_family.deep_embedding
[2026-07-20T13:11:38.799+0545] {task_command.py:426} INFO - Running <TaskInstance: network_traffic_pipeline.autoencoder_family.deep_embedding manual__2026-07-20T06:51:36.359976+00:00 [running]> on host snigdh-IdeaPad-Slim-3-15IAH8
[2026-07-20T13:11:38.852+0545] {taskinstance.py:2648} INFO - Exporting env vars: AIRFLOW_CTX_DAG_OWNER='you' AIRFLOW_CTX_DAG_ID='network_traffic_pipeline' AIRFLOW_CTX_TASK_ID='autoencoder_family.deep_embedding' AIRFLOW_CTX_EXECUTION_DATE='2026-07-20T06:51:36.359976+00:00' AIRFLOW_CTX_TRY_NUMBER='1' AIRFLOW_CTX_DAG_RUN_ID='manual__2026-07-20T06:51:36.359976+00:00'
[2026-07-20T13:11:38.854+0545] {taskinstance.py:430} INFO - ::endgroup::
[2026-07-20T13:11:38.854+0545] {subprocess.py:63} INFO - Tmp dir root location: /tmp
[2026-07-20T13:11:38.855+0545] {subprocess.py:75} INFO - Running command: ['/usr/bin/bash', '-c', 'cd /home/snigdh/repos/bigData && docker-compose exec spark-master /opt/spark/bin/spark-submit --master spark://localhost:7077 --py-files /app/common.py --conf spark.ui.port=4040 --conf spark.sql.extensions=io.delta.sql.DeltaSparkSessionExtension --conf spark.sql.catalog.spark_catalog=org.apache.spark.sql.delta.catalog.DeltaCatalog /app/task_deep_embedding.py']
[2026-07-20T13:11:38.864+0545] {subprocess.py:86} INFO - Output:
[2026-07-20T13:11:50.646+0545] {subprocess.py:93} INFO - 26/07/20 07:26:50 INFO SparkContext: Running Spark version 3.5.0
[2026-07-20T13:11:50.649+0545] {subprocess.py:93} INFO - 26/07/20 07:26:50 INFO SparkContext: OS info Linux, 6.8.0-136-generic, amd64
[2026-07-20T13:11:50.649+0545] {subprocess.py:93} INFO - 26/07/20 07:26:50 INFO SparkContext: Java version 11.0.20.1
[2026-07-20T13:11:50.755+0545] {subprocess.py:93} INFO - 26/07/20 07:26:50 INFO ResourceUtils: ==============================================================
[2026-07-20T13:11:50.755+0545] {subprocess.py:93} INFO - 26/07/20 07:26:50 INFO ResourceUtils: No custom resources configured for spark.driver.
[2026-07-20T13:11:50.755+0545] {subprocess.py:93} INFO - 26/07/20 07:26:50 INFO ResourceUtils: ==============================================================
[2026-07-20T13:11:50.756+0545] {subprocess.py:93} INFO - 26/07/20 07:26:50 INFO SparkContext: Submitted application: anomaly_deep_embedding
[2026-07-20T13:11:50.848+0545] {subprocess.py:93} INFO - 26/07/20 07:26:50 INFO ResourceProfile: Default ResourceProfile created, executor resources: Map(memory -> name: memory, amount: 1024, script: , vendor: , offHeap -> name: offHeap, amount: 0, script: , vendor: ), task resources: Map(cpus -> name: cpus, amount: 1.0)
[2026-07-20T13:11:50.858+0545] {subprocess.py:93} INFO - 26/07/20 07:26:50 INFO ResourceProfile: Limiting resource is cpu
[2026-07-20T13:11:50.938+0545] {subprocess.py:93} INFO - 26/07/20 07:26:50 INFO ResourceProfileManager: Added ResourceProfile id: 0
[2026-07-20T13:11:51.047+0545] {subprocess.py:93} INFO - 26/07/20 07:26:51 INFO SecurityManager: Changing view acls to: spark
[2026-07-20T13:11:51.048+0545] {subprocess.py:93} INFO - 26/07/20 07:26:51 INFO SecurityManager: Changing modify acls to: spark
[2026-07-20T13:11:51.048+0545] {subprocess.py:93} INFO - 26/07/20 07:26:51 INFO SecurityManager: Changing view acls groups to:
[2026-07-20T13:11:51.048+0545] {subprocess.py:93} INFO - 26/07/20 07:26:51 INFO SecurityManager: Changing modify acls groups to:
[2026-07-20T13:11:51.049+0545] {subprocess.py:93} INFO - 26/07/20 07:26:51 INFO SecurityManager: SecurityManager: authentication disabled; ui acls disabled; users with view permissions: spark; groups with view permissions: EMPTY; users with modify permissions: spark; groups with modify permissions: EMPTY
[2026-07-20T13:11:51.751+0545] {subprocess.py:93} INFO - 26/07/20 07:26:51 INFO Utils: Successfully started service 'sparkDriver' on port 44987.
[2026-07-20T13:11:51.854+0545] {subprocess.py:93} INFO - 26/07/20 07:26:51 INFO SparkEnv: Registering MapOutputTracker
[2026-07-20T13:11:52.058+0545] {subprocess.py:93} INFO - 26/07/20 07:26:52 INFO SparkEnv: Registering BlockManagerMaster
[2026-07-20T13:11:52.071+0545] {subprocess.py:93} INFO - 26/07/20 07:26:52 INFO BlockManagerMasterEndpoint: Using org.apache.spark.storage.DefaultTopologyMapper for getting topology information
[2026-07-20T13:11:52.071+0545] {subprocess.py:93} INFO - 26/07/20 07:26:52 INFO BlockManagerMasterEndpoint: BlockManagerMasterEndpoint up
[2026-07-20T13:11:52.074+0545] {subprocess.py:93} INFO - 26/07/20 07:26:52 INFO SparkEnv: Registering BlockManagerMasterHeartbeat
[2026-07-20T13:11:52.154+0545] {subprocess.py:93} INFO - 26/07/20 07:26:52 INFO DiskBlockManager: Created local directory at /tmp/blockmgr-ad0a8816-0c54-400c-9419-214bf459b664
[2026-07-20T13:11:52.164+0545] {subprocess.py:93} INFO - 26/07/20 07:26:52 INFO MemoryStore: MemoryStore started with capacity 413.9 MiB
[2026-07-20T13:11:52.246+0545] {subprocess.py:93} INFO - 26/07/20 07:26:52 INFO SparkEnv: Registering OutputCommitCoordinator
[2026-07-20T13:11:52.559+0545] {subprocess.py:93} INFO - 26/07/20 07:26:52 INFO JettyUtils: Start Jetty 0.0.0.0:4040 for SparkUI
[2026-07-20T13:11:52.738+0545] {subprocess.py:93} INFO - 26/07/20 07:26:52 INFO Utils: Successfully started service 'SparkUI' on port 4040.
[2026-07-20T13:11:52.843+0545] {subprocess.py:93} INFO - 26/07/20 07:26:52 INFO SparkContext: Added file file:///app/common.py at spark://e6ba47dbf3fb:44987/files/common.py with timestamp 1784532410560
[2026-07-20T13:11:52.845+0545] {subprocess.py:93} INFO - 26/07/20 07:26:52 INFO Utils: Copying /app/common.py to /tmp/spark-957cd118-49f6-4fe3-84d3-d077694d47dd/userFiles-7bdf599a-2e9f-4be8-bae1-867663442aad/common.py
[2026-07-20T13:11:53.251+0545] {subprocess.py:93} INFO - 26/07/20 07:26:53 INFO StandaloneAppClient$ClientEndpoint: Connecting to master spark://localhost:7077...
[2026-07-20T13:11:53.456+0545] {subprocess.py:93} INFO - 26/07/20 07:26:53 INFO TransportClientFactory: Successfully created connection to localhost/127.0.0.1:7077 after 100 ms (0 ms spent in bootstraps)
[2026-07-20T13:11:53.746+0545] {subprocess.py:93} INFO - 26/07/20 07:26:53 INFO StandaloneSchedulerBackend: Connected to Spark cluster with app ID app-20260720072653-0017
[2026-07-20T13:11:53.748+0545] {subprocess.py:93} INFO - 26/07/20 07:26:53 INFO StandaloneAppClient$ClientEndpoint: Executor added: app-20260720072653-0017/0 on worker-20260720065158-spark-worker1-8081 (spark-worker1:8081) with 1 core(s)
[2026-07-20T13:11:53.840+0545] {subprocess.py:93} INFO - 26/07/20 07:26:53 INFO StandaloneSchedulerBackend: Granted executor ID app-20260720072653-0017/0 on hostPort spark-worker1:8081 with 1 core(s), 1024.0 MiB RAM
[2026-07-20T13:11:53.840+0545] {subprocess.py:93} INFO - 26/07/20 07:26:53 INFO StandaloneAppClient$ClientEndpoint: Executor added: app-20260720072653-0017/1 on worker-20260720065158-spark-worker2-8083 (spark-worker2:8083) with 1 core(s)
[2026-07-20T13:11:53.841+0545] {subprocess.py:93} INFO - 26/07/20 07:26:53 INFO StandaloneSchedulerBackend: Granted executor ID app-20260720072653-0017/1 on hostPort spark-worker2:8083 with 1 core(s), 1024.0 MiB RAM
[2026-07-20T13:11:53.842+0545] {subprocess.py:93} INFO - 26/07/20 07:26:53 INFO Utils: Successfully started service 'org.apache.spark.network.netty.NettyBlockTransferService' on port 40615.
[2026-07-20T13:11:53.843+0545] {subprocess.py:93} INFO - 26/07/20 07:26:53 INFO NettyBlockTransferService: Server created on e6ba47dbf3fb:40615
[2026-07-20T13:11:53.844+0545] {subprocess.py:93} INFO - 26/07/20 07:26:53 INFO BlockManager: Using org.apache.spark.storage.RandomBlockReplicationPolicy for block replication policy
[2026-07-20T13:11:53.937+0545] {subprocess.py:93} INFO - 26/07/20 07:26:53 INFO BlockManagerMaster: Registering BlockManager BlockManagerId(driver, e6ba47dbf3fb, 40615, None)
[2026-07-20T13:11:53.940+0545] {subprocess.py:93} INFO - 26/07/20 07:26:53 INFO BlockManagerMasterEndpoint: Registering block manager e6ba47dbf3fb:40615 with 413.9 MiB RAM, BlockManagerId(driver, e6ba47dbf3fb, 40615, None)
[2026-07-20T13:11:53.943+0545] {subprocess.py:93} INFO - 26/07/20 07:26:53 INFO BlockManagerMaster: Registered BlockManager BlockManagerId(driver, e6ba47dbf3fb, 40615, None)
[2026-07-20T13:11:53.944+0545] {subprocess.py:93} INFO - 26/07/20 07:26:53 INFO StandaloneAppClient$ClientEndpoint: Executor updated: app-20260720072653-0017/0 is now RUNNING
[2026-07-20T13:11:53.944+0545] {subprocess.py:93} INFO - 26/07/20 07:26:53 INFO BlockManager: Initialized BlockManager: BlockManagerId(driver, e6ba47dbf3fb, 40615, None)
[2026-07-20T13:11:53.945+0545] {subprocess.py:93} INFO - 26/07/20 07:26:53 INFO StandaloneAppClient$ClientEndpoint: Executor updated: app-20260720072653-0017/1 is now RUNNING
[2026-07-20T13:11:55.136+0545] {subprocess.py:93} INFO - 26/07/20 07:26:55 INFO StandaloneSchedulerBackend: SchedulerBackend is ready for scheduling beginning after reached minRegisteredResourcesRatio: 0.0
[2026-07-20T13:12:39.450+0545] {subprocess.py:93} INFO - 26/07/20 07:27:39 WARN SparkStringUtils: Truncated the string representation of a plan since it was too large. This behavior can be adjusted by setting 'spark.sql.debug.maxToStringFields'.
[2026-07-20T13:13:44.142+0545] {subprocess.py:93} INFO - 26/07/20 07:28:44 WARN InstanceBuilder: Failed to load implementation from:dev.ludovic.netlib.blas.JNIBLAS
[2026-07-20T13:13:59.329+0545] {subprocess.py:93} INFO - [Driver] deepemb_cluster counts: {1: 1277, 6: 1255, 3: 18, 5: 1223, 4: 16, 7: 1786, 2: 2109, 0: 2316}, minority=4
[2026-07-20T13:14:06.749+0545] {subprocess.py:93} INFO - [Driver] Wrote 'deep_embedding' output -> hdfs://namenode:9000/user/demo/_scores/deep_embedding
[2026-07-20T13:14:08.753+0545] {subprocess.py:97} INFO - Command exited with return code 0
[2026-07-20T13:14:08.753+0545] {taskinstance.py:441} INFO - ::group::Post task execution logs
[2026-07-20T13:14:08.768+0545] {taskinstance.py:1206} INFO - Marking task as SUCCESS. dag_id=network_traffic_pipeline, task_id=autoencoder_family.deep_embedding, run_id=manual__2026-07-20T06:51:36.359976+00:00, execution_date=20260720T065136, start_date=20260720T072638, end_date=20260720T072908
[2026-07-20T13:14:08.782+0545] {local_task_job_runner.py:243} INFO - Task exited with return code 0
[2026-07-20T13:14:08.792+0545] {taskinstance.py:3503} INFO - 0 downstream tasks scheduled from follow-on schedule check
[2026-07-20T13:14:08.792+0545] {local_task_job_runner.py:222} INFO - ::endgroup::
