[2026-07-20T12:51:31.909+0545] {local_task_job_runner.py:120} INFO - ::group::Pre task execution logs
[2026-07-20T12:51:31.922+0545] {taskinstance.py:2076} INFO - Dependencies all met for dep_context=non-requeueable deps ti=<TaskInstance: network_traffic_pipeline.partition_local_models.dbscan manual__2026-07-20T06:51:36.359976+00:00 [queued]>
[2026-07-20T12:51:31.926+0545] {taskinstance.py:2076} INFO - Dependencies all met for dep_context=requeueable deps ti=<TaskInstance: network_traffic_pipeline.partition_local_models.dbscan manual__2026-07-20T06:51:36.359976+00:00 [queued]>
[2026-07-20T12:51:31.926+0545] {taskinstance.py:2306} INFO - Starting attempt 1 of 2
[2026-07-20T12:51:31.936+0545] {taskinstance.py:2330} INFO - Executing <Task(BashOperator): partition_local_models.dbscan> on 2026-07-20 06:51:36.359976+00:00
[2026-07-20T12:51:31.939+0545] {standard_task_runner.py:64} INFO - Started process 84309 to run task
[2026-07-20T12:51:31.942+0545] {standard_task_runner.py:90} INFO - Running: ['airflow', 'tasks', 'run', 'network_traffic_pipeline', 'partition_local_models.dbscan', 'manual__2026-07-20T06:51:36.359976+00:00', '--job-id', '111', '--raw', '--subdir', 'DAGS_FOLDER/network_traffic_pipeline_dag.py', '--cfg-path', '/tmp/tmprwxrl8un']
[2026-07-20T12:51:31.943+0545] {standard_task_runner.py:91} INFO - Job 111: Subtask partition_local_models.dbscan
[2026-07-20T12:51:31.966+0545] {task_command.py:426} INFO - Running <TaskInstance: network_traffic_pipeline.partition_local_models.dbscan manual__2026-07-20T06:51:36.359976+00:00 [running]> on host snigdh-IdeaPad-Slim-3-15IAH8
[2026-07-20T12:51:32.008+0545] {taskinstance.py:2648} INFO - Exporting env vars: AIRFLOW_CTX_DAG_OWNER='you' AIRFLOW_CTX_DAG_ID='network_traffic_pipeline' AIRFLOW_CTX_TASK_ID='partition_local_models.dbscan' AIRFLOW_CTX_EXECUTION_DATE='2026-07-20T06:51:36.359976+00:00' AIRFLOW_CTX_TRY_NUMBER='1' AIRFLOW_CTX_DAG_RUN_ID='manual__2026-07-20T06:51:36.359976+00:00'
[2026-07-20T12:51:32.009+0545] {taskinstance.py:430} INFO - ::endgroup::
[2026-07-20T12:51:32.010+0545] {subprocess.py:63} INFO - Tmp dir root location: /tmp
[2026-07-20T12:51:32.010+0545] {subprocess.py:75} INFO - Running command: ['/usr/bin/bash', '-c', 'cd /home/snigdh/repos/bigData && docker-compose exec spark-master /opt/spark/bin/spark-submit --master spark://localhost:7077 --py-files /app/common.py --conf spark.ui.port=4040 --conf spark.sql.extensions=io.delta.sql.DeltaSparkSessionExtension --conf spark.sql.catalog.spark_catalog=org.apache.spark.sql.delta.catalog.DeltaCatalog /app/task_dbscan.py']
[2026-07-20T12:51:32.019+0545] {subprocess.py:86} INFO - Output:
[2026-07-20T12:51:42.265+0545] {subprocess.py:93} INFO - 26/07/20 07:06:42 INFO SparkContext: Running Spark version 3.5.0
[2026-07-20T12:51:42.266+0545] {subprocess.py:93} INFO - 26/07/20 07:06:42 INFO SparkContext: OS info Linux, 6.8.0-136-generic, amd64
[2026-07-20T12:51:42.266+0545] {subprocess.py:93} INFO - 26/07/20 07:06:42 INFO SparkContext: Java version 11.0.20.1
[2026-07-20T12:51:42.350+0545] {subprocess.py:93} INFO - 26/07/20 07:06:42 INFO ResourceUtils: ==============================================================
[2026-07-20T12:51:42.351+0545] {subprocess.py:93} INFO - 26/07/20 07:06:42 INFO ResourceUtils: No custom resources configured for spark.driver.
[2026-07-20T12:51:42.351+0545] {subprocess.py:93} INFO - 26/07/20 07:06:42 INFO ResourceUtils: ==============================================================
[2026-07-20T12:51:42.351+0545] {subprocess.py:93} INFO - 26/07/20 07:06:42 INFO SparkContext: Submitted application: anomaly_dbscan
[2026-07-20T12:51:42.443+0545] {subprocess.py:93} INFO - 26/07/20 07:06:42 INFO ResourceProfile: Default ResourceProfile created, executor resources: Map(memory -> name: memory, amount: 1024, script: , vendor: , offHeap -> name: offHeap, amount: 0, script: , vendor: ), task resources: Map(cpus -> name: cpus, amount: 1.0)
[2026-07-20T12:51:42.450+0545] {subprocess.py:93} INFO - 26/07/20 07:06:42 INFO ResourceProfile: Limiting resource is cpu
[2026-07-20T12:51:42.450+0545] {subprocess.py:93} INFO - 26/07/20 07:06:42 INFO ResourceProfileManager: Added ResourceProfile id: 0
[2026-07-20T12:51:42.564+0545] {subprocess.py:93} INFO - 26/07/20 07:06:42 INFO SecurityManager: Changing view acls to: spark
[2026-07-20T12:51:42.564+0545] {subprocess.py:93} INFO - 26/07/20 07:06:42 INFO SecurityManager: Changing modify acls to: spark
[2026-07-20T12:51:42.564+0545] {subprocess.py:93} INFO - 26/07/20 07:06:42 INFO SecurityManager: Changing view acls groups to:
[2026-07-20T12:51:42.564+0545] {subprocess.py:93} INFO - 26/07/20 07:06:42 INFO SecurityManager: Changing modify acls groups to:
[2026-07-20T12:51:42.564+0545] {subprocess.py:93} INFO - 26/07/20 07:06:42 INFO SecurityManager: SecurityManager: authentication disabled; ui acls disabled; users with view permissions: spark; groups with view permissions: EMPTY; users with modify permissions: spark; groups with modify permissions: EMPTY
[2026-07-20T12:51:43.144+0545] {subprocess.py:93} INFO - 26/07/20 07:06:43 INFO Utils: Successfully started service 'sparkDriver' on port 38501.
[2026-07-20T12:51:43.244+0545] {subprocess.py:93} INFO - 26/07/20 07:06:43 INFO SparkEnv: Registering MapOutputTracker
[2026-07-20T12:51:43.360+0545] {subprocess.py:93} INFO - 26/07/20 07:06:43 INFO SparkEnv: Registering BlockManagerMaster
[2026-07-20T12:51:43.444+0545] {subprocess.py:93} INFO - 26/07/20 07:06:43 INFO BlockManagerMasterEndpoint: Using org.apache.spark.storage.DefaultTopologyMapper for getting topology information
[2026-07-20T12:51:43.445+0545] {subprocess.py:93} INFO - 26/07/20 07:06:43 INFO BlockManagerMasterEndpoint: BlockManagerMasterEndpoint up
[2026-07-20T12:51:43.448+0545] {subprocess.py:93} INFO - 26/07/20 07:06:43 INFO SparkEnv: Registering BlockManagerMasterHeartbeat
[2026-07-20T12:51:43.461+0545] {subprocess.py:93} INFO - 26/07/20 07:06:43 INFO DiskBlockManager: Created local directory at /tmp/blockmgr-8311330d-5997-4593-9881-9332858a3dbe
[2026-07-20T12:51:43.469+0545] {subprocess.py:93} INFO - 26/07/20 07:06:43 INFO MemoryStore: MemoryStore started with capacity 413.9 MiB
[2026-07-20T12:51:43.550+0545] {subprocess.py:93} INFO - 26/07/20 07:06:43 INFO SparkEnv: Registering OutputCommitCoordinator
[2026-07-20T12:51:43.768+0545] {subprocess.py:93} INFO - 26/07/20 07:06:43 INFO JettyUtils: Start Jetty 0.0.0.0:4040 for SparkUI
[2026-07-20T12:51:43.950+0545] {subprocess.py:93} INFO - 26/07/20 07:06:43 INFO Utils: Successfully started service 'SparkUI' on port 4040.
[2026-07-20T12:51:44.055+0545] {subprocess.py:93} INFO - 26/07/20 07:06:44 INFO SparkContext: Added file file:///app/common.py at spark://e6ba47dbf3fb:38501/files/common.py with timestamp 1784531202257
[2026-07-20T12:51:44.055+0545] {subprocess.py:93} INFO - 26/07/20 07:06:44 INFO Utils: Copying /app/common.py to /tmp/spark-0eead1c6-fb5c-42e9-ab7a-3ceabc632a0b/userFiles-94fd0310-e4df-4639-b556-5e5d9a2c1acd/common.py
[2026-07-20T12:51:44.450+0545] {subprocess.py:93} INFO - 26/07/20 07:06:44 INFO StandaloneAppClient$ClientEndpoint: Connecting to master spark://localhost:7077...
[2026-07-20T12:51:44.650+0545] {subprocess.py:93} INFO - 26/07/20 07:06:44 INFO TransportClientFactory: Successfully created connection to localhost/127.0.0.1:7077 after 106 ms (0 ms spent in bootstraps)
[2026-07-20T12:51:44.938+0545] {subprocess.py:93} INFO - 26/07/20 07:06:44 INFO StandaloneSchedulerBackend: Connected to Spark cluster with app ID app-20260720070644-0007
[2026-07-20T12:51:44.941+0545] {subprocess.py:93} INFO - 26/07/20 07:06:44 INFO StandaloneAppClient$ClientEndpoint: Executor added: app-20260720070644-0007/0 on worker-20260720065158-spark-worker1-8081 (spark-worker1:8081) with 1 core(s)
[2026-07-20T12:51:44.942+0545] {subprocess.py:93} INFO - 26/07/20 07:06:44 INFO StandaloneSchedulerBackend: Granted executor ID app-20260720070644-0007/0 on hostPort spark-worker1:8081 with 1 core(s), 1024.0 MiB RAM
[2026-07-20T12:51:44.943+0545] {subprocess.py:93} INFO - 26/07/20 07:06:44 INFO StandaloneAppClient$ClientEndpoint: Executor added: app-20260720070644-0007/1 on worker-20260720065158-spark-worker2-8083 (spark-worker2:8083) with 1 core(s)
[2026-07-20T12:51:44.943+0545] {subprocess.py:93} INFO - 26/07/20 07:06:44 INFO StandaloneSchedulerBackend: Granted executor ID app-20260720070644-0007/1 on hostPort spark-worker2:8083 with 1 core(s), 1024.0 MiB RAM
[2026-07-20T12:51:45.038+0545] {subprocess.py:93} INFO - 26/07/20 07:06:45 INFO Utils: Successfully started service 'org.apache.spark.network.netty.NettyBlockTransferService' on port 41037.
[2026-07-20T12:51:45.038+0545] {subprocess.py:93} INFO - 26/07/20 07:06:45 INFO NettyBlockTransferService: Server created on e6ba47dbf3fb:41037
[2026-07-20T12:51:45.040+0545] {subprocess.py:93} INFO - 26/07/20 07:06:45 INFO BlockManager: Using org.apache.spark.storage.RandomBlockReplicationPolicy for block replication policy
[2026-07-20T12:51:45.043+0545] {subprocess.py:93} INFO - 26/07/20 07:06:45 INFO StandaloneAppClient$ClientEndpoint: Executor updated: app-20260720070644-0007/1 is now RUNNING
[2026-07-20T12:51:45.043+0545] {subprocess.py:93} INFO - 26/07/20 07:06:45 INFO StandaloneAppClient$ClientEndpoint: Executor updated: app-20260720070644-0007/0 is now RUNNING
[2026-07-20T12:51:45.047+0545] {subprocess.py:93} INFO - 26/07/20 07:06:45 INFO BlockManagerMaster: Registering BlockManager BlockManagerId(driver, e6ba47dbf3fb, 41037, None)
[2026-07-20T12:51:45.050+0545] {subprocess.py:93} INFO - 26/07/20 07:06:45 INFO BlockManagerMasterEndpoint: Registering block manager e6ba47dbf3fb:41037 with 413.9 MiB RAM, BlockManagerId(driver, e6ba47dbf3fb, 41037, None)
[2026-07-20T12:51:45.051+0545] {subprocess.py:93} INFO - 26/07/20 07:06:45 INFO BlockManagerMaster: Registered BlockManager BlockManagerId(driver, e6ba47dbf3fb, 41037, None)
[2026-07-20T12:51:45.052+0545] {subprocess.py:93} INFO - 26/07/20 07:06:45 INFO BlockManager: Initialized BlockManager: BlockManagerId(driver, e6ba47dbf3fb, 41037, None)
[2026-07-20T12:51:45.543+0545] {subprocess.py:93} INFO - 26/07/20 07:06:45 INFO StandaloneSchedulerBackend: SchedulerBackend is ready for scheduling beginning after reached minRegisteredResourcesRatio: 0.0
[2026-07-20T12:52:10.266+0545] {subprocess.py:93} INFO - 26/07/20 07:07:10 WARN SparkStringUtils: Truncated the string representation of a plan since it was too large. This behavior can be adjusted by setting 'spark.sql.debug.maxToStringFields'.
[2026-07-20T12:52:53.350+0545] {subprocess.py:93} INFO - [Driver] DBSCAN eps=0.8820 (from a 5000-row sample), min_samples=15
[2026-07-20T12:52:53.360+0545] {subprocess.py:93} INFO - [Spark] Fitting 2 local DBSCAN models in parallel across the cluster...
[2026-07-20T12:53:02.149+0545] {subprocess.py:93} INFO - [Driver] Merged 9699 core points from 2 parallel partitions.
[2026-07-20T12:53:13.545+0545] {subprocess.py:93} INFO - [Driver] Wrote 'dbscan' output -> hdfs://namenode:9000/user/demo/_scores/dbscan
[2026-07-20T12:53:15.739+0545] {subprocess.py:97} INFO - Command exited with return code 0
[2026-07-20T12:53:15.739+0545] {taskinstance.py:441} INFO - ::group::Post task execution logs
[2026-07-20T12:53:15.754+0545] {taskinstance.py:1206} INFO - Marking task as SUCCESS. dag_id=network_traffic_pipeline, task_id=partition_local_models.dbscan, run_id=manual__2026-07-20T06:51:36.359976+00:00, execution_date=20260720T065136, start_date=20260720T070631, end_date=20260720T070815
[2026-07-20T12:53:15.784+0545] {local_task_job_runner.py:243} INFO - Task exited with return code 0
[2026-07-20T12:53:15.799+0545] {taskinstance.py:3503} INFO - 0 downstream tasks scheduled from follow-on schedule check
[2026-07-20T12:53:15.799+0545] {local_task_job_runner.py:222} INFO - ::endgroup::
