[2026-07-19T18:42:23.512+0545] {local_task_job_runner.py:120} INFO - ::group::Pre task execution logs
[2026-07-19T18:42:23.527+0545] {taskinstance.py:2076} INFO - Dependencies all met for dep_context=non-requeueable deps ti=<TaskInstance: network_traffic_pipeline.write_shards.write_row_shards manual__2026-07-19T12:54:25.194239+00:00 [queued]>
[2026-07-19T18:42:23.532+0545] {taskinstance.py:2076} INFO - Dependencies all met for dep_context=requeueable deps ti=<TaskInstance: network_traffic_pipeline.write_shards.write_row_shards manual__2026-07-19T12:54:25.194239+00:00 [queued]>
[2026-07-19T18:42:23.532+0545] {taskinstance.py:2306} INFO - Starting attempt 1 of 2
[2026-07-19T18:42:23.544+0545] {taskinstance.py:2330} INFO - Executing <Task(BashOperator): write_shards.write_row_shards> on 2026-07-19 12:54:25.194239+00:00
[2026-07-19T18:42:23.548+0545] {standard_task_runner.py:64} INFO - Started process 28745 to run task
[2026-07-19T18:42:23.550+0545] {standard_task_runner.py:90} INFO - Running: ['airflow', 'tasks', 'run', 'network_traffic_pipeline', 'write_shards.write_row_shards', 'manual__2026-07-19T12:54:25.194239+00:00', '--job-id', '11', '--raw', '--subdir', 'DAGS_FOLDER/network_traffic_pipeline_dag.py', '--cfg-path', '/tmp/tmpj0inxj46']
[2026-07-19T18:42:23.552+0545] {standard_task_runner.py:91} INFO - Job 11: Subtask write_shards.write_row_shards
[2026-07-19T18:42:23.581+0545] {task_command.py:426} INFO - Running <TaskInstance: network_traffic_pipeline.write_shards.write_row_shards manual__2026-07-19T12:54:25.194239+00:00 [running]> on host snigdh-IdeaPad-Slim-3-15IAH8
[2026-07-19T18:42:23.630+0545] {taskinstance.py:2648} INFO - Exporting env vars: AIRFLOW_CTX_DAG_OWNER='you' AIRFLOW_CTX_DAG_ID='network_traffic_pipeline' AIRFLOW_CTX_TASK_ID='write_shards.write_row_shards' AIRFLOW_CTX_EXECUTION_DATE='2026-07-19T12:54:25.194239+00:00' AIRFLOW_CTX_TRY_NUMBER='1' AIRFLOW_CTX_DAG_RUN_ID='manual__2026-07-19T12:54:25.194239+00:00'
[2026-07-19T18:42:23.631+0545] {taskinstance.py:430} INFO - ::endgroup::
[2026-07-19T18:42:23.632+0545] {subprocess.py:63} INFO - Tmp dir root location: /tmp
[2026-07-19T18:42:23.632+0545] {subprocess.py:75} INFO - Running command: ['/usr/bin/bash', '-c', 'cd /home/snigdh/repos/bigData && docker-compose exec spark-master /opt/spark/bin/spark-submit --master spark://localhost:7077 --py-files /app/common.py --conf spark.ui.port=4040 --conf spark.sql.extensions=io.delta.sql.DeltaSparkSessionExtension --conf spark.sql.catalog.spark_catalog=org.apache.spark.sql.delta.catalog.DeltaCatalog /app/task_write_row_shards.py']
[2026-07-19T18:42:23.641+0545] {subprocess.py:86} INFO - Output:
[2026-07-19T18:42:34.430+0545] {subprocess.py:93} INFO - 26/07/19 12:57:34 INFO SparkContext: Running Spark version 3.5.0
[2026-07-19T18:42:34.431+0545] {subprocess.py:93} INFO - 26/07/19 12:57:34 INFO SparkContext: OS info Linux, 6.8.0-136-generic, amd64
[2026-07-19T18:42:34.431+0545] {subprocess.py:93} INFO - 26/07/19 12:57:34 INFO SparkContext: Java version 11.0.20.1
[2026-07-19T18:42:34.518+0545] {subprocess.py:93} INFO - 26/07/19 12:57:34 INFO ResourceUtils: ==============================================================
[2026-07-19T18:42:34.518+0545] {subprocess.py:93} INFO - 26/07/19 12:57:34 INFO ResourceUtils: No custom resources configured for spark.driver.
[2026-07-19T18:42:34.518+0545] {subprocess.py:93} INFO - 26/07/19 12:57:34 INFO ResourceUtils: ==============================================================
[2026-07-19T18:42:34.518+0545] {subprocess.py:93} INFO - 26/07/19 12:57:34 INFO SparkContext: Submitted application: anomaly_write_row_shards
[2026-07-19T18:42:34.616+0545] {subprocess.py:93} INFO - 26/07/19 12:57:34 INFO ResourceProfile: Default ResourceProfile created, executor resources: Map(memory -> name: memory, amount: 1024, script: , vendor: , offHeap -> name: offHeap, amount: 0, script: , vendor: ), task resources: Map(cpus -> name: cpus, amount: 1.0)
[2026-07-19T18:42:34.624+0545] {subprocess.py:93} INFO - 26/07/19 12:57:34 INFO ResourceProfile: Limiting resource is cpu
[2026-07-19T18:42:34.624+0545] {subprocess.py:93} INFO - 26/07/19 12:57:34 INFO ResourceProfileManager: Added ResourceProfile id: 0
[2026-07-19T18:42:34.813+0545] {subprocess.py:93} INFO - 26/07/19 12:57:34 INFO SecurityManager: Changing view acls to: spark
[2026-07-19T18:42:34.813+0545] {subprocess.py:93} INFO - 26/07/19 12:57:34 INFO SecurityManager: Changing modify acls to: spark
[2026-07-19T18:42:34.813+0545] {subprocess.py:93} INFO - 26/07/19 12:57:34 INFO SecurityManager: Changing view acls groups to:
[2026-07-19T18:42:34.813+0545] {subprocess.py:93} INFO - 26/07/19 12:57:34 INFO SecurityManager: Changing modify acls groups to:
[2026-07-19T18:42:34.814+0545] {subprocess.py:93} INFO - 26/07/19 12:57:34 INFO SecurityManager: SecurityManager: authentication disabled; ui acls disabled; users with view permissions: spark; groups with view permissions: EMPTY; users with modify permissions: spark; groups with modify permissions: EMPTY
[2026-07-19T18:42:35.424+0545] {subprocess.py:93} INFO - 26/07/19 12:57:35 INFO Utils: Successfully started service 'sparkDriver' on port 43489.
[2026-07-19T18:42:35.519+0545] {subprocess.py:93} INFO - 26/07/19 12:57:35 INFO SparkEnv: Registering MapOutputTracker
[2026-07-19T18:42:35.630+0545] {subprocess.py:93} INFO - 26/07/19 12:57:35 INFO SparkEnv: Registering BlockManagerMaster
[2026-07-19T18:42:35.642+0545] {subprocess.py:93} INFO - 26/07/19 12:57:35 INFO BlockManagerMasterEndpoint: Using org.apache.spark.storage.DefaultTopologyMapper for getting topology information
[2026-07-19T18:42:35.643+0545] {subprocess.py:93} INFO - 26/07/19 12:57:35 INFO BlockManagerMasterEndpoint: BlockManagerMasterEndpoint up
[2026-07-19T18:42:35.703+0545] {subprocess.py:93} INFO - 26/07/19 12:57:35 INFO SparkEnv: Registering BlockManagerMasterHeartbeat
[2026-07-19T18:42:35.719+0545] {subprocess.py:93} INFO - 26/07/19 12:57:35 INFO DiskBlockManager: Created local directory at /tmp/blockmgr-28cb4c5b-047d-46f7-aaa8-26fa3e923e6c
[2026-07-19T18:42:35.727+0545] {subprocess.py:93} INFO - 26/07/19 12:57:35 INFO MemoryStore: MemoryStore started with capacity 413.9 MiB
[2026-07-19T18:42:35.812+0545] {subprocess.py:93} INFO - 26/07/19 12:57:35 INFO SparkEnv: Registering OutputCommitCoordinator
[2026-07-19T18:42:36.019+0545] {subprocess.py:93} INFO - 26/07/19 12:57:36 INFO JettyUtils: Start Jetty 0.0.0.0:4040 for SparkUI
[2026-07-19T18:42:36.126+0545] {subprocess.py:93} INFO - 26/07/19 12:57:36 INFO Utils: Successfully started service 'SparkUI' on port 4040.
[2026-07-19T18:42:36.221+0545] {subprocess.py:93} INFO - 26/07/19 12:57:36 INFO SparkContext: Added file file:///app/common.py at spark://4ea06c45d400:43489/files/common.py with timestamp 1784465854423
[2026-07-19T18:42:36.302+0545] {subprocess.py:93} INFO - 26/07/19 12:57:36 INFO Utils: Copying /app/common.py to /tmp/spark-bfe51893-4f7c-4c91-a4cd-be43353e7fb2/userFiles-095cce5d-4342-40ba-ac70-7f1d81f9c725/common.py
[2026-07-19T18:42:36.608+0545] {subprocess.py:93} INFO - 26/07/19 12:57:36 INFO StandaloneAppClient$ClientEndpoint: Connecting to master spark://localhost:7077...
[2026-07-19T18:42:36.814+0545] {subprocess.py:93} INFO - 26/07/19 12:57:36 INFO TransportClientFactory: Successfully created connection to localhost/127.0.0.1:7077 after 107 ms (0 ms spent in bootstraps)
[2026-07-19T18:42:37.106+0545] {subprocess.py:93} INFO - 26/07/19 12:57:37 INFO StandaloneSchedulerBackend: Connected to Spark cluster with app ID app-20260719125737-0001
[2026-07-19T18:42:37.202+0545] {subprocess.py:93} INFO - 26/07/19 12:57:37 INFO StandaloneAppClient$ClientEndpoint: Executor added: app-20260719125737-0001/0 on worker-20260719125443-spark-worker2-8083 (spark-worker2:8083) with 1 core(s)
[2026-07-19T18:42:37.203+0545] {subprocess.py:93} INFO - 26/07/19 12:57:37 INFO Utils: Successfully started service 'org.apache.spark.network.netty.NettyBlockTransferService' on port 37861.
[2026-07-19T18:42:37.203+0545] {subprocess.py:93} INFO - 26/07/19 12:57:37 INFO NettyBlockTransferService: Server created on 4ea06c45d400:37861
[2026-07-19T18:42:37.203+0545] {subprocess.py:93} INFO - 26/07/19 12:57:37 INFO StandaloneSchedulerBackend: Granted executor ID app-20260719125737-0001/0 on hostPort spark-worker2:8083 with 1 core(s), 1024.0 MiB RAM
[2026-07-19T18:42:37.203+0545] {subprocess.py:93} INFO - 26/07/19 12:57:37 INFO StandaloneAppClient$ClientEndpoint: Executor added: app-20260719125737-0001/1 on worker-20260719125443-spark-worker1-8081 (spark-worker1:8081) with 1 core(s)
[2026-07-19T18:42:37.204+0545] {subprocess.py:93} INFO - 26/07/19 12:57:37 INFO StandaloneSchedulerBackend: Granted executor ID app-20260719125737-0001/1 on hostPort spark-worker1:8081 with 1 core(s), 1024.0 MiB RAM
[2026-07-19T18:42:37.204+0545] {subprocess.py:93} INFO - 26/07/19 12:57:37 INFO BlockManager: Using org.apache.spark.storage.RandomBlockReplicationPolicy for block replication policy
[2026-07-19T18:42:37.212+0545] {subprocess.py:93} INFO - 26/07/19 12:57:37 INFO BlockManagerMaster: Registering BlockManager BlockManagerId(driver, 4ea06c45d400, 37861, None)
[2026-07-19T18:42:37.302+0545] {subprocess.py:93} INFO - 26/07/19 12:57:37 INFO StandaloneAppClient$ClientEndpoint: Executor updated: app-20260719125737-0001/1 is now RUNNING
[2026-07-19T18:42:37.302+0545] {subprocess.py:93} INFO - 26/07/19 12:57:37 INFO StandaloneAppClient$ClientEndpoint: Executor updated: app-20260719125737-0001/0 is now RUNNING
[2026-07-19T18:42:37.303+0545] {subprocess.py:93} INFO - 26/07/19 12:57:37 INFO BlockManagerMasterEndpoint: Registering block manager 4ea06c45d400:37861 with 413.9 MiB RAM, BlockManagerId(driver, 4ea06c45d400, 37861, None)
[2026-07-19T18:42:37.304+0545] {subprocess.py:93} INFO - 26/07/19 12:57:37 INFO BlockManagerMaster: Registered BlockManager BlockManagerId(driver, 4ea06c45d400, 37861, None)
[2026-07-19T18:42:37.305+0545] {subprocess.py:93} INFO - 26/07/19 12:57:37 INFO BlockManager: Initialized BlockManager: BlockManagerId(driver, 4ea06c45d400, 37861, None)
[2026-07-19T18:42:37.904+0545] {subprocess.py:93} INFO - 26/07/19 12:57:37 INFO StandaloneSchedulerBackend: SchedulerBackend is ready for scheduling beginning after reached minRegisteredResourcesRatio: 0.0
[2026-07-19T18:43:10.328+0545] {subprocess.py:93} INFO - 26/07/19 12:58:10 WARN SparkStringUtils: Truncated the string representation of a plan since it was too large. This behavior can be adjusted by setting 'spark.sql.debug.maxToStringFields'.
[2026-07-19T18:43:56.932+0545] {subprocess.py:93} INFO - [Driver] Wrote 2 random row-wise shards -> hdfs://namenode:9000/user/demo/_torch_row_shards
[2026-07-19T18:43:58.990+0545] {subprocess.py:97} INFO - Command exited with return code 0
[2026-07-19T18:43:58.991+0545] {taskinstance.py:441} INFO - ::group::Post task execution logs
[2026-07-19T18:43:59.009+0545] {taskinstance.py:1206} INFO - Marking task as SUCCESS. dag_id=network_traffic_pipeline, task_id=write_shards.write_row_shards, run_id=manual__2026-07-19T12:54:25.194239+00:00, execution_date=20260719T125425, start_date=20260719T125723, end_date=20260719T125859
[2026-07-19T18:43:59.052+0545] {local_task_job_runner.py:243} INFO - Task exited with return code 0
[2026-07-19T18:43:59.067+0545] {taskinstance.py:3503} INFO - 5 downstream tasks scheduled from follow-on schedule check
[2026-07-19T18:43:59.071+0545] {local_task_job_runner.py:222} INFO - ::endgroup::
