[2026-07-19T18:45:42.495+0545] {local_task_job_runner.py:120} INFO - ::group::Pre task execution logs
[2026-07-19T18:45:42.514+0545] {taskinstance.py:2076} INFO - Dependencies all met for dep_context=non-requeueable deps ti=<TaskInstance: network_traffic_pipeline.native_clustering.kmeans manual__2026-07-19T12:54:25.194239+00:00 [queued]>
[2026-07-19T18:45:42.520+0545] {taskinstance.py:2076} INFO - Dependencies all met for dep_context=requeueable deps ti=<TaskInstance: network_traffic_pipeline.native_clustering.kmeans manual__2026-07-19T12:54:25.194239+00:00 [queued]>
[2026-07-19T18:45:42.521+0545] {taskinstance.py:2306} INFO - Starting attempt 1 of 2
[2026-07-19T18:45:42.534+0545] {taskinstance.py:2330} INFO - Executing <Task(BashOperator): native_clustering.kmeans> on 2026-07-19 12:54:25.194239+00:00
[2026-07-19T18:45:42.539+0545] {standard_task_runner.py:64} INFO - Started process 31426 to run task
[2026-07-19T18:45:42.542+0545] {standard_task_runner.py:90} INFO - Running: ['airflow', 'tasks', 'run', 'network_traffic_pipeline', 'native_clustering.kmeans', 'manual__2026-07-19T12:54:25.194239+00:00', '--job-id', '13', '--raw', '--subdir', 'DAGS_FOLDER/network_traffic_pipeline_dag.py', '--cfg-path', '/tmp/tmpsqvvt4j0']
[2026-07-19T18:45:42.544+0545] {standard_task_runner.py:91} INFO - Job 13: Subtask native_clustering.kmeans
[2026-07-19T18:45:42.577+0545] {task_command.py:426} INFO - Running <TaskInstance: network_traffic_pipeline.native_clustering.kmeans manual__2026-07-19T12:54:25.194239+00:00 [running]> on host snigdh-IdeaPad-Slim-3-15IAH8
[2026-07-19T18:45:42.635+0545] {taskinstance.py:2648} INFO - Exporting env vars: AIRFLOW_CTX_DAG_OWNER='you' AIRFLOW_CTX_DAG_ID='network_traffic_pipeline' AIRFLOW_CTX_TASK_ID='native_clustering.kmeans' AIRFLOW_CTX_EXECUTION_DATE='2026-07-19T12:54:25.194239+00:00' AIRFLOW_CTX_TRY_NUMBER='1' AIRFLOW_CTX_DAG_RUN_ID='manual__2026-07-19T12:54:25.194239+00:00'
[2026-07-19T18:45:42.637+0545] {taskinstance.py:430} INFO - ::endgroup::
[2026-07-19T18:45:42.637+0545] {subprocess.py:63} INFO - Tmp dir root location: /tmp
[2026-07-19T18:45:42.638+0545] {subprocess.py:75} INFO - Running command: ['/usr/bin/bash', '-c', 'cd /home/snigdh/repos/bigData && docker-compose exec spark-master /opt/spark/bin/spark-submit --master spark://localhost:7077 --py-files /app/common.py --conf spark.ui.port=4040 --conf spark.sql.extensions=io.delta.sql.DeltaSparkSessionExtension --conf spark.sql.catalog.spark_catalog=org.apache.spark.sql.delta.catalog.DeltaCatalog /app/task_kmeans.py']
[2026-07-19T18:45:42.649+0545] {subprocess.py:86} INFO - Output:
[2026-07-19T18:45:55.523+0545] {subprocess.py:93} INFO - 26/07/19 13:00:55 INFO SparkContext: Running Spark version 3.5.0
[2026-07-19T18:45:55.526+0545] {subprocess.py:93} INFO - 26/07/19 13:00:55 INFO SparkContext: OS info Linux, 6.8.0-136-generic, amd64
[2026-07-19T18:45:55.526+0545] {subprocess.py:93} INFO - 26/07/19 13:00:55 INFO SparkContext: Java version 11.0.20.1
[2026-07-19T18:45:55.709+0545] {subprocess.py:93} INFO - 26/07/19 13:00:55 INFO ResourceUtils: ==============================================================
[2026-07-19T18:45:55.710+0545] {subprocess.py:93} INFO - 26/07/19 13:00:55 INFO ResourceUtils: No custom resources configured for spark.driver.
[2026-07-19T18:45:55.710+0545] {subprocess.py:93} INFO - 26/07/19 13:00:55 INFO ResourceUtils: ==============================================================
[2026-07-19T18:45:55.710+0545] {subprocess.py:93} INFO - 26/07/19 13:00:55 INFO SparkContext: Submitted application: anomaly_kmeans
[2026-07-19T18:45:55.806+0545] {subprocess.py:93} INFO - 26/07/19 13:00:55 INFO ResourceProfile: Default ResourceProfile created, executor resources: Map(memory -> name: memory, amount: 1024, script: , vendor: , offHeap -> name: offHeap, amount: 0, script: , vendor: ), task resources: Map(cpus -> name: cpus, amount: 1.0)
[2026-07-19T18:45:55.818+0545] {subprocess.py:93} INFO - 26/07/19 13:00:55 INFO ResourceProfile: Limiting resource is cpu
[2026-07-19T18:45:55.818+0545] {subprocess.py:93} INFO - 26/07/19 13:00:55 INFO ResourceProfileManager: Added ResourceProfile id: 0
[2026-07-19T18:45:55.926+0545] {subprocess.py:93} INFO - 26/07/19 13:00:55 INFO SecurityManager: Changing view acls to: spark
[2026-07-19T18:45:55.927+0545] {subprocess.py:93} INFO - 26/07/19 13:00:55 INFO SecurityManager: Changing modify acls to: spark
[2026-07-19T18:45:55.927+0545] {subprocess.py:93} INFO - 26/07/19 13:00:55 INFO SecurityManager: Changing view acls groups to:
[2026-07-19T18:45:55.927+0545] {subprocess.py:93} INFO - 26/07/19 13:00:55 INFO SecurityManager: Changing modify acls groups to:
[2026-07-19T18:45:55.927+0545] {subprocess.py:93} INFO - 26/07/19 13:00:55 INFO SecurityManager: SecurityManager: authentication disabled; ui acls disabled; users with view permissions: spark; groups with view permissions: EMPTY; users with modify permissions: spark; groups with modify permissions: EMPTY
[2026-07-19T18:45:56.611+0545] {subprocess.py:93} INFO - 26/07/19 13:00:56 INFO Utils: Successfully started service 'sparkDriver' on port 39877.
[2026-07-19T18:45:56.714+0545] {subprocess.py:93} INFO - 26/07/19 13:00:56 INFO SparkEnv: Registering MapOutputTracker
[2026-07-19T18:45:56.910+0545] {subprocess.py:93} INFO - 26/07/19 13:00:56 INFO SparkEnv: Registering BlockManagerMaster
[2026-07-19T18:45:56.925+0545] {subprocess.py:93} INFO - 26/07/19 13:00:56 INFO BlockManagerMasterEndpoint: Using org.apache.spark.storage.DefaultTopologyMapper for getting topology information
[2026-07-19T18:45:56.925+0545] {subprocess.py:93} INFO - 26/07/19 13:00:56 INFO BlockManagerMasterEndpoint: BlockManagerMasterEndpoint up
[2026-07-19T18:45:56.928+0545] {subprocess.py:93} INFO - 26/07/19 13:00:56 INFO SparkEnv: Registering BlockManagerMasterHeartbeat
[2026-07-19T18:45:57.017+0545] {subprocess.py:93} INFO - 26/07/19 13:00:57 INFO DiskBlockManager: Created local directory at /tmp/blockmgr-0933e785-1975-49c8-ae34-a3571ae12547
[2026-07-19T18:45:57.028+0545] {subprocess.py:93} INFO - 26/07/19 13:00:57 INFO MemoryStore: MemoryStore started with capacity 413.9 MiB
[2026-07-19T18:45:57.106+0545] {subprocess.py:93} INFO - 26/07/19 13:00:57 INFO SparkEnv: Registering OutputCommitCoordinator
[2026-07-19T18:45:57.422+0545] {subprocess.py:93} INFO - 26/07/19 13:00:57 INFO JettyUtils: Start Jetty 0.0.0.0:4040 for SparkUI
[2026-07-19T18:45:57.543+0545] {subprocess.py:93} INFO - 26/07/19 13:00:57 INFO Utils: Successfully started service 'SparkUI' on port 4040.
[2026-07-19T18:45:57.707+0545] {subprocess.py:93} INFO - 26/07/19 13:00:57 INFO SparkContext: Added file file:///app/common.py at spark://4ea06c45d400:39877/files/common.py with timestamp 1784466055439
[2026-07-19T18:45:57.709+0545] {subprocess.py:93} INFO - 26/07/19 13:00:57 INFO Utils: Copying /app/common.py to /tmp/spark-5f70cfa5-3d18-48a3-884a-a308f3b85b0a/userFiles-7d5a7a40-3893-490c-9a49-106870ae067e/common.py
[2026-07-19T18:45:58.118+0545] {subprocess.py:93} INFO - 26/07/19 13:00:58 INFO StandaloneAppClient$ClientEndpoint: Connecting to master spark://localhost:7077...
[2026-07-19T18:45:58.327+0545] {subprocess.py:93} INFO - 26/07/19 13:00:58 INFO TransportClientFactory: Successfully created connection to localhost/127.0.0.1:7077 after 108 ms (0 ms spent in bootstraps)
[2026-07-19T18:45:58.806+0545] {subprocess.py:93} INFO - 26/07/19 13:00:58 INFO StandaloneSchedulerBackend: Connected to Spark cluster with app ID app-20260719130058-0003
[2026-07-19T18:45:58.809+0545] {subprocess.py:93} INFO - 26/07/19 13:00:58 INFO StandaloneAppClient$ClientEndpoint: Executor added: app-20260719130058-0003/0 on worker-20260719125443-spark-worker2-8083 (spark-worker2:8083) with 1 core(s)
[2026-07-19T18:45:58.811+0545] {subprocess.py:93} INFO - 26/07/19 13:00:58 INFO StandaloneSchedulerBackend: Granted executor ID app-20260719130058-0003/0 on hostPort spark-worker2:8083 with 1 core(s), 1024.0 MiB RAM
[2026-07-19T18:45:58.811+0545] {subprocess.py:93} INFO - 26/07/19 13:00:58 INFO StandaloneAppClient$ClientEndpoint: Executor added: app-20260719130058-0003/1 on worker-20260719125443-spark-worker1-8081 (spark-worker1:8081) with 1 core(s)
[2026-07-19T18:45:58.811+0545] {subprocess.py:93} INFO - 26/07/19 13:00:58 INFO StandaloneSchedulerBackend: Granted executor ID app-20260719130058-0003/1 on hostPort spark-worker1:8081 with 1 core(s), 1024.0 MiB RAM
[2026-07-19T18:45:58.907+0545] {subprocess.py:93} INFO - 26/07/19 13:00:58 INFO Utils: Successfully started service 'org.apache.spark.network.netty.NettyBlockTransferService' on port 38353.
[2026-07-19T18:45:58.907+0545] {subprocess.py:93} INFO - 26/07/19 13:00:58 INFO NettyBlockTransferService: Server created on 4ea06c45d400:38353
[2026-07-19T18:45:58.909+0545] {subprocess.py:93} INFO - 26/07/19 13:00:58 INFO BlockManager: Using org.apache.spark.storage.RandomBlockReplicationPolicy for block replication policy
[2026-07-19T18:45:58.913+0545] {subprocess.py:93} INFO - 26/07/19 13:00:58 INFO StandaloneAppClient$ClientEndpoint: Executor updated: app-20260719130058-0003/0 is now RUNNING
[2026-07-19T18:45:59.004+0545] {subprocess.py:93} INFO - 26/07/19 13:00:59 INFO StandaloneAppClient$ClientEndpoint: Executor updated: app-20260719130058-0003/1 is now RUNNING
[2026-07-19T18:45:59.008+0545] {subprocess.py:93} INFO - 26/07/19 13:00:59 INFO BlockManagerMaster: Registering BlockManager BlockManagerId(driver, 4ea06c45d400, 38353, None)
[2026-07-19T18:45:59.011+0545] {subprocess.py:93} INFO - 26/07/19 13:00:59 INFO BlockManagerMasterEndpoint: Registering block manager 4ea06c45d400:38353 with 413.9 MiB RAM, BlockManagerId(driver, 4ea06c45d400, 38353, None)
[2026-07-19T18:45:59.014+0545] {subprocess.py:93} INFO - 26/07/19 13:00:59 INFO BlockManagerMaster: Registered BlockManager BlockManagerId(driver, 4ea06c45d400, 38353, None)
[2026-07-19T18:45:59.015+0545] {subprocess.py:93} INFO - 26/07/19 13:00:59 INFO BlockManager: Initialized BlockManager: BlockManagerId(driver, 4ea06c45d400, 38353, None)
[2026-07-19T18:45:59.908+0545] {subprocess.py:93} INFO - 26/07/19 13:00:59 INFO StandaloneSchedulerBackend: SchedulerBackend is ready for scheduling beginning after reached minRegisteredResourcesRatio: 0.0
[2026-07-19T18:46:34.922+0545] {subprocess.py:93} INFO - 26/07/19 13:01:34 WARN SparkStringUtils: Truncated the string representation of a plan since it was too large. This behavior can be adjusted by setting 'spark.sql.debug.maxToStringFields'.
[2026-07-19T18:47:30.581+0545] {subprocess.py:93} INFO - 26/07/19 13:02:30 WARN InstanceBuilder: Failed to load implementation from:dev.ludovic.netlib.blas.JNIBLAS
[2026-07-19T18:47:45.917+0545] {subprocess.py:93} INFO - [Driver] kmeans_flag threshold on kmeans_dist: 3.2139
[2026-07-19T18:47:53.307+0545] {subprocess.py:93} INFO - [Driver] Wrote 'kmeans' output -> hdfs://namenode:9000/user/demo/_scores/kmeans
[2026-07-19T18:47:55.521+0545] {subprocess.py:97} INFO - Command exited with return code 0
[2026-07-19T18:47:55.521+0545] {taskinstance.py:441} INFO - ::group::Post task execution logs
[2026-07-19T18:47:55.537+0545] {taskinstance.py:1206} INFO - Marking task as SUCCESS. dag_id=network_traffic_pipeline, task_id=native_clustering.kmeans, run_id=manual__2026-07-19T12:54:25.194239+00:00, execution_date=20260719T125425, start_date=20260719T130042, end_date=20260719T130255
[2026-07-19T18:47:55.583+0545] {local_task_job_runner.py:243} INFO - Task exited with return code 0
[2026-07-19T18:47:55.597+0545] {taskinstance.py:3503} INFO - 0 downstream tasks scheduled from follow-on schedule check
[2026-07-19T18:47:55.597+0545] {local_task_job_runner.py:222} INFO - ::endgroup::
