[2026-07-20T12:38:36.517+0545] {local_task_job_runner.py:120} INFO - ::group::Pre task execution logs
[2026-07-20T12:38:36.533+0545] {taskinstance.py:2076} INFO - Dependencies all met for dep_context=non-requeueable deps ti=<TaskInstance: network_traffic_pipeline.prepare_features manual__2026-07-20T06:51:36.359976+00:00 [queued]>
[2026-07-20T12:38:36.539+0545] {taskinstance.py:2076} INFO - Dependencies all met for dep_context=requeueable deps ti=<TaskInstance: network_traffic_pipeline.prepare_features manual__2026-07-20T06:51:36.359976+00:00 [queued]>
[2026-07-20T12:38:36.539+0545] {taskinstance.py:2306} INFO - Starting attempt 1 of 2
[2026-07-20T12:38:36.551+0545] {taskinstance.py:2330} INFO - Executing <Task(BashOperator): prepare_features> on 2026-07-20 06:51:36.359976+00:00
[2026-07-20T12:38:36.556+0545] {standard_task_runner.py:64} INFO - Started process 74238 to run task
[2026-07-20T12:38:36.559+0545] {standard_task_runner.py:90} INFO - Running: ['airflow', 'tasks', 'run', 'network_traffic_pipeline', 'prepare_features', 'manual__2026-07-20T06:51:36.359976+00:00', '--job-id', '105', '--raw', '--subdir', 'DAGS_FOLDER/network_traffic_pipeline_dag.py', '--cfg-path', '/tmp/tmph8uk1esm']
[2026-07-20T12:38:36.560+0545] {standard_task_runner.py:91} INFO - Job 105: Subtask prepare_features
[2026-07-20T12:38:36.590+0545] {task_command.py:426} INFO - Running <TaskInstance: network_traffic_pipeline.prepare_features manual__2026-07-20T06:51:36.359976+00:00 [running]> on host snigdh-IdeaPad-Slim-3-15IAH8
[2026-07-20T12:38:36.642+0545] {taskinstance.py:2648} INFO - Exporting env vars: AIRFLOW_CTX_DAG_OWNER='you' AIRFLOW_CTX_DAG_ID='network_traffic_pipeline' AIRFLOW_CTX_TASK_ID='prepare_features' AIRFLOW_CTX_EXECUTION_DATE='2026-07-20T06:51:36.359976+00:00' AIRFLOW_CTX_TRY_NUMBER='1' AIRFLOW_CTX_DAG_RUN_ID='manual__2026-07-20T06:51:36.359976+00:00'
[2026-07-20T12:38:36.643+0545] {taskinstance.py:430} INFO - ::endgroup::
[2026-07-20T12:38:36.644+0545] {subprocess.py:63} INFO - Tmp dir root location: /tmp
[2026-07-20T12:38:36.644+0545] {subprocess.py:75} INFO - Running command: ['/usr/bin/bash', '-c', 'cd /home/snigdh/repos/bigData && docker-compose exec spark-master /opt/spark/bin/spark-submit --master spark://localhost:7077 --py-files /app/common.py --conf spark.ui.port=4040 --conf spark.sql.extensions=io.delta.sql.DeltaSparkSessionExtension --conf spark.sql.catalog.spark_catalog=org.apache.spark.sql.delta.catalog.DeltaCatalog /app/task_prepare_features.py']
[2026-07-20T12:38:36.654+0545] {subprocess.py:86} INFO - Output:
[2026-07-20T12:38:49.061+0545] {subprocess.py:93} INFO - 26/07/20 06:53:49 INFO SparkContext: Running Spark version 3.5.0
[2026-07-20T12:38:49.063+0545] {subprocess.py:93} INFO - 26/07/20 06:53:49 INFO SparkContext: OS info Linux, 6.8.0-136-generic, amd64
[2026-07-20T12:38:49.063+0545] {subprocess.py:93} INFO - 26/07/20 06:53:49 INFO SparkContext: Java version 11.0.20.1
[2026-07-20T12:38:49.155+0545] {subprocess.py:93} INFO - 26/07/20 06:53:49 INFO ResourceUtils: ==============================================================
[2026-07-20T12:38:49.155+0545] {subprocess.py:93} INFO - 26/07/20 06:53:49 INFO ResourceUtils: No custom resources configured for spark.driver.
[2026-07-20T12:38:49.155+0545] {subprocess.py:93} INFO - 26/07/20 06:53:49 INFO ResourceUtils: ==============================================================
[2026-07-20T12:38:49.155+0545] {subprocess.py:93} INFO - 26/07/20 06:53:49 INFO SparkContext: Submitted application: anomaly_prepare_features
[2026-07-20T12:38:49.256+0545] {subprocess.py:93} INFO - 26/07/20 06:53:49 INFO ResourceProfile: Default ResourceProfile created, executor resources: Map(memory -> name: memory, amount: 1024, script: , vendor: , offHeap -> name: offHeap, amount: 0, script: , vendor: ), task resources: Map(cpus -> name: cpus, amount: 1.0)
[2026-07-20T12:38:49.264+0545] {subprocess.py:93} INFO - 26/07/20 06:53:49 INFO ResourceProfile: Limiting resource is cpu
[2026-07-20T12:38:49.264+0545] {subprocess.py:93} INFO - 26/07/20 06:53:49 INFO ResourceProfileManager: Added ResourceProfile id: 0
[2026-07-20T12:38:49.544+0545] {subprocess.py:93} INFO - 26/07/20 06:53:49 INFO SecurityManager: Changing view acls to: spark
[2026-07-20T12:38:49.544+0545] {subprocess.py:93} INFO - 26/07/20 06:53:49 INFO SecurityManager: Changing modify acls to: spark
[2026-07-20T12:38:49.545+0545] {subprocess.py:93} INFO - 26/07/20 06:53:49 INFO SecurityManager: Changing view acls groups to:
[2026-07-20T12:38:49.545+0545] {subprocess.py:93} INFO - 26/07/20 06:53:49 INFO SecurityManager: Changing modify acls groups to:
[2026-07-20T12:38:49.546+0545] {subprocess.py:93} INFO - 26/07/20 06:53:49 INFO SecurityManager: SecurityManager: authentication disabled; ui acls disabled; users with view permissions: spark; groups with view permissions: EMPTY; users with modify permissions: spark; groups with modify permissions: EMPTY
[2026-07-20T12:38:50.238+0545] {subprocess.py:93} INFO - 26/07/20 06:53:50 INFO Utils: Successfully started service 'sparkDriver' on port 45557.
[2026-07-20T12:38:50.347+0545] {subprocess.py:93} INFO - 26/07/20 06:53:50 INFO SparkEnv: Registering MapOutputTracker
[2026-07-20T12:38:50.468+0545] {subprocess.py:93} INFO - 26/07/20 06:53:50 INFO SparkEnv: Registering BlockManagerMaster
[2026-07-20T12:38:50.549+0545] {subprocess.py:93} INFO - 26/07/20 06:53:50 INFO BlockManagerMasterEndpoint: Using org.apache.spark.storage.DefaultTopologyMapper for getting topology information
[2026-07-20T12:38:50.549+0545] {subprocess.py:93} INFO - 26/07/20 06:53:50 INFO BlockManagerMasterEndpoint: BlockManagerMasterEndpoint up
[2026-07-20T12:38:50.554+0545] {subprocess.py:93} INFO - 26/07/20 06:53:50 INFO SparkEnv: Registering BlockManagerMasterHeartbeat
[2026-07-20T12:38:50.644+0545] {subprocess.py:93} INFO - 26/07/20 06:53:50 INFO DiskBlockManager: Created local directory at /tmp/blockmgr-58343bfb-5202-42fd-88de-1a16bef38754
[2026-07-20T12:38:50.655+0545] {subprocess.py:93} INFO - 26/07/20 06:53:50 INFO MemoryStore: MemoryStore started with capacity 413.9 MiB
[2026-07-20T12:38:50.740+0545] {subprocess.py:93} INFO - 26/07/20 06:53:50 INFO SparkEnv: Registering OutputCommitCoordinator
[2026-07-20T12:38:51.044+0545] {subprocess.py:93} INFO - 26/07/20 06:53:51 INFO JettyUtils: Start Jetty 0.0.0.0:4040 for SparkUI
[2026-07-20T12:38:51.160+0545] {subprocess.py:93} INFO - 26/07/20 06:53:51 INFO Utils: Successfully started service 'SparkUI' on port 4040.
[2026-07-20T12:38:51.339+0545] {subprocess.py:93} INFO - 26/07/20 06:53:51 INFO SparkContext: Added file file:///app/common.py at spark://e6ba47dbf3fb:45557/files/common.py with timestamp 1784530429053
[2026-07-20T12:38:51.340+0545] {subprocess.py:93} INFO - 26/07/20 06:53:51 INFO Utils: Copying /app/common.py to /tmp/spark-5b5115e7-a7d4-45db-9c60-10700b920457/userFiles-07393d2a-65a9-420f-9953-5c3e8d3a16ca/common.py
[2026-07-20T12:38:51.746+0545] {subprocess.py:93} INFO - 26/07/20 06:53:51 INFO StandaloneAppClient$ClientEndpoint: Connecting to master spark://localhost:7077...
[2026-07-20T12:38:51.955+0545] {subprocess.py:93} INFO - 26/07/20 06:53:51 INFO TransportClientFactory: Successfully created connection to localhost/127.0.0.1:7077 after 190 ms (0 ms spent in bootstraps)
[2026-07-20T12:38:52.247+0545] {subprocess.py:93} INFO - 26/07/20 06:53:52 INFO StandaloneSchedulerBackend: Connected to Spark cluster with app ID app-20260720065352-0001
[2026-07-20T12:38:52.338+0545] {subprocess.py:93} INFO - 26/07/20 06:53:52 INFO StandaloneAppClient$ClientEndpoint: Executor added: app-20260720065352-0001/0 on worker-20260720065158-spark-worker1-8081 (spark-worker1:8081) with 1 core(s)
[2026-07-20T12:38:52.340+0545] {subprocess.py:93} INFO - 26/07/20 06:53:52 INFO StandaloneSchedulerBackend: Granted executor ID app-20260720065352-0001/0 on hostPort spark-worker1:8081 with 1 core(s), 1024.0 MiB RAM
[2026-07-20T12:38:52.340+0545] {subprocess.py:93} INFO - 26/07/20 06:53:52 INFO StandaloneAppClient$ClientEndpoint: Executor added: app-20260720065352-0001/1 on worker-20260720065158-spark-worker2-8083 (spark-worker2:8083) with 1 core(s)
[2026-07-20T12:38:52.340+0545] {subprocess.py:93} INFO - 26/07/20 06:53:52 INFO StandaloneSchedulerBackend: Granted executor ID app-20260720065352-0001/1 on hostPort spark-worker2:8083 with 1 core(s), 1024.0 MiB RAM
[2026-07-20T12:38:52.347+0545] {subprocess.py:93} INFO - 26/07/20 06:53:52 INFO Utils: Successfully started service 'org.apache.spark.network.netty.NettyBlockTransferService' on port 35113.
[2026-07-20T12:38:52.348+0545] {subprocess.py:93} INFO - 26/07/20 06:53:52 INFO NettyBlockTransferService: Server created on e6ba47dbf3fb:35113
[2026-07-20T12:38:52.437+0545] {subprocess.py:93} INFO - 26/07/20 06:53:52 INFO BlockManager: Using org.apache.spark.storage.RandomBlockReplicationPolicy for block replication policy
[2026-07-20T12:38:52.439+0545] {subprocess.py:93} INFO - 26/07/20 06:53:52 INFO StandaloneAppClient$ClientEndpoint: Executor updated: app-20260720065352-0001/0 is now RUNNING
[2026-07-20T12:38:52.440+0545] {subprocess.py:93} INFO - 26/07/20 06:53:52 INFO StandaloneAppClient$ClientEndpoint: Executor updated: app-20260720065352-0001/1 is now RUNNING
[2026-07-20T12:38:52.445+0545] {subprocess.py:93} INFO - 26/07/20 06:53:52 INFO BlockManagerMaster: Registering BlockManager BlockManagerId(driver, e6ba47dbf3fb, 35113, None)
[2026-07-20T12:38:52.450+0545] {subprocess.py:93} INFO - 26/07/20 06:53:52 INFO BlockManagerMasterEndpoint: Registering block manager e6ba47dbf3fb:35113 with 413.9 MiB RAM, BlockManagerId(driver, e6ba47dbf3fb, 35113, None)
[2026-07-20T12:38:52.452+0545] {subprocess.py:93} INFO - 26/07/20 06:53:52 INFO BlockManagerMaster: Registered BlockManager BlockManagerId(driver, e6ba47dbf3fb, 35113, None)
[2026-07-20T12:38:52.454+0545] {subprocess.py:93} INFO - 26/07/20 06:53:52 INFO BlockManager: Initialized BlockManager: BlockManagerId(driver, e6ba47dbf3fb, 35113, None)
[2026-07-20T12:38:53.154+0545] {subprocess.py:93} INFO - 26/07/20 06:53:53 INFO StandaloneSchedulerBackend: SchedulerBackend is ready for scheduling beginning after reached minRegisteredResourcesRatio: 0.0
[2026-07-20T12:39:25.543+0545] {subprocess.py:93} INFO - 26/07/20 06:54:25 WARN SparkStringUtils: Truncated the string representation of a plan since it was too large. This behavior can be adjusted by setting 'spark.sql.debug.maxToStringFields'.
[2026-07-20T12:40:00.950+0545] {subprocess.py:93} INFO - [Driver] Loaded 10000 rows from hdfs://namenode:9000/user/demo/network_data.
[2026-07-20T12:40:31.648+0545] {subprocess.py:93} INFO - [Driver] Wrote 10000 rows of engineered features -> hdfs://namenode:9000/user/demo/_features
[2026-07-20T12:40:33.836+0545] {subprocess.py:97} INFO - Command exited with return code 0
[2026-07-20T12:40:33.837+0545] {taskinstance.py:441} INFO - ::group::Post task execution logs
[2026-07-20T12:40:33.851+0545] {taskinstance.py:1206} INFO - Marking task as SUCCESS. dag_id=network_traffic_pipeline, task_id=prepare_features, run_id=manual__2026-07-20T06:51:36.359976+00:00, execution_date=20260720T065136, start_date=20260720T065336, end_date=20260720T065533
[2026-07-20T12:40:33.898+0545] {local_task_job_runner.py:243} INFO - Task exited with return code 0
[2026-07-20T12:40:33.915+0545] {taskinstance.py:3503} INFO - 8 downstream tasks scheduled from follow-on schedule check
[2026-07-20T12:40:33.919+0545] {local_task_job_runner.py:222} INFO - ::endgroup::
