[2026-07-18T21:38:59.837+0545] {processor.py:161} INFO - Started process (PID=262613) to work on /home/snigdh/repos/bigData/spark_demo_env/lib/python3.12/site-packages/airflow/example_dags/example_bash_operator.py
[2026-07-18T21:38:59.838+0545] {processor.py:830} INFO - Processing file /home/snigdh/repos/bigData/spark_demo_env/lib/python3.12/site-packages/airflow/example_dags/example_bash_operator.py for tasks to queue
[2026-07-18T21:38:59.840+0545] {logging_mixin.py:188} INFO - [2026-07-18T21:38:59.840+0545] {dagbag.py:545} INFO - Filling up the DagBag from /home/snigdh/repos/bigData/spark_demo_env/lib/python3.12/site-packages/airflow/example_dags/example_bash_operator.py
[2026-07-18T21:38:59.857+0545] {processor.py:840} INFO - DAG(s) 'example_bash_operator' retrieved from /home/snigdh/repos/bigData/spark_demo_env/lib/python3.12/site-packages/airflow/example_dags/example_bash_operator.py
[2026-07-18T21:38:59.966+0545] {logging_mixin.py:188} INFO - [2026-07-18T21:38:59.965+0545] {override.py:1858} INFO - Created Permission View: can delete on DAG:example_bash_operator
[2026-07-18T21:38:59.978+0545] {logging_mixin.py:188} INFO - [2026-07-18T21:38:59.978+0545] {override.py:1858} INFO - Created Permission View: can read on DAG:example_bash_operator
[2026-07-18T21:38:59.987+0545] {logging_mixin.py:188} INFO - [2026-07-18T21:38:59.986+0545] {override.py:1858} INFO - Created Permission View: can edit on DAG:example_bash_operator
[2026-07-18T21:38:59.987+0545] {logging_mixin.py:188} INFO - [2026-07-18T21:38:59.987+0545] {dag.py:3089} INFO - Sync 1 DAGs
[2026-07-18T21:38:59.997+0545] {logging_mixin.py:188} INFO - [2026-07-18T21:38:59.997+0545] {dag.py:3111} INFO - Creating ORM DAG for example_bash_operator
[2026-07-18T21:39:00.010+0545] {logging_mixin.py:188} INFO - [2026-07-18T21:39:00.009+0545] {dag.py:3947} INFO - Setting next_dagrun for example_bash_operator to 2026-07-17 00:00:00+00:00, run_after=2026-07-18 00:00:00+00:00
[2026-07-18T21:39:00.030+0545] {processor.py:183} INFO - Processing /home/snigdh/repos/bigData/spark_demo_env/lib/python3.12/site-packages/airflow/example_dags/example_bash_operator.py took 0.201 seconds
[2026-07-18T21:39:57.490+0545] {processor.py:161} INFO - Started process (PID=262915) to work on /home/snigdh/repos/bigData/spark_demo_env/lib/python3.12/site-packages/airflow/example_dags/example_bash_operator.py
[2026-07-18T21:39:57.493+0545] {processor.py:830} INFO - Processing file /home/snigdh/repos/bigData/spark_demo_env/lib/python3.12/site-packages/airflow/example_dags/example_bash_operator.py for tasks to queue
[2026-07-18T21:39:57.494+0545] {logging_mixin.py:188} INFO - [2026-07-18T21:39:57.494+0545] {dagbag.py:545} INFO - Filling up the DagBag from /home/snigdh/repos/bigData/spark_demo_env/lib/python3.12/site-packages/airflow/example_dags/example_bash_operator.py
[2026-07-18T21:39:57.504+0545] {processor.py:840} INFO - DAG(s) 'example_bash_operator' retrieved from /home/snigdh/repos/bigData/spark_demo_env/lib/python3.12/site-packages/airflow/example_dags/example_bash_operator.py
[2026-07-18T21:39:57.511+0545] {logging_mixin.py:188} INFO - [2026-07-18T21:39:57.511+0545] {dag.py:3089} INFO - Sync 1 DAGs
[2026-07-18T21:39:57.529+0545] {logging_mixin.py:188} INFO - [2026-07-18T21:39:57.529+0545] {dag.py:3947} INFO - Setting next_dagrun for example_bash_operator to 2026-07-17 00:00:00+00:00, run_after=2026-07-18 00:00:00+00:00
[2026-07-18T21:39:57.550+0545] {processor.py:183} INFO - Processing /home/snigdh/repos/bigData/spark_demo_env/lib/python3.12/site-packages/airflow/example_dags/example_bash_operator.py took 0.065 seconds
[2026-07-18T21:47:15.235+0545] {processor.py:161} INFO - Started process (PID=270215) to work on /home/snigdh/repos/bigData/spark_demo_env/lib/python3.12/site-packages/airflow/example_dags/example_bash_operator.py
[2026-07-18T21:47:15.239+0545] {processor.py:830} INFO - Processing file /home/snigdh/repos/bigData/spark_demo_env/lib/python3.12/site-packages/airflow/example_dags/example_bash_operator.py for tasks to queue
[2026-07-18T21:47:15.241+0545] {logging_mixin.py:188} INFO - [2026-07-18T21:47:15.240+0545] {dagbag.py:545} INFO - Filling up the DagBag from /home/snigdh/repos/bigData/spark_demo_env/lib/python3.12/site-packages/airflow/example_dags/example_bash_operator.py
[2026-07-18T21:47:15.258+0545] {processor.py:840} INFO - DAG(s) 'example_bash_operator' retrieved from /home/snigdh/repos/bigData/spark_demo_env/lib/python3.12/site-packages/airflow/example_dags/example_bash_operator.py
[2026-07-18T21:47:15.484+0545] {logging_mixin.py:188} INFO - [2026-07-18T21:47:15.484+0545] {dag.py:3089} INFO - Sync 1 DAGs
[2026-07-18T21:47:15.498+0545] {logging_mixin.py:188} INFO - [2026-07-18T21:47:15.498+0545] {dag.py:3947} INFO - Setting next_dagrun for example_bash_operator to 2026-07-17 00:00:00+00:00, run_after=2026-07-18 00:00:00+00:00
[2026-07-18T21:47:15.530+0545] {processor.py:183} INFO - Processing /home/snigdh/repos/bigData/spark_demo_env/lib/python3.12/site-packages/airflow/example_dags/example_bash_operator.py took 0.306 seconds
[2026-07-18T21:48:08.985+0545] {processor.py:161} INFO - Started process (PID=270895) to work on /home/snigdh/repos/bigData/spark_demo_env/lib/python3.12/site-packages/airflow/example_dags/example_bash_operator.py
[2026-07-18T21:48:08.986+0545] {processor.py:830} INFO - Processing file /home/snigdh/repos/bigData/spark_demo_env/lib/python3.12/site-packages/airflow/example_dags/example_bash_operator.py for tasks to queue
[2026-07-18T21:48:08.987+0545] {logging_mixin.py:188} INFO - [2026-07-18T21:48:08.987+0545] {dagbag.py:545} INFO - Filling up the DagBag from /home/snigdh/repos/bigData/spark_demo_env/lib/python3.12/site-packages/airflow/example_dags/example_bash_operator.py
[2026-07-18T21:48:09.000+0545] {processor.py:840} INFO - DAG(s) 'example_bash_operator' retrieved from /home/snigdh/repos/bigData/spark_demo_env/lib/python3.12/site-packages/airflow/example_dags/example_bash_operator.py
[2026-07-18T21:48:09.026+0545] {logging_mixin.py:188} INFO - [2026-07-18T21:48:09.026+0545] {dag.py:3089} INFO - Sync 1 DAGs
[2026-07-18T21:48:09.207+0545] {logging_mixin.py:188} INFO - [2026-07-18T21:48:09.206+0545] {dag.py:3947} INFO - Setting next_dagrun for example_bash_operator to 2026-07-17 00:00:00+00:00, run_after=2026-07-18 00:00:00+00:00
[2026-07-18T21:48:09.232+0545] {processor.py:183} INFO - Processing /home/snigdh/repos/bigData/spark_demo_env/lib/python3.12/site-packages/airflow/example_dags/example_bash_operator.py took 0.255 seconds
[2026-07-18T21:49:16.096+0545] {processor.py:161} INFO - Started process (PID=271956) to work on /home/snigdh/repos/bigData/spark_demo_env/lib/python3.12/site-packages/airflow/example_dags/example_bash_operator.py
[2026-07-18T21:49:16.100+0545] {processor.py:830} INFO - Processing file /home/snigdh/repos/bigData/spark_demo_env/lib/python3.12/site-packages/airflow/example_dags/example_bash_operator.py for tasks to queue
[2026-07-18T21:49:16.101+0545] {logging_mixin.py:188} INFO - [2026-07-18T21:49:16.101+0545] {dagbag.py:545} INFO - Filling up the DagBag from /home/snigdh/repos/bigData/spark_demo_env/lib/python3.12/site-packages/airflow/example_dags/example_bash_operator.py
[2026-07-18T21:49:16.114+0545] {processor.py:840} INFO - DAG(s) 'example_bash_operator' retrieved from /home/snigdh/repos/bigData/spark_demo_env/lib/python3.12/site-packages/airflow/example_dags/example_bash_operator.py
[2026-07-18T21:49:16.142+0545] {logging_mixin.py:188} INFO - [2026-07-18T21:49:16.141+0545] {dag.py:3089} INFO - Sync 1 DAGs
[2026-07-18T21:49:16.315+0545] {logging_mixin.py:188} INFO - [2026-07-18T21:49:16.314+0545] {dag.py:3947} INFO - Setting next_dagrun for example_bash_operator to 2026-07-17 00:00:00+00:00, run_after=2026-07-18 00:00:00+00:00
[2026-07-18T21:49:16.342+0545] {processor.py:183} INFO - Processing /home/snigdh/repos/bigData/spark_demo_env/lib/python3.12/site-packages/airflow/example_dags/example_bash_operator.py took 0.254 seconds
[2026-07-18T21:50:31.719+0545] {processor.py:161} INFO - Started process (PID=272917) to work on /home/snigdh/repos/bigData/spark_demo_env/lib/python3.12/site-packages/airflow/example_dags/example_bash_operator.py
[2026-07-18T21:50:31.723+0545] {processor.py:830} INFO - Processing file /home/snigdh/repos/bigData/spark_demo_env/lib/python3.12/site-packages/airflow/example_dags/example_bash_operator.py for tasks to queue
[2026-07-18T21:50:31.725+0545] {logging_mixin.py:188} INFO - [2026-07-18T21:50:31.724+0545] {dagbag.py:545} INFO - Filling up the DagBag from /home/snigdh/repos/bigData/spark_demo_env/lib/python3.12/site-packages/airflow/example_dags/example_bash_operator.py
[2026-07-18T21:50:31.744+0545] {processor.py:840} INFO - DAG(s) 'example_bash_operator' retrieved from /home/snigdh/repos/bigData/spark_demo_env/lib/python3.12/site-packages/airflow/example_dags/example_bash_operator.py
[2026-07-18T21:50:31.777+0545] {logging_mixin.py:188} INFO - [2026-07-18T21:50:31.776+0545] {dag.py:3089} INFO - Sync 1 DAGs
[2026-07-18T21:50:31.801+0545] {logging_mixin.py:188} INFO - [2026-07-18T21:50:31.801+0545] {dag.py:3947} INFO - Setting next_dagrun for example_bash_operator to 2026-07-17 00:00:00+00:00, run_after=2026-07-18 00:00:00+00:00
[2026-07-18T21:50:31.833+0545] {processor.py:183} INFO - Processing /home/snigdh/repos/bigData/spark_demo_env/lib/python3.12/site-packages/airflow/example_dags/example_bash_operator.py took 0.125 seconds
[2026-07-18T21:51:40.097+0545] {processor.py:161} INFO - Started process (PID=273857) to work on /home/snigdh/repos/bigData/spark_demo_env/lib/python3.12/site-packages/airflow/example_dags/example_bash_operator.py
[2026-07-18T21:51:40.101+0545] {processor.py:830} INFO - Processing file /home/snigdh/repos/bigData/spark_demo_env/lib/python3.12/site-packages/airflow/example_dags/example_bash_operator.py for tasks to queue
[2026-07-18T21:51:40.102+0545] {logging_mixin.py:188} INFO - [2026-07-18T21:51:40.101+0545] {dagbag.py:545} INFO - Filling up the DagBag from /home/snigdh/repos/bigData/spark_demo_env/lib/python3.12/site-packages/airflow/example_dags/example_bash_operator.py
[2026-07-18T21:51:40.115+0545] {processor.py:840} INFO - DAG(s) 'example_bash_operator' retrieved from /home/snigdh/repos/bigData/spark_demo_env/lib/python3.12/site-packages/airflow/example_dags/example_bash_operator.py
[2026-07-18T21:51:40.145+0545] {logging_mixin.py:188} INFO - [2026-07-18T21:51:40.145+0545] {dag.py:3089} INFO - Sync 1 DAGs
[2026-07-18T21:51:40.162+0545] {logging_mixin.py:188} INFO - [2026-07-18T21:51:40.162+0545] {dag.py:3947} INFO - Setting next_dagrun for example_bash_operator to 2026-07-17 00:00:00+00:00, run_after=2026-07-18 00:00:00+00:00
[2026-07-18T21:51:40.182+0545] {processor.py:183} INFO - Processing /home/snigdh/repos/bigData/spark_demo_env/lib/python3.12/site-packages/airflow/example_dags/example_bash_operator.py took 0.090 seconds
[2026-07-18T21:52:48.931+0545] {processor.py:161} INFO - Started process (PID=274702) to work on /home/snigdh/repos/bigData/spark_demo_env/lib/python3.12/site-packages/airflow/example_dags/example_bash_operator.py
[2026-07-18T21:52:48.936+0545] {processor.py:830} INFO - Processing file /home/snigdh/repos/bigData/spark_demo_env/lib/python3.12/site-packages/airflow/example_dags/example_bash_operator.py for tasks to queue
[2026-07-18T21:52:48.938+0545] {logging_mixin.py:188} INFO - [2026-07-18T21:52:48.937+0545] {dagbag.py:545} INFO - Filling up the DagBag from /home/snigdh/repos/bigData/spark_demo_env/lib/python3.12/site-packages/airflow/example_dags/example_bash_operator.py
[2026-07-18T21:52:48.955+0545] {processor.py:840} INFO - DAG(s) 'example_bash_operator' retrieved from /home/snigdh/repos/bigData/spark_demo_env/lib/python3.12/site-packages/airflow/example_dags/example_bash_operator.py
[2026-07-18T21:52:48.983+0545] {logging_mixin.py:188} INFO - [2026-07-18T21:52:48.983+0545] {dag.py:3089} INFO - Sync 1 DAGs
[2026-07-18T21:52:49.001+0545] {logging_mixin.py:188} INFO - [2026-07-18T21:52:49.001+0545] {dag.py:3947} INFO - Setting next_dagrun for example_bash_operator to 2026-07-17 00:00:00+00:00, run_after=2026-07-18 00:00:00+00:00
[2026-07-18T21:52:49.029+0545] {processor.py:183} INFO - Processing /home/snigdh/repos/bigData/spark_demo_env/lib/python3.12/site-packages/airflow/example_dags/example_bash_operator.py took 0.109 seconds
[2026-07-18T21:54:01.369+0545] {processor.py:161} INFO - Started process (PID=275846) to work on /home/snigdh/repos/bigData/spark_demo_env/lib/python3.12/site-packages/airflow/example_dags/example_bash_operator.py
[2026-07-18T21:54:01.371+0545] {processor.py:830} INFO - Processing file /home/snigdh/repos/bigData/spark_demo_env/lib/python3.12/site-packages/airflow/example_dags/example_bash_operator.py for tasks to queue
[2026-07-18T21:54:01.372+0545] {logging_mixin.py:188} INFO - [2026-07-18T21:54:01.372+0545] {dagbag.py:545} INFO - Filling up the DagBag from /home/snigdh/repos/bigData/spark_demo_env/lib/python3.12/site-packages/airflow/example_dags/example_bash_operator.py
[2026-07-18T21:54:01.386+0545] {processor.py:840} INFO - DAG(s) 'example_bash_operator' retrieved from /home/snigdh/repos/bigData/spark_demo_env/lib/python3.12/site-packages/airflow/example_dags/example_bash_operator.py
[2026-07-18T21:54:01.411+0545] {logging_mixin.py:188} INFO - [2026-07-18T21:54:01.411+0545] {dag.py:3089} INFO - Sync 1 DAGs
[2026-07-18T21:54:01.439+0545] {logging_mixin.py:188} INFO - [2026-07-18T21:54:01.438+0545] {dag.py:3947} INFO - Setting next_dagrun for example_bash_operator to 2026-07-17 00:00:00+00:00, run_after=2026-07-18 00:00:00+00:00
[2026-07-18T21:54:01.465+0545] {processor.py:183} INFO - Processing /home/snigdh/repos/bigData/spark_demo_env/lib/python3.12/site-packages/airflow/example_dags/example_bash_operator.py took 0.105 seconds
[2026-07-18T21:55:11.207+0545] {processor.py:161} INFO - Started process (PID=276792) to work on /home/snigdh/repos/bigData/spark_demo_env/lib/python3.12/site-packages/airflow/example_dags/example_bash_operator.py
[2026-07-18T21:55:11.209+0545] {processor.py:830} INFO - Processing file /home/snigdh/repos/bigData/spark_demo_env/lib/python3.12/site-packages/airflow/example_dags/example_bash_operator.py for tasks to queue
[2026-07-18T21:55:11.210+0545] {logging_mixin.py:188} INFO - [2026-07-18T21:55:11.209+0545] {dagbag.py:545} INFO - Filling up the DagBag from /home/snigdh/repos/bigData/spark_demo_env/lib/python3.12/site-packages/airflow/example_dags/example_bash_operator.py
[2026-07-18T21:55:11.229+0545] {processor.py:840} INFO - DAG(s) 'example_bash_operator' retrieved from /home/snigdh/repos/bigData/spark_demo_env/lib/python3.12/site-packages/airflow/example_dags/example_bash_operator.py
[2026-07-18T21:55:11.259+0545] {logging_mixin.py:188} INFO - [2026-07-18T21:55:11.259+0545] {dag.py:3089} INFO - Sync 1 DAGs
[2026-07-18T21:55:11.275+0545] {logging_mixin.py:188} INFO - [2026-07-18T21:55:11.275+0545] {dag.py:3947} INFO - Setting next_dagrun for example_bash_operator to 2026-07-17 00:00:00+00:00, run_after=2026-07-18 00:00:00+00:00
[2026-07-18T21:55:11.297+0545] {processor.py:183} INFO - Processing /home/snigdh/repos/bigData/spark_demo_env/lib/python3.12/site-packages/airflow/example_dags/example_bash_operator.py took 0.100 seconds
[2026-07-18T21:56:18.375+0545] {processor.py:161} INFO - Started process (PID=277416) to work on /home/snigdh/repos/bigData/spark_demo_env/lib/python3.12/site-packages/airflow/example_dags/example_bash_operator.py
[2026-07-18T21:56:18.379+0545] {processor.py:830} INFO - Processing file /home/snigdh/repos/bigData/spark_demo_env/lib/python3.12/site-packages/airflow/example_dags/example_bash_operator.py for tasks to queue
[2026-07-18T21:56:18.380+0545] {logging_mixin.py:188} INFO - [2026-07-18T21:56:18.379+0545] {dagbag.py:545} INFO - Filling up the DagBag from /home/snigdh/repos/bigData/spark_demo_env/lib/python3.12/site-packages/airflow/example_dags/example_bash_operator.py
[2026-07-18T21:56:18.395+0545] {processor.py:840} INFO - DAG(s) 'example_bash_operator' retrieved from /home/snigdh/repos/bigData/spark_demo_env/lib/python3.12/site-packages/airflow/example_dags/example_bash_operator.py
[2026-07-18T21:56:18.425+0545] {logging_mixin.py:188} INFO - [2026-07-18T21:56:18.425+0545] {dag.py:3089} INFO - Sync 1 DAGs
[2026-07-18T21:56:18.443+0545] {logging_mixin.py:188} INFO - [2026-07-18T21:56:18.443+0545] {dag.py:3947} INFO - Setting next_dagrun for example_bash_operator to 2026-07-17 00:00:00+00:00, run_after=2026-07-18 00:00:00+00:00
[2026-07-18T21:56:18.466+0545] {processor.py:183} INFO - Processing /home/snigdh/repos/bigData/spark_demo_env/lib/python3.12/site-packages/airflow/example_dags/example_bash_operator.py took 0.098 seconds
[2026-07-18T21:57:25.053+0545] {processor.py:161} INFO - Started process (PID=278054) to work on /home/snigdh/repos/bigData/spark_demo_env/lib/python3.12/site-packages/airflow/example_dags/example_bash_operator.py
[2026-07-18T21:57:25.057+0545] {processor.py:830} INFO - Processing file /home/snigdh/repos/bigData/spark_demo_env/lib/python3.12/site-packages/airflow/example_dags/example_bash_operator.py for tasks to queue
[2026-07-18T21:57:25.059+0545] {logging_mixin.py:188} INFO - [2026-07-18T21:57:25.058+0545] {dagbag.py:545} INFO - Filling up the DagBag from /home/snigdh/repos/bigData/spark_demo_env/lib/python3.12/site-packages/airflow/example_dags/example_bash_operator.py
[2026-07-18T21:57:25.078+0545] {processor.py:840} INFO - DAG(s) 'example_bash_operator' retrieved from /home/snigdh/repos/bigData/spark_demo_env/lib/python3.12/site-packages/airflow/example_dags/example_bash_operator.py
[2026-07-18T21:57:25.106+0545] {logging_mixin.py:188} INFO - [2026-07-18T21:57:25.105+0545] {dag.py:3089} INFO - Sync 1 DAGs
[2026-07-18T21:57:25.125+0545] {logging_mixin.py:188} INFO - [2026-07-18T21:57:25.125+0545] {dag.py:3947} INFO - Setting next_dagrun for example_bash_operator to 2026-07-17 00:00:00+00:00, run_after=2026-07-18 00:00:00+00:00
[2026-07-18T21:57:25.150+0545] {processor.py:183} INFO - Processing /home/snigdh/repos/bigData/spark_demo_env/lib/python3.12/site-packages/airflow/example_dags/example_bash_operator.py took 0.107 seconds
[2026-07-18T21:58:32.929+0545] {processor.py:161} INFO - Started process (PID=278734) to work on /home/snigdh/repos/bigData/spark_demo_env/lib/python3.12/site-packages/airflow/example_dags/example_bash_operator.py
[2026-07-18T21:58:32.933+0545] {processor.py:830} INFO - Processing file /home/snigdh/repos/bigData/spark_demo_env/lib/python3.12/site-packages/airflow/example_dags/example_bash_operator.py for tasks to queue
[2026-07-18T21:58:32.934+0545] {logging_mixin.py:188} INFO - [2026-07-18T21:58:32.934+0545] {dagbag.py:545} INFO - Filling up the DagBag from /home/snigdh/repos/bigData/spark_demo_env/lib/python3.12/site-packages/airflow/example_dags/example_bash_operator.py
[2026-07-18T21:58:32.948+0545] {processor.py:840} INFO - DAG(s) 'example_bash_operator' retrieved from /home/snigdh/repos/bigData/spark_demo_env/lib/python3.12/site-packages/airflow/example_dags/example_bash_operator.py
[2026-07-18T21:58:32.976+0545] {logging_mixin.py:188} INFO - [2026-07-18T21:58:32.976+0545] {dag.py:3089} INFO - Sync 1 DAGs
[2026-07-18T21:58:32.993+0545] {logging_mixin.py:188} INFO - [2026-07-18T21:58:32.993+0545] {dag.py:3947} INFO - Setting next_dagrun for example_bash_operator to 2026-07-17 00:00:00+00:00, run_after=2026-07-18 00:00:00+00:00
[2026-07-18T21:58:33.013+0545] {processor.py:183} INFO - Processing /home/snigdh/repos/bigData/spark_demo_env/lib/python3.12/site-packages/airflow/example_dags/example_bash_operator.py took 0.092 seconds
[2026-07-18T21:59:41.904+0545] {processor.py:161} INFO - Started process (PID=279371) to work on /home/snigdh/repos/bigData/spark_demo_env/lib/python3.12/site-packages/airflow/example_dags/example_bash_operator.py
[2026-07-18T21:59:41.908+0545] {processor.py:830} INFO - Processing file /home/snigdh/repos/bigData/spark_demo_env/lib/python3.12/site-packages/airflow/example_dags/example_bash_operator.py for tasks to queue
[2026-07-18T21:59:41.910+0545] {logging_mixin.py:188} INFO - [2026-07-18T21:59:41.909+0545] {dagbag.py:545} INFO - Filling up the DagBag from /home/snigdh/repos/bigData/spark_demo_env/lib/python3.12/site-packages/airflow/example_dags/example_bash_operator.py
[2026-07-18T21:59:41.927+0545] {processor.py:840} INFO - DAG(s) 'example_bash_operator' retrieved from /home/snigdh/repos/bigData/spark_demo_env/lib/python3.12/site-packages/airflow/example_dags/example_bash_operator.py
[2026-07-18T21:59:41.956+0545] {logging_mixin.py:188} INFO - [2026-07-18T21:59:41.956+0545] {dag.py:3089} INFO - Sync 1 DAGs
[2026-07-18T21:59:41.975+0545] {logging_mixin.py:188} INFO - [2026-07-18T21:59:41.975+0545] {dag.py:3947} INFO - Setting next_dagrun for example_bash_operator to 2026-07-17 00:00:00+00:00, run_after=2026-07-18 00:00:00+00:00
[2026-07-18T21:59:42.003+0545] {processor.py:183} INFO - Processing /home/snigdh/repos/bigData/spark_demo_env/lib/python3.12/site-packages/airflow/example_dags/example_bash_operator.py took 0.108 seconds
[2026-07-18T22:00:53.021+0545] {processor.py:161} INFO - Started process (PID=280008) to work on /home/snigdh/repos/bigData/spark_demo_env/lib/python3.12/site-packages/airflow/example_dags/example_bash_operator.py
[2026-07-18T22:00:53.025+0545] {processor.py:830} INFO - Processing file /home/snigdh/repos/bigData/spark_demo_env/lib/python3.12/site-packages/airflow/example_dags/example_bash_operator.py for tasks to queue
[2026-07-18T22:00:53.026+0545] {logging_mixin.py:188} INFO - [2026-07-18T22:00:53.026+0545] {dagbag.py:545} INFO - Filling up the DagBag from /home/snigdh/repos/bigData/spark_demo_env/lib/python3.12/site-packages/airflow/example_dags/example_bash_operator.py
[2026-07-18T22:00:53.040+0545] {processor.py:840} INFO - DAG(s) 'example_bash_operator' retrieved from /home/snigdh/repos/bigData/spark_demo_env/lib/python3.12/site-packages/airflow/example_dags/example_bash_operator.py
[2026-07-18T22:00:53.065+0545] {logging_mixin.py:188} INFO - [2026-07-18T22:00:53.065+0545] {dag.py:3089} INFO - Sync 1 DAGs
[2026-07-18T22:00:53.083+0545] {logging_mixin.py:188} INFO - [2026-07-18T22:00:53.082+0545] {dag.py:3947} INFO - Setting next_dagrun for example_bash_operator to 2026-07-17 00:00:00+00:00, run_after=2026-07-18 00:00:00+00:00
[2026-07-18T22:00:53.109+0545] {processor.py:183} INFO - Processing /home/snigdh/repos/bigData/spark_demo_env/lib/python3.12/site-packages/airflow/example_dags/example_bash_operator.py took 0.095 seconds
[2026-07-18T22:02:01.008+0545] {processor.py:161} INFO - Started process (PID=280648) to work on /home/snigdh/repos/bigData/spark_demo_env/lib/python3.12/site-packages/airflow/example_dags/example_bash_operator.py
[2026-07-18T22:02:01.012+0545] {processor.py:830} INFO - Processing file /home/snigdh/repos/bigData/spark_demo_env/lib/python3.12/site-packages/airflow/example_dags/example_bash_operator.py for tasks to queue
[2026-07-18T22:02:01.014+0545] {logging_mixin.py:188} INFO - [2026-07-18T22:02:01.013+0545] {dagbag.py:545} INFO - Filling up the DagBag from /home/snigdh/repos/bigData/spark_demo_env/lib/python3.12/site-packages/airflow/example_dags/example_bash_operator.py
[2026-07-18T22:02:01.030+0545] {processor.py:840} INFO - DAG(s) 'example_bash_operator' retrieved from /home/snigdh/repos/bigData/spark_demo_env/lib/python3.12/site-packages/airflow/example_dags/example_bash_operator.py
[2026-07-18T22:02:01.060+0545] {logging_mixin.py:188} INFO - [2026-07-18T22:02:01.060+0545] {dag.py:3089} INFO - Sync 1 DAGs
[2026-07-18T22:02:01.079+0545] {logging_mixin.py:188} INFO - [2026-07-18T22:02:01.079+0545] {dag.py:3947} INFO - Setting next_dagrun for example_bash_operator to 2026-07-17 00:00:00+00:00, run_after=2026-07-18 00:00:00+00:00
[2026-07-18T22:02:01.106+0545] {processor.py:183} INFO - Processing /home/snigdh/repos/bigData/spark_demo_env/lib/python3.12/site-packages/airflow/example_dags/example_bash_operator.py took 0.107 seconds
