[2026-07-18T21:38:29.835+0545] {processor.py:161} INFO - Started process (PID=262454) to work on /home/snigdh/repos/bigData/spark_demo_env/lib/python3.12/site-packages/airflow/example_dags/example_sensors.py
[2026-07-18T21:38:29.836+0545] {processor.py:830} INFO - Processing file /home/snigdh/repos/bigData/spark_demo_env/lib/python3.12/site-packages/airflow/example_dags/example_sensors.py for tasks to queue
[2026-07-18T21:38:29.839+0545] {logging_mixin.py:188} INFO - [2026-07-18T21:38:29.838+0545] {dagbag.py:545} INFO - Filling up the DagBag from /home/snigdh/repos/bigData/spark_demo_env/lib/python3.12/site-packages/airflow/example_dags/example_sensors.py
[2026-07-18T21:38:29.851+0545] {processor.py:840} INFO - DAG(s) 'example_sensors' retrieved from /home/snigdh/repos/bigData/spark_demo_env/lib/python3.12/site-packages/airflow/example_dags/example_sensors.py
[2026-07-18T21:38:29.971+0545] {logging_mixin.py:188} INFO - [2026-07-18T21:38:29.970+0545] {override.py:1858} INFO - Created Permission View: can delete on DAG:example_sensors
[2026-07-18T21:38:29.985+0545] {logging_mixin.py:188} INFO - [2026-07-18T21:38:29.984+0545] {override.py:1858} INFO - Created Permission View: can read on DAG:example_sensors
[2026-07-18T21:38:29.998+0545] {logging_mixin.py:188} INFO - [2026-07-18T21:38:29.997+0545] {override.py:1858} INFO - Created Permission View: can edit on DAG:example_sensors
[2026-07-18T21:38:29.999+0545] {logging_mixin.py:188} INFO - [2026-07-18T21:38:29.998+0545] {dag.py:3089} INFO - Sync 1 DAGs
[2026-07-18T21:38:30.016+0545] {logging_mixin.py:188} INFO - [2026-07-18T21:38:30.015+0545] {dag.py:3111} INFO - Creating ORM DAG for example_sensors
[2026-07-18T21:38:30.017+0545] {logging_mixin.py:188} INFO - [2026-07-18T21:38:30.017+0545] {dag.py:3947} INFO - Setting next_dagrun for example_sensors to None, run_after=None
[2026-07-18T21:38:30.045+0545] {processor.py:183} INFO - Processing /home/snigdh/repos/bigData/spark_demo_env/lib/python3.12/site-packages/airflow/example_dags/example_sensors.py took 0.217 seconds
[2026-07-18T21:39:29.575+0545] {processor.py:161} INFO - Started process (PID=262770) to work on /home/snigdh/repos/bigData/spark_demo_env/lib/python3.12/site-packages/airflow/example_dags/example_sensors.py
[2026-07-18T21:39:29.579+0545] {processor.py:830} INFO - Processing file /home/snigdh/repos/bigData/spark_demo_env/lib/python3.12/site-packages/airflow/example_dags/example_sensors.py for tasks to queue
[2026-07-18T21:39:29.583+0545] {logging_mixin.py:188} INFO - [2026-07-18T21:39:29.583+0545] {dagbag.py:545} INFO - Filling up the DagBag from /home/snigdh/repos/bigData/spark_demo_env/lib/python3.12/site-packages/airflow/example_dags/example_sensors.py
[2026-07-18T21:39:29.598+0545] {processor.py:840} INFO - DAG(s) 'example_sensors' retrieved from /home/snigdh/repos/bigData/spark_demo_env/lib/python3.12/site-packages/airflow/example_dags/example_sensors.py
[2026-07-18T21:39:29.630+0545] {logging_mixin.py:188} INFO - [2026-07-18T21:39:29.630+0545] {dag.py:3089} INFO - Sync 1 DAGs
[2026-07-18T21:39:29.646+0545] {logging_mixin.py:188} INFO - [2026-07-18T21:39:29.646+0545] {dag.py:3947} INFO - Setting next_dagrun for example_sensors to None, run_after=None
[2026-07-18T21:39:29.669+0545] {processor.py:183} INFO - Processing /home/snigdh/repos/bigData/spark_demo_env/lib/python3.12/site-packages/airflow/example_dags/example_sensors.py took 0.104 seconds
[2026-07-18T21:40:22.578+0545] {processor.py:161} INFO - Started process (PID=263056) to work on /home/snigdh/repos/bigData/spark_demo_env/lib/python3.12/site-packages/airflow/example_dags/example_sensors.py
[2026-07-18T21:40:22.582+0545] {processor.py:830} INFO - Processing file /home/snigdh/repos/bigData/spark_demo_env/lib/python3.12/site-packages/airflow/example_dags/example_sensors.py for tasks to queue
[2026-07-18T21:40:22.586+0545] {logging_mixin.py:188} INFO - [2026-07-18T21:40:22.585+0545] {dagbag.py:545} INFO - Filling up the DagBag from /home/snigdh/repos/bigData/spark_demo_env/lib/python3.12/site-packages/airflow/example_dags/example_sensors.py
[2026-07-18T21:40:22.601+0545] {processor.py:840} INFO - DAG(s) 'example_sensors' retrieved from /home/snigdh/repos/bigData/spark_demo_env/lib/python3.12/site-packages/airflow/example_dags/example_sensors.py
[2026-07-18T21:40:22.611+0545] {logging_mixin.py:188} INFO - [2026-07-18T21:40:22.610+0545] {dag.py:3089} INFO - Sync 1 DAGs
[2026-07-18T21:40:22.625+0545] {logging_mixin.py:188} INFO - [2026-07-18T21:40:22.625+0545] {dag.py:3947} INFO - Setting next_dagrun for example_sensors to None, run_after=None
[2026-07-18T21:40:22.653+0545] {processor.py:183} INFO - Processing /home/snigdh/repos/bigData/spark_demo_env/lib/python3.12/site-packages/airflow/example_dags/example_sensors.py took 0.083 seconds
[2026-07-18T21:46:42.786+0545] {processor.py:161} INFO - Started process (PID=269900) to work on /home/snigdh/repos/bigData/spark_demo_env/lib/python3.12/site-packages/airflow/example_dags/example_sensors.py
[2026-07-18T21:46:42.789+0545] {processor.py:830} INFO - Processing file /home/snigdh/repos/bigData/spark_demo_env/lib/python3.12/site-packages/airflow/example_dags/example_sensors.py for tasks to queue
[2026-07-18T21:46:42.791+0545] {logging_mixin.py:188} INFO - [2026-07-18T21:46:42.790+0545] {dagbag.py:545} INFO - Filling up the DagBag from /home/snigdh/repos/bigData/spark_demo_env/lib/python3.12/site-packages/airflow/example_dags/example_sensors.py
[2026-07-18T21:46:42.803+0545] {processor.py:840} INFO - DAG(s) 'example_sensors' retrieved from /home/snigdh/repos/bigData/spark_demo_env/lib/python3.12/site-packages/airflow/example_dags/example_sensors.py
[2026-07-18T21:46:42.932+0545] {logging_mixin.py:188} INFO - [2026-07-18T21:46:42.931+0545] {dag.py:3089} INFO - Sync 1 DAGs
[2026-07-18T21:46:42.943+0545] {logging_mixin.py:188} INFO - [2026-07-18T21:46:42.943+0545] {dag.py:3947} INFO - Setting next_dagrun for example_sensors to None, run_after=None
[2026-07-18T21:46:42.977+0545] {processor.py:183} INFO - Processing /home/snigdh/repos/bigData/spark_demo_env/lib/python3.12/site-packages/airflow/example_dags/example_sensors.py took 0.200 seconds
[2026-07-18T21:47:43.511+0545] {processor.py:161} INFO - Started process (PID=270579) to work on /home/snigdh/repos/bigData/spark_demo_env/lib/python3.12/site-packages/airflow/example_dags/example_sensors.py
[2026-07-18T21:47:43.515+0545] {processor.py:830} INFO - Processing file /home/snigdh/repos/bigData/spark_demo_env/lib/python3.12/site-packages/airflow/example_dags/example_sensors.py for tasks to queue
[2026-07-18T21:47:43.517+0545] {logging_mixin.py:188} INFO - [2026-07-18T21:47:43.516+0545] {dagbag.py:545} INFO - Filling up the DagBag from /home/snigdh/repos/bigData/spark_demo_env/lib/python3.12/site-packages/airflow/example_dags/example_sensors.py
[2026-07-18T21:47:43.529+0545] {processor.py:840} INFO - DAG(s) 'example_sensors' retrieved from /home/snigdh/repos/bigData/spark_demo_env/lib/python3.12/site-packages/airflow/example_dags/example_sensors.py
[2026-07-18T21:47:43.554+0545] {logging_mixin.py:188} INFO - [2026-07-18T21:47:43.554+0545] {dag.py:3089} INFO - Sync 1 DAGs
[2026-07-18T21:47:43.565+0545] {logging_mixin.py:188} INFO - [2026-07-18T21:47:43.565+0545] {dag.py:3947} INFO - Setting next_dagrun for example_sensors to None, run_after=None
[2026-07-18T21:47:43.588+0545] {processor.py:183} INFO - Processing /home/snigdh/repos/bigData/spark_demo_env/lib/python3.12/site-packages/airflow/example_dags/example_sensors.py took 0.086 seconds
[2026-07-18T21:48:32.850+0545] {processor.py:161} INFO - Started process (PID=271536) to work on /home/snigdh/repos/bigData/spark_demo_env/lib/python3.12/site-packages/airflow/example_dags/example_sensors.py
[2026-07-18T21:48:32.854+0545] {processor.py:830} INFO - Processing file /home/snigdh/repos/bigData/spark_demo_env/lib/python3.12/site-packages/airflow/example_dags/example_sensors.py for tasks to queue
[2026-07-18T21:48:32.856+0545] {logging_mixin.py:188} INFO - [2026-07-18T21:48:32.855+0545] {dagbag.py:545} INFO - Filling up the DagBag from /home/snigdh/repos/bigData/spark_demo_env/lib/python3.12/site-packages/airflow/example_dags/example_sensors.py
[2026-07-18T21:48:32.870+0545] {processor.py:840} INFO - DAG(s) 'example_sensors' retrieved from /home/snigdh/repos/bigData/spark_demo_env/lib/python3.12/site-packages/airflow/example_dags/example_sensors.py
[2026-07-18T21:48:32.899+0545] {logging_mixin.py:188} INFO - [2026-07-18T21:48:32.898+0545] {dag.py:3089} INFO - Sync 1 DAGs
[2026-07-18T21:48:32.913+0545] {logging_mixin.py:188} INFO - [2026-07-18T21:48:32.912+0545] {dag.py:3947} INFO - Setting next_dagrun for example_sensors to None, run_after=None
[2026-07-18T21:48:32.943+0545] {processor.py:183} INFO - Processing /home/snigdh/repos/bigData/spark_demo_env/lib/python3.12/site-packages/airflow/example_dags/example_sensors.py took 0.104 seconds
[2026-07-18T21:49:29.434+0545] {processor.py:161} INFO - Started process (PID=272147) to work on /home/snigdh/repos/bigData/spark_demo_env/lib/python3.12/site-packages/airflow/example_dags/example_sensors.py
[2026-07-18T21:49:29.438+0545] {processor.py:830} INFO - Processing file /home/snigdh/repos/bigData/spark_demo_env/lib/python3.12/site-packages/airflow/example_dags/example_sensors.py for tasks to queue
[2026-07-18T21:49:29.439+0545] {logging_mixin.py:188} INFO - [2026-07-18T21:49:29.438+0545] {dagbag.py:545} INFO - Filling up the DagBag from /home/snigdh/repos/bigData/spark_demo_env/lib/python3.12/site-packages/airflow/example_dags/example_sensors.py
[2026-07-18T21:49:29.449+0545] {processor.py:840} INFO - DAG(s) 'example_sensors' retrieved from /home/snigdh/repos/bigData/spark_demo_env/lib/python3.12/site-packages/airflow/example_dags/example_sensors.py
[2026-07-18T21:49:29.476+0545] {logging_mixin.py:188} INFO - [2026-07-18T21:49:29.475+0545] {dag.py:3089} INFO - Sync 1 DAGs
[2026-07-18T21:49:29.579+0545] {logging_mixin.py:188} INFO - [2026-07-18T21:49:29.579+0545] {dag.py:3947} INFO - Setting next_dagrun for example_sensors to None, run_after=None
[2026-07-18T21:49:29.603+0545] {processor.py:183} INFO - Processing /home/snigdh/repos/bigData/spark_demo_env/lib/python3.12/site-packages/airflow/example_dags/example_sensors.py took 0.175 seconds
[2026-07-18T21:50:21.173+0545] {processor.py:161} INFO - Started process (PID=272739) to work on /home/snigdh/repos/bigData/spark_demo_env/lib/python3.12/site-packages/airflow/example_dags/example_sensors.py
[2026-07-18T21:50:21.177+0545] {processor.py:830} INFO - Processing file /home/snigdh/repos/bigData/spark_demo_env/lib/python3.12/site-packages/airflow/example_dags/example_sensors.py for tasks to queue
[2026-07-18T21:50:21.178+0545] {logging_mixin.py:188} INFO - [2026-07-18T21:50:21.177+0545] {dagbag.py:545} INFO - Filling up the DagBag from /home/snigdh/repos/bigData/spark_demo_env/lib/python3.12/site-packages/airflow/example_dags/example_sensors.py
[2026-07-18T21:50:21.190+0545] {processor.py:840} INFO - DAG(s) 'example_sensors' retrieved from /home/snigdh/repos/bigData/spark_demo_env/lib/python3.12/site-packages/airflow/example_dags/example_sensors.py
[2026-07-18T21:50:21.218+0545] {logging_mixin.py:188} INFO - [2026-07-18T21:50:21.217+0545] {dag.py:3089} INFO - Sync 1 DAGs
[2026-07-18T21:50:21.230+0545] {logging_mixin.py:188} INFO - [2026-07-18T21:50:21.229+0545] {dag.py:3947} INFO - Setting next_dagrun for example_sensors to None, run_after=None
[2026-07-18T21:50:21.255+0545] {processor.py:183} INFO - Processing /home/snigdh/repos/bigData/spark_demo_env/lib/python3.12/site-packages/airflow/example_dags/example_sensors.py took 0.091 seconds
[2026-07-18T21:51:06.282+0545] {processor.py:161} INFO - Started process (PID=273406) to work on /home/snigdh/repos/bigData/spark_demo_env/lib/python3.12/site-packages/airflow/example_dags/example_sensors.py
[2026-07-18T21:51:06.286+0545] {processor.py:830} INFO - Processing file /home/snigdh/repos/bigData/spark_demo_env/lib/python3.12/site-packages/airflow/example_dags/example_sensors.py for tasks to queue
[2026-07-18T21:51:06.288+0545] {logging_mixin.py:188} INFO - [2026-07-18T21:51:06.287+0545] {dagbag.py:545} INFO - Filling up the DagBag from /home/snigdh/repos/bigData/spark_demo_env/lib/python3.12/site-packages/airflow/example_dags/example_sensors.py
[2026-07-18T21:51:06.301+0545] {processor.py:840} INFO - DAG(s) 'example_sensors' retrieved from /home/snigdh/repos/bigData/spark_demo_env/lib/python3.12/site-packages/airflow/example_dags/example_sensors.py
[2026-07-18T21:51:06.330+0545] {logging_mixin.py:188} INFO - [2026-07-18T21:51:06.330+0545] {dag.py:3089} INFO - Sync 1 DAGs
[2026-07-18T21:51:06.342+0545] {logging_mixin.py:188} INFO - [2026-07-18T21:51:06.342+0545] {dag.py:3947} INFO - Setting next_dagrun for example_sensors to None, run_after=None
[2026-07-18T21:51:06.373+0545] {processor.py:183} INFO - Processing /home/snigdh/repos/bigData/spark_demo_env/lib/python3.12/site-packages/airflow/example_dags/example_sensors.py took 0.100 seconds
[2026-07-18T21:51:51.857+0545] {processor.py:161} INFO - Started process (PID=273982) to work on /home/snigdh/repos/bigData/spark_demo_env/lib/python3.12/site-packages/airflow/example_dags/example_sensors.py
[2026-07-18T21:51:51.858+0545] {processor.py:830} INFO - Processing file /home/snigdh/repos/bigData/spark_demo_env/lib/python3.12/site-packages/airflow/example_dags/example_sensors.py for tasks to queue
[2026-07-18T21:51:51.860+0545] {logging_mixin.py:188} INFO - [2026-07-18T21:51:51.859+0545] {dagbag.py:545} INFO - Filling up the DagBag from /home/snigdh/repos/bigData/spark_demo_env/lib/python3.12/site-packages/airflow/example_dags/example_sensors.py
[2026-07-18T21:51:51.873+0545] {processor.py:840} INFO - DAG(s) 'example_sensors' retrieved from /home/snigdh/repos/bigData/spark_demo_env/lib/python3.12/site-packages/airflow/example_dags/example_sensors.py
[2026-07-18T21:51:51.899+0545] {logging_mixin.py:188} INFO - [2026-07-18T21:51:51.899+0545] {dag.py:3089} INFO - Sync 1 DAGs
[2026-07-18T21:51:51.912+0545] {logging_mixin.py:188} INFO - [2026-07-18T21:51:51.912+0545] {dag.py:3947} INFO - Setting next_dagrun for example_sensors to None, run_after=None
[2026-07-18T21:51:51.939+0545] {processor.py:183} INFO - Processing /home/snigdh/repos/bigData/spark_demo_env/lib/python3.12/site-packages/airflow/example_dags/example_sensors.py took 0.092 seconds
[2026-07-18T21:52:39.051+0545] {processor.py:161} INFO - Started process (PID=274596) to work on /home/snigdh/repos/bigData/spark_demo_env/lib/python3.12/site-packages/airflow/example_dags/example_sensors.py
[2026-07-18T21:52:39.054+0545] {processor.py:830} INFO - Processing file /home/snigdh/repos/bigData/spark_demo_env/lib/python3.12/site-packages/airflow/example_dags/example_sensors.py for tasks to queue
[2026-07-18T21:52:39.056+0545] {logging_mixin.py:188} INFO - [2026-07-18T21:52:39.055+0545] {dagbag.py:545} INFO - Filling up the DagBag from /home/snigdh/repos/bigData/spark_demo_env/lib/python3.12/site-packages/airflow/example_dags/example_sensors.py
[2026-07-18T21:52:39.068+0545] {processor.py:840} INFO - DAG(s) 'example_sensors' retrieved from /home/snigdh/repos/bigData/spark_demo_env/lib/python3.12/site-packages/airflow/example_dags/example_sensors.py
[2026-07-18T21:52:39.096+0545] {logging_mixin.py:188} INFO - [2026-07-18T21:52:39.096+0545] {dag.py:3089} INFO - Sync 1 DAGs
[2026-07-18T21:52:39.108+0545] {logging_mixin.py:188} INFO - [2026-07-18T21:52:39.108+0545] {dag.py:3947} INFO - Setting next_dagrun for example_sensors to None, run_after=None
[2026-07-18T21:52:39.135+0545] {processor.py:183} INFO - Processing /home/snigdh/repos/bigData/spark_demo_env/lib/python3.12/site-packages/airflow/example_dags/example_sensors.py took 0.093 seconds
[2026-07-18T21:53:23.588+0545] {processor.py:161} INFO - Started process (PID=275189) to work on /home/snigdh/repos/bigData/spark_demo_env/lib/python3.12/site-packages/airflow/example_dags/example_sensors.py
[2026-07-18T21:53:23.592+0545] {processor.py:830} INFO - Processing file /home/snigdh/repos/bigData/spark_demo_env/lib/python3.12/site-packages/airflow/example_dags/example_sensors.py for tasks to queue
[2026-07-18T21:53:23.593+0545] {logging_mixin.py:188} INFO - [2026-07-18T21:53:23.593+0545] {dagbag.py:545} INFO - Filling up the DagBag from /home/snigdh/repos/bigData/spark_demo_env/lib/python3.12/site-packages/airflow/example_dags/example_sensors.py
[2026-07-18T21:53:23.605+0545] {processor.py:840} INFO - DAG(s) 'example_sensors' retrieved from /home/snigdh/repos/bigData/spark_demo_env/lib/python3.12/site-packages/airflow/example_dags/example_sensors.py
[2026-07-18T21:53:23.635+0545] {logging_mixin.py:188} INFO - [2026-07-18T21:53:23.635+0545] {dag.py:3089} INFO - Sync 1 DAGs
[2026-07-18T21:53:23.650+0545] {logging_mixin.py:188} INFO - [2026-07-18T21:53:23.650+0545] {dag.py:3947} INFO - Setting next_dagrun for example_sensors to None, run_after=None
[2026-07-18T21:53:23.678+0545] {processor.py:183} INFO - Processing /home/snigdh/repos/bigData/spark_demo_env/lib/python3.12/site-packages/airflow/example_dags/example_sensors.py took 0.097 seconds
[2026-07-18T21:54:13.500+0545] {processor.py:161} INFO - Started process (PID=276068) to work on /home/snigdh/repos/bigData/spark_demo_env/lib/python3.12/site-packages/airflow/example_dags/example_sensors.py
[2026-07-18T21:54:13.503+0545] {processor.py:830} INFO - Processing file /home/snigdh/repos/bigData/spark_demo_env/lib/python3.12/site-packages/airflow/example_dags/example_sensors.py for tasks to queue
[2026-07-18T21:54:13.505+0545] {logging_mixin.py:188} INFO - [2026-07-18T21:54:13.504+0545] {dagbag.py:545} INFO - Filling up the DagBag from /home/snigdh/repos/bigData/spark_demo_env/lib/python3.12/site-packages/airflow/example_dags/example_sensors.py
[2026-07-18T21:54:13.518+0545] {processor.py:840} INFO - DAG(s) 'example_sensors' retrieved from /home/snigdh/repos/bigData/spark_demo_env/lib/python3.12/site-packages/airflow/example_dags/example_sensors.py
[2026-07-18T21:54:13.550+0545] {logging_mixin.py:188} INFO - [2026-07-18T21:54:13.550+0545] {dag.py:3089} INFO - Sync 1 DAGs
[2026-07-18T21:54:13.566+0545] {logging_mixin.py:188} INFO - [2026-07-18T21:54:13.566+0545] {dag.py:3947} INFO - Setting next_dagrun for example_sensors to None, run_after=None
[2026-07-18T21:54:13.590+0545] {processor.py:183} INFO - Processing /home/snigdh/repos/bigData/spark_demo_env/lib/python3.12/site-packages/airflow/example_dags/example_sensors.py took 0.098 seconds
[2026-07-18T21:55:00.886+0545] {processor.py:161} INFO - Started process (PID=276706) to work on /home/snigdh/repos/bigData/spark_demo_env/lib/python3.12/site-packages/airflow/example_dags/example_sensors.py
[2026-07-18T21:55:00.888+0545] {processor.py:830} INFO - Processing file /home/snigdh/repos/bigData/spark_demo_env/lib/python3.12/site-packages/airflow/example_dags/example_sensors.py for tasks to queue
[2026-07-18T21:55:00.889+0545] {logging_mixin.py:188} INFO - [2026-07-18T21:55:00.888+0545] {dagbag.py:545} INFO - Filling up the DagBag from /home/snigdh/repos/bigData/spark_demo_env/lib/python3.12/site-packages/airflow/example_dags/example_sensors.py
[2026-07-18T21:55:00.900+0545] {processor.py:840} INFO - DAG(s) 'example_sensors' retrieved from /home/snigdh/repos/bigData/spark_demo_env/lib/python3.12/site-packages/airflow/example_dags/example_sensors.py
[2026-07-18T21:55:00.922+0545] {logging_mixin.py:188} INFO - [2026-07-18T21:55:00.922+0545] {dag.py:3089} INFO - Sync 1 DAGs
[2026-07-18T21:55:00.932+0545] {logging_mixin.py:188} INFO - [2026-07-18T21:55:00.932+0545] {dag.py:3947} INFO - Setting next_dagrun for example_sensors to None, run_after=None
[2026-07-18T21:55:00.957+0545] {processor.py:183} INFO - Processing /home/snigdh/repos/bigData/spark_demo_env/lib/python3.12/site-packages/airflow/example_dags/example_sensors.py took 0.077 seconds
[2026-07-18T21:55:45.315+0545] {processor.py:161} INFO - Started process (PID=277106) to work on /home/snigdh/repos/bigData/spark_demo_env/lib/python3.12/site-packages/airflow/example_dags/example_sensors.py
[2026-07-18T21:55:45.317+0545] {processor.py:830} INFO - Processing file /home/snigdh/repos/bigData/spark_demo_env/lib/python3.12/site-packages/airflow/example_dags/example_sensors.py for tasks to queue
[2026-07-18T21:55:45.318+0545] {logging_mixin.py:188} INFO - [2026-07-18T21:55:45.318+0545] {dagbag.py:545} INFO - Filling up the DagBag from /home/snigdh/repos/bigData/spark_demo_env/lib/python3.12/site-packages/airflow/example_dags/example_sensors.py
[2026-07-18T21:55:45.331+0545] {processor.py:840} INFO - DAG(s) 'example_sensors' retrieved from /home/snigdh/repos/bigData/spark_demo_env/lib/python3.12/site-packages/airflow/example_dags/example_sensors.py
[2026-07-18T21:55:45.366+0545] {logging_mixin.py:188} INFO - [2026-07-18T21:55:45.365+0545] {dag.py:3089} INFO - Sync 1 DAGs
[2026-07-18T21:55:45.382+0545] {logging_mixin.py:188} INFO - [2026-07-18T21:55:45.382+0545] {dag.py:3947} INFO - Setting next_dagrun for example_sensors to None, run_after=None
[2026-07-18T21:55:45.411+0545] {processor.py:183} INFO - Processing /home/snigdh/repos/bigData/spark_demo_env/lib/python3.12/site-packages/airflow/example_dags/example_sensors.py took 0.103 seconds
[2026-07-18T21:56:31.622+0545] {processor.py:161} INFO - Started process (PID=277590) to work on /home/snigdh/repos/bigData/spark_demo_env/lib/python3.12/site-packages/airflow/example_dags/example_sensors.py
[2026-07-18T21:56:31.624+0545] {processor.py:830} INFO - Processing file /home/snigdh/repos/bigData/spark_demo_env/lib/python3.12/site-packages/airflow/example_dags/example_sensors.py for tasks to queue
[2026-07-18T21:56:31.625+0545] {logging_mixin.py:188} INFO - [2026-07-18T21:56:31.625+0545] {dagbag.py:545} INFO - Filling up the DagBag from /home/snigdh/repos/bigData/spark_demo_env/lib/python3.12/site-packages/airflow/example_dags/example_sensors.py
[2026-07-18T21:56:31.638+0545] {processor.py:840} INFO - DAG(s) 'example_sensors' retrieved from /home/snigdh/repos/bigData/spark_demo_env/lib/python3.12/site-packages/airflow/example_dags/example_sensors.py
[2026-07-18T21:56:31.660+0545] {logging_mixin.py:188} INFO - [2026-07-18T21:56:31.660+0545] {dag.py:3089} INFO - Sync 1 DAGs
[2026-07-18T21:56:31.671+0545] {logging_mixin.py:188} INFO - [2026-07-18T21:56:31.670+0545] {dag.py:3947} INFO - Setting next_dagrun for example_sensors to None, run_after=None
[2026-07-18T21:56:31.694+0545] {processor.py:183} INFO - Processing /home/snigdh/repos/bigData/spark_demo_env/lib/python3.12/site-packages/airflow/example_dags/example_sensors.py took 0.079 seconds
[2026-07-18T21:57:14.585+0545] {processor.py:161} INFO - Started process (PID=277970) to work on /home/snigdh/repos/bigData/spark_demo_env/lib/python3.12/site-packages/airflow/example_dags/example_sensors.py
[2026-07-18T21:57:14.588+0545] {processor.py:830} INFO - Processing file /home/snigdh/repos/bigData/spark_demo_env/lib/python3.12/site-packages/airflow/example_dags/example_sensors.py for tasks to queue
[2026-07-18T21:57:14.590+0545] {logging_mixin.py:188} INFO - [2026-07-18T21:57:14.589+0545] {dagbag.py:545} INFO - Filling up the DagBag from /home/snigdh/repos/bigData/spark_demo_env/lib/python3.12/site-packages/airflow/example_dags/example_sensors.py
[2026-07-18T21:57:14.602+0545] {processor.py:840} INFO - DAG(s) 'example_sensors' retrieved from /home/snigdh/repos/bigData/spark_demo_env/lib/python3.12/site-packages/airflow/example_dags/example_sensors.py
[2026-07-18T21:57:14.631+0545] {logging_mixin.py:188} INFO - [2026-07-18T21:57:14.630+0545] {dag.py:3089} INFO - Sync 1 DAGs
[2026-07-18T21:57:14.642+0545] {logging_mixin.py:188} INFO - [2026-07-18T21:57:14.642+0545] {dag.py:3947} INFO - Setting next_dagrun for example_sensors to None, run_after=None
[2026-07-18T21:57:14.667+0545] {processor.py:183} INFO - Processing /home/snigdh/repos/bigData/spark_demo_env/lib/python3.12/site-packages/airflow/example_dags/example_sensors.py took 0.091 seconds
[2026-07-18T21:58:00.393+0545] {processor.py:161} INFO - Started process (PID=278415) to work on /home/snigdh/repos/bigData/spark_demo_env/lib/python3.12/site-packages/airflow/example_dags/example_sensors.py
[2026-07-18T21:58:00.397+0545] {processor.py:830} INFO - Processing file /home/snigdh/repos/bigData/spark_demo_env/lib/python3.12/site-packages/airflow/example_dags/example_sensors.py for tasks to queue
[2026-07-18T21:58:00.398+0545] {logging_mixin.py:188} INFO - [2026-07-18T21:58:00.397+0545] {dagbag.py:545} INFO - Filling up the DagBag from /home/snigdh/repos/bigData/spark_demo_env/lib/python3.12/site-packages/airflow/example_dags/example_sensors.py
[2026-07-18T21:58:00.410+0545] {processor.py:840} INFO - DAG(s) 'example_sensors' retrieved from /home/snigdh/repos/bigData/spark_demo_env/lib/python3.12/site-packages/airflow/example_dags/example_sensors.py
[2026-07-18T21:58:00.437+0545] {logging_mixin.py:188} INFO - [2026-07-18T21:58:00.436+0545] {dag.py:3089} INFO - Sync 1 DAGs
[2026-07-18T21:58:00.448+0545] {logging_mixin.py:188} INFO - [2026-07-18T21:58:00.447+0545] {dag.py:3947} INFO - Setting next_dagrun for example_sensors to None, run_after=None
[2026-07-18T21:58:00.471+0545] {processor.py:183} INFO - Processing /home/snigdh/repos/bigData/spark_demo_env/lib/python3.12/site-packages/airflow/example_dags/example_sensors.py took 0.085 seconds
[2026-07-18T21:58:45.058+0545] {processor.py:161} INFO - Started process (PID=278834) to work on /home/snigdh/repos/bigData/spark_demo_env/lib/python3.12/site-packages/airflow/example_dags/example_sensors.py
[2026-07-18T21:58:45.061+0545] {processor.py:830} INFO - Processing file /home/snigdh/repos/bigData/spark_demo_env/lib/python3.12/site-packages/airflow/example_dags/example_sensors.py for tasks to queue
[2026-07-18T21:58:45.063+0545] {logging_mixin.py:188} INFO - [2026-07-18T21:58:45.062+0545] {dagbag.py:545} INFO - Filling up the DagBag from /home/snigdh/repos/bigData/spark_demo_env/lib/python3.12/site-packages/airflow/example_dags/example_sensors.py
[2026-07-18T21:58:45.075+0545] {processor.py:840} INFO - DAG(s) 'example_sensors' retrieved from /home/snigdh/repos/bigData/spark_demo_env/lib/python3.12/site-packages/airflow/example_dags/example_sensors.py
[2026-07-18T21:58:45.103+0545] {logging_mixin.py:188} INFO - [2026-07-18T21:58:45.103+0545] {dag.py:3089} INFO - Sync 1 DAGs
[2026-07-18T21:58:45.114+0545] {logging_mixin.py:188} INFO - [2026-07-18T21:58:45.114+0545] {dag.py:3947} INFO - Setting next_dagrun for example_sensors to None, run_after=None
[2026-07-18T21:58:45.138+0545] {processor.py:183} INFO - Processing /home/snigdh/repos/bigData/spark_demo_env/lib/python3.12/site-packages/airflow/example_dags/example_sensors.py took 0.088 seconds
[2026-07-18T21:59:31.381+0545] {processor.py:161} INFO - Started process (PID=279294) to work on /home/snigdh/repos/bigData/spark_demo_env/lib/python3.12/site-packages/airflow/example_dags/example_sensors.py
[2026-07-18T21:59:31.385+0545] {processor.py:830} INFO - Processing file /home/snigdh/repos/bigData/spark_demo_env/lib/python3.12/site-packages/airflow/example_dags/example_sensors.py for tasks to queue
[2026-07-18T21:59:31.386+0545] {logging_mixin.py:188} INFO - [2026-07-18T21:59:31.385+0545] {dagbag.py:545} INFO - Filling up the DagBag from /home/snigdh/repos/bigData/spark_demo_env/lib/python3.12/site-packages/airflow/example_dags/example_sensors.py
[2026-07-18T21:59:31.399+0545] {processor.py:840} INFO - DAG(s) 'example_sensors' retrieved from /home/snigdh/repos/bigData/spark_demo_env/lib/python3.12/site-packages/airflow/example_dags/example_sensors.py
[2026-07-18T21:59:31.424+0545] {logging_mixin.py:188} INFO - [2026-07-18T21:59:31.424+0545] {dag.py:3089} INFO - Sync 1 DAGs
[2026-07-18T21:59:31.435+0545] {logging_mixin.py:188} INFO - [2026-07-18T21:59:31.435+0545] {dag.py:3947} INFO - Setting next_dagrun for example_sensors to None, run_after=None
[2026-07-18T21:59:31.462+0545] {processor.py:183} INFO - Processing /home/snigdh/repos/bigData/spark_demo_env/lib/python3.12/site-packages/airflow/example_dags/example_sensors.py took 0.088 seconds
[2026-07-18T22:00:17.825+0545] {processor.py:161} INFO - Started process (PID=279698) to work on /home/snigdh/repos/bigData/spark_demo_env/lib/python3.12/site-packages/airflow/example_dags/example_sensors.py
[2026-07-18T22:00:17.829+0545] {processor.py:830} INFO - Processing file /home/snigdh/repos/bigData/spark_demo_env/lib/python3.12/site-packages/airflow/example_dags/example_sensors.py for tasks to queue
[2026-07-18T22:00:17.830+0545] {logging_mixin.py:188} INFO - [2026-07-18T22:00:17.830+0545] {dagbag.py:545} INFO - Filling up the DagBag from /home/snigdh/repos/bigData/spark_demo_env/lib/python3.12/site-packages/airflow/example_dags/example_sensors.py
[2026-07-18T22:00:17.842+0545] {processor.py:840} INFO - DAG(s) 'example_sensors' retrieved from /home/snigdh/repos/bigData/spark_demo_env/lib/python3.12/site-packages/airflow/example_dags/example_sensors.py
[2026-07-18T22:00:17.870+0545] {logging_mixin.py:188} INFO - [2026-07-18T22:00:17.869+0545] {dag.py:3089} INFO - Sync 1 DAGs
[2026-07-18T22:00:17.881+0545] {logging_mixin.py:188} INFO - [2026-07-18T22:00:17.881+0545] {dag.py:3947} INFO - Setting next_dagrun for example_sensors to None, run_after=None
[2026-07-18T22:00:17.907+0545] {processor.py:183} INFO - Processing /home/snigdh/repos/bigData/spark_demo_env/lib/python3.12/site-packages/airflow/example_dags/example_sensors.py took 0.089 seconds
[2026-07-18T22:01:05.090+0545] {processor.py:161} INFO - Started process (PID=280157) to work on /home/snigdh/repos/bigData/spark_demo_env/lib/python3.12/site-packages/airflow/example_dags/example_sensors.py
[2026-07-18T22:01:05.094+0545] {processor.py:830} INFO - Processing file /home/snigdh/repos/bigData/spark_demo_env/lib/python3.12/site-packages/airflow/example_dags/example_sensors.py for tasks to queue
[2026-07-18T22:01:05.096+0545] {logging_mixin.py:188} INFO - [2026-07-18T22:01:05.095+0545] {dagbag.py:545} INFO - Filling up the DagBag from /home/snigdh/repos/bigData/spark_demo_env/lib/python3.12/site-packages/airflow/example_dags/example_sensors.py
[2026-07-18T22:01:05.110+0545] {processor.py:840} INFO - DAG(s) 'example_sensors' retrieved from /home/snigdh/repos/bigData/spark_demo_env/lib/python3.12/site-packages/airflow/example_dags/example_sensors.py
[2026-07-18T22:01:05.135+0545] {logging_mixin.py:188} INFO - [2026-07-18T22:01:05.135+0545] {dag.py:3089} INFO - Sync 1 DAGs
[2026-07-18T22:01:05.145+0545] {logging_mixin.py:188} INFO - [2026-07-18T22:01:05.145+0545] {dag.py:3947} INFO - Setting next_dagrun for example_sensors to None, run_after=None
[2026-07-18T22:01:05.170+0545] {processor.py:183} INFO - Processing /home/snigdh/repos/bigData/spark_demo_env/lib/python3.12/site-packages/airflow/example_dags/example_sensors.py took 0.090 seconds
[2026-07-18T22:01:50.206+0545] {processor.py:161} INFO - Started process (PID=280545) to work on /home/snigdh/repos/bigData/spark_demo_env/lib/python3.12/site-packages/airflow/example_dags/example_sensors.py
[2026-07-18T22:01:50.210+0545] {processor.py:830} INFO - Processing file /home/snigdh/repos/bigData/spark_demo_env/lib/python3.12/site-packages/airflow/example_dags/example_sensors.py for tasks to queue
[2026-07-18T22:01:50.212+0545] {logging_mixin.py:188} INFO - [2026-07-18T22:01:50.211+0545] {dagbag.py:545} INFO - Filling up the DagBag from /home/snigdh/repos/bigData/spark_demo_env/lib/python3.12/site-packages/airflow/example_dags/example_sensors.py
[2026-07-18T22:01:50.224+0545] {processor.py:840} INFO - DAG(s) 'example_sensors' retrieved from /home/snigdh/repos/bigData/spark_demo_env/lib/python3.12/site-packages/airflow/example_dags/example_sensors.py
[2026-07-18T22:01:50.250+0545] {logging_mixin.py:188} INFO - [2026-07-18T22:01:50.249+0545] {dag.py:3089} INFO - Sync 1 DAGs
[2026-07-18T22:01:50.261+0545] {logging_mixin.py:188} INFO - [2026-07-18T22:01:50.261+0545] {dag.py:3947} INFO - Setting next_dagrun for example_sensors to None, run_after=None
[2026-07-18T22:01:50.500+0545] {processor.py:183} INFO - Processing /home/snigdh/repos/bigData/spark_demo_env/lib/python3.12/site-packages/airflow/example_dags/example_sensors.py took 0.302 seconds
[2026-07-18T22:02:34.890+0545] {processor.py:161} INFO - Started process (PID=281020) to work on /home/snigdh/repos/bigData/spark_demo_env/lib/python3.12/site-packages/airflow/example_dags/example_sensors.py
[2026-07-18T22:02:34.893+0545] {processor.py:830} INFO - Processing file /home/snigdh/repos/bigData/spark_demo_env/lib/python3.12/site-packages/airflow/example_dags/example_sensors.py for tasks to queue
[2026-07-18T22:02:34.895+0545] {logging_mixin.py:188} INFO - [2026-07-18T22:02:34.894+0545] {dagbag.py:545} INFO - Filling up the DagBag from /home/snigdh/repos/bigData/spark_demo_env/lib/python3.12/site-packages/airflow/example_dags/example_sensors.py
[2026-07-18T22:02:34.908+0545] {processor.py:840} INFO - DAG(s) 'example_sensors' retrieved from /home/snigdh/repos/bigData/spark_demo_env/lib/python3.12/site-packages/airflow/example_dags/example_sensors.py
[2026-07-18T22:02:34.932+0545] {logging_mixin.py:188} INFO - [2026-07-18T22:02:34.932+0545] {dag.py:3089} INFO - Sync 1 DAGs
[2026-07-18T22:02:34.943+0545] {logging_mixin.py:188} INFO - [2026-07-18T22:02:34.942+0545] {dag.py:3947} INFO - Setting next_dagrun for example_sensors to None, run_after=None
[2026-07-18T22:02:34.969+0545] {processor.py:183} INFO - Processing /home/snigdh/repos/bigData/spark_demo_env/lib/python3.12/site-packages/airflow/example_dags/example_sensors.py took 0.086 seconds
