[2026-07-18T21:38:49.176+0545] {processor.py:161} INFO - Started process (PID=262543) to work on /home/snigdh/repos/bigData/spark_demo_env/lib/python3.12/site-packages/airflow/example_dags/example_datasets.py
[2026-07-18T21:38:49.177+0545] {processor.py:830} INFO - Processing file /home/snigdh/repos/bigData/spark_demo_env/lib/python3.12/site-packages/airflow/example_dags/example_datasets.py for tasks to queue
[2026-07-18T21:38:49.179+0545] {logging_mixin.py:188} INFO - [2026-07-18T21:38:49.179+0545] {dagbag.py:545} INFO - Filling up the DagBag from /home/snigdh/repos/bigData/spark_demo_env/lib/python3.12/site-packages/airflow/example_dags/example_datasets.py
[2026-07-18T21:38:49.195+0545] {processor.py:840} INFO - DAG(s) 'consume_1_or_both_2_and_3_with_dataset_expressions', 'dataset_consumes_unknown_never_scheduled', 'dataset_produces_1', 'conditional_dataset_and_time_based_timetable', 'dataset_consumes_1_and_2', 'dataset_consumes_1_never_scheduled', 'dataset_consumes_1', 'consume_1_or_2_with_dataset_expressions', 'dataset_produces_2', 'consume_1_and_2_with_dataset_expressions' retrieved from /home/snigdh/repos/bigData/spark_demo_env/lib/python3.12/site-packages/airflow/example_dags/example_datasets.py
[2026-07-18T21:38:49.301+0545] {logging_mixin.py:188} INFO - [2026-07-18T21:38:49.301+0545] {override.py:1858} INFO - Created Permission View: can delete on DAG:consume_1_or_both_2_and_3_with_dataset_expressions
[2026-07-18T21:38:49.314+0545] {logging_mixin.py:188} INFO - [2026-07-18T21:38:49.313+0545] {override.py:1858} INFO - Created Permission View: can read on DAG:consume_1_or_both_2_and_3_with_dataset_expressions
[2026-07-18T21:38:49.322+0545] {logging_mixin.py:188} INFO - [2026-07-18T21:38:49.322+0545] {override.py:1858} INFO - Created Permission View: can edit on DAG:consume_1_or_both_2_and_3_with_dataset_expressions
[2026-07-18T21:38:49.340+0545] {logging_mixin.py:188} INFO - [2026-07-18T21:38:49.340+0545] {override.py:1858} INFO - Created Permission View: can delete on DAG:dataset_consumes_unknown_never_scheduled
[2026-07-18T21:38:49.348+0545] {logging_mixin.py:188} INFO - [2026-07-18T21:38:49.348+0545] {override.py:1858} INFO - Created Permission View: can read on DAG:dataset_consumes_unknown_never_scheduled
[2026-07-18T21:38:49.357+0545] {logging_mixin.py:188} INFO - [2026-07-18T21:38:49.356+0545] {override.py:1858} INFO - Created Permission View: can edit on DAG:dataset_consumes_unknown_never_scheduled
[2026-07-18T21:38:49.374+0545] {logging_mixin.py:188} INFO - [2026-07-18T21:38:49.374+0545] {override.py:1858} INFO - Created Permission View: can delete on DAG:dataset_produces_1
[2026-07-18T21:38:49.383+0545] {logging_mixin.py:188} INFO - [2026-07-18T21:38:49.382+0545] {override.py:1858} INFO - Created Permission View: can read on DAG:dataset_produces_1
[2026-07-18T21:38:49.391+0545] {logging_mixin.py:188} INFO - [2026-07-18T21:38:49.390+0545] {override.py:1858} INFO - Created Permission View: can edit on DAG:dataset_produces_1
[2026-07-18T21:38:49.409+0545] {logging_mixin.py:188} INFO - [2026-07-18T21:38:49.408+0545] {override.py:1858} INFO - Created Permission View: can delete on DAG:conditional_dataset_and_time_based_timetable
[2026-07-18T21:38:49.418+0545] {logging_mixin.py:188} INFO - [2026-07-18T21:38:49.418+0545] {override.py:1858} INFO - Created Permission View: can read on DAG:conditional_dataset_and_time_based_timetable
[2026-07-18T21:38:49.427+0545] {logging_mixin.py:188} INFO - [2026-07-18T21:38:49.427+0545] {override.py:1858} INFO - Created Permission View: can edit on DAG:conditional_dataset_and_time_based_timetable
[2026-07-18T21:38:49.446+0545] {logging_mixin.py:188} INFO - [2026-07-18T21:38:49.445+0545] {override.py:1858} INFO - Created Permission View: can delete on DAG:dataset_consumes_1_and_2
[2026-07-18T21:38:49.455+0545] {logging_mixin.py:188} INFO - [2026-07-18T21:38:49.454+0545] {override.py:1858} INFO - Created Permission View: can read on DAG:dataset_consumes_1_and_2
[2026-07-18T21:38:49.464+0545] {logging_mixin.py:188} INFO - [2026-07-18T21:38:49.463+0545] {override.py:1858} INFO - Created Permission View: can edit on DAG:dataset_consumes_1_and_2
[2026-07-18T21:38:49.483+0545] {logging_mixin.py:188} INFO - [2026-07-18T21:38:49.482+0545] {override.py:1858} INFO - Created Permission View: can delete on DAG:dataset_consumes_1_never_scheduled
[2026-07-18T21:38:49.492+0545] {logging_mixin.py:188} INFO - [2026-07-18T21:38:49.492+0545] {override.py:1858} INFO - Created Permission View: can read on DAG:dataset_consumes_1_never_scheduled
[2026-07-18T21:38:49.502+0545] {logging_mixin.py:188} INFO - [2026-07-18T21:38:49.501+0545] {override.py:1858} INFO - Created Permission View: can edit on DAG:dataset_consumes_1_never_scheduled
[2026-07-18T21:38:49.520+0545] {logging_mixin.py:188} INFO - [2026-07-18T21:38:49.520+0545] {override.py:1858} INFO - Created Permission View: can delete on DAG:dataset_consumes_1
[2026-07-18T21:38:49.530+0545] {logging_mixin.py:188} INFO - [2026-07-18T21:38:49.529+0545] {override.py:1858} INFO - Created Permission View: can read on DAG:dataset_consumes_1
[2026-07-18T21:38:49.539+0545] {logging_mixin.py:188} INFO - [2026-07-18T21:38:49.539+0545] {override.py:1858} INFO - Created Permission View: can edit on DAG:dataset_consumes_1
[2026-07-18T21:38:49.557+0545] {logging_mixin.py:188} INFO - [2026-07-18T21:38:49.557+0545] {override.py:1858} INFO - Created Permission View: can delete on DAG:consume_1_or_2_with_dataset_expressions
[2026-07-18T21:38:49.567+0545] {logging_mixin.py:188} INFO - [2026-07-18T21:38:49.566+0545] {override.py:1858} INFO - Created Permission View: can read on DAG:consume_1_or_2_with_dataset_expressions
[2026-07-18T21:38:49.576+0545] {logging_mixin.py:188} INFO - [2026-07-18T21:38:49.576+0545] {override.py:1858} INFO - Created Permission View: can edit on DAG:consume_1_or_2_with_dataset_expressions
[2026-07-18T21:38:49.595+0545] {logging_mixin.py:188} INFO - [2026-07-18T21:38:49.594+0545] {override.py:1858} INFO - Created Permission View: can delete on DAG:dataset_produces_2
[2026-07-18T21:38:49.608+0545] {logging_mixin.py:188} INFO - [2026-07-18T21:38:49.607+0545] {override.py:1858} INFO - Created Permission View: can read on DAG:dataset_produces_2
[2026-07-18T21:38:49.621+0545] {logging_mixin.py:188} INFO - [2026-07-18T21:38:49.620+0545] {override.py:1858} INFO - Created Permission View: can edit on DAG:dataset_produces_2
[2026-07-18T21:38:49.642+0545] {logging_mixin.py:188} INFO - [2026-07-18T21:38:49.642+0545] {override.py:1858} INFO - Created Permission View: can delete on DAG:consume_1_and_2_with_dataset_expressions
[2026-07-18T21:38:49.653+0545] {logging_mixin.py:188} INFO - [2026-07-18T21:38:49.653+0545] {override.py:1858} INFO - Created Permission View: can read on DAG:consume_1_and_2_with_dataset_expressions
[2026-07-18T21:38:49.663+0545] {logging_mixin.py:188} INFO - [2026-07-18T21:38:49.662+0545] {override.py:1858} INFO - Created Permission View: can edit on DAG:consume_1_and_2_with_dataset_expressions
[2026-07-18T21:38:49.663+0545] {logging_mixin.py:188} INFO - [2026-07-18T21:38:49.663+0545] {dag.py:3089} INFO - Sync 10 DAGs
[2026-07-18T21:38:49.676+0545] {logging_mixin.py:188} INFO - [2026-07-18T21:38:49.676+0545] {dag.py:3111} INFO - Creating ORM DAG for consume_1_or_both_2_and_3_with_dataset_expressions
[2026-07-18T21:38:49.677+0545] {logging_mixin.py:188} INFO - [2026-07-18T21:38:49.677+0545] {dag.py:3111} INFO - Creating ORM DAG for dataset_consumes_unknown_never_scheduled
[2026-07-18T21:38:49.678+0545] {logging_mixin.py:188} INFO - [2026-07-18T21:38:49.678+0545] {dag.py:3111} INFO - Creating ORM DAG for dataset_produces_2
[2026-07-18T21:38:49.678+0545] {logging_mixin.py:188} INFO - [2026-07-18T21:38:49.678+0545] {dag.py:3111} INFO - Creating ORM DAG for consume_1_and_2_with_dataset_expressions
[2026-07-18T21:38:49.679+0545] {logging_mixin.py:188} INFO - [2026-07-18T21:38:49.679+0545] {dag.py:3111} INFO - Creating ORM DAG for dataset_consumes_1
[2026-07-18T21:38:49.679+0545] {logging_mixin.py:188} INFO - [2026-07-18T21:38:49.679+0545] {dag.py:3111} INFO - Creating ORM DAG for conditional_dataset_and_time_based_timetable
[2026-07-18T21:38:49.680+0545] {logging_mixin.py:188} INFO - [2026-07-18T21:38:49.680+0545] {dag.py:3111} INFO - Creating ORM DAG for dataset_produces_1
[2026-07-18T21:38:49.680+0545] {logging_mixin.py:188} INFO - [2026-07-18T21:38:49.680+0545] {dag.py:3111} INFO - Creating ORM DAG for consume_1_or_2_with_dataset_expressions
[2026-07-18T21:38:49.681+0545] {logging_mixin.py:188} INFO - [2026-07-18T21:38:49.681+0545] {dag.py:3111} INFO - Creating ORM DAG for dataset_consumes_1_never_scheduled
[2026-07-18T21:38:49.681+0545] {logging_mixin.py:188} INFO - [2026-07-18T21:38:49.681+0545] {dag.py:3111} INFO - Creating ORM DAG for dataset_consumes_1_and_2
[2026-07-18T21:38:49.693+0545] {logging_mixin.py:188} INFO - [2026-07-18T21:38:49.693+0545] {dag.py:3947} INFO - Setting next_dagrun for conditional_dataset_and_time_based_timetable to 2026-07-15 01:00:00+00:00, run_after=2026-07-15 01:00:00+00:00
[2026-07-18T21:38:49.694+0545] {logging_mixin.py:188} INFO - [2026-07-18T21:38:49.694+0545] {dag.py:3947} INFO - Setting next_dagrun for consume_1_and_2_with_dataset_expressions to None, run_after=None
[2026-07-18T21:38:49.694+0545] {logging_mixin.py:188} INFO - [2026-07-18T21:38:49.694+0545] {dag.py:3947} INFO - Setting next_dagrun for consume_1_or_2_with_dataset_expressions to None, run_after=None
[2026-07-18T21:38:49.695+0545] {logging_mixin.py:188} INFO - [2026-07-18T21:38:49.695+0545] {dag.py:3947} INFO - Setting next_dagrun for consume_1_or_both_2_and_3_with_dataset_expressions to None, run_after=None
[2026-07-18T21:38:49.695+0545] {logging_mixin.py:188} INFO - [2026-07-18T21:38:49.695+0545] {dag.py:3947} INFO - Setting next_dagrun for dataset_consumes_1 to None, run_after=None
[2026-07-18T21:38:49.695+0545] {logging_mixin.py:188} INFO - [2026-07-18T21:38:49.695+0545] {dag.py:3947} INFO - Setting next_dagrun for dataset_consumes_1_and_2 to None, run_after=None
[2026-07-18T21:38:49.696+0545] {logging_mixin.py:188} INFO - [2026-07-18T21:38:49.696+0545] {dag.py:3947} INFO - Setting next_dagrun for dataset_consumes_1_never_scheduled to None, run_after=None
[2026-07-18T21:38:49.696+0545] {logging_mixin.py:188} INFO - [2026-07-18T21:38:49.696+0545] {dag.py:3947} INFO - Setting next_dagrun for dataset_consumes_unknown_never_scheduled to None, run_after=None
[2026-07-18T21:38:49.698+0545] {logging_mixin.py:188} INFO - [2026-07-18T21:38:49.698+0545] {dag.py:3947} INFO - Setting next_dagrun for dataset_produces_1 to 2026-07-17 00:00:00+00:00, run_after=2026-07-18 00:00:00+00:00
[2026-07-18T21:38:49.698+0545] {logging_mixin.py:188} INFO - [2026-07-18T21:38:49.698+0545] {dag.py:3947} INFO - Setting next_dagrun for dataset_produces_2 to None, run_after=None
[2026-07-18T21:38:49.729+0545] {processor.py:183} INFO - Processing /home/snigdh/repos/bigData/spark_demo_env/lib/python3.12/site-packages/airflow/example_dags/example_datasets.py took 0.560 seconds
[2026-07-18T21:39:46.874+0545] {processor.py:161} INFO - Started process (PID=262849) to work on /home/snigdh/repos/bigData/spark_demo_env/lib/python3.12/site-packages/airflow/example_dags/example_datasets.py
[2026-07-18T21:39:46.878+0545] {processor.py:830} INFO - Processing file /home/snigdh/repos/bigData/spark_demo_env/lib/python3.12/site-packages/airflow/example_dags/example_datasets.py for tasks to queue
[2026-07-18T21:39:46.880+0545] {logging_mixin.py:188} INFO - [2026-07-18T21:39:46.880+0545] {dagbag.py:545} INFO - Filling up the DagBag from /home/snigdh/repos/bigData/spark_demo_env/lib/python3.12/site-packages/airflow/example_dags/example_datasets.py
[2026-07-18T21:39:46.900+0545] {processor.py:840} INFO - DAG(s) 'dataset_produces_1', 'conditional_dataset_and_time_based_timetable', 'dataset_consumes_unknown_never_scheduled', 'dataset_consumes_1_never_scheduled', 'consume_1_or_2_with_dataset_expressions', 'consume_1_or_both_2_and_3_with_dataset_expressions', 'dataset_produces_2', 'consume_1_and_2_with_dataset_expressions', 'dataset_consumes_1_and_2', 'dataset_consumes_1' retrieved from /home/snigdh/repos/bigData/spark_demo_env/lib/python3.12/site-packages/airflow/example_dags/example_datasets.py
[2026-07-18T21:39:46.948+0545] {logging_mixin.py:188} INFO - [2026-07-18T21:39:46.948+0545] {dag.py:3089} INFO - Sync 10 DAGs
[2026-07-18T21:39:46.974+0545] {logging_mixin.py:188} INFO - [2026-07-18T21:39:46.974+0545] {dag.py:3947} INFO - Setting next_dagrun for conditional_dataset_and_time_based_timetable to 2026-07-15 01:00:00+00:00, run_after=2026-07-15 01:00:00+00:00
[2026-07-18T21:39:46.978+0545] {logging_mixin.py:188} INFO - [2026-07-18T21:39:46.978+0545] {dag.py:3947} INFO - Setting next_dagrun for consume_1_and_2_with_dataset_expressions to None, run_after=None
[2026-07-18T21:39:46.979+0545] {logging_mixin.py:188} INFO - [2026-07-18T21:39:46.979+0545] {dag.py:3947} INFO - Setting next_dagrun for consume_1_or_2_with_dataset_expressions to None, run_after=None
[2026-07-18T21:39:46.980+0545] {logging_mixin.py:188} INFO - [2026-07-18T21:39:46.980+0545] {dag.py:3947} INFO - Setting next_dagrun for consume_1_or_both_2_and_3_with_dataset_expressions to None, run_after=None
[2026-07-18T21:39:46.981+0545] {logging_mixin.py:188} INFO - [2026-07-18T21:39:46.980+0545] {dag.py:3947} INFO - Setting next_dagrun for dataset_consumes_1 to None, run_after=None
[2026-07-18T21:39:46.981+0545] {logging_mixin.py:188} INFO - [2026-07-18T21:39:46.981+0545] {dag.py:3947} INFO - Setting next_dagrun for dataset_consumes_1_and_2 to None, run_after=None
[2026-07-18T21:39:46.982+0545] {logging_mixin.py:188} INFO - [2026-07-18T21:39:46.982+0545] {dag.py:3947} INFO - Setting next_dagrun for dataset_consumes_1_never_scheduled to None, run_after=None
[2026-07-18T21:39:46.983+0545] {logging_mixin.py:188} INFO - [2026-07-18T21:39:46.983+0545] {dag.py:3947} INFO - Setting next_dagrun for dataset_consumes_unknown_never_scheduled to None, run_after=None
[2026-07-18T21:39:46.985+0545] {logging_mixin.py:188} INFO - [2026-07-18T21:39:46.985+0545] {dag.py:3947} INFO - Setting next_dagrun for dataset_produces_1 to 2026-07-17 00:00:00+00:00, run_after=2026-07-18 00:00:00+00:00
[2026-07-18T21:39:46.986+0545] {logging_mixin.py:188} INFO - [2026-07-18T21:39:46.986+0545] {dag.py:3947} INFO - Setting next_dagrun for dataset_produces_2 to None, run_after=None
[2026-07-18T21:39:47.024+0545] {processor.py:183} INFO - Processing /home/snigdh/repos/bigData/spark_demo_env/lib/python3.12/site-packages/airflow/example_dags/example_datasets.py took 0.160 seconds
[2026-07-18T21:47:04.166+0545] {processor.py:161} INFO - Started process (PID=270127) to work on /home/snigdh/repos/bigData/spark_demo_env/lib/python3.12/site-packages/airflow/example_dags/example_datasets.py
[2026-07-18T21:47:04.170+0545] {processor.py:830} INFO - Processing file /home/snigdh/repos/bigData/spark_demo_env/lib/python3.12/site-packages/airflow/example_dags/example_datasets.py for tasks to queue
[2026-07-18T21:47:04.172+0545] {logging_mixin.py:188} INFO - [2026-07-18T21:47:04.171+0545] {dagbag.py:545} INFO - Filling up the DagBag from /home/snigdh/repos/bigData/spark_demo_env/lib/python3.12/site-packages/airflow/example_dags/example_datasets.py
[2026-07-18T21:47:04.190+0545] {processor.py:840} INFO - DAG(s) 'dataset_produces_1', 'dataset_produces_2', 'dataset_consumes_1_never_scheduled', 'consume_1_or_2_with_dataset_expressions', 'consume_1_or_both_2_and_3_with_dataset_expressions', 'consume_1_and_2_with_dataset_expressions', 'conditional_dataset_and_time_based_timetable', 'dataset_consumes_1_and_2', 'dataset_consumes_unknown_never_scheduled', 'dataset_consumes_1' retrieved from /home/snigdh/repos/bigData/spark_demo_env/lib/python3.12/site-packages/airflow/example_dags/example_datasets.py
[2026-07-18T21:47:04.509+0545] {logging_mixin.py:188} INFO - [2026-07-18T21:47:04.509+0545] {dag.py:3089} INFO - Sync 10 DAGs
[2026-07-18T21:47:04.530+0545] {logging_mixin.py:188} INFO - [2026-07-18T21:47:04.530+0545] {dag.py:3947} INFO - Setting next_dagrun for conditional_dataset_and_time_based_timetable to 2026-07-15 01:00:00+00:00, run_after=2026-07-15 01:00:00+00:00
[2026-07-18T21:47:04.534+0545] {logging_mixin.py:188} INFO - [2026-07-18T21:47:04.534+0545] {dag.py:3947} INFO - Setting next_dagrun for consume_1_and_2_with_dataset_expressions to None, run_after=None
[2026-07-18T21:47:04.536+0545] {logging_mixin.py:188} INFO - [2026-07-18T21:47:04.535+0545] {dag.py:3947} INFO - Setting next_dagrun for consume_1_or_2_with_dataset_expressions to None, run_after=None
[2026-07-18T21:47:04.537+0545] {logging_mixin.py:188} INFO - [2026-07-18T21:47:04.537+0545] {dag.py:3947} INFO - Setting next_dagrun for consume_1_or_both_2_and_3_with_dataset_expressions to None, run_after=None
[2026-07-18T21:47:04.538+0545] {logging_mixin.py:188} INFO - [2026-07-18T21:47:04.538+0545] {dag.py:3947} INFO - Setting next_dagrun for dataset_consumes_1 to None, run_after=None
[2026-07-18T21:47:04.540+0545] {logging_mixin.py:188} INFO - [2026-07-18T21:47:04.539+0545] {dag.py:3947} INFO - Setting next_dagrun for dataset_consumes_1_and_2 to None, run_after=None
[2026-07-18T21:47:04.541+0545] {logging_mixin.py:188} INFO - [2026-07-18T21:47:04.541+0545] {dag.py:3947} INFO - Setting next_dagrun for dataset_consumes_1_never_scheduled to None, run_after=None
[2026-07-18T21:47:04.542+0545] {logging_mixin.py:188} INFO - [2026-07-18T21:47:04.542+0545] {dag.py:3947} INFO - Setting next_dagrun for dataset_consumes_unknown_never_scheduled to None, run_after=None
[2026-07-18T21:47:04.544+0545] {logging_mixin.py:188} INFO - [2026-07-18T21:47:04.544+0545] {dag.py:3947} INFO - Setting next_dagrun for dataset_produces_1 to 2026-07-17 00:00:00+00:00, run_after=2026-07-18 00:00:00+00:00
[2026-07-18T21:47:04.545+0545] {logging_mixin.py:188} INFO - [2026-07-18T21:47:04.545+0545] {dag.py:3947} INFO - Setting next_dagrun for dataset_produces_2 to None, run_after=None
[2026-07-18T21:47:04.581+0545] {processor.py:183} INFO - Processing /home/snigdh/repos/bigData/spark_demo_env/lib/python3.12/site-packages/airflow/example_dags/example_datasets.py took 0.424 seconds
[2026-07-18T21:47:58.982+0545] {processor.py:161} INFO - Started process (PID=270783) to work on /home/snigdh/repos/bigData/spark_demo_env/lib/python3.12/site-packages/airflow/example_dags/example_datasets.py
[2026-07-18T21:47:58.983+0545] {processor.py:830} INFO - Processing file /home/snigdh/repos/bigData/spark_demo_env/lib/python3.12/site-packages/airflow/example_dags/example_datasets.py for tasks to queue
[2026-07-18T21:47:58.985+0545] {logging_mixin.py:188} INFO - [2026-07-18T21:47:58.984+0545] {dagbag.py:545} INFO - Filling up the DagBag from /home/snigdh/repos/bigData/spark_demo_env/lib/python3.12/site-packages/airflow/example_dags/example_datasets.py
[2026-07-18T21:47:59.003+0545] {processor.py:840} INFO - DAG(s) 'consume_1_and_2_with_dataset_expressions', 'conditional_dataset_and_time_based_timetable', 'dataset_produces_2', 'dataset_consumes_1', 'consume_1_or_2_with_dataset_expressions', 'consume_1_or_both_2_and_3_with_dataset_expressions', 'dataset_consumes_unknown_never_scheduled', 'dataset_consumes_1_never_scheduled', 'dataset_consumes_1_and_2', 'dataset_produces_1' retrieved from /home/snigdh/repos/bigData/spark_demo_env/lib/python3.12/site-packages/airflow/example_dags/example_datasets.py
[2026-07-18T21:47:59.043+0545] {logging_mixin.py:188} INFO - [2026-07-18T21:47:59.043+0545] {dag.py:3089} INFO - Sync 10 DAGs
[2026-07-18T21:47:59.207+0545] {logging_mixin.py:188} INFO - [2026-07-18T21:47:59.206+0545] {dag.py:3947} INFO - Setting next_dagrun for conditional_dataset_and_time_based_timetable to 2026-07-15 01:00:00+00:00, run_after=2026-07-15 01:00:00+00:00
[2026-07-18T21:47:59.212+0545] {logging_mixin.py:188} INFO - [2026-07-18T21:47:59.211+0545] {dag.py:3947} INFO - Setting next_dagrun for consume_1_and_2_with_dataset_expressions to None, run_after=None
[2026-07-18T21:47:59.214+0545] {logging_mixin.py:188} INFO - [2026-07-18T21:47:59.213+0545] {dag.py:3947} INFO - Setting next_dagrun for consume_1_or_2_with_dataset_expressions to None, run_after=None
[2026-07-18T21:47:59.215+0545] {logging_mixin.py:188} INFO - [2026-07-18T21:47:59.215+0545] {dag.py:3947} INFO - Setting next_dagrun for consume_1_or_both_2_and_3_with_dataset_expressions to None, run_after=None
[2026-07-18T21:47:59.217+0545] {logging_mixin.py:188} INFO - [2026-07-18T21:47:59.216+0545] {dag.py:3947} INFO - Setting next_dagrun for dataset_consumes_1 to None, run_after=None
[2026-07-18T21:47:59.218+0545] {logging_mixin.py:188} INFO - [2026-07-18T21:47:59.218+0545] {dag.py:3947} INFO - Setting next_dagrun for dataset_consumes_1_and_2 to None, run_after=None
[2026-07-18T21:47:59.220+0545] {logging_mixin.py:188} INFO - [2026-07-18T21:47:59.219+0545] {dag.py:3947} INFO - Setting next_dagrun for dataset_consumes_1_never_scheduled to None, run_after=None
[2026-07-18T21:47:59.221+0545] {logging_mixin.py:188} INFO - [2026-07-18T21:47:59.221+0545] {dag.py:3947} INFO - Setting next_dagrun for dataset_consumes_unknown_never_scheduled to None, run_after=None
[2026-07-18T21:47:59.224+0545] {logging_mixin.py:188} INFO - [2026-07-18T21:47:59.224+0545] {dag.py:3947} INFO - Setting next_dagrun for dataset_produces_1 to 2026-07-17 00:00:00+00:00, run_after=2026-07-18 00:00:00+00:00
[2026-07-18T21:47:59.226+0545] {logging_mixin.py:188} INFO - [2026-07-18T21:47:59.225+0545] {dag.py:3947} INFO - Setting next_dagrun for dataset_produces_2 to None, run_after=None
[2026-07-18T21:47:59.264+0545] {processor.py:183} INFO - Processing /home/snigdh/repos/bigData/spark_demo_env/lib/python3.12/site-packages/airflow/example_dags/example_datasets.py took 0.291 seconds
[2026-07-18T21:48:49.584+0545] {processor.py:161} INFO - Started process (PID=271686) to work on /home/snigdh/repos/bigData/spark_demo_env/lib/python3.12/site-packages/airflow/example_dags/example_datasets.py
[2026-07-18T21:48:49.588+0545] {processor.py:830} INFO - Processing file /home/snigdh/repos/bigData/spark_demo_env/lib/python3.12/site-packages/airflow/example_dags/example_datasets.py for tasks to queue
[2026-07-18T21:48:49.590+0545] {logging_mixin.py:188} INFO - [2026-07-18T21:48:49.589+0545] {dagbag.py:545} INFO - Filling up the DagBag from /home/snigdh/repos/bigData/spark_demo_env/lib/python3.12/site-packages/airflow/example_dags/example_datasets.py
[2026-07-18T21:48:49.604+0545] {processor.py:840} INFO - DAG(s) 'dataset_produces_1', 'dataset_consumes_1_and_2', 'dataset_consumes_1_never_scheduled', 'dataset_consumes_unknown_never_scheduled', 'consume_1_or_both_2_and_3_with_dataset_expressions', 'dataset_consumes_1', 'dataset_produces_2', 'conditional_dataset_and_time_based_timetable', 'consume_1_or_2_with_dataset_expressions', 'consume_1_and_2_with_dataset_expressions' retrieved from /home/snigdh/repos/bigData/spark_demo_env/lib/python3.12/site-packages/airflow/example_dags/example_datasets.py
[2026-07-18T21:48:49.648+0545] {logging_mixin.py:188} INFO - [2026-07-18T21:48:49.648+0545] {dag.py:3089} INFO - Sync 10 DAGs
[2026-07-18T21:48:49.666+0545] {logging_mixin.py:188} INFO - [2026-07-18T21:48:49.666+0545] {dag.py:3947} INFO - Setting next_dagrun for conditional_dataset_and_time_based_timetable to 2026-07-15 01:00:00+00:00, run_after=2026-07-15 01:00:00+00:00
[2026-07-18T21:48:49.669+0545] {logging_mixin.py:188} INFO - [2026-07-18T21:48:49.669+0545] {dag.py:3947} INFO - Setting next_dagrun for consume_1_and_2_with_dataset_expressions to None, run_after=None
[2026-07-18T21:48:49.670+0545] {logging_mixin.py:188} INFO - [2026-07-18T21:48:49.670+0545] {dag.py:3947} INFO - Setting next_dagrun for consume_1_or_2_with_dataset_expressions to None, run_after=None
[2026-07-18T21:48:49.672+0545] {logging_mixin.py:188} INFO - [2026-07-18T21:48:49.672+0545] {dag.py:3947} INFO - Setting next_dagrun for consume_1_or_both_2_and_3_with_dataset_expressions to None, run_after=None
[2026-07-18T21:48:49.673+0545] {logging_mixin.py:188} INFO - [2026-07-18T21:48:49.673+0545] {dag.py:3947} INFO - Setting next_dagrun for dataset_consumes_1 to None, run_after=None
[2026-07-18T21:48:49.674+0545] {logging_mixin.py:188} INFO - [2026-07-18T21:48:49.674+0545] {dag.py:3947} INFO - Setting next_dagrun for dataset_consumes_1_and_2 to None, run_after=None
[2026-07-18T21:48:49.675+0545] {logging_mixin.py:188} INFO - [2026-07-18T21:48:49.675+0545] {dag.py:3947} INFO - Setting next_dagrun for dataset_consumes_1_never_scheduled to None, run_after=None
[2026-07-18T21:48:49.676+0545] {logging_mixin.py:188} INFO - [2026-07-18T21:48:49.676+0545] {dag.py:3947} INFO - Setting next_dagrun for dataset_consumes_unknown_never_scheduled to None, run_after=None
[2026-07-18T21:48:49.678+0545] {logging_mixin.py:188} INFO - [2026-07-18T21:48:49.678+0545] {dag.py:3947} INFO - Setting next_dagrun for dataset_produces_1 to 2026-07-17 00:00:00+00:00, run_after=2026-07-18 00:00:00+00:00
[2026-07-18T21:48:49.679+0545] {logging_mixin.py:188} INFO - [2026-07-18T21:48:49.679+0545] {dag.py:3947} INFO - Setting next_dagrun for dataset_produces_2 to None, run_after=None
[2026-07-18T21:48:49.852+0545] {processor.py:183} INFO - Processing /home/snigdh/repos/bigData/spark_demo_env/lib/python3.12/site-packages/airflow/example_dags/example_datasets.py took 0.277 seconds
[2026-07-18T21:50:01.691+0545] {processor.py:161} INFO - Started process (PID=272538) to work on /home/snigdh/repos/bigData/spark_demo_env/lib/python3.12/site-packages/airflow/example_dags/example_datasets.py
[2026-07-18T21:50:01.695+0545] {processor.py:830} INFO - Processing file /home/snigdh/repos/bigData/spark_demo_env/lib/python3.12/site-packages/airflow/example_dags/example_datasets.py for tasks to queue
[2026-07-18T21:50:01.697+0545] {logging_mixin.py:188} INFO - [2026-07-18T21:50:01.696+0545] {dagbag.py:545} INFO - Filling up the DagBag from /home/snigdh/repos/bigData/spark_demo_env/lib/python3.12/site-packages/airflow/example_dags/example_datasets.py
[2026-07-18T21:50:01.714+0545] {processor.py:840} INFO - DAG(s) 'conditional_dataset_and_time_based_timetable', 'dataset_consumes_1_and_2', 'consume_1_and_2_with_dataset_expressions', 'dataset_produces_2', 'consume_1_or_both_2_and_3_with_dataset_expressions', 'dataset_consumes_unknown_never_scheduled', 'dataset_produces_1', 'consume_1_or_2_with_dataset_expressions', 'dataset_consumes_1', 'dataset_consumes_1_never_scheduled' retrieved from /home/snigdh/repos/bigData/spark_demo_env/lib/python3.12/site-packages/airflow/example_dags/example_datasets.py
[2026-07-18T21:50:01.759+0545] {logging_mixin.py:188} INFO - [2026-07-18T21:50:01.759+0545] {dag.py:3089} INFO - Sync 10 DAGs
[2026-07-18T21:50:01.781+0545] {logging_mixin.py:188} INFO - [2026-07-18T21:50:01.780+0545] {dag.py:3947} INFO - Setting next_dagrun for conditional_dataset_and_time_based_timetable to 2026-07-15 01:00:00+00:00, run_after=2026-07-15 01:00:00+00:00
[2026-07-18T21:50:01.784+0545] {logging_mixin.py:188} INFO - [2026-07-18T21:50:01.784+0545] {dag.py:3947} INFO - Setting next_dagrun for consume_1_and_2_with_dataset_expressions to None, run_after=None
[2026-07-18T21:50:01.785+0545] {logging_mixin.py:188} INFO - [2026-07-18T21:50:01.785+0545] {dag.py:3947} INFO - Setting next_dagrun for consume_1_or_2_with_dataset_expressions to None, run_after=None
[2026-07-18T21:50:01.786+0545] {logging_mixin.py:188} INFO - [2026-07-18T21:50:01.786+0545] {dag.py:3947} INFO - Setting next_dagrun for consume_1_or_both_2_and_3_with_dataset_expressions to None, run_after=None
[2026-07-18T21:50:01.787+0545] {logging_mixin.py:188} INFO - [2026-07-18T21:50:01.787+0545] {dag.py:3947} INFO - Setting next_dagrun for dataset_consumes_1 to None, run_after=None
[2026-07-18T21:50:01.787+0545] {logging_mixin.py:188} INFO - [2026-07-18T21:50:01.787+0545] {dag.py:3947} INFO - Setting next_dagrun for dataset_consumes_1_and_2 to None, run_after=None
[2026-07-18T21:50:01.788+0545] {logging_mixin.py:188} INFO - [2026-07-18T21:50:01.788+0545] {dag.py:3947} INFO - Setting next_dagrun for dataset_consumes_1_never_scheduled to None, run_after=None
[2026-07-18T21:50:01.789+0545] {logging_mixin.py:188} INFO - [2026-07-18T21:50:01.789+0545] {dag.py:3947} INFO - Setting next_dagrun for dataset_consumes_unknown_never_scheduled to None, run_after=None
[2026-07-18T21:50:01.791+0545] {logging_mixin.py:188} INFO - [2026-07-18T21:50:01.791+0545] {dag.py:3947} INFO - Setting next_dagrun for dataset_produces_1 to 2026-07-17 00:00:00+00:00, run_after=2026-07-18 00:00:00+00:00
[2026-07-18T21:50:01.792+0545] {logging_mixin.py:188} INFO - [2026-07-18T21:50:01.791+0545] {dag.py:3947} INFO - Setting next_dagrun for dataset_produces_2 to None, run_after=None
[2026-07-18T21:50:01.826+0545] {processor.py:183} INFO - Processing /home/snigdh/repos/bigData/spark_demo_env/lib/python3.12/site-packages/airflow/example_dags/example_datasets.py took 0.145 seconds
[2026-07-18T21:50:53.341+0545] {processor.py:161} INFO - Started process (PID=273209) to work on /home/snigdh/repos/bigData/spark_demo_env/lib/python3.12/site-packages/airflow/example_dags/example_datasets.py
[2026-07-18T21:50:53.344+0545] {processor.py:830} INFO - Processing file /home/snigdh/repos/bigData/spark_demo_env/lib/python3.12/site-packages/airflow/example_dags/example_datasets.py for tasks to queue
[2026-07-18T21:50:53.345+0545] {logging_mixin.py:188} INFO - [2026-07-18T21:50:53.345+0545] {dagbag.py:545} INFO - Filling up the DagBag from /home/snigdh/repos/bigData/spark_demo_env/lib/python3.12/site-packages/airflow/example_dags/example_datasets.py
[2026-07-18T21:50:53.361+0545] {processor.py:840} INFO - DAG(s) 'conditional_dataset_and_time_based_timetable', 'dataset_produces_2', 'dataset_produces_1', 'consume_1_or_both_2_and_3_with_dataset_expressions', 'dataset_consumes_1_never_scheduled', 'consume_1_and_2_with_dataset_expressions', 'consume_1_or_2_with_dataset_expressions', 'dataset_consumes_1', 'dataset_consumes_1_and_2', 'dataset_consumes_unknown_never_scheduled' retrieved from /home/snigdh/repos/bigData/spark_demo_env/lib/python3.12/site-packages/airflow/example_dags/example_datasets.py
[2026-07-18T21:50:53.401+0545] {logging_mixin.py:188} INFO - [2026-07-18T21:50:53.400+0545] {dag.py:3089} INFO - Sync 10 DAGs
[2026-07-18T21:50:53.421+0545] {logging_mixin.py:188} INFO - [2026-07-18T21:50:53.421+0545] {dag.py:3947} INFO - Setting next_dagrun for conditional_dataset_and_time_based_timetable to 2026-07-15 01:00:00+00:00, run_after=2026-07-15 01:00:00+00:00
[2026-07-18T21:50:53.424+0545] {logging_mixin.py:188} INFO - [2026-07-18T21:50:53.423+0545] {dag.py:3947} INFO - Setting next_dagrun for consume_1_and_2_with_dataset_expressions to None, run_after=None
[2026-07-18T21:50:53.425+0545] {logging_mixin.py:188} INFO - [2026-07-18T21:50:53.424+0545] {dag.py:3947} INFO - Setting next_dagrun for consume_1_or_2_with_dataset_expressions to None, run_after=None
[2026-07-18T21:50:53.425+0545] {logging_mixin.py:188} INFO - [2026-07-18T21:50:53.425+0545] {dag.py:3947} INFO - Setting next_dagrun for consume_1_or_both_2_and_3_with_dataset_expressions to None, run_after=None
[2026-07-18T21:50:53.426+0545] {logging_mixin.py:188} INFO - [2026-07-18T21:50:53.426+0545] {dag.py:3947} INFO - Setting next_dagrun for dataset_consumes_1 to None, run_after=None
[2026-07-18T21:50:53.427+0545] {logging_mixin.py:188} INFO - [2026-07-18T21:50:53.427+0545] {dag.py:3947} INFO - Setting next_dagrun for dataset_consumes_1_and_2 to None, run_after=None
[2026-07-18T21:50:53.428+0545] {logging_mixin.py:188} INFO - [2026-07-18T21:50:53.428+0545] {dag.py:3947} INFO - Setting next_dagrun for dataset_consumes_1_never_scheduled to None, run_after=None
[2026-07-18T21:50:53.429+0545] {logging_mixin.py:188} INFO - [2026-07-18T21:50:53.428+0545] {dag.py:3947} INFO - Setting next_dagrun for dataset_consumes_unknown_never_scheduled to None, run_after=None
[2026-07-18T21:50:53.431+0545] {logging_mixin.py:188} INFO - [2026-07-18T21:50:53.430+0545] {dag.py:3947} INFO - Setting next_dagrun for dataset_produces_1 to 2026-07-17 00:00:00+00:00, run_after=2026-07-18 00:00:00+00:00
[2026-07-18T21:50:53.431+0545] {logging_mixin.py:188} INFO - [2026-07-18T21:50:53.431+0545] {dag.py:3947} INFO - Setting next_dagrun for dataset_produces_2 to None, run_after=None
[2026-07-18T21:50:53.459+0545] {processor.py:183} INFO - Processing /home/snigdh/repos/bigData/spark_demo_env/lib/python3.12/site-packages/airflow/example_dags/example_datasets.py took 0.126 seconds
[2026-07-18T21:52:00.859+0545] {processor.py:161} INFO - Started process (PID=274136) to work on /home/snigdh/repos/bigData/spark_demo_env/lib/python3.12/site-packages/airflow/example_dags/example_datasets.py
[2026-07-18T21:52:00.863+0545] {processor.py:830} INFO - Processing file /home/snigdh/repos/bigData/spark_demo_env/lib/python3.12/site-packages/airflow/example_dags/example_datasets.py for tasks to queue
[2026-07-18T21:52:00.864+0545] {logging_mixin.py:188} INFO - [2026-07-18T21:52:00.864+0545] {dagbag.py:545} INFO - Filling up the DagBag from /home/snigdh/repos/bigData/spark_demo_env/lib/python3.12/site-packages/airflow/example_dags/example_datasets.py
[2026-07-18T21:52:00.883+0545] {processor.py:840} INFO - DAG(s) 'consume_1_or_both_2_and_3_with_dataset_expressions', 'dataset_consumes_1_never_scheduled', 'conditional_dataset_and_time_based_timetable', 'dataset_consumes_unknown_never_scheduled', 'dataset_produces_2', 'consume_1_and_2_with_dataset_expressions', 'dataset_consumes_1', 'dataset_consumes_1_and_2', 'dataset_produces_1', 'consume_1_or_2_with_dataset_expressions' retrieved from /home/snigdh/repos/bigData/spark_demo_env/lib/python3.12/site-packages/airflow/example_dags/example_datasets.py
[2026-07-18T21:52:00.925+0545] {logging_mixin.py:188} INFO - [2026-07-18T21:52:00.924+0545] {dag.py:3089} INFO - Sync 10 DAGs
[2026-07-18T21:52:00.944+0545] {logging_mixin.py:188} INFO - [2026-07-18T21:52:00.944+0545] {dag.py:3947} INFO - Setting next_dagrun for conditional_dataset_and_time_based_timetable to 2026-07-15 01:00:00+00:00, run_after=2026-07-15 01:00:00+00:00
[2026-07-18T21:52:00.948+0545] {logging_mixin.py:188} INFO - [2026-07-18T21:52:00.948+0545] {dag.py:3947} INFO - Setting next_dagrun for consume_1_and_2_with_dataset_expressions to None, run_after=None
[2026-07-18T21:52:00.950+0545] {logging_mixin.py:188} INFO - [2026-07-18T21:52:00.950+0545] {dag.py:3947} INFO - Setting next_dagrun for consume_1_or_2_with_dataset_expressions to None, run_after=None
[2026-07-18T21:52:00.951+0545] {logging_mixin.py:188} INFO - [2026-07-18T21:52:00.951+0545] {dag.py:3947} INFO - Setting next_dagrun for consume_1_or_both_2_and_3_with_dataset_expressions to None, run_after=None
[2026-07-18T21:52:00.952+0545] {logging_mixin.py:188} INFO - [2026-07-18T21:52:00.952+0545] {dag.py:3947} INFO - Setting next_dagrun for dataset_consumes_1 to None, run_after=None
[2026-07-18T21:52:00.953+0545] {logging_mixin.py:188} INFO - [2026-07-18T21:52:00.952+0545] {dag.py:3947} INFO - Setting next_dagrun for dataset_consumes_1_and_2 to None, run_after=None
[2026-07-18T21:52:00.954+0545] {logging_mixin.py:188} INFO - [2026-07-18T21:52:00.953+0545] {dag.py:3947} INFO - Setting next_dagrun for dataset_consumes_1_never_scheduled to None, run_after=None
[2026-07-18T21:52:00.954+0545] {logging_mixin.py:188} INFO - [2026-07-18T21:52:00.954+0545] {dag.py:3947} INFO - Setting next_dagrun for dataset_consumes_unknown_never_scheduled to None, run_after=None
[2026-07-18T21:52:00.956+0545] {logging_mixin.py:188} INFO - [2026-07-18T21:52:00.956+0545] {dag.py:3947} INFO - Setting next_dagrun for dataset_produces_1 to 2026-07-17 00:00:00+00:00, run_after=2026-07-18 00:00:00+00:00
[2026-07-18T21:52:00.957+0545] {logging_mixin.py:188} INFO - [2026-07-18T21:52:00.957+0545] {dag.py:3947} INFO - Setting next_dagrun for dataset_produces_2 to None, run_after=None
[2026-07-18T21:52:00.994+0545] {processor.py:183} INFO - Processing /home/snigdh/repos/bigData/spark_demo_env/lib/python3.12/site-packages/airflow/example_dags/example_datasets.py took 0.144 seconds
[2026-07-18T21:53:09.442+0545] {processor.py:161} INFO - Started process (PID=275040) to work on /home/snigdh/repos/bigData/spark_demo_env/lib/python3.12/site-packages/airflow/example_dags/example_datasets.py
[2026-07-18T21:53:09.446+0545] {processor.py:830} INFO - Processing file /home/snigdh/repos/bigData/spark_demo_env/lib/python3.12/site-packages/airflow/example_dags/example_datasets.py for tasks to queue
[2026-07-18T21:53:09.448+0545] {logging_mixin.py:188} INFO - [2026-07-18T21:53:09.447+0545] {dagbag.py:545} INFO - Filling up the DagBag from /home/snigdh/repos/bigData/spark_demo_env/lib/python3.12/site-packages/airflow/example_dags/example_datasets.py
[2026-07-18T21:53:09.469+0545] {processor.py:840} INFO - DAG(s) 'consume_1_or_2_with_dataset_expressions', 'dataset_produces_2', 'consume_1_and_2_with_dataset_expressions', 'conditional_dataset_and_time_based_timetable', 'dataset_consumes_1_and_2', 'dataset_consumes_unknown_never_scheduled', 'dataset_produces_1', 'consume_1_or_both_2_and_3_with_dataset_expressions', 'dataset_consumes_1_never_scheduled', 'dataset_consumes_1' retrieved from /home/snigdh/repos/bigData/spark_demo_env/lib/python3.12/site-packages/airflow/example_dags/example_datasets.py
[2026-07-18T21:53:09.507+0545] {logging_mixin.py:188} INFO - [2026-07-18T21:53:09.507+0545] {dag.py:3089} INFO - Sync 10 DAGs
[2026-07-18T21:53:09.526+0545] {logging_mixin.py:188} INFO - [2026-07-18T21:53:09.526+0545] {dag.py:3947} INFO - Setting next_dagrun for conditional_dataset_and_time_based_timetable to 2026-07-15 01:00:00+00:00, run_after=2026-07-15 01:00:00+00:00
[2026-07-18T21:53:09.529+0545] {logging_mixin.py:188} INFO - [2026-07-18T21:53:09.529+0545] {dag.py:3947} INFO - Setting next_dagrun for consume_1_and_2_with_dataset_expressions to None, run_after=None
[2026-07-18T21:53:09.530+0545] {logging_mixin.py:188} INFO - [2026-07-18T21:53:09.530+0545] {dag.py:3947} INFO - Setting next_dagrun for consume_1_or_2_with_dataset_expressions to None, run_after=None
[2026-07-18T21:53:09.531+0545] {logging_mixin.py:188} INFO - [2026-07-18T21:53:09.530+0545] {dag.py:3947} INFO - Setting next_dagrun for consume_1_or_both_2_and_3_with_dataset_expressions to None, run_after=None
[2026-07-18T21:53:09.531+0545] {logging_mixin.py:188} INFO - [2026-07-18T21:53:09.531+0545] {dag.py:3947} INFO - Setting next_dagrun for dataset_consumes_1 to None, run_after=None
[2026-07-18T21:53:09.532+0545] {logging_mixin.py:188} INFO - [2026-07-18T21:53:09.532+0545] {dag.py:3947} INFO - Setting next_dagrun for dataset_consumes_1_and_2 to None, run_after=None
[2026-07-18T21:53:09.533+0545] {logging_mixin.py:188} INFO - [2026-07-18T21:53:09.533+0545] {dag.py:3947} INFO - Setting next_dagrun for dataset_consumes_1_never_scheduled to None, run_after=None
[2026-07-18T21:53:09.533+0545] {logging_mixin.py:188} INFO - [2026-07-18T21:53:09.533+0545] {dag.py:3947} INFO - Setting next_dagrun for dataset_consumes_unknown_never_scheduled to None, run_after=None
[2026-07-18T21:53:09.535+0545] {logging_mixin.py:188} INFO - [2026-07-18T21:53:09.535+0545] {dag.py:3947} INFO - Setting next_dagrun for dataset_produces_1 to 2026-07-17 00:00:00+00:00, run_after=2026-07-18 00:00:00+00:00
[2026-07-18T21:53:09.536+0545] {logging_mixin.py:188} INFO - [2026-07-18T21:53:09.536+0545] {dag.py:3947} INFO - Setting next_dagrun for dataset_produces_2 to None, run_after=None
[2026-07-18T21:53:09.571+0545] {processor.py:183} INFO - Processing /home/snigdh/repos/bigData/spark_demo_env/lib/python3.12/site-packages/airflow/example_dags/example_datasets.py took 0.137 seconds
[2026-07-18T21:54:21.549+0545] {processor.py:161} INFO - Started process (PID=276165) to work on /home/snigdh/repos/bigData/spark_demo_env/lib/python3.12/site-packages/airflow/example_dags/example_datasets.py
[2026-07-18T21:54:21.550+0545] {processor.py:830} INFO - Processing file /home/snigdh/repos/bigData/spark_demo_env/lib/python3.12/site-packages/airflow/example_dags/example_datasets.py for tasks to queue
[2026-07-18T21:54:21.551+0545] {logging_mixin.py:188} INFO - [2026-07-18T21:54:21.551+0545] {dagbag.py:545} INFO - Filling up the DagBag from /home/snigdh/repos/bigData/spark_demo_env/lib/python3.12/site-packages/airflow/example_dags/example_datasets.py
[2026-07-18T21:54:21.564+0545] {processor.py:840} INFO - DAG(s) 'dataset_consumes_unknown_never_scheduled', 'conditional_dataset_and_time_based_timetable', 'dataset_produces_1', 'consume_1_and_2_with_dataset_expressions', 'consume_1_or_2_with_dataset_expressions', 'dataset_consumes_1_never_scheduled', 'consume_1_or_both_2_and_3_with_dataset_expressions', 'dataset_produces_2', 'dataset_consumes_1', 'dataset_consumes_1_and_2' retrieved from /home/snigdh/repos/bigData/spark_demo_env/lib/python3.12/site-packages/airflow/example_dags/example_datasets.py
[2026-07-18T21:54:21.601+0545] {logging_mixin.py:188} INFO - [2026-07-18T21:54:21.601+0545] {dag.py:3089} INFO - Sync 10 DAGs
[2026-07-18T21:54:21.619+0545] {logging_mixin.py:188} INFO - [2026-07-18T21:54:21.619+0545] {dag.py:3947} INFO - Setting next_dagrun for conditional_dataset_and_time_based_timetable to 2026-07-15 01:00:00+00:00, run_after=2026-07-15 01:00:00+00:00
[2026-07-18T21:54:21.622+0545] {logging_mixin.py:188} INFO - [2026-07-18T21:54:21.622+0545] {dag.py:3947} INFO - Setting next_dagrun for consume_1_and_2_with_dataset_expressions to None, run_after=None
[2026-07-18T21:54:21.623+0545] {logging_mixin.py:188} INFO - [2026-07-18T21:54:21.623+0545] {dag.py:3947} INFO - Setting next_dagrun for consume_1_or_2_with_dataset_expressions to None, run_after=None
[2026-07-18T21:54:21.624+0545] {logging_mixin.py:188} INFO - [2026-07-18T21:54:21.623+0545] {dag.py:3947} INFO - Setting next_dagrun for consume_1_or_both_2_and_3_with_dataset_expressions to None, run_after=None
[2026-07-18T21:54:21.624+0545] {logging_mixin.py:188} INFO - [2026-07-18T21:54:21.624+0545] {dag.py:3947} INFO - Setting next_dagrun for dataset_consumes_1 to None, run_after=None
[2026-07-18T21:54:21.625+0545] {logging_mixin.py:188} INFO - [2026-07-18T21:54:21.625+0545] {dag.py:3947} INFO - Setting next_dagrun for dataset_consumes_1_and_2 to None, run_after=None
[2026-07-18T21:54:21.626+0545] {logging_mixin.py:188} INFO - [2026-07-18T21:54:21.626+0545] {dag.py:3947} INFO - Setting next_dagrun for dataset_consumes_1_never_scheduled to None, run_after=None
[2026-07-18T21:54:21.626+0545] {logging_mixin.py:188} INFO - [2026-07-18T21:54:21.626+0545] {dag.py:3947} INFO - Setting next_dagrun for dataset_consumes_unknown_never_scheduled to None, run_after=None
[2026-07-18T21:54:21.628+0545] {logging_mixin.py:188} INFO - [2026-07-18T21:54:21.628+0545] {dag.py:3947} INFO - Setting next_dagrun for dataset_produces_1 to 2026-07-17 00:00:00+00:00, run_after=2026-07-18 00:00:00+00:00
[2026-07-18T21:54:21.629+0545] {logging_mixin.py:188} INFO - [2026-07-18T21:54:21.629+0545] {dag.py:3947} INFO - Setting next_dagrun for dataset_produces_2 to None, run_after=None
[2026-07-18T21:54:21.659+0545] {processor.py:183} INFO - Processing /home/snigdh/repos/bigData/spark_demo_env/lib/python3.12/site-packages/airflow/example_dags/example_datasets.py took 0.116 seconds
[2026-07-18T21:55:27.951+0545] {processor.py:161} INFO - Started process (PID=276924) to work on /home/snigdh/repos/bigData/spark_demo_env/lib/python3.12/site-packages/airflow/example_dags/example_datasets.py
[2026-07-18T21:55:27.953+0545] {processor.py:830} INFO - Processing file /home/snigdh/repos/bigData/spark_demo_env/lib/python3.12/site-packages/airflow/example_dags/example_datasets.py for tasks to queue
[2026-07-18T21:55:27.955+0545] {logging_mixin.py:188} INFO - [2026-07-18T21:55:27.954+0545] {dagbag.py:545} INFO - Filling up the DagBag from /home/snigdh/repos/bigData/spark_demo_env/lib/python3.12/site-packages/airflow/example_dags/example_datasets.py
[2026-07-18T21:55:27.977+0545] {processor.py:840} INFO - DAG(s) 'dataset_produces_2', 'consume_1_or_2_with_dataset_expressions', 'dataset_consumes_unknown_never_scheduled', 'dataset_consumes_1', 'dataset_consumes_1_never_scheduled', 'consume_1_or_both_2_and_3_with_dataset_expressions', 'consume_1_and_2_with_dataset_expressions', 'dataset_consumes_1_and_2', 'dataset_produces_1', 'conditional_dataset_and_time_based_timetable' retrieved from /home/snigdh/repos/bigData/spark_demo_env/lib/python3.12/site-packages/airflow/example_dags/example_datasets.py
[2026-07-18T21:55:28.024+0545] {logging_mixin.py:188} INFO - [2026-07-18T21:55:28.023+0545] {dag.py:3089} INFO - Sync 10 DAGs
[2026-07-18T21:55:28.045+0545] {logging_mixin.py:188} INFO - [2026-07-18T21:55:28.044+0545] {dag.py:3947} INFO - Setting next_dagrun for conditional_dataset_and_time_based_timetable to 2026-07-15 01:00:00+00:00, run_after=2026-07-15 01:00:00+00:00
[2026-07-18T21:55:28.048+0545] {logging_mixin.py:188} INFO - [2026-07-18T21:55:28.048+0545] {dag.py:3947} INFO - Setting next_dagrun for consume_1_and_2_with_dataset_expressions to None, run_after=None
[2026-07-18T21:55:28.049+0545] {logging_mixin.py:188} INFO - [2026-07-18T21:55:28.049+0545] {dag.py:3947} INFO - Setting next_dagrun for consume_1_or_2_with_dataset_expressions to None, run_after=None
[2026-07-18T21:55:28.050+0545] {logging_mixin.py:188} INFO - [2026-07-18T21:55:28.049+0545] {dag.py:3947} INFO - Setting next_dagrun for consume_1_or_both_2_and_3_with_dataset_expressions to None, run_after=None
[2026-07-18T21:55:28.050+0545] {logging_mixin.py:188} INFO - [2026-07-18T21:55:28.050+0545] {dag.py:3947} INFO - Setting next_dagrun for dataset_consumes_1 to None, run_after=None
[2026-07-18T21:55:28.051+0545] {logging_mixin.py:188} INFO - [2026-07-18T21:55:28.051+0545] {dag.py:3947} INFO - Setting next_dagrun for dataset_consumes_1_and_2 to None, run_after=None
[2026-07-18T21:55:28.052+0545] {logging_mixin.py:188} INFO - [2026-07-18T21:55:28.052+0545] {dag.py:3947} INFO - Setting next_dagrun for dataset_consumes_1_never_scheduled to None, run_after=None
[2026-07-18T21:55:28.052+0545] {logging_mixin.py:188} INFO - [2026-07-18T21:55:28.052+0545] {dag.py:3947} INFO - Setting next_dagrun for dataset_consumes_unknown_never_scheduled to None, run_after=None
[2026-07-18T21:55:28.054+0545] {logging_mixin.py:188} INFO - [2026-07-18T21:55:28.054+0545] {dag.py:3947} INFO - Setting next_dagrun for dataset_produces_1 to 2026-07-17 00:00:00+00:00, run_after=2026-07-18 00:00:00+00:00
[2026-07-18T21:55:28.055+0545] {logging_mixin.py:188} INFO - [2026-07-18T21:55:28.055+0545] {dag.py:3947} INFO - Setting next_dagrun for dataset_produces_2 to None, run_after=None
[2026-07-18T21:55:28.347+0545] {processor.py:183} INFO - Processing /home/snigdh/repos/bigData/spark_demo_env/lib/python3.12/site-packages/airflow/example_dags/example_datasets.py took 0.406 seconds
[2026-07-18T21:56:35.661+0545] {processor.py:161} INFO - Started process (PID=277614) to work on /home/snigdh/repos/bigData/spark_demo_env/lib/python3.12/site-packages/airflow/example_dags/example_datasets.py
[2026-07-18T21:56:35.665+0545] {processor.py:830} INFO - Processing file /home/snigdh/repos/bigData/spark_demo_env/lib/python3.12/site-packages/airflow/example_dags/example_datasets.py for tasks to queue
[2026-07-18T21:56:35.667+0545] {logging_mixin.py:188} INFO - [2026-07-18T21:56:35.666+0545] {dagbag.py:545} INFO - Filling up the DagBag from /home/snigdh/repos/bigData/spark_demo_env/lib/python3.12/site-packages/airflow/example_dags/example_datasets.py
[2026-07-18T21:56:35.690+0545] {processor.py:840} INFO - DAG(s) 'dataset_consumes_1_and_2', 'conditional_dataset_and_time_based_timetable', 'dataset_produces_1', 'dataset_consumes_1_never_scheduled', 'dataset_consumes_1', 'dataset_consumes_unknown_never_scheduled', 'consume_1_and_2_with_dataset_expressions', 'consume_1_or_both_2_and_3_with_dataset_expressions', 'consume_1_or_2_with_dataset_expressions', 'dataset_produces_2' retrieved from /home/snigdh/repos/bigData/spark_demo_env/lib/python3.12/site-packages/airflow/example_dags/example_datasets.py
[2026-07-18T21:56:35.733+0545] {logging_mixin.py:188} INFO - [2026-07-18T21:56:35.733+0545] {dag.py:3089} INFO - Sync 10 DAGs
[2026-07-18T21:56:35.753+0545] {logging_mixin.py:188} INFO - [2026-07-18T21:56:35.753+0545] {dag.py:3947} INFO - Setting next_dagrun for conditional_dataset_and_time_based_timetable to 2026-07-15 01:00:00+00:00, run_after=2026-07-15 01:00:00+00:00
[2026-07-18T21:56:35.758+0545] {logging_mixin.py:188} INFO - [2026-07-18T21:56:35.757+0545] {dag.py:3947} INFO - Setting next_dagrun for consume_1_and_2_with_dataset_expressions to None, run_after=None
[2026-07-18T21:56:35.760+0545] {logging_mixin.py:188} INFO - [2026-07-18T21:56:35.760+0545] {dag.py:3947} INFO - Setting next_dagrun for consume_1_or_2_with_dataset_expressions to None, run_after=None
[2026-07-18T21:56:35.761+0545] {logging_mixin.py:188} INFO - [2026-07-18T21:56:35.761+0545] {dag.py:3947} INFO - Setting next_dagrun for consume_1_or_both_2_and_3_with_dataset_expressions to None, run_after=None
[2026-07-18T21:56:35.762+0545] {logging_mixin.py:188} INFO - [2026-07-18T21:56:35.762+0545] {dag.py:3947} INFO - Setting next_dagrun for dataset_consumes_1 to None, run_after=None
[2026-07-18T21:56:35.763+0545] {logging_mixin.py:188} INFO - [2026-07-18T21:56:35.763+0545] {dag.py:3947} INFO - Setting next_dagrun for dataset_consumes_1_and_2 to None, run_after=None
[2026-07-18T21:56:35.764+0545] {logging_mixin.py:188} INFO - [2026-07-18T21:56:35.764+0545] {dag.py:3947} INFO - Setting next_dagrun for dataset_consumes_1_never_scheduled to None, run_after=None
[2026-07-18T21:56:35.766+0545] {logging_mixin.py:188} INFO - [2026-07-18T21:56:35.765+0545] {dag.py:3947} INFO - Setting next_dagrun for dataset_consumes_unknown_never_scheduled to None, run_after=None
[2026-07-18T21:56:35.769+0545] {logging_mixin.py:188} INFO - [2026-07-18T21:56:35.769+0545] {dag.py:3947} INFO - Setting next_dagrun for dataset_produces_1 to 2026-07-17 00:00:00+00:00, run_after=2026-07-18 00:00:00+00:00
[2026-07-18T21:56:35.770+0545] {logging_mixin.py:188} INFO - [2026-07-18T21:56:35.770+0545] {dag.py:3947} INFO - Setting next_dagrun for dataset_produces_2 to None, run_after=None
[2026-07-18T21:56:35.806+0545] {processor.py:183} INFO - Processing /home/snigdh/repos/bigData/spark_demo_env/lib/python3.12/site-packages/airflow/example_dags/example_datasets.py took 0.155 seconds
[2026-07-18T21:57:43.406+0545] {processor.py:161} INFO - Started process (PID=278249) to work on /home/snigdh/repos/bigData/spark_demo_env/lib/python3.12/site-packages/airflow/example_dags/example_datasets.py
[2026-07-18T21:57:43.410+0545] {processor.py:830} INFO - Processing file /home/snigdh/repos/bigData/spark_demo_env/lib/python3.12/site-packages/airflow/example_dags/example_datasets.py for tasks to queue
[2026-07-18T21:57:43.411+0545] {logging_mixin.py:188} INFO - [2026-07-18T21:57:43.411+0545] {dagbag.py:545} INFO - Filling up the DagBag from /home/snigdh/repos/bigData/spark_demo_env/lib/python3.12/site-packages/airflow/example_dags/example_datasets.py
[2026-07-18T21:57:43.429+0545] {processor.py:840} INFO - DAG(s) 'consume_1_and_2_with_dataset_expressions', 'consume_1_or_both_2_and_3_with_dataset_expressions', 'dataset_consumes_1', 'dataset_produces_1', 'dataset_consumes_unknown_never_scheduled', 'consume_1_or_2_with_dataset_expressions', 'dataset_consumes_1_never_scheduled', 'dataset_produces_2', 'conditional_dataset_and_time_based_timetable', 'dataset_consumes_1_and_2' retrieved from /home/snigdh/repos/bigData/spark_demo_env/lib/python3.12/site-packages/airflow/example_dags/example_datasets.py
[2026-07-18T21:57:43.475+0545] {logging_mixin.py:188} INFO - [2026-07-18T21:57:43.475+0545] {dag.py:3089} INFO - Sync 10 DAGs
[2026-07-18T21:57:43.496+0545] {logging_mixin.py:188} INFO - [2026-07-18T21:57:43.495+0545] {dag.py:3947} INFO - Setting next_dagrun for conditional_dataset_and_time_based_timetable to 2026-07-15 01:00:00+00:00, run_after=2026-07-15 01:00:00+00:00
[2026-07-18T21:57:43.499+0545] {logging_mixin.py:188} INFO - [2026-07-18T21:57:43.498+0545] {dag.py:3947} INFO - Setting next_dagrun for consume_1_and_2_with_dataset_expressions to None, run_after=None
[2026-07-18T21:57:43.500+0545] {logging_mixin.py:188} INFO - [2026-07-18T21:57:43.500+0545] {dag.py:3947} INFO - Setting next_dagrun for consume_1_or_2_with_dataset_expressions to None, run_after=None
[2026-07-18T21:57:43.501+0545] {logging_mixin.py:188} INFO - [2026-07-18T21:57:43.501+0545] {dag.py:3947} INFO - Setting next_dagrun for consume_1_or_both_2_and_3_with_dataset_expressions to None, run_after=None
[2026-07-18T21:57:43.502+0545] {logging_mixin.py:188} INFO - [2026-07-18T21:57:43.501+0545] {dag.py:3947} INFO - Setting next_dagrun for dataset_consumes_1 to None, run_after=None
[2026-07-18T21:57:43.502+0545] {logging_mixin.py:188} INFO - [2026-07-18T21:57:43.502+0545] {dag.py:3947} INFO - Setting next_dagrun for dataset_consumes_1_and_2 to None, run_after=None
[2026-07-18T21:57:43.503+0545] {logging_mixin.py:188} INFO - [2026-07-18T21:57:43.503+0545] {dag.py:3947} INFO - Setting next_dagrun for dataset_consumes_1_never_scheduled to None, run_after=None
[2026-07-18T21:57:43.504+0545] {logging_mixin.py:188} INFO - [2026-07-18T21:57:43.504+0545] {dag.py:3947} INFO - Setting next_dagrun for dataset_consumes_unknown_never_scheduled to None, run_after=None
[2026-07-18T21:57:43.506+0545] {logging_mixin.py:188} INFO - [2026-07-18T21:57:43.506+0545] {dag.py:3947} INFO - Setting next_dagrun for dataset_produces_1 to 2026-07-17 00:00:00+00:00, run_after=2026-07-18 00:00:00+00:00
[2026-07-18T21:57:43.507+0545] {logging_mixin.py:188} INFO - [2026-07-18T21:57:43.506+0545] {dag.py:3947} INFO - Setting next_dagrun for dataset_produces_2 to None, run_after=None
[2026-07-18T21:57:43.544+0545] {processor.py:183} INFO - Processing /home/snigdh/repos/bigData/spark_demo_env/lib/python3.12/site-packages/airflow/example_dags/example_datasets.py took 0.145 seconds
[2026-07-18T21:58:50.099+0545] {processor.py:161} INFO - Started process (PID=278871) to work on /home/snigdh/repos/bigData/spark_demo_env/lib/python3.12/site-packages/airflow/example_dags/example_datasets.py
[2026-07-18T21:58:50.103+0545] {processor.py:830} INFO - Processing file /home/snigdh/repos/bigData/spark_demo_env/lib/python3.12/site-packages/airflow/example_dags/example_datasets.py for tasks to queue
[2026-07-18T21:58:50.104+0545] {logging_mixin.py:188} INFO - [2026-07-18T21:58:50.104+0545] {dagbag.py:545} INFO - Filling up the DagBag from /home/snigdh/repos/bigData/spark_demo_env/lib/python3.12/site-packages/airflow/example_dags/example_datasets.py
[2026-07-18T21:58:50.121+0545] {processor.py:840} INFO - DAG(s) 'consume_1_or_2_with_dataset_expressions', 'consume_1_and_2_with_dataset_expressions', 'dataset_consumes_1', 'conditional_dataset_and_time_based_timetable', 'consume_1_or_both_2_and_3_with_dataset_expressions', 'dataset_consumes_1_never_scheduled', 'dataset_consumes_unknown_never_scheduled', 'dataset_produces_2', 'dataset_consumes_1_and_2', 'dataset_produces_1' retrieved from /home/snigdh/repos/bigData/spark_demo_env/lib/python3.12/site-packages/airflow/example_dags/example_datasets.py
[2026-07-18T21:58:50.163+0545] {logging_mixin.py:188} INFO - [2026-07-18T21:58:50.162+0545] {dag.py:3089} INFO - Sync 10 DAGs
[2026-07-18T21:58:50.181+0545] {logging_mixin.py:188} INFO - [2026-07-18T21:58:50.181+0545] {dag.py:3947} INFO - Setting next_dagrun for conditional_dataset_and_time_based_timetable to 2026-07-15 01:00:00+00:00, run_after=2026-07-15 01:00:00+00:00
[2026-07-18T21:58:50.184+0545] {logging_mixin.py:188} INFO - [2026-07-18T21:58:50.183+0545] {dag.py:3947} INFO - Setting next_dagrun for consume_1_and_2_with_dataset_expressions to None, run_after=None
[2026-07-18T21:58:50.185+0545] {logging_mixin.py:188} INFO - [2026-07-18T21:58:50.184+0545] {dag.py:3947} INFO - Setting next_dagrun for consume_1_or_2_with_dataset_expressions to None, run_after=None
[2026-07-18T21:58:50.185+0545] {logging_mixin.py:188} INFO - [2026-07-18T21:58:50.185+0545] {dag.py:3947} INFO - Setting next_dagrun for consume_1_or_both_2_and_3_with_dataset_expressions to None, run_after=None
[2026-07-18T21:58:50.186+0545] {logging_mixin.py:188} INFO - [2026-07-18T21:58:50.186+0545] {dag.py:3947} INFO - Setting next_dagrun for dataset_consumes_1 to None, run_after=None
[2026-07-18T21:58:50.187+0545] {logging_mixin.py:188} INFO - [2026-07-18T21:58:50.187+0545] {dag.py:3947} INFO - Setting next_dagrun for dataset_consumes_1_and_2 to None, run_after=None
[2026-07-18T21:58:50.188+0545] {logging_mixin.py:188} INFO - [2026-07-18T21:58:50.187+0545] {dag.py:3947} INFO - Setting next_dagrun for dataset_consumes_1_never_scheduled to None, run_after=None
[2026-07-18T21:58:50.188+0545] {logging_mixin.py:188} INFO - [2026-07-18T21:58:50.188+0545] {dag.py:3947} INFO - Setting next_dagrun for dataset_consumes_unknown_never_scheduled to None, run_after=None
[2026-07-18T21:58:50.190+0545] {logging_mixin.py:188} INFO - [2026-07-18T21:58:50.190+0545] {dag.py:3947} INFO - Setting next_dagrun for dataset_produces_1 to 2026-07-17 00:00:00+00:00, run_after=2026-07-18 00:00:00+00:00
[2026-07-18T21:58:50.191+0545] {logging_mixin.py:188} INFO - [2026-07-18T21:58:50.191+0545] {dag.py:3947} INFO - Setting next_dagrun for dataset_produces_2 to None, run_after=None
[2026-07-18T21:58:50.224+0545] {processor.py:183} INFO - Processing /home/snigdh/repos/bigData/spark_demo_env/lib/python3.12/site-packages/airflow/example_dags/example_datasets.py took 0.133 seconds
[2026-07-18T22:00:00.702+0545] {processor.py:161} INFO - Started process (PID=279546) to work on /home/snigdh/repos/bigData/spark_demo_env/lib/python3.12/site-packages/airflow/example_dags/example_datasets.py
[2026-07-18T22:00:00.706+0545] {processor.py:830} INFO - Processing file /home/snigdh/repos/bigData/spark_demo_env/lib/python3.12/site-packages/airflow/example_dags/example_datasets.py for tasks to queue
[2026-07-18T22:00:00.708+0545] {logging_mixin.py:188} INFO - [2026-07-18T22:00:00.707+0545] {dagbag.py:545} INFO - Filling up the DagBag from /home/snigdh/repos/bigData/spark_demo_env/lib/python3.12/site-packages/airflow/example_dags/example_datasets.py
[2026-07-18T22:00:00.734+0545] {processor.py:840} INFO - DAG(s) 'dataset_consumes_1_never_scheduled', 'dataset_produces_2', 'dataset_consumes_1', 'consume_1_and_2_with_dataset_expressions', 'dataset_consumes_1_and_2', 'consume_1_or_both_2_and_3_with_dataset_expressions', 'dataset_consumes_unknown_never_scheduled', 'consume_1_or_2_with_dataset_expressions', 'conditional_dataset_and_time_based_timetable', 'dataset_produces_1' retrieved from /home/snigdh/repos/bigData/spark_demo_env/lib/python3.12/site-packages/airflow/example_dags/example_datasets.py
[2026-07-18T22:00:00.816+0545] {logging_mixin.py:188} INFO - [2026-07-18T22:00:00.815+0545] {dag.py:3089} INFO - Sync 10 DAGs
[2026-07-18T22:00:00.843+0545] {logging_mixin.py:188} INFO - [2026-07-18T22:00:00.843+0545] {dag.py:3947} INFO - Setting next_dagrun for conditional_dataset_and_time_based_timetable to 2026-07-15 01:00:00+00:00, run_after=2026-07-15 01:00:00+00:00
[2026-07-18T22:00:00.847+0545] {logging_mixin.py:188} INFO - [2026-07-18T22:00:00.847+0545] {dag.py:3947} INFO - Setting next_dagrun for consume_1_and_2_with_dataset_expressions to None, run_after=None
[2026-07-18T22:00:00.849+0545] {logging_mixin.py:188} INFO - [2026-07-18T22:00:00.849+0545] {dag.py:3947} INFO - Setting next_dagrun for consume_1_or_2_with_dataset_expressions to None, run_after=None
[2026-07-18T22:00:00.850+0545] {logging_mixin.py:188} INFO - [2026-07-18T22:00:00.850+0545] {dag.py:3947} INFO - Setting next_dagrun for consume_1_or_both_2_and_3_with_dataset_expressions to None, run_after=None
[2026-07-18T22:00:00.852+0545] {logging_mixin.py:188} INFO - [2026-07-18T22:00:00.851+0545] {dag.py:3947} INFO - Setting next_dagrun for dataset_consumes_1 to None, run_after=None
[2026-07-18T22:00:00.853+0545] {logging_mixin.py:188} INFO - [2026-07-18T22:00:00.853+0545] {dag.py:3947} INFO - Setting next_dagrun for dataset_consumes_1_and_2 to None, run_after=None
[2026-07-18T22:00:00.854+0545] {logging_mixin.py:188} INFO - [2026-07-18T22:00:00.854+0545] {dag.py:3947} INFO - Setting next_dagrun for dataset_consumes_1_never_scheduled to None, run_after=None
[2026-07-18T22:00:00.855+0545] {logging_mixin.py:188} INFO - [2026-07-18T22:00:00.854+0545] {dag.py:3947} INFO - Setting next_dagrun for dataset_consumes_unknown_never_scheduled to None, run_after=None
[2026-07-18T22:00:00.857+0545] {logging_mixin.py:188} INFO - [2026-07-18T22:00:00.856+0545] {dag.py:3947} INFO - Setting next_dagrun for dataset_produces_1 to 2026-07-17 00:00:00+00:00, run_after=2026-07-18 00:00:00+00:00
[2026-07-18T22:00:00.858+0545] {logging_mixin.py:188} INFO - [2026-07-18T22:00:00.858+0545] {dag.py:3947} INFO - Setting next_dagrun for dataset_produces_2 to None, run_after=None
[2026-07-18T22:00:00.894+0545] {processor.py:183} INFO - Processing /home/snigdh/repos/bigData/spark_demo_env/lib/python3.12/site-packages/airflow/example_dags/example_datasets.py took 0.201 seconds
[2026-07-18T22:00:51.771+0545] {processor.py:161} INFO - Started process (PID=279999) to work on /home/snigdh/repos/bigData/spark_demo_env/lib/python3.12/site-packages/airflow/example_dags/example_datasets.py
[2026-07-18T22:00:51.775+0545] {processor.py:830} INFO - Processing file /home/snigdh/repos/bigData/spark_demo_env/lib/python3.12/site-packages/airflow/example_dags/example_datasets.py for tasks to queue
[2026-07-18T22:00:51.776+0545] {logging_mixin.py:188} INFO - [2026-07-18T22:00:51.775+0545] {dagbag.py:545} INFO - Filling up the DagBag from /home/snigdh/repos/bigData/spark_demo_env/lib/python3.12/site-packages/airflow/example_dags/example_datasets.py
[2026-07-18T22:00:51.794+0545] {processor.py:840} INFO - DAG(s) 'conditional_dataset_and_time_based_timetable', 'dataset_produces_2', 'dataset_consumes_unknown_never_scheduled', 'dataset_consumes_1_and_2', 'consume_1_or_2_with_dataset_expressions', 'consume_1_or_both_2_and_3_with_dataset_expressions', 'dataset_produces_1', 'dataset_consumes_1', 'consume_1_and_2_with_dataset_expressions', 'dataset_consumes_1_never_scheduled' retrieved from /home/snigdh/repos/bigData/spark_demo_env/lib/python3.12/site-packages/airflow/example_dags/example_datasets.py
[2026-07-18T22:00:51.840+0545] {logging_mixin.py:188} INFO - [2026-07-18T22:00:51.839+0545] {dag.py:3089} INFO - Sync 10 DAGs
[2026-07-18T22:00:51.859+0545] {logging_mixin.py:188} INFO - [2026-07-18T22:00:51.859+0545] {dag.py:3947} INFO - Setting next_dagrun for conditional_dataset_and_time_based_timetable to 2026-07-15 01:00:00+00:00, run_after=2026-07-15 01:00:00+00:00
[2026-07-18T22:00:51.862+0545] {logging_mixin.py:188} INFO - [2026-07-18T22:00:51.862+0545] {dag.py:3947} INFO - Setting next_dagrun for consume_1_and_2_with_dataset_expressions to None, run_after=None
[2026-07-18T22:00:51.863+0545] {logging_mixin.py:188} INFO - [2026-07-18T22:00:51.863+0545] {dag.py:3947} INFO - Setting next_dagrun for consume_1_or_2_with_dataset_expressions to None, run_after=None
[2026-07-18T22:00:51.864+0545] {logging_mixin.py:188} INFO - [2026-07-18T22:00:51.863+0545] {dag.py:3947} INFO - Setting next_dagrun for consume_1_or_both_2_and_3_with_dataset_expressions to None, run_after=None
[2026-07-18T22:00:51.864+0545] {logging_mixin.py:188} INFO - [2026-07-18T22:00:51.864+0545] {dag.py:3947} INFO - Setting next_dagrun for dataset_consumes_1 to None, run_after=None
[2026-07-18T22:00:51.865+0545] {logging_mixin.py:188} INFO - [2026-07-18T22:00:51.865+0545] {dag.py:3947} INFO - Setting next_dagrun for dataset_consumes_1_and_2 to None, run_after=None
[2026-07-18T22:00:51.866+0545] {logging_mixin.py:188} INFO - [2026-07-18T22:00:51.866+0545] {dag.py:3947} INFO - Setting next_dagrun for dataset_consumes_1_never_scheduled to None, run_after=None
[2026-07-18T22:00:51.867+0545] {logging_mixin.py:188} INFO - [2026-07-18T22:00:51.867+0545] {dag.py:3947} INFO - Setting next_dagrun for dataset_consumes_unknown_never_scheduled to None, run_after=None
[2026-07-18T22:00:51.869+0545] {logging_mixin.py:188} INFO - [2026-07-18T22:00:51.869+0545] {dag.py:3947} INFO - Setting next_dagrun for dataset_produces_1 to 2026-07-17 00:00:00+00:00, run_after=2026-07-18 00:00:00+00:00
[2026-07-18T22:00:51.870+0545] {logging_mixin.py:188} INFO - [2026-07-18T22:00:51.869+0545] {dag.py:3947} INFO - Setting next_dagrun for dataset_produces_2 to None, run_after=None
[2026-07-18T22:00:51.904+0545] {processor.py:183} INFO - Processing /home/snigdh/repos/bigData/spark_demo_env/lib/python3.12/site-packages/airflow/example_dags/example_datasets.py took 0.140 seconds
[2026-07-18T22:01:59.760+0545] {processor.py:161} INFO - Started process (PID=280604) to work on /home/snigdh/repos/bigData/spark_demo_env/lib/python3.12/site-packages/airflow/example_dags/example_datasets.py
[2026-07-18T22:01:59.763+0545] {processor.py:830} INFO - Processing file /home/snigdh/repos/bigData/spark_demo_env/lib/python3.12/site-packages/airflow/example_dags/example_datasets.py for tasks to queue
[2026-07-18T22:01:59.765+0545] {logging_mixin.py:188} INFO - [2026-07-18T22:01:59.764+0545] {dagbag.py:545} INFO - Filling up the DagBag from /home/snigdh/repos/bigData/spark_demo_env/lib/python3.12/site-packages/airflow/example_dags/example_datasets.py
[2026-07-18T22:01:59.783+0545] {processor.py:840} INFO - DAG(s) 'consume_1_and_2_with_dataset_expressions', 'consume_1_or_both_2_and_3_with_dataset_expressions', 'dataset_consumes_1_and_2', 'consume_1_or_2_with_dataset_expressions', 'dataset_produces_1', 'dataset_consumes_1_never_scheduled', 'dataset_produces_2', 'conditional_dataset_and_time_based_timetable', 'dataset_consumes_unknown_never_scheduled', 'dataset_consumes_1' retrieved from /home/snigdh/repos/bigData/spark_demo_env/lib/python3.12/site-packages/airflow/example_dags/example_datasets.py
[2026-07-18T22:01:59.825+0545] {logging_mixin.py:188} INFO - [2026-07-18T22:01:59.825+0545] {dag.py:3089} INFO - Sync 10 DAGs
[2026-07-18T22:01:59.847+0545] {logging_mixin.py:188} INFO - [2026-07-18T22:01:59.847+0545] {dag.py:3947} INFO - Setting next_dagrun for conditional_dataset_and_time_based_timetable to 2026-07-15 01:00:00+00:00, run_after=2026-07-15 01:00:00+00:00
[2026-07-18T22:01:59.850+0545] {logging_mixin.py:188} INFO - [2026-07-18T22:01:59.850+0545] {dag.py:3947} INFO - Setting next_dagrun for consume_1_and_2_with_dataset_expressions to None, run_after=None
[2026-07-18T22:01:59.851+0545] {logging_mixin.py:188} INFO - [2026-07-18T22:01:59.851+0545] {dag.py:3947} INFO - Setting next_dagrun for consume_1_or_2_with_dataset_expressions to None, run_after=None
[2026-07-18T22:01:59.852+0545] {logging_mixin.py:188} INFO - [2026-07-18T22:01:59.852+0545] {dag.py:3947} INFO - Setting next_dagrun for consume_1_or_both_2_and_3_with_dataset_expressions to None, run_after=None
[2026-07-18T22:01:59.853+0545] {logging_mixin.py:188} INFO - [2026-07-18T22:01:59.853+0545] {dag.py:3947} INFO - Setting next_dagrun for dataset_consumes_1 to None, run_after=None
[2026-07-18T22:01:59.854+0545] {logging_mixin.py:188} INFO - [2026-07-18T22:01:59.854+0545] {dag.py:3947} INFO - Setting next_dagrun for dataset_consumes_1_and_2 to None, run_after=None
[2026-07-18T22:01:59.855+0545] {logging_mixin.py:188} INFO - [2026-07-18T22:01:59.855+0545] {dag.py:3947} INFO - Setting next_dagrun for dataset_consumes_1_never_scheduled to None, run_after=None
[2026-07-18T22:01:59.855+0545] {logging_mixin.py:188} INFO - [2026-07-18T22:01:59.855+0545] {dag.py:3947} INFO - Setting next_dagrun for dataset_consumes_unknown_never_scheduled to None, run_after=None
[2026-07-18T22:01:59.857+0545] {logging_mixin.py:188} INFO - [2026-07-18T22:01:59.857+0545] {dag.py:3947} INFO - Setting next_dagrun for dataset_produces_1 to 2026-07-17 00:00:00+00:00, run_after=2026-07-18 00:00:00+00:00
[2026-07-18T22:01:59.858+0545] {logging_mixin.py:188} INFO - [2026-07-18T22:01:59.858+0545] {dag.py:3947} INFO - Setting next_dagrun for dataset_produces_2 to None, run_after=None
[2026-07-18T22:01:59.895+0545] {processor.py:183} INFO - Processing /home/snigdh/repos/bigData/spark_demo_env/lib/python3.12/site-packages/airflow/example_dags/example_datasets.py took 0.145 seconds
