[2026-07-18T21:38:22.045+0545] {processor.py:161} INFO - Started process (PID=262424) to work on /home/snigdh/repos/bigData/spark_demo_env/lib/python3.12/site-packages/airflow/example_dags/example_trigger_target_dag.py
[2026-07-18T21:38:22.047+0545] {processor.py:830} INFO - Processing file /home/snigdh/repos/bigData/spark_demo_env/lib/python3.12/site-packages/airflow/example_dags/example_trigger_target_dag.py for tasks to queue
[2026-07-18T21:38:22.049+0545] {logging_mixin.py:188} INFO - [2026-07-18T21:38:22.049+0545] {dagbag.py:545} INFO - Filling up the DagBag from /home/snigdh/repos/bigData/spark_demo_env/lib/python3.12/site-packages/airflow/example_dags/example_trigger_target_dag.py
[2026-07-18T21:38:22.059+0545] {processor.py:840} INFO - DAG(s) 'example_trigger_target_dag' retrieved from /home/snigdh/repos/bigData/spark_demo_env/lib/python3.12/site-packages/airflow/example_dags/example_trigger_target_dag.py
[2026-07-18T21:38:22.200+0545] {logging_mixin.py:188} INFO - [2026-07-18T21:38:22.199+0545] {override.py:1858} INFO - Created Permission View: can delete on DAG:example_trigger_target_dag
[2026-07-18T21:38:22.218+0545] {logging_mixin.py:188} INFO - [2026-07-18T21:38:22.217+0545] {override.py:1858} INFO - Created Permission View: can read on DAG:example_trigger_target_dag
[2026-07-18T21:38:22.230+0545] {logging_mixin.py:188} INFO - [2026-07-18T21:38:22.229+0545] {override.py:1858} INFO - Created Permission View: can edit on DAG:example_trigger_target_dag
[2026-07-18T21:38:22.230+0545] {logging_mixin.py:188} INFO - [2026-07-18T21:38:22.230+0545] {dag.py:3089} INFO - Sync 1 DAGs
[2026-07-18T21:38:22.246+0545] {logging_mixin.py:188} INFO - [2026-07-18T21:38:22.245+0545] {dag.py:3111} INFO - Creating ORM DAG for example_trigger_target_dag
[2026-07-18T21:38:22.247+0545] {logging_mixin.py:188} INFO - [2026-07-18T21:38:22.247+0545] {dag.py:3947} INFO - Setting next_dagrun for example_trigger_target_dag to None, run_after=None
[2026-07-18T21:38:22.276+0545] {processor.py:183} INFO - Processing /home/snigdh/repos/bigData/spark_demo_env/lib/python3.12/site-packages/airflow/example_dags/example_trigger_target_dag.py took 0.241 seconds
[2026-07-18T21:39:21.924+0545] {processor.py:161} INFO - Started process (PID=262733) to work on /home/snigdh/repos/bigData/spark_demo_env/lib/python3.12/site-packages/airflow/example_dags/example_trigger_target_dag.py
[2026-07-18T21:39:21.928+0545] {processor.py:830} INFO - Processing file /home/snigdh/repos/bigData/spark_demo_env/lib/python3.12/site-packages/airflow/example_dags/example_trigger_target_dag.py for tasks to queue
[2026-07-18T21:39:21.930+0545] {logging_mixin.py:188} INFO - [2026-07-18T21:39:21.930+0545] {dagbag.py:545} INFO - Filling up the DagBag from /home/snigdh/repos/bigData/spark_demo_env/lib/python3.12/site-packages/airflow/example_dags/example_trigger_target_dag.py
[2026-07-18T21:39:21.940+0545] {processor.py:840} INFO - DAG(s) 'example_trigger_target_dag' retrieved from /home/snigdh/repos/bigData/spark_demo_env/lib/python3.12/site-packages/airflow/example_dags/example_trigger_target_dag.py
[2026-07-18T21:39:21.966+0545] {logging_mixin.py:188} INFO - [2026-07-18T21:39:21.965+0545] {dag.py:3089} INFO - Sync 1 DAGs
[2026-07-18T21:39:21.979+0545] {logging_mixin.py:188} INFO - [2026-07-18T21:39:21.979+0545] {dag.py:3947} INFO - Setting next_dagrun for example_trigger_target_dag to None, run_after=None
[2026-07-18T21:39:22.228+0545] {processor.py:183} INFO - Processing /home/snigdh/repos/bigData/spark_demo_env/lib/python3.12/site-packages/airflow/example_dags/example_trigger_target_dag.py took 0.314 seconds
[2026-07-18T21:40:16.397+0545] {processor.py:161} INFO - Started process (PID=263023) to work on /home/snigdh/repos/bigData/spark_demo_env/lib/python3.12/site-packages/airflow/example_dags/example_trigger_target_dag.py
[2026-07-18T21:40:16.400+0545] {processor.py:830} INFO - Processing file /home/snigdh/repos/bigData/spark_demo_env/lib/python3.12/site-packages/airflow/example_dags/example_trigger_target_dag.py for tasks to queue
[2026-07-18T21:40:16.403+0545] {logging_mixin.py:188} INFO - [2026-07-18T21:40:16.402+0545] {dagbag.py:545} INFO - Filling up the DagBag from /home/snigdh/repos/bigData/spark_demo_env/lib/python3.12/site-packages/airflow/example_dags/example_trigger_target_dag.py
[2026-07-18T21:40:16.408+0545] {processor.py:840} INFO - DAG(s) 'example_trigger_target_dag' retrieved from /home/snigdh/repos/bigData/spark_demo_env/lib/python3.12/site-packages/airflow/example_dags/example_trigger_target_dag.py
[2026-07-18T21:40:16.416+0545] {logging_mixin.py:188} INFO - [2026-07-18T21:40:16.416+0545] {dag.py:3089} INFO - Sync 1 DAGs
[2026-07-18T21:40:16.427+0545] {logging_mixin.py:188} INFO - [2026-07-18T21:40:16.427+0545] {dag.py:3947} INFO - Setting next_dagrun for example_trigger_target_dag to None, run_after=None
[2026-07-18T21:40:16.453+0545] {processor.py:183} INFO - Processing /home/snigdh/repos/bigData/spark_demo_env/lib/python3.12/site-packages/airflow/example_dags/example_trigger_target_dag.py took 0.061 seconds
[2026-07-18T21:46:35.154+0545] {processor.py:161} INFO - Started process (PID=269847) to work on /home/snigdh/repos/bigData/spark_demo_env/lib/python3.12/site-packages/airflow/example_dags/example_trigger_target_dag.py
[2026-07-18T21:46:35.158+0545] {processor.py:830} INFO - Processing file /home/snigdh/repos/bigData/spark_demo_env/lib/python3.12/site-packages/airflow/example_dags/example_trigger_target_dag.py for tasks to queue
[2026-07-18T21:46:35.159+0545] {logging_mixin.py:188} INFO - [2026-07-18T21:46:35.159+0545] {dagbag.py:545} INFO - Filling up the DagBag from /home/snigdh/repos/bigData/spark_demo_env/lib/python3.12/site-packages/airflow/example_dags/example_trigger_target_dag.py
[2026-07-18T21:46:35.165+0545] {processor.py:840} INFO - DAG(s) 'example_trigger_target_dag' retrieved from /home/snigdh/repos/bigData/spark_demo_env/lib/python3.12/site-packages/airflow/example_dags/example_trigger_target_dag.py
[2026-07-18T21:46:35.258+0545] {logging_mixin.py:188} INFO - [2026-07-18T21:46:35.257+0545] {dag.py:3089} INFO - Sync 1 DAGs
[2026-07-18T21:46:35.266+0545] {logging_mixin.py:188} INFO - [2026-07-18T21:46:35.265+0545] {dag.py:3947} INFO - Setting next_dagrun for example_trigger_target_dag to None, run_after=None
[2026-07-18T21:46:35.289+0545] {processor.py:183} INFO - Processing /home/snigdh/repos/bigData/spark_demo_env/lib/python3.12/site-packages/airflow/example_dags/example_trigger_target_dag.py took 0.143 seconds
[2026-07-18T21:47:37.099+0545] {processor.py:161} INFO - Started process (PID=270528) to work on /home/snigdh/repos/bigData/spark_demo_env/lib/python3.12/site-packages/airflow/example_dags/example_trigger_target_dag.py
[2026-07-18T21:47:37.103+0545] {processor.py:830} INFO - Processing file /home/snigdh/repos/bigData/spark_demo_env/lib/python3.12/site-packages/airflow/example_dags/example_trigger_target_dag.py for tasks to queue
[2026-07-18T21:47:37.105+0545] {logging_mixin.py:188} INFO - [2026-07-18T21:47:37.104+0545] {dagbag.py:545} INFO - Filling up the DagBag from /home/snigdh/repos/bigData/spark_demo_env/lib/python3.12/site-packages/airflow/example_dags/example_trigger_target_dag.py
[2026-07-18T21:47:37.110+0545] {processor.py:840} INFO - DAG(s) 'example_trigger_target_dag' retrieved from /home/snigdh/repos/bigData/spark_demo_env/lib/python3.12/site-packages/airflow/example_dags/example_trigger_target_dag.py
[2026-07-18T21:47:37.126+0545] {logging_mixin.py:188} INFO - [2026-07-18T21:47:37.126+0545] {dag.py:3089} INFO - Sync 1 DAGs
[2026-07-18T21:47:37.139+0545] {logging_mixin.py:188} INFO - [2026-07-18T21:47:37.138+0545] {dag.py:3947} INFO - Setting next_dagrun for example_trigger_target_dag to None, run_after=None
[2026-07-18T21:47:37.166+0545] {processor.py:183} INFO - Processing /home/snigdh/repos/bigData/spark_demo_env/lib/python3.12/site-packages/airflow/example_dags/example_trigger_target_dag.py took 0.073 seconds
[2026-07-18T21:48:26.661+0545] {processor.py:161} INFO - Started process (PID=271128) to work on /home/snigdh/repos/bigData/spark_demo_env/lib/python3.12/site-packages/airflow/example_dags/example_trigger_target_dag.py
[2026-07-18T21:48:26.664+0545] {processor.py:830} INFO - Processing file /home/snigdh/repos/bigData/spark_demo_env/lib/python3.12/site-packages/airflow/example_dags/example_trigger_target_dag.py for tasks to queue
[2026-07-18T21:48:26.665+0545] {logging_mixin.py:188} INFO - [2026-07-18T21:48:26.665+0545] {dagbag.py:545} INFO - Filling up the DagBag from /home/snigdh/repos/bigData/spark_demo_env/lib/python3.12/site-packages/airflow/example_dags/example_trigger_target_dag.py
[2026-07-18T21:48:26.671+0545] {processor.py:840} INFO - DAG(s) 'example_trigger_target_dag' retrieved from /home/snigdh/repos/bigData/spark_demo_env/lib/python3.12/site-packages/airflow/example_dags/example_trigger_target_dag.py
[2026-07-18T21:48:26.686+0545] {logging_mixin.py:188} INFO - [2026-07-18T21:48:26.685+0545] {dag.py:3089} INFO - Sync 1 DAGs
[2026-07-18T21:48:26.696+0545] {logging_mixin.py:188} INFO - [2026-07-18T21:48:26.696+0545] {dag.py:3947} INFO - Setting next_dagrun for example_trigger_target_dag to None, run_after=None
[2026-07-18T21:48:26.717+0545] {processor.py:183} INFO - Processing /home/snigdh/repos/bigData/spark_demo_env/lib/python3.12/site-packages/airflow/example_dags/example_trigger_target_dag.py took 0.064 seconds
[2026-07-18T21:49:22.486+0545] {processor.py:161} INFO - Started process (PID=272029) to work on /home/snigdh/repos/bigData/spark_demo_env/lib/python3.12/site-packages/airflow/example_dags/example_trigger_target_dag.py
[2026-07-18T21:49:22.490+0545] {processor.py:830} INFO - Processing file /home/snigdh/repos/bigData/spark_demo_env/lib/python3.12/site-packages/airflow/example_dags/example_trigger_target_dag.py for tasks to queue
[2026-07-18T21:49:22.491+0545] {logging_mixin.py:188} INFO - [2026-07-18T21:49:22.491+0545] {dagbag.py:545} INFO - Filling up the DagBag from /home/snigdh/repos/bigData/spark_demo_env/lib/python3.12/site-packages/airflow/example_dags/example_trigger_target_dag.py
[2026-07-18T21:49:22.498+0545] {processor.py:840} INFO - DAG(s) 'example_trigger_target_dag' retrieved from /home/snigdh/repos/bigData/spark_demo_env/lib/python3.12/site-packages/airflow/example_dags/example_trigger_target_dag.py
[2026-07-18T21:49:22.521+0545] {logging_mixin.py:188} INFO - [2026-07-18T21:49:22.520+0545] {dag.py:3089} INFO - Sync 1 DAGs
[2026-07-18T21:49:22.533+0545] {logging_mixin.py:188} INFO - [2026-07-18T21:49:22.533+0545] {dag.py:3947} INFO - Setting next_dagrun for example_trigger_target_dag to None, run_after=None
[2026-07-18T21:49:22.688+0545] {processor.py:183} INFO - Processing /home/snigdh/repos/bigData/spark_demo_env/lib/python3.12/site-packages/airflow/example_dags/example_trigger_target_dag.py took 0.211 seconds
[2026-07-18T21:50:15.075+0545] {processor.py:161} INFO - Started process (PID=272662) to work on /home/snigdh/repos/bigData/spark_demo_env/lib/python3.12/site-packages/airflow/example_dags/example_trigger_target_dag.py
[2026-07-18T21:50:15.078+0545] {processor.py:830} INFO - Processing file /home/snigdh/repos/bigData/spark_demo_env/lib/python3.12/site-packages/airflow/example_dags/example_trigger_target_dag.py for tasks to queue
[2026-07-18T21:50:15.079+0545] {logging_mixin.py:188} INFO - [2026-07-18T21:50:15.078+0545] {dagbag.py:545} INFO - Filling up the DagBag from /home/snigdh/repos/bigData/spark_demo_env/lib/python3.12/site-packages/airflow/example_dags/example_trigger_target_dag.py
[2026-07-18T21:50:15.084+0545] {processor.py:840} INFO - DAG(s) 'example_trigger_target_dag' retrieved from /home/snigdh/repos/bigData/spark_demo_env/lib/python3.12/site-packages/airflow/example_dags/example_trigger_target_dag.py
[2026-07-18T21:50:15.098+0545] {logging_mixin.py:188} INFO - [2026-07-18T21:50:15.098+0545] {dag.py:3089} INFO - Sync 1 DAGs
[2026-07-18T21:50:15.108+0545] {logging_mixin.py:188} INFO - [2026-07-18T21:50:15.108+0545] {dag.py:3947} INFO - Setting next_dagrun for example_trigger_target_dag to None, run_after=None
[2026-07-18T21:50:15.128+0545] {processor.py:183} INFO - Processing /home/snigdh/repos/bigData/spark_demo_env/lib/python3.12/site-packages/airflow/example_dags/example_trigger_target_dag.py took 0.058 seconds
[2026-07-18T21:50:59.738+0545] {processor.py:161} INFO - Started process (PID=273332) to work on /home/snigdh/repos/bigData/spark_demo_env/lib/python3.12/site-packages/airflow/example_dags/example_trigger_target_dag.py
[2026-07-18T21:50:59.741+0545] {processor.py:830} INFO - Processing file /home/snigdh/repos/bigData/spark_demo_env/lib/python3.12/site-packages/airflow/example_dags/example_trigger_target_dag.py for tasks to queue
[2026-07-18T21:50:59.742+0545] {logging_mixin.py:188} INFO - [2026-07-18T21:50:59.742+0545] {dagbag.py:545} INFO - Filling up the DagBag from /home/snigdh/repos/bigData/spark_demo_env/lib/python3.12/site-packages/airflow/example_dags/example_trigger_target_dag.py
[2026-07-18T21:50:59.747+0545] {processor.py:840} INFO - DAG(s) 'example_trigger_target_dag' retrieved from /home/snigdh/repos/bigData/spark_demo_env/lib/python3.12/site-packages/airflow/example_dags/example_trigger_target_dag.py
[2026-07-18T21:50:59.764+0545] {logging_mixin.py:188} INFO - [2026-07-18T21:50:59.763+0545] {dag.py:3089} INFO - Sync 1 DAGs
[2026-07-18T21:50:59.776+0545] {logging_mixin.py:188} INFO - [2026-07-18T21:50:59.776+0545] {dag.py:3947} INFO - Setting next_dagrun for example_trigger_target_dag to None, run_after=None
[2026-07-18T21:50:59.799+0545] {processor.py:183} INFO - Processing /home/snigdh/repos/bigData/spark_demo_env/lib/python3.12/site-packages/airflow/example_dags/example_trigger_target_dag.py took 0.069 seconds
[2026-07-18T21:51:46.279+0545] {processor.py:161} INFO - Started process (PID=273915) to work on /home/snigdh/repos/bigData/spark_demo_env/lib/python3.12/site-packages/airflow/example_dags/example_trigger_target_dag.py
[2026-07-18T21:51:46.316+0545] {processor.py:830} INFO - Processing file /home/snigdh/repos/bigData/spark_demo_env/lib/python3.12/site-packages/airflow/example_dags/example_trigger_target_dag.py for tasks to queue
[2026-07-18T21:51:46.318+0545] {logging_mixin.py:188} INFO - [2026-07-18T21:51:46.317+0545] {dagbag.py:545} INFO - Filling up the DagBag from /home/snigdh/repos/bigData/spark_demo_env/lib/python3.12/site-packages/airflow/example_dags/example_trigger_target_dag.py
[2026-07-18T21:51:46.325+0545] {processor.py:840} INFO - DAG(s) 'example_trigger_target_dag' retrieved from /home/snigdh/repos/bigData/spark_demo_env/lib/python3.12/site-packages/airflow/example_dags/example_trigger_target_dag.py
[2026-07-18T21:51:46.348+0545] {logging_mixin.py:188} INFO - [2026-07-18T21:51:46.348+0545] {dag.py:3089} INFO - Sync 1 DAGs
[2026-07-18T21:51:46.361+0545] {logging_mixin.py:188} INFO - [2026-07-18T21:51:46.361+0545] {dag.py:3947} INFO - Setting next_dagrun for example_trigger_target_dag to None, run_after=None
[2026-07-18T21:51:46.495+0545] {processor.py:183} INFO - Processing /home/snigdh/repos/bigData/spark_demo_env/lib/python3.12/site-packages/airflow/example_dags/example_trigger_target_dag.py took 0.224 seconds
[2026-07-18T21:52:32.543+0545] {processor.py:161} INFO - Started process (PID=274531) to work on /home/snigdh/repos/bigData/spark_demo_env/lib/python3.12/site-packages/airflow/example_dags/example_trigger_target_dag.py
[2026-07-18T21:52:32.547+0545] {processor.py:830} INFO - Processing file /home/snigdh/repos/bigData/spark_demo_env/lib/python3.12/site-packages/airflow/example_dags/example_trigger_target_dag.py for tasks to queue
[2026-07-18T21:52:32.548+0545] {logging_mixin.py:188} INFO - [2026-07-18T21:52:32.547+0545] {dagbag.py:545} INFO - Filling up the DagBag from /home/snigdh/repos/bigData/spark_demo_env/lib/python3.12/site-packages/airflow/example_dags/example_trigger_target_dag.py
[2026-07-18T21:52:32.554+0545] {processor.py:840} INFO - DAG(s) 'example_trigger_target_dag' retrieved from /home/snigdh/repos/bigData/spark_demo_env/lib/python3.12/site-packages/airflow/example_dags/example_trigger_target_dag.py
[2026-07-18T21:52:32.577+0545] {logging_mixin.py:188} INFO - [2026-07-18T21:52:32.577+0545] {dag.py:3089} INFO - Sync 1 DAGs
[2026-07-18T21:52:32.590+0545] {logging_mixin.py:188} INFO - [2026-07-18T21:52:32.590+0545] {dag.py:3947} INFO - Setting next_dagrun for example_trigger_target_dag to None, run_after=None
[2026-07-18T21:52:32.617+0545] {processor.py:183} INFO - Processing /home/snigdh/repos/bigData/spark_demo_env/lib/python3.12/site-packages/airflow/example_dags/example_trigger_target_dag.py took 0.083 seconds
[2026-07-18T21:53:17.457+0545] {processor.py:161} INFO - Started process (PID=275119) to work on /home/snigdh/repos/bigData/spark_demo_env/lib/python3.12/site-packages/airflow/example_dags/example_trigger_target_dag.py
[2026-07-18T21:53:17.459+0545] {processor.py:830} INFO - Processing file /home/snigdh/repos/bigData/spark_demo_env/lib/python3.12/site-packages/airflow/example_dags/example_trigger_target_dag.py for tasks to queue
[2026-07-18T21:53:17.459+0545] {logging_mixin.py:188} INFO - [2026-07-18T21:53:17.459+0545] {dagbag.py:545} INFO - Filling up the DagBag from /home/snigdh/repos/bigData/spark_demo_env/lib/python3.12/site-packages/airflow/example_dags/example_trigger_target_dag.py
[2026-07-18T21:53:17.464+0545] {processor.py:840} INFO - DAG(s) 'example_trigger_target_dag' retrieved from /home/snigdh/repos/bigData/spark_demo_env/lib/python3.12/site-packages/airflow/example_dags/example_trigger_target_dag.py
[2026-07-18T21:53:17.478+0545] {logging_mixin.py:188} INFO - [2026-07-18T21:53:17.478+0545] {dag.py:3089} INFO - Sync 1 DAGs
[2026-07-18T21:53:17.487+0545] {logging_mixin.py:188} INFO - [2026-07-18T21:53:17.487+0545] {dag.py:3947} INFO - Setting next_dagrun for example_trigger_target_dag to None, run_after=None
[2026-07-18T21:53:17.507+0545] {processor.py:183} INFO - Processing /home/snigdh/repos/bigData/spark_demo_env/lib/python3.12/site-packages/airflow/example_dags/example_trigger_target_dag.py took 0.056 seconds
[2026-07-18T21:54:07.559+0545] {processor.py:161} INFO - Started process (PID=275998) to work on /home/snigdh/repos/bigData/spark_demo_env/lib/python3.12/site-packages/airflow/example_dags/example_trigger_target_dag.py
[2026-07-18T21:54:07.562+0545] {processor.py:830} INFO - Processing file /home/snigdh/repos/bigData/spark_demo_env/lib/python3.12/site-packages/airflow/example_dags/example_trigger_target_dag.py for tasks to queue
[2026-07-18T21:54:07.564+0545] {logging_mixin.py:188} INFO - [2026-07-18T21:54:07.563+0545] {dagbag.py:545} INFO - Filling up the DagBag from /home/snigdh/repos/bigData/spark_demo_env/lib/python3.12/site-packages/airflow/example_dags/example_trigger_target_dag.py
[2026-07-18T21:54:07.572+0545] {processor.py:840} INFO - DAG(s) 'example_trigger_target_dag' retrieved from /home/snigdh/repos/bigData/spark_demo_env/lib/python3.12/site-packages/airflow/example_dags/example_trigger_target_dag.py
[2026-07-18T21:54:07.595+0545] {logging_mixin.py:188} INFO - [2026-07-18T21:54:07.594+0545] {dag.py:3089} INFO - Sync 1 DAGs
[2026-07-18T21:54:07.609+0545] {logging_mixin.py:188} INFO - [2026-07-18T21:54:07.609+0545] {dag.py:3947} INFO - Setting next_dagrun for example_trigger_target_dag to None, run_after=None
[2026-07-18T21:54:07.641+0545] {processor.py:183} INFO - Processing /home/snigdh/repos/bigData/spark_demo_env/lib/python3.12/site-packages/airflow/example_dags/example_trigger_target_dag.py took 0.092 seconds
[2026-07-18T21:54:54.991+0545] {processor.py:161} INFO - Started process (PID=276607) to work on /home/snigdh/repos/bigData/spark_demo_env/lib/python3.12/site-packages/airflow/example_dags/example_trigger_target_dag.py
[2026-07-18T21:54:54.992+0545] {processor.py:830} INFO - Processing file /home/snigdh/repos/bigData/spark_demo_env/lib/python3.12/site-packages/airflow/example_dags/example_trigger_target_dag.py for tasks to queue
[2026-07-18T21:54:54.994+0545] {logging_mixin.py:188} INFO - [2026-07-18T21:54:54.993+0545] {dagbag.py:545} INFO - Filling up the DagBag from /home/snigdh/repos/bigData/spark_demo_env/lib/python3.12/site-packages/airflow/example_dags/example_trigger_target_dag.py
[2026-07-18T21:54:55.002+0545] {processor.py:840} INFO - DAG(s) 'example_trigger_target_dag' retrieved from /home/snigdh/repos/bigData/spark_demo_env/lib/python3.12/site-packages/airflow/example_dags/example_trigger_target_dag.py
[2026-07-18T21:54:55.026+0545] {logging_mixin.py:188} INFO - [2026-07-18T21:54:55.026+0545] {dag.py:3089} INFO - Sync 1 DAGs
[2026-07-18T21:54:55.039+0545] {logging_mixin.py:188} INFO - [2026-07-18T21:54:55.039+0545] {dag.py:3947} INFO - Setting next_dagrun for example_trigger_target_dag to None, run_after=None
[2026-07-18T21:54:55.061+0545] {processor.py:183} INFO - Processing /home/snigdh/repos/bigData/spark_demo_env/lib/python3.12/site-packages/airflow/example_dags/example_trigger_target_dag.py took 0.079 seconds
[2026-07-18T21:55:39.804+0545] {processor.py:161} INFO - Started process (PID=277063) to work on /home/snigdh/repos/bigData/spark_demo_env/lib/python3.12/site-packages/airflow/example_dags/example_trigger_target_dag.py
[2026-07-18T21:55:39.808+0545] {processor.py:830} INFO - Processing file /home/snigdh/repos/bigData/spark_demo_env/lib/python3.12/site-packages/airflow/example_dags/example_trigger_target_dag.py for tasks to queue
[2026-07-18T21:55:39.809+0545] {logging_mixin.py:188} INFO - [2026-07-18T21:55:39.808+0545] {dagbag.py:545} INFO - Filling up the DagBag from /home/snigdh/repos/bigData/spark_demo_env/lib/python3.12/site-packages/airflow/example_dags/example_trigger_target_dag.py
[2026-07-18T21:55:39.817+0545] {processor.py:840} INFO - DAG(s) 'example_trigger_target_dag' retrieved from /home/snigdh/repos/bigData/spark_demo_env/lib/python3.12/site-packages/airflow/example_dags/example_trigger_target_dag.py
[2026-07-18T21:55:39.838+0545] {logging_mixin.py:188} INFO - [2026-07-18T21:55:39.838+0545] {dag.py:3089} INFO - Sync 1 DAGs
[2026-07-18T21:55:39.852+0545] {logging_mixin.py:188} INFO - [2026-07-18T21:55:39.852+0545] {dag.py:3947} INFO - Setting next_dagrun for example_trigger_target_dag to None, run_after=None
[2026-07-18T21:55:39.884+0545] {processor.py:183} INFO - Processing /home/snigdh/repos/bigData/spark_demo_env/lib/python3.12/site-packages/airflow/example_dags/example_trigger_target_dag.py took 0.089 seconds
[2026-07-18T21:56:25.109+0545] {processor.py:161} INFO - Started process (PID=277477) to work on /home/snigdh/repos/bigData/spark_demo_env/lib/python3.12/site-packages/airflow/example_dags/example_trigger_target_dag.py
[2026-07-18T21:56:25.113+0545] {processor.py:830} INFO - Processing file /home/snigdh/repos/bigData/spark_demo_env/lib/python3.12/site-packages/airflow/example_dags/example_trigger_target_dag.py for tasks to queue
[2026-07-18T21:56:25.114+0545] {logging_mixin.py:188} INFO - [2026-07-18T21:56:25.114+0545] {dagbag.py:545} INFO - Filling up the DagBag from /home/snigdh/repos/bigData/spark_demo_env/lib/python3.12/site-packages/airflow/example_dags/example_trigger_target_dag.py
[2026-07-18T21:56:25.123+0545] {processor.py:840} INFO - DAG(s) 'example_trigger_target_dag' retrieved from /home/snigdh/repos/bigData/spark_demo_env/lib/python3.12/site-packages/airflow/example_dags/example_trigger_target_dag.py
[2026-07-18T21:56:25.145+0545] {logging_mixin.py:188} INFO - [2026-07-18T21:56:25.144+0545] {dag.py:3089} INFO - Sync 1 DAGs
[2026-07-18T21:56:25.157+0545] {logging_mixin.py:188} INFO - [2026-07-18T21:56:25.157+0545] {dag.py:3947} INFO - Setting next_dagrun for example_trigger_target_dag to None, run_after=None
[2026-07-18T21:56:25.181+0545] {processor.py:183} INFO - Processing /home/snigdh/repos/bigData/spark_demo_env/lib/python3.12/site-packages/airflow/example_dags/example_trigger_target_dag.py took 0.080 seconds
[2026-07-18T21:57:07.776+0545] {processor.py:161} INFO - Started process (PID=277910) to work on /home/snigdh/repos/bigData/spark_demo_env/lib/python3.12/site-packages/airflow/example_dags/example_trigger_target_dag.py
[2026-07-18T21:57:07.780+0545] {processor.py:830} INFO - Processing file /home/snigdh/repos/bigData/spark_demo_env/lib/python3.12/site-packages/airflow/example_dags/example_trigger_target_dag.py for tasks to queue
[2026-07-18T21:57:07.781+0545] {logging_mixin.py:188} INFO - [2026-07-18T21:57:07.780+0545] {dagbag.py:545} INFO - Filling up the DagBag from /home/snigdh/repos/bigData/spark_demo_env/lib/python3.12/site-packages/airflow/example_dags/example_trigger_target_dag.py
[2026-07-18T21:57:07.788+0545] {processor.py:840} INFO - DAG(s) 'example_trigger_target_dag' retrieved from /home/snigdh/repos/bigData/spark_demo_env/lib/python3.12/site-packages/airflow/example_dags/example_trigger_target_dag.py
[2026-07-18T21:57:07.808+0545] {logging_mixin.py:188} INFO - [2026-07-18T21:57:07.808+0545] {dag.py:3089} INFO - Sync 1 DAGs
[2026-07-18T21:57:07.821+0545] {logging_mixin.py:188} INFO - [2026-07-18T21:57:07.821+0545] {dag.py:3947} INFO - Setting next_dagrun for example_trigger_target_dag to None, run_after=None
[2026-07-18T21:57:07.849+0545] {processor.py:183} INFO - Processing /home/snigdh/repos/bigData/spark_demo_env/lib/python3.12/site-packages/airflow/example_dags/example_trigger_target_dag.py took 0.080 seconds
[2026-07-18T21:57:54.200+0545] {processor.py:161} INFO - Started process (PID=278328) to work on /home/snigdh/repos/bigData/spark_demo_env/lib/python3.12/site-packages/airflow/example_dags/example_trigger_target_dag.py
[2026-07-18T21:57:54.204+0545] {processor.py:830} INFO - Processing file /home/snigdh/repos/bigData/spark_demo_env/lib/python3.12/site-packages/airflow/example_dags/example_trigger_target_dag.py for tasks to queue
[2026-07-18T21:57:54.206+0545] {logging_mixin.py:188} INFO - [2026-07-18T21:57:54.205+0545] {dagbag.py:545} INFO - Filling up the DagBag from /home/snigdh/repos/bigData/spark_demo_env/lib/python3.12/site-packages/airflow/example_dags/example_trigger_target_dag.py
[2026-07-18T21:57:54.215+0545] {processor.py:840} INFO - DAG(s) 'example_trigger_target_dag' retrieved from /home/snigdh/repos/bigData/spark_demo_env/lib/python3.12/site-packages/airflow/example_dags/example_trigger_target_dag.py
[2026-07-18T21:57:54.241+0545] {logging_mixin.py:188} INFO - [2026-07-18T21:57:54.241+0545] {dag.py:3089} INFO - Sync 1 DAGs
[2026-07-18T21:57:54.258+0545] {logging_mixin.py:188} INFO - [2026-07-18T21:57:54.257+0545] {dag.py:3947} INFO - Setting next_dagrun for example_trigger_target_dag to None, run_after=None
[2026-07-18T21:57:54.287+0545] {processor.py:183} INFO - Processing /home/snigdh/repos/bigData/spark_demo_env/lib/python3.12/site-packages/airflow/example_dags/example_trigger_target_dag.py took 0.098 seconds
[2026-07-18T21:58:38.790+0545] {processor.py:161} INFO - Started process (PID=278785) to work on /home/snigdh/repos/bigData/spark_demo_env/lib/python3.12/site-packages/airflow/example_dags/example_trigger_target_dag.py
[2026-07-18T21:58:38.794+0545] {processor.py:830} INFO - Processing file /home/snigdh/repos/bigData/spark_demo_env/lib/python3.12/site-packages/airflow/example_dags/example_trigger_target_dag.py for tasks to queue
[2026-07-18T21:58:38.795+0545] {logging_mixin.py:188} INFO - [2026-07-18T21:58:38.795+0545] {dagbag.py:545} INFO - Filling up the DagBag from /home/snigdh/repos/bigData/spark_demo_env/lib/python3.12/site-packages/airflow/example_dags/example_trigger_target_dag.py
[2026-07-18T21:58:38.804+0545] {processor.py:840} INFO - DAG(s) 'example_trigger_target_dag' retrieved from /home/snigdh/repos/bigData/spark_demo_env/lib/python3.12/site-packages/airflow/example_dags/example_trigger_target_dag.py
[2026-07-18T21:58:38.824+0545] {logging_mixin.py:188} INFO - [2026-07-18T21:58:38.824+0545] {dag.py:3089} INFO - Sync 1 DAGs
[2026-07-18T21:58:38.838+0545] {logging_mixin.py:188} INFO - [2026-07-18T21:58:38.838+0545] {dag.py:3947} INFO - Setting next_dagrun for example_trigger_target_dag to None, run_after=None
[2026-07-18T21:58:38.859+0545] {processor.py:183} INFO - Processing /home/snigdh/repos/bigData/spark_demo_env/lib/python3.12/site-packages/airflow/example_dags/example_trigger_target_dag.py took 0.077 seconds
[2026-07-18T21:59:24.946+0545] {processor.py:161} INFO - Started process (PID=279190) to work on /home/snigdh/repos/bigData/spark_demo_env/lib/python3.12/site-packages/airflow/example_dags/example_trigger_target_dag.py
[2026-07-18T21:59:24.949+0545] {processor.py:830} INFO - Processing file /home/snigdh/repos/bigData/spark_demo_env/lib/python3.12/site-packages/airflow/example_dags/example_trigger_target_dag.py for tasks to queue
[2026-07-18T21:59:24.951+0545] {logging_mixin.py:188} INFO - [2026-07-18T21:59:24.950+0545] {dagbag.py:545} INFO - Filling up the DagBag from /home/snigdh/repos/bigData/spark_demo_env/lib/python3.12/site-packages/airflow/example_dags/example_trigger_target_dag.py
[2026-07-18T21:59:24.958+0545] {processor.py:840} INFO - DAG(s) 'example_trigger_target_dag' retrieved from /home/snigdh/repos/bigData/spark_demo_env/lib/python3.12/site-packages/airflow/example_dags/example_trigger_target_dag.py
[2026-07-18T21:59:24.981+0545] {logging_mixin.py:188} INFO - [2026-07-18T21:59:24.981+0545] {dag.py:3089} INFO - Sync 1 DAGs
[2026-07-18T21:59:24.996+0545] {logging_mixin.py:188} INFO - [2026-07-18T21:59:24.995+0545] {dag.py:3947} INFO - Setting next_dagrun for example_trigger_target_dag to None, run_after=None
[2026-07-18T21:59:25.025+0545] {processor.py:183} INFO - Processing /home/snigdh/repos/bigData/spark_demo_env/lib/python3.12/site-packages/airflow/example_dags/example_trigger_target_dag.py took 0.087 seconds
[2026-07-18T22:00:12.205+0545] {processor.py:161} INFO - Started process (PID=279652) to work on /home/snigdh/repos/bigData/spark_demo_env/lib/python3.12/site-packages/airflow/example_dags/example_trigger_target_dag.py
[2026-07-18T22:00:12.208+0545] {processor.py:830} INFO - Processing file /home/snigdh/repos/bigData/spark_demo_env/lib/python3.12/site-packages/airflow/example_dags/example_trigger_target_dag.py for tasks to queue
[2026-07-18T22:00:12.210+0545] {logging_mixin.py:188} INFO - [2026-07-18T22:00:12.209+0545] {dagbag.py:545} INFO - Filling up the DagBag from /home/snigdh/repos/bigData/spark_demo_env/lib/python3.12/site-packages/airflow/example_dags/example_trigger_target_dag.py
[2026-07-18T22:00:12.217+0545] {processor.py:840} INFO - DAG(s) 'example_trigger_target_dag' retrieved from /home/snigdh/repos/bigData/spark_demo_env/lib/python3.12/site-packages/airflow/example_dags/example_trigger_target_dag.py
[2026-07-18T22:00:12.238+0545] {logging_mixin.py:188} INFO - [2026-07-18T22:00:12.238+0545] {dag.py:3089} INFO - Sync 1 DAGs
[2026-07-18T22:00:12.250+0545] {logging_mixin.py:188} INFO - [2026-07-18T22:00:12.250+0545] {dag.py:3947} INFO - Setting next_dagrun for example_trigger_target_dag to None, run_after=None
[2026-07-18T22:00:12.273+0545] {processor.py:183} INFO - Processing /home/snigdh/repos/bigData/spark_demo_env/lib/python3.12/site-packages/airflow/example_dags/example_trigger_target_dag.py took 0.076 seconds
[2026-07-18T22:00:59.048+0545] {processor.py:161} INFO - Started process (PID=280048) to work on /home/snigdh/repos/bigData/spark_demo_env/lib/python3.12/site-packages/airflow/example_dags/example_trigger_target_dag.py
[2026-07-18T22:00:59.051+0545] {processor.py:830} INFO - Processing file /home/snigdh/repos/bigData/spark_demo_env/lib/python3.12/site-packages/airflow/example_dags/example_trigger_target_dag.py for tasks to queue
[2026-07-18T22:00:59.053+0545] {logging_mixin.py:188} INFO - [2026-07-18T22:00:59.052+0545] {dagbag.py:545} INFO - Filling up the DagBag from /home/snigdh/repos/bigData/spark_demo_env/lib/python3.12/site-packages/airflow/example_dags/example_trigger_target_dag.py
[2026-07-18T22:00:59.062+0545] {processor.py:840} INFO - DAG(s) 'example_trigger_target_dag' retrieved from /home/snigdh/repos/bigData/spark_demo_env/lib/python3.12/site-packages/airflow/example_dags/example_trigger_target_dag.py
[2026-07-18T22:00:59.089+0545] {logging_mixin.py:188} INFO - [2026-07-18T22:00:59.089+0545] {dag.py:3089} INFO - Sync 1 DAGs
[2026-07-18T22:00:59.105+0545] {logging_mixin.py:188} INFO - [2026-07-18T22:00:59.105+0545] {dag.py:3947} INFO - Setting next_dagrun for example_trigger_target_dag to None, run_after=None
[2026-07-18T22:00:59.131+0545] {processor.py:183} INFO - Processing /home/snigdh/repos/bigData/spark_demo_env/lib/python3.12/site-packages/airflow/example_dags/example_trigger_target_dag.py took 0.095 seconds
[2026-07-18T22:01:43.893+0545] {processor.py:161} INFO - Started process (PID=280502) to work on /home/snigdh/repos/bigData/spark_demo_env/lib/python3.12/site-packages/airflow/example_dags/example_trigger_target_dag.py
[2026-07-18T22:01:43.894+0545] {processor.py:830} INFO - Processing file /home/snigdh/repos/bigData/spark_demo_env/lib/python3.12/site-packages/airflow/example_dags/example_trigger_target_dag.py for tasks to queue
[2026-07-18T22:01:43.895+0545] {logging_mixin.py:188} INFO - [2026-07-18T22:01:43.895+0545] {dagbag.py:545} INFO - Filling up the DagBag from /home/snigdh/repos/bigData/spark_demo_env/lib/python3.12/site-packages/airflow/example_dags/example_trigger_target_dag.py
[2026-07-18T22:01:43.902+0545] {processor.py:840} INFO - DAG(s) 'example_trigger_target_dag' retrieved from /home/snigdh/repos/bigData/spark_demo_env/lib/python3.12/site-packages/airflow/example_dags/example_trigger_target_dag.py
[2026-07-18T22:01:43.922+0545] {logging_mixin.py:188} INFO - [2026-07-18T22:01:43.922+0545] {dag.py:3089} INFO - Sync 1 DAGs
[2026-07-18T22:01:43.936+0545] {logging_mixin.py:188} INFO - [2026-07-18T22:01:43.935+0545] {dag.py:3947} INFO - Setting next_dagrun for example_trigger_target_dag to None, run_after=None
[2026-07-18T22:01:43.962+0545] {processor.py:183} INFO - Processing /home/snigdh/repos/bigData/spark_demo_env/lib/python3.12/site-packages/airflow/example_dags/example_trigger_target_dag.py took 0.077 seconds
[2026-07-18T22:02:27.649+0545] {processor.py:161} INFO - Started process (PID=280896) to work on /home/snigdh/repos/bigData/spark_demo_env/lib/python3.12/site-packages/airflow/example_dags/example_trigger_target_dag.py
[2026-07-18T22:02:27.654+0545] {processor.py:830} INFO - Processing file /home/snigdh/repos/bigData/spark_demo_env/lib/python3.12/site-packages/airflow/example_dags/example_trigger_target_dag.py for tasks to queue
[2026-07-18T22:02:27.656+0545] {logging_mixin.py:188} INFO - [2026-07-18T22:02:27.655+0545] {dagbag.py:545} INFO - Filling up the DagBag from /home/snigdh/repos/bigData/spark_demo_env/lib/python3.12/site-packages/airflow/example_dags/example_trigger_target_dag.py
[2026-07-18T22:02:27.667+0545] {processor.py:840} INFO - DAG(s) 'example_trigger_target_dag' retrieved from /home/snigdh/repos/bigData/spark_demo_env/lib/python3.12/site-packages/airflow/example_dags/example_trigger_target_dag.py
[2026-07-18T22:02:27.696+0545] {logging_mixin.py:188} INFO - [2026-07-18T22:02:27.696+0545] {dag.py:3089} INFO - Sync 1 DAGs
[2026-07-18T22:02:27.717+0545] {logging_mixin.py:188} INFO - [2026-07-18T22:02:27.716+0545] {dag.py:3947} INFO - Setting next_dagrun for example_trigger_target_dag to None, run_after=None
[2026-07-18T22:02:27.756+0545] {processor.py:183} INFO - Processing /home/snigdh/repos/bigData/spark_demo_env/lib/python3.12/site-packages/airflow/example_dags/example_trigger_target_dag.py took 0.117 seconds
