[2026-07-18T21:38:12.784+0545] {processor.py:161} INFO - Started process (PID=262375) to work on /home/snigdh/repos/bigData/spark_demo_env/lib/python3.12/site-packages/airflow/example_dags/example_xcomargs.py
[2026-07-18T21:38:12.785+0545] {processor.py:830} INFO - Processing file /home/snigdh/repos/bigData/spark_demo_env/lib/python3.12/site-packages/airflow/example_dags/example_xcomargs.py for tasks to queue
[2026-07-18T21:38:12.788+0545] {logging_mixin.py:188} INFO - [2026-07-18T21:38:12.787+0545] {dagbag.py:545} INFO - Filling up the DagBag from /home/snigdh/repos/bigData/spark_demo_env/lib/python3.12/site-packages/airflow/example_dags/example_xcomargs.py
[2026-07-18T21:38:12.806+0545] {processor.py:840} INFO - DAG(s) 'example_xcom_args_with_operators', 'example_xcom_args' retrieved from /home/snigdh/repos/bigData/spark_demo_env/lib/python3.12/site-packages/airflow/example_dags/example_xcomargs.py
[2026-07-18T21:38:13.190+0545] {logging_mixin.py:188} INFO - [2026-07-18T21:38:13.189+0545] {override.py:1858} INFO - Created Permission View: can delete on DAG:example_xcom_args_with_operators
[2026-07-18T21:38:13.205+0545] {logging_mixin.py:188} INFO - [2026-07-18T21:38:13.205+0545] {override.py:1858} INFO - Created Permission View: can read on DAG:example_xcom_args_with_operators
[2026-07-18T21:38:13.218+0545] {logging_mixin.py:188} INFO - [2026-07-18T21:38:13.218+0545] {override.py:1858} INFO - Created Permission View: can edit on DAG:example_xcom_args_with_operators
[2026-07-18T21:38:13.239+0545] {logging_mixin.py:188} INFO - [2026-07-18T21:38:13.239+0545] {override.py:1858} INFO - Created Permission View: can delete on DAG:example_xcom_args
[2026-07-18T21:38:13.249+0545] {logging_mixin.py:188} INFO - [2026-07-18T21:38:13.249+0545] {override.py:1858} INFO - Created Permission View: can read on DAG:example_xcom_args
[2026-07-18T21:38:13.259+0545] {logging_mixin.py:188} INFO - [2026-07-18T21:38:13.258+0545] {override.py:1858} INFO - Created Permission View: can edit on DAG:example_xcom_args
[2026-07-18T21:38:13.260+0545] {logging_mixin.py:188} INFO - [2026-07-18T21:38:13.259+0545] {dag.py:3089} INFO - Sync 2 DAGs
[2026-07-18T21:38:13.272+0545] {logging_mixin.py:188} INFO - [2026-07-18T21:38:13.272+0545] {dag.py:3111} INFO - Creating ORM DAG for example_xcom_args
[2026-07-18T21:38:13.273+0545] {logging_mixin.py:188} INFO - [2026-07-18T21:38:13.273+0545] {dag.py:3111} INFO - Creating ORM DAG for example_xcom_args_with_operators
[2026-07-18T21:38:13.274+0545] {logging_mixin.py:188} INFO - [2026-07-18T21:38:13.274+0545] {dag.py:3947} INFO - Setting next_dagrun for example_xcom_args to None, run_after=None
[2026-07-18T21:38:13.274+0545] {logging_mixin.py:188} INFO - [2026-07-18T21:38:13.274+0545] {dag.py:3947} INFO - Setting next_dagrun for example_xcom_args_with_operators to None, run_after=None
[2026-07-18T21:38:13.293+0545] {processor.py:183} INFO - Processing /home/snigdh/repos/bigData/spark_demo_env/lib/python3.12/site-packages/airflow/example_dags/example_xcomargs.py took 0.518 seconds
[2026-07-18T21:39:14.342+0545] {processor.py:161} INFO - Started process (PID=262701) to work on /home/snigdh/repos/bigData/spark_demo_env/lib/python3.12/site-packages/airflow/example_dags/example_xcomargs.py
[2026-07-18T21:39:14.346+0545] {processor.py:830} INFO - Processing file /home/snigdh/repos/bigData/spark_demo_env/lib/python3.12/site-packages/airflow/example_dags/example_xcomargs.py for tasks to queue
[2026-07-18T21:39:14.350+0545] {logging_mixin.py:188} INFO - [2026-07-18T21:39:14.349+0545] {dagbag.py:545} INFO - Filling up the DagBag from /home/snigdh/repos/bigData/spark_demo_env/lib/python3.12/site-packages/airflow/example_dags/example_xcomargs.py
[2026-07-18T21:39:14.368+0545] {processor.py:840} INFO - DAG(s) 'example_xcom_args_with_operators', 'example_xcom_args' retrieved from /home/snigdh/repos/bigData/spark_demo_env/lib/python3.12/site-packages/airflow/example_dags/example_xcomargs.py
[2026-07-18T21:39:14.400+0545] {logging_mixin.py:188} INFO - [2026-07-18T21:39:14.400+0545] {dag.py:3089} INFO - Sync 2 DAGs
[2026-07-18T21:39:14.416+0545] {logging_mixin.py:188} INFO - [2026-07-18T21:39:14.416+0545] {dag.py:3947} INFO - Setting next_dagrun for example_xcom_args to None, run_after=None
[2026-07-18T21:39:14.421+0545] {logging_mixin.py:188} INFO - [2026-07-18T21:39:14.421+0545] {dag.py:3947} INFO - Setting next_dagrun for example_xcom_args_with_operators to None, run_after=None
[2026-07-18T21:39:14.448+0545] {processor.py:183} INFO - Processing /home/snigdh/repos/bigData/spark_demo_env/lib/python3.12/site-packages/airflow/example_dags/example_xcomargs.py took 0.116 seconds
[2026-07-18T21:40:08.984+0545] {processor.py:161} INFO - Started process (PID=262986) to work on /home/snigdh/repos/bigData/spark_demo_env/lib/python3.12/site-packages/airflow/example_dags/example_xcomargs.py
[2026-07-18T21:40:08.988+0545] {processor.py:830} INFO - Processing file /home/snigdh/repos/bigData/spark_demo_env/lib/python3.12/site-packages/airflow/example_dags/example_xcomargs.py for tasks to queue
[2026-07-18T21:40:08.991+0545] {logging_mixin.py:188} INFO - [2026-07-18T21:40:08.990+0545] {dagbag.py:545} INFO - Filling up the DagBag from /home/snigdh/repos/bigData/spark_demo_env/lib/python3.12/site-packages/airflow/example_dags/example_xcomargs.py
[2026-07-18T21:40:09.005+0545] {processor.py:840} INFO - DAG(s) 'example_xcom_args_with_operators', 'example_xcom_args' retrieved from /home/snigdh/repos/bigData/spark_demo_env/lib/python3.12/site-packages/airflow/example_dags/example_xcomargs.py
[2026-07-18T21:40:09.019+0545] {logging_mixin.py:188} INFO - [2026-07-18T21:40:09.018+0545] {dag.py:3089} INFO - Sync 2 DAGs
[2026-07-18T21:40:09.034+0545] {logging_mixin.py:188} INFO - [2026-07-18T21:40:09.034+0545] {dag.py:3947} INFO - Setting next_dagrun for example_xcom_args to None, run_after=None
[2026-07-18T21:40:09.038+0545] {logging_mixin.py:188} INFO - [2026-07-18T21:40:09.038+0545] {dag.py:3947} INFO - Setting next_dagrun for example_xcom_args_with_operators to None, run_after=None
[2026-07-18T21:40:09.064+0545] {processor.py:183} INFO - Processing /home/snigdh/repos/bigData/spark_demo_env/lib/python3.12/site-packages/airflow/example_dags/example_xcomargs.py took 0.087 seconds
[2026-07-18T21:46:28.487+0545] {processor.py:161} INFO - Started process (PID=269794) to work on /home/snigdh/repos/bigData/spark_demo_env/lib/python3.12/site-packages/airflow/example_dags/example_xcomargs.py
[2026-07-18T21:46:28.491+0545] {processor.py:830} INFO - Processing file /home/snigdh/repos/bigData/spark_demo_env/lib/python3.12/site-packages/airflow/example_dags/example_xcomargs.py for tasks to queue
[2026-07-18T21:46:28.492+0545] {logging_mixin.py:188} INFO - [2026-07-18T21:46:28.492+0545] {dagbag.py:545} INFO - Filling up the DagBag from /home/snigdh/repos/bigData/spark_demo_env/lib/python3.12/site-packages/airflow/example_dags/example_xcomargs.py
[2026-07-18T21:46:28.505+0545] {processor.py:840} INFO - DAG(s) 'example_xcom_args_with_operators', 'example_xcom_args' retrieved from /home/snigdh/repos/bigData/spark_demo_env/lib/python3.12/site-packages/airflow/example_dags/example_xcomargs.py
[2026-07-18T21:46:28.621+0545] {logging_mixin.py:188} INFO - [2026-07-18T21:46:28.621+0545] {dag.py:3089} INFO - Sync 2 DAGs
[2026-07-18T21:46:28.631+0545] {logging_mixin.py:188} INFO - [2026-07-18T21:46:28.631+0545] {dag.py:3947} INFO - Setting next_dagrun for example_xcom_args to None, run_after=None
[2026-07-18T21:46:28.635+0545] {logging_mixin.py:188} INFO - [2026-07-18T21:46:28.635+0545] {dag.py:3947} INFO - Setting next_dagrun for example_xcom_args_with_operators to None, run_after=None
[2026-07-18T21:46:28.659+0545] {processor.py:183} INFO - Processing /home/snigdh/repos/bigData/spark_demo_env/lib/python3.12/site-packages/airflow/example_dags/example_xcomargs.py took 0.180 seconds
[2026-07-18T21:47:30.381+0545] {processor.py:161} INFO - Started process (PID=270456) to work on /home/snigdh/repos/bigData/spark_demo_env/lib/python3.12/site-packages/airflow/example_dags/example_xcomargs.py
[2026-07-18T21:47:30.385+0545] {processor.py:830} INFO - Processing file /home/snigdh/repos/bigData/spark_demo_env/lib/python3.12/site-packages/airflow/example_dags/example_xcomargs.py for tasks to queue
[2026-07-18T21:47:30.386+0545] {logging_mixin.py:188} INFO - [2026-07-18T21:47:30.385+0545] {dagbag.py:545} INFO - Filling up the DagBag from /home/snigdh/repos/bigData/spark_demo_env/lib/python3.12/site-packages/airflow/example_dags/example_xcomargs.py
[2026-07-18T21:47:30.398+0545] {processor.py:840} INFO - DAG(s) 'example_xcom_args', 'example_xcom_args_with_operators' retrieved from /home/snigdh/repos/bigData/spark_demo_env/lib/python3.12/site-packages/airflow/example_dags/example_xcomargs.py
[2026-07-18T21:47:30.430+0545] {logging_mixin.py:188} INFO - [2026-07-18T21:47:30.429+0545] {dag.py:3089} INFO - Sync 2 DAGs
[2026-07-18T21:47:30.447+0545] {logging_mixin.py:188} INFO - [2026-07-18T21:47:30.446+0545] {dag.py:3947} INFO - Setting next_dagrun for example_xcom_args to None, run_after=None
[2026-07-18T21:47:30.451+0545] {logging_mixin.py:188} INFO - [2026-07-18T21:47:30.451+0545] {dag.py:3947} INFO - Setting next_dagrun for example_xcom_args_with_operators to None, run_after=None
[2026-07-18T21:47:30.479+0545] {processor.py:183} INFO - Processing /home/snigdh/repos/bigData/spark_demo_env/lib/python3.12/site-packages/airflow/example_dags/example_xcomargs.py took 0.106 seconds
[2026-07-18T21:48:20.054+0545] {processor.py:161} INFO - Started process (PID=271044) to work on /home/snigdh/repos/bigData/spark_demo_env/lib/python3.12/site-packages/airflow/example_dags/example_xcomargs.py
[2026-07-18T21:48:20.058+0545] {processor.py:830} INFO - Processing file /home/snigdh/repos/bigData/spark_demo_env/lib/python3.12/site-packages/airflow/example_dags/example_xcomargs.py for tasks to queue
[2026-07-18T21:48:20.060+0545] {logging_mixin.py:188} INFO - [2026-07-18T21:48:20.059+0545] {dagbag.py:545} INFO - Filling up the DagBag from /home/snigdh/repos/bigData/spark_demo_env/lib/python3.12/site-packages/airflow/example_dags/example_xcomargs.py
[2026-07-18T21:48:20.068+0545] {processor.py:840} INFO - DAG(s) 'example_xcom_args', 'example_xcom_args_with_operators' retrieved from /home/snigdh/repos/bigData/spark_demo_env/lib/python3.12/site-packages/airflow/example_dags/example_xcomargs.py
[2026-07-18T21:48:20.086+0545] {logging_mixin.py:188} INFO - [2026-07-18T21:48:20.086+0545] {dag.py:3089} INFO - Sync 2 DAGs
[2026-07-18T21:48:20.097+0545] {logging_mixin.py:188} INFO - [2026-07-18T21:48:20.096+0545] {dag.py:3947} INFO - Setting next_dagrun for example_xcom_args to None, run_after=None
[2026-07-18T21:48:20.099+0545] {logging_mixin.py:188} INFO - [2026-07-18T21:48:20.099+0545] {dag.py:3947} INFO - Setting next_dagrun for example_xcom_args_with_operators to None, run_after=None
[2026-07-18T21:48:20.123+0545] {processor.py:183} INFO - Processing /home/snigdh/repos/bigData/spark_demo_env/lib/python3.12/site-packages/airflow/example_dags/example_xcomargs.py took 0.077 seconds
[2026-07-18T21:49:04.559+0545] {processor.py:161} INFO - Started process (PID=271876) to work on /home/snigdh/repos/bigData/spark_demo_env/lib/python3.12/site-packages/airflow/example_dags/example_xcomargs.py
[2026-07-18T21:49:04.563+0545] {processor.py:830} INFO - Processing file /home/snigdh/repos/bigData/spark_demo_env/lib/python3.12/site-packages/airflow/example_dags/example_xcomargs.py for tasks to queue
[2026-07-18T21:49:04.565+0545] {logging_mixin.py:188} INFO - [2026-07-18T21:49:04.564+0545] {dagbag.py:545} INFO - Filling up the DagBag from /home/snigdh/repos/bigData/spark_demo_env/lib/python3.12/site-packages/airflow/example_dags/example_xcomargs.py
[2026-07-18T21:49:04.577+0545] {processor.py:840} INFO - DAG(s) 'example_xcom_args', 'example_xcom_args_with_operators' retrieved from /home/snigdh/repos/bigData/spark_demo_env/lib/python3.12/site-packages/airflow/example_dags/example_xcomargs.py
[2026-07-18T21:49:04.607+0545] {logging_mixin.py:188} INFO - [2026-07-18T21:49:04.606+0545] {dag.py:3089} INFO - Sync 2 DAGs
[2026-07-18T21:49:04.628+0545] {logging_mixin.py:188} INFO - [2026-07-18T21:49:04.627+0545] {dag.py:3947} INFO - Setting next_dagrun for example_xcom_args to None, run_after=None
[2026-07-18T21:49:04.632+0545] {logging_mixin.py:188} INFO - [2026-07-18T21:49:04.631+0545] {dag.py:3947} INFO - Setting next_dagrun for example_xcom_args_with_operators to None, run_after=None
[2026-07-18T21:49:04.657+0545] {processor.py:183} INFO - Processing /home/snigdh/repos/bigData/spark_demo_env/lib/python3.12/site-packages/airflow/example_dags/example_xcomargs.py took 0.107 seconds
[2026-07-18T21:49:57.669+0545] {processor.py:161} INFO - Started process (PID=272441) to work on /home/snigdh/repos/bigData/spark_demo_env/lib/python3.12/site-packages/airflow/example_dags/example_xcomargs.py
[2026-07-18T21:49:57.673+0545] {processor.py:830} INFO - Processing file /home/snigdh/repos/bigData/spark_demo_env/lib/python3.12/site-packages/airflow/example_dags/example_xcomargs.py for tasks to queue
[2026-07-18T21:49:57.675+0545] {logging_mixin.py:188} INFO - [2026-07-18T21:49:57.674+0545] {dagbag.py:545} INFO - Filling up the DagBag from /home/snigdh/repos/bigData/spark_demo_env/lib/python3.12/site-packages/airflow/example_dags/example_xcomargs.py
[2026-07-18T21:49:57.687+0545] {processor.py:840} INFO - DAG(s) 'example_xcom_args_with_operators', 'example_xcom_args' retrieved from /home/snigdh/repos/bigData/spark_demo_env/lib/python3.12/site-packages/airflow/example_dags/example_xcomargs.py
[2026-07-18T21:49:57.707+0545] {logging_mixin.py:188} INFO - [2026-07-18T21:49:57.707+0545] {dag.py:3089} INFO - Sync 2 DAGs
[2026-07-18T21:49:57.719+0545] {logging_mixin.py:188} INFO - [2026-07-18T21:49:57.719+0545] {dag.py:3947} INFO - Setting next_dagrun for example_xcom_args to None, run_after=None
[2026-07-18T21:49:57.722+0545] {logging_mixin.py:188} INFO - [2026-07-18T21:49:57.722+0545] {dag.py:3947} INFO - Setting next_dagrun for example_xcom_args_with_operators to None, run_after=None
[2026-07-18T21:49:57.750+0545] {processor.py:183} INFO - Processing /home/snigdh/repos/bigData/spark_demo_env/lib/python3.12/site-packages/airflow/example_dags/example_xcomargs.py took 0.090 seconds
[2026-07-18T21:50:44.302+0545] {processor.py:161} INFO - Started process (PID=273090) to work on /home/snigdh/repos/bigData/spark_demo_env/lib/python3.12/site-packages/airflow/example_dags/example_xcomargs.py
[2026-07-18T21:50:44.303+0545] {processor.py:830} INFO - Processing file /home/snigdh/repos/bigData/spark_demo_env/lib/python3.12/site-packages/airflow/example_dags/example_xcomargs.py for tasks to queue
[2026-07-18T21:50:44.305+0545] {logging_mixin.py:188} INFO - [2026-07-18T21:50:44.304+0545] {dagbag.py:545} INFO - Filling up the DagBag from /home/snigdh/repos/bigData/spark_demo_env/lib/python3.12/site-packages/airflow/example_dags/example_xcomargs.py
[2026-07-18T21:50:44.317+0545] {processor.py:840} INFO - DAG(s) 'example_xcom_args', 'example_xcom_args_with_operators' retrieved from /home/snigdh/repos/bigData/spark_demo_env/lib/python3.12/site-packages/airflow/example_dags/example_xcomargs.py
[2026-07-18T21:50:44.336+0545] {logging_mixin.py:188} INFO - [2026-07-18T21:50:44.335+0545] {dag.py:3089} INFO - Sync 2 DAGs
[2026-07-18T21:50:44.346+0545] {logging_mixin.py:188} INFO - [2026-07-18T21:50:44.346+0545] {dag.py:3947} INFO - Setting next_dagrun for example_xcom_args to None, run_after=None
[2026-07-18T21:50:44.349+0545] {logging_mixin.py:188} INFO - [2026-07-18T21:50:44.349+0545] {dag.py:3947} INFO - Setting next_dagrun for example_xcom_args_with_operators to None, run_after=None
[2026-07-18T21:50:44.369+0545] {processor.py:183} INFO - Processing /home/snigdh/repos/bigData/spark_demo_env/lib/python3.12/site-packages/airflow/example_dags/example_xcomargs.py took 0.072 seconds
[2026-07-18T21:51:29.691+0545] {processor.py:161} INFO - Started process (PID=273692) to work on /home/snigdh/repos/bigData/spark_demo_env/lib/python3.12/site-packages/airflow/example_dags/example_xcomargs.py
[2026-07-18T21:51:29.695+0545] {processor.py:830} INFO - Processing file /home/snigdh/repos/bigData/spark_demo_env/lib/python3.12/site-packages/airflow/example_dags/example_xcomargs.py for tasks to queue
[2026-07-18T21:51:29.696+0545] {logging_mixin.py:188} INFO - [2026-07-18T21:51:29.696+0545] {dagbag.py:545} INFO - Filling up the DagBag from /home/snigdh/repos/bigData/spark_demo_env/lib/python3.12/site-packages/airflow/example_dags/example_xcomargs.py
[2026-07-18T21:51:29.709+0545] {processor.py:840} INFO - DAG(s) 'example_xcom_args', 'example_xcom_args_with_operators' retrieved from /home/snigdh/repos/bigData/spark_demo_env/lib/python3.12/site-packages/airflow/example_dags/example_xcomargs.py
[2026-07-18T21:51:29.742+0545] {logging_mixin.py:188} INFO - [2026-07-18T21:51:29.741+0545] {dag.py:3089} INFO - Sync 2 DAGs
[2026-07-18T21:51:29.755+0545] {logging_mixin.py:188} INFO - [2026-07-18T21:51:29.755+0545] {dag.py:3947} INFO - Setting next_dagrun for example_xcom_args to None, run_after=None
[2026-07-18T21:51:29.759+0545] {logging_mixin.py:188} INFO - [2026-07-18T21:51:29.758+0545] {dag.py:3947} INFO - Setting next_dagrun for example_xcom_args_with_operators to None, run_after=None
[2026-07-18T21:51:29.785+0545] {processor.py:183} INFO - Processing /home/snigdh/repos/bigData/spark_demo_env/lib/python3.12/site-packages/airflow/example_dags/example_xcomargs.py took 0.104 seconds
[2026-07-18T21:52:15.371+0545] {processor.py:161} INFO - Started process (PID=274311) to work on /home/snigdh/repos/bigData/spark_demo_env/lib/python3.12/site-packages/airflow/example_dags/example_xcomargs.py
[2026-07-18T21:52:15.375+0545] {processor.py:830} INFO - Processing file /home/snigdh/repos/bigData/spark_demo_env/lib/python3.12/site-packages/airflow/example_dags/example_xcomargs.py for tasks to queue
[2026-07-18T21:52:15.376+0545] {logging_mixin.py:188} INFO - [2026-07-18T21:52:15.376+0545] {dagbag.py:545} INFO - Filling up the DagBag from /home/snigdh/repos/bigData/spark_demo_env/lib/python3.12/site-packages/airflow/example_dags/example_xcomargs.py
[2026-07-18T21:52:15.388+0545] {processor.py:840} INFO - DAG(s) 'example_xcom_args', 'example_xcom_args_with_operators' retrieved from /home/snigdh/repos/bigData/spark_demo_env/lib/python3.12/site-packages/airflow/example_dags/example_xcomargs.py
[2026-07-18T21:52:15.412+0545] {logging_mixin.py:188} INFO - [2026-07-18T21:52:15.412+0545] {dag.py:3089} INFO - Sync 2 DAGs
[2026-07-18T21:52:15.426+0545] {logging_mixin.py:188} INFO - [2026-07-18T21:52:15.426+0545] {dag.py:3947} INFO - Setting next_dagrun for example_xcom_args to None, run_after=None
[2026-07-18T21:52:15.431+0545] {logging_mixin.py:188} INFO - [2026-07-18T21:52:15.431+0545] {dag.py:3947} INFO - Setting next_dagrun for example_xcom_args_with_operators to None, run_after=None
[2026-07-18T21:52:15.455+0545] {processor.py:183} INFO - Processing /home/snigdh/repos/bigData/spark_demo_env/lib/python3.12/site-packages/airflow/example_dags/example_xcomargs.py took 0.091 seconds
[2026-07-18T21:53:01.986+0545] {processor.py:161} INFO - Started process (PID=274940) to work on /home/snigdh/repos/bigData/spark_demo_env/lib/python3.12/site-packages/airflow/example_dags/example_xcomargs.py
[2026-07-18T21:53:01.989+0545] {processor.py:830} INFO - Processing file /home/snigdh/repos/bigData/spark_demo_env/lib/python3.12/site-packages/airflow/example_dags/example_xcomargs.py for tasks to queue
[2026-07-18T21:53:01.991+0545] {logging_mixin.py:188} INFO - [2026-07-18T21:53:01.990+0545] {dagbag.py:545} INFO - Filling up the DagBag from /home/snigdh/repos/bigData/spark_demo_env/lib/python3.12/site-packages/airflow/example_dags/example_xcomargs.py
[2026-07-18T21:53:02.003+0545] {processor.py:840} INFO - DAG(s) 'example_xcom_args_with_operators', 'example_xcom_args' retrieved from /home/snigdh/repos/bigData/spark_demo_env/lib/python3.12/site-packages/airflow/example_dags/example_xcomargs.py
[2026-07-18T21:53:02.023+0545] {logging_mixin.py:188} INFO - [2026-07-18T21:53:02.022+0545] {dag.py:3089} INFO - Sync 2 DAGs
[2026-07-18T21:53:02.035+0545] {logging_mixin.py:188} INFO - [2026-07-18T21:53:02.034+0545] {dag.py:3947} INFO - Setting next_dagrun for example_xcom_args to None, run_after=None
[2026-07-18T21:53:02.038+0545] {logging_mixin.py:188} INFO - [2026-07-18T21:53:02.037+0545] {dag.py:3947} INFO - Setting next_dagrun for example_xcom_args_with_operators to None, run_after=None
[2026-07-18T21:53:02.060+0545] {processor.py:183} INFO - Processing /home/snigdh/repos/bigData/spark_demo_env/lib/python3.12/site-packages/airflow/example_dags/example_xcomargs.py took 0.080 seconds
[2026-07-18T21:53:49.681+0545] {processor.py:161} INFO - Started process (PID=275496) to work on /home/snigdh/repos/bigData/spark_demo_env/lib/python3.12/site-packages/airflow/example_dags/example_xcomargs.py
[2026-07-18T21:53:49.685+0545] {processor.py:830} INFO - Processing file /home/snigdh/repos/bigData/spark_demo_env/lib/python3.12/site-packages/airflow/example_dags/example_xcomargs.py for tasks to queue
[2026-07-18T21:53:49.686+0545] {logging_mixin.py:188} INFO - [2026-07-18T21:53:49.685+0545] {dagbag.py:545} INFO - Filling up the DagBag from /home/snigdh/repos/bigData/spark_demo_env/lib/python3.12/site-packages/airflow/example_dags/example_xcomargs.py
[2026-07-18T21:53:49.697+0545] {processor.py:840} INFO - DAG(s) 'example_xcom_args_with_operators', 'example_xcom_args' retrieved from /home/snigdh/repos/bigData/spark_demo_env/lib/python3.12/site-packages/airflow/example_dags/example_xcomargs.py
[2026-07-18T21:53:49.719+0545] {logging_mixin.py:188} INFO - [2026-07-18T21:53:49.719+0545] {dag.py:3089} INFO - Sync 2 DAGs
[2026-07-18T21:53:49.732+0545] {logging_mixin.py:188} INFO - [2026-07-18T21:53:49.731+0545] {dag.py:3947} INFO - Setting next_dagrun for example_xcom_args to None, run_after=None
[2026-07-18T21:53:49.734+0545] {logging_mixin.py:188} INFO - [2026-07-18T21:53:49.734+0545] {dag.py:3947} INFO - Setting next_dagrun for example_xcom_args_with_operators to None, run_after=None
[2026-07-18T21:53:49.752+0545] {processor.py:183} INFO - Processing /home/snigdh/repos/bigData/spark_demo_env/lib/python3.12/site-packages/airflow/example_dags/example_xcomargs.py took 0.078 seconds
[2026-07-18T21:54:39.340+0545] {processor.py:161} INFO - Started process (PID=276418) to work on /home/snigdh/repos/bigData/spark_demo_env/lib/python3.12/site-packages/airflow/example_dags/example_xcomargs.py
[2026-07-18T21:54:39.342+0545] {processor.py:830} INFO - Processing file /home/snigdh/repos/bigData/spark_demo_env/lib/python3.12/site-packages/airflow/example_dags/example_xcomargs.py for tasks to queue
[2026-07-18T21:54:39.343+0545] {logging_mixin.py:188} INFO - [2026-07-18T21:54:39.343+0545] {dagbag.py:545} INFO - Filling up the DagBag from /home/snigdh/repos/bigData/spark_demo_env/lib/python3.12/site-packages/airflow/example_dags/example_xcomargs.py
[2026-07-18T21:54:39.359+0545] {processor.py:840} INFO - DAG(s) 'example_xcom_args', 'example_xcom_args_with_operators' retrieved from /home/snigdh/repos/bigData/spark_demo_env/lib/python3.12/site-packages/airflow/example_dags/example_xcomargs.py
[2026-07-18T21:54:39.388+0545] {logging_mixin.py:188} INFO - [2026-07-18T21:54:39.388+0545] {dag.py:3089} INFO - Sync 2 DAGs
[2026-07-18T21:54:39.400+0545] {logging_mixin.py:188} INFO - [2026-07-18T21:54:39.399+0545] {dag.py:3947} INFO - Setting next_dagrun for example_xcom_args to None, run_after=None
[2026-07-18T21:54:39.403+0545] {logging_mixin.py:188} INFO - [2026-07-18T21:54:39.403+0545] {dag.py:3947} INFO - Setting next_dagrun for example_xcom_args_with_operators to None, run_after=None
[2026-07-18T21:54:39.435+0545] {processor.py:183} INFO - Processing /home/snigdh/repos/bigData/spark_demo_env/lib/python3.12/site-packages/airflow/example_dags/example_xcomargs.py took 0.105 seconds
[2026-07-18T21:55:24.752+0545] {processor.py:161} INFO - Started process (PID=276897) to work on /home/snigdh/repos/bigData/spark_demo_env/lib/python3.12/site-packages/airflow/example_dags/example_xcomargs.py
[2026-07-18T21:55:24.756+0545] {processor.py:830} INFO - Processing file /home/snigdh/repos/bigData/spark_demo_env/lib/python3.12/site-packages/airflow/example_dags/example_xcomargs.py for tasks to queue
[2026-07-18T21:55:24.757+0545] {logging_mixin.py:188} INFO - [2026-07-18T21:55:24.756+0545] {dagbag.py:545} INFO - Filling up the DagBag from /home/snigdh/repos/bigData/spark_demo_env/lib/python3.12/site-packages/airflow/example_dags/example_xcomargs.py
[2026-07-18T21:55:24.769+0545] {processor.py:840} INFO - DAG(s) 'example_xcom_args_with_operators', 'example_xcom_args' retrieved from /home/snigdh/repos/bigData/spark_demo_env/lib/python3.12/site-packages/airflow/example_dags/example_xcomargs.py
[2026-07-18T21:55:24.793+0545] {logging_mixin.py:188} INFO - [2026-07-18T21:55:24.793+0545] {dag.py:3089} INFO - Sync 2 DAGs
[2026-07-18T21:55:24.804+0545] {logging_mixin.py:188} INFO - [2026-07-18T21:55:24.804+0545] {dag.py:3947} INFO - Setting next_dagrun for example_xcom_args to None, run_after=None
[2026-07-18T21:55:24.807+0545] {logging_mixin.py:188} INFO - [2026-07-18T21:55:24.807+0545] {dag.py:3947} INFO - Setting next_dagrun for example_xcom_args_with_operators to None, run_after=None
[2026-07-18T21:55:24.828+0545] {processor.py:183} INFO - Processing /home/snigdh/repos/bigData/spark_demo_env/lib/python3.12/site-packages/airflow/example_dags/example_xcomargs.py took 0.085 seconds
[2026-07-18T21:56:09.347+0545] {processor.py:161} INFO - Started process (PID=277354) to work on /home/snigdh/repos/bigData/spark_demo_env/lib/python3.12/site-packages/airflow/example_dags/example_xcomargs.py
[2026-07-18T21:56:09.351+0545] {processor.py:830} INFO - Processing file /home/snigdh/repos/bigData/spark_demo_env/lib/python3.12/site-packages/airflow/example_dags/example_xcomargs.py for tasks to queue
[2026-07-18T21:56:09.352+0545] {logging_mixin.py:188} INFO - [2026-07-18T21:56:09.351+0545] {dagbag.py:545} INFO - Filling up the DagBag from /home/snigdh/repos/bigData/spark_demo_env/lib/python3.12/site-packages/airflow/example_dags/example_xcomargs.py
[2026-07-18T21:56:09.363+0545] {processor.py:840} INFO - DAG(s) 'example_xcom_args', 'example_xcom_args_with_operators' retrieved from /home/snigdh/repos/bigData/spark_demo_env/lib/python3.12/site-packages/airflow/example_dags/example_xcomargs.py
[2026-07-18T21:56:09.386+0545] {logging_mixin.py:188} INFO - [2026-07-18T21:56:09.386+0545] {dag.py:3089} INFO - Sync 2 DAGs
[2026-07-18T21:56:09.397+0545] {logging_mixin.py:188} INFO - [2026-07-18T21:56:09.397+0545] {dag.py:3947} INFO - Setting next_dagrun for example_xcom_args to None, run_after=None
[2026-07-18T21:56:09.400+0545] {logging_mixin.py:188} INFO - [2026-07-18T21:56:09.400+0545] {dag.py:3947} INFO - Setting next_dagrun for example_xcom_args_with_operators to None, run_after=None
[2026-07-18T21:56:09.421+0545] {processor.py:183} INFO - Processing /home/snigdh/repos/bigData/spark_demo_env/lib/python3.12/site-packages/airflow/example_dags/example_xcomargs.py took 0.081 seconds
[2026-07-18T21:56:52.477+0545] {processor.py:161} INFO - Started process (PID=277747) to work on /home/snigdh/repos/bigData/spark_demo_env/lib/python3.12/site-packages/airflow/example_dags/example_xcomargs.py
[2026-07-18T21:56:52.481+0545] {processor.py:830} INFO - Processing file /home/snigdh/repos/bigData/spark_demo_env/lib/python3.12/site-packages/airflow/example_dags/example_xcomargs.py for tasks to queue
[2026-07-18T21:56:52.482+0545] {logging_mixin.py:188} INFO - [2026-07-18T21:56:52.481+0545] {dagbag.py:545} INFO - Filling up the DagBag from /home/snigdh/repos/bigData/spark_demo_env/lib/python3.12/site-packages/airflow/example_dags/example_xcomargs.py
[2026-07-18T21:56:52.494+0545] {processor.py:840} INFO - DAG(s) 'example_xcom_args', 'example_xcom_args_with_operators' retrieved from /home/snigdh/repos/bigData/spark_demo_env/lib/python3.12/site-packages/airflow/example_dags/example_xcomargs.py
[2026-07-18T21:56:52.518+0545] {logging_mixin.py:188} INFO - [2026-07-18T21:56:52.518+0545] {dag.py:3089} INFO - Sync 2 DAGs
[2026-07-18T21:56:52.531+0545] {logging_mixin.py:188} INFO - [2026-07-18T21:56:52.531+0545] {dag.py:3947} INFO - Setting next_dagrun for example_xcom_args to None, run_after=None
[2026-07-18T21:56:52.535+0545] {logging_mixin.py:188} INFO - [2026-07-18T21:56:52.535+0545] {dag.py:3947} INFO - Setting next_dagrun for example_xcom_args_with_operators to None, run_after=None
[2026-07-18T21:56:52.560+0545] {processor.py:183} INFO - Processing /home/snigdh/repos/bigData/spark_demo_env/lib/python3.12/site-packages/airflow/example_dags/example_xcomargs.py took 0.091 seconds
[2026-07-18T21:57:37.495+0545] {processor.py:161} INFO - Started process (PID=278210) to work on /home/snigdh/repos/bigData/spark_demo_env/lib/python3.12/site-packages/airflow/example_dags/example_xcomargs.py
[2026-07-18T21:57:37.499+0545] {processor.py:830} INFO - Processing file /home/snigdh/repos/bigData/spark_demo_env/lib/python3.12/site-packages/airflow/example_dags/example_xcomargs.py for tasks to queue
[2026-07-18T21:57:37.500+0545] {logging_mixin.py:188} INFO - [2026-07-18T21:57:37.499+0545] {dagbag.py:545} INFO - Filling up the DagBag from /home/snigdh/repos/bigData/spark_demo_env/lib/python3.12/site-packages/airflow/example_dags/example_xcomargs.py
[2026-07-18T21:57:37.512+0545] {processor.py:840} INFO - DAG(s) 'example_xcom_args', 'example_xcom_args_with_operators' retrieved from /home/snigdh/repos/bigData/spark_demo_env/lib/python3.12/site-packages/airflow/example_dags/example_xcomargs.py
[2026-07-18T21:57:37.536+0545] {logging_mixin.py:188} INFO - [2026-07-18T21:57:37.535+0545] {dag.py:3089} INFO - Sync 2 DAGs
[2026-07-18T21:57:37.546+0545] {logging_mixin.py:188} INFO - [2026-07-18T21:57:37.546+0545] {dag.py:3947} INFO - Setting next_dagrun for example_xcom_args to None, run_after=None
[2026-07-18T21:57:37.549+0545] {logging_mixin.py:188} INFO - [2026-07-18T21:57:37.549+0545] {dag.py:3947} INFO - Setting next_dagrun for example_xcom_args_with_operators to None, run_after=None
[2026-07-18T21:57:37.569+0545] {processor.py:183} INFO - Processing /home/snigdh/repos/bigData/spark_demo_env/lib/python3.12/site-packages/airflow/example_dags/example_xcomargs.py took 0.081 seconds
[2026-07-18T21:58:23.647+0545] {processor.py:161} INFO - Started process (PID=278607) to work on /home/snigdh/repos/bigData/spark_demo_env/lib/python3.12/site-packages/airflow/example_dags/example_xcomargs.py
[2026-07-18T21:58:23.651+0545] {processor.py:830} INFO - Processing file /home/snigdh/repos/bigData/spark_demo_env/lib/python3.12/site-packages/airflow/example_dags/example_xcomargs.py for tasks to queue
[2026-07-18T21:58:23.652+0545] {logging_mixin.py:188} INFO - [2026-07-18T21:58:23.652+0545] {dagbag.py:545} INFO - Filling up the DagBag from /home/snigdh/repos/bigData/spark_demo_env/lib/python3.12/site-packages/airflow/example_dags/example_xcomargs.py
[2026-07-18T21:58:23.663+0545] {processor.py:840} INFO - DAG(s) 'example_xcom_args', 'example_xcom_args_with_operators' retrieved from /home/snigdh/repos/bigData/spark_demo_env/lib/python3.12/site-packages/airflow/example_dags/example_xcomargs.py
[2026-07-18T21:58:23.689+0545] {logging_mixin.py:188} INFO - [2026-07-18T21:58:23.689+0545] {dag.py:3089} INFO - Sync 2 DAGs
[2026-07-18T21:58:23.703+0545] {logging_mixin.py:188} INFO - [2026-07-18T21:58:23.702+0545] {dag.py:3947} INFO - Setting next_dagrun for example_xcom_args to None, run_after=None
[2026-07-18T21:58:23.706+0545] {logging_mixin.py:188} INFO - [2026-07-18T21:58:23.705+0545] {dag.py:3947} INFO - Setting next_dagrun for example_xcom_args_with_operators to None, run_after=None
[2026-07-18T21:58:23.731+0545] {processor.py:183} INFO - Processing /home/snigdh/repos/bigData/spark_demo_env/lib/python3.12/site-packages/airflow/example_dags/example_xcomargs.py took 0.091 seconds
[2026-07-18T21:59:09.619+0545] {processor.py:161} INFO - Started process (PID=279078) to work on /home/snigdh/repos/bigData/spark_demo_env/lib/python3.12/site-packages/airflow/example_dags/example_xcomargs.py
[2026-07-18T21:59:09.623+0545] {processor.py:830} INFO - Processing file /home/snigdh/repos/bigData/spark_demo_env/lib/python3.12/site-packages/airflow/example_dags/example_xcomargs.py for tasks to queue
[2026-07-18T21:59:09.624+0545] {logging_mixin.py:188} INFO - [2026-07-18T21:59:09.624+0545] {dagbag.py:545} INFO - Filling up the DagBag from /home/snigdh/repos/bigData/spark_demo_env/lib/python3.12/site-packages/airflow/example_dags/example_xcomargs.py
[2026-07-18T21:59:09.638+0545] {processor.py:840} INFO - DAG(s) 'example_xcom_args_with_operators', 'example_xcom_args' retrieved from /home/snigdh/repos/bigData/spark_demo_env/lib/python3.12/site-packages/airflow/example_dags/example_xcomargs.py
[2026-07-18T21:59:09.667+0545] {logging_mixin.py:188} INFO - [2026-07-18T21:59:09.667+0545] {dag.py:3089} INFO - Sync 2 DAGs
[2026-07-18T21:59:09.679+0545] {logging_mixin.py:188} INFO - [2026-07-18T21:59:09.678+0545] {dag.py:3947} INFO - Setting next_dagrun for example_xcom_args to None, run_after=None
[2026-07-18T21:59:09.682+0545] {logging_mixin.py:188} INFO - [2026-07-18T21:59:09.682+0545] {dag.py:3947} INFO - Setting next_dagrun for example_xcom_args_with_operators to None, run_after=None
[2026-07-18T21:59:09.710+0545] {processor.py:183} INFO - Processing /home/snigdh/repos/bigData/spark_demo_env/lib/python3.12/site-packages/airflow/example_dags/example_xcomargs.py took 0.102 seconds
[2026-07-18T21:59:57.166+0545] {processor.py:161} INFO - Started process (PID=279476) to work on /home/snigdh/repos/bigData/spark_demo_env/lib/python3.12/site-packages/airflow/example_dags/example_xcomargs.py
[2026-07-18T21:59:57.170+0545] {processor.py:830} INFO - Processing file /home/snigdh/repos/bigData/spark_demo_env/lib/python3.12/site-packages/airflow/example_dags/example_xcomargs.py for tasks to queue
[2026-07-18T21:59:57.171+0545] {logging_mixin.py:188} INFO - [2026-07-18T21:59:57.170+0545] {dagbag.py:545} INFO - Filling up the DagBag from /home/snigdh/repos/bigData/spark_demo_env/lib/python3.12/site-packages/airflow/example_dags/example_xcomargs.py
[2026-07-18T21:59:57.183+0545] {processor.py:840} INFO - DAG(s) 'example_xcom_args', 'example_xcom_args_with_operators' retrieved from /home/snigdh/repos/bigData/spark_demo_env/lib/python3.12/site-packages/airflow/example_dags/example_xcomargs.py
[2026-07-18T21:59:57.208+0545] {logging_mixin.py:188} INFO - [2026-07-18T21:59:57.207+0545] {dag.py:3089} INFO - Sync 2 DAGs
[2026-07-18T21:59:57.219+0545] {logging_mixin.py:188} INFO - [2026-07-18T21:59:57.219+0545] {dag.py:3947} INFO - Setting next_dagrun for example_xcom_args to None, run_after=None
[2026-07-18T21:59:57.222+0545] {logging_mixin.py:188} INFO - [2026-07-18T21:59:57.222+0545] {dag.py:3947} INFO - Setting next_dagrun for example_xcom_args_with_operators to None, run_after=None
[2026-07-18T21:59:57.244+0545] {processor.py:183} INFO - Processing /home/snigdh/repos/bigData/spark_demo_env/lib/python3.12/site-packages/airflow/example_dags/example_xcomargs.py took 0.085 seconds
[2026-07-18T22:00:43.923+0545] {processor.py:161} INFO - Started process (PID=279947) to work on /home/snigdh/repos/bigData/spark_demo_env/lib/python3.12/site-packages/airflow/example_dags/example_xcomargs.py
[2026-07-18T22:00:43.925+0545] {processor.py:830} INFO - Processing file /home/snigdh/repos/bigData/spark_demo_env/lib/python3.12/site-packages/airflow/example_dags/example_xcomargs.py for tasks to queue
[2026-07-18T22:00:43.926+0545] {logging_mixin.py:188} INFO - [2026-07-18T22:00:43.925+0545] {dagbag.py:545} INFO - Filling up the DagBag from /home/snigdh/repos/bigData/spark_demo_env/lib/python3.12/site-packages/airflow/example_dags/example_xcomargs.py
[2026-07-18T22:00:43.937+0545] {processor.py:840} INFO - DAG(s) 'example_xcom_args', 'example_xcom_args_with_operators' retrieved from /home/snigdh/repos/bigData/spark_demo_env/lib/python3.12/site-packages/airflow/example_dags/example_xcomargs.py
[2026-07-18T22:00:43.964+0545] {logging_mixin.py:188} INFO - [2026-07-18T22:00:43.964+0545] {dag.py:3089} INFO - Sync 2 DAGs
[2026-07-18T22:00:43.975+0545] {logging_mixin.py:188} INFO - [2026-07-18T22:00:43.975+0545] {dag.py:3947} INFO - Setting next_dagrun for example_xcom_args to None, run_after=None
[2026-07-18T22:00:43.978+0545] {logging_mixin.py:188} INFO - [2026-07-18T22:00:43.978+0545] {dag.py:3947} INFO - Setting next_dagrun for example_xcom_args_with_operators to None, run_after=None
[2026-07-18T22:00:44.001+0545] {processor.py:183} INFO - Processing /home/snigdh/repos/bigData/spark_demo_env/lib/python3.12/site-packages/airflow/example_dags/example_xcomargs.py took 0.087 seconds
[2026-07-18T22:01:30.694+0545] {processor.py:161} INFO - Started process (PID=280357) to work on /home/snigdh/repos/bigData/spark_demo_env/lib/python3.12/site-packages/airflow/example_dags/example_xcomargs.py
[2026-07-18T22:01:30.697+0545] {processor.py:830} INFO - Processing file /home/snigdh/repos/bigData/spark_demo_env/lib/python3.12/site-packages/airflow/example_dags/example_xcomargs.py for tasks to queue
[2026-07-18T22:01:30.698+0545] {logging_mixin.py:188} INFO - [2026-07-18T22:01:30.697+0545] {dagbag.py:545} INFO - Filling up the DagBag from /home/snigdh/repos/bigData/spark_demo_env/lib/python3.12/site-packages/airflow/example_dags/example_xcomargs.py
[2026-07-18T22:01:30.710+0545] {processor.py:840} INFO - DAG(s) 'example_xcom_args', 'example_xcom_args_with_operators' retrieved from /home/snigdh/repos/bigData/spark_demo_env/lib/python3.12/site-packages/airflow/example_dags/example_xcomargs.py
[2026-07-18T22:01:30.737+0545] {logging_mixin.py:188} INFO - [2026-07-18T22:01:30.736+0545] {dag.py:3089} INFO - Sync 2 DAGs
[2026-07-18T22:01:30.749+0545] {logging_mixin.py:188} INFO - [2026-07-18T22:01:30.748+0545] {dag.py:3947} INFO - Setting next_dagrun for example_xcom_args to None, run_after=None
[2026-07-18T22:01:30.751+0545] {logging_mixin.py:188} INFO - [2026-07-18T22:01:30.751+0545] {dag.py:3947} INFO - Setting next_dagrun for example_xcom_args_with_operators to None, run_after=None
[2026-07-18T22:01:30.771+0545] {processor.py:183} INFO - Processing /home/snigdh/repos/bigData/spark_demo_env/lib/python3.12/site-packages/airflow/example_dags/example_xcomargs.py took 0.085 seconds
[2026-07-18T22:02:13.225+0545] {processor.py:161} INFO - Started process (PID=280775) to work on /home/snigdh/repos/bigData/spark_demo_env/lib/python3.12/site-packages/airflow/example_dags/example_xcomargs.py
[2026-07-18T22:02:13.228+0545] {processor.py:830} INFO - Processing file /home/snigdh/repos/bigData/spark_demo_env/lib/python3.12/site-packages/airflow/example_dags/example_xcomargs.py for tasks to queue
[2026-07-18T22:02:13.230+0545] {logging_mixin.py:188} INFO - [2026-07-18T22:02:13.229+0545] {dagbag.py:545} INFO - Filling up the DagBag from /home/snigdh/repos/bigData/spark_demo_env/lib/python3.12/site-packages/airflow/example_dags/example_xcomargs.py
[2026-07-18T22:02:13.241+0545] {processor.py:840} INFO - DAG(s) 'example_xcom_args', 'example_xcom_args_with_operators' retrieved from /home/snigdh/repos/bigData/spark_demo_env/lib/python3.12/site-packages/airflow/example_dags/example_xcomargs.py
[2026-07-18T22:02:13.267+0545] {logging_mixin.py:188} INFO - [2026-07-18T22:02:13.267+0545] {dag.py:3089} INFO - Sync 2 DAGs
[2026-07-18T22:02:13.280+0545] {logging_mixin.py:188} INFO - [2026-07-18T22:02:13.280+0545] {dag.py:3947} INFO - Setting next_dagrun for example_xcom_args to None, run_after=None
[2026-07-18T22:02:13.284+0545] {logging_mixin.py:188} INFO - [2026-07-18T22:02:13.283+0545] {dag.py:3947} INFO - Setting next_dagrun for example_xcom_args_with_operators to None, run_after=None
[2026-07-18T22:02:13.315+0545] {processor.py:183} INFO - Processing /home/snigdh/repos/bigData/spark_demo_env/lib/python3.12/site-packages/airflow/example_dags/example_xcomargs.py took 0.099 seconds
