[2026-07-18T21:38:39.208+0545] {processor.py:161} INFO - Started process (PID=262494) to work on /home/snigdh/repos/bigData/spark_demo_env/lib/python3.12/site-packages/airflow/example_dags/example_kubernetes_executor.py
[2026-07-18T21:38:39.209+0545] {processor.py:830} INFO - Processing file /home/snigdh/repos/bigData/spark_demo_env/lib/python3.12/site-packages/airflow/example_dags/example_kubernetes_executor.py for tasks to queue
[2026-07-18T21:38:39.211+0545] {logging_mixin.py:188} INFO - [2026-07-18T21:38:39.211+0545] {dagbag.py:545} INFO - Filling up the DagBag from /home/snigdh/repos/bigData/spark_demo_env/lib/python3.12/site-packages/airflow/example_dags/example_kubernetes_executor.py
[2026-07-18T21:38:39.215+0545] {logging_mixin.py:188} INFO - [2026-07-18T21:38:39.214+0545] {example_kubernetes_executor.py:39} WARNING - The example_kubernetes_executor example DAG requires the kubernetes provider. Please install it with: pip install apache-airflow[cncf.kubernetes]
[2026-07-18T21:38:39.215+0545] {processor.py:842} WARNING - No viable dags retrieved from /home/snigdh/repos/bigData/spark_demo_env/lib/python3.12/site-packages/airflow/example_dags/example_kubernetes_executor.py
[2026-07-18T21:38:39.229+0545] {processor.py:183} INFO - Processing /home/snigdh/repos/bigData/spark_demo_env/lib/python3.12/site-packages/airflow/example_dags/example_kubernetes_executor.py took 0.028 seconds
[2026-07-18T21:39:37.699+0545] {processor.py:161} INFO - Started process (PID=262802) to work on /home/snigdh/repos/bigData/spark_demo_env/lib/python3.12/site-packages/airflow/example_dags/example_kubernetes_executor.py
[2026-07-18T21:39:37.701+0545] {processor.py:830} INFO - Processing file /home/snigdh/repos/bigData/spark_demo_env/lib/python3.12/site-packages/airflow/example_dags/example_kubernetes_executor.py for tasks to queue
[2026-07-18T21:39:37.703+0545] {logging_mixin.py:188} INFO - [2026-07-18T21:39:37.702+0545] {dagbag.py:545} INFO - Filling up the DagBag from /home/snigdh/repos/bigData/spark_demo_env/lib/python3.12/site-packages/airflow/example_dags/example_kubernetes_executor.py
[2026-07-18T21:39:37.708+0545] {logging_mixin.py:188} INFO - [2026-07-18T21:39:37.707+0545] {example_kubernetes_executor.py:39} WARNING - The example_kubernetes_executor example DAG requires the kubernetes provider. Please install it with: pip install apache-airflow[cncf.kubernetes]
[2026-07-18T21:39:37.708+0545] {processor.py:842} WARNING - No viable dags retrieved from /home/snigdh/repos/bigData/spark_demo_env/lib/python3.12/site-packages/airflow/example_dags/example_kubernetes_executor.py
[2026-07-18T21:39:37.726+0545] {processor.py:183} INFO - Processing /home/snigdh/repos/bigData/spark_demo_env/lib/python3.12/site-packages/airflow/example_dags/example_kubernetes_executor.py took 0.037 seconds
[2026-07-18T21:46:52.213+0545] {processor.py:161} INFO - Started process (PID=269973) to work on /home/snigdh/repos/bigData/spark_demo_env/lib/python3.12/site-packages/airflow/example_dags/example_kubernetes_executor.py
[2026-07-18T21:46:52.217+0545] {processor.py:830} INFO - Processing file /home/snigdh/repos/bigData/spark_demo_env/lib/python3.12/site-packages/airflow/example_dags/example_kubernetes_executor.py for tasks to queue
[2026-07-18T21:46:52.218+0545] {logging_mixin.py:188} INFO - [2026-07-18T21:46:52.218+0545] {dagbag.py:545} INFO - Filling up the DagBag from /home/snigdh/repos/bigData/spark_demo_env/lib/python3.12/site-packages/airflow/example_dags/example_kubernetes_executor.py
[2026-07-18T21:46:52.223+0545] {logging_mixin.py:188} INFO - [2026-07-18T21:46:52.223+0545] {example_kubernetes_executor.py:39} WARNING - The example_kubernetes_executor example DAG requires the kubernetes provider. Please install it with: pip install apache-airflow[cncf.kubernetes]
[2026-07-18T21:46:52.224+0545] {processor.py:842} WARNING - No viable dags retrieved from /home/snigdh/repos/bigData/spark_demo_env/lib/python3.12/site-packages/airflow/example_dags/example_kubernetes_executor.py
[2026-07-18T21:46:52.242+0545] {processor.py:183} INFO - Processing /home/snigdh/repos/bigData/spark_demo_env/lib/python3.12/site-packages/airflow/example_dags/example_kubernetes_executor.py took 0.038 seconds
[2026-07-18T21:47:49.812+0545] {processor.py:161} INFO - Started process (PID=270636) to work on /home/snigdh/repos/bigData/spark_demo_env/lib/python3.12/site-packages/airflow/example_dags/example_kubernetes_executor.py
[2026-07-18T21:47:49.813+0545] {processor.py:830} INFO - Processing file /home/snigdh/repos/bigData/spark_demo_env/lib/python3.12/site-packages/airflow/example_dags/example_kubernetes_executor.py for tasks to queue
[2026-07-18T21:47:49.814+0545] {logging_mixin.py:188} INFO - [2026-07-18T21:47:49.814+0545] {dagbag.py:545} INFO - Filling up the DagBag from /home/snigdh/repos/bigData/spark_demo_env/lib/python3.12/site-packages/airflow/example_dags/example_kubernetes_executor.py
[2026-07-18T21:47:49.818+0545] {logging_mixin.py:188} INFO - [2026-07-18T21:47:49.818+0545] {example_kubernetes_executor.py:39} WARNING - The example_kubernetes_executor example DAG requires the kubernetes provider. Please install it with: pip install apache-airflow[cncf.kubernetes]
[2026-07-18T21:47:49.818+0545] {processor.py:842} WARNING - No viable dags retrieved from /home/snigdh/repos/bigData/spark_demo_env/lib/python3.12/site-packages/airflow/example_dags/example_kubernetes_executor.py
[2026-07-18T21:47:49.831+0545] {processor.py:183} INFO - Processing /home/snigdh/repos/bigData/spark_demo_env/lib/python3.12/site-packages/airflow/example_dags/example_kubernetes_executor.py took 0.026 seconds
[2026-07-18T21:48:41.217+0545] {processor.py:161} INFO - Started process (PID=271620) to work on /home/snigdh/repos/bigData/spark_demo_env/lib/python3.12/site-packages/airflow/example_dags/example_kubernetes_executor.py
[2026-07-18T21:48:41.221+0545] {processor.py:830} INFO - Processing file /home/snigdh/repos/bigData/spark_demo_env/lib/python3.12/site-packages/airflow/example_dags/example_kubernetes_executor.py for tasks to queue
[2026-07-18T21:48:41.222+0545] {logging_mixin.py:188} INFO - [2026-07-18T21:48:41.222+0545] {dagbag.py:545} INFO - Filling up the DagBag from /home/snigdh/repos/bigData/spark_demo_env/lib/python3.12/site-packages/airflow/example_dags/example_kubernetes_executor.py
[2026-07-18T21:48:41.228+0545] {logging_mixin.py:188} INFO - [2026-07-18T21:48:41.227+0545] {example_kubernetes_executor.py:39} WARNING - The example_kubernetes_executor example DAG requires the kubernetes provider. Please install it with: pip install apache-airflow[cncf.kubernetes]
[2026-07-18T21:48:41.228+0545] {processor.py:842} WARNING - No viable dags retrieved from /home/snigdh/repos/bigData/spark_demo_env/lib/python3.12/site-packages/airflow/example_dags/example_kubernetes_executor.py
[2026-07-18T21:48:41.244+0545] {processor.py:183} INFO - Processing /home/snigdh/repos/bigData/spark_demo_env/lib/python3.12/site-packages/airflow/example_dags/example_kubernetes_executor.py took 0.035 seconds
[2026-07-18T21:49:38.429+0545] {processor.py:161} INFO - Started process (PID=272238) to work on /home/snigdh/repos/bigData/spark_demo_env/lib/python3.12/site-packages/airflow/example_dags/example_kubernetes_executor.py
[2026-07-18T21:49:38.433+0545] {processor.py:830} INFO - Processing file /home/snigdh/repos/bigData/spark_demo_env/lib/python3.12/site-packages/airflow/example_dags/example_kubernetes_executor.py for tasks to queue
[2026-07-18T21:49:38.435+0545] {logging_mixin.py:188} INFO - [2026-07-18T21:49:38.434+0545] {dagbag.py:545} INFO - Filling up the DagBag from /home/snigdh/repos/bigData/spark_demo_env/lib/python3.12/site-packages/airflow/example_dags/example_kubernetes_executor.py
[2026-07-18T21:49:38.438+0545] {logging_mixin.py:188} INFO - [2026-07-18T21:49:38.438+0545] {example_kubernetes_executor.py:39} WARNING - The example_kubernetes_executor example DAG requires the kubernetes provider. Please install it with: pip install apache-airflow[cncf.kubernetes]
[2026-07-18T21:49:38.438+0545] {processor.py:842} WARNING - No viable dags retrieved from /home/snigdh/repos/bigData/spark_demo_env/lib/python3.12/site-packages/airflow/example_dags/example_kubernetes_executor.py
[2026-07-18T21:49:38.456+0545] {processor.py:183} INFO - Processing /home/snigdh/repos/bigData/spark_demo_env/lib/python3.12/site-packages/airflow/example_dags/example_kubernetes_executor.py took 0.036 seconds
[2026-07-18T21:50:29.293+0545] {processor.py:161} INFO - Started process (PID=272897) to work on /home/snigdh/repos/bigData/spark_demo_env/lib/python3.12/site-packages/airflow/example_dags/example_kubernetes_executor.py
[2026-07-18T21:50:29.296+0545] {processor.py:830} INFO - Processing file /home/snigdh/repos/bigData/spark_demo_env/lib/python3.12/site-packages/airflow/example_dags/example_kubernetes_executor.py for tasks to queue
[2026-07-18T21:50:29.297+0545] {logging_mixin.py:188} INFO - [2026-07-18T21:50:29.297+0545] {dagbag.py:545} INFO - Filling up the DagBag from /home/snigdh/repos/bigData/spark_demo_env/lib/python3.12/site-packages/airflow/example_dags/example_kubernetes_executor.py
[2026-07-18T21:50:29.300+0545] {logging_mixin.py:188} INFO - [2026-07-18T21:50:29.300+0545] {example_kubernetes_executor.py:39} WARNING - The example_kubernetes_executor example DAG requires the kubernetes provider. Please install it with: pip install apache-airflow[cncf.kubernetes]
[2026-07-18T21:50:29.301+0545] {processor.py:842} WARNING - No viable dags retrieved from /home/snigdh/repos/bigData/spark_demo_env/lib/python3.12/site-packages/airflow/example_dags/example_kubernetes_executor.py
[2026-07-18T21:50:29.313+0545] {processor.py:183} INFO - Processing /home/snigdh/repos/bigData/spark_demo_env/lib/python3.12/site-packages/airflow/example_dags/example_kubernetes_executor.py took 0.026 seconds
[2026-07-18T21:51:36.865+0545] {processor.py:161} INFO - Started process (PID=273822) to work on /home/snigdh/repos/bigData/spark_demo_env/lib/python3.12/site-packages/airflow/example_dags/example_kubernetes_executor.py
[2026-07-18T21:51:36.868+0545] {processor.py:830} INFO - Processing file /home/snigdh/repos/bigData/spark_demo_env/lib/python3.12/site-packages/airflow/example_dags/example_kubernetes_executor.py for tasks to queue
[2026-07-18T21:51:36.869+0545] {logging_mixin.py:188} INFO - [2026-07-18T21:51:36.869+0545] {dagbag.py:545} INFO - Filling up the DagBag from /home/snigdh/repos/bigData/spark_demo_env/lib/python3.12/site-packages/airflow/example_dags/example_kubernetes_executor.py
[2026-07-18T21:51:36.872+0545] {logging_mixin.py:188} INFO - [2026-07-18T21:51:36.872+0545] {example_kubernetes_executor.py:39} WARNING - The example_kubernetes_executor example DAG requires the kubernetes provider. Please install it with: pip install apache-airflow[cncf.kubernetes]
[2026-07-18T21:51:36.872+0545] {processor.py:842} WARNING - No viable dags retrieved from /home/snigdh/repos/bigData/spark_demo_env/lib/python3.12/site-packages/airflow/example_dags/example_kubernetes_executor.py
[2026-07-18T21:51:36.882+0545] {processor.py:183} INFO - Processing /home/snigdh/repos/bigData/spark_demo_env/lib/python3.12/site-packages/airflow/example_dags/example_kubernetes_executor.py took 0.022 seconds
[2026-07-18T21:52:43.852+0545] {processor.py:161} INFO - Started process (PID=274667) to work on /home/snigdh/repos/bigData/spark_demo_env/lib/python3.12/site-packages/airflow/example_dags/example_kubernetes_executor.py
[2026-07-18T21:52:43.856+0545] {processor.py:830} INFO - Processing file /home/snigdh/repos/bigData/spark_demo_env/lib/python3.12/site-packages/airflow/example_dags/example_kubernetes_executor.py for tasks to queue
[2026-07-18T21:52:43.858+0545] {logging_mixin.py:188} INFO - [2026-07-18T21:52:43.857+0545] {dagbag.py:545} INFO - Filling up the DagBag from /home/snigdh/repos/bigData/spark_demo_env/lib/python3.12/site-packages/airflow/example_dags/example_kubernetes_executor.py
[2026-07-18T21:52:43.862+0545] {logging_mixin.py:188} INFO - [2026-07-18T21:52:43.862+0545] {example_kubernetes_executor.py:39} WARNING - The example_kubernetes_executor example DAG requires the kubernetes provider. Please install it with: pip install apache-airflow[cncf.kubernetes]
[2026-07-18T21:52:43.863+0545] {processor.py:842} WARNING - No viable dags retrieved from /home/snigdh/repos/bigData/spark_demo_env/lib/python3.12/site-packages/airflow/example_dags/example_kubernetes_executor.py
[2026-07-18T21:52:43.878+0545] {processor.py:183} INFO - Processing /home/snigdh/repos/bigData/spark_demo_env/lib/python3.12/site-packages/airflow/example_dags/example_kubernetes_executor.py took 0.035 seconds
[2026-07-18T21:53:54.172+0545] {processor.py:161} INFO - Started process (PID=275638) to work on /home/snigdh/repos/bigData/spark_demo_env/lib/python3.12/site-packages/airflow/example_dags/example_kubernetes_executor.py
[2026-07-18T21:53:54.176+0545] {processor.py:830} INFO - Processing file /home/snigdh/repos/bigData/spark_demo_env/lib/python3.12/site-packages/airflow/example_dags/example_kubernetes_executor.py for tasks to queue
[2026-07-18T21:53:54.177+0545] {logging_mixin.py:188} INFO - [2026-07-18T21:53:54.177+0545] {dagbag.py:545} INFO - Filling up the DagBag from /home/snigdh/repos/bigData/spark_demo_env/lib/python3.12/site-packages/airflow/example_dags/example_kubernetes_executor.py
[2026-07-18T21:53:54.182+0545] {logging_mixin.py:188} INFO - [2026-07-18T21:53:54.181+0545] {example_kubernetes_executor.py:39} WARNING - The example_kubernetes_executor example DAG requires the kubernetes provider. Please install it with: pip install apache-airflow[cncf.kubernetes]
[2026-07-18T21:53:54.182+0545] {processor.py:842} WARNING - No viable dags retrieved from /home/snigdh/repos/bigData/spark_demo_env/lib/python3.12/site-packages/airflow/example_dags/example_kubernetes_executor.py
[2026-07-18T21:53:54.196+0545] {processor.py:183} INFO - Processing /home/snigdh/repos/bigData/spark_demo_env/lib/python3.12/site-packages/airflow/example_dags/example_kubernetes_executor.py took 0.033 seconds
[2026-07-18T21:54:44.842+0545] {processor.py:161} INFO - Started process (PID=276499) to work on /home/snigdh/repos/bigData/spark_demo_env/lib/python3.12/site-packages/airflow/example_dags/example_kubernetes_executor.py
[2026-07-18T21:54:44.843+0545] {processor.py:830} INFO - Processing file /home/snigdh/repos/bigData/spark_demo_env/lib/python3.12/site-packages/airflow/example_dags/example_kubernetes_executor.py for tasks to queue
[2026-07-18T21:54:44.844+0545] {logging_mixin.py:188} INFO - [2026-07-18T21:54:44.844+0545] {dagbag.py:545} INFO - Filling up the DagBag from /home/snigdh/repos/bigData/spark_demo_env/lib/python3.12/site-packages/airflow/example_dags/example_kubernetes_executor.py
[2026-07-18T21:54:44.849+0545] {logging_mixin.py:188} INFO - [2026-07-18T21:54:44.848+0545] {example_kubernetes_executor.py:39} WARNING - The example_kubernetes_executor example DAG requires the kubernetes provider. Please install it with: pip install apache-airflow[cncf.kubernetes]
[2026-07-18T21:54:44.849+0545] {processor.py:842} WARNING - No viable dags retrieved from /home/snigdh/repos/bigData/spark_demo_env/lib/python3.12/site-packages/airflow/example_dags/example_kubernetes_executor.py
[2026-07-18T21:54:44.866+0545] {processor.py:183} INFO - Processing /home/snigdh/repos/bigData/spark_demo_env/lib/python3.12/site-packages/airflow/example_dags/example_kubernetes_executor.py took 0.033 seconds
[2026-07-18T21:55:52.349+0545] {processor.py:161} INFO - Started process (PID=277151) to work on /home/snigdh/repos/bigData/spark_demo_env/lib/python3.12/site-packages/airflow/example_dags/example_kubernetes_executor.py
[2026-07-18T21:55:52.352+0545] {processor.py:830} INFO - Processing file /home/snigdh/repos/bigData/spark_demo_env/lib/python3.12/site-packages/airflow/example_dags/example_kubernetes_executor.py for tasks to queue
[2026-07-18T21:55:52.354+0545] {logging_mixin.py:188} INFO - [2026-07-18T21:55:52.353+0545] {dagbag.py:545} INFO - Filling up the DagBag from /home/snigdh/repos/bigData/spark_demo_env/lib/python3.12/site-packages/airflow/example_dags/example_kubernetes_executor.py
[2026-07-18T21:55:52.359+0545] {logging_mixin.py:188} INFO - [2026-07-18T21:55:52.358+0545] {example_kubernetes_executor.py:39} WARNING - The example_kubernetes_executor example DAG requires the kubernetes provider. Please install it with: pip install apache-airflow[cncf.kubernetes]
[2026-07-18T21:55:52.359+0545] {processor.py:842} WARNING - No viable dags retrieved from /home/snigdh/repos/bigData/spark_demo_env/lib/python3.12/site-packages/airflow/example_dags/example_kubernetes_executor.py
[2026-07-18T21:55:52.377+0545] {processor.py:183} INFO - Processing /home/snigdh/repos/bigData/spark_demo_env/lib/python3.12/site-packages/airflow/example_dags/example_kubernetes_executor.py took 0.038 seconds
[2026-07-18T21:56:56.478+0545] {processor.py:161} INFO - Started process (PID=277766) to work on /home/snigdh/repos/bigData/spark_demo_env/lib/python3.12/site-packages/airflow/example_dags/example_kubernetes_executor.py
[2026-07-18T21:56:56.481+0545] {processor.py:830} INFO - Processing file /home/snigdh/repos/bigData/spark_demo_env/lib/python3.12/site-packages/airflow/example_dags/example_kubernetes_executor.py for tasks to queue
[2026-07-18T21:56:56.482+0545] {logging_mixin.py:188} INFO - [2026-07-18T21:56:56.481+0545] {dagbag.py:545} INFO - Filling up the DagBag from /home/snigdh/repos/bigData/spark_demo_env/lib/python3.12/site-packages/airflow/example_dags/example_kubernetes_executor.py
[2026-07-18T21:56:56.485+0545] {logging_mixin.py:188} INFO - [2026-07-18T21:56:56.485+0545] {example_kubernetes_executor.py:39} WARNING - The example_kubernetes_executor example DAG requires the kubernetes provider. Please install it with: pip install apache-airflow[cncf.kubernetes]
[2026-07-18T21:56:56.485+0545] {processor.py:842} WARNING - No viable dags retrieved from /home/snigdh/repos/bigData/spark_demo_env/lib/python3.12/site-packages/airflow/example_dags/example_kubernetes_executor.py
[2026-07-18T21:56:56.496+0545] {processor.py:183} INFO - Processing /home/snigdh/repos/bigData/spark_demo_env/lib/python3.12/site-packages/airflow/example_dags/example_kubernetes_executor.py took 0.024 seconds
[2026-07-18T21:58:04.158+0545] {processor.py:161} INFO - Started process (PID=278466) to work on /home/snigdh/repos/bigData/spark_demo_env/lib/python3.12/site-packages/airflow/example_dags/example_kubernetes_executor.py
[2026-07-18T21:58:04.160+0545] {processor.py:830} INFO - Processing file /home/snigdh/repos/bigData/spark_demo_env/lib/python3.12/site-packages/airflow/example_dags/example_kubernetes_executor.py for tasks to queue
[2026-07-18T21:58:04.161+0545] {logging_mixin.py:188} INFO - [2026-07-18T21:58:04.161+0545] {dagbag.py:545} INFO - Filling up the DagBag from /home/snigdh/repos/bigData/spark_demo_env/lib/python3.12/site-packages/airflow/example_dags/example_kubernetes_executor.py
[2026-07-18T21:58:04.166+0545] {logging_mixin.py:188} INFO - [2026-07-18T21:58:04.166+0545] {example_kubernetes_executor.py:39} WARNING - The example_kubernetes_executor example DAG requires the kubernetes provider. Please install it with: pip install apache-airflow[cncf.kubernetes]
[2026-07-18T21:58:04.166+0545] {processor.py:842} WARNING - No viable dags retrieved from /home/snigdh/repos/bigData/spark_demo_env/lib/python3.12/site-packages/airflow/example_dags/example_kubernetes_executor.py
[2026-07-18T21:58:04.179+0545] {processor.py:183} INFO - Processing /home/snigdh/repos/bigData/spark_demo_env/lib/python3.12/site-packages/airflow/example_dags/example_kubernetes_executor.py took 0.028 seconds
[2026-07-18T21:59:13.494+0545] {processor.py:161} INFO - Started process (PID=279105) to work on /home/snigdh/repos/bigData/spark_demo_env/lib/python3.12/site-packages/airflow/example_dags/example_kubernetes_executor.py
[2026-07-18T21:59:13.499+0545] {processor.py:830} INFO - Processing file /home/snigdh/repos/bigData/spark_demo_env/lib/python3.12/site-packages/airflow/example_dags/example_kubernetes_executor.py for tasks to queue
[2026-07-18T21:59:13.502+0545] {logging_mixin.py:188} INFO - [2026-07-18T21:59:13.500+0545] {dagbag.py:545} INFO - Filling up the DagBag from /home/snigdh/repos/bigData/spark_demo_env/lib/python3.12/site-packages/airflow/example_dags/example_kubernetes_executor.py
[2026-07-18T21:59:13.508+0545] {logging_mixin.py:188} INFO - [2026-07-18T21:59:13.507+0545] {example_kubernetes_executor.py:39} WARNING - The example_kubernetes_executor example DAG requires the kubernetes provider. Please install it with: pip install apache-airflow[cncf.kubernetes]
[2026-07-18T21:59:13.508+0545] {processor.py:842} WARNING - No viable dags retrieved from /home/snigdh/repos/bigData/spark_demo_env/lib/python3.12/site-packages/airflow/example_dags/example_kubernetes_executor.py
[2026-07-18T21:59:13.526+0545] {processor.py:183} INFO - Processing /home/snigdh/repos/bigData/spark_demo_env/lib/python3.12/site-packages/airflow/example_dags/example_kubernetes_executor.py took 0.044 seconds
[2026-07-18T22:00:23.372+0545] {processor.py:161} INFO - Started process (PID=279731) to work on /home/snigdh/repos/bigData/spark_demo_env/lib/python3.12/site-packages/airflow/example_dags/example_kubernetes_executor.py
[2026-07-18T22:00:23.375+0545] {processor.py:830} INFO - Processing file /home/snigdh/repos/bigData/spark_demo_env/lib/python3.12/site-packages/airflow/example_dags/example_kubernetes_executor.py for tasks to queue
[2026-07-18T22:00:23.377+0545] {logging_mixin.py:188} INFO - [2026-07-18T22:00:23.376+0545] {dagbag.py:545} INFO - Filling up the DagBag from /home/snigdh/repos/bigData/spark_demo_env/lib/python3.12/site-packages/airflow/example_dags/example_kubernetes_executor.py
[2026-07-18T22:00:23.381+0545] {logging_mixin.py:188} INFO - [2026-07-18T22:00:23.381+0545] {example_kubernetes_executor.py:39} WARNING - The example_kubernetes_executor example DAG requires the kubernetes provider. Please install it with: pip install apache-airflow[cncf.kubernetes]
[2026-07-18T22:00:23.382+0545] {processor.py:842} WARNING - No viable dags retrieved from /home/snigdh/repos/bigData/spark_demo_env/lib/python3.12/site-packages/airflow/example_dags/example_kubernetes_executor.py
[2026-07-18T22:00:23.397+0545] {processor.py:183} INFO - Processing /home/snigdh/repos/bigData/spark_demo_env/lib/python3.12/site-packages/airflow/example_dags/example_kubernetes_executor.py took 0.034 seconds
[2026-07-18T22:01:11.410+0545] {processor.py:161} INFO - Started process (PID=280195) to work on /home/snigdh/repos/bigData/spark_demo_env/lib/python3.12/site-packages/airflow/example_dags/example_kubernetes_executor.py
[2026-07-18T22:01:11.414+0545] {processor.py:830} INFO - Processing file /home/snigdh/repos/bigData/spark_demo_env/lib/python3.12/site-packages/airflow/example_dags/example_kubernetes_executor.py for tasks to queue
[2026-07-18T22:01:11.415+0545] {logging_mixin.py:188} INFO - [2026-07-18T22:01:11.415+0545] {dagbag.py:545} INFO - Filling up the DagBag from /home/snigdh/repos/bigData/spark_demo_env/lib/python3.12/site-packages/airflow/example_dags/example_kubernetes_executor.py
[2026-07-18T22:01:11.419+0545] {logging_mixin.py:188} INFO - [2026-07-18T22:01:11.419+0545] {example_kubernetes_executor.py:39} WARNING - The example_kubernetes_executor example DAG requires the kubernetes provider. Please install it with: pip install apache-airflow[cncf.kubernetes]
[2026-07-18T22:01:11.420+0545] {processor.py:842} WARNING - No viable dags retrieved from /home/snigdh/repos/bigData/spark_demo_env/lib/python3.12/site-packages/airflow/example_dags/example_kubernetes_executor.py
[2026-07-18T22:01:11.436+0545] {processor.py:183} INFO - Processing /home/snigdh/repos/bigData/spark_demo_env/lib/python3.12/site-packages/airflow/example_dags/example_kubernetes_executor.py took 0.035 seconds
[2026-07-18T22:02:17.021+0545] {processor.py:161} INFO - Started process (PID=280805) to work on /home/snigdh/repos/bigData/spark_demo_env/lib/python3.12/site-packages/airflow/example_dags/example_kubernetes_executor.py
[2026-07-18T22:02:17.025+0545] {processor.py:830} INFO - Processing file /home/snigdh/repos/bigData/spark_demo_env/lib/python3.12/site-packages/airflow/example_dags/example_kubernetes_executor.py for tasks to queue
[2026-07-18T22:02:17.026+0545] {logging_mixin.py:188} INFO - [2026-07-18T22:02:17.025+0545] {dagbag.py:545} INFO - Filling up the DagBag from /home/snigdh/repos/bigData/spark_demo_env/lib/python3.12/site-packages/airflow/example_dags/example_kubernetes_executor.py
[2026-07-18T22:02:17.029+0545] {logging_mixin.py:188} INFO - [2026-07-18T22:02:17.029+0545] {example_kubernetes_executor.py:39} WARNING - The example_kubernetes_executor example DAG requires the kubernetes provider. Please install it with: pip install apache-airflow[cncf.kubernetes]
[2026-07-18T22:02:17.030+0545] {processor.py:842} WARNING - No viable dags retrieved from /home/snigdh/repos/bigData/spark_demo_env/lib/python3.12/site-packages/airflow/example_dags/example_kubernetes_executor.py
[2026-07-18T22:02:17.044+0545] {processor.py:183} INFO - Processing /home/snigdh/repos/bigData/spark_demo_env/lib/python3.12/site-packages/airflow/example_dags/example_kubernetes_executor.py took 0.031 seconds
