[2026-07-18T21:38:42.970+0545] {processor.py:161} INFO - Started process (PID=262511) to work on /home/snigdh/repos/bigData/spark_demo_env/lib/python3.12/site-packages/airflow/example_dags/example_nested_branch_dag.py
[2026-07-18T21:38:42.971+0545] {processor.py:830} INFO - Processing file /home/snigdh/repos/bigData/spark_demo_env/lib/python3.12/site-packages/airflow/example_dags/example_nested_branch_dag.py for tasks to queue
[2026-07-18T21:38:42.973+0545] {logging_mixin.py:188} INFO - [2026-07-18T21:38:42.973+0545] {dagbag.py:545} INFO - Filling up the DagBag from /home/snigdh/repos/bigData/spark_demo_env/lib/python3.12/site-packages/airflow/example_dags/example_nested_branch_dag.py
[2026-07-18T21:38:42.986+0545] {processor.py:840} INFO - DAG(s) 'example_nested_branch_dag' retrieved from /home/snigdh/repos/bigData/spark_demo_env/lib/python3.12/site-packages/airflow/example_dags/example_nested_branch_dag.py
[2026-07-18T21:38:43.094+0545] {logging_mixin.py:188} INFO - [2026-07-18T21:38:43.093+0545] {override.py:1858} INFO - Created Permission View: can delete on DAG:example_nested_branch_dag
[2026-07-18T21:38:43.107+0545] {logging_mixin.py:188} INFO - [2026-07-18T21:38:43.106+0545] {override.py:1858} INFO - Created Permission View: can read on DAG:example_nested_branch_dag
[2026-07-18T21:38:43.116+0545] {logging_mixin.py:188} INFO - [2026-07-18T21:38:43.116+0545] {override.py:1858} INFO - Created Permission View: can edit on DAG:example_nested_branch_dag
[2026-07-18T21:38:43.116+0545] {logging_mixin.py:188} INFO - [2026-07-18T21:38:43.116+0545] {dag.py:3089} INFO - Sync 1 DAGs
[2026-07-18T21:38:43.126+0545] {logging_mixin.py:188} INFO - [2026-07-18T21:38:43.126+0545] {dag.py:3111} INFO - Creating ORM DAG for example_nested_branch_dag
[2026-07-18T21:38:43.136+0545] {logging_mixin.py:188} INFO - [2026-07-18T21:38:43.135+0545] {dag.py:3947} INFO - Setting next_dagrun for example_nested_branch_dag to 2026-07-17 00:00:00+00:00, run_after=2026-07-18 00:00:00+00:00
[2026-07-18T21:38:43.155+0545] {processor.py:183} INFO - Processing /home/snigdh/repos/bigData/spark_demo_env/lib/python3.12/site-packages/airflow/example_dags/example_nested_branch_dag.py took 0.192 seconds
[2026-07-18T21:39:40.880+0545] {processor.py:161} INFO - Started process (PID=262818) to work on /home/snigdh/repos/bigData/spark_demo_env/lib/python3.12/site-packages/airflow/example_dags/example_nested_branch_dag.py
[2026-07-18T21:39:40.884+0545] {processor.py:830} INFO - Processing file /home/snigdh/repos/bigData/spark_demo_env/lib/python3.12/site-packages/airflow/example_dags/example_nested_branch_dag.py for tasks to queue
[2026-07-18T21:39:40.886+0545] {logging_mixin.py:188} INFO - [2026-07-18T21:39:40.886+0545] {dagbag.py:545} INFO - Filling up the DagBag from /home/snigdh/repos/bigData/spark_demo_env/lib/python3.12/site-packages/airflow/example_dags/example_nested_branch_dag.py
[2026-07-18T21:39:40.899+0545] {processor.py:840} INFO - DAG(s) 'example_nested_branch_dag' retrieved from /home/snigdh/repos/bigData/spark_demo_env/lib/python3.12/site-packages/airflow/example_dags/example_nested_branch_dag.py
[2026-07-18T21:39:40.918+0545] {logging_mixin.py:188} INFO - [2026-07-18T21:39:40.918+0545] {dag.py:3089} INFO - Sync 1 DAGs
[2026-07-18T21:39:40.939+0545] {logging_mixin.py:188} INFO - [2026-07-18T21:39:40.938+0545] {dag.py:3947} INFO - Setting next_dagrun for example_nested_branch_dag to 2026-07-17 00:00:00+00:00, run_after=2026-07-18 00:00:00+00:00
[2026-07-18T21:39:40.966+0545] {processor.py:183} INFO - Processing /home/snigdh/repos/bigData/spark_demo_env/lib/python3.12/site-packages/airflow/example_dags/example_nested_branch_dag.py took 0.093 seconds
[2026-07-18T21:46:56.205+0545] {processor.py:161} INFO - Started process (PID=270009) to work on /home/snigdh/repos/bigData/spark_demo_env/lib/python3.12/site-packages/airflow/example_dags/example_nested_branch_dag.py
[2026-07-18T21:46:56.209+0545] {processor.py:830} INFO - Processing file /home/snigdh/repos/bigData/spark_demo_env/lib/python3.12/site-packages/airflow/example_dags/example_nested_branch_dag.py for tasks to queue
[2026-07-18T21:46:56.210+0545] {logging_mixin.py:188} INFO - [2026-07-18T21:46:56.210+0545] {dagbag.py:545} INFO - Filling up the DagBag from /home/snigdh/repos/bigData/spark_demo_env/lib/python3.12/site-packages/airflow/example_dags/example_nested_branch_dag.py
[2026-07-18T21:46:56.227+0545] {processor.py:840} INFO - DAG(s) 'example_nested_branch_dag' retrieved from /home/snigdh/repos/bigData/spark_demo_env/lib/python3.12/site-packages/airflow/example_dags/example_nested_branch_dag.py
[2026-07-18T21:46:56.338+0545] {logging_mixin.py:188} INFO - [2026-07-18T21:46:56.338+0545] {dag.py:3089} INFO - Sync 1 DAGs
[2026-07-18T21:46:56.501+0545] {logging_mixin.py:188} INFO - [2026-07-18T21:46:56.501+0545] {dag.py:3947} INFO - Setting next_dagrun for example_nested_branch_dag to 2026-07-17 00:00:00+00:00, run_after=2026-07-18 00:00:00+00:00
[2026-07-18T21:46:56.526+0545] {processor.py:183} INFO - Processing /home/snigdh/repos/bigData/spark_demo_env/lib/python3.12/site-packages/airflow/example_dags/example_nested_branch_dag.py took 0.328 seconds
[2026-07-18T21:47:53.232+0545] {processor.py:161} INFO - Started process (PID=270659) to work on /home/snigdh/repos/bigData/spark_demo_env/lib/python3.12/site-packages/airflow/example_dags/example_nested_branch_dag.py
[2026-07-18T21:47:53.235+0545] {processor.py:830} INFO - Processing file /home/snigdh/repos/bigData/spark_demo_env/lib/python3.12/site-packages/airflow/example_dags/example_nested_branch_dag.py for tasks to queue
[2026-07-18T21:47:53.236+0545] {logging_mixin.py:188} INFO - [2026-07-18T21:47:53.235+0545] {dagbag.py:545} INFO - Filling up the DagBag from /home/snigdh/repos/bigData/spark_demo_env/lib/python3.12/site-packages/airflow/example_dags/example_nested_branch_dag.py
[2026-07-18T21:47:53.244+0545] {processor.py:840} INFO - DAG(s) 'example_nested_branch_dag' retrieved from /home/snigdh/repos/bigData/spark_demo_env/lib/python3.12/site-packages/airflow/example_dags/example_nested_branch_dag.py
[2026-07-18T21:47:53.259+0545] {logging_mixin.py:188} INFO - [2026-07-18T21:47:53.259+0545] {dag.py:3089} INFO - Sync 1 DAGs
[2026-07-18T21:47:53.275+0545] {logging_mixin.py:188} INFO - [2026-07-18T21:47:53.275+0545] {dag.py:3947} INFO - Setting next_dagrun for example_nested_branch_dag to 2026-07-17 00:00:00+00:00, run_after=2026-07-18 00:00:00+00:00
[2026-07-18T21:47:53.301+0545] {processor.py:183} INFO - Processing /home/snigdh/repos/bigData/spark_demo_env/lib/python3.12/site-packages/airflow/example_dags/example_nested_branch_dag.py took 0.075 seconds
[2026-07-18T21:48:44.799+0545] {processor.py:161} INFO - Started process (PID=271657) to work on /home/snigdh/repos/bigData/spark_demo_env/lib/python3.12/site-packages/airflow/example_dags/example_nested_branch_dag.py
[2026-07-18T21:48:44.802+0545] {processor.py:830} INFO - Processing file /home/snigdh/repos/bigData/spark_demo_env/lib/python3.12/site-packages/airflow/example_dags/example_nested_branch_dag.py for tasks to queue
[2026-07-18T21:48:44.804+0545] {logging_mixin.py:188} INFO - [2026-07-18T21:48:44.803+0545] {dagbag.py:545} INFO - Filling up the DagBag from /home/snigdh/repos/bigData/spark_demo_env/lib/python3.12/site-packages/airflow/example_dags/example_nested_branch_dag.py
[2026-07-18T21:48:44.819+0545] {processor.py:840} INFO - DAG(s) 'example_nested_branch_dag' retrieved from /home/snigdh/repos/bigData/spark_demo_env/lib/python3.12/site-packages/airflow/example_dags/example_nested_branch_dag.py
[2026-07-18T21:48:44.852+0545] {logging_mixin.py:188} INFO - [2026-07-18T21:48:44.852+0545] {dag.py:3089} INFO - Sync 1 DAGs
[2026-07-18T21:48:44.881+0545] {logging_mixin.py:188} INFO - [2026-07-18T21:48:44.881+0545] {dag.py:3947} INFO - Setting next_dagrun for example_nested_branch_dag to 2026-07-17 00:00:00+00:00, run_after=2026-07-18 00:00:00+00:00
[2026-07-18T21:48:44.910+0545] {processor.py:183} INFO - Processing /home/snigdh/repos/bigData/spark_demo_env/lib/python3.12/site-packages/airflow/example_dags/example_nested_branch_dag.py took 0.119 seconds
[2026-07-18T21:49:41.999+0545] {processor.py:161} INFO - Started process (PID=272262) to work on /home/snigdh/repos/bigData/spark_demo_env/lib/python3.12/site-packages/airflow/example_dags/example_nested_branch_dag.py
[2026-07-18T21:49:42.002+0545] {processor.py:830} INFO - Processing file /home/snigdh/repos/bigData/spark_demo_env/lib/python3.12/site-packages/airflow/example_dags/example_nested_branch_dag.py for tasks to queue
[2026-07-18T21:49:42.004+0545] {logging_mixin.py:188} INFO - [2026-07-18T21:49:42.003+0545] {dagbag.py:545} INFO - Filling up the DagBag from /home/snigdh/repos/bigData/spark_demo_env/lib/python3.12/site-packages/airflow/example_dags/example_nested_branch_dag.py
[2026-07-18T21:49:42.025+0545] {processor.py:840} INFO - DAG(s) 'example_nested_branch_dag' retrieved from /home/snigdh/repos/bigData/spark_demo_env/lib/python3.12/site-packages/airflow/example_dags/example_nested_branch_dag.py
[2026-07-18T21:49:42.052+0545] {logging_mixin.py:188} INFO - [2026-07-18T21:49:42.052+0545] {dag.py:3089} INFO - Sync 1 DAGs
[2026-07-18T21:49:42.074+0545] {logging_mixin.py:188} INFO - [2026-07-18T21:49:42.074+0545] {dag.py:3947} INFO - Setting next_dagrun for example_nested_branch_dag to 2026-07-17 00:00:00+00:00, run_after=2026-07-18 00:00:00+00:00
[2026-07-18T21:49:42.096+0545] {processor.py:183} INFO - Processing /home/snigdh/repos/bigData/spark_demo_env/lib/python3.12/site-packages/airflow/example_dags/example_nested_branch_dag.py took 0.106 seconds
[2026-07-18T21:50:47.179+0545] {processor.py:161} INFO - Started process (PID=273125) to work on /home/snigdh/repos/bigData/spark_demo_env/lib/python3.12/site-packages/airflow/example_dags/example_nested_branch_dag.py
[2026-07-18T21:50:47.181+0545] {processor.py:830} INFO - Processing file /home/snigdh/repos/bigData/spark_demo_env/lib/python3.12/site-packages/airflow/example_dags/example_nested_branch_dag.py for tasks to queue
[2026-07-18T21:50:47.183+0545] {logging_mixin.py:188} INFO - [2026-07-18T21:50:47.182+0545] {dagbag.py:545} INFO - Filling up the DagBag from /home/snigdh/repos/bigData/spark_demo_env/lib/python3.12/site-packages/airflow/example_dags/example_nested_branch_dag.py
[2026-07-18T21:50:47.198+0545] {processor.py:840} INFO - DAG(s) 'example_nested_branch_dag' retrieved from /home/snigdh/repos/bigData/spark_demo_env/lib/python3.12/site-packages/airflow/example_dags/example_nested_branch_dag.py
[2026-07-18T21:50:47.223+0545] {logging_mixin.py:188} INFO - [2026-07-18T21:50:47.222+0545] {dag.py:3089} INFO - Sync 1 DAGs
[2026-07-18T21:50:47.243+0545] {logging_mixin.py:188} INFO - [2026-07-18T21:50:47.242+0545] {dag.py:3947} INFO - Setting next_dagrun for example_nested_branch_dag to 2026-07-17 00:00:00+00:00, run_after=2026-07-18 00:00:00+00:00
[2026-07-18T21:50:47.270+0545] {processor.py:183} INFO - Processing /home/snigdh/repos/bigData/spark_demo_env/lib/python3.12/site-packages/airflow/example_dags/example_nested_branch_dag.py took 0.099 seconds
[2026-07-18T21:51:55.541+0545] {processor.py:161} INFO - Started process (PID=274038) to work on /home/snigdh/repos/bigData/spark_demo_env/lib/python3.12/site-packages/airflow/example_dags/example_nested_branch_dag.py
[2026-07-18T21:51:55.545+0545] {processor.py:830} INFO - Processing file /home/snigdh/repos/bigData/spark_demo_env/lib/python3.12/site-packages/airflow/example_dags/example_nested_branch_dag.py for tasks to queue
[2026-07-18T21:51:55.546+0545] {logging_mixin.py:188} INFO - [2026-07-18T21:51:55.546+0545] {dagbag.py:545} INFO - Filling up the DagBag from /home/snigdh/repos/bigData/spark_demo_env/lib/python3.12/site-packages/airflow/example_dags/example_nested_branch_dag.py
[2026-07-18T21:51:55.560+0545] {processor.py:840} INFO - DAG(s) 'example_nested_branch_dag' retrieved from /home/snigdh/repos/bigData/spark_demo_env/lib/python3.12/site-packages/airflow/example_dags/example_nested_branch_dag.py
[2026-07-18T21:51:55.579+0545] {logging_mixin.py:188} INFO - [2026-07-18T21:51:55.579+0545] {dag.py:3089} INFO - Sync 1 DAGs
[2026-07-18T21:51:55.599+0545] {logging_mixin.py:188} INFO - [2026-07-18T21:51:55.599+0545] {dag.py:3947} INFO - Setting next_dagrun for example_nested_branch_dag to 2026-07-17 00:00:00+00:00, run_after=2026-07-18 00:00:00+00:00
[2026-07-18T21:51:55.624+0545] {processor.py:183} INFO - Processing /home/snigdh/repos/bigData/spark_demo_env/lib/python3.12/site-packages/airflow/example_dags/example_nested_branch_dag.py took 0.092 seconds
[2026-07-18T21:52:46.530+0545] {processor.py:161} INFO - Started process (PID=274688) to work on /home/snigdh/repos/bigData/spark_demo_env/lib/python3.12/site-packages/airflow/example_dags/example_nested_branch_dag.py
[2026-07-18T21:52:46.534+0545] {processor.py:830} INFO - Processing file /home/snigdh/repos/bigData/spark_demo_env/lib/python3.12/site-packages/airflow/example_dags/example_nested_branch_dag.py for tasks to queue
[2026-07-18T21:52:46.536+0545] {logging_mixin.py:188} INFO - [2026-07-18T21:52:46.535+0545] {dagbag.py:545} INFO - Filling up the DagBag from /home/snigdh/repos/bigData/spark_demo_env/lib/python3.12/site-packages/airflow/example_dags/example_nested_branch_dag.py
[2026-07-18T21:52:46.550+0545] {processor.py:840} INFO - DAG(s) 'example_nested_branch_dag' retrieved from /home/snigdh/repos/bigData/spark_demo_env/lib/python3.12/site-packages/airflow/example_dags/example_nested_branch_dag.py
[2026-07-18T21:52:46.575+0545] {logging_mixin.py:188} INFO - [2026-07-18T21:52:46.575+0545] {dag.py:3089} INFO - Sync 1 DAGs
[2026-07-18T21:52:46.594+0545] {logging_mixin.py:188} INFO - [2026-07-18T21:52:46.593+0545] {dag.py:3947} INFO - Setting next_dagrun for example_nested_branch_dag to 2026-07-17 00:00:00+00:00, run_after=2026-07-18 00:00:00+00:00
[2026-07-18T21:52:46.619+0545] {processor.py:183} INFO - Processing /home/snigdh/repos/bigData/spark_demo_env/lib/python3.12/site-packages/airflow/example_dags/example_nested_branch_dag.py took 0.099 seconds
[2026-07-18T21:53:57.690+0545] {processor.py:161} INFO - Started process (PID=275721) to work on /home/snigdh/repos/bigData/spark_demo_env/lib/python3.12/site-packages/airflow/example_dags/example_nested_branch_dag.py
[2026-07-18T21:53:57.694+0545] {processor.py:830} INFO - Processing file /home/snigdh/repos/bigData/spark_demo_env/lib/python3.12/site-packages/airflow/example_dags/example_nested_branch_dag.py for tasks to queue
[2026-07-18T21:53:57.696+0545] {logging_mixin.py:188} INFO - [2026-07-18T21:53:57.695+0545] {dagbag.py:545} INFO - Filling up the DagBag from /home/snigdh/repos/bigData/spark_demo_env/lib/python3.12/site-packages/airflow/example_dags/example_nested_branch_dag.py
[2026-07-18T21:53:57.711+0545] {processor.py:840} INFO - DAG(s) 'example_nested_branch_dag' retrieved from /home/snigdh/repos/bigData/spark_demo_env/lib/python3.12/site-packages/airflow/example_dags/example_nested_branch_dag.py
[2026-07-18T21:53:57.739+0545] {logging_mixin.py:188} INFO - [2026-07-18T21:53:57.738+0545] {dag.py:3089} INFO - Sync 1 DAGs
[2026-07-18T21:53:57.763+0545] {logging_mixin.py:188} INFO - [2026-07-18T21:53:57.762+0545] {dag.py:3947} INFO - Setting next_dagrun for example_nested_branch_dag to 2026-07-17 00:00:00+00:00, run_after=2026-07-18 00:00:00+00:00
[2026-07-18T21:53:57.787+0545] {processor.py:183} INFO - Processing /home/snigdh/repos/bigData/spark_demo_env/lib/python3.12/site-packages/airflow/example_dags/example_nested_branch_dag.py took 0.108 seconds
[2026-07-18T21:55:06.048+0545] {processor.py:161} INFO - Started process (PID=276745) to work on /home/snigdh/repos/bigData/spark_demo_env/lib/python3.12/site-packages/airflow/example_dags/example_nested_branch_dag.py
[2026-07-18T21:55:06.050+0545] {processor.py:830} INFO - Processing file /home/snigdh/repos/bigData/spark_demo_env/lib/python3.12/site-packages/airflow/example_dags/example_nested_branch_dag.py for tasks to queue
[2026-07-18T21:55:06.051+0545] {logging_mixin.py:188} INFO - [2026-07-18T21:55:06.050+0545] {dagbag.py:545} INFO - Filling up the DagBag from /home/snigdh/repos/bigData/spark_demo_env/lib/python3.12/site-packages/airflow/example_dags/example_nested_branch_dag.py
[2026-07-18T21:55:06.063+0545] {processor.py:840} INFO - DAG(s) 'example_nested_branch_dag' retrieved from /home/snigdh/repos/bigData/spark_demo_env/lib/python3.12/site-packages/airflow/example_dags/example_nested_branch_dag.py
[2026-07-18T21:55:06.087+0545] {logging_mixin.py:188} INFO - [2026-07-18T21:55:06.086+0545] {dag.py:3089} INFO - Sync 1 DAGs
[2026-07-18T21:55:06.108+0545] {logging_mixin.py:188} INFO - [2026-07-18T21:55:06.108+0545] {dag.py:3947} INFO - Setting next_dagrun for example_nested_branch_dag to 2026-07-17 00:00:00+00:00, run_after=2026-07-18 00:00:00+00:00
[2026-07-18T21:55:06.129+0545] {processor.py:183} INFO - Processing /home/snigdh/repos/bigData/spark_demo_env/lib/python3.12/site-packages/airflow/example_dags/example_nested_branch_dag.py took 0.088 seconds
[2026-07-18T21:56:13.350+0545] {processor.py:161} INFO - Started process (PID=277381) to work on /home/snigdh/repos/bigData/spark_demo_env/lib/python3.12/site-packages/airflow/example_dags/example_nested_branch_dag.py
[2026-07-18T21:56:13.354+0545] {processor.py:830} INFO - Processing file /home/snigdh/repos/bigData/spark_demo_env/lib/python3.12/site-packages/airflow/example_dags/example_nested_branch_dag.py for tasks to queue
[2026-07-18T21:56:13.356+0545] {logging_mixin.py:188} INFO - [2026-07-18T21:56:13.356+0545] {dagbag.py:545} INFO - Filling up the DagBag from /home/snigdh/repos/bigData/spark_demo_env/lib/python3.12/site-packages/airflow/example_dags/example_nested_branch_dag.py
[2026-07-18T21:56:13.370+0545] {processor.py:840} INFO - DAG(s) 'example_nested_branch_dag' retrieved from /home/snigdh/repos/bigData/spark_demo_env/lib/python3.12/site-packages/airflow/example_dags/example_nested_branch_dag.py
[2026-07-18T21:56:13.393+0545] {logging_mixin.py:188} INFO - [2026-07-18T21:56:13.393+0545] {dag.py:3089} INFO - Sync 1 DAGs
[2026-07-18T21:56:13.411+0545] {logging_mixin.py:188} INFO - [2026-07-18T21:56:13.410+0545] {dag.py:3947} INFO - Setting next_dagrun for example_nested_branch_dag to 2026-07-17 00:00:00+00:00, run_after=2026-07-18 00:00:00+00:00
[2026-07-18T21:56:13.433+0545] {processor.py:183} INFO - Processing /home/snigdh/repos/bigData/spark_demo_env/lib/python3.12/site-packages/airflow/example_dags/example_nested_branch_dag.py took 0.090 seconds
[2026-07-18T21:57:17.938+0545] {processor.py:161} INFO - Started process (PID=278001) to work on /home/snigdh/repos/bigData/spark_demo_env/lib/python3.12/site-packages/airflow/example_dags/example_nested_branch_dag.py
[2026-07-18T21:57:17.942+0545] {processor.py:830} INFO - Processing file /home/snigdh/repos/bigData/spark_demo_env/lib/python3.12/site-packages/airflow/example_dags/example_nested_branch_dag.py for tasks to queue
[2026-07-18T21:57:17.943+0545] {logging_mixin.py:188} INFO - [2026-07-18T21:57:17.943+0545] {dagbag.py:545} INFO - Filling up the DagBag from /home/snigdh/repos/bigData/spark_demo_env/lib/python3.12/site-packages/airflow/example_dags/example_nested_branch_dag.py
[2026-07-18T21:57:17.958+0545] {processor.py:840} INFO - DAG(s) 'example_nested_branch_dag' retrieved from /home/snigdh/repos/bigData/spark_demo_env/lib/python3.12/site-packages/airflow/example_dags/example_nested_branch_dag.py
[2026-07-18T21:57:17.988+0545] {logging_mixin.py:188} INFO - [2026-07-18T21:57:17.988+0545] {dag.py:3089} INFO - Sync 1 DAGs
[2026-07-18T21:57:18.019+0545] {logging_mixin.py:188} INFO - [2026-07-18T21:57:18.018+0545] {dag.py:3947} INFO - Setting next_dagrun for example_nested_branch_dag to 2026-07-17 00:00:00+00:00, run_after=2026-07-18 00:00:00+00:00
[2026-07-18T21:57:18.051+0545] {processor.py:183} INFO - Processing /home/snigdh/repos/bigData/spark_demo_env/lib/python3.12/site-packages/airflow/example_dags/example_nested_branch_dag.py took 0.123 seconds
[2026-07-18T21:58:07.731+0545] {processor.py:161} INFO - Started process (PID=278496) to work on /home/snigdh/repos/bigData/spark_demo_env/lib/python3.12/site-packages/airflow/example_dags/example_nested_branch_dag.py
[2026-07-18T21:58:07.735+0545] {processor.py:830} INFO - Processing file /home/snigdh/repos/bigData/spark_demo_env/lib/python3.12/site-packages/airflow/example_dags/example_nested_branch_dag.py for tasks to queue
[2026-07-18T21:58:07.737+0545] {logging_mixin.py:188} INFO - [2026-07-18T21:58:07.736+0545] {dagbag.py:545} INFO - Filling up the DagBag from /home/snigdh/repos/bigData/spark_demo_env/lib/python3.12/site-packages/airflow/example_dags/example_nested_branch_dag.py
[2026-07-18T21:58:07.752+0545] {processor.py:840} INFO - DAG(s) 'example_nested_branch_dag' retrieved from /home/snigdh/repos/bigData/spark_demo_env/lib/python3.12/site-packages/airflow/example_dags/example_nested_branch_dag.py
[2026-07-18T21:58:07.780+0545] {logging_mixin.py:188} INFO - [2026-07-18T21:58:07.779+0545] {dag.py:3089} INFO - Sync 1 DAGs
[2026-07-18T21:58:07.800+0545] {logging_mixin.py:188} INFO - [2026-07-18T21:58:07.800+0545] {dag.py:3947} INFO - Setting next_dagrun for example_nested_branch_dag to 2026-07-17 00:00:00+00:00, run_after=2026-07-18 00:00:00+00:00
[2026-07-18T21:58:07.825+0545] {processor.py:183} INFO - Processing /home/snigdh/repos/bigData/spark_demo_env/lib/python3.12/site-packages/airflow/example_dags/example_nested_branch_dag.py took 0.102 seconds
[2026-07-18T21:59:16.230+0545] {processor.py:161} INFO - Started process (PID=279123) to work on /home/snigdh/repos/bigData/spark_demo_env/lib/python3.12/site-packages/airflow/example_dags/example_nested_branch_dag.py
[2026-07-18T21:59:16.234+0545] {processor.py:830} INFO - Processing file /home/snigdh/repos/bigData/spark_demo_env/lib/python3.12/site-packages/airflow/example_dags/example_nested_branch_dag.py for tasks to queue
[2026-07-18T21:59:16.235+0545] {logging_mixin.py:188} INFO - [2026-07-18T21:59:16.234+0545] {dagbag.py:545} INFO - Filling up the DagBag from /home/snigdh/repos/bigData/spark_demo_env/lib/python3.12/site-packages/airflow/example_dags/example_nested_branch_dag.py
[2026-07-18T21:59:16.248+0545] {processor.py:840} INFO - DAG(s) 'example_nested_branch_dag' retrieved from /home/snigdh/repos/bigData/spark_demo_env/lib/python3.12/site-packages/airflow/example_dags/example_nested_branch_dag.py
[2026-07-18T21:59:16.271+0545] {logging_mixin.py:188} INFO - [2026-07-18T21:59:16.271+0545] {dag.py:3089} INFO - Sync 1 DAGs
[2026-07-18T21:59:16.288+0545] {logging_mixin.py:188} INFO - [2026-07-18T21:59:16.288+0545] {dag.py:3947} INFO - Setting next_dagrun for example_nested_branch_dag to 2026-07-17 00:00:00+00:00, run_after=2026-07-18 00:00:00+00:00
[2026-07-18T21:59:16.308+0545] {processor.py:183} INFO - Processing /home/snigdh/repos/bigData/spark_demo_env/lib/python3.12/site-packages/airflow/example_dags/example_nested_branch_dag.py took 0.085 seconds
[2026-07-18T22:00:26.207+0545] {processor.py:161} INFO - Started process (PID=279745) to work on /home/snigdh/repos/bigData/spark_demo_env/lib/python3.12/site-packages/airflow/example_dags/example_nested_branch_dag.py
[2026-07-18T22:00:26.211+0545] {processor.py:830} INFO - Processing file /home/snigdh/repos/bigData/spark_demo_env/lib/python3.12/site-packages/airflow/example_dags/example_nested_branch_dag.py for tasks to queue
[2026-07-18T22:00:26.213+0545] {logging_mixin.py:188} INFO - [2026-07-18T22:00:26.212+0545] {dagbag.py:545} INFO - Filling up the DagBag from /home/snigdh/repos/bigData/spark_demo_env/lib/python3.12/site-packages/airflow/example_dags/example_nested_branch_dag.py
[2026-07-18T22:00:26.230+0545] {processor.py:840} INFO - DAG(s) 'example_nested_branch_dag' retrieved from /home/snigdh/repos/bigData/spark_demo_env/lib/python3.12/site-packages/airflow/example_dags/example_nested_branch_dag.py
[2026-07-18T22:00:26.260+0545] {logging_mixin.py:188} INFO - [2026-07-18T22:00:26.260+0545] {dag.py:3089} INFO - Sync 1 DAGs
[2026-07-18T22:00:26.286+0545] {logging_mixin.py:188} INFO - [2026-07-18T22:00:26.286+0545] {dag.py:3947} INFO - Setting next_dagrun for example_nested_branch_dag to 2026-07-17 00:00:00+00:00, run_after=2026-07-18 00:00:00+00:00
[2026-07-18T22:00:26.315+0545] {processor.py:183} INFO - Processing /home/snigdh/repos/bigData/spark_demo_env/lib/python3.12/site-packages/airflow/example_dags/example_nested_branch_dag.py took 0.118 seconds
[2026-07-18T22:01:34.891+0545] {processor.py:161} INFO - Started process (PID=280423) to work on /home/snigdh/repos/bigData/spark_demo_env/lib/python3.12/site-packages/airflow/example_dags/example_nested_branch_dag.py
[2026-07-18T22:01:34.895+0545] {processor.py:830} INFO - Processing file /home/snigdh/repos/bigData/spark_demo_env/lib/python3.12/site-packages/airflow/example_dags/example_nested_branch_dag.py for tasks to queue
[2026-07-18T22:01:34.896+0545] {logging_mixin.py:188} INFO - [2026-07-18T22:01:34.896+0545] {dagbag.py:545} INFO - Filling up the DagBag from /home/snigdh/repos/bigData/spark_demo_env/lib/python3.12/site-packages/airflow/example_dags/example_nested_branch_dag.py
[2026-07-18T22:01:34.910+0545] {processor.py:840} INFO - DAG(s) 'example_nested_branch_dag' retrieved from /home/snigdh/repos/bigData/spark_demo_env/lib/python3.12/site-packages/airflow/example_dags/example_nested_branch_dag.py
[2026-07-18T22:01:34.933+0545] {logging_mixin.py:188} INFO - [2026-07-18T22:01:34.932+0545] {dag.py:3089} INFO - Sync 1 DAGs
[2026-07-18T22:01:34.950+0545] {logging_mixin.py:188} INFO - [2026-07-18T22:01:34.950+0545] {dag.py:3947} INFO - Setting next_dagrun for example_nested_branch_dag to 2026-07-17 00:00:00+00:00, run_after=2026-07-18 00:00:00+00:00
[2026-07-18T22:01:34.971+0545] {processor.py:183} INFO - Processing /home/snigdh/repos/bigData/spark_demo_env/lib/python3.12/site-packages/airflow/example_dags/example_nested_branch_dag.py took 0.088 seconds
[2026-07-18T22:02:40.282+0545] {processor.py:161} INFO - Started process (PID=281072) to work on /home/snigdh/repos/bigData/spark_demo_env/lib/python3.12/site-packages/airflow/example_dags/example_nested_branch_dag.py
[2026-07-18T22:02:40.286+0545] {processor.py:830} INFO - Processing file /home/snigdh/repos/bigData/spark_demo_env/lib/python3.12/site-packages/airflow/example_dags/example_nested_branch_dag.py for tasks to queue
[2026-07-18T22:02:40.287+0545] {logging_mixin.py:188} INFO - [2026-07-18T22:02:40.287+0545] {dagbag.py:545} INFO - Filling up the DagBag from /home/snigdh/repos/bigData/spark_demo_env/lib/python3.12/site-packages/airflow/example_dags/example_nested_branch_dag.py
[2026-07-18T22:02:40.299+0545] {processor.py:840} INFO - DAG(s) 'example_nested_branch_dag' retrieved from /home/snigdh/repos/bigData/spark_demo_env/lib/python3.12/site-packages/airflow/example_dags/example_nested_branch_dag.py
[2026-07-18T22:02:40.320+0545] {logging_mixin.py:188} INFO - [2026-07-18T22:02:40.320+0545] {dag.py:3089} INFO - Sync 1 DAGs
[2026-07-18T22:02:40.339+0545] {logging_mixin.py:188} INFO - [2026-07-18T22:02:40.339+0545] {dag.py:3947} INFO - Setting next_dagrun for example_nested_branch_dag to 2026-07-17 00:00:00+00:00, run_after=2026-07-18 00:00:00+00:00
[2026-07-18T22:02:40.363+0545] {processor.py:183} INFO - Processing /home/snigdh/repos/bigData/spark_demo_env/lib/python3.12/site-packages/airflow/example_dags/example_nested_branch_dag.py took 0.089 seconds
