[2026-07-18T21:38:55.995+0545] {processor.py:161} INFO - Started process (PID=262588) to work on /home/snigdh/repos/bigData/spark_demo_env/lib/python3.12/site-packages/airflow/example_dags/example_dag_decorator.py
[2026-07-18T21:38:55.996+0545] {processor.py:830} INFO - Processing file /home/snigdh/repos/bigData/spark_demo_env/lib/python3.12/site-packages/airflow/example_dags/example_dag_decorator.py for tasks to queue
[2026-07-18T21:38:55.998+0545] {logging_mixin.py:188} INFO - [2026-07-18T21:38:55.998+0545] {dagbag.py:545} INFO - Filling up the DagBag from /home/snigdh/repos/bigData/spark_demo_env/lib/python3.12/site-packages/airflow/example_dags/example_dag_decorator.py
[2026-07-18T21:38:56.095+0545] {processor.py:840} INFO - DAG(s) 'example_dag_decorator' retrieved from /home/snigdh/repos/bigData/spark_demo_env/lib/python3.12/site-packages/airflow/example_dags/example_dag_decorator.py
[2026-07-18T21:38:56.210+0545] {logging_mixin.py:188} INFO - [2026-07-18T21:38:56.209+0545] {override.py:1858} INFO - Created Permission View: can delete on DAG:example_dag_decorator
[2026-07-18T21:38:56.226+0545] {logging_mixin.py:188} INFO - [2026-07-18T21:38:56.225+0545] {override.py:1858} INFO - Created Permission View: can read on DAG:example_dag_decorator
[2026-07-18T21:38:56.237+0545] {logging_mixin.py:188} INFO - [2026-07-18T21:38:56.236+0545] {override.py:1858} INFO - Created Permission View: can edit on DAG:example_dag_decorator
[2026-07-18T21:38:56.238+0545] {logging_mixin.py:188} INFO - [2026-07-18T21:38:56.237+0545] {dag.py:3089} INFO - Sync 1 DAGs
[2026-07-18T21:38:56.250+0545] {logging_mixin.py:188} INFO - [2026-07-18T21:38:56.249+0545] {dag.py:3111} INFO - Creating ORM DAG for example_dag_decorator
[2026-07-18T21:38:56.250+0545] {logging_mixin.py:188} INFO - [2026-07-18T21:38:56.250+0545] {dag.py:3947} INFO - Setting next_dagrun for example_dag_decorator to None, run_after=None
[2026-07-18T21:38:56.277+0545] {processor.py:183} INFO - Processing /home/snigdh/repos/bigData/spark_demo_env/lib/python3.12/site-packages/airflow/example_dags/example_dag_decorator.py took 0.289 seconds
[2026-07-18T21:39:52.143+0545] {processor.py:161} INFO - Started process (PID=262872) to work on /home/snigdh/repos/bigData/spark_demo_env/lib/python3.12/site-packages/airflow/example_dags/example_dag_decorator.py
[2026-07-18T21:39:52.146+0545] {processor.py:830} INFO - Processing file /home/snigdh/repos/bigData/spark_demo_env/lib/python3.12/site-packages/airflow/example_dags/example_dag_decorator.py for tasks to queue
[2026-07-18T21:39:52.148+0545] {logging_mixin.py:188} INFO - [2026-07-18T21:39:52.148+0545] {dagbag.py:545} INFO - Filling up the DagBag from /home/snigdh/repos/bigData/spark_demo_env/lib/python3.12/site-packages/airflow/example_dags/example_dag_decorator.py
[2026-07-18T21:39:52.252+0545] {processor.py:840} INFO - DAG(s) 'example_dag_decorator' retrieved from /home/snigdh/repos/bigData/spark_demo_env/lib/python3.12/site-packages/airflow/example_dags/example_dag_decorator.py
[2026-07-18T21:39:52.356+0545] {logging_mixin.py:188} INFO - [2026-07-18T21:39:52.355+0545] {dag.py:3089} INFO - Sync 1 DAGs
[2026-07-18T21:39:52.367+0545] {logging_mixin.py:188} INFO - [2026-07-18T21:39:52.367+0545] {dag.py:3947} INFO - Setting next_dagrun for example_dag_decorator to None, run_after=None
[2026-07-18T21:39:52.398+0545] {processor.py:183} INFO - Processing /home/snigdh/repos/bigData/spark_demo_env/lib/python3.12/site-packages/airflow/example_dags/example_dag_decorator.py took 0.262 seconds
[2026-07-18T21:47:10.758+0545] {processor.py:161} INFO - Started process (PID=270172) to work on /home/snigdh/repos/bigData/spark_demo_env/lib/python3.12/site-packages/airflow/example_dags/example_dag_decorator.py
[2026-07-18T21:47:10.762+0545] {processor.py:830} INFO - Processing file /home/snigdh/repos/bigData/spark_demo_env/lib/python3.12/site-packages/airflow/example_dags/example_dag_decorator.py for tasks to queue
[2026-07-18T21:47:10.763+0545] {logging_mixin.py:188} INFO - [2026-07-18T21:47:10.763+0545] {dagbag.py:545} INFO - Filling up the DagBag from /home/snigdh/repos/bigData/spark_demo_env/lib/python3.12/site-packages/airflow/example_dags/example_dag_decorator.py
[2026-07-18T21:47:10.997+0545] {processor.py:840} INFO - DAG(s) 'example_dag_decorator' retrieved from /home/snigdh/repos/bigData/spark_demo_env/lib/python3.12/site-packages/airflow/example_dags/example_dag_decorator.py
[2026-07-18T21:47:11.087+0545] {logging_mixin.py:188} INFO - [2026-07-18T21:47:11.087+0545] {dag.py:3089} INFO - Sync 1 DAGs
[2026-07-18T21:47:11.097+0545] {logging_mixin.py:188} INFO - [2026-07-18T21:47:11.096+0545] {dag.py:3947} INFO - Setting next_dagrun for example_dag_decorator to None, run_after=None
[2026-07-18T21:47:11.123+0545] {processor.py:183} INFO - Processing /home/snigdh/repos/bigData/spark_demo_env/lib/python3.12/site-packages/airflow/example_dags/example_dag_decorator.py took 0.375 seconds
[2026-07-18T21:48:04.355+0545] {processor.py:161} INFO - Started process (PID=270831) to work on /home/snigdh/repos/bigData/spark_demo_env/lib/python3.12/site-packages/airflow/example_dags/example_dag_decorator.py
[2026-07-18T21:48:04.357+0545] {processor.py:830} INFO - Processing file /home/snigdh/repos/bigData/spark_demo_env/lib/python3.12/site-packages/airflow/example_dags/example_dag_decorator.py for tasks to queue
[2026-07-18T21:48:04.358+0545] {logging_mixin.py:188} INFO - [2026-07-18T21:48:04.357+0545] {dagbag.py:545} INFO - Filling up the DagBag from /home/snigdh/repos/bigData/spark_demo_env/lib/python3.12/site-packages/airflow/example_dags/example_dag_decorator.py
[2026-07-18T21:48:04.604+0545] {processor.py:840} INFO - DAG(s) 'example_dag_decorator' retrieved from /home/snigdh/repos/bigData/spark_demo_env/lib/python3.12/site-packages/airflow/example_dags/example_dag_decorator.py
[2026-07-18T21:48:04.698+0545] {logging_mixin.py:188} INFO - [2026-07-18T21:48:04.697+0545] {dag.py:3089} INFO - Sync 1 DAGs
[2026-07-18T21:48:04.705+0545] {logging_mixin.py:188} INFO - [2026-07-18T21:48:04.705+0545] {dag.py:3947} INFO - Setting next_dagrun for example_dag_decorator to None, run_after=None
[2026-07-18T21:48:04.727+0545] {processor.py:183} INFO - Processing /home/snigdh/repos/bigData/spark_demo_env/lib/python3.12/site-packages/airflow/example_dags/example_dag_decorator.py took 0.381 seconds
[2026-07-18T21:49:11.349+0545] {processor.py:161} INFO - Started process (PID=271920) to work on /home/snigdh/repos/bigData/spark_demo_env/lib/python3.12/site-packages/airflow/example_dags/example_dag_decorator.py
[2026-07-18T21:49:11.353+0545] {processor.py:830} INFO - Processing file /home/snigdh/repos/bigData/spark_demo_env/lib/python3.12/site-packages/airflow/example_dags/example_dag_decorator.py for tasks to queue
[2026-07-18T21:49:11.354+0545] {logging_mixin.py:188} INFO - [2026-07-18T21:49:11.353+0545] {dagbag.py:545} INFO - Filling up the DagBag from /home/snigdh/repos/bigData/spark_demo_env/lib/python3.12/site-packages/airflow/example_dags/example_dag_decorator.py
[2026-07-18T21:49:11.618+0545] {processor.py:840} INFO - DAG(s) 'example_dag_decorator' retrieved from /home/snigdh/repos/bigData/spark_demo_env/lib/python3.12/site-packages/airflow/example_dags/example_dag_decorator.py
[2026-07-18T21:49:11.706+0545] {logging_mixin.py:188} INFO - [2026-07-18T21:49:11.706+0545] {dag.py:3089} INFO - Sync 1 DAGs
[2026-07-18T21:49:11.714+0545] {logging_mixin.py:188} INFO - [2026-07-18T21:49:11.713+0545] {dag.py:3947} INFO - Setting next_dagrun for example_dag_decorator to None, run_after=None
[2026-07-18T21:49:11.739+0545] {processor.py:183} INFO - Processing /home/snigdh/repos/bigData/spark_demo_env/lib/python3.12/site-packages/airflow/example_dags/example_dag_decorator.py took 0.398 seconds
[2026-07-18T21:50:06.853+0545] {processor.py:161} INFO - Started process (PID=272590) to work on /home/snigdh/repos/bigData/spark_demo_env/lib/python3.12/site-packages/airflow/example_dags/example_dag_decorator.py
[2026-07-18T21:50:06.856+0545] {processor.py:830} INFO - Processing file /home/snigdh/repos/bigData/spark_demo_env/lib/python3.12/site-packages/airflow/example_dags/example_dag_decorator.py for tasks to queue
[2026-07-18T21:50:06.858+0545] {logging_mixin.py:188} INFO - [2026-07-18T21:50:06.857+0545] {dagbag.py:545} INFO - Filling up the DagBag from /home/snigdh/repos/bigData/spark_demo_env/lib/python3.12/site-packages/airflow/example_dags/example_dag_decorator.py
[2026-07-18T21:50:06.955+0545] {processor.py:840} INFO - DAG(s) 'example_dag_decorator' retrieved from /home/snigdh/repos/bigData/spark_demo_env/lib/python3.12/site-packages/airflow/example_dags/example_dag_decorator.py
[2026-07-18T21:50:07.040+0545] {logging_mixin.py:188} INFO - [2026-07-18T21:50:07.039+0545] {dag.py:3089} INFO - Sync 1 DAGs
[2026-07-18T21:50:07.047+0545] {logging_mixin.py:188} INFO - [2026-07-18T21:50:07.046+0545] {dag.py:3947} INFO - Setting next_dagrun for example_dag_decorator to None, run_after=None
[2026-07-18T21:50:07.068+0545] {processor.py:183} INFO - Processing /home/snigdh/repos/bigData/spark_demo_env/lib/python3.12/site-packages/airflow/example_dags/example_dag_decorator.py took 0.223 seconds
[2026-07-18T21:51:13.067+0545] {processor.py:161} INFO - Started process (PID=273460) to work on /home/snigdh/repos/bigData/spark_demo_env/lib/python3.12/site-packages/airflow/example_dags/example_dag_decorator.py
[2026-07-18T21:51:13.071+0545] {processor.py:830} INFO - Processing file /home/snigdh/repos/bigData/spark_demo_env/lib/python3.12/site-packages/airflow/example_dags/example_dag_decorator.py for tasks to queue
[2026-07-18T21:51:13.072+0545] {logging_mixin.py:188} INFO - [2026-07-18T21:51:13.072+0545] {dagbag.py:545} INFO - Filling up the DagBag from /home/snigdh/repos/bigData/spark_demo_env/lib/python3.12/site-packages/airflow/example_dags/example_dag_decorator.py
[2026-07-18T21:51:13.223+0545] {processor.py:840} INFO - DAG(s) 'example_dag_decorator' retrieved from /home/snigdh/repos/bigData/spark_demo_env/lib/python3.12/site-packages/airflow/example_dags/example_dag_decorator.py
[2026-07-18T21:51:13.336+0545] {logging_mixin.py:188} INFO - [2026-07-18T21:51:13.335+0545] {dag.py:3089} INFO - Sync 1 DAGs
[2026-07-18T21:51:13.351+0545] {logging_mixin.py:188} INFO - [2026-07-18T21:51:13.350+0545] {dag.py:3947} INFO - Setting next_dagrun for example_dag_decorator to None, run_after=None
[2026-07-18T21:51:13.386+0545] {processor.py:183} INFO - Processing /home/snigdh/repos/bigData/spark_demo_env/lib/python3.12/site-packages/airflow/example_dags/example_dag_decorator.py took 0.327 seconds
[2026-07-18T21:52:23.537+0545] {processor.py:161} INFO - Started process (PID=274396) to work on /home/snigdh/repos/bigData/spark_demo_env/lib/python3.12/site-packages/airflow/example_dags/example_dag_decorator.py
[2026-07-18T21:52:23.541+0545] {processor.py:830} INFO - Processing file /home/snigdh/repos/bigData/spark_demo_env/lib/python3.12/site-packages/airflow/example_dags/example_dag_decorator.py for tasks to queue
[2026-07-18T21:52:23.542+0545] {logging_mixin.py:188} INFO - [2026-07-18T21:52:23.541+0545] {dagbag.py:545} INFO - Filling up the DagBag from /home/snigdh/repos/bigData/spark_demo_env/lib/python3.12/site-packages/airflow/example_dags/example_dag_decorator.py
[2026-07-18T21:52:23.633+0545] {processor.py:840} INFO - DAG(s) 'example_dag_decorator' retrieved from /home/snigdh/repos/bigData/spark_demo_env/lib/python3.12/site-packages/airflow/example_dags/example_dag_decorator.py
[2026-07-18T21:52:23.725+0545] {logging_mixin.py:188} INFO - [2026-07-18T21:52:23.725+0545] {dag.py:3089} INFO - Sync 1 DAGs
[2026-07-18T21:52:23.733+0545] {logging_mixin.py:188} INFO - [2026-07-18T21:52:23.733+0545] {dag.py:3947} INFO - Setting next_dagrun for example_dag_decorator to None, run_after=None
[2026-07-18T21:52:23.756+0545] {processor.py:183} INFO - Processing /home/snigdh/repos/bigData/spark_demo_env/lib/python3.12/site-packages/airflow/example_dags/example_dag_decorator.py took 0.227 seconds
[2026-07-18T21:53:31.460+0545] {processor.py:161} INFO - Started process (PID=275330) to work on /home/snigdh/repos/bigData/spark_demo_env/lib/python3.12/site-packages/airflow/example_dags/example_dag_decorator.py
[2026-07-18T21:53:31.462+0545] {processor.py:830} INFO - Processing file /home/snigdh/repos/bigData/spark_demo_env/lib/python3.12/site-packages/airflow/example_dags/example_dag_decorator.py for tasks to queue
[2026-07-18T21:53:31.463+0545] {logging_mixin.py:188} INFO - [2026-07-18T21:53:31.463+0545] {dagbag.py:545} INFO - Filling up the DagBag from /home/snigdh/repos/bigData/spark_demo_env/lib/python3.12/site-packages/airflow/example_dags/example_dag_decorator.py
[2026-07-18T21:53:31.582+0545] {processor.py:840} INFO - DAG(s) 'example_dag_decorator' retrieved from /home/snigdh/repos/bigData/spark_demo_env/lib/python3.12/site-packages/airflow/example_dags/example_dag_decorator.py
[2026-07-18T21:53:31.686+0545] {logging_mixin.py:188} INFO - [2026-07-18T21:53:31.685+0545] {dag.py:3089} INFO - Sync 1 DAGs
[2026-07-18T21:53:31.697+0545] {logging_mixin.py:188} INFO - [2026-07-18T21:53:31.697+0545] {dag.py:3947} INFO - Setting next_dagrun for example_dag_decorator to None, run_after=None
[2026-07-18T21:53:31.725+0545] {processor.py:183} INFO - Processing /home/snigdh/repos/bigData/spark_demo_env/lib/python3.12/site-packages/airflow/example_dags/example_dag_decorator.py took 0.276 seconds
[2026-07-18T21:54:26.339+0545] {processor.py:161} INFO - Started process (PID=276198) to work on /home/snigdh/repos/bigData/spark_demo_env/lib/python3.12/site-packages/airflow/example_dags/example_dag_decorator.py
[2026-07-18T21:54:26.342+0545] {processor.py:830} INFO - Processing file /home/snigdh/repos/bigData/spark_demo_env/lib/python3.12/site-packages/airflow/example_dags/example_dag_decorator.py for tasks to queue
[2026-07-18T21:54:26.344+0545] {logging_mixin.py:188} INFO - [2026-07-18T21:54:26.343+0545] {dagbag.py:545} INFO - Filling up the DagBag from /home/snigdh/repos/bigData/spark_demo_env/lib/python3.12/site-packages/airflow/example_dags/example_dag_decorator.py
[2026-07-18T21:54:26.437+0545] {processor.py:840} INFO - DAG(s) 'example_dag_decorator' retrieved from /home/snigdh/repos/bigData/spark_demo_env/lib/python3.12/site-packages/airflow/example_dags/example_dag_decorator.py
[2026-07-18T21:54:26.534+0545] {logging_mixin.py:188} INFO - [2026-07-18T21:54:26.534+0545] {dag.py:3089} INFO - Sync 1 DAGs
[2026-07-18T21:54:26.542+0545] {logging_mixin.py:188} INFO - [2026-07-18T21:54:26.542+0545] {dag.py:3947} INFO - Setting next_dagrun for example_dag_decorator to None, run_after=None
[2026-07-18T21:54:26.563+0545] {processor.py:183} INFO - Processing /home/snigdh/repos/bigData/spark_demo_env/lib/python3.12/site-packages/airflow/example_dags/example_dag_decorator.py took 0.232 seconds
[2026-07-18T21:55:34.368+0545] {processor.py:161} INFO - Started process (PID=277021) to work on /home/snigdh/repos/bigData/spark_demo_env/lib/python3.12/site-packages/airflow/example_dags/example_dag_decorator.py
[2026-07-18T21:55:34.370+0545] {processor.py:830} INFO - Processing file /home/snigdh/repos/bigData/spark_demo_env/lib/python3.12/site-packages/airflow/example_dags/example_dag_decorator.py for tasks to queue
[2026-07-18T21:55:34.371+0545] {logging_mixin.py:188} INFO - [2026-07-18T21:55:34.370+0545] {dagbag.py:545} INFO - Filling up the DagBag from /home/snigdh/repos/bigData/spark_demo_env/lib/python3.12/site-packages/airflow/example_dags/example_dag_decorator.py
[2026-07-18T21:55:34.519+0545] {processor.py:840} INFO - DAG(s) 'example_dag_decorator' retrieved from /home/snigdh/repos/bigData/spark_demo_env/lib/python3.12/site-packages/airflow/example_dags/example_dag_decorator.py
[2026-07-18T21:55:34.641+0545] {logging_mixin.py:188} INFO - [2026-07-18T21:55:34.640+0545] {dag.py:3089} INFO - Sync 1 DAGs
[2026-07-18T21:55:34.648+0545] {logging_mixin.py:188} INFO - [2026-07-18T21:55:34.648+0545] {dag.py:3947} INFO - Setting next_dagrun for example_dag_decorator to None, run_after=None
[2026-07-18T21:55:34.669+0545] {processor.py:183} INFO - Processing /home/snigdh/repos/bigData/spark_demo_env/lib/python3.12/site-packages/airflow/example_dags/example_dag_decorator.py took 0.309 seconds
[2026-07-18T21:56:39.656+0545] {processor.py:161} INFO - Started process (PID=277642) to work on /home/snigdh/repos/bigData/spark_demo_env/lib/python3.12/site-packages/airflow/example_dags/example_dag_decorator.py
[2026-07-18T21:56:39.657+0545] {processor.py:830} INFO - Processing file /home/snigdh/repos/bigData/spark_demo_env/lib/python3.12/site-packages/airflow/example_dags/example_dag_decorator.py for tasks to queue
[2026-07-18T21:56:39.659+0545] {logging_mixin.py:188} INFO - [2026-07-18T21:56:39.658+0545] {dagbag.py:545} INFO - Filling up the DagBag from /home/snigdh/repos/bigData/spark_demo_env/lib/python3.12/site-packages/airflow/example_dags/example_dag_decorator.py
[2026-07-18T21:56:39.772+0545] {processor.py:840} INFO - DAG(s) 'example_dag_decorator' retrieved from /home/snigdh/repos/bigData/spark_demo_env/lib/python3.12/site-packages/airflow/example_dags/example_dag_decorator.py
[2026-07-18T21:56:39.868+0545] {logging_mixin.py:188} INFO - [2026-07-18T21:56:39.868+0545] {dag.py:3089} INFO - Sync 1 DAGs
[2026-07-18T21:56:39.877+0545] {logging_mixin.py:188} INFO - [2026-07-18T21:56:39.877+0545] {dag.py:3947} INFO - Setting next_dagrun for example_dag_decorator to None, run_after=None
[2026-07-18T21:56:39.905+0545] {processor.py:183} INFO - Processing /home/snigdh/repos/bigData/spark_demo_env/lib/python3.12/site-packages/airflow/example_dags/example_dag_decorator.py took 0.257 seconds
[2026-07-18T21:57:47.650+0545] {processor.py:161} INFO - Started process (PID=278283) to work on /home/snigdh/repos/bigData/spark_demo_env/lib/python3.12/site-packages/airflow/example_dags/example_dag_decorator.py
[2026-07-18T21:57:47.654+0545] {processor.py:830} INFO - Processing file /home/snigdh/repos/bigData/spark_demo_env/lib/python3.12/site-packages/airflow/example_dags/example_dag_decorator.py for tasks to queue
[2026-07-18T21:57:47.655+0545] {logging_mixin.py:188} INFO - [2026-07-18T21:57:47.655+0545] {dagbag.py:545} INFO - Filling up the DagBag from /home/snigdh/repos/bigData/spark_demo_env/lib/python3.12/site-packages/airflow/example_dags/example_dag_decorator.py
[2026-07-18T21:57:47.753+0545] {processor.py:840} INFO - DAG(s) 'example_dag_decorator' retrieved from /home/snigdh/repos/bigData/spark_demo_env/lib/python3.12/site-packages/airflow/example_dags/example_dag_decorator.py
[2026-07-18T21:57:47.852+0545] {logging_mixin.py:188} INFO - [2026-07-18T21:57:47.852+0545] {dag.py:3089} INFO - Sync 1 DAGs
[2026-07-18T21:57:47.861+0545] {logging_mixin.py:188} INFO - [2026-07-18T21:57:47.861+0545] {dag.py:3947} INFO - Setting next_dagrun for example_dag_decorator to None, run_after=None
[2026-07-18T21:57:47.887+0545] {processor.py:183} INFO - Processing /home/snigdh/repos/bigData/spark_demo_env/lib/python3.12/site-packages/airflow/example_dags/example_dag_decorator.py took 0.245 seconds
[2026-07-18T21:58:55.372+0545] {processor.py:161} INFO - Started process (PID=278904) to work on /home/snigdh/repos/bigData/spark_demo_env/lib/python3.12/site-packages/airflow/example_dags/example_dag_decorator.py
[2026-07-18T21:58:55.376+0545] {processor.py:830} INFO - Processing file /home/snigdh/repos/bigData/spark_demo_env/lib/python3.12/site-packages/airflow/example_dags/example_dag_decorator.py for tasks to queue
[2026-07-18T21:58:55.377+0545] {logging_mixin.py:188} INFO - [2026-07-18T21:58:55.376+0545] {dagbag.py:545} INFO - Filling up the DagBag from /home/snigdh/repos/bigData/spark_demo_env/lib/python3.12/site-packages/airflow/example_dags/example_dag_decorator.py
[2026-07-18T21:58:55.496+0545] {processor.py:840} INFO - DAG(s) 'example_dag_decorator' retrieved from /home/snigdh/repos/bigData/spark_demo_env/lib/python3.12/site-packages/airflow/example_dags/example_dag_decorator.py
[2026-07-18T21:58:55.607+0545] {logging_mixin.py:188} INFO - [2026-07-18T21:58:55.607+0545] {dag.py:3089} INFO - Sync 1 DAGs
[2026-07-18T21:58:55.619+0545] {logging_mixin.py:188} INFO - [2026-07-18T21:58:55.619+0545] {dag.py:3947} INFO - Setting next_dagrun for example_dag_decorator to None, run_after=None
[2026-07-18T21:58:55.645+0545] {processor.py:183} INFO - Processing /home/snigdh/repos/bigData/spark_demo_env/lib/python3.12/site-packages/airflow/example_dags/example_dag_decorator.py took 0.283 seconds
[2026-07-18T22:00:06.309+0545] {processor.py:161} INFO - Started process (PID=279615) to work on /home/snigdh/repos/bigData/spark_demo_env/lib/python3.12/site-packages/airflow/example_dags/example_dag_decorator.py
[2026-07-18T22:00:06.313+0545] {processor.py:830} INFO - Processing file /home/snigdh/repos/bigData/spark_demo_env/lib/python3.12/site-packages/airflow/example_dags/example_dag_decorator.py for tasks to queue
[2026-07-18T22:00:06.314+0545] {logging_mixin.py:188} INFO - [2026-07-18T22:00:06.314+0545] {dagbag.py:545} INFO - Filling up the DagBag from /home/snigdh/repos/bigData/spark_demo_env/lib/python3.12/site-packages/airflow/example_dags/example_dag_decorator.py
[2026-07-18T22:00:06.414+0545] {processor.py:840} INFO - DAG(s) 'example_dag_decorator' retrieved from /home/snigdh/repos/bigData/spark_demo_env/lib/python3.12/site-packages/airflow/example_dags/example_dag_decorator.py
[2026-07-18T22:00:06.504+0545] {logging_mixin.py:188} INFO - [2026-07-18T22:00:06.504+0545] {dag.py:3089} INFO - Sync 1 DAGs
[2026-07-18T22:00:06.514+0545] {logging_mixin.py:188} INFO - [2026-07-18T22:00:06.514+0545] {dag.py:3947} INFO - Setting next_dagrun for example_dag_decorator to None, run_after=None
[2026-07-18T22:00:06.539+0545] {processor.py:183} INFO - Processing /home/snigdh/repos/bigData/spark_demo_env/lib/python3.12/site-packages/airflow/example_dags/example_dag_decorator.py took 0.239 seconds
[2026-07-18T22:01:15.406+0545] {processor.py:161} INFO - Started process (PID=280218) to work on /home/snigdh/repos/bigData/spark_demo_env/lib/python3.12/site-packages/airflow/example_dags/example_dag_decorator.py
[2026-07-18T22:01:15.410+0545] {processor.py:830} INFO - Processing file /home/snigdh/repos/bigData/spark_demo_env/lib/python3.12/site-packages/airflow/example_dags/example_dag_decorator.py for tasks to queue
[2026-07-18T22:01:15.411+0545] {logging_mixin.py:188} INFO - [2026-07-18T22:01:15.410+0545] {dagbag.py:545} INFO - Filling up the DagBag from /home/snigdh/repos/bigData/spark_demo_env/lib/python3.12/site-packages/airflow/example_dags/example_dag_decorator.py
[2026-07-18T22:01:15.500+0545] {processor.py:840} INFO - DAG(s) 'example_dag_decorator' retrieved from /home/snigdh/repos/bigData/spark_demo_env/lib/python3.12/site-packages/airflow/example_dags/example_dag_decorator.py
[2026-07-18T22:01:15.595+0545] {logging_mixin.py:188} INFO - [2026-07-18T22:01:15.595+0545] {dag.py:3089} INFO - Sync 1 DAGs
[2026-07-18T22:01:15.604+0545] {logging_mixin.py:188} INFO - [2026-07-18T22:01:15.604+0545] {dag.py:3947} INFO - Setting next_dagrun for example_dag_decorator to None, run_after=None
[2026-07-18T22:01:15.629+0545] {processor.py:183} INFO - Processing /home/snigdh/repos/bigData/spark_demo_env/lib/python3.12/site-packages/airflow/example_dags/example_dag_decorator.py took 0.233 seconds
[2026-07-18T22:02:22.258+0545] {processor.py:161} INFO - Started process (PID=280850) to work on /home/snigdh/repos/bigData/spark_demo_env/lib/python3.12/site-packages/airflow/example_dags/example_dag_decorator.py
[2026-07-18T22:02:22.262+0545] {processor.py:830} INFO - Processing file /home/snigdh/repos/bigData/spark_demo_env/lib/python3.12/site-packages/airflow/example_dags/example_dag_decorator.py for tasks to queue
[2026-07-18T22:02:22.264+0545] {logging_mixin.py:188} INFO - [2026-07-18T22:02:22.263+0545] {dagbag.py:545} INFO - Filling up the DagBag from /home/snigdh/repos/bigData/spark_demo_env/lib/python3.12/site-packages/airflow/example_dags/example_dag_decorator.py
[2026-07-18T22:02:22.373+0545] {processor.py:840} INFO - DAG(s) 'example_dag_decorator' retrieved from /home/snigdh/repos/bigData/spark_demo_env/lib/python3.12/site-packages/airflow/example_dags/example_dag_decorator.py
[2026-07-18T22:02:22.476+0545] {logging_mixin.py:188} INFO - [2026-07-18T22:02:22.475+0545] {dag.py:3089} INFO - Sync 1 DAGs
[2026-07-18T22:02:22.485+0545] {logging_mixin.py:188} INFO - [2026-07-18T22:02:22.484+0545] {dag.py:3947} INFO - Setting next_dagrun for example_dag_decorator to None, run_after=None
[2026-07-18T22:02:22.514+0545] {processor.py:183} INFO - Processing /home/snigdh/repos/bigData/spark_demo_env/lib/python3.12/site-packages/airflow/example_dags/example_dag_decorator.py took 0.266 seconds
