[2026-07-18T21:38:57.781+0545] {processor.py:161} INFO - Started process (PID=262596) to work on /home/snigdh/repos/bigData/spark_demo_env/lib/python3.12/site-packages/airflow/example_dags/example_branch_python_dop_operator_3.py
[2026-07-18T21:38:57.782+0545] {processor.py:830} INFO - Processing file /home/snigdh/repos/bigData/spark_demo_env/lib/python3.12/site-packages/airflow/example_dags/example_branch_python_dop_operator_3.py for tasks to queue
[2026-07-18T21:38:57.784+0545] {logging_mixin.py:188} INFO - [2026-07-18T21:38:57.784+0545] {dagbag.py:545} INFO - Filling up the DagBag from /home/snigdh/repos/bigData/spark_demo_env/lib/python3.12/site-packages/airflow/example_dags/example_branch_python_dop_operator_3.py
[2026-07-18T21:38:57.797+0545] {processor.py:840} INFO - DAG(s) 'example_branch_dop_operator_v3' retrieved from /home/snigdh/repos/bigData/spark_demo_env/lib/python3.12/site-packages/airflow/example_dags/example_branch_python_dop_operator_3.py
[2026-07-18T21:38:57.912+0545] {logging_mixin.py:188} INFO - [2026-07-18T21:38:57.911+0545] {override.py:1858} INFO - Created Permission View: can delete on DAG:example_branch_dop_operator_v3
[2026-07-18T21:38:57.931+0545] {logging_mixin.py:188} INFO - [2026-07-18T21:38:57.930+0545] {override.py:1858} INFO - Created Permission View: can read on DAG:example_branch_dop_operator_v3
[2026-07-18T21:38:57.944+0545] {logging_mixin.py:188} INFO - [2026-07-18T21:38:57.944+0545] {override.py:1858} INFO - Created Permission View: can edit on DAG:example_branch_dop_operator_v3
[2026-07-18T21:38:57.945+0545] {logging_mixin.py:188} INFO - [2026-07-18T21:38:57.945+0545] {dag.py:3089} INFO - Sync 1 DAGs
[2026-07-18T21:38:57.961+0545] {logging_mixin.py:188} INFO - [2026-07-18T21:38:57.960+0545] {dag.py:3111} INFO - Creating ORM DAG for example_branch_dop_operator_v3
[2026-07-18T21:38:57.982+0545] {logging_mixin.py:188} INFO - [2026-07-18T21:38:57.982+0545] {dag.py:3947} INFO - Setting next_dagrun for example_branch_dop_operator_v3 to 2026-07-18 15:52:00+00:00, run_after=2026-07-18 15:53:00+00:00
[2026-07-18T21:38:58.011+0545] {processor.py:183} INFO - Processing /home/snigdh/repos/bigData/spark_demo_env/lib/python3.12/site-packages/airflow/example_dags/example_branch_python_dop_operator_3.py took 0.237 seconds
[2026-07-18T21:39:55.364+0545] {processor.py:161} INFO - Started process (PID=262898) to work on /home/snigdh/repos/bigData/spark_demo_env/lib/python3.12/site-packages/airflow/example_dags/example_branch_python_dop_operator_3.py
[2026-07-18T21:39:55.368+0545] {processor.py:830} INFO - Processing file /home/snigdh/repos/bigData/spark_demo_env/lib/python3.12/site-packages/airflow/example_dags/example_branch_python_dop_operator_3.py for tasks to queue
[2026-07-18T21:39:55.369+0545] {logging_mixin.py:188} INFO - [2026-07-18T21:39:55.369+0545] {dagbag.py:545} INFO - Filling up the DagBag from /home/snigdh/repos/bigData/spark_demo_env/lib/python3.12/site-packages/airflow/example_dags/example_branch_python_dop_operator_3.py
[2026-07-18T21:39:55.377+0545] {processor.py:840} INFO - DAG(s) 'example_branch_dop_operator_v3' retrieved from /home/snigdh/repos/bigData/spark_demo_env/lib/python3.12/site-packages/airflow/example_dags/example_branch_python_dop_operator_3.py
[2026-07-18T21:39:55.386+0545] {logging_mixin.py:188} INFO - [2026-07-18T21:39:55.386+0545] {dag.py:3089} INFO - Sync 1 DAGs
[2026-07-18T21:39:55.409+0545] {logging_mixin.py:188} INFO - [2026-07-18T21:39:55.409+0545] {dag.py:3947} INFO - Setting next_dagrun for example_branch_dop_operator_v3 to 2026-07-18 15:53:00+00:00, run_after=2026-07-18 15:54:00+00:00
[2026-07-18T21:39:55.434+0545] {processor.py:183} INFO - Processing /home/snigdh/repos/bigData/spark_demo_env/lib/python3.12/site-packages/airflow/example_dags/example_branch_python_dop_operator_3.py took 0.076 seconds
[2026-07-18T21:47:13.331+0545] {processor.py:161} INFO - Started process (PID=270202) to work on /home/snigdh/repos/bigData/spark_demo_env/lib/python3.12/site-packages/airflow/example_dags/example_branch_python_dop_operator_3.py
[2026-07-18T21:47:13.335+0545] {processor.py:830} INFO - Processing file /home/snigdh/repos/bigData/spark_demo_env/lib/python3.12/site-packages/airflow/example_dags/example_branch_python_dop_operator_3.py for tasks to queue
[2026-07-18T21:47:13.337+0545] {logging_mixin.py:188} INFO - [2026-07-18T21:47:13.336+0545] {dagbag.py:545} INFO - Filling up the DagBag from /home/snigdh/repos/bigData/spark_demo_env/lib/python3.12/site-packages/airflow/example_dags/example_branch_python_dop_operator_3.py
[2026-07-18T21:47:13.349+0545] {processor.py:840} INFO - DAG(s) 'example_branch_dop_operator_v3' retrieved from /home/snigdh/repos/bigData/spark_demo_env/lib/python3.12/site-packages/airflow/example_dags/example_branch_python_dop_operator_3.py
[2026-07-18T21:47:13.590+0545] {logging_mixin.py:188} INFO - [2026-07-18T21:47:13.590+0545] {dag.py:3089} INFO - Sync 1 DAGs
[2026-07-18T21:47:13.608+0545] {logging_mixin.py:188} INFO - [2026-07-18T21:47:13.608+0545] {dag.py:3947} INFO - Setting next_dagrun for example_branch_dop_operator_v3 to 2026-07-18 16:01:00+00:00, run_after=2026-07-18 16:02:00+00:00
[2026-07-18T21:47:13.642+0545] {processor.py:183} INFO - Processing /home/snigdh/repos/bigData/spark_demo_env/lib/python3.12/site-packages/airflow/example_dags/example_branch_python_dop_operator_3.py took 0.320 seconds
[2026-07-18T21:48:06.271+0545] {processor.py:161} INFO - Started process (PID=270877) to work on /home/snigdh/repos/bigData/spark_demo_env/lib/python3.12/site-packages/airflow/example_dags/example_branch_python_dop_operator_3.py
[2026-07-18T21:48:06.273+0545] {processor.py:830} INFO - Processing file /home/snigdh/repos/bigData/spark_demo_env/lib/python3.12/site-packages/airflow/example_dags/example_branch_python_dop_operator_3.py for tasks to queue
[2026-07-18T21:48:06.275+0545] {logging_mixin.py:188} INFO - [2026-07-18T21:48:06.274+0545] {dagbag.py:545} INFO - Filling up the DagBag from /home/snigdh/repos/bigData/spark_demo_env/lib/python3.12/site-packages/airflow/example_dags/example_branch_python_dop_operator_3.py
[2026-07-18T21:48:06.286+0545] {processor.py:840} INFO - DAG(s) 'example_branch_dop_operator_v3' retrieved from /home/snigdh/repos/bigData/spark_demo_env/lib/python3.12/site-packages/airflow/example_dags/example_branch_python_dop_operator_3.py
[2026-07-18T21:48:06.308+0545] {logging_mixin.py:188} INFO - [2026-07-18T21:48:06.307+0545] {dag.py:3089} INFO - Sync 1 DAGs
[2026-07-18T21:48:06.470+0545] {logging_mixin.py:188} INFO - [2026-07-18T21:48:06.470+0545] {dag.py:3947} INFO - Setting next_dagrun for example_branch_dop_operator_v3 to 2026-07-18 16:02:00+00:00, run_after=2026-07-18 16:03:00+00:00
[2026-07-18T21:48:06.492+0545] {processor.py:183} INFO - Processing /home/snigdh/repos/bigData/spark_demo_env/lib/python3.12/site-packages/airflow/example_dags/example_branch_python_dop_operator_3.py took 0.230 seconds
[2026-07-18T21:49:13.381+0545] {processor.py:161} INFO - Started process (PID=271936) to work on /home/snigdh/repos/bigData/spark_demo_env/lib/python3.12/site-packages/airflow/example_dags/example_branch_python_dop_operator_3.py
[2026-07-18T21:49:13.385+0545] {processor.py:830} INFO - Processing file /home/snigdh/repos/bigData/spark_demo_env/lib/python3.12/site-packages/airflow/example_dags/example_branch_python_dop_operator_3.py for tasks to queue
[2026-07-18T21:49:13.386+0545] {logging_mixin.py:188} INFO - [2026-07-18T21:49:13.386+0545] {dagbag.py:545} INFO - Filling up the DagBag from /home/snigdh/repos/bigData/spark_demo_env/lib/python3.12/site-packages/airflow/example_dags/example_branch_python_dop_operator_3.py
[2026-07-18T21:49:13.399+0545] {processor.py:840} INFO - DAG(s) 'example_branch_dop_operator_v3' retrieved from /home/snigdh/repos/bigData/spark_demo_env/lib/python3.12/site-packages/airflow/example_dags/example_branch_python_dop_operator_3.py
[2026-07-18T21:49:13.423+0545] {logging_mixin.py:188} INFO - [2026-07-18T21:49:13.422+0545] {dag.py:3089} INFO - Sync 1 DAGs
[2026-07-18T21:49:13.581+0545] {logging_mixin.py:188} INFO - [2026-07-18T21:49:13.580+0545] {dag.py:3947} INFO - Setting next_dagrun for example_branch_dop_operator_v3 to 2026-07-18 16:03:00+00:00, run_after=2026-07-18 16:04:00+00:00
[2026-07-18T21:49:13.606+0545] {processor.py:183} INFO - Processing /home/snigdh/repos/bigData/spark_demo_env/lib/python3.12/site-packages/airflow/example_dags/example_branch_python_dop_operator_3.py took 0.234 seconds
[2026-07-18T21:50:08.900+0545] {processor.py:161} INFO - Started process (PID=272608) to work on /home/snigdh/repos/bigData/spark_demo_env/lib/python3.12/site-packages/airflow/example_dags/example_branch_python_dop_operator_3.py
[2026-07-18T21:50:08.903+0545] {processor.py:830} INFO - Processing file /home/snigdh/repos/bigData/spark_demo_env/lib/python3.12/site-packages/airflow/example_dags/example_branch_python_dop_operator_3.py for tasks to queue
[2026-07-18T21:50:08.904+0545] {logging_mixin.py:188} INFO - [2026-07-18T21:50:08.904+0545] {dagbag.py:545} INFO - Filling up the DagBag from /home/snigdh/repos/bigData/spark_demo_env/lib/python3.12/site-packages/airflow/example_dags/example_branch_python_dop_operator_3.py
[2026-07-18T21:50:08.912+0545] {processor.py:840} INFO - DAG(s) 'example_branch_dop_operator_v3' retrieved from /home/snigdh/repos/bigData/spark_demo_env/lib/python3.12/site-packages/airflow/example_dags/example_branch_python_dop_operator_3.py
[2026-07-18T21:50:08.927+0545] {logging_mixin.py:188} INFO - [2026-07-18T21:50:08.926+0545] {dag.py:3089} INFO - Sync 1 DAGs
[2026-07-18T21:50:08.943+0545] {logging_mixin.py:188} INFO - [2026-07-18T21:50:08.943+0545] {dag.py:3947} INFO - Setting next_dagrun for example_branch_dop_operator_v3 to 2026-07-18 16:04:00+00:00, run_after=2026-07-18 16:05:00+00:00
[2026-07-18T21:50:08.965+0545] {processor.py:183} INFO - Processing /home/snigdh/repos/bigData/spark_demo_env/lib/python3.12/site-packages/airflow/example_dags/example_branch_python_dop_operator_3.py took 0.071 seconds
[2026-07-18T21:51:15.223+0545] {processor.py:161} INFO - Started process (PID=273505) to work on /home/snigdh/repos/bigData/spark_demo_env/lib/python3.12/site-packages/airflow/example_dags/example_branch_python_dop_operator_3.py
[2026-07-18T21:51:15.227+0545] {processor.py:830} INFO - Processing file /home/snigdh/repos/bigData/spark_demo_env/lib/python3.12/site-packages/airflow/example_dags/example_branch_python_dop_operator_3.py for tasks to queue
[2026-07-18T21:51:15.228+0545] {logging_mixin.py:188} INFO - [2026-07-18T21:51:15.227+0545] {dagbag.py:545} INFO - Filling up the DagBag from /home/snigdh/repos/bigData/spark_demo_env/lib/python3.12/site-packages/airflow/example_dags/example_branch_python_dop_operator_3.py
[2026-07-18T21:51:15.240+0545] {processor.py:840} INFO - DAG(s) 'example_branch_dop_operator_v3' retrieved from /home/snigdh/repos/bigData/spark_demo_env/lib/python3.12/site-packages/airflow/example_dags/example_branch_python_dop_operator_3.py
[2026-07-18T21:51:15.259+0545] {logging_mixin.py:188} INFO - [2026-07-18T21:51:15.259+0545] {dag.py:3089} INFO - Sync 1 DAGs
[2026-07-18T21:51:15.281+0545] {logging_mixin.py:188} INFO - [2026-07-18T21:51:15.280+0545] {dag.py:3947} INFO - Setting next_dagrun for example_branch_dop_operator_v3 to 2026-07-18 16:05:00+00:00, run_after=2026-07-18 16:06:00+00:00
[2026-07-18T21:51:15.304+0545] {processor.py:183} INFO - Processing /home/snigdh/repos/bigData/spark_demo_env/lib/python3.12/site-packages/airflow/example_dags/example_branch_python_dop_operator_3.py took 0.090 seconds
[2026-07-18T21:52:25.338+0545] {processor.py:161} INFO - Started process (PID=274406) to work on /home/snigdh/repos/bigData/spark_demo_env/lib/python3.12/site-packages/airflow/example_dags/example_branch_python_dop_operator_3.py
[2026-07-18T21:52:25.342+0545] {processor.py:830} INFO - Processing file /home/snigdh/repos/bigData/spark_demo_env/lib/python3.12/site-packages/airflow/example_dags/example_branch_python_dop_operator_3.py for tasks to queue
[2026-07-18T21:52:25.343+0545] {logging_mixin.py:188} INFO - [2026-07-18T21:52:25.343+0545] {dagbag.py:545} INFO - Filling up the DagBag from /home/snigdh/repos/bigData/spark_demo_env/lib/python3.12/site-packages/airflow/example_dags/example_branch_python_dop_operator_3.py
[2026-07-18T21:52:25.355+0545] {processor.py:840} INFO - DAG(s) 'example_branch_dop_operator_v3' retrieved from /home/snigdh/repos/bigData/spark_demo_env/lib/python3.12/site-packages/airflow/example_dags/example_branch_python_dop_operator_3.py
[2026-07-18T21:52:25.378+0545] {logging_mixin.py:188} INFO - [2026-07-18T21:52:25.377+0545] {dag.py:3089} INFO - Sync 1 DAGs
[2026-07-18T21:52:25.405+0545] {logging_mixin.py:188} INFO - [2026-07-18T21:52:25.404+0545] {dag.py:3947} INFO - Setting next_dagrun for example_branch_dop_operator_v3 to 2026-07-18 16:06:00+00:00, run_after=2026-07-18 16:07:00+00:00
[2026-07-18T21:52:25.432+0545] {processor.py:183} INFO - Processing /home/snigdh/repos/bigData/spark_demo_env/lib/python3.12/site-packages/airflow/example_dags/example_branch_python_dop_operator_3.py took 0.102 seconds
[2026-07-18T21:53:33.754+0545] {processor.py:161} INFO - Started process (PID=275355) to work on /home/snigdh/repos/bigData/spark_demo_env/lib/python3.12/site-packages/airflow/example_dags/example_branch_python_dop_operator_3.py
[2026-07-18T21:53:33.758+0545] {processor.py:830} INFO - Processing file /home/snigdh/repos/bigData/spark_demo_env/lib/python3.12/site-packages/airflow/example_dags/example_branch_python_dop_operator_3.py for tasks to queue
[2026-07-18T21:53:33.759+0545] {logging_mixin.py:188} INFO - [2026-07-18T21:53:33.759+0545] {dagbag.py:545} INFO - Filling up the DagBag from /home/snigdh/repos/bigData/spark_demo_env/lib/python3.12/site-packages/airflow/example_dags/example_branch_python_dop_operator_3.py
[2026-07-18T21:53:33.769+0545] {processor.py:840} INFO - DAG(s) 'example_branch_dop_operator_v3' retrieved from /home/snigdh/repos/bigData/spark_demo_env/lib/python3.12/site-packages/airflow/example_dags/example_branch_python_dop_operator_3.py
[2026-07-18T21:53:33.786+0545] {logging_mixin.py:188} INFO - [2026-07-18T21:53:33.786+0545] {dag.py:3089} INFO - Sync 1 DAGs
[2026-07-18T21:53:33.804+0545] {logging_mixin.py:188} INFO - [2026-07-18T21:53:33.804+0545] {dag.py:3947} INFO - Setting next_dagrun for example_branch_dop_operator_v3 to 2026-07-18 16:07:00+00:00, run_after=2026-07-18 16:08:00+00:00
[2026-07-18T21:53:33.829+0545] {processor.py:183} INFO - Processing /home/snigdh/repos/bigData/spark_demo_env/lib/python3.12/site-packages/airflow/example_dags/example_branch_python_dop_operator_3.py took 0.083 seconds
[2026-07-18T21:54:48.873+0545] {processor.py:161} INFO - Started process (PID=276548) to work on /home/snigdh/repos/bigData/spark_demo_env/lib/python3.12/site-packages/airflow/example_dags/example_branch_python_dop_operator_3.py
[2026-07-18T21:54:48.875+0545] {processor.py:830} INFO - Processing file /home/snigdh/repos/bigData/spark_demo_env/lib/python3.12/site-packages/airflow/example_dags/example_branch_python_dop_operator_3.py for tasks to queue
[2026-07-18T21:54:48.876+0545] {logging_mixin.py:188} INFO - [2026-07-18T21:54:48.876+0545] {dagbag.py:545} INFO - Filling up the DagBag from /home/snigdh/repos/bigData/spark_demo_env/lib/python3.12/site-packages/airflow/example_dags/example_branch_python_dop_operator_3.py
[2026-07-18T21:54:48.889+0545] {processor.py:840} INFO - DAG(s) 'example_branch_dop_operator_v3' retrieved from /home/snigdh/repos/bigData/spark_demo_env/lib/python3.12/site-packages/airflow/example_dags/example_branch_python_dop_operator_3.py
[2026-07-18T21:54:48.912+0545] {logging_mixin.py:188} INFO - [2026-07-18T21:54:48.912+0545] {dag.py:3089} INFO - Sync 1 DAGs
[2026-07-18T21:54:48.936+0545] {logging_mixin.py:188} INFO - [2026-07-18T21:54:48.935+0545] {dag.py:3947} INFO - Setting next_dagrun for example_branch_dop_operator_v3 to 2026-07-18 16:08:00+00:00, run_after=2026-07-18 16:09:00+00:00
[2026-07-18T21:54:48.961+0545] {processor.py:183} INFO - Processing /home/snigdh/repos/bigData/spark_demo_env/lib/python3.12/site-packages/airflow/example_dags/example_branch_python_dop_operator_3.py took 0.097 seconds
[2026-07-18T21:55:55.571+0545] {processor.py:161} INFO - Started process (PID=277177) to work on /home/snigdh/repos/bigData/spark_demo_env/lib/python3.12/site-packages/airflow/example_dags/example_branch_python_dop_operator_3.py
[2026-07-18T21:55:55.573+0545] {processor.py:830} INFO - Processing file /home/snigdh/repos/bigData/spark_demo_env/lib/python3.12/site-packages/airflow/example_dags/example_branch_python_dop_operator_3.py for tasks to queue
[2026-07-18T21:55:55.574+0545] {logging_mixin.py:188} INFO - [2026-07-18T21:55:55.574+0545] {dagbag.py:545} INFO - Filling up the DagBag from /home/snigdh/repos/bigData/spark_demo_env/lib/python3.12/site-packages/airflow/example_dags/example_branch_python_dop_operator_3.py
[2026-07-18T21:55:55.586+0545] {processor.py:840} INFO - DAG(s) 'example_branch_dop_operator_v3' retrieved from /home/snigdh/repos/bigData/spark_demo_env/lib/python3.12/site-packages/airflow/example_dags/example_branch_python_dop_operator_3.py
[2026-07-18T21:55:55.610+0545] {logging_mixin.py:188} INFO - [2026-07-18T21:55:55.610+0545] {dag.py:3089} INFO - Sync 1 DAGs
[2026-07-18T21:55:55.631+0545] {logging_mixin.py:188} INFO - [2026-07-18T21:55:55.631+0545] {dag.py:3947} INFO - Setting next_dagrun for example_branch_dop_operator_v3 to 2026-07-18 16:09:00+00:00, run_after=2026-07-18 16:10:00+00:00
[2026-07-18T21:55:55.655+0545] {processor.py:183} INFO - Processing /home/snigdh/repos/bigData/spark_demo_env/lib/python3.12/site-packages/airflow/example_dags/example_branch_python_dop_operator_3.py took 0.092 seconds
[2026-07-18T21:57:00.486+0545] {processor.py:161} INFO - Started process (PID=277835) to work on /home/snigdh/repos/bigData/spark_demo_env/lib/python3.12/site-packages/airflow/example_dags/example_branch_python_dop_operator_3.py
[2026-07-18T21:57:00.488+0545] {processor.py:830} INFO - Processing file /home/snigdh/repos/bigData/spark_demo_env/lib/python3.12/site-packages/airflow/example_dags/example_branch_python_dop_operator_3.py for tasks to queue
[2026-07-18T21:57:00.490+0545] {logging_mixin.py:188} INFO - [2026-07-18T21:57:00.489+0545] {dagbag.py:545} INFO - Filling up the DagBag from /home/snigdh/repos/bigData/spark_demo_env/lib/python3.12/site-packages/airflow/example_dags/example_branch_python_dop_operator_3.py
[2026-07-18T21:57:00.502+0545] {processor.py:840} INFO - DAG(s) 'example_branch_dop_operator_v3' retrieved from /home/snigdh/repos/bigData/spark_demo_env/lib/python3.12/site-packages/airflow/example_dags/example_branch_python_dop_operator_3.py
[2026-07-18T21:57:00.525+0545] {logging_mixin.py:188} INFO - [2026-07-18T21:57:00.525+0545] {dag.py:3089} INFO - Sync 1 DAGs
[2026-07-18T21:57:00.555+0545] {logging_mixin.py:188} INFO - [2026-07-18T21:57:00.555+0545] {dag.py:3947} INFO - Setting next_dagrun for example_branch_dop_operator_v3 to 2026-07-18 16:11:00+00:00, run_after=2026-07-18 16:12:00+00:00
[2026-07-18T21:57:00.586+0545] {processor.py:183} INFO - Processing /home/snigdh/repos/bigData/spark_demo_env/lib/python3.12/site-packages/airflow/example_dags/example_branch_python_dop_operator_3.py took 0.108 seconds
[2026-07-18T21:58:09.465+0545] {processor.py:161} INFO - Started process (PID=278505) to work on /home/snigdh/repos/bigData/spark_demo_env/lib/python3.12/site-packages/airflow/example_dags/example_branch_python_dop_operator_3.py
[2026-07-18T21:58:09.470+0545] {processor.py:830} INFO - Processing file /home/snigdh/repos/bigData/spark_demo_env/lib/python3.12/site-packages/airflow/example_dags/example_branch_python_dop_operator_3.py for tasks to queue
[2026-07-18T21:58:09.471+0545] {logging_mixin.py:188} INFO - [2026-07-18T21:58:09.471+0545] {dagbag.py:545} INFO - Filling up the DagBag from /home/snigdh/repos/bigData/spark_demo_env/lib/python3.12/site-packages/airflow/example_dags/example_branch_python_dop_operator_3.py
[2026-07-18T21:58:09.485+0545] {processor.py:840} INFO - DAG(s) 'example_branch_dop_operator_v3' retrieved from /home/snigdh/repos/bigData/spark_demo_env/lib/python3.12/site-packages/airflow/example_dags/example_branch_python_dop_operator_3.py
[2026-07-18T21:58:09.511+0545] {logging_mixin.py:188} INFO - [2026-07-18T21:58:09.511+0545] {dag.py:3089} INFO - Sync 1 DAGs
[2026-07-18T21:58:09.535+0545] {logging_mixin.py:188} INFO - [2026-07-18T21:58:09.534+0545] {dag.py:3947} INFO - Setting next_dagrun for example_branch_dop_operator_v3 to 2026-07-18 16:12:00+00:00, run_after=2026-07-18 16:13:00+00:00
[2026-07-18T21:58:09.559+0545] {processor.py:183} INFO - Processing /home/snigdh/repos/bigData/spark_demo_env/lib/python3.12/site-packages/airflow/example_dags/example_branch_python_dop_operator_3.py took 0.104 seconds
[2026-07-18T21:59:17.672+0545] {processor.py:161} INFO - Started process (PID=279143) to work on /home/snigdh/repos/bigData/spark_demo_env/lib/python3.12/site-packages/airflow/example_dags/example_branch_python_dop_operator_3.py
[2026-07-18T21:59:17.675+0545] {processor.py:830} INFO - Processing file /home/snigdh/repos/bigData/spark_demo_env/lib/python3.12/site-packages/airflow/example_dags/example_branch_python_dop_operator_3.py for tasks to queue
[2026-07-18T21:59:17.677+0545] {logging_mixin.py:188} INFO - [2026-07-18T21:59:17.676+0545] {dagbag.py:545} INFO - Filling up the DagBag from /home/snigdh/repos/bigData/spark_demo_env/lib/python3.12/site-packages/airflow/example_dags/example_branch_python_dop_operator_3.py
[2026-07-18T21:59:17.688+0545] {processor.py:840} INFO - DAG(s) 'example_branch_dop_operator_v3' retrieved from /home/snigdh/repos/bigData/spark_demo_env/lib/python3.12/site-packages/airflow/example_dags/example_branch_python_dop_operator_3.py
[2026-07-18T21:59:17.708+0545] {logging_mixin.py:188} INFO - [2026-07-18T21:59:17.708+0545] {dag.py:3089} INFO - Sync 1 DAGs
[2026-07-18T21:59:17.730+0545] {logging_mixin.py:188} INFO - [2026-07-18T21:59:17.730+0545] {dag.py:3947} INFO - Setting next_dagrun for example_branch_dop_operator_v3 to 2026-07-18 16:13:00+00:00, run_after=2026-07-18 16:14:00+00:00
[2026-07-18T21:59:17.757+0545] {processor.py:183} INFO - Processing /home/snigdh/repos/bigData/spark_demo_env/lib/python3.12/site-packages/airflow/example_dags/example_branch_python_dop_operator_3.py took 0.094 seconds
[2026-07-18T22:00:29.703+0545] {processor.py:161} INFO - Started process (PID=279765) to work on /home/snigdh/repos/bigData/spark_demo_env/lib/python3.12/site-packages/airflow/example_dags/example_branch_python_dop_operator_3.py
[2026-07-18T22:00:29.707+0545] {processor.py:830} INFO - Processing file /home/snigdh/repos/bigData/spark_demo_env/lib/python3.12/site-packages/airflow/example_dags/example_branch_python_dop_operator_3.py for tasks to queue
[2026-07-18T22:00:29.708+0545] {logging_mixin.py:188} INFO - [2026-07-18T22:00:29.708+0545] {dagbag.py:545} INFO - Filling up the DagBag from /home/snigdh/repos/bigData/spark_demo_env/lib/python3.12/site-packages/airflow/example_dags/example_branch_python_dop_operator_3.py
[2026-07-18T22:00:29.720+0545] {processor.py:840} INFO - DAG(s) 'example_branch_dop_operator_v3' retrieved from /home/snigdh/repos/bigData/spark_demo_env/lib/python3.12/site-packages/airflow/example_dags/example_branch_python_dop_operator_3.py
[2026-07-18T22:00:29.742+0545] {logging_mixin.py:188} INFO - [2026-07-18T22:00:29.741+0545] {dag.py:3089} INFO - Sync 1 DAGs
[2026-07-18T22:00:29.763+0545] {logging_mixin.py:188} INFO - [2026-07-18T22:00:29.763+0545] {dag.py:3947} INFO - Setting next_dagrun for example_branch_dop_operator_v3 to 2026-07-18 16:14:00+00:00, run_after=2026-07-18 16:15:00+00:00
[2026-07-18T22:00:29.786+0545] {processor.py:183} INFO - Processing /home/snigdh/repos/bigData/spark_demo_env/lib/python3.12/site-packages/airflow/example_dags/example_branch_python_dop_operator_3.py took 0.091 seconds
[2026-07-18T22:01:37.367+0545] {processor.py:161} INFO - Started process (PID=280442) to work on /home/snigdh/repos/bigData/spark_demo_env/lib/python3.12/site-packages/airflow/example_dags/example_branch_python_dop_operator_3.py
[2026-07-18T22:01:37.368+0545] {processor.py:830} INFO - Processing file /home/snigdh/repos/bigData/spark_demo_env/lib/python3.12/site-packages/airflow/example_dags/example_branch_python_dop_operator_3.py for tasks to queue
[2026-07-18T22:01:37.369+0545] {logging_mixin.py:188} INFO - [2026-07-18T22:01:37.368+0545] {dagbag.py:545} INFO - Filling up the DagBag from /home/snigdh/repos/bigData/spark_demo_env/lib/python3.12/site-packages/airflow/example_dags/example_branch_python_dop_operator_3.py
[2026-07-18T22:01:37.377+0545] {processor.py:840} INFO - DAG(s) 'example_branch_dop_operator_v3' retrieved from /home/snigdh/repos/bigData/spark_demo_env/lib/python3.12/site-packages/airflow/example_dags/example_branch_python_dop_operator_3.py
[2026-07-18T22:01:37.395+0545] {logging_mixin.py:188} INFO - [2026-07-18T22:01:37.394+0545] {dag.py:3089} INFO - Sync 1 DAGs
[2026-07-18T22:01:37.415+0545] {logging_mixin.py:188} INFO - [2026-07-18T22:01:37.415+0545] {dag.py:3947} INFO - Setting next_dagrun for example_branch_dop_operator_v3 to 2026-07-18 16:15:00+00:00, run_after=2026-07-18 16:16:00+00:00
[2026-07-18T22:01:37.438+0545] {processor.py:183} INFO - Processing /home/snigdh/repos/bigData/spark_demo_env/lib/python3.12/site-packages/airflow/example_dags/example_branch_python_dop_operator_3.py took 0.078 seconds
[2026-07-18T22:02:42.936+0545] {processor.py:161} INFO - Started process (PID=281100) to work on /home/snigdh/repos/bigData/spark_demo_env/lib/python3.12/site-packages/airflow/example_dags/example_branch_python_dop_operator_3.py
[2026-07-18T22:02:42.938+0545] {processor.py:830} INFO - Processing file /home/snigdh/repos/bigData/spark_demo_env/lib/python3.12/site-packages/airflow/example_dags/example_branch_python_dop_operator_3.py for tasks to queue
[2026-07-18T22:02:42.939+0545] {logging_mixin.py:188} INFO - [2026-07-18T22:02:42.938+0545] {dagbag.py:545} INFO - Filling up the DagBag from /home/snigdh/repos/bigData/spark_demo_env/lib/python3.12/site-packages/airflow/example_dags/example_branch_python_dop_operator_3.py
[2026-07-18T22:02:42.952+0545] {processor.py:840} INFO - DAG(s) 'example_branch_dop_operator_v3' retrieved from /home/snigdh/repos/bigData/spark_demo_env/lib/python3.12/site-packages/airflow/example_dags/example_branch_python_dop_operator_3.py
[2026-07-18T22:02:42.973+0545] {logging_mixin.py:188} INFO - [2026-07-18T22:02:42.973+0545] {dag.py:3089} INFO - Sync 1 DAGs
[2026-07-18T22:02:42.994+0545] {logging_mixin.py:188} INFO - [2026-07-18T22:02:42.993+0545] {dag.py:3947} INFO - Setting next_dagrun for example_branch_dop_operator_v3 to 2026-07-18 16:16:00+00:00, run_after=2026-07-18 16:17:00+00:00
[2026-07-18T22:02:43.023+0545] {processor.py:183} INFO - Processing /home/snigdh/repos/bigData/spark_demo_env/lib/python3.12/site-packages/airflow/example_dags/example_branch_python_dop_operator_3.py took 0.097 seconds
