[2026-07-18T21:38:46.988+0545] {processor.py:161} INFO - Started process (PID=262537) to work on /home/snigdh/repos/bigData/spark_demo_env/lib/python3.12/site-packages/airflow/example_dags/example_dynamic_task_mapping.py
[2026-07-18T21:38:46.989+0545] {processor.py:830} INFO - Processing file /home/snigdh/repos/bigData/spark_demo_env/lib/python3.12/site-packages/airflow/example_dags/example_dynamic_task_mapping.py for tasks to queue
[2026-07-18T21:38:46.992+0545] {logging_mixin.py:188} INFO - [2026-07-18T21:38:46.992+0545] {dagbag.py:545} INFO - Filling up the DagBag from /home/snigdh/repos/bigData/spark_demo_env/lib/python3.12/site-packages/airflow/example_dags/example_dynamic_task_mapping.py
[2026-07-18T21:38:47.002+0545] {processor.py:840} INFO - DAG(s) 'example_dynamic_task_mapping' retrieved from /home/snigdh/repos/bigData/spark_demo_env/lib/python3.12/site-packages/airflow/example_dags/example_dynamic_task_mapping.py
[2026-07-18T21:38:47.131+0545] {logging_mixin.py:188} INFO - [2026-07-18T21:38:47.130+0545] {override.py:1858} INFO - Created Permission View: can delete on DAG:example_dynamic_task_mapping
[2026-07-18T21:38:47.143+0545] {logging_mixin.py:188} INFO - [2026-07-18T21:38:47.143+0545] {override.py:1858} INFO - Created Permission View: can read on DAG:example_dynamic_task_mapping
[2026-07-18T21:38:47.152+0545] {logging_mixin.py:188} INFO - [2026-07-18T21:38:47.151+0545] {override.py:1858} INFO - Created Permission View: can edit on DAG:example_dynamic_task_mapping
[2026-07-18T21:38:47.152+0545] {logging_mixin.py:188} INFO - [2026-07-18T21:38:47.152+0545] {dag.py:3089} INFO - Sync 1 DAGs
[2026-07-18T21:38:47.162+0545] {logging_mixin.py:188} INFO - [2026-07-18T21:38:47.162+0545] {dag.py:3111} INFO - Creating ORM DAG for example_dynamic_task_mapping
[2026-07-18T21:38:47.171+0545] {logging_mixin.py:188} INFO - [2026-07-18T21:38:47.170+0545] {dag.py:3947} INFO - Setting next_dagrun for example_dynamic_task_mapping to 2022-03-04 00:00:00+00:00, run_after=2022-03-05 00:00:00+00:00
[2026-07-18T21:38:47.191+0545] {processor.py:183} INFO - Processing /home/snigdh/repos/bigData/spark_demo_env/lib/python3.12/site-packages/airflow/example_dags/example_dynamic_task_mapping.py took 0.212 seconds
[2026-07-18T21:39:44.839+0545] {processor.py:161} INFO - Started process (PID=262838) to work on /home/snigdh/repos/bigData/spark_demo_env/lib/python3.12/site-packages/airflow/example_dags/example_dynamic_task_mapping.py
[2026-07-18T21:39:44.843+0545] {processor.py:830} INFO - Processing file /home/snigdh/repos/bigData/spark_demo_env/lib/python3.12/site-packages/airflow/example_dags/example_dynamic_task_mapping.py for tasks to queue
[2026-07-18T21:39:44.846+0545] {logging_mixin.py:188} INFO - [2026-07-18T21:39:44.845+0545] {dagbag.py:545} INFO - Filling up the DagBag from /home/snigdh/repos/bigData/spark_demo_env/lib/python3.12/site-packages/airflow/example_dags/example_dynamic_task_mapping.py
[2026-07-18T21:39:44.858+0545] {processor.py:840} INFO - DAG(s) 'example_dynamic_task_mapping' retrieved from /home/snigdh/repos/bigData/spark_demo_env/lib/python3.12/site-packages/airflow/example_dags/example_dynamic_task_mapping.py
[2026-07-18T21:39:44.878+0545] {logging_mixin.py:188} INFO - [2026-07-18T21:39:44.878+0545] {dag.py:3089} INFO - Sync 1 DAGs
[2026-07-18T21:39:44.902+0545] {logging_mixin.py:188} INFO - [2026-07-18T21:39:44.901+0545] {dag.py:3947} INFO - Setting next_dagrun for example_dynamic_task_mapping to 2022-03-04 00:00:00+00:00, run_after=2022-03-05 00:00:00+00:00
[2026-07-18T21:39:44.928+0545] {processor.py:183} INFO - Processing /home/snigdh/repos/bigData/spark_demo_env/lib/python3.12/site-packages/airflow/example_dags/example_dynamic_task_mapping.py took 0.098 seconds
[2026-07-18T21:47:01.228+0545] {processor.py:161} INFO - Started process (PID=270114) to work on /home/snigdh/repos/bigData/spark_demo_env/lib/python3.12/site-packages/airflow/example_dags/example_dynamic_task_mapping.py
[2026-07-18T21:47:01.232+0545] {processor.py:830} INFO - Processing file /home/snigdh/repos/bigData/spark_demo_env/lib/python3.12/site-packages/airflow/example_dags/example_dynamic_task_mapping.py for tasks to queue
[2026-07-18T21:47:01.234+0545] {logging_mixin.py:188} INFO - [2026-07-18T21:47:01.233+0545] {dagbag.py:545} INFO - Filling up the DagBag from /home/snigdh/repos/bigData/spark_demo_env/lib/python3.12/site-packages/airflow/example_dags/example_dynamic_task_mapping.py
[2026-07-18T21:47:01.245+0545] {processor.py:840} INFO - DAG(s) 'example_dynamic_task_mapping' retrieved from /home/snigdh/repos/bigData/spark_demo_env/lib/python3.12/site-packages/airflow/example_dags/example_dynamic_task_mapping.py
[2026-07-18T21:47:01.363+0545] {logging_mixin.py:188} INFO - [2026-07-18T21:47:01.363+0545] {dag.py:3089} INFO - Sync 1 DAGs
[2026-07-18T21:47:01.527+0545] {logging_mixin.py:188} INFO - [2026-07-18T21:47:01.527+0545] {dag.py:3947} INFO - Setting next_dagrun for example_dynamic_task_mapping to 2022-03-04 00:00:00+00:00, run_after=2022-03-05 00:00:00+00:00
[2026-07-18T21:47:01.557+0545] {processor.py:183} INFO - Processing /home/snigdh/repos/bigData/spark_demo_env/lib/python3.12/site-packages/airflow/example_dags/example_dynamic_task_mapping.py took 0.337 seconds
[2026-07-18T21:47:57.272+0545] {processor.py:161} INFO - Started process (PID=270712) to work on /home/snigdh/repos/bigData/spark_demo_env/lib/python3.12/site-packages/airflow/example_dags/example_dynamic_task_mapping.py
[2026-07-18T21:47:57.275+0545] {processor.py:830} INFO - Processing file /home/snigdh/repos/bigData/spark_demo_env/lib/python3.12/site-packages/airflow/example_dags/example_dynamic_task_mapping.py for tasks to queue
[2026-07-18T21:47:57.277+0545] {logging_mixin.py:188} INFO - [2026-07-18T21:47:57.276+0545] {dagbag.py:545} INFO - Filling up the DagBag from /home/snigdh/repos/bigData/spark_demo_env/lib/python3.12/site-packages/airflow/example_dags/example_dynamic_task_mapping.py
[2026-07-18T21:47:57.285+0545] {processor.py:840} INFO - DAG(s) 'example_dynamic_task_mapping' retrieved from /home/snigdh/repos/bigData/spark_demo_env/lib/python3.12/site-packages/airflow/example_dags/example_dynamic_task_mapping.py
[2026-07-18T21:47:57.311+0545] {logging_mixin.py:188} INFO - [2026-07-18T21:47:57.310+0545] {dag.py:3089} INFO - Sync 1 DAGs
[2026-07-18T21:47:57.332+0545] {logging_mixin.py:188} INFO - [2026-07-18T21:47:57.331+0545] {dag.py:3947} INFO - Setting next_dagrun for example_dynamic_task_mapping to 2022-03-04 00:00:00+00:00, run_after=2022-03-05 00:00:00+00:00
[2026-07-18T21:47:57.365+0545] {processor.py:183} INFO - Processing /home/snigdh/repos/bigData/spark_demo_env/lib/python3.12/site-packages/airflow/example_dags/example_dynamic_task_mapping.py took 0.102 seconds
[2026-07-18T21:48:47.072+0545] {processor.py:161} INFO - Started process (PID=271670) to work on /home/snigdh/repos/bigData/spark_demo_env/lib/python3.12/site-packages/airflow/example_dags/example_dynamic_task_mapping.py
[2026-07-18T21:48:47.074+0545] {processor.py:830} INFO - Processing file /home/snigdh/repos/bigData/spark_demo_env/lib/python3.12/site-packages/airflow/example_dags/example_dynamic_task_mapping.py for tasks to queue
[2026-07-18T21:48:47.075+0545] {logging_mixin.py:188} INFO - [2026-07-18T21:48:47.074+0545] {dagbag.py:545} INFO - Filling up the DagBag from /home/snigdh/repos/bigData/spark_demo_env/lib/python3.12/site-packages/airflow/example_dags/example_dynamic_task_mapping.py
[2026-07-18T21:48:47.084+0545] {processor.py:840} INFO - DAG(s) 'example_dynamic_task_mapping' retrieved from /home/snigdh/repos/bigData/spark_demo_env/lib/python3.12/site-packages/airflow/example_dags/example_dynamic_task_mapping.py
[2026-07-18T21:48:47.110+0545] {logging_mixin.py:188} INFO - [2026-07-18T21:48:47.110+0545] {dag.py:3089} INFO - Sync 1 DAGs
[2026-07-18T21:48:47.140+0545] {logging_mixin.py:188} INFO - [2026-07-18T21:48:47.139+0545] {dag.py:3947} INFO - Setting next_dagrun for example_dynamic_task_mapping to 2022-03-04 00:00:00+00:00, run_after=2022-03-05 00:00:00+00:00
[2026-07-18T21:48:47.171+0545] {processor.py:183} INFO - Processing /home/snigdh/repos/bigData/spark_demo_env/lib/python3.12/site-packages/airflow/example_dags/example_dynamic_task_mapping.py took 0.107 seconds
[2026-07-18T21:49:59.178+0545] {processor.py:161} INFO - Started process (PID=272512) to work on /home/snigdh/repos/bigData/spark_demo_env/lib/python3.12/site-packages/airflow/example_dags/example_dynamic_task_mapping.py
[2026-07-18T21:49:59.182+0545] {processor.py:830} INFO - Processing file /home/snigdh/repos/bigData/spark_demo_env/lib/python3.12/site-packages/airflow/example_dags/example_dynamic_task_mapping.py for tasks to queue
[2026-07-18T21:49:59.183+0545] {logging_mixin.py:188} INFO - [2026-07-18T21:49:59.182+0545] {dagbag.py:545} INFO - Filling up the DagBag from /home/snigdh/repos/bigData/spark_demo_env/lib/python3.12/site-packages/airflow/example_dags/example_dynamic_task_mapping.py
[2026-07-18T21:49:59.193+0545] {processor.py:840} INFO - DAG(s) 'example_dynamic_task_mapping' retrieved from /home/snigdh/repos/bigData/spark_demo_env/lib/python3.12/site-packages/airflow/example_dags/example_dynamic_task_mapping.py
[2026-07-18T21:49:59.217+0545] {logging_mixin.py:188} INFO - [2026-07-18T21:49:59.216+0545] {dag.py:3089} INFO - Sync 1 DAGs
[2026-07-18T21:49:59.236+0545] {logging_mixin.py:188} INFO - [2026-07-18T21:49:59.236+0545] {dag.py:3947} INFO - Setting next_dagrun for example_dynamic_task_mapping to 2022-03-04 00:00:00+00:00, run_after=2022-03-05 00:00:00+00:00
[2026-07-18T21:49:59.266+0545] {processor.py:183} INFO - Processing /home/snigdh/repos/bigData/spark_demo_env/lib/python3.12/site-packages/airflow/example_dags/example_dynamic_task_mapping.py took 0.097 seconds
[2026-07-18T21:50:50.740+0545] {processor.py:161} INFO - Started process (PID=273187) to work on /home/snigdh/repos/bigData/spark_demo_env/lib/python3.12/site-packages/airflow/example_dags/example_dynamic_task_mapping.py
[2026-07-18T21:50:50.744+0545] {processor.py:830} INFO - Processing file /home/snigdh/repos/bigData/spark_demo_env/lib/python3.12/site-packages/airflow/example_dags/example_dynamic_task_mapping.py for tasks to queue
[2026-07-18T21:50:50.745+0545] {logging_mixin.py:188} INFO - [2026-07-18T21:50:50.744+0545] {dagbag.py:545} INFO - Filling up the DagBag from /home/snigdh/repos/bigData/spark_demo_env/lib/python3.12/site-packages/airflow/example_dags/example_dynamic_task_mapping.py
[2026-07-18T21:50:50.751+0545] {processor.py:840} INFO - DAG(s) 'example_dynamic_task_mapping' retrieved from /home/snigdh/repos/bigData/spark_demo_env/lib/python3.12/site-packages/airflow/example_dags/example_dynamic_task_mapping.py
[2026-07-18T21:50:50.771+0545] {logging_mixin.py:188} INFO - [2026-07-18T21:50:50.771+0545] {dag.py:3089} INFO - Sync 1 DAGs
[2026-07-18T21:50:50.789+0545] {logging_mixin.py:188} INFO - [2026-07-18T21:50:50.789+0545] {dag.py:3947} INFO - Setting next_dagrun for example_dynamic_task_mapping to 2022-03-04 00:00:00+00:00, run_after=2022-03-05 00:00:00+00:00
[2026-07-18T21:50:51.034+0545] {processor.py:183} INFO - Processing /home/snigdh/repos/bigData/spark_demo_env/lib/python3.12/site-packages/airflow/example_dags/example_dynamic_task_mapping.py took 0.303 seconds
[2026-07-18T21:51:59.443+0545] {processor.py:161} INFO - Started process (PID=274104) to work on /home/snigdh/repos/bigData/spark_demo_env/lib/python3.12/site-packages/airflow/example_dags/example_dynamic_task_mapping.py
[2026-07-18T21:51:59.446+0545] {processor.py:830} INFO - Processing file /home/snigdh/repos/bigData/spark_demo_env/lib/python3.12/site-packages/airflow/example_dags/example_dynamic_task_mapping.py for tasks to queue
[2026-07-18T21:51:59.447+0545] {logging_mixin.py:188} INFO - [2026-07-18T21:51:59.447+0545] {dagbag.py:545} INFO - Filling up the DagBag from /home/snigdh/repos/bigData/spark_demo_env/lib/python3.12/site-packages/airflow/example_dags/example_dynamic_task_mapping.py
[2026-07-18T21:51:59.455+0545] {processor.py:840} INFO - DAG(s) 'example_dynamic_task_mapping' retrieved from /home/snigdh/repos/bigData/spark_demo_env/lib/python3.12/site-packages/airflow/example_dags/example_dynamic_task_mapping.py
[2026-07-18T21:51:59.474+0545] {logging_mixin.py:188} INFO - [2026-07-18T21:51:59.474+0545] {dag.py:3089} INFO - Sync 1 DAGs
[2026-07-18T21:51:59.490+0545] {logging_mixin.py:188} INFO - [2026-07-18T21:51:59.490+0545] {dag.py:3947} INFO - Setting next_dagrun for example_dynamic_task_mapping to 2022-03-04 00:00:00+00:00, run_after=2022-03-05 00:00:00+00:00
[2026-07-18T21:51:59.515+0545] {processor.py:183} INFO - Processing /home/snigdh/repos/bigData/spark_demo_env/lib/python3.12/site-packages/airflow/example_dags/example_dynamic_task_mapping.py took 0.080 seconds
[2026-07-18T21:53:07.149+0545] {processor.py:161} INFO - Started process (PID=275019) to work on /home/snigdh/repos/bigData/spark_demo_env/lib/python3.12/site-packages/airflow/example_dags/example_dynamic_task_mapping.py
[2026-07-18T21:53:07.152+0545] {processor.py:830} INFO - Processing file /home/snigdh/repos/bigData/spark_demo_env/lib/python3.12/site-packages/airflow/example_dags/example_dynamic_task_mapping.py for tasks to queue
[2026-07-18T21:53:07.154+0545] {logging_mixin.py:188} INFO - [2026-07-18T21:53:07.153+0545] {dagbag.py:545} INFO - Filling up the DagBag from /home/snigdh/repos/bigData/spark_demo_env/lib/python3.12/site-packages/airflow/example_dags/example_dynamic_task_mapping.py
[2026-07-18T21:53:07.162+0545] {processor.py:840} INFO - DAG(s) 'example_dynamic_task_mapping' retrieved from /home/snigdh/repos/bigData/spark_demo_env/lib/python3.12/site-packages/airflow/example_dags/example_dynamic_task_mapping.py
[2026-07-18T21:53:07.183+0545] {logging_mixin.py:188} INFO - [2026-07-18T21:53:07.182+0545] {dag.py:3089} INFO - Sync 1 DAGs
[2026-07-18T21:53:07.200+0545] {logging_mixin.py:188} INFO - [2026-07-18T21:53:07.199+0545] {dag.py:3947} INFO - Setting next_dagrun for example_dynamic_task_mapping to 2022-03-04 00:00:00+00:00, run_after=2022-03-05 00:00:00+00:00
[2026-07-18T21:53:07.221+0545] {processor.py:183} INFO - Processing /home/snigdh/repos/bigData/spark_demo_env/lib/python3.12/site-packages/airflow/example_dags/example_dynamic_task_mapping.py took 0.079 seconds
[2026-07-18T21:54:19.927+0545] {processor.py:161} INFO - Started process (PID=276147) to work on /home/snigdh/repos/bigData/spark_demo_env/lib/python3.12/site-packages/airflow/example_dags/example_dynamic_task_mapping.py
[2026-07-18T21:54:19.932+0545] {processor.py:830} INFO - Processing file /home/snigdh/repos/bigData/spark_demo_env/lib/python3.12/site-packages/airflow/example_dags/example_dynamic_task_mapping.py for tasks to queue
[2026-07-18T21:54:19.934+0545] {logging_mixin.py:188} INFO - [2026-07-18T21:54:19.933+0545] {dagbag.py:545} INFO - Filling up the DagBag from /home/snigdh/repos/bigData/spark_demo_env/lib/python3.12/site-packages/airflow/example_dags/example_dynamic_task_mapping.py
[2026-07-18T21:54:19.944+0545] {processor.py:840} INFO - DAG(s) 'example_dynamic_task_mapping' retrieved from /home/snigdh/repos/bigData/spark_demo_env/lib/python3.12/site-packages/airflow/example_dags/example_dynamic_task_mapping.py
[2026-07-18T21:54:19.971+0545] {logging_mixin.py:188} INFO - [2026-07-18T21:54:19.970+0545] {dag.py:3089} INFO - Sync 1 DAGs
[2026-07-18T21:54:19.994+0545] {logging_mixin.py:188} INFO - [2026-07-18T21:54:19.994+0545] {dag.py:3947} INFO - Setting next_dagrun for example_dynamic_task_mapping to 2022-03-04 00:00:00+00:00, run_after=2022-03-05 00:00:00+00:00
[2026-07-18T21:54:20.021+0545] {processor.py:183} INFO - Processing /home/snigdh/repos/bigData/spark_demo_env/lib/python3.12/site-packages/airflow/example_dags/example_dynamic_task_mapping.py took 0.104 seconds
[2026-07-18T21:55:10.651+0545] {processor.py:161} INFO - Started process (PID=276782) to work on /home/snigdh/repos/bigData/spark_demo_env/lib/python3.12/site-packages/airflow/example_dags/example_dynamic_task_mapping.py
[2026-07-18T21:55:10.652+0545] {processor.py:830} INFO - Processing file /home/snigdh/repos/bigData/spark_demo_env/lib/python3.12/site-packages/airflow/example_dags/example_dynamic_task_mapping.py for tasks to queue
[2026-07-18T21:55:10.653+0545] {logging_mixin.py:188} INFO - [2026-07-18T21:55:10.653+0545] {dagbag.py:545} INFO - Filling up the DagBag from /home/snigdh/repos/bigData/spark_demo_env/lib/python3.12/site-packages/airflow/example_dags/example_dynamic_task_mapping.py
[2026-07-18T21:55:10.662+0545] {processor.py:840} INFO - DAG(s) 'example_dynamic_task_mapping' retrieved from /home/snigdh/repos/bigData/spark_demo_env/lib/python3.12/site-packages/airflow/example_dags/example_dynamic_task_mapping.py
[2026-07-18T21:55:10.683+0545] {logging_mixin.py:188} INFO - [2026-07-18T21:55:10.682+0545] {dag.py:3089} INFO - Sync 1 DAGs
[2026-07-18T21:55:10.701+0545] {logging_mixin.py:188} INFO - [2026-07-18T21:55:10.700+0545] {dag.py:3947} INFO - Setting next_dagrun for example_dynamic_task_mapping to 2022-03-04 00:00:00+00:00, run_after=2022-03-05 00:00:00+00:00
[2026-07-18T21:55:10.727+0545] {processor.py:183} INFO - Processing /home/snigdh/repos/bigData/spark_demo_env/lib/python3.12/site-packages/airflow/example_dags/example_dynamic_task_mapping.py took 0.084 seconds
[2026-07-18T21:56:16.082+0545] {processor.py:161} INFO - Started process (PID=277398) to work on /home/snigdh/repos/bigData/spark_demo_env/lib/python3.12/site-packages/airflow/example_dags/example_dynamic_task_mapping.py
[2026-07-18T21:56:16.084+0545] {processor.py:830} INFO - Processing file /home/snigdh/repos/bigData/spark_demo_env/lib/python3.12/site-packages/airflow/example_dags/example_dynamic_task_mapping.py for tasks to queue
[2026-07-18T21:56:16.085+0545] {logging_mixin.py:188} INFO - [2026-07-18T21:56:16.085+0545] {dagbag.py:545} INFO - Filling up the DagBag from /home/snigdh/repos/bigData/spark_demo_env/lib/python3.12/site-packages/airflow/example_dags/example_dynamic_task_mapping.py
[2026-07-18T21:56:16.093+0545] {processor.py:840} INFO - DAG(s) 'example_dynamic_task_mapping' retrieved from /home/snigdh/repos/bigData/spark_demo_env/lib/python3.12/site-packages/airflow/example_dags/example_dynamic_task_mapping.py
[2026-07-18T21:56:16.115+0545] {logging_mixin.py:188} INFO - [2026-07-18T21:56:16.115+0545] {dag.py:3089} INFO - Sync 1 DAGs
[2026-07-18T21:56:16.132+0545] {logging_mixin.py:188} INFO - [2026-07-18T21:56:16.132+0545] {dag.py:3947} INFO - Setting next_dagrun for example_dynamic_task_mapping to 2022-03-04 00:00:00+00:00, run_after=2022-03-05 00:00:00+00:00
[2026-07-18T21:56:16.154+0545] {processor.py:183} INFO - Processing /home/snigdh/repos/bigData/spark_demo_env/lib/python3.12/site-packages/airflow/example_dags/example_dynamic_task_mapping.py took 0.079 seconds
[2026-07-18T21:57:22.633+0545] {processor.py:161} INFO - Started process (PID=278037) to work on /home/snigdh/repos/bigData/spark_demo_env/lib/python3.12/site-packages/airflow/example_dags/example_dynamic_task_mapping.py
[2026-07-18T21:57:22.635+0545] {processor.py:830} INFO - Processing file /home/snigdh/repos/bigData/spark_demo_env/lib/python3.12/site-packages/airflow/example_dags/example_dynamic_task_mapping.py for tasks to queue
[2026-07-18T21:57:22.637+0545] {logging_mixin.py:188} INFO - [2026-07-18T21:57:22.636+0545] {dagbag.py:545} INFO - Filling up the DagBag from /home/snigdh/repos/bigData/spark_demo_env/lib/python3.12/site-packages/airflow/example_dags/example_dynamic_task_mapping.py
[2026-07-18T21:57:22.646+0545] {processor.py:840} INFO - DAG(s) 'example_dynamic_task_mapping' retrieved from /home/snigdh/repos/bigData/spark_demo_env/lib/python3.12/site-packages/airflow/example_dags/example_dynamic_task_mapping.py
[2026-07-18T21:57:22.672+0545] {logging_mixin.py:188} INFO - [2026-07-18T21:57:22.672+0545] {dag.py:3089} INFO - Sync 1 DAGs
[2026-07-18T21:57:22.693+0545] {logging_mixin.py:188} INFO - [2026-07-18T21:57:22.693+0545] {dag.py:3947} INFO - Setting next_dagrun for example_dynamic_task_mapping to 2022-03-04 00:00:00+00:00, run_after=2022-03-05 00:00:00+00:00
[2026-07-18T21:57:22.717+0545] {processor.py:183} INFO - Processing /home/snigdh/repos/bigData/spark_demo_env/lib/python3.12/site-packages/airflow/example_dags/example_dynamic_task_mapping.py took 0.095 seconds
[2026-07-18T21:58:30.634+0545] {processor.py:161} INFO - Started process (PID=278699) to work on /home/snigdh/repos/bigData/spark_demo_env/lib/python3.12/site-packages/airflow/example_dags/example_dynamic_task_mapping.py
[2026-07-18T21:58:30.638+0545] {processor.py:830} INFO - Processing file /home/snigdh/repos/bigData/spark_demo_env/lib/python3.12/site-packages/airflow/example_dags/example_dynamic_task_mapping.py for tasks to queue
[2026-07-18T21:58:30.639+0545] {logging_mixin.py:188} INFO - [2026-07-18T21:58:30.638+0545] {dagbag.py:545} INFO - Filling up the DagBag from /home/snigdh/repos/bigData/spark_demo_env/lib/python3.12/site-packages/airflow/example_dags/example_dynamic_task_mapping.py
[2026-07-18T21:58:30.646+0545] {processor.py:840} INFO - DAG(s) 'example_dynamic_task_mapping' retrieved from /home/snigdh/repos/bigData/spark_demo_env/lib/python3.12/site-packages/airflow/example_dags/example_dynamic_task_mapping.py
[2026-07-18T21:58:30.663+0545] {logging_mixin.py:188} INFO - [2026-07-18T21:58:30.663+0545] {dag.py:3089} INFO - Sync 1 DAGs
[2026-07-18T21:58:30.678+0545] {logging_mixin.py:188} INFO - [2026-07-18T21:58:30.678+0545] {dag.py:3947} INFO - Setting next_dagrun for example_dynamic_task_mapping to 2022-03-04 00:00:00+00:00, run_after=2022-03-05 00:00:00+00:00
[2026-07-18T21:58:30.700+0545] {processor.py:183} INFO - Processing /home/snigdh/repos/bigData/spark_demo_env/lib/python3.12/site-packages/airflow/example_dags/example_dynamic_task_mapping.py took 0.072 seconds
[2026-07-18T21:59:40.382+0545] {processor.py:161} INFO - Started process (PID=279360) to work on /home/snigdh/repos/bigData/spark_demo_env/lib/python3.12/site-packages/airflow/example_dags/example_dynamic_task_mapping.py
[2026-07-18T21:59:40.386+0545] {processor.py:830} INFO - Processing file /home/snigdh/repos/bigData/spark_demo_env/lib/python3.12/site-packages/airflow/example_dags/example_dynamic_task_mapping.py for tasks to queue
[2026-07-18T21:59:40.387+0545] {logging_mixin.py:188} INFO - [2026-07-18T21:59:40.387+0545] {dagbag.py:545} INFO - Filling up the DagBag from /home/snigdh/repos/bigData/spark_demo_env/lib/python3.12/site-packages/airflow/example_dags/example_dynamic_task_mapping.py
[2026-07-18T21:59:40.398+0545] {processor.py:840} INFO - DAG(s) 'example_dynamic_task_mapping' retrieved from /home/snigdh/repos/bigData/spark_demo_env/lib/python3.12/site-packages/airflow/example_dags/example_dynamic_task_mapping.py
[2026-07-18T21:59:40.424+0545] {logging_mixin.py:188} INFO - [2026-07-18T21:59:40.423+0545] {dag.py:3089} INFO - Sync 1 DAGs
[2026-07-18T21:59:40.443+0545] {logging_mixin.py:188} INFO - [2026-07-18T21:59:40.443+0545] {dag.py:3947} INFO - Setting next_dagrun for example_dynamic_task_mapping to 2022-03-04 00:00:00+00:00, run_after=2022-03-05 00:00:00+00:00
[2026-07-18T21:59:40.469+0545] {processor.py:183} INFO - Processing /home/snigdh/repos/bigData/spark_demo_env/lib/python3.12/site-packages/airflow/example_dags/example_dynamic_task_mapping.py took 0.095 seconds
[2026-07-18T22:00:49.601+0545] {processor.py:161} INFO - Started process (PID=279983) to work on /home/snigdh/repos/bigData/spark_demo_env/lib/python3.12/site-packages/airflow/example_dags/example_dynamic_task_mapping.py
[2026-07-18T22:00:49.605+0545] {processor.py:830} INFO - Processing file /home/snigdh/repos/bigData/spark_demo_env/lib/python3.12/site-packages/airflow/example_dags/example_dynamic_task_mapping.py for tasks to queue
[2026-07-18T22:00:49.606+0545] {logging_mixin.py:188} INFO - [2026-07-18T22:00:49.606+0545] {dagbag.py:545} INFO - Filling up the DagBag from /home/snigdh/repos/bigData/spark_demo_env/lib/python3.12/site-packages/airflow/example_dags/example_dynamic_task_mapping.py
[2026-07-18T22:00:49.615+0545] {processor.py:840} INFO - DAG(s) 'example_dynamic_task_mapping' retrieved from /home/snigdh/repos/bigData/spark_demo_env/lib/python3.12/site-packages/airflow/example_dags/example_dynamic_task_mapping.py
[2026-07-18T22:00:49.636+0545] {logging_mixin.py:188} INFO - [2026-07-18T22:00:49.635+0545] {dag.py:3089} INFO - Sync 1 DAGs
[2026-07-18T22:00:49.655+0545] {logging_mixin.py:188} INFO - [2026-07-18T22:00:49.655+0545] {dag.py:3947} INFO - Setting next_dagrun for example_dynamic_task_mapping to 2022-03-04 00:00:00+00:00, run_after=2022-03-05 00:00:00+00:00
[2026-07-18T22:00:49.676+0545] {processor.py:183} INFO - Processing /home/snigdh/repos/bigData/spark_demo_env/lib/python3.12/site-packages/airflow/example_dags/example_dynamic_task_mapping.py took 0.082 seconds
[2026-07-18T22:01:57.341+0545] {processor.py:161} INFO - Started process (PID=280586) to work on /home/snigdh/repos/bigData/spark_demo_env/lib/python3.12/site-packages/airflow/example_dags/example_dynamic_task_mapping.py
[2026-07-18T22:01:57.345+0545] {processor.py:830} INFO - Processing file /home/snigdh/repos/bigData/spark_demo_env/lib/python3.12/site-packages/airflow/example_dags/example_dynamic_task_mapping.py for tasks to queue
[2026-07-18T22:01:57.346+0545] {logging_mixin.py:188} INFO - [2026-07-18T22:01:57.345+0545] {dagbag.py:545} INFO - Filling up the DagBag from /home/snigdh/repos/bigData/spark_demo_env/lib/python3.12/site-packages/airflow/example_dags/example_dynamic_task_mapping.py
[2026-07-18T22:01:57.354+0545] {processor.py:840} INFO - DAG(s) 'example_dynamic_task_mapping' retrieved from /home/snigdh/repos/bigData/spark_demo_env/lib/python3.12/site-packages/airflow/example_dags/example_dynamic_task_mapping.py
[2026-07-18T22:01:57.374+0545] {logging_mixin.py:188} INFO - [2026-07-18T22:01:57.374+0545] {dag.py:3089} INFO - Sync 1 DAGs
[2026-07-18T22:01:57.391+0545] {logging_mixin.py:188} INFO - [2026-07-18T22:01:57.391+0545] {dag.py:3947} INFO - Setting next_dagrun for example_dynamic_task_mapping to 2022-03-04 00:00:00+00:00, run_after=2022-03-05 00:00:00+00:00
[2026-07-18T22:01:57.413+0545] {processor.py:183} INFO - Processing /home/snigdh/repos/bigData/spark_demo_env/lib/python3.12/site-packages/airflow/example_dags/example_dynamic_task_mapping.py took 0.080 seconds
