[2026-07-18T21:38:37.903+0545] {processor.py:161} INFO - Started process (PID=262487) to work on /home/snigdh/repos/bigData/spark_demo_env/lib/python3.12/site-packages/airflow/example_dags/example_sensor_decorator.py
[2026-07-18T21:38:37.904+0545] {processor.py:830} INFO - Processing file /home/snigdh/repos/bigData/spark_demo_env/lib/python3.12/site-packages/airflow/example_dags/example_sensor_decorator.py for tasks to queue
[2026-07-18T21:38:37.906+0545] {logging_mixin.py:188} INFO - [2026-07-18T21:38:37.906+0545] {dagbag.py:545} INFO - Filling up the DagBag from /home/snigdh/repos/bigData/spark_demo_env/lib/python3.12/site-packages/airflow/example_dags/example_sensor_decorator.py
[2026-07-18T21:38:37.914+0545] {processor.py:840} INFO - DAG(s) 'example_sensor_decorator' retrieved from /home/snigdh/repos/bigData/spark_demo_env/lib/python3.12/site-packages/airflow/example_dags/example_sensor_decorator.py
[2026-07-18T21:38:38.022+0545] {logging_mixin.py:188} INFO - [2026-07-18T21:38:38.022+0545] {override.py:1858} INFO - Created Permission View: can delete on DAG:example_sensor_decorator
[2026-07-18T21:38:38.034+0545] {logging_mixin.py:188} INFO - [2026-07-18T21:38:38.034+0545] {override.py:1858} INFO - Created Permission View: can read on DAG:example_sensor_decorator
[2026-07-18T21:38:38.043+0545] {logging_mixin.py:188} INFO - [2026-07-18T21:38:38.042+0545] {override.py:1858} INFO - Created Permission View: can edit on DAG:example_sensor_decorator
[2026-07-18T21:38:38.043+0545] {logging_mixin.py:188} INFO - [2026-07-18T21:38:38.043+0545] {dag.py:3089} INFO - Sync 1 DAGs
[2026-07-18T21:38:38.059+0545] {logging_mixin.py:188} INFO - [2026-07-18T21:38:38.058+0545] {dag.py:3111} INFO - Creating ORM DAG for example_sensor_decorator
[2026-07-18T21:38:38.060+0545] {logging_mixin.py:188} INFO - [2026-07-18T21:38:38.059+0545] {dag.py:3947} INFO - Setting next_dagrun for example_sensor_decorator to None, run_after=None
[2026-07-18T21:38:38.082+0545] {processor.py:183} INFO - Processing /home/snigdh/repos/bigData/spark_demo_env/lib/python3.12/site-packages/airflow/example_dags/example_sensor_decorator.py took 0.185 seconds
[2026-07-18T21:39:35.993+0545] {processor.py:161} INFO - Started process (PID=262796) to work on /home/snigdh/repos/bigData/spark_demo_env/lib/python3.12/site-packages/airflow/example_dags/example_sensor_decorator.py
[2026-07-18T21:39:35.997+0545] {processor.py:830} INFO - Processing file /home/snigdh/repos/bigData/spark_demo_env/lib/python3.12/site-packages/airflow/example_dags/example_sensor_decorator.py for tasks to queue
[2026-07-18T21:39:35.999+0545] {logging_mixin.py:188} INFO - [2026-07-18T21:39:35.999+0545] {dagbag.py:545} INFO - Filling up the DagBag from /home/snigdh/repos/bigData/spark_demo_env/lib/python3.12/site-packages/airflow/example_dags/example_sensor_decorator.py
[2026-07-18T21:39:36.007+0545] {processor.py:840} INFO - DAG(s) 'example_sensor_decorator' retrieved from /home/snigdh/repos/bigData/spark_demo_env/lib/python3.12/site-packages/airflow/example_dags/example_sensor_decorator.py
[2026-07-18T21:39:36.028+0545] {logging_mixin.py:188} INFO - [2026-07-18T21:39:36.028+0545] {dag.py:3089} INFO - Sync 1 DAGs
[2026-07-18T21:39:36.042+0545] {logging_mixin.py:188} INFO - [2026-07-18T21:39:36.041+0545] {dag.py:3947} INFO - Setting next_dagrun for example_sensor_decorator to None, run_after=None
[2026-07-18T21:39:36.067+0545] {processor.py:183} INFO - Processing /home/snigdh/repos/bigData/spark_demo_env/lib/python3.12/site-packages/airflow/example_dags/example_sensor_decorator.py took 0.081 seconds
[2026-07-18T21:46:49.496+0545] {processor.py:161} INFO - Started process (PID=269949) to work on /home/snigdh/repos/bigData/spark_demo_env/lib/python3.12/site-packages/airflow/example_dags/example_sensor_decorator.py
[2026-07-18T21:46:49.501+0545] {processor.py:830} INFO - Processing file /home/snigdh/repos/bigData/spark_demo_env/lib/python3.12/site-packages/airflow/example_dags/example_sensor_decorator.py for tasks to queue
[2026-07-18T21:46:49.502+0545] {logging_mixin.py:188} INFO - [2026-07-18T21:46:49.502+0545] {dagbag.py:545} INFO - Filling up the DagBag from /home/snigdh/repos/bigData/spark_demo_env/lib/python3.12/site-packages/airflow/example_dags/example_sensor_decorator.py
[2026-07-18T21:46:49.512+0545] {processor.py:840} INFO - DAG(s) 'example_sensor_decorator' retrieved from /home/snigdh/repos/bigData/spark_demo_env/lib/python3.12/site-packages/airflow/example_dags/example_sensor_decorator.py
[2026-07-18T21:46:49.623+0545] {logging_mixin.py:188} INFO - [2026-07-18T21:46:49.623+0545] {dag.py:3089} INFO - Sync 1 DAGs
[2026-07-18T21:46:49.631+0545] {logging_mixin.py:188} INFO - [2026-07-18T21:46:49.631+0545] {dag.py:3947} INFO - Setting next_dagrun for example_sensor_decorator to None, run_after=None
[2026-07-18T21:46:49.663+0545] {processor.py:183} INFO - Processing /home/snigdh/repos/bigData/spark_demo_env/lib/python3.12/site-packages/airflow/example_dags/example_sensor_decorator.py took 0.175 seconds
[2026-07-18T21:47:48.386+0545] {processor.py:161} INFO - Started process (PID=270627) to work on /home/snigdh/repos/bigData/spark_demo_env/lib/python3.12/site-packages/airflow/example_dags/example_sensor_decorator.py
[2026-07-18T21:47:48.389+0545] {processor.py:830} INFO - Processing file /home/snigdh/repos/bigData/spark_demo_env/lib/python3.12/site-packages/airflow/example_dags/example_sensor_decorator.py for tasks to queue
[2026-07-18T21:47:48.390+0545] {logging_mixin.py:188} INFO - [2026-07-18T21:47:48.390+0545] {dagbag.py:545} INFO - Filling up the DagBag from /home/snigdh/repos/bigData/spark_demo_env/lib/python3.12/site-packages/airflow/example_dags/example_sensor_decorator.py
[2026-07-18T21:47:48.396+0545] {processor.py:840} INFO - DAG(s) 'example_sensor_decorator' retrieved from /home/snigdh/repos/bigData/spark_demo_env/lib/python3.12/site-packages/airflow/example_dags/example_sensor_decorator.py
[2026-07-18T21:47:48.414+0545] {logging_mixin.py:188} INFO - [2026-07-18T21:47:48.414+0545] {dag.py:3089} INFO - Sync 1 DAGs
[2026-07-18T21:47:48.425+0545] {logging_mixin.py:188} INFO - [2026-07-18T21:47:48.425+0545] {dag.py:3947} INFO - Setting next_dagrun for example_sensor_decorator to None, run_after=None
[2026-07-18T21:47:48.452+0545] {processor.py:183} INFO - Processing /home/snigdh/repos/bigData/spark_demo_env/lib/python3.12/site-packages/airflow/example_dags/example_sensor_decorator.py took 0.075 seconds
[2026-07-18T21:48:39.212+0545] {processor.py:161} INFO - Started process (PID=271594) to work on /home/snigdh/repos/bigData/spark_demo_env/lib/python3.12/site-packages/airflow/example_dags/example_sensor_decorator.py
[2026-07-18T21:48:39.215+0545] {processor.py:830} INFO - Processing file /home/snigdh/repos/bigData/spark_demo_env/lib/python3.12/site-packages/airflow/example_dags/example_sensor_decorator.py for tasks to queue
[2026-07-18T21:48:39.217+0545] {logging_mixin.py:188} INFO - [2026-07-18T21:48:39.216+0545] {dagbag.py:545} INFO - Filling up the DagBag from /home/snigdh/repos/bigData/spark_demo_env/lib/python3.12/site-packages/airflow/example_dags/example_sensor_decorator.py
[2026-07-18T21:48:39.227+0545] {processor.py:840} INFO - DAG(s) 'example_sensor_decorator' retrieved from /home/snigdh/repos/bigData/spark_demo_env/lib/python3.12/site-packages/airflow/example_dags/example_sensor_decorator.py
[2026-07-18T21:48:39.254+0545] {logging_mixin.py:188} INFO - [2026-07-18T21:48:39.253+0545] {dag.py:3089} INFO - Sync 1 DAGs
[2026-07-18T21:48:39.269+0545] {logging_mixin.py:188} INFO - [2026-07-18T21:48:39.269+0545] {dag.py:3947} INFO - Setting next_dagrun for example_sensor_decorator to None, run_after=None
[2026-07-18T21:48:39.306+0545] {processor.py:183} INFO - Processing /home/snigdh/repos/bigData/spark_demo_env/lib/python3.12/site-packages/airflow/example_dags/example_sensor_decorator.py took 0.102 seconds
[2026-07-18T21:49:35.589+0545] {processor.py:161} INFO - Started process (PID=272203) to work on /home/snigdh/repos/bigData/spark_demo_env/lib/python3.12/site-packages/airflow/example_dags/example_sensor_decorator.py
[2026-07-18T21:49:35.593+0545] {processor.py:830} INFO - Processing file /home/snigdh/repos/bigData/spark_demo_env/lib/python3.12/site-packages/airflow/example_dags/example_sensor_decorator.py for tasks to queue
[2026-07-18T21:49:35.594+0545] {logging_mixin.py:188} INFO - [2026-07-18T21:49:35.594+0545] {dagbag.py:545} INFO - Filling up the DagBag from /home/snigdh/repos/bigData/spark_demo_env/lib/python3.12/site-packages/airflow/example_dags/example_sensor_decorator.py
[2026-07-18T21:49:35.601+0545] {processor.py:840} INFO - DAG(s) 'example_sensor_decorator' retrieved from /home/snigdh/repos/bigData/spark_demo_env/lib/python3.12/site-packages/airflow/example_dags/example_sensor_decorator.py
[2026-07-18T21:49:35.755+0545] {logging_mixin.py:188} INFO - [2026-07-18T21:49:35.755+0545] {dag.py:3089} INFO - Sync 1 DAGs
[2026-07-18T21:49:35.764+0545] {logging_mixin.py:188} INFO - [2026-07-18T21:49:35.764+0545] {dag.py:3947} INFO - Setting next_dagrun for example_sensor_decorator to None, run_after=None
[2026-07-18T21:49:35.789+0545] {processor.py:183} INFO - Processing /home/snigdh/repos/bigData/spark_demo_env/lib/python3.12/site-packages/airflow/example_dags/example_sensor_decorator.py took 0.209 seconds
[2026-07-18T21:50:27.692+0545] {processor.py:161} INFO - Started process (PID=272815) to work on /home/snigdh/repos/bigData/spark_demo_env/lib/python3.12/site-packages/airflow/example_dags/example_sensor_decorator.py
[2026-07-18T21:50:27.696+0545] {processor.py:830} INFO - Processing file /home/snigdh/repos/bigData/spark_demo_env/lib/python3.12/site-packages/airflow/example_dags/example_sensor_decorator.py for tasks to queue
[2026-07-18T21:50:27.697+0545] {logging_mixin.py:188} INFO - [2026-07-18T21:50:27.697+0545] {dagbag.py:545} INFO - Filling up the DagBag from /home/snigdh/repos/bigData/spark_demo_env/lib/python3.12/site-packages/airflow/example_dags/example_sensor_decorator.py
[2026-07-18T21:50:27.705+0545] {processor.py:840} INFO - DAG(s) 'example_sensor_decorator' retrieved from /home/snigdh/repos/bigData/spark_demo_env/lib/python3.12/site-packages/airflow/example_dags/example_sensor_decorator.py
[2026-07-18T21:50:27.727+0545] {logging_mixin.py:188} INFO - [2026-07-18T21:50:27.726+0545] {dag.py:3089} INFO - Sync 1 DAGs
[2026-07-18T21:50:27.740+0545] {logging_mixin.py:188} INFO - [2026-07-18T21:50:27.740+0545] {dag.py:3947} INFO - Setting next_dagrun for example_sensor_decorator to None, run_after=None
[2026-07-18T21:50:27.767+0545] {processor.py:183} INFO - Processing /home/snigdh/repos/bigData/spark_demo_env/lib/python3.12/site-packages/airflow/example_dags/example_sensor_decorator.py took 0.082 seconds
[2026-07-18T21:51:34.575+0545] {processor.py:161} INFO - Started process (PID=273802) to work on /home/snigdh/repos/bigData/spark_demo_env/lib/python3.12/site-packages/airflow/example_dags/example_sensor_decorator.py
[2026-07-18T21:51:34.579+0545] {processor.py:830} INFO - Processing file /home/snigdh/repos/bigData/spark_demo_env/lib/python3.12/site-packages/airflow/example_dags/example_sensor_decorator.py for tasks to queue
[2026-07-18T21:51:34.580+0545] {logging_mixin.py:188} INFO - [2026-07-18T21:51:34.579+0545] {dagbag.py:545} INFO - Filling up the DagBag from /home/snigdh/repos/bigData/spark_demo_env/lib/python3.12/site-packages/airflow/example_dags/example_sensor_decorator.py
[2026-07-18T21:51:34.586+0545] {processor.py:840} INFO - DAG(s) 'example_sensor_decorator' retrieved from /home/snigdh/repos/bigData/spark_demo_env/lib/python3.12/site-packages/airflow/example_dags/example_sensor_decorator.py
[2026-07-18T21:51:34.605+0545] {logging_mixin.py:188} INFO - [2026-07-18T21:51:34.605+0545] {dag.py:3089} INFO - Sync 1 DAGs
[2026-07-18T21:51:34.618+0545] {logging_mixin.py:188} INFO - [2026-07-18T21:51:34.617+0545] {dag.py:3947} INFO - Setting next_dagrun for example_sensor_decorator to None, run_after=None
[2026-07-18T21:51:34.647+0545] {processor.py:183} INFO - Processing /home/snigdh/repos/bigData/spark_demo_env/lib/python3.12/site-packages/airflow/example_dags/example_sensor_decorator.py took 0.078 seconds
[2026-07-18T21:52:41.539+0545] {processor.py:161} INFO - Started process (PID=274621) to work on /home/snigdh/repos/bigData/spark_demo_env/lib/python3.12/site-packages/airflow/example_dags/example_sensor_decorator.py
[2026-07-18T21:52:41.542+0545] {processor.py:830} INFO - Processing file /home/snigdh/repos/bigData/spark_demo_env/lib/python3.12/site-packages/airflow/example_dags/example_sensor_decorator.py for tasks to queue
[2026-07-18T21:52:41.544+0545] {logging_mixin.py:188} INFO - [2026-07-18T21:52:41.543+0545] {dagbag.py:545} INFO - Filling up the DagBag from /home/snigdh/repos/bigData/spark_demo_env/lib/python3.12/site-packages/airflow/example_dags/example_sensor_decorator.py
[2026-07-18T21:52:41.552+0545] {processor.py:840} INFO - DAG(s) 'example_sensor_decorator' retrieved from /home/snigdh/repos/bigData/spark_demo_env/lib/python3.12/site-packages/airflow/example_dags/example_sensor_decorator.py
[2026-07-18T21:52:41.572+0545] {logging_mixin.py:188} INFO - [2026-07-18T21:52:41.572+0545] {dag.py:3089} INFO - Sync 1 DAGs
[2026-07-18T21:52:41.585+0545] {logging_mixin.py:188} INFO - [2026-07-18T21:52:41.584+0545] {dag.py:3947} INFO - Setting next_dagrun for example_sensor_decorator to None, run_after=None
[2026-07-18T21:52:41.611+0545] {processor.py:183} INFO - Processing /home/snigdh/repos/bigData/spark_demo_env/lib/python3.12/site-packages/airflow/example_dags/example_sensor_decorator.py took 0.080 seconds
[2026-07-18T21:53:27.794+0545] {processor.py:161} INFO - Started process (PID=275223) to work on /home/snigdh/repos/bigData/spark_demo_env/lib/python3.12/site-packages/airflow/example_dags/example_sensor_decorator.py
[2026-07-18T21:53:27.798+0545] {processor.py:830} INFO - Processing file /home/snigdh/repos/bigData/spark_demo_env/lib/python3.12/site-packages/airflow/example_dags/example_sensor_decorator.py for tasks to queue
[2026-07-18T21:53:27.800+0545] {logging_mixin.py:188} INFO - [2026-07-18T21:53:27.799+0545] {dagbag.py:545} INFO - Filling up the DagBag from /home/snigdh/repos/bigData/spark_demo_env/lib/python3.12/site-packages/airflow/example_dags/example_sensor_decorator.py
[2026-07-18T21:53:27.811+0545] {processor.py:840} INFO - DAG(s) 'example_sensor_decorator' retrieved from /home/snigdh/repos/bigData/spark_demo_env/lib/python3.12/site-packages/airflow/example_dags/example_sensor_decorator.py
[2026-07-18T21:53:27.840+0545] {logging_mixin.py:188} INFO - [2026-07-18T21:53:27.839+0545] {dag.py:3089} INFO - Sync 1 DAGs
[2026-07-18T21:53:27.860+0545] {logging_mixin.py:188} INFO - [2026-07-18T21:53:27.860+0545] {dag.py:3947} INFO - Setting next_dagrun for example_sensor_decorator to None, run_after=None
[2026-07-18T21:53:27.895+0545] {processor.py:183} INFO - Processing /home/snigdh/repos/bigData/spark_demo_env/lib/python3.12/site-packages/airflow/example_dags/example_sensor_decorator.py took 0.110 seconds
[2026-07-18T21:54:18.083+0545] {processor.py:161} INFO - Started process (PID=276128) to work on /home/snigdh/repos/bigData/spark_demo_env/lib/python3.12/site-packages/airflow/example_dags/example_sensor_decorator.py
[2026-07-18T21:54:18.086+0545] {processor.py:830} INFO - Processing file /home/snigdh/repos/bigData/spark_demo_env/lib/python3.12/site-packages/airflow/example_dags/example_sensor_decorator.py for tasks to queue
[2026-07-18T21:54:18.088+0545] {logging_mixin.py:188} INFO - [2026-07-18T21:54:18.087+0545] {dagbag.py:545} INFO - Filling up the DagBag from /home/snigdh/repos/bigData/spark_demo_env/lib/python3.12/site-packages/airflow/example_dags/example_sensor_decorator.py
[2026-07-18T21:54:18.096+0545] {processor.py:840} INFO - DAG(s) 'example_sensor_decorator' retrieved from /home/snigdh/repos/bigData/spark_demo_env/lib/python3.12/site-packages/airflow/example_dags/example_sensor_decorator.py
[2026-07-18T21:54:18.114+0545] {logging_mixin.py:188} INFO - [2026-07-18T21:54:18.113+0545] {dag.py:3089} INFO - Sync 1 DAGs
[2026-07-18T21:54:18.125+0545] {logging_mixin.py:188} INFO - [2026-07-18T21:54:18.125+0545] {dag.py:3947} INFO - Setting next_dagrun for example_sensor_decorator to None, run_after=None
[2026-07-18T21:54:18.148+0545] {processor.py:183} INFO - Processing /home/snigdh/repos/bigData/spark_demo_env/lib/python3.12/site-packages/airflow/example_dags/example_sensor_decorator.py took 0.073 seconds
[2026-07-18T21:55:05.246+0545] {processor.py:161} INFO - Started process (PID=276744) to work on /home/snigdh/repos/bigData/spark_demo_env/lib/python3.12/site-packages/airflow/example_dags/example_sensor_decorator.py
[2026-07-18T21:55:05.247+0545] {processor.py:830} INFO - Processing file /home/snigdh/repos/bigData/spark_demo_env/lib/python3.12/site-packages/airflow/example_dags/example_sensor_decorator.py for tasks to queue
[2026-07-18T21:55:05.248+0545] {logging_mixin.py:188} INFO - [2026-07-18T21:55:05.247+0545] {dagbag.py:545} INFO - Filling up the DagBag from /home/snigdh/repos/bigData/spark_demo_env/lib/python3.12/site-packages/airflow/example_dags/example_sensor_decorator.py
[2026-07-18T21:55:05.255+0545] {processor.py:840} INFO - DAG(s) 'example_sensor_decorator' retrieved from /home/snigdh/repos/bigData/spark_demo_env/lib/python3.12/site-packages/airflow/example_dags/example_sensor_decorator.py
[2026-07-18T21:55:05.276+0545] {logging_mixin.py:188} INFO - [2026-07-18T21:55:05.276+0545] {dag.py:3089} INFO - Sync 1 DAGs
[2026-07-18T21:55:05.289+0545] {logging_mixin.py:188} INFO - [2026-07-18T21:55:05.288+0545] {dag.py:3947} INFO - Setting next_dagrun for example_sensor_decorator to None, run_after=None
[2026-07-18T21:55:05.313+0545] {processor.py:183} INFO - Processing /home/snigdh/repos/bigData/spark_demo_env/lib/python3.12/site-packages/airflow/example_dags/example_sensor_decorator.py took 0.076 seconds
[2026-07-18T21:56:12.907+0545] {processor.py:161} INFO - Started process (PID=277380) to work on /home/snigdh/repos/bigData/spark_demo_env/lib/python3.12/site-packages/airflow/example_dags/example_sensor_decorator.py
[2026-07-18T21:56:12.911+0545] {processor.py:830} INFO - Processing file /home/snigdh/repos/bigData/spark_demo_env/lib/python3.12/site-packages/airflow/example_dags/example_sensor_decorator.py for tasks to queue
[2026-07-18T21:56:12.913+0545] {logging_mixin.py:188} INFO - [2026-07-18T21:56:12.912+0545] {dagbag.py:545} INFO - Filling up the DagBag from /home/snigdh/repos/bigData/spark_demo_env/lib/python3.12/site-packages/airflow/example_dags/example_sensor_decorator.py
[2026-07-18T21:56:12.922+0545] {processor.py:840} INFO - DAG(s) 'example_sensor_decorator' retrieved from /home/snigdh/repos/bigData/spark_demo_env/lib/python3.12/site-packages/airflow/example_dags/example_sensor_decorator.py
[2026-07-18T21:56:12.946+0545] {logging_mixin.py:188} INFO - [2026-07-18T21:56:12.945+0545] {dag.py:3089} INFO - Sync 1 DAGs
[2026-07-18T21:56:12.958+0545] {logging_mixin.py:188} INFO - [2026-07-18T21:56:12.957+0545] {dag.py:3947} INFO - Setting next_dagrun for example_sensor_decorator to None, run_after=None
[2026-07-18T21:56:12.983+0545] {processor.py:183} INFO - Processing /home/snigdh/repos/bigData/spark_demo_env/lib/python3.12/site-packages/airflow/example_dags/example_sensor_decorator.py took 0.086 seconds
[2026-07-18T21:57:16.775+0545] {processor.py:161} INFO - Started process (PID=277991) to work on /home/snigdh/repos/bigData/spark_demo_env/lib/python3.12/site-packages/airflow/example_dags/example_sensor_decorator.py
[2026-07-18T21:57:16.778+0545] {processor.py:830} INFO - Processing file /home/snigdh/repos/bigData/spark_demo_env/lib/python3.12/site-packages/airflow/example_dags/example_sensor_decorator.py for tasks to queue
[2026-07-18T21:57:16.779+0545] {logging_mixin.py:188} INFO - [2026-07-18T21:57:16.779+0545] {dagbag.py:545} INFO - Filling up the DagBag from /home/snigdh/repos/bigData/spark_demo_env/lib/python3.12/site-packages/airflow/example_dags/example_sensor_decorator.py
[2026-07-18T21:57:16.786+0545] {processor.py:840} INFO - DAG(s) 'example_sensor_decorator' retrieved from /home/snigdh/repos/bigData/spark_demo_env/lib/python3.12/site-packages/airflow/example_dags/example_sensor_decorator.py
[2026-07-18T21:57:16.804+0545] {logging_mixin.py:188} INFO - [2026-07-18T21:57:16.804+0545] {dag.py:3089} INFO - Sync 1 DAGs
[2026-07-18T21:57:16.815+0545] {logging_mixin.py:188} INFO - [2026-07-18T21:57:16.815+0545] {dag.py:3947} INFO - Setting next_dagrun for example_sensor_decorator to None, run_after=None
[2026-07-18T21:57:16.843+0545] {processor.py:183} INFO - Processing /home/snigdh/repos/bigData/spark_demo_env/lib/python3.12/site-packages/airflow/example_dags/example_sensor_decorator.py took 0.075 seconds
[2026-07-18T21:58:02.980+0545] {processor.py:161} INFO - Started process (PID=278456) to work on /home/snigdh/repos/bigData/spark_demo_env/lib/python3.12/site-packages/airflow/example_dags/example_sensor_decorator.py
[2026-07-18T21:58:02.984+0545] {processor.py:830} INFO - Processing file /home/snigdh/repos/bigData/spark_demo_env/lib/python3.12/site-packages/airflow/example_dags/example_sensor_decorator.py for tasks to queue
[2026-07-18T21:58:02.986+0545] {logging_mixin.py:188} INFO - [2026-07-18T21:58:02.985+0545] {dagbag.py:545} INFO - Filling up the DagBag from /home/snigdh/repos/bigData/spark_demo_env/lib/python3.12/site-packages/airflow/example_dags/example_sensor_decorator.py
[2026-07-18T21:58:02.995+0545] {processor.py:840} INFO - DAG(s) 'example_sensor_decorator' retrieved from /home/snigdh/repos/bigData/spark_demo_env/lib/python3.12/site-packages/airflow/example_dags/example_sensor_decorator.py
[2026-07-18T21:58:03.022+0545] {logging_mixin.py:188} INFO - [2026-07-18T21:58:03.022+0545] {dag.py:3089} INFO - Sync 1 DAGs
[2026-07-18T21:58:03.036+0545] {logging_mixin.py:188} INFO - [2026-07-18T21:58:03.035+0545] {dag.py:3947} INFO - Setting next_dagrun for example_sensor_decorator to None, run_after=None
[2026-07-18T21:58:03.063+0545] {processor.py:183} INFO - Processing /home/snigdh/repos/bigData/spark_demo_env/lib/python3.12/site-packages/airflow/example_dags/example_sensor_decorator.py took 0.093 seconds
[2026-07-18T21:58:48.726+0545] {processor.py:161} INFO - Started process (PID=278851) to work on /home/snigdh/repos/bigData/spark_demo_env/lib/python3.12/site-packages/airflow/example_dags/example_sensor_decorator.py
[2026-07-18T21:58:48.729+0545] {processor.py:830} INFO - Processing file /home/snigdh/repos/bigData/spark_demo_env/lib/python3.12/site-packages/airflow/example_dags/example_sensor_decorator.py for tasks to queue
[2026-07-18T21:58:48.731+0545] {logging_mixin.py:188} INFO - [2026-07-18T21:58:48.730+0545] {dagbag.py:545} INFO - Filling up the DagBag from /home/snigdh/repos/bigData/spark_demo_env/lib/python3.12/site-packages/airflow/example_dags/example_sensor_decorator.py
[2026-07-18T21:58:48.739+0545] {processor.py:840} INFO - DAG(s) 'example_sensor_decorator' retrieved from /home/snigdh/repos/bigData/spark_demo_env/lib/python3.12/site-packages/airflow/example_dags/example_sensor_decorator.py
[2026-07-18T21:58:48.761+0545] {logging_mixin.py:188} INFO - [2026-07-18T21:58:48.761+0545] {dag.py:3089} INFO - Sync 1 DAGs
[2026-07-18T21:58:48.776+0545] {logging_mixin.py:188} INFO - [2026-07-18T21:58:48.776+0545] {dag.py:3947} INFO - Setting next_dagrun for example_sensor_decorator to None, run_after=None
[2026-07-18T21:58:48.809+0545] {processor.py:183} INFO - Processing /home/snigdh/repos/bigData/spark_demo_env/lib/python3.12/site-packages/airflow/example_dags/example_sensor_decorator.py took 0.092 seconds
[2026-07-18T21:59:35.248+0545] {processor.py:161} INFO - Started process (PID=279321) to work on /home/snigdh/repos/bigData/spark_demo_env/lib/python3.12/site-packages/airflow/example_dags/example_sensor_decorator.py
[2026-07-18T21:59:35.252+0545] {processor.py:830} INFO - Processing file /home/snigdh/repos/bigData/spark_demo_env/lib/python3.12/site-packages/airflow/example_dags/example_sensor_decorator.py for tasks to queue
[2026-07-18T21:59:35.254+0545] {logging_mixin.py:188} INFO - [2026-07-18T21:59:35.253+0545] {dagbag.py:545} INFO - Filling up the DagBag from /home/snigdh/repos/bigData/spark_demo_env/lib/python3.12/site-packages/airflow/example_dags/example_sensor_decorator.py
[2026-07-18T21:59:35.261+0545] {processor.py:840} INFO - DAG(s) 'example_sensor_decorator' retrieved from /home/snigdh/repos/bigData/spark_demo_env/lib/python3.12/site-packages/airflow/example_dags/example_sensor_decorator.py
[2026-07-18T21:59:35.283+0545] {logging_mixin.py:188} INFO - [2026-07-18T21:59:35.282+0545] {dag.py:3089} INFO - Sync 1 DAGs
[2026-07-18T21:59:35.297+0545] {logging_mixin.py:188} INFO - [2026-07-18T21:59:35.297+0545] {dag.py:3947} INFO - Setting next_dagrun for example_sensor_decorator to None, run_after=None
[2026-07-18T21:59:35.319+0545] {processor.py:183} INFO - Processing /home/snigdh/repos/bigData/spark_demo_env/lib/python3.12/site-packages/airflow/example_dags/example_sensor_decorator.py took 0.080 seconds
[2026-07-18T22:00:21.204+0545] {processor.py:161} INFO - Started process (PID=279716) to work on /home/snigdh/repos/bigData/spark_demo_env/lib/python3.12/site-packages/airflow/example_dags/example_sensor_decorator.py
[2026-07-18T22:00:21.208+0545] {processor.py:830} INFO - Processing file /home/snigdh/repos/bigData/spark_demo_env/lib/python3.12/site-packages/airflow/example_dags/example_sensor_decorator.py for tasks to queue
[2026-07-18T22:00:21.209+0545] {logging_mixin.py:188} INFO - [2026-07-18T22:00:21.208+0545] {dagbag.py:545} INFO - Filling up the DagBag from /home/snigdh/repos/bigData/spark_demo_env/lib/python3.12/site-packages/airflow/example_dags/example_sensor_decorator.py
[2026-07-18T22:00:21.219+0545] {processor.py:840} INFO - DAG(s) 'example_sensor_decorator' retrieved from /home/snigdh/repos/bigData/spark_demo_env/lib/python3.12/site-packages/airflow/example_dags/example_sensor_decorator.py
[2026-07-18T22:00:21.243+0545] {logging_mixin.py:188} INFO - [2026-07-18T22:00:21.243+0545] {dag.py:3089} INFO - Sync 1 DAGs
[2026-07-18T22:00:21.259+0545] {logging_mixin.py:188} INFO - [2026-07-18T22:00:21.259+0545] {dag.py:3947} INFO - Setting next_dagrun for example_sensor_decorator to None, run_after=None
[2026-07-18T22:00:21.296+0545] {processor.py:183} INFO - Processing /home/snigdh/repos/bigData/spark_demo_env/lib/python3.12/site-packages/airflow/example_dags/example_sensor_decorator.py took 0.101 seconds
[2026-07-18T22:01:09.898+0545] {processor.py:161} INFO - Started process (PID=280181) to work on /home/snigdh/repos/bigData/spark_demo_env/lib/python3.12/site-packages/airflow/example_dags/example_sensor_decorator.py
[2026-07-18T22:01:09.902+0545] {processor.py:830} INFO - Processing file /home/snigdh/repos/bigData/spark_demo_env/lib/python3.12/site-packages/airflow/example_dags/example_sensor_decorator.py for tasks to queue
[2026-07-18T22:01:09.903+0545] {logging_mixin.py:188} INFO - [2026-07-18T22:01:09.902+0545] {dagbag.py:545} INFO - Filling up the DagBag from /home/snigdh/repos/bigData/spark_demo_env/lib/python3.12/site-packages/airflow/example_dags/example_sensor_decorator.py
[2026-07-18T22:01:09.911+0545] {processor.py:840} INFO - DAG(s) 'example_sensor_decorator' retrieved from /home/snigdh/repos/bigData/spark_demo_env/lib/python3.12/site-packages/airflow/example_dags/example_sensor_decorator.py
[2026-07-18T22:01:09.936+0545] {logging_mixin.py:188} INFO - [2026-07-18T22:01:09.935+0545] {dag.py:3089} INFO - Sync 1 DAGs
[2026-07-18T22:01:09.950+0545] {logging_mixin.py:188} INFO - [2026-07-18T22:01:09.950+0545] {dag.py:3947} INFO - Setting next_dagrun for example_sensor_decorator to None, run_after=None
[2026-07-18T22:01:09.984+0545] {processor.py:183} INFO - Processing /home/snigdh/repos/bigData/spark_demo_env/lib/python3.12/site-packages/airflow/example_dags/example_sensor_decorator.py took 0.094 seconds
[2026-07-18T22:02:15.306+0545] {processor.py:161} INFO - Started process (PID=280794) to work on /home/snigdh/repos/bigData/spark_demo_env/lib/python3.12/site-packages/airflow/example_dags/example_sensor_decorator.py
[2026-07-18T22:02:15.310+0545] {processor.py:830} INFO - Processing file /home/snigdh/repos/bigData/spark_demo_env/lib/python3.12/site-packages/airflow/example_dags/example_sensor_decorator.py for tasks to queue
[2026-07-18T22:02:15.312+0545] {logging_mixin.py:188} INFO - [2026-07-18T22:02:15.311+0545] {dagbag.py:545} INFO - Filling up the DagBag from /home/snigdh/repos/bigData/spark_demo_env/lib/python3.12/site-packages/airflow/example_dags/example_sensor_decorator.py
[2026-07-18T22:02:15.322+0545] {processor.py:840} INFO - DAG(s) 'example_sensor_decorator' retrieved from /home/snigdh/repos/bigData/spark_demo_env/lib/python3.12/site-packages/airflow/example_dags/example_sensor_decorator.py
[2026-07-18T22:02:15.344+0545] {logging_mixin.py:188} INFO - [2026-07-18T22:02:15.344+0545] {dag.py:3089} INFO - Sync 1 DAGs
[2026-07-18T22:02:15.358+0545] {logging_mixin.py:188} INFO - [2026-07-18T22:02:15.357+0545] {dag.py:3947} INFO - Setting next_dagrun for example_sensor_decorator to None, run_after=None
[2026-07-18T22:02:15.388+0545] {processor.py:183} INFO - Processing /home/snigdh/repos/bigData/spark_demo_env/lib/python3.12/site-packages/airflow/example_dags/example_sensor_decorator.py took 0.092 seconds
