[2026-07-18T21:38:40.377+0545] {processor.py:161} INFO - Started process (PID=262499) to work on /home/snigdh/repos/bigData/spark_demo_env/lib/python3.12/site-packages/airflow/example_dags/example_latest_only.py
[2026-07-18T21:38:40.379+0545] {processor.py:830} INFO - Processing file /home/snigdh/repos/bigData/spark_demo_env/lib/python3.12/site-packages/airflow/example_dags/example_latest_only.py for tasks to queue
[2026-07-18T21:38:40.381+0545] {logging_mixin.py:188} INFO - [2026-07-18T21:38:40.381+0545] {dagbag.py:545} INFO - Filling up the DagBag from /home/snigdh/repos/bigData/spark_demo_env/lib/python3.12/site-packages/airflow/example_dags/example_latest_only.py
[2026-07-18T21:38:40.388+0545] {processor.py:840} INFO - DAG(s) 'latest_only' retrieved from /home/snigdh/repos/bigData/spark_demo_env/lib/python3.12/site-packages/airflow/example_dags/example_latest_only.py
[2026-07-18T21:38:40.506+0545] {logging_mixin.py:188} INFO - [2026-07-18T21:38:40.505+0545] {override.py:1858} INFO - Created Permission View: can delete on DAG:latest_only
[2026-07-18T21:38:40.518+0545] {logging_mixin.py:188} INFO - [2026-07-18T21:38:40.518+0545] {override.py:1858} INFO - Created Permission View: can read on DAG:latest_only
[2026-07-18T21:38:40.527+0545] {logging_mixin.py:188} INFO - [2026-07-18T21:38:40.526+0545] {override.py:1858} INFO - Created Permission View: can edit on DAG:latest_only
[2026-07-18T21:38:40.527+0545] {logging_mixin.py:188} INFO - [2026-07-18T21:38:40.527+0545] {dag.py:3089} INFO - Sync 1 DAGs
[2026-07-18T21:38:40.537+0545] {logging_mixin.py:188} INFO - [2026-07-18T21:38:40.536+0545] {dag.py:3111} INFO - Creating ORM DAG for latest_only
[2026-07-18T21:38:40.546+0545] {logging_mixin.py:188} INFO - [2026-07-18T21:38:40.546+0545] {dag.py:3947} INFO - Setting next_dagrun for latest_only to 2026-07-18 08:00:00+00:00, run_after=2026-07-18 12:00:00+00:00
[2026-07-18T21:38:40.574+0545] {processor.py:183} INFO - Processing /home/snigdh/repos/bigData/spark_demo_env/lib/python3.12/site-packages/airflow/example_dags/example_latest_only.py took 0.204 seconds
[2026-07-18T21:39:38.859+0545] {processor.py:161} INFO - Started process (PID=262807) to work on /home/snigdh/repos/bigData/spark_demo_env/lib/python3.12/site-packages/airflow/example_dags/example_latest_only.py
[2026-07-18T21:39:38.863+0545] {processor.py:830} INFO - Processing file /home/snigdh/repos/bigData/spark_demo_env/lib/python3.12/site-packages/airflow/example_dags/example_latest_only.py for tasks to queue
[2026-07-18T21:39:38.866+0545] {logging_mixin.py:188} INFO - [2026-07-18T21:39:38.865+0545] {dagbag.py:545} INFO - Filling up the DagBag from /home/snigdh/repos/bigData/spark_demo_env/lib/python3.12/site-packages/airflow/example_dags/example_latest_only.py
[2026-07-18T21:39:38.874+0545] {processor.py:840} INFO - DAG(s) 'latest_only' retrieved from /home/snigdh/repos/bigData/spark_demo_env/lib/python3.12/site-packages/airflow/example_dags/example_latest_only.py
[2026-07-18T21:39:38.901+0545] {logging_mixin.py:188} INFO - [2026-07-18T21:39:38.900+0545] {dag.py:3089} INFO - Sync 1 DAGs
[2026-07-18T21:39:38.925+0545] {logging_mixin.py:188} INFO - [2026-07-18T21:39:38.925+0545] {dag.py:3947} INFO - Setting next_dagrun for latest_only to 2026-07-18 08:00:00+00:00, run_after=2026-07-18 12:00:00+00:00
[2026-07-18T21:39:38.953+0545] {processor.py:183} INFO - Processing /home/snigdh/repos/bigData/spark_demo_env/lib/python3.12/site-packages/airflow/example_dags/example_latest_only.py took 0.104 seconds
[2026-07-18T21:46:53.368+0545] {processor.py:161} INFO - Started process (PID=269984) to work on /home/snigdh/repos/bigData/spark_demo_env/lib/python3.12/site-packages/airflow/example_dags/example_latest_only.py
[2026-07-18T21:46:53.372+0545] {processor.py:830} INFO - Processing file /home/snigdh/repos/bigData/spark_demo_env/lib/python3.12/site-packages/airflow/example_dags/example_latest_only.py for tasks to queue
[2026-07-18T21:46:53.373+0545] {logging_mixin.py:188} INFO - [2026-07-18T21:46:53.373+0545] {dagbag.py:545} INFO - Filling up the DagBag from /home/snigdh/repos/bigData/spark_demo_env/lib/python3.12/site-packages/airflow/example_dags/example_latest_only.py
[2026-07-18T21:46:53.380+0545] {processor.py:840} INFO - DAG(s) 'latest_only' retrieved from /home/snigdh/repos/bigData/spark_demo_env/lib/python3.12/site-packages/airflow/example_dags/example_latest_only.py
[2026-07-18T21:46:53.478+0545] {logging_mixin.py:188} INFO - [2026-07-18T21:46:53.478+0545] {dag.py:3089} INFO - Sync 1 DAGs
[2026-07-18T21:46:53.634+0545] {logging_mixin.py:188} INFO - [2026-07-18T21:46:53.634+0545] {dag.py:3947} INFO - Setting next_dagrun for latest_only to 2026-07-18 12:00:00+00:00, run_after=2026-07-18 16:00:00+00:00
[2026-07-18T21:46:53.661+0545] {processor.py:183} INFO - Processing /home/snigdh/repos/bigData/spark_demo_env/lib/python3.12/site-packages/airflow/example_dags/example_latest_only.py took 0.302 seconds
[2026-07-18T21:47:50.958+0545] {processor.py:161} INFO - Started process (PID=270646) to work on /home/snigdh/repos/bigData/spark_demo_env/lib/python3.12/site-packages/airflow/example_dags/example_latest_only.py
[2026-07-18T21:47:50.962+0545] {processor.py:830} INFO - Processing file /home/snigdh/repos/bigData/spark_demo_env/lib/python3.12/site-packages/airflow/example_dags/example_latest_only.py for tasks to queue
[2026-07-18T21:47:50.963+0545] {logging_mixin.py:188} INFO - [2026-07-18T21:47:50.962+0545] {dagbag.py:545} INFO - Filling up the DagBag from /home/snigdh/repos/bigData/spark_demo_env/lib/python3.12/site-packages/airflow/example_dags/example_latest_only.py
[2026-07-18T21:47:50.969+0545] {processor.py:840} INFO - DAG(s) 'latest_only' retrieved from /home/snigdh/repos/bigData/spark_demo_env/lib/python3.12/site-packages/airflow/example_dags/example_latest_only.py
[2026-07-18T21:47:50.987+0545] {logging_mixin.py:188} INFO - [2026-07-18T21:47:50.987+0545] {dag.py:3089} INFO - Sync 1 DAGs
[2026-07-18T21:47:51.001+0545] {logging_mixin.py:188} INFO - [2026-07-18T21:47:51.001+0545] {dag.py:3947} INFO - Setting next_dagrun for latest_only to 2026-07-18 12:00:00+00:00, run_after=2026-07-18 16:00:00+00:00
[2026-07-18T21:47:51.025+0545] {processor.py:183} INFO - Processing /home/snigdh/repos/bigData/spark_demo_env/lib/python3.12/site-packages/airflow/example_dags/example_latest_only.py took 0.076 seconds
[2026-07-18T21:48:42.394+0545] {processor.py:161} INFO - Started process (PID=271631) to work on /home/snigdh/repos/bigData/spark_demo_env/lib/python3.12/site-packages/airflow/example_dags/example_latest_only.py
[2026-07-18T21:48:42.396+0545] {processor.py:830} INFO - Processing file /home/snigdh/repos/bigData/spark_demo_env/lib/python3.12/site-packages/airflow/example_dags/example_latest_only.py for tasks to queue
[2026-07-18T21:48:42.397+0545] {logging_mixin.py:188} INFO - [2026-07-18T21:48:42.397+0545] {dagbag.py:545} INFO - Filling up the DagBag from /home/snigdh/repos/bigData/spark_demo_env/lib/python3.12/site-packages/airflow/example_dags/example_latest_only.py
[2026-07-18T21:48:42.404+0545] {processor.py:840} INFO - DAG(s) 'latest_only' retrieved from /home/snigdh/repos/bigData/spark_demo_env/lib/python3.12/site-packages/airflow/example_dags/example_latest_only.py
[2026-07-18T21:48:42.425+0545] {logging_mixin.py:188} INFO - [2026-07-18T21:48:42.425+0545] {dag.py:3089} INFO - Sync 1 DAGs
[2026-07-18T21:48:42.454+0545] {logging_mixin.py:188} INFO - [2026-07-18T21:48:42.454+0545] {dag.py:3947} INFO - Setting next_dagrun for latest_only to 2026-07-18 12:00:00+00:00, run_after=2026-07-18 16:00:00+00:00
[2026-07-18T21:48:42.486+0545] {processor.py:183} INFO - Processing /home/snigdh/repos/bigData/spark_demo_env/lib/python3.12/site-packages/airflow/example_dags/example_latest_only.py took 0.099 seconds
[2026-07-18T21:49:39.603+0545] {processor.py:161} INFO - Started process (PID=272240) to work on /home/snigdh/repos/bigData/spark_demo_env/lib/python3.12/site-packages/airflow/example_dags/example_latest_only.py
[2026-07-18T21:49:39.607+0545] {processor.py:830} INFO - Processing file /home/snigdh/repos/bigData/spark_demo_env/lib/python3.12/site-packages/airflow/example_dags/example_latest_only.py for tasks to queue
[2026-07-18T21:49:39.609+0545] {logging_mixin.py:188} INFO - [2026-07-18T21:49:39.608+0545] {dagbag.py:545} INFO - Filling up the DagBag from /home/snigdh/repos/bigData/spark_demo_env/lib/python3.12/site-packages/airflow/example_dags/example_latest_only.py
[2026-07-18T21:49:39.619+0545] {processor.py:840} INFO - DAG(s) 'latest_only' retrieved from /home/snigdh/repos/bigData/spark_demo_env/lib/python3.12/site-packages/airflow/example_dags/example_latest_only.py
[2026-07-18T21:49:39.644+0545] {logging_mixin.py:188} INFO - [2026-07-18T21:49:39.643+0545] {dag.py:3089} INFO - Sync 1 DAGs
[2026-07-18T21:49:39.671+0545] {logging_mixin.py:188} INFO - [2026-07-18T21:49:39.671+0545] {dag.py:3947} INFO - Setting next_dagrun for latest_only to 2026-07-18 12:00:00+00:00, run_after=2026-07-18 16:00:00+00:00
[2026-07-18T21:49:39.697+0545] {processor.py:183} INFO - Processing /home/snigdh/repos/bigData/spark_demo_env/lib/python3.12/site-packages/airflow/example_dags/example_latest_only.py took 0.103 seconds
[2026-07-18T21:50:30.447+0545] {processor.py:161} INFO - Started process (PID=272907) to work on /home/snigdh/repos/bigData/spark_demo_env/lib/python3.12/site-packages/airflow/example_dags/example_latest_only.py
[2026-07-18T21:50:30.451+0545] {processor.py:830} INFO - Processing file /home/snigdh/repos/bigData/spark_demo_env/lib/python3.12/site-packages/airflow/example_dags/example_latest_only.py for tasks to queue
[2026-07-18T21:50:30.453+0545] {logging_mixin.py:188} INFO - [2026-07-18T21:50:30.452+0545] {dagbag.py:545} INFO - Filling up the DagBag from /home/snigdh/repos/bigData/spark_demo_env/lib/python3.12/site-packages/airflow/example_dags/example_latest_only.py
[2026-07-18T21:50:30.462+0545] {processor.py:840} INFO - DAG(s) 'latest_only' retrieved from /home/snigdh/repos/bigData/spark_demo_env/lib/python3.12/site-packages/airflow/example_dags/example_latest_only.py
[2026-07-18T21:50:30.487+0545] {logging_mixin.py:188} INFO - [2026-07-18T21:50:30.486+0545] {dag.py:3089} INFO - Sync 1 DAGs
[2026-07-18T21:50:30.509+0545] {logging_mixin.py:188} INFO - [2026-07-18T21:50:30.508+0545] {dag.py:3947} INFO - Setting next_dagrun for latest_only to 2026-07-18 12:00:00+00:00, run_after=2026-07-18 16:00:00+00:00
[2026-07-18T21:50:30.539+0545] {processor.py:183} INFO - Processing /home/snigdh/repos/bigData/spark_demo_env/lib/python3.12/site-packages/airflow/example_dags/example_latest_only.py took 0.101 seconds
[2026-07-18T21:51:37.806+0545] {processor.py:161} INFO - Started process (PID=273832) to work on /home/snigdh/repos/bigData/spark_demo_env/lib/python3.12/site-packages/airflow/example_dags/example_latest_only.py
[2026-07-18T21:51:37.808+0545] {processor.py:830} INFO - Processing file /home/snigdh/repos/bigData/spark_demo_env/lib/python3.12/site-packages/airflow/example_dags/example_latest_only.py for tasks to queue
[2026-07-18T21:51:37.809+0545] {logging_mixin.py:188} INFO - [2026-07-18T21:51:37.808+0545] {dagbag.py:545} INFO - Filling up the DagBag from /home/snigdh/repos/bigData/spark_demo_env/lib/python3.12/site-packages/airflow/example_dags/example_latest_only.py
[2026-07-18T21:51:37.815+0545] {processor.py:840} INFO - DAG(s) 'latest_only' retrieved from /home/snigdh/repos/bigData/spark_demo_env/lib/python3.12/site-packages/airflow/example_dags/example_latest_only.py
[2026-07-18T21:51:37.834+0545] {logging_mixin.py:188} INFO - [2026-07-18T21:51:37.834+0545] {dag.py:3089} INFO - Sync 1 DAGs
[2026-07-18T21:51:37.851+0545] {logging_mixin.py:188} INFO - [2026-07-18T21:51:37.851+0545] {dag.py:3947} INFO - Setting next_dagrun for latest_only to 2026-07-18 12:00:00+00:00, run_after=2026-07-18 16:00:00+00:00
[2026-07-18T21:51:37.874+0545] {processor.py:183} INFO - Processing /home/snigdh/repos/bigData/spark_demo_env/lib/python3.12/site-packages/airflow/example_dags/example_latest_only.py took 0.076 seconds
[2026-07-18T21:52:45.002+0545] {processor.py:161} INFO - Started process (PID=274677) to work on /home/snigdh/repos/bigData/spark_demo_env/lib/python3.12/site-packages/airflow/example_dags/example_latest_only.py
[2026-07-18T21:52:45.006+0545] {processor.py:830} INFO - Processing file /home/snigdh/repos/bigData/spark_demo_env/lib/python3.12/site-packages/airflow/example_dags/example_latest_only.py for tasks to queue
[2026-07-18T21:52:45.008+0545] {logging_mixin.py:188} INFO - [2026-07-18T21:52:45.007+0545] {dagbag.py:545} INFO - Filling up the DagBag from /home/snigdh/repos/bigData/spark_demo_env/lib/python3.12/site-packages/airflow/example_dags/example_latest_only.py
[2026-07-18T21:52:45.018+0545] {processor.py:840} INFO - DAG(s) 'latest_only' retrieved from /home/snigdh/repos/bigData/spark_demo_env/lib/python3.12/site-packages/airflow/example_dags/example_latest_only.py
[2026-07-18T21:52:45.044+0545] {logging_mixin.py:188} INFO - [2026-07-18T21:52:45.043+0545] {dag.py:3089} INFO - Sync 1 DAGs
[2026-07-18T21:52:45.062+0545] {logging_mixin.py:188} INFO - [2026-07-18T21:52:45.061+0545] {dag.py:3947} INFO - Setting next_dagrun for latest_only to 2026-07-18 12:00:00+00:00, run_after=2026-07-18 16:00:00+00:00
[2026-07-18T21:52:45.091+0545] {processor.py:183} INFO - Processing /home/snigdh/repos/bigData/spark_demo_env/lib/python3.12/site-packages/airflow/example_dags/example_latest_only.py took 0.097 seconds
[2026-07-18T21:53:55.325+0545] {processor.py:161} INFO - Started process (PID=275667) to work on /home/snigdh/repos/bigData/spark_demo_env/lib/python3.12/site-packages/airflow/example_dags/example_latest_only.py
[2026-07-18T21:53:55.329+0545] {processor.py:830} INFO - Processing file /home/snigdh/repos/bigData/spark_demo_env/lib/python3.12/site-packages/airflow/example_dags/example_latest_only.py for tasks to queue
[2026-07-18T21:53:55.331+0545] {logging_mixin.py:188} INFO - [2026-07-18T21:53:55.330+0545] {dagbag.py:545} INFO - Filling up the DagBag from /home/snigdh/repos/bigData/spark_demo_env/lib/python3.12/site-packages/airflow/example_dags/example_latest_only.py
[2026-07-18T21:53:55.340+0545] {processor.py:840} INFO - DAG(s) 'latest_only' retrieved from /home/snigdh/repos/bigData/spark_demo_env/lib/python3.12/site-packages/airflow/example_dags/example_latest_only.py
[2026-07-18T21:53:55.371+0545] {logging_mixin.py:188} INFO - [2026-07-18T21:53:55.370+0545] {dag.py:3089} INFO - Sync 1 DAGs
[2026-07-18T21:53:55.393+0545] {logging_mixin.py:188} INFO - [2026-07-18T21:53:55.392+0545] {dag.py:3947} INFO - Setting next_dagrun for latest_only to 2026-07-18 12:00:00+00:00, run_after=2026-07-18 16:00:00+00:00
[2026-07-18T21:53:55.422+0545] {processor.py:183} INFO - Processing /home/snigdh/repos/bigData/spark_demo_env/lib/python3.12/site-packages/airflow/example_dags/example_latest_only.py took 0.106 seconds
[2026-07-18T21:54:45.297+0545] {processor.py:161} INFO - Started process (PID=276503) to work on /home/snigdh/repos/bigData/spark_demo_env/lib/python3.12/site-packages/airflow/example_dags/example_latest_only.py
[2026-07-18T21:54:45.299+0545] {processor.py:830} INFO - Processing file /home/snigdh/repos/bigData/spark_demo_env/lib/python3.12/site-packages/airflow/example_dags/example_latest_only.py for tasks to queue
[2026-07-18T21:54:45.300+0545] {logging_mixin.py:188} INFO - [2026-07-18T21:54:45.300+0545] {dagbag.py:545} INFO - Filling up the DagBag from /home/snigdh/repos/bigData/spark_demo_env/lib/python3.12/site-packages/airflow/example_dags/example_latest_only.py
[2026-07-18T21:54:45.308+0545] {processor.py:840} INFO - DAG(s) 'latest_only' retrieved from /home/snigdh/repos/bigData/spark_demo_env/lib/python3.12/site-packages/airflow/example_dags/example_latest_only.py
[2026-07-18T21:54:45.336+0545] {logging_mixin.py:188} INFO - [2026-07-18T21:54:45.336+0545] {dag.py:3089} INFO - Sync 1 DAGs
[2026-07-18T21:54:45.361+0545] {logging_mixin.py:188} INFO - [2026-07-18T21:54:45.361+0545] {dag.py:3947} INFO - Setting next_dagrun for latest_only to 2026-07-18 12:00:00+00:00, run_after=2026-07-18 16:00:00+00:00
[2026-07-18T21:54:45.390+0545] {processor.py:183} INFO - Processing /home/snigdh/repos/bigData/spark_demo_env/lib/python3.12/site-packages/airflow/example_dags/example_latest_only.py took 0.102 seconds
[2026-07-18T21:55:52.657+0545] {processor.py:161} INFO - Started process (PID=277156) to work on /home/snigdh/repos/bigData/spark_demo_env/lib/python3.12/site-packages/airflow/example_dags/example_latest_only.py
[2026-07-18T21:55:52.661+0545] {processor.py:830} INFO - Processing file /home/snigdh/repos/bigData/spark_demo_env/lib/python3.12/site-packages/airflow/example_dags/example_latest_only.py for tasks to queue
[2026-07-18T21:55:52.662+0545] {logging_mixin.py:188} INFO - [2026-07-18T21:55:52.662+0545] {dagbag.py:545} INFO - Filling up the DagBag from /home/snigdh/repos/bigData/spark_demo_env/lib/python3.12/site-packages/airflow/example_dags/example_latest_only.py
[2026-07-18T21:55:52.671+0545] {processor.py:840} INFO - DAG(s) 'latest_only' retrieved from /home/snigdh/repos/bigData/spark_demo_env/lib/python3.12/site-packages/airflow/example_dags/example_latest_only.py
[2026-07-18T21:55:52.696+0545] {logging_mixin.py:188} INFO - [2026-07-18T21:55:52.695+0545] {dag.py:3089} INFO - Sync 1 DAGs
[2026-07-18T21:55:52.718+0545] {logging_mixin.py:188} INFO - [2026-07-18T21:55:52.718+0545] {dag.py:3947} INFO - Setting next_dagrun for latest_only to 2026-07-18 12:00:00+00:00, run_after=2026-07-18 16:00:00+00:00
[2026-07-18T21:55:52.749+0545] {processor.py:183} INFO - Processing /home/snigdh/repos/bigData/spark_demo_env/lib/python3.12/site-packages/airflow/example_dags/example_latest_only.py took 0.101 seconds
[2026-07-18T21:56:57.628+0545] {processor.py:161} INFO - Started process (PID=277776) to work on /home/snigdh/repos/bigData/spark_demo_env/lib/python3.12/site-packages/airflow/example_dags/example_latest_only.py
[2026-07-18T21:56:57.630+0545] {processor.py:830} INFO - Processing file /home/snigdh/repos/bigData/spark_demo_env/lib/python3.12/site-packages/airflow/example_dags/example_latest_only.py for tasks to queue
[2026-07-18T21:56:57.631+0545] {logging_mixin.py:188} INFO - [2026-07-18T21:56:57.630+0545] {dagbag.py:545} INFO - Filling up the DagBag from /home/snigdh/repos/bigData/spark_demo_env/lib/python3.12/site-packages/airflow/example_dags/example_latest_only.py
[2026-07-18T21:56:57.638+0545] {processor.py:840} INFO - DAG(s) 'latest_only' retrieved from /home/snigdh/repos/bigData/spark_demo_env/lib/python3.12/site-packages/airflow/example_dags/example_latest_only.py
[2026-07-18T21:56:57.663+0545] {logging_mixin.py:188} INFO - [2026-07-18T21:56:57.662+0545] {dag.py:3089} INFO - Sync 1 DAGs
[2026-07-18T21:56:57.685+0545] {logging_mixin.py:188} INFO - [2026-07-18T21:56:57.684+0545] {dag.py:3947} INFO - Setting next_dagrun for latest_only to 2026-07-18 12:00:00+00:00, run_after=2026-07-18 16:00:00+00:00
[2026-07-18T21:56:57.707+0545] {processor.py:183} INFO - Processing /home/snigdh/repos/bigData/spark_demo_env/lib/python3.12/site-packages/airflow/example_dags/example_latest_only.py took 0.087 seconds
[2026-07-18T21:58:05.314+0545] {processor.py:161} INFO - Started process (PID=278476) to work on /home/snigdh/repos/bigData/spark_demo_env/lib/python3.12/site-packages/airflow/example_dags/example_latest_only.py
[2026-07-18T21:58:05.319+0545] {processor.py:830} INFO - Processing file /home/snigdh/repos/bigData/spark_demo_env/lib/python3.12/site-packages/airflow/example_dags/example_latest_only.py for tasks to queue
[2026-07-18T21:58:05.320+0545] {logging_mixin.py:188} INFO - [2026-07-18T21:58:05.320+0545] {dagbag.py:545} INFO - Filling up the DagBag from /home/snigdh/repos/bigData/spark_demo_env/lib/python3.12/site-packages/airflow/example_dags/example_latest_only.py
[2026-07-18T21:58:05.328+0545] {processor.py:840} INFO - DAG(s) 'latest_only' retrieved from /home/snigdh/repos/bigData/spark_demo_env/lib/python3.12/site-packages/airflow/example_dags/example_latest_only.py
[2026-07-18T21:58:05.353+0545] {logging_mixin.py:188} INFO - [2026-07-18T21:58:05.352+0545] {dag.py:3089} INFO - Sync 1 DAGs
[2026-07-18T21:58:05.373+0545] {logging_mixin.py:188} INFO - [2026-07-18T21:58:05.372+0545] {dag.py:3947} INFO - Setting next_dagrun for latest_only to 2026-07-18 12:00:00+00:00, run_after=2026-07-18 16:00:00+00:00
[2026-07-18T21:58:05.398+0545] {processor.py:183} INFO - Processing /home/snigdh/repos/bigData/spark_demo_env/lib/python3.12/site-packages/airflow/example_dags/example_latest_only.py took 0.093 seconds
[2026-07-18T21:59:14.631+0545] {processor.py:161} INFO - Started process (PID=279114) to work on /home/snigdh/repos/bigData/spark_demo_env/lib/python3.12/site-packages/airflow/example_dags/example_latest_only.py
[2026-07-18T21:59:14.635+0545] {processor.py:830} INFO - Processing file /home/snigdh/repos/bigData/spark_demo_env/lib/python3.12/site-packages/airflow/example_dags/example_latest_only.py for tasks to queue
[2026-07-18T21:59:14.637+0545] {logging_mixin.py:188} INFO - [2026-07-18T21:59:14.636+0545] {dagbag.py:545} INFO - Filling up the DagBag from /home/snigdh/repos/bigData/spark_demo_env/lib/python3.12/site-packages/airflow/example_dags/example_latest_only.py
[2026-07-18T21:59:14.645+0545] {processor.py:840} INFO - DAG(s) 'latest_only' retrieved from /home/snigdh/repos/bigData/spark_demo_env/lib/python3.12/site-packages/airflow/example_dags/example_latest_only.py
[2026-07-18T21:59:14.669+0545] {logging_mixin.py:188} INFO - [2026-07-18T21:59:14.668+0545] {dag.py:3089} INFO - Sync 1 DAGs
[2026-07-18T21:59:14.691+0545] {logging_mixin.py:188} INFO - [2026-07-18T21:59:14.691+0545] {dag.py:3947} INFO - Setting next_dagrun for latest_only to 2026-07-18 12:00:00+00:00, run_after=2026-07-18 16:00:00+00:00
[2026-07-18T21:59:14.717+0545] {processor.py:183} INFO - Processing /home/snigdh/repos/bigData/spark_demo_env/lib/python3.12/site-packages/airflow/example_dags/example_latest_only.py took 0.093 seconds
[2026-07-18T22:00:24.547+0545] {processor.py:161} INFO - Started process (PID=279736) to work on /home/snigdh/repos/bigData/spark_demo_env/lib/python3.12/site-packages/airflow/example_dags/example_latest_only.py
[2026-07-18T22:00:24.551+0545] {processor.py:830} INFO - Processing file /home/snigdh/repos/bigData/spark_demo_env/lib/python3.12/site-packages/airflow/example_dags/example_latest_only.py for tasks to queue
[2026-07-18T22:00:24.552+0545] {logging_mixin.py:188} INFO - [2026-07-18T22:00:24.552+0545] {dagbag.py:545} INFO - Filling up the DagBag from /home/snigdh/repos/bigData/spark_demo_env/lib/python3.12/site-packages/airflow/example_dags/example_latest_only.py
[2026-07-18T22:00:24.561+0545] {processor.py:840} INFO - DAG(s) 'latest_only' retrieved from /home/snigdh/repos/bigData/spark_demo_env/lib/python3.12/site-packages/airflow/example_dags/example_latest_only.py
[2026-07-18T22:00:24.585+0545] {logging_mixin.py:188} INFO - [2026-07-18T22:00:24.585+0545] {dag.py:3089} INFO - Sync 1 DAGs
[2026-07-18T22:00:24.602+0545] {logging_mixin.py:188} INFO - [2026-07-18T22:00:24.602+0545] {dag.py:3947} INFO - Setting next_dagrun for latest_only to 2026-07-18 12:00:00+00:00, run_after=2026-07-18 16:00:00+00:00
[2026-07-18T22:00:24.626+0545] {processor.py:183} INFO - Processing /home/snigdh/repos/bigData/spark_demo_env/lib/python3.12/site-packages/airflow/example_dags/example_latest_only.py took 0.088 seconds
[2026-07-18T22:01:32.592+0545] {processor.py:161} INFO - Started process (PID=280412) to work on /home/snigdh/repos/bigData/spark_demo_env/lib/python3.12/site-packages/airflow/example_dags/example_latest_only.py
[2026-07-18T22:01:32.596+0545] {processor.py:830} INFO - Processing file /home/snigdh/repos/bigData/spark_demo_env/lib/python3.12/site-packages/airflow/example_dags/example_latest_only.py for tasks to queue
[2026-07-18T22:01:32.598+0545] {logging_mixin.py:188} INFO - [2026-07-18T22:01:32.597+0545] {dagbag.py:545} INFO - Filling up the DagBag from /home/snigdh/repos/bigData/spark_demo_env/lib/python3.12/site-packages/airflow/example_dags/example_latest_only.py
[2026-07-18T22:01:32.607+0545] {processor.py:840} INFO - DAG(s) 'latest_only' retrieved from /home/snigdh/repos/bigData/spark_demo_env/lib/python3.12/site-packages/airflow/example_dags/example_latest_only.py
[2026-07-18T22:01:32.629+0545] {logging_mixin.py:188} INFO - [2026-07-18T22:01:32.629+0545] {dag.py:3089} INFO - Sync 1 DAGs
[2026-07-18T22:01:32.648+0545] {logging_mixin.py:188} INFO - [2026-07-18T22:01:32.647+0545] {dag.py:3947} INFO - Setting next_dagrun for latest_only to 2026-07-18 12:00:00+00:00, run_after=2026-07-18 16:00:00+00:00
[2026-07-18T22:01:32.674+0545] {processor.py:183} INFO - Processing /home/snigdh/repos/bigData/spark_demo_env/lib/python3.12/site-packages/airflow/example_dags/example_latest_only.py took 0.090 seconds
[2026-07-18T22:02:37.973+0545] {processor.py:161} INFO - Started process (PID=281051) to work on /home/snigdh/repos/bigData/spark_demo_env/lib/python3.12/site-packages/airflow/example_dags/example_latest_only.py
[2026-07-18T22:02:37.975+0545] {processor.py:830} INFO - Processing file /home/snigdh/repos/bigData/spark_demo_env/lib/python3.12/site-packages/airflow/example_dags/example_latest_only.py for tasks to queue
[2026-07-18T22:02:37.976+0545] {logging_mixin.py:188} INFO - [2026-07-18T22:02:37.976+0545] {dagbag.py:545} INFO - Filling up the DagBag from /home/snigdh/repos/bigData/spark_demo_env/lib/python3.12/site-packages/airflow/example_dags/example_latest_only.py
[2026-07-18T22:02:37.983+0545] {processor.py:840} INFO - DAG(s) 'latest_only' retrieved from /home/snigdh/repos/bigData/spark_demo_env/lib/python3.12/site-packages/airflow/example_dags/example_latest_only.py
[2026-07-18T22:02:38.005+0545] {logging_mixin.py:188} INFO - [2026-07-18T22:02:38.004+0545] {dag.py:3089} INFO - Sync 1 DAGs
[2026-07-18T22:02:38.024+0545] {logging_mixin.py:188} INFO - [2026-07-18T22:02:38.024+0545] {dag.py:3947} INFO - Setting next_dagrun for latest_only to 2026-07-18 12:00:00+00:00, run_after=2026-07-18 16:00:00+00:00
[2026-07-18T22:02:38.045+0545] {processor.py:183} INFO - Processing /home/snigdh/repos/bigData/spark_demo_env/lib/python3.12/site-packages/airflow/example_dags/example_latest_only.py took 0.080 seconds
