[2026-07-18T21:38:54.844+0545] {processor.py:161} INFO - Started process (PID=262579) to work on /home/snigdh/repos/bigData/spark_demo_env/lib/python3.12/site-packages/airflow/example_dags/example_branch_operator.py
[2026-07-18T21:38:54.845+0545] {processor.py:830} INFO - Processing file /home/snigdh/repos/bigData/spark_demo_env/lib/python3.12/site-packages/airflow/example_dags/example_branch_operator.py for tasks to queue
[2026-07-18T21:38:54.848+0545] {logging_mixin.py:188} INFO - [2026-07-18T21:38:54.847+0545] {dagbag.py:545} INFO - Filling up the DagBag from /home/snigdh/repos/bigData/spark_demo_env/lib/python3.12/site-packages/airflow/example_dags/example_branch_operator.py
[2026-07-18T21:38:54.852+0545] {processor.py:842} WARNING - No viable dags retrieved from /home/snigdh/repos/bigData/spark_demo_env/lib/python3.12/site-packages/airflow/example_dags/example_branch_operator.py
[2026-07-18T21:38:54.865+0545] {processor.py:183} INFO - Processing /home/snigdh/repos/bigData/spark_demo_env/lib/python3.12/site-packages/airflow/example_dags/example_branch_operator.py took 0.031 seconds
[2026-07-18T21:39:51.041+0545] {processor.py:161} INFO - Started process (PID=262865) to work on /home/snigdh/repos/bigData/spark_demo_env/lib/python3.12/site-packages/airflow/example_dags/example_branch_operator.py
[2026-07-18T21:39:51.046+0545] {processor.py:830} INFO - Processing file /home/snigdh/repos/bigData/spark_demo_env/lib/python3.12/site-packages/airflow/example_dags/example_branch_operator.py for tasks to queue
[2026-07-18T21:39:51.048+0545] {logging_mixin.py:188} INFO - [2026-07-18T21:39:51.048+0545] {dagbag.py:545} INFO - Filling up the DagBag from /home/snigdh/repos/bigData/spark_demo_env/lib/python3.12/site-packages/airflow/example_dags/example_branch_operator.py
[2026-07-18T21:39:51.053+0545] {processor.py:842} WARNING - No viable dags retrieved from /home/snigdh/repos/bigData/spark_demo_env/lib/python3.12/site-packages/airflow/example_dags/example_branch_operator.py
[2026-07-18T21:39:51.071+0545] {processor.py:183} INFO - Processing /home/snigdh/repos/bigData/spark_demo_env/lib/python3.12/site-packages/airflow/example_dags/example_branch_operator.py took 0.038 seconds
[2026-07-18T21:47:09.607+0545] {processor.py:161} INFO - Started process (PID=270170) to work on /home/snigdh/repos/bigData/spark_demo_env/lib/python3.12/site-packages/airflow/example_dags/example_branch_operator.py
[2026-07-18T21:47:09.611+0545] {processor.py:830} INFO - Processing file /home/snigdh/repos/bigData/spark_demo_env/lib/python3.12/site-packages/airflow/example_dags/example_branch_operator.py for tasks to queue
[2026-07-18T21:47:09.613+0545] {logging_mixin.py:188} INFO - [2026-07-18T21:47:09.612+0545] {dagbag.py:545} INFO - Filling up the DagBag from /home/snigdh/repos/bigData/spark_demo_env/lib/python3.12/site-packages/airflow/example_dags/example_branch_operator.py
[2026-07-18T21:47:09.617+0545] {processor.py:842} WARNING - No viable dags retrieved from /home/snigdh/repos/bigData/spark_demo_env/lib/python3.12/site-packages/airflow/example_dags/example_branch_operator.py
[2026-07-18T21:47:09.638+0545] {processor.py:183} INFO - Processing /home/snigdh/repos/bigData/spark_demo_env/lib/python3.12/site-packages/airflow/example_dags/example_branch_operator.py took 0.039 seconds
[2026-07-18T21:48:03.800+0545] {processor.py:161} INFO - Started process (PID=270829) to work on /home/snigdh/repos/bigData/spark_demo_env/lib/python3.12/site-packages/airflow/example_dags/example_branch_operator.py
[2026-07-18T21:48:03.802+0545] {processor.py:830} INFO - Processing file /home/snigdh/repos/bigData/spark_demo_env/lib/python3.12/site-packages/airflow/example_dags/example_branch_operator.py for tasks to queue
[2026-07-18T21:48:03.804+0545] {logging_mixin.py:188} INFO - [2026-07-18T21:48:03.803+0545] {dagbag.py:545} INFO - Filling up the DagBag from /home/snigdh/repos/bigData/spark_demo_env/lib/python3.12/site-packages/airflow/example_dags/example_branch_operator.py
[2026-07-18T21:48:03.813+0545] {processor.py:842} WARNING - No viable dags retrieved from /home/snigdh/repos/bigData/spark_demo_env/lib/python3.12/site-packages/airflow/example_dags/example_branch_operator.py
[2026-07-18T21:48:03.832+0545] {processor.py:183} INFO - Processing /home/snigdh/repos/bigData/spark_demo_env/lib/python3.12/site-packages/airflow/example_dags/example_branch_operator.py took 0.041 seconds
[2026-07-18T21:49:10.198+0545] {processor.py:161} INFO - Started process (PID=271910) to work on /home/snigdh/repos/bigData/spark_demo_env/lib/python3.12/site-packages/airflow/example_dags/example_branch_operator.py
[2026-07-18T21:49:10.201+0545] {processor.py:830} INFO - Processing file /home/snigdh/repos/bigData/spark_demo_env/lib/python3.12/site-packages/airflow/example_dags/example_branch_operator.py for tasks to queue
[2026-07-18T21:49:10.203+0545] {logging_mixin.py:188} INFO - [2026-07-18T21:49:10.202+0545] {dagbag.py:545} INFO - Filling up the DagBag from /home/snigdh/repos/bigData/spark_demo_env/lib/python3.12/site-packages/airflow/example_dags/example_branch_operator.py
[2026-07-18T21:49:10.206+0545] {processor.py:842} WARNING - No viable dags retrieved from /home/snigdh/repos/bigData/spark_demo_env/lib/python3.12/site-packages/airflow/example_dags/example_branch_operator.py
[2026-07-18T21:49:10.222+0545] {processor.py:183} INFO - Processing /home/snigdh/repos/bigData/spark_demo_env/lib/python3.12/site-packages/airflow/example_dags/example_branch_operator.py took 0.032 seconds
[2026-07-18T21:50:05.706+0545] {processor.py:161} INFO - Started process (PID=272574) to work on /home/snigdh/repos/bigData/spark_demo_env/lib/python3.12/site-packages/airflow/example_dags/example_branch_operator.py
[2026-07-18T21:50:05.710+0545] {processor.py:830} INFO - Processing file /home/snigdh/repos/bigData/spark_demo_env/lib/python3.12/site-packages/airflow/example_dags/example_branch_operator.py for tasks to queue
[2026-07-18T21:50:05.711+0545] {logging_mixin.py:188} INFO - [2026-07-18T21:50:05.710+0545] {dagbag.py:545} INFO - Filling up the DagBag from /home/snigdh/repos/bigData/spark_demo_env/lib/python3.12/site-packages/airflow/example_dags/example_branch_operator.py
[2026-07-18T21:50:05.714+0545] {processor.py:842} WARNING - No viable dags retrieved from /home/snigdh/repos/bigData/spark_demo_env/lib/python3.12/site-packages/airflow/example_dags/example_branch_operator.py
[2026-07-18T21:50:05.729+0545] {processor.py:183} INFO - Processing /home/snigdh/repos/bigData/spark_demo_env/lib/python3.12/site-packages/airflow/example_dags/example_branch_operator.py took 0.030 seconds
[2026-07-18T21:51:11.896+0545] {processor.py:161} INFO - Started process (PID=273446) to work on /home/snigdh/repos/bigData/spark_demo_env/lib/python3.12/site-packages/airflow/example_dags/example_branch_operator.py
[2026-07-18T21:51:11.898+0545] {processor.py:830} INFO - Processing file /home/snigdh/repos/bigData/spark_demo_env/lib/python3.12/site-packages/airflow/example_dags/example_branch_operator.py for tasks to queue
[2026-07-18T21:51:11.899+0545] {logging_mixin.py:188} INFO - [2026-07-18T21:51:11.899+0545] {dagbag.py:545} INFO - Filling up the DagBag from /home/snigdh/repos/bigData/spark_demo_env/lib/python3.12/site-packages/airflow/example_dags/example_branch_operator.py
[2026-07-18T21:51:11.903+0545] {processor.py:842} WARNING - No viable dags retrieved from /home/snigdh/repos/bigData/spark_demo_env/lib/python3.12/site-packages/airflow/example_dags/example_branch_operator.py
[2026-07-18T21:51:11.916+0545] {processor.py:183} INFO - Processing /home/snigdh/repos/bigData/spark_demo_env/lib/python3.12/site-packages/airflow/example_dags/example_branch_operator.py took 0.029 seconds
[2026-07-18T21:52:22.392+0545] {processor.py:161} INFO - Started process (PID=274386) to work on /home/snigdh/repos/bigData/spark_demo_env/lib/python3.12/site-packages/airflow/example_dags/example_branch_operator.py
[2026-07-18T21:52:22.395+0545] {processor.py:830} INFO - Processing file /home/snigdh/repos/bigData/spark_demo_env/lib/python3.12/site-packages/airflow/example_dags/example_branch_operator.py for tasks to queue
[2026-07-18T21:52:22.397+0545] {logging_mixin.py:188} INFO - [2026-07-18T21:52:22.396+0545] {dagbag.py:545} INFO - Filling up the DagBag from /home/snigdh/repos/bigData/spark_demo_env/lib/python3.12/site-packages/airflow/example_dags/example_branch_operator.py
[2026-07-18T21:52:22.400+0545] {processor.py:842} WARNING - No viable dags retrieved from /home/snigdh/repos/bigData/spark_demo_env/lib/python3.12/site-packages/airflow/example_dags/example_branch_operator.py
[2026-07-18T21:52:22.412+0545] {processor.py:183} INFO - Processing /home/snigdh/repos/bigData/spark_demo_env/lib/python3.12/site-packages/airflow/example_dags/example_branch_operator.py took 0.027 seconds
[2026-07-18T21:53:30.302+0545] {processor.py:161} INFO - Started process (PID=275304) to work on /home/snigdh/repos/bigData/spark_demo_env/lib/python3.12/site-packages/airflow/example_dags/example_branch_operator.py
[2026-07-18T21:53:30.306+0545] {processor.py:830} INFO - Processing file /home/snigdh/repos/bigData/spark_demo_env/lib/python3.12/site-packages/airflow/example_dags/example_branch_operator.py for tasks to queue
[2026-07-18T21:53:30.308+0545] {logging_mixin.py:188} INFO - [2026-07-18T21:53:30.307+0545] {dagbag.py:545} INFO - Filling up the DagBag from /home/snigdh/repos/bigData/spark_demo_env/lib/python3.12/site-packages/airflow/example_dags/example_branch_operator.py
[2026-07-18T21:53:30.312+0545] {processor.py:842} WARNING - No viable dags retrieved from /home/snigdh/repos/bigData/spark_demo_env/lib/python3.12/site-packages/airflow/example_dags/example_branch_operator.py
[2026-07-18T21:53:30.330+0545] {processor.py:183} INFO - Processing /home/snigdh/repos/bigData/spark_demo_env/lib/python3.12/site-packages/airflow/example_dags/example_branch_operator.py took 0.036 seconds
[2026-07-18T21:54:25.188+0545] {processor.py:161} INFO - Started process (PID=276188) to work on /home/snigdh/repos/bigData/spark_demo_env/lib/python3.12/site-packages/airflow/example_dags/example_branch_operator.py
[2026-07-18T21:54:25.192+0545] {processor.py:830} INFO - Processing file /home/snigdh/repos/bigData/spark_demo_env/lib/python3.12/site-packages/airflow/example_dags/example_branch_operator.py for tasks to queue
[2026-07-18T21:54:25.193+0545] {logging_mixin.py:188} INFO - [2026-07-18T21:54:25.193+0545] {dagbag.py:545} INFO - Filling up the DagBag from /home/snigdh/repos/bigData/spark_demo_env/lib/python3.12/site-packages/airflow/example_dags/example_branch_operator.py
[2026-07-18T21:54:25.197+0545] {processor.py:842} WARNING - No viable dags retrieved from /home/snigdh/repos/bigData/spark_demo_env/lib/python3.12/site-packages/airflow/example_dags/example_branch_operator.py
[2026-07-18T21:54:25.214+0545] {processor.py:183} INFO - Processing /home/snigdh/repos/bigData/spark_demo_env/lib/python3.12/site-packages/airflow/example_dags/example_branch_operator.py took 0.034 seconds
[2026-07-18T21:55:33.215+0545] {processor.py:161} INFO - Started process (PID=277011) to work on /home/snigdh/repos/bigData/spark_demo_env/lib/python3.12/site-packages/airflow/example_dags/example_branch_operator.py
[2026-07-18T21:55:33.216+0545] {processor.py:830} INFO - Processing file /home/snigdh/repos/bigData/spark_demo_env/lib/python3.12/site-packages/airflow/example_dags/example_branch_operator.py for tasks to queue
[2026-07-18T21:55:33.218+0545] {logging_mixin.py:188} INFO - [2026-07-18T21:55:33.217+0545] {dagbag.py:545} INFO - Filling up the DagBag from /home/snigdh/repos/bigData/spark_demo_env/lib/python3.12/site-packages/airflow/example_dags/example_branch_operator.py
[2026-07-18T21:55:33.221+0545] {processor.py:842} WARNING - No viable dags retrieved from /home/snigdh/repos/bigData/spark_demo_env/lib/python3.12/site-packages/airflow/example_dags/example_branch_operator.py
[2026-07-18T21:55:33.239+0545] {processor.py:183} INFO - Processing /home/snigdh/repos/bigData/spark_demo_env/lib/python3.12/site-packages/airflow/example_dags/example_branch_operator.py took 0.030 seconds
[2026-07-18T21:56:39.495+0545] {processor.py:161} INFO - Started process (PID=277641) to work on /home/snigdh/repos/bigData/spark_demo_env/lib/python3.12/site-packages/airflow/example_dags/example_branch_operator.py
[2026-07-18T21:56:39.497+0545] {processor.py:830} INFO - Processing file /home/snigdh/repos/bigData/spark_demo_env/lib/python3.12/site-packages/airflow/example_dags/example_branch_operator.py for tasks to queue
[2026-07-18T21:56:39.498+0545] {logging_mixin.py:188} INFO - [2026-07-18T21:56:39.498+0545] {dagbag.py:545} INFO - Filling up the DagBag from /home/snigdh/repos/bigData/spark_demo_env/lib/python3.12/site-packages/airflow/example_dags/example_branch_operator.py
[2026-07-18T21:56:39.502+0545] {processor.py:842} WARNING - No viable dags retrieved from /home/snigdh/repos/bigData/spark_demo_env/lib/python3.12/site-packages/airflow/example_dags/example_branch_operator.py
[2026-07-18T21:56:39.516+0545] {processor.py:183} INFO - Processing /home/snigdh/repos/bigData/spark_demo_env/lib/python3.12/site-packages/airflow/example_dags/example_branch_operator.py took 0.029 seconds
[2026-07-18T21:57:47.407+0545] {processor.py:161} INFO - Started process (PID=278273) to work on /home/snigdh/repos/bigData/spark_demo_env/lib/python3.12/site-packages/airflow/example_dags/example_branch_operator.py
[2026-07-18T21:57:47.410+0545] {processor.py:830} INFO - Processing file /home/snigdh/repos/bigData/spark_demo_env/lib/python3.12/site-packages/airflow/example_dags/example_branch_operator.py for tasks to queue
[2026-07-18T21:57:47.412+0545] {logging_mixin.py:188} INFO - [2026-07-18T21:57:47.412+0545] {dagbag.py:545} INFO - Filling up the DagBag from /home/snigdh/repos/bigData/spark_demo_env/lib/python3.12/site-packages/airflow/example_dags/example_branch_operator.py
[2026-07-18T21:57:47.416+0545] {processor.py:842} WARNING - No viable dags retrieved from /home/snigdh/repos/bigData/spark_demo_env/lib/python3.12/site-packages/airflow/example_dags/example_branch_operator.py
[2026-07-18T21:57:47.431+0545] {processor.py:183} INFO - Processing /home/snigdh/repos/bigData/spark_demo_env/lib/python3.12/site-packages/airflow/example_dags/example_branch_operator.py took 0.033 seconds
[2026-07-18T21:58:55.065+0545] {processor.py:161} INFO - Started process (PID=278903) to work on /home/snigdh/repos/bigData/spark_demo_env/lib/python3.12/site-packages/airflow/example_dags/example_branch_operator.py
[2026-07-18T21:58:55.069+0545] {processor.py:830} INFO - Processing file /home/snigdh/repos/bigData/spark_demo_env/lib/python3.12/site-packages/airflow/example_dags/example_branch_operator.py for tasks to queue
[2026-07-18T21:58:55.070+0545] {logging_mixin.py:188} INFO - [2026-07-18T21:58:55.070+0545] {dagbag.py:545} INFO - Filling up the DagBag from /home/snigdh/repos/bigData/spark_demo_env/lib/python3.12/site-packages/airflow/example_dags/example_branch_operator.py
[2026-07-18T21:58:55.074+0545] {processor.py:842} WARNING - No viable dags retrieved from /home/snigdh/repos/bigData/spark_demo_env/lib/python3.12/site-packages/airflow/example_dags/example_branch_operator.py
[2026-07-18T21:58:55.091+0545] {processor.py:183} INFO - Processing /home/snigdh/repos/bigData/spark_demo_env/lib/python3.12/site-packages/airflow/example_dags/example_branch_operator.py took 0.035 seconds
[2026-07-18T22:00:05.155+0545] {processor.py:161} INFO - Started process (PID=279605) to work on /home/snigdh/repos/bigData/spark_demo_env/lib/python3.12/site-packages/airflow/example_dags/example_branch_operator.py
[2026-07-18T22:00:05.159+0545] {processor.py:830} INFO - Processing file /home/snigdh/repos/bigData/spark_demo_env/lib/python3.12/site-packages/airflow/example_dags/example_branch_operator.py for tasks to queue
[2026-07-18T22:00:05.161+0545] {logging_mixin.py:188} INFO - [2026-07-18T22:00:05.160+0545] {dagbag.py:545} INFO - Filling up the DagBag from /home/snigdh/repos/bigData/spark_demo_env/lib/python3.12/site-packages/airflow/example_dags/example_branch_operator.py
[2026-07-18T22:00:05.166+0545] {processor.py:842} WARNING - No viable dags retrieved from /home/snigdh/repos/bigData/spark_demo_env/lib/python3.12/site-packages/airflow/example_dags/example_branch_operator.py
[2026-07-18T22:00:05.183+0545] {processor.py:183} INFO - Processing /home/snigdh/repos/bigData/spark_demo_env/lib/python3.12/site-packages/airflow/example_dags/example_branch_operator.py took 0.038 seconds
[2026-07-18T22:01:14.684+0545] {processor.py:161} INFO - Started process (PID=280211) to work on /home/snigdh/repos/bigData/spark_demo_env/lib/python3.12/site-packages/airflow/example_dags/example_branch_operator.py
[2026-07-18T22:01:14.687+0545] {processor.py:830} INFO - Processing file /home/snigdh/repos/bigData/spark_demo_env/lib/python3.12/site-packages/airflow/example_dags/example_branch_operator.py for tasks to queue
[2026-07-18T22:01:14.688+0545] {logging_mixin.py:188} INFO - [2026-07-18T22:01:14.688+0545] {dagbag.py:545} INFO - Filling up the DagBag from /home/snigdh/repos/bigData/spark_demo_env/lib/python3.12/site-packages/airflow/example_dags/example_branch_operator.py
[2026-07-18T22:01:14.691+0545] {processor.py:842} WARNING - No viable dags retrieved from /home/snigdh/repos/bigData/spark_demo_env/lib/python3.12/site-packages/airflow/example_dags/example_branch_operator.py
[2026-07-18T22:01:14.702+0545] {processor.py:183} INFO - Processing /home/snigdh/repos/bigData/spark_demo_env/lib/python3.12/site-packages/airflow/example_dags/example_branch_operator.py took 0.025 seconds
[2026-07-18T22:02:21.106+0545] {processor.py:161} INFO - Started process (PID=280839) to work on /home/snigdh/repos/bigData/spark_demo_env/lib/python3.12/site-packages/airflow/example_dags/example_branch_operator.py
[2026-07-18T22:02:21.110+0545] {processor.py:830} INFO - Processing file /home/snigdh/repos/bigData/spark_demo_env/lib/python3.12/site-packages/airflow/example_dags/example_branch_operator.py for tasks to queue
[2026-07-18T22:02:21.111+0545] {logging_mixin.py:188} INFO - [2026-07-18T22:02:21.110+0545] {dagbag.py:545} INFO - Filling up the DagBag from /home/snigdh/repos/bigData/spark_demo_env/lib/python3.12/site-packages/airflow/example_dags/example_branch_operator.py
[2026-07-18T22:02:21.114+0545] {processor.py:842} WARNING - No viable dags retrieved from /home/snigdh/repos/bigData/spark_demo_env/lib/python3.12/site-packages/airflow/example_dags/example_branch_operator.py
[2026-07-18T22:02:21.128+0545] {processor.py:183} INFO - Processing /home/snigdh/repos/bigData/spark_demo_env/lib/python3.12/site-packages/airflow/example_dags/example_branch_operator.py took 0.029 seconds
