[2026-07-18T21:38:17.145+0545] {processor.py:161} INFO - Started process (PID=262397) to work on /home/snigdh/repos/bigData/spark_demo_env/lib/python3.12/site-packages/airflow/example_dags/example_short_circuit_decorator.py
[2026-07-18T21:38:17.146+0545] {processor.py:830} INFO - Processing file /home/snigdh/repos/bigData/spark_demo_env/lib/python3.12/site-packages/airflow/example_dags/example_short_circuit_decorator.py for tasks to queue
[2026-07-18T21:38:17.149+0545] {logging_mixin.py:188} INFO - [2026-07-18T21:38:17.148+0545] {dagbag.py:545} INFO - Filling up the DagBag from /home/snigdh/repos/bigData/spark_demo_env/lib/python3.12/site-packages/airflow/example_dags/example_short_circuit_decorator.py
[2026-07-18T21:38:17.164+0545] {processor.py:840} INFO - DAG(s) 'example_short_circuit_decorator' retrieved from /home/snigdh/repos/bigData/spark_demo_env/lib/python3.12/site-packages/airflow/example_dags/example_short_circuit_decorator.py
[2026-07-18T21:38:17.284+0545] {logging_mixin.py:188} INFO - [2026-07-18T21:38:17.283+0545] {override.py:1858} INFO - Created Permission View: can delete on DAG:example_short_circuit_decorator
[2026-07-18T21:38:17.298+0545] {logging_mixin.py:188} INFO - [2026-07-18T21:38:17.297+0545] {override.py:1858} INFO - Created Permission View: can read on DAG:example_short_circuit_decorator
[2026-07-18T21:38:17.306+0545] {logging_mixin.py:188} INFO - [2026-07-18T21:38:17.306+0545] {override.py:1858} INFO - Created Permission View: can edit on DAG:example_short_circuit_decorator
[2026-07-18T21:38:17.306+0545] {logging_mixin.py:188} INFO - [2026-07-18T21:38:17.306+0545] {dag.py:3089} INFO - Sync 1 DAGs
[2026-07-18T21:38:17.317+0545] {logging_mixin.py:188} INFO - [2026-07-18T21:38:17.316+0545] {dag.py:3111} INFO - Creating ORM DAG for example_short_circuit_decorator
[2026-07-18T21:38:17.326+0545] {logging_mixin.py:188} INFO - [2026-07-18T21:38:17.326+0545] {dag.py:3947} INFO - Setting next_dagrun for example_short_circuit_decorator to 2026-07-17 00:00:00+00:00, run_after=2026-07-18 00:00:00+00:00
[2026-07-18T21:38:17.347+0545] {processor.py:183} INFO - Processing /home/snigdh/repos/bigData/spark_demo_env/lib/python3.12/site-packages/airflow/example_dags/example_short_circuit_decorator.py took 0.209 seconds
[2026-07-18T21:39:17.902+0545] {processor.py:161} INFO - Started process (PID=262711) to work on /home/snigdh/repos/bigData/spark_demo_env/lib/python3.12/site-packages/airflow/example_dags/example_short_circuit_decorator.py
[2026-07-18T21:39:17.906+0545] {processor.py:830} INFO - Processing file /home/snigdh/repos/bigData/spark_demo_env/lib/python3.12/site-packages/airflow/example_dags/example_short_circuit_decorator.py for tasks to queue
[2026-07-18T21:39:17.909+0545] {logging_mixin.py:188} INFO - [2026-07-18T21:39:17.908+0545] {dagbag.py:545} INFO - Filling up the DagBag from /home/snigdh/repos/bigData/spark_demo_env/lib/python3.12/site-packages/airflow/example_dags/example_short_circuit_decorator.py
[2026-07-18T21:39:17.924+0545] {processor.py:840} INFO - DAG(s) 'example_short_circuit_decorator' retrieved from /home/snigdh/repos/bigData/spark_demo_env/lib/python3.12/site-packages/airflow/example_dags/example_short_circuit_decorator.py
[2026-07-18T21:39:17.957+0545] {logging_mixin.py:188} INFO - [2026-07-18T21:39:17.956+0545] {dag.py:3089} INFO - Sync 1 DAGs
[2026-07-18T21:39:17.987+0545] {logging_mixin.py:188} INFO - [2026-07-18T21:39:17.987+0545] {dag.py:3947} INFO - Setting next_dagrun for example_short_circuit_decorator to 2026-07-17 00:00:00+00:00, run_after=2026-07-18 00:00:00+00:00
[2026-07-18T21:39:18.018+0545] {processor.py:183} INFO - Processing /home/snigdh/repos/bigData/spark_demo_env/lib/python3.12/site-packages/airflow/example_dags/example_short_circuit_decorator.py took 0.125 seconds
[2026-07-18T21:40:12.421+0545] {processor.py:161} INFO - Started process (PID=263004) to work on /home/snigdh/repos/bigData/spark_demo_env/lib/python3.12/site-packages/airflow/example_dags/example_short_circuit_decorator.py
[2026-07-18T21:40:12.425+0545] {processor.py:830} INFO - Processing file /home/snigdh/repos/bigData/spark_demo_env/lib/python3.12/site-packages/airflow/example_dags/example_short_circuit_decorator.py for tasks to queue
[2026-07-18T21:40:12.428+0545] {logging_mixin.py:188} INFO - [2026-07-18T21:40:12.428+0545] {dagbag.py:545} INFO - Filling up the DagBag from /home/snigdh/repos/bigData/spark_demo_env/lib/python3.12/site-packages/airflow/example_dags/example_short_circuit_decorator.py
[2026-07-18T21:40:12.444+0545] {processor.py:840} INFO - DAG(s) 'example_short_circuit_decorator' retrieved from /home/snigdh/repos/bigData/spark_demo_env/lib/python3.12/site-packages/airflow/example_dags/example_short_circuit_decorator.py
[2026-07-18T21:40:12.458+0545] {logging_mixin.py:188} INFO - [2026-07-18T21:40:12.457+0545] {dag.py:3089} INFO - Sync 1 DAGs
[2026-07-18T21:40:12.497+0545] {logging_mixin.py:188} INFO - [2026-07-18T21:40:12.497+0545] {dag.py:3947} INFO - Setting next_dagrun for example_short_circuit_decorator to 2026-07-17 00:00:00+00:00, run_after=2026-07-18 00:00:00+00:00
[2026-07-18T21:40:12.544+0545] {processor.py:183} INFO - Processing /home/snigdh/repos/bigData/spark_demo_env/lib/python3.12/site-packages/airflow/example_dags/example_short_circuit_decorator.py took 0.131 seconds
[2026-07-18T21:46:31.157+0545] {processor.py:161} INFO - Started process (PID=269816) to work on /home/snigdh/repos/bigData/spark_demo_env/lib/python3.12/site-packages/airflow/example_dags/example_short_circuit_decorator.py
[2026-07-18T21:46:31.161+0545] {processor.py:830} INFO - Processing file /home/snigdh/repos/bigData/spark_demo_env/lib/python3.12/site-packages/airflow/example_dags/example_short_circuit_decorator.py for tasks to queue
[2026-07-18T21:46:31.163+0545] {logging_mixin.py:188} INFO - [2026-07-18T21:46:31.162+0545] {dagbag.py:545} INFO - Filling up the DagBag from /home/snigdh/repos/bigData/spark_demo_env/lib/python3.12/site-packages/airflow/example_dags/example_short_circuit_decorator.py
[2026-07-18T21:46:31.176+0545] {processor.py:840} INFO - DAG(s) 'example_short_circuit_decorator' retrieved from /home/snigdh/repos/bigData/spark_demo_env/lib/python3.12/site-packages/airflow/example_dags/example_short_circuit_decorator.py
[2026-07-18T21:46:31.295+0545] {logging_mixin.py:188} INFO - [2026-07-18T21:46:31.295+0545] {dag.py:3089} INFO - Sync 1 DAGs
[2026-07-18T21:46:31.308+0545] {logging_mixin.py:188} INFO - [2026-07-18T21:46:31.308+0545] {dag.py:3947} INFO - Setting next_dagrun for example_short_circuit_decorator to 2026-07-17 00:00:00+00:00, run_after=2026-07-18 00:00:00+00:00
[2026-07-18T21:46:31.337+0545] {processor.py:183} INFO - Processing /home/snigdh/repos/bigData/spark_demo_env/lib/python3.12/site-packages/airflow/example_dags/example_short_circuit_decorator.py took 0.190 seconds
[2026-07-18T21:47:33.123+0545] {processor.py:161} INFO - Started process (PID=270483) to work on /home/snigdh/repos/bigData/spark_demo_env/lib/python3.12/site-packages/airflow/example_dags/example_short_circuit_decorator.py
[2026-07-18T21:47:33.127+0545] {processor.py:830} INFO - Processing file /home/snigdh/repos/bigData/spark_demo_env/lib/python3.12/site-packages/airflow/example_dags/example_short_circuit_decorator.py for tasks to queue
[2026-07-18T21:47:33.128+0545] {logging_mixin.py:188} INFO - [2026-07-18T21:47:33.128+0545] {dagbag.py:545} INFO - Filling up the DagBag from /home/snigdh/repos/bigData/spark_demo_env/lib/python3.12/site-packages/airflow/example_dags/example_short_circuit_decorator.py
[2026-07-18T21:47:33.139+0545] {processor.py:840} INFO - DAG(s) 'example_short_circuit_decorator' retrieved from /home/snigdh/repos/bigData/spark_demo_env/lib/python3.12/site-packages/airflow/example_dags/example_short_circuit_decorator.py
[2026-07-18T21:47:33.164+0545] {logging_mixin.py:188} INFO - [2026-07-18T21:47:33.163+0545] {dag.py:3089} INFO - Sync 1 DAGs
[2026-07-18T21:47:33.181+0545] {logging_mixin.py:188} INFO - [2026-07-18T21:47:33.181+0545] {dag.py:3947} INFO - Setting next_dagrun for example_short_circuit_decorator to 2026-07-17 00:00:00+00:00, run_after=2026-07-18 00:00:00+00:00
[2026-07-18T21:47:33.203+0545] {processor.py:183} INFO - Processing /home/snigdh/repos/bigData/spark_demo_env/lib/python3.12/site-packages/airflow/example_dags/example_short_circuit_decorator.py took 0.086 seconds
[2026-07-18T21:48:22.656+0545] {processor.py:161} INFO - Started process (PID=271108) to work on /home/snigdh/repos/bigData/spark_demo_env/lib/python3.12/site-packages/airflow/example_dags/example_short_circuit_decorator.py
[2026-07-18T21:48:22.659+0545] {processor.py:830} INFO - Processing file /home/snigdh/repos/bigData/spark_demo_env/lib/python3.12/site-packages/airflow/example_dags/example_short_circuit_decorator.py for tasks to queue
[2026-07-18T21:48:22.660+0545] {logging_mixin.py:188} INFO - [2026-07-18T21:48:22.660+0545] {dagbag.py:545} INFO - Filling up the DagBag from /home/snigdh/repos/bigData/spark_demo_env/lib/python3.12/site-packages/airflow/example_dags/example_short_circuit_decorator.py
[2026-07-18T21:48:22.670+0545] {processor.py:840} INFO - DAG(s) 'example_short_circuit_decorator' retrieved from /home/snigdh/repos/bigData/spark_demo_env/lib/python3.12/site-packages/airflow/example_dags/example_short_circuit_decorator.py
[2026-07-18T21:48:22.690+0545] {logging_mixin.py:188} INFO - [2026-07-18T21:48:22.689+0545] {dag.py:3089} INFO - Sync 1 DAGs
[2026-07-18T21:48:22.711+0545] {logging_mixin.py:188} INFO - [2026-07-18T21:48:22.711+0545] {dag.py:3947} INFO - Setting next_dagrun for example_short_circuit_decorator to 2026-07-17 00:00:00+00:00, run_after=2026-07-18 00:00:00+00:00
[2026-07-18T21:48:22.739+0545] {processor.py:183} INFO - Processing /home/snigdh/repos/bigData/spark_demo_env/lib/python3.12/site-packages/airflow/example_dags/example_short_circuit_decorator.py took 0.091 seconds
[2026-07-18T21:49:17.847+0545] {processor.py:161} INFO - Started process (PID=271969) to work on /home/snigdh/repos/bigData/spark_demo_env/lib/python3.12/site-packages/airflow/example_dags/example_short_circuit_decorator.py
[2026-07-18T21:49:17.851+0545] {processor.py:830} INFO - Processing file /home/snigdh/repos/bigData/spark_demo_env/lib/python3.12/site-packages/airflow/example_dags/example_short_circuit_decorator.py for tasks to queue
[2026-07-18T21:49:17.853+0545] {logging_mixin.py:188} INFO - [2026-07-18T21:49:17.852+0545] {dagbag.py:545} INFO - Filling up the DagBag from /home/snigdh/repos/bigData/spark_demo_env/lib/python3.12/site-packages/airflow/example_dags/example_short_circuit_decorator.py
[2026-07-18T21:49:17.867+0545] {processor.py:840} INFO - DAG(s) 'example_short_circuit_decorator' retrieved from /home/snigdh/repos/bigData/spark_demo_env/lib/python3.12/site-packages/airflow/example_dags/example_short_circuit_decorator.py
[2026-07-18T21:49:17.886+0545] {logging_mixin.py:188} INFO - [2026-07-18T21:49:17.886+0545] {dag.py:3089} INFO - Sync 1 DAGs
[2026-07-18T21:49:18.044+0545] {logging_mixin.py:188} INFO - [2026-07-18T21:49:18.044+0545] {dag.py:3947} INFO - Setting next_dagrun for example_short_circuit_decorator to 2026-07-17 00:00:00+00:00, run_after=2026-07-18 00:00:00+00:00
[2026-07-18T21:49:18.070+0545] {processor.py:183} INFO - Processing /home/snigdh/repos/bigData/spark_demo_env/lib/python3.12/site-packages/airflow/example_dags/example_short_circuit_decorator.py took 0.231 seconds
[2026-07-18T21:50:12.005+0545] {processor.py:161} INFO - Started process (PID=272634) to work on /home/snigdh/repos/bigData/spark_demo_env/lib/python3.12/site-packages/airflow/example_dags/example_short_circuit_decorator.py
[2026-07-18T21:50:12.008+0545] {processor.py:830} INFO - Processing file /home/snigdh/repos/bigData/spark_demo_env/lib/python3.12/site-packages/airflow/example_dags/example_short_circuit_decorator.py for tasks to queue
[2026-07-18T21:50:12.009+0545] {logging_mixin.py:188} INFO - [2026-07-18T21:50:12.009+0545] {dagbag.py:545} INFO - Filling up the DagBag from /home/snigdh/repos/bigData/spark_demo_env/lib/python3.12/site-packages/airflow/example_dags/example_short_circuit_decorator.py
[2026-07-18T21:50:12.020+0545] {processor.py:840} INFO - DAG(s) 'example_short_circuit_decorator' retrieved from /home/snigdh/repos/bigData/spark_demo_env/lib/python3.12/site-packages/airflow/example_dags/example_short_circuit_decorator.py
[2026-07-18T21:50:12.043+0545] {logging_mixin.py:188} INFO - [2026-07-18T21:50:12.043+0545] {dag.py:3089} INFO - Sync 1 DAGs
[2026-07-18T21:50:12.060+0545] {logging_mixin.py:188} INFO - [2026-07-18T21:50:12.060+0545] {dag.py:3947} INFO - Setting next_dagrun for example_short_circuit_decorator to 2026-07-17 00:00:00+00:00, run_after=2026-07-18 00:00:00+00:00
[2026-07-18T21:50:12.082+0545] {processor.py:183} INFO - Processing /home/snigdh/repos/bigData/spark_demo_env/lib/python3.12/site-packages/airflow/example_dags/example_short_circuit_decorator.py took 0.084 seconds
[2026-07-18T21:50:55.722+0545] {processor.py:161} INFO - Started process (PID=273231) to work on /home/snigdh/repos/bigData/spark_demo_env/lib/python3.12/site-packages/airflow/example_dags/example_short_circuit_decorator.py
[2026-07-18T21:50:55.726+0545] {processor.py:830} INFO - Processing file /home/snigdh/repos/bigData/spark_demo_env/lib/python3.12/site-packages/airflow/example_dags/example_short_circuit_decorator.py for tasks to queue
[2026-07-18T21:50:55.727+0545] {logging_mixin.py:188} INFO - [2026-07-18T21:50:55.727+0545] {dagbag.py:545} INFO - Filling up the DagBag from /home/snigdh/repos/bigData/spark_demo_env/lib/python3.12/site-packages/airflow/example_dags/example_short_circuit_decorator.py
[2026-07-18T21:50:55.738+0545] {processor.py:840} INFO - DAG(s) 'example_short_circuit_decorator' retrieved from /home/snigdh/repos/bigData/spark_demo_env/lib/python3.12/site-packages/airflow/example_dags/example_short_circuit_decorator.py
[2026-07-18T21:50:55.757+0545] {logging_mixin.py:188} INFO - [2026-07-18T21:50:55.757+0545] {dag.py:3089} INFO - Sync 1 DAGs
[2026-07-18T21:50:55.775+0545] {logging_mixin.py:188} INFO - [2026-07-18T21:50:55.775+0545] {dag.py:3947} INFO - Setting next_dagrun for example_short_circuit_decorator to 2026-07-17 00:00:00+00:00, run_after=2026-07-18 00:00:00+00:00
[2026-07-18T21:50:55.799+0545] {processor.py:183} INFO - Processing /home/snigdh/repos/bigData/spark_demo_env/lib/python3.12/site-packages/airflow/example_dags/example_short_circuit_decorator.py took 0.085 seconds
[2026-07-18T21:51:41.597+0545] {processor.py:161} INFO - Started process (PID=273868) to work on /home/snigdh/repos/bigData/spark_demo_env/lib/python3.12/site-packages/airflow/example_dags/example_short_circuit_decorator.py
[2026-07-18T21:51:41.600+0545] {processor.py:830} INFO - Processing file /home/snigdh/repos/bigData/spark_demo_env/lib/python3.12/site-packages/airflow/example_dags/example_short_circuit_decorator.py for tasks to queue
[2026-07-18T21:51:41.602+0545] {logging_mixin.py:188} INFO - [2026-07-18T21:51:41.601+0545] {dagbag.py:545} INFO - Filling up the DagBag from /home/snigdh/repos/bigData/spark_demo_env/lib/python3.12/site-packages/airflow/example_dags/example_short_circuit_decorator.py
[2026-07-18T21:51:41.617+0545] {processor.py:840} INFO - DAG(s) 'example_short_circuit_decorator' retrieved from /home/snigdh/repos/bigData/spark_demo_env/lib/python3.12/site-packages/airflow/example_dags/example_short_circuit_decorator.py
[2026-07-18T21:51:41.642+0545] {logging_mixin.py:188} INFO - [2026-07-18T21:51:41.642+0545] {dag.py:3089} INFO - Sync 1 DAGs
[2026-07-18T21:51:41.665+0545] {logging_mixin.py:188} INFO - [2026-07-18T21:51:41.665+0545] {dag.py:3947} INFO - Setting next_dagrun for example_short_circuit_decorator to 2026-07-17 00:00:00+00:00, run_after=2026-07-18 00:00:00+00:00
[2026-07-18T21:51:41.687+0545] {processor.py:183} INFO - Processing /home/snigdh/repos/bigData/spark_demo_env/lib/python3.12/site-packages/airflow/example_dags/example_short_circuit_decorator.py took 0.097 seconds
[2026-07-18T21:52:28.978+0545] {processor.py:161} INFO - Started process (PID=274457) to work on /home/snigdh/repos/bigData/spark_demo_env/lib/python3.12/site-packages/airflow/example_dags/example_short_circuit_decorator.py
[2026-07-18T21:52:28.982+0545] {processor.py:830} INFO - Processing file /home/snigdh/repos/bigData/spark_demo_env/lib/python3.12/site-packages/airflow/example_dags/example_short_circuit_decorator.py for tasks to queue
[2026-07-18T21:52:28.982+0545] {logging_mixin.py:188} INFO - [2026-07-18T21:52:28.982+0545] {dagbag.py:545} INFO - Filling up the DagBag from /home/snigdh/repos/bigData/spark_demo_env/lib/python3.12/site-packages/airflow/example_dags/example_short_circuit_decorator.py
[2026-07-18T21:52:28.991+0545] {processor.py:840} INFO - DAG(s) 'example_short_circuit_decorator' retrieved from /home/snigdh/repos/bigData/spark_demo_env/lib/python3.12/site-packages/airflow/example_dags/example_short_circuit_decorator.py
[2026-07-18T21:52:29.010+0545] {logging_mixin.py:188} INFO - [2026-07-18T21:52:29.010+0545] {dag.py:3089} INFO - Sync 1 DAGs
[2026-07-18T21:52:29.025+0545] {logging_mixin.py:188} INFO - [2026-07-18T21:52:29.024+0545] {dag.py:3947} INFO - Setting next_dagrun for example_short_circuit_decorator to 2026-07-17 00:00:00+00:00, run_after=2026-07-18 00:00:00+00:00
[2026-07-18T21:52:29.044+0545] {processor.py:183} INFO - Processing /home/snigdh/repos/bigData/spark_demo_env/lib/python3.12/site-packages/airflow/example_dags/example_short_circuit_decorator.py took 0.070 seconds
[2026-07-18T21:53:13.432+0545] {processor.py:161} INFO - Started process (PID=275075) to work on /home/snigdh/repos/bigData/spark_demo_env/lib/python3.12/site-packages/airflow/example_dags/example_short_circuit_decorator.py
[2026-07-18T21:53:13.435+0545] {processor.py:830} INFO - Processing file /home/snigdh/repos/bigData/spark_demo_env/lib/python3.12/site-packages/airflow/example_dags/example_short_circuit_decorator.py for tasks to queue
[2026-07-18T21:53:13.436+0545] {logging_mixin.py:188} INFO - [2026-07-18T21:53:13.435+0545] {dagbag.py:545} INFO - Filling up the DagBag from /home/snigdh/repos/bigData/spark_demo_env/lib/python3.12/site-packages/airflow/example_dags/example_short_circuit_decorator.py
[2026-07-18T21:53:13.444+0545] {processor.py:840} INFO - DAG(s) 'example_short_circuit_decorator' retrieved from /home/snigdh/repos/bigData/spark_demo_env/lib/python3.12/site-packages/airflow/example_dags/example_short_circuit_decorator.py
[2026-07-18T21:53:13.462+0545] {logging_mixin.py:188} INFO - [2026-07-18T21:53:13.462+0545] {dag.py:3089} INFO - Sync 1 DAGs
[2026-07-18T21:53:13.476+0545] {logging_mixin.py:188} INFO - [2026-07-18T21:53:13.476+0545] {dag.py:3947} INFO - Setting next_dagrun for example_short_circuit_decorator to 2026-07-17 00:00:00+00:00, run_after=2026-07-18 00:00:00+00:00
[2026-07-18T21:53:13.497+0545] {processor.py:183} INFO - Processing /home/snigdh/repos/bigData/spark_demo_env/lib/python3.12/site-packages/airflow/example_dags/example_short_circuit_decorator.py took 0.071 seconds
[2026-07-18T21:54:02.964+0545] {processor.py:161} INFO - Started process (PID=275900) to work on /home/snigdh/repos/bigData/spark_demo_env/lib/python3.12/site-packages/airflow/example_dags/example_short_circuit_decorator.py
[2026-07-18T21:54:02.966+0545] {processor.py:830} INFO - Processing file /home/snigdh/repos/bigData/spark_demo_env/lib/python3.12/site-packages/airflow/example_dags/example_short_circuit_decorator.py for tasks to queue
[2026-07-18T21:54:02.968+0545] {logging_mixin.py:188} INFO - [2026-07-18T21:54:02.967+0545] {dagbag.py:545} INFO - Filling up the DagBag from /home/snigdh/repos/bigData/spark_demo_env/lib/python3.12/site-packages/airflow/example_dags/example_short_circuit_decorator.py
[2026-07-18T21:54:02.979+0545] {processor.py:840} INFO - DAG(s) 'example_short_circuit_decorator' retrieved from /home/snigdh/repos/bigData/spark_demo_env/lib/python3.12/site-packages/airflow/example_dags/example_short_circuit_decorator.py
[2026-07-18T21:54:03.006+0545] {logging_mixin.py:188} INFO - [2026-07-18T21:54:03.005+0545] {dag.py:3089} INFO - Sync 1 DAGs
[2026-07-18T21:54:03.027+0545] {logging_mixin.py:188} INFO - [2026-07-18T21:54:03.026+0545] {dag.py:3947} INFO - Setting next_dagrun for example_short_circuit_decorator to 2026-07-17 00:00:00+00:00, run_after=2026-07-18 00:00:00+00:00
[2026-07-18T21:54:03.051+0545] {processor.py:183} INFO - Processing /home/snigdh/repos/bigData/spark_demo_env/lib/python3.12/site-packages/airflow/example_dags/example_short_circuit_decorator.py took 0.097 seconds
[2026-07-18T21:54:51.729+0545] {processor.py:161} INFO - Started process (PID=276579) to work on /home/snigdh/repos/bigData/spark_demo_env/lib/python3.12/site-packages/airflow/example_dags/example_short_circuit_decorator.py
[2026-07-18T21:54:51.730+0545] {processor.py:830} INFO - Processing file /home/snigdh/repos/bigData/spark_demo_env/lib/python3.12/site-packages/airflow/example_dags/example_short_circuit_decorator.py for tasks to queue
[2026-07-18T21:54:51.732+0545] {logging_mixin.py:188} INFO - [2026-07-18T21:54:51.731+0545] {dagbag.py:545} INFO - Filling up the DagBag from /home/snigdh/repos/bigData/spark_demo_env/lib/python3.12/site-packages/airflow/example_dags/example_short_circuit_decorator.py
[2026-07-18T21:54:51.744+0545] {processor.py:840} INFO - DAG(s) 'example_short_circuit_decorator' retrieved from /home/snigdh/repos/bigData/spark_demo_env/lib/python3.12/site-packages/airflow/example_dags/example_short_circuit_decorator.py
[2026-07-18T21:54:51.770+0545] {logging_mixin.py:188} INFO - [2026-07-18T21:54:51.770+0545] {dag.py:3089} INFO - Sync 1 DAGs
[2026-07-18T21:54:51.790+0545] {logging_mixin.py:188} INFO - [2026-07-18T21:54:51.790+0545] {dag.py:3947} INFO - Setting next_dagrun for example_short_circuit_decorator to 2026-07-17 00:00:00+00:00, run_after=2026-07-18 00:00:00+00:00
[2026-07-18T21:54:51.816+0545] {processor.py:183} INFO - Processing /home/snigdh/repos/bigData/spark_demo_env/lib/python3.12/site-packages/airflow/example_dags/example_short_circuit_decorator.py took 0.096 seconds
[2026-07-18T21:55:36.315+0545] {processor.py:161} INFO - Started process (PID=277042) to work on /home/snigdh/repos/bigData/spark_demo_env/lib/python3.12/site-packages/airflow/example_dags/example_short_circuit_decorator.py
[2026-07-18T21:55:36.319+0545] {processor.py:830} INFO - Processing file /home/snigdh/repos/bigData/spark_demo_env/lib/python3.12/site-packages/airflow/example_dags/example_short_circuit_decorator.py for tasks to queue
[2026-07-18T21:55:36.320+0545] {logging_mixin.py:188} INFO - [2026-07-18T21:55:36.319+0545] {dagbag.py:545} INFO - Filling up the DagBag from /home/snigdh/repos/bigData/spark_demo_env/lib/python3.12/site-packages/airflow/example_dags/example_short_circuit_decorator.py
[2026-07-18T21:55:36.332+0545] {processor.py:840} INFO - DAG(s) 'example_short_circuit_decorator' retrieved from /home/snigdh/repos/bigData/spark_demo_env/lib/python3.12/site-packages/airflow/example_dags/example_short_circuit_decorator.py
[2026-07-18T21:55:36.358+0545] {logging_mixin.py:188} INFO - [2026-07-18T21:55:36.357+0545] {dag.py:3089} INFO - Sync 1 DAGs
[2026-07-18T21:55:36.375+0545] {logging_mixin.py:188} INFO - [2026-07-18T21:55:36.375+0545] {dag.py:3947} INFO - Setting next_dagrun for example_short_circuit_decorator to 2026-07-17 00:00:00+00:00, run_after=2026-07-18 00:00:00+00:00
[2026-07-18T21:55:36.395+0545] {processor.py:183} INFO - Processing /home/snigdh/repos/bigData/spark_demo_env/lib/python3.12/site-packages/airflow/example_dags/example_short_circuit_decorator.py took 0.088 seconds
[2026-07-18T21:56:20.885+0545] {processor.py:161} INFO - Started process (PID=277436) to work on /home/snigdh/repos/bigData/spark_demo_env/lib/python3.12/site-packages/airflow/example_dags/example_short_circuit_decorator.py
[2026-07-18T21:56:20.888+0545] {processor.py:830} INFO - Processing file /home/snigdh/repos/bigData/spark_demo_env/lib/python3.12/site-packages/airflow/example_dags/example_short_circuit_decorator.py for tasks to queue
[2026-07-18T21:56:20.890+0545] {logging_mixin.py:188} INFO - [2026-07-18T21:56:20.889+0545] {dagbag.py:545} INFO - Filling up the DagBag from /home/snigdh/repos/bigData/spark_demo_env/lib/python3.12/site-packages/airflow/example_dags/example_short_circuit_decorator.py
[2026-07-18T21:56:20.901+0545] {processor.py:840} INFO - DAG(s) 'example_short_circuit_decorator' retrieved from /home/snigdh/repos/bigData/spark_demo_env/lib/python3.12/site-packages/airflow/example_dags/example_short_circuit_decorator.py
[2026-07-18T21:56:20.927+0545] {logging_mixin.py:188} INFO - [2026-07-18T21:56:20.926+0545] {dag.py:3089} INFO - Sync 1 DAGs
[2026-07-18T21:56:20.944+0545] {logging_mixin.py:188} INFO - [2026-07-18T21:56:20.944+0545] {dag.py:3947} INFO - Setting next_dagrun for example_short_circuit_decorator to 2026-07-17 00:00:00+00:00, run_after=2026-07-18 00:00:00+00:00
[2026-07-18T21:56:20.967+0545] {processor.py:183} INFO - Processing /home/snigdh/repos/bigData/spark_demo_env/lib/python3.12/site-packages/airflow/example_dags/example_short_circuit_decorator.py took 0.090 seconds
[2026-07-18T21:57:04.173+0545] {processor.py:161} INFO - Started process (PID=277882) to work on /home/snigdh/repos/bigData/spark_demo_env/lib/python3.12/site-packages/airflow/example_dags/example_short_circuit_decorator.py
[2026-07-18T21:57:04.176+0545] {processor.py:830} INFO - Processing file /home/snigdh/repos/bigData/spark_demo_env/lib/python3.12/site-packages/airflow/example_dags/example_short_circuit_decorator.py for tasks to queue
[2026-07-18T21:57:04.178+0545] {logging_mixin.py:188} INFO - [2026-07-18T21:57:04.177+0545] {dagbag.py:545} INFO - Filling up the DagBag from /home/snigdh/repos/bigData/spark_demo_env/lib/python3.12/site-packages/airflow/example_dags/example_short_circuit_decorator.py
[2026-07-18T21:57:04.190+0545] {processor.py:840} INFO - DAG(s) 'example_short_circuit_decorator' retrieved from /home/snigdh/repos/bigData/spark_demo_env/lib/python3.12/site-packages/airflow/example_dags/example_short_circuit_decorator.py
[2026-07-18T21:57:04.216+0545] {logging_mixin.py:188} INFO - [2026-07-18T21:57:04.216+0545] {dag.py:3089} INFO - Sync 1 DAGs
[2026-07-18T21:57:04.232+0545] {logging_mixin.py:188} INFO - [2026-07-18T21:57:04.232+0545] {dag.py:3947} INFO - Setting next_dagrun for example_short_circuit_decorator to 2026-07-17 00:00:00+00:00, run_after=2026-07-18 00:00:00+00:00
[2026-07-18T21:57:04.254+0545] {processor.py:183} INFO - Processing /home/snigdh/repos/bigData/spark_demo_env/lib/python3.12/site-packages/airflow/example_dags/example_short_circuit_decorator.py took 0.089 seconds
[2026-07-18T21:57:50.149+0545] {processor.py:161} INFO - Started process (PID=278298) to work on /home/snigdh/repos/bigData/spark_demo_env/lib/python3.12/site-packages/airflow/example_dags/example_short_circuit_decorator.py
[2026-07-18T21:57:50.153+0545] {processor.py:830} INFO - Processing file /home/snigdh/repos/bigData/spark_demo_env/lib/python3.12/site-packages/airflow/example_dags/example_short_circuit_decorator.py for tasks to queue
[2026-07-18T21:57:50.154+0545] {logging_mixin.py:188} INFO - [2026-07-18T21:57:50.154+0545] {dagbag.py:545} INFO - Filling up the DagBag from /home/snigdh/repos/bigData/spark_demo_env/lib/python3.12/site-packages/airflow/example_dags/example_short_circuit_decorator.py
[2026-07-18T21:57:50.165+0545] {processor.py:840} INFO - DAG(s) 'example_short_circuit_decorator' retrieved from /home/snigdh/repos/bigData/spark_demo_env/lib/python3.12/site-packages/airflow/example_dags/example_short_circuit_decorator.py
[2026-07-18T21:57:50.190+0545] {logging_mixin.py:188} INFO - [2026-07-18T21:57:50.190+0545] {dag.py:3089} INFO - Sync 1 DAGs
[2026-07-18T21:57:50.207+0545] {logging_mixin.py:188} INFO - [2026-07-18T21:57:50.207+0545] {dag.py:3947} INFO - Setting next_dagrun for example_short_circuit_decorator to 2026-07-17 00:00:00+00:00, run_after=2026-07-18 00:00:00+00:00
[2026-07-18T21:57:50.230+0545] {processor.py:183} INFO - Processing /home/snigdh/repos/bigData/spark_demo_env/lib/python3.12/site-packages/airflow/example_dags/example_short_circuit_decorator.py took 0.089 seconds
[2026-07-18T21:58:34.635+0545] {processor.py:161} INFO - Started process (PID=278745) to work on /home/snigdh/repos/bigData/spark_demo_env/lib/python3.12/site-packages/airflow/example_dags/example_short_circuit_decorator.py
[2026-07-18T21:58:34.638+0545] {processor.py:830} INFO - Processing file /home/snigdh/repos/bigData/spark_demo_env/lib/python3.12/site-packages/airflow/example_dags/example_short_circuit_decorator.py for tasks to queue
[2026-07-18T21:58:34.639+0545] {logging_mixin.py:188} INFO - [2026-07-18T21:58:34.639+0545] {dagbag.py:545} INFO - Filling up the DagBag from /home/snigdh/repos/bigData/spark_demo_env/lib/python3.12/site-packages/airflow/example_dags/example_short_circuit_decorator.py
[2026-07-18T21:58:34.651+0545] {processor.py:840} INFO - DAG(s) 'example_short_circuit_decorator' retrieved from /home/snigdh/repos/bigData/spark_demo_env/lib/python3.12/site-packages/airflow/example_dags/example_short_circuit_decorator.py
[2026-07-18T21:58:34.675+0545] {logging_mixin.py:188} INFO - [2026-07-18T21:58:34.674+0545] {dag.py:3089} INFO - Sync 1 DAGs
[2026-07-18T21:58:34.692+0545] {logging_mixin.py:188} INFO - [2026-07-18T21:58:34.692+0545] {dag.py:3947} INFO - Setting next_dagrun for example_short_circuit_decorator to 2026-07-17 00:00:00+00:00, run_after=2026-07-18 00:00:00+00:00
[2026-07-18T21:58:34.713+0545] {processor.py:183} INFO - Processing /home/snigdh/repos/bigData/spark_demo_env/lib/python3.12/site-packages/airflow/example_dags/example_short_circuit_decorator.py took 0.085 seconds
[2026-07-18T21:59:21.128+0545] {processor.py:161} INFO - Started process (PID=279164) to work on /home/snigdh/repos/bigData/spark_demo_env/lib/python3.12/site-packages/airflow/example_dags/example_short_circuit_decorator.py
[2026-07-18T21:59:21.131+0545] {processor.py:830} INFO - Processing file /home/snigdh/repos/bigData/spark_demo_env/lib/python3.12/site-packages/airflow/example_dags/example_short_circuit_decorator.py for tasks to queue
[2026-07-18T21:59:21.133+0545] {logging_mixin.py:188} INFO - [2026-07-18T21:59:21.132+0545] {dagbag.py:545} INFO - Filling up the DagBag from /home/snigdh/repos/bigData/spark_demo_env/lib/python3.12/site-packages/airflow/example_dags/example_short_circuit_decorator.py
[2026-07-18T21:59:21.146+0545] {processor.py:840} INFO - DAG(s) 'example_short_circuit_decorator' retrieved from /home/snigdh/repos/bigData/spark_demo_env/lib/python3.12/site-packages/airflow/example_dags/example_short_circuit_decorator.py
[2026-07-18T21:59:21.169+0545] {logging_mixin.py:188} INFO - [2026-07-18T21:59:21.169+0545] {dag.py:3089} INFO - Sync 1 DAGs
[2026-07-18T21:59:21.186+0545] {logging_mixin.py:188} INFO - [2026-07-18T21:59:21.185+0545] {dag.py:3947} INFO - Setting next_dagrun for example_short_circuit_decorator to 2026-07-17 00:00:00+00:00, run_after=2026-07-18 00:00:00+00:00
[2026-07-18T21:59:21.206+0545] {processor.py:183} INFO - Processing /home/snigdh/repos/bigData/spark_demo_env/lib/python3.12/site-packages/airflow/example_dags/example_short_circuit_decorator.py took 0.087 seconds
[2026-07-18T22:00:07.899+0545] {processor.py:161} INFO - Started process (PID=279626) to work on /home/snigdh/repos/bigData/spark_demo_env/lib/python3.12/site-packages/airflow/example_dags/example_short_circuit_decorator.py
[2026-07-18T22:00:07.903+0545] {processor.py:830} INFO - Processing file /home/snigdh/repos/bigData/spark_demo_env/lib/python3.12/site-packages/airflow/example_dags/example_short_circuit_decorator.py for tasks to queue
[2026-07-18T22:00:07.905+0545] {logging_mixin.py:188} INFO - [2026-07-18T22:00:07.904+0545] {dagbag.py:545} INFO - Filling up the DagBag from /home/snigdh/repos/bigData/spark_demo_env/lib/python3.12/site-packages/airflow/example_dags/example_short_circuit_decorator.py
[2026-07-18T22:00:07.917+0545] {processor.py:840} INFO - DAG(s) 'example_short_circuit_decorator' retrieved from /home/snigdh/repos/bigData/spark_demo_env/lib/python3.12/site-packages/airflow/example_dags/example_short_circuit_decorator.py
[2026-07-18T22:00:07.937+0545] {logging_mixin.py:188} INFO - [2026-07-18T22:00:07.937+0545] {dag.py:3089} INFO - Sync 1 DAGs
[2026-07-18T22:00:07.954+0545] {logging_mixin.py:188} INFO - [2026-07-18T22:00:07.954+0545] {dag.py:3947} INFO - Setting next_dagrun for example_short_circuit_decorator to 2026-07-17 00:00:00+00:00, run_after=2026-07-18 00:00:00+00:00
[2026-07-18T22:00:07.977+0545] {processor.py:183} INFO - Processing /home/snigdh/repos/bigData/spark_demo_env/lib/python3.12/site-packages/airflow/example_dags/example_short_circuit_decorator.py took 0.086 seconds
[2026-07-18T22:00:54.756+0545] {processor.py:161} INFO - Started process (PID=280014) to work on /home/snigdh/repos/bigData/spark_demo_env/lib/python3.12/site-packages/airflow/example_dags/example_short_circuit_decorator.py
[2026-07-18T22:00:54.760+0545] {processor.py:830} INFO - Processing file /home/snigdh/repos/bigData/spark_demo_env/lib/python3.12/site-packages/airflow/example_dags/example_short_circuit_decorator.py for tasks to queue
[2026-07-18T22:00:54.761+0545] {logging_mixin.py:188} INFO - [2026-07-18T22:00:54.760+0545] {dagbag.py:545} INFO - Filling up the DagBag from /home/snigdh/repos/bigData/spark_demo_env/lib/python3.12/site-packages/airflow/example_dags/example_short_circuit_decorator.py
[2026-07-18T22:00:54.772+0545] {processor.py:840} INFO - DAG(s) 'example_short_circuit_decorator' retrieved from /home/snigdh/repos/bigData/spark_demo_env/lib/python3.12/site-packages/airflow/example_dags/example_short_circuit_decorator.py
[2026-07-18T22:00:54.795+0545] {logging_mixin.py:188} INFO - [2026-07-18T22:00:54.795+0545] {dag.py:3089} INFO - Sync 1 DAGs
[2026-07-18T22:00:54.812+0545] {logging_mixin.py:188} INFO - [2026-07-18T22:00:54.812+0545] {dag.py:3947} INFO - Setting next_dagrun for example_short_circuit_decorator to 2026-07-17 00:00:00+00:00, run_after=2026-07-18 00:00:00+00:00
[2026-07-18T22:00:54.837+0545] {processor.py:183} INFO - Processing /home/snigdh/repos/bigData/spark_demo_env/lib/python3.12/site-packages/airflow/example_dags/example_short_circuit_decorator.py took 0.089 seconds
[2026-07-18T22:01:40.790+0545] {processor.py:161} INFO - Started process (PID=280474) to work on /home/snigdh/repos/bigData/spark_demo_env/lib/python3.12/site-packages/airflow/example_dags/example_short_circuit_decorator.py
[2026-07-18T22:01:40.793+0545] {processor.py:830} INFO - Processing file /home/snigdh/repos/bigData/spark_demo_env/lib/python3.12/site-packages/airflow/example_dags/example_short_circuit_decorator.py for tasks to queue
[2026-07-18T22:01:40.794+0545] {logging_mixin.py:188} INFO - [2026-07-18T22:01:40.794+0545] {dagbag.py:545} INFO - Filling up the DagBag from /home/snigdh/repos/bigData/spark_demo_env/lib/python3.12/site-packages/airflow/example_dags/example_short_circuit_decorator.py
[2026-07-18T22:01:40.803+0545] {processor.py:840} INFO - DAG(s) 'example_short_circuit_decorator' retrieved from /home/snigdh/repos/bigData/spark_demo_env/lib/python3.12/site-packages/airflow/example_dags/example_short_circuit_decorator.py
[2026-07-18T22:01:40.825+0545] {logging_mixin.py:188} INFO - [2026-07-18T22:01:40.824+0545] {dag.py:3089} INFO - Sync 1 DAGs
[2026-07-18T22:01:40.842+0545] {logging_mixin.py:188} INFO - [2026-07-18T22:01:40.842+0545] {dag.py:3947} INFO - Setting next_dagrun for example_short_circuit_decorator to 2026-07-17 00:00:00+00:00, run_after=2026-07-18 00:00:00+00:00
[2026-07-18T22:01:40.867+0545] {processor.py:183} INFO - Processing /home/snigdh/repos/bigData/spark_demo_env/lib/python3.12/site-packages/airflow/example_dags/example_short_circuit_decorator.py took 0.084 seconds
[2026-07-18T22:02:23.475+0545] {processor.py:161} INFO - Started process (PID=280858) to work on /home/snigdh/repos/bigData/spark_demo_env/lib/python3.12/site-packages/airflow/example_dags/example_short_circuit_decorator.py
[2026-07-18T22:02:23.479+0545] {processor.py:830} INFO - Processing file /home/snigdh/repos/bigData/spark_demo_env/lib/python3.12/site-packages/airflow/example_dags/example_short_circuit_decorator.py for tasks to queue
[2026-07-18T22:02:23.480+0545] {logging_mixin.py:188} INFO - [2026-07-18T22:02:23.479+0545] {dagbag.py:545} INFO - Filling up the DagBag from /home/snigdh/repos/bigData/spark_demo_env/lib/python3.12/site-packages/airflow/example_dags/example_short_circuit_decorator.py
[2026-07-18T22:02:23.491+0545] {processor.py:840} INFO - DAG(s) 'example_short_circuit_decorator' retrieved from /home/snigdh/repos/bigData/spark_demo_env/lib/python3.12/site-packages/airflow/example_dags/example_short_circuit_decorator.py
[2026-07-18T22:02:23.515+0545] {logging_mixin.py:188} INFO - [2026-07-18T22:02:23.514+0545] {dag.py:3089} INFO - Sync 1 DAGs
[2026-07-18T22:02:23.531+0545] {logging_mixin.py:188} INFO - [2026-07-18T22:02:23.531+0545] {dag.py:3947} INFO - Setting next_dagrun for example_short_circuit_decorator to 2026-07-17 00:00:00+00:00, run_after=2026-07-18 00:00:00+00:00
[2026-07-18T22:02:23.552+0545] {processor.py:183} INFO - Processing /home/snigdh/repos/bigData/spark_demo_env/lib/python3.12/site-packages/airflow/example_dags/example_short_circuit_decorator.py took 0.084 seconds
