[2026-07-18T21:38:20.787+0545] {processor.py:161} INFO - Started process (PID=262419) to work on /home/snigdh/repos/bigData/spark_demo_env/lib/python3.12/site-packages/airflow/example_dags/example_time_delta_sensor_async.py
[2026-07-18T21:38:20.788+0545] {processor.py:830} INFO - Processing file /home/snigdh/repos/bigData/spark_demo_env/lib/python3.12/site-packages/airflow/example_dags/example_time_delta_sensor_async.py for tasks to queue
[2026-07-18T21:38:20.790+0545] {logging_mixin.py:188} INFO - [2026-07-18T21:38:20.789+0545] {dagbag.py:545} INFO - Filling up the DagBag from /home/snigdh/repos/bigData/spark_demo_env/lib/python3.12/site-packages/airflow/example_dags/example_time_delta_sensor_async.py
[2026-07-18T21:38:20.796+0545] {processor.py:840} INFO - DAG(s) 'example_time_delta_sensor_async' retrieved from /home/snigdh/repos/bigData/spark_demo_env/lib/python3.12/site-packages/airflow/example_dags/example_time_delta_sensor_async.py
[2026-07-18T21:38:20.903+0545] {logging_mixin.py:188} INFO - [2026-07-18T21:38:20.902+0545] {override.py:1858} INFO - Created Permission View: can delete on DAG:example_time_delta_sensor_async
[2026-07-18T21:38:20.917+0545] {logging_mixin.py:188} INFO - [2026-07-18T21:38:20.916+0545] {override.py:1858} INFO - Created Permission View: can read on DAG:example_time_delta_sensor_async
[2026-07-18T21:38:20.924+0545] {logging_mixin.py:188} INFO - [2026-07-18T21:38:20.924+0545] {override.py:1858} INFO - Created Permission View: can edit on DAG:example_time_delta_sensor_async
[2026-07-18T21:38:20.925+0545] {logging_mixin.py:188} INFO - [2026-07-18T21:38:20.925+0545] {dag.py:3089} INFO - Sync 1 DAGs
[2026-07-18T21:38:20.935+0545] {logging_mixin.py:188} INFO - [2026-07-18T21:38:20.934+0545] {dag.py:3111} INFO - Creating ORM DAG for example_time_delta_sensor_async
[2026-07-18T21:38:20.935+0545] {logging_mixin.py:188} INFO - [2026-07-18T21:38:20.935+0545] {dag.py:3947} INFO - Setting next_dagrun for example_time_delta_sensor_async to None, run_after=None
[2026-07-18T21:38:20.954+0545] {processor.py:183} INFO - Processing /home/snigdh/repos/bigData/spark_demo_env/lib/python3.12/site-packages/airflow/example_dags/example_time_delta_sensor_async.py took 0.174 seconds
[2026-07-18T21:39:20.647+0545] {processor.py:161} INFO - Started process (PID=262727) to work on /home/snigdh/repos/bigData/spark_demo_env/lib/python3.12/site-packages/airflow/example_dags/example_time_delta_sensor_async.py
[2026-07-18T21:39:20.652+0545] {processor.py:830} INFO - Processing file /home/snigdh/repos/bigData/spark_demo_env/lib/python3.12/site-packages/airflow/example_dags/example_time_delta_sensor_async.py for tasks to queue
[2026-07-18T21:39:20.656+0545] {logging_mixin.py:188} INFO - [2026-07-18T21:39:20.655+0545] {dagbag.py:545} INFO - Filling up the DagBag from /home/snigdh/repos/bigData/spark_demo_env/lib/python3.12/site-packages/airflow/example_dags/example_time_delta_sensor_async.py
[2026-07-18T21:39:20.664+0545] {processor.py:840} INFO - DAG(s) 'example_time_delta_sensor_async' retrieved from /home/snigdh/repos/bigData/spark_demo_env/lib/python3.12/site-packages/airflow/example_dags/example_time_delta_sensor_async.py
[2026-07-18T21:39:20.692+0545] {logging_mixin.py:188} INFO - [2026-07-18T21:39:20.691+0545] {dag.py:3089} INFO - Sync 1 DAGs
[2026-07-18T21:39:20.707+0545] {logging_mixin.py:188} INFO - [2026-07-18T21:39:20.706+0545] {dag.py:3947} INFO - Setting next_dagrun for example_time_delta_sensor_async to None, run_after=None
[2026-07-18T21:39:20.741+0545] {processor.py:183} INFO - Processing /home/snigdh/repos/bigData/spark_demo_env/lib/python3.12/site-packages/airflow/example_dags/example_time_delta_sensor_async.py took 0.104 seconds
[2026-07-18T21:40:15.255+0545] {processor.py:161} INFO - Started process (PID=263018) to work on /home/snigdh/repos/bigData/spark_demo_env/lib/python3.12/site-packages/airflow/example_dags/example_time_delta_sensor_async.py
[2026-07-18T21:40:15.259+0545] {processor.py:830} INFO - Processing file /home/snigdh/repos/bigData/spark_demo_env/lib/python3.12/site-packages/airflow/example_dags/example_time_delta_sensor_async.py for tasks to queue
[2026-07-18T21:40:15.261+0545] {logging_mixin.py:188} INFO - [2026-07-18T21:40:15.261+0545] {dagbag.py:545} INFO - Filling up the DagBag from /home/snigdh/repos/bigData/spark_demo_env/lib/python3.12/site-packages/airflow/example_dags/example_time_delta_sensor_async.py
[2026-07-18T21:40:15.268+0545] {processor.py:840} INFO - DAG(s) 'example_time_delta_sensor_async' retrieved from /home/snigdh/repos/bigData/spark_demo_env/lib/python3.12/site-packages/airflow/example_dags/example_time_delta_sensor_async.py
[2026-07-18T21:40:15.280+0545] {logging_mixin.py:188} INFO - [2026-07-18T21:40:15.279+0545] {dag.py:3089} INFO - Sync 1 DAGs
[2026-07-18T21:40:15.297+0545] {logging_mixin.py:188} INFO - [2026-07-18T21:40:15.296+0545] {dag.py:3947} INFO - Setting next_dagrun for example_time_delta_sensor_async to None, run_after=None
[2026-07-18T21:40:15.326+0545] {processor.py:183} INFO - Processing /home/snigdh/repos/bigData/spark_demo_env/lib/python3.12/site-packages/airflow/example_dags/example_time_delta_sensor_async.py took 0.079 seconds
[2026-07-18T21:46:34.333+0545] {processor.py:161} INFO - Started process (PID=269837) to work on /home/snigdh/repos/bigData/spark_demo_env/lib/python3.12/site-packages/airflow/example_dags/example_time_delta_sensor_async.py
[2026-07-18T21:46:34.335+0545] {processor.py:830} INFO - Processing file /home/snigdh/repos/bigData/spark_demo_env/lib/python3.12/site-packages/airflow/example_dags/example_time_delta_sensor_async.py for tasks to queue
[2026-07-18T21:46:34.336+0545] {logging_mixin.py:188} INFO - [2026-07-18T21:46:34.335+0545] {dagbag.py:545} INFO - Filling up the DagBag from /home/snigdh/repos/bigData/spark_demo_env/lib/python3.12/site-packages/airflow/example_dags/example_time_delta_sensor_async.py
[2026-07-18T21:46:34.342+0545] {processor.py:840} INFO - DAG(s) 'example_time_delta_sensor_async' retrieved from /home/snigdh/repos/bigData/spark_demo_env/lib/python3.12/site-packages/airflow/example_dags/example_time_delta_sensor_async.py
[2026-07-18T21:46:34.447+0545] {logging_mixin.py:188} INFO - [2026-07-18T21:46:34.447+0545] {dag.py:3089} INFO - Sync 1 DAGs
[2026-07-18T21:46:34.455+0545] {logging_mixin.py:188} INFO - [2026-07-18T21:46:34.455+0545] {dag.py:3947} INFO - Setting next_dagrun for example_time_delta_sensor_async to None, run_after=None
[2026-07-18T21:46:34.481+0545] {processor.py:183} INFO - Processing /home/snigdh/repos/bigData/spark_demo_env/lib/python3.12/site-packages/airflow/example_dags/example_time_delta_sensor_async.py took 0.157 seconds
[2026-07-18T21:47:35.956+0545] {processor.py:161} INFO - Started process (PID=270518) to work on /home/snigdh/repos/bigData/spark_demo_env/lib/python3.12/site-packages/airflow/example_dags/example_time_delta_sensor_async.py
[2026-07-18T21:47:35.960+0545] {processor.py:830} INFO - Processing file /home/snigdh/repos/bigData/spark_demo_env/lib/python3.12/site-packages/airflow/example_dags/example_time_delta_sensor_async.py for tasks to queue
[2026-07-18T21:47:35.962+0545] {logging_mixin.py:188} INFO - [2026-07-18T21:47:35.961+0545] {dagbag.py:545} INFO - Filling up the DagBag from /home/snigdh/repos/bigData/spark_demo_env/lib/python3.12/site-packages/airflow/example_dags/example_time_delta_sensor_async.py
[2026-07-18T21:47:35.968+0545] {processor.py:840} INFO - DAG(s) 'example_time_delta_sensor_async' retrieved from /home/snigdh/repos/bigData/spark_demo_env/lib/python3.12/site-packages/airflow/example_dags/example_time_delta_sensor_async.py
[2026-07-18T21:47:35.988+0545] {logging_mixin.py:188} INFO - [2026-07-18T21:47:35.988+0545] {dag.py:3089} INFO - Sync 1 DAGs
[2026-07-18T21:47:36.004+0545] {logging_mixin.py:188} INFO - [2026-07-18T21:47:36.004+0545] {dag.py:3947} INFO - Setting next_dagrun for example_time_delta_sensor_async to None, run_after=None
[2026-07-18T21:47:36.034+0545] {processor.py:183} INFO - Processing /home/snigdh/repos/bigData/spark_demo_env/lib/python3.12/site-packages/airflow/example_dags/example_time_delta_sensor_async.py took 0.086 seconds
[2026-07-18T21:48:25.505+0545] {processor.py:161} INFO - Started process (PID=271119) to work on /home/snigdh/repos/bigData/spark_demo_env/lib/python3.12/site-packages/airflow/example_dags/example_time_delta_sensor_async.py
[2026-07-18T21:48:25.508+0545] {processor.py:830} INFO - Processing file /home/snigdh/repos/bigData/spark_demo_env/lib/python3.12/site-packages/airflow/example_dags/example_time_delta_sensor_async.py for tasks to queue
[2026-07-18T21:48:25.509+0545] {logging_mixin.py:188} INFO - [2026-07-18T21:48:25.509+0545] {dagbag.py:545} INFO - Filling up the DagBag from /home/snigdh/repos/bigData/spark_demo_env/lib/python3.12/site-packages/airflow/example_dags/example_time_delta_sensor_async.py
[2026-07-18T21:48:25.515+0545] {processor.py:840} INFO - DAG(s) 'example_time_delta_sensor_async' retrieved from /home/snigdh/repos/bigData/spark_demo_env/lib/python3.12/site-packages/airflow/example_dags/example_time_delta_sensor_async.py
[2026-07-18T21:48:25.530+0545] {logging_mixin.py:188} INFO - [2026-07-18T21:48:25.530+0545] {dag.py:3089} INFO - Sync 1 DAGs
[2026-07-18T21:48:25.541+0545] {logging_mixin.py:188} INFO - [2026-07-18T21:48:25.541+0545] {dag.py:3947} INFO - Setting next_dagrun for example_time_delta_sensor_async to None, run_after=None
[2026-07-18T21:48:25.566+0545] {processor.py:183} INFO - Processing /home/snigdh/repos/bigData/spark_demo_env/lib/python3.12/site-packages/airflow/example_dags/example_time_delta_sensor_async.py took 0.066 seconds
[2026-07-18T21:49:21.887+0545] {processor.py:161} INFO - Started process (PID=272011) to work on /home/snigdh/repos/bigData/spark_demo_env/lib/python3.12/site-packages/airflow/example_dags/example_time_delta_sensor_async.py
[2026-07-18T21:49:21.890+0545] {processor.py:830} INFO - Processing file /home/snigdh/repos/bigData/spark_demo_env/lib/python3.12/site-packages/airflow/example_dags/example_time_delta_sensor_async.py for tasks to queue
[2026-07-18T21:49:21.891+0545] {logging_mixin.py:188} INFO - [2026-07-18T21:49:21.891+0545] {dagbag.py:545} INFO - Filling up the DagBag from /home/snigdh/repos/bigData/spark_demo_env/lib/python3.12/site-packages/airflow/example_dags/example_time_delta_sensor_async.py
[2026-07-18T21:49:21.898+0545] {processor.py:840} INFO - DAG(s) 'example_time_delta_sensor_async' retrieved from /home/snigdh/repos/bigData/spark_demo_env/lib/python3.12/site-packages/airflow/example_dags/example_time_delta_sensor_async.py
[2026-07-18T21:49:21.920+0545] {logging_mixin.py:188} INFO - [2026-07-18T21:49:21.919+0545] {dag.py:3089} INFO - Sync 1 DAGs
[2026-07-18T21:49:21.935+0545] {logging_mixin.py:188} INFO - [2026-07-18T21:49:21.935+0545] {dag.py:3947} INFO - Setting next_dagrun for example_time_delta_sensor_async to None, run_after=None
[2026-07-18T21:49:22.110+0545] {processor.py:183} INFO - Processing /home/snigdh/repos/bigData/spark_demo_env/lib/python3.12/site-packages/airflow/example_dags/example_time_delta_sensor_async.py took 0.230 seconds
[2026-07-18T21:50:14.862+0545] {processor.py:161} INFO - Started process (PID=272661) to work on /home/snigdh/repos/bigData/spark_demo_env/lib/python3.12/site-packages/airflow/example_dags/example_time_delta_sensor_async.py
[2026-07-18T21:50:14.865+0545] {processor.py:830} INFO - Processing file /home/snigdh/repos/bigData/spark_demo_env/lib/python3.12/site-packages/airflow/example_dags/example_time_delta_sensor_async.py for tasks to queue
[2026-07-18T21:50:14.866+0545] {logging_mixin.py:188} INFO - [2026-07-18T21:50:14.866+0545] {dagbag.py:545} INFO - Filling up the DagBag from /home/snigdh/repos/bigData/spark_demo_env/lib/python3.12/site-packages/airflow/example_dags/example_time_delta_sensor_async.py
[2026-07-18T21:50:14.870+0545] {processor.py:840} INFO - DAG(s) 'example_time_delta_sensor_async' retrieved from /home/snigdh/repos/bigData/spark_demo_env/lib/python3.12/site-packages/airflow/example_dags/example_time_delta_sensor_async.py
[2026-07-18T21:50:14.885+0545] {logging_mixin.py:188} INFO - [2026-07-18T21:50:14.884+0545] {dag.py:3089} INFO - Sync 1 DAGs
[2026-07-18T21:50:14.895+0545] {logging_mixin.py:188} INFO - [2026-07-18T21:50:14.895+0545] {dag.py:3947} INFO - Setting next_dagrun for example_time_delta_sensor_async to None, run_after=None
[2026-07-18T21:50:14.916+0545] {processor.py:183} INFO - Processing /home/snigdh/repos/bigData/spark_demo_env/lib/python3.12/site-packages/airflow/example_dags/example_time_delta_sensor_async.py took 0.060 seconds
[2026-07-18T21:50:58.607+0545] {processor.py:161} INFO - Started process (PID=273280) to work on /home/snigdh/repos/bigData/spark_demo_env/lib/python3.12/site-packages/airflow/example_dags/example_time_delta_sensor_async.py
[2026-07-18T21:50:58.610+0545] {processor.py:830} INFO - Processing file /home/snigdh/repos/bigData/spark_demo_env/lib/python3.12/site-packages/airflow/example_dags/example_time_delta_sensor_async.py for tasks to queue
[2026-07-18T21:50:58.611+0545] {logging_mixin.py:188} INFO - [2026-07-18T21:50:58.611+0545] {dagbag.py:545} INFO - Filling up the DagBag from /home/snigdh/repos/bigData/spark_demo_env/lib/python3.12/site-packages/airflow/example_dags/example_time_delta_sensor_async.py
[2026-07-18T21:50:58.615+0545] {processor.py:840} INFO - DAG(s) 'example_time_delta_sensor_async' retrieved from /home/snigdh/repos/bigData/spark_demo_env/lib/python3.12/site-packages/airflow/example_dags/example_time_delta_sensor_async.py
[2026-07-18T21:50:58.631+0545] {logging_mixin.py:188} INFO - [2026-07-18T21:50:58.630+0545] {dag.py:3089} INFO - Sync 1 DAGs
[2026-07-18T21:50:58.642+0545] {logging_mixin.py:188} INFO - [2026-07-18T21:50:58.642+0545] {dag.py:3947} INFO - Setting next_dagrun for example_time_delta_sensor_async to None, run_after=None
[2026-07-18T21:50:58.666+0545] {processor.py:183} INFO - Processing /home/snigdh/repos/bigData/spark_demo_env/lib/python3.12/site-packages/airflow/example_dags/example_time_delta_sensor_async.py took 0.064 seconds
[2026-07-18T21:51:45.137+0545] {processor.py:161} INFO - Started process (PID=273906) to work on /home/snigdh/repos/bigData/spark_demo_env/lib/python3.12/site-packages/airflow/example_dags/example_time_delta_sensor_async.py
[2026-07-18T21:51:45.141+0545] {processor.py:830} INFO - Processing file /home/snigdh/repos/bigData/spark_demo_env/lib/python3.12/site-packages/airflow/example_dags/example_time_delta_sensor_async.py for tasks to queue
[2026-07-18T21:51:45.142+0545] {logging_mixin.py:188} INFO - [2026-07-18T21:51:45.142+0545] {dagbag.py:545} INFO - Filling up the DagBag from /home/snigdh/repos/bigData/spark_demo_env/lib/python3.12/site-packages/airflow/example_dags/example_time_delta_sensor_async.py
[2026-07-18T21:51:45.148+0545] {processor.py:840} INFO - DAG(s) 'example_time_delta_sensor_async' retrieved from /home/snigdh/repos/bigData/spark_demo_env/lib/python3.12/site-packages/airflow/example_dags/example_time_delta_sensor_async.py
[2026-07-18T21:51:45.168+0545] {logging_mixin.py:188} INFO - [2026-07-18T21:51:45.167+0545] {dag.py:3089} INFO - Sync 1 DAGs
[2026-07-18T21:51:45.180+0545] {logging_mixin.py:188} INFO - [2026-07-18T21:51:45.179+0545] {dag.py:3947} INFO - Setting next_dagrun for example_time_delta_sensor_async to None, run_after=None
[2026-07-18T21:51:45.202+0545] {processor.py:183} INFO - Processing /home/snigdh/repos/bigData/spark_demo_env/lib/python3.12/site-packages/airflow/example_dags/example_time_delta_sensor_async.py took 0.074 seconds
[2026-07-18T21:52:31.394+0545] {processor.py:161} INFO - Started process (PID=274516) to work on /home/snigdh/repos/bigData/spark_demo_env/lib/python3.12/site-packages/airflow/example_dags/example_time_delta_sensor_async.py
[2026-07-18T21:52:31.397+0545] {processor.py:830} INFO - Processing file /home/snigdh/repos/bigData/spark_demo_env/lib/python3.12/site-packages/airflow/example_dags/example_time_delta_sensor_async.py for tasks to queue
[2026-07-18T21:52:31.398+0545] {logging_mixin.py:188} INFO - [2026-07-18T21:52:31.398+0545] {dagbag.py:545} INFO - Filling up the DagBag from /home/snigdh/repos/bigData/spark_demo_env/lib/python3.12/site-packages/airflow/example_dags/example_time_delta_sensor_async.py
[2026-07-18T21:52:31.402+0545] {processor.py:840} INFO - DAG(s) 'example_time_delta_sensor_async' retrieved from /home/snigdh/repos/bigData/spark_demo_env/lib/python3.12/site-packages/airflow/example_dags/example_time_delta_sensor_async.py
[2026-07-18T21:52:31.422+0545] {logging_mixin.py:188} INFO - [2026-07-18T21:52:31.422+0545] {dag.py:3089} INFO - Sync 1 DAGs
[2026-07-18T21:52:31.435+0545] {logging_mixin.py:188} INFO - [2026-07-18T21:52:31.435+0545] {dag.py:3947} INFO - Setting next_dagrun for example_time_delta_sensor_async to None, run_after=None
[2026-07-18T21:52:31.462+0545] {processor.py:183} INFO - Processing /home/snigdh/repos/bigData/spark_demo_env/lib/python3.12/site-packages/airflow/example_dags/example_time_delta_sensor_async.py took 0.073 seconds
[2026-07-18T21:53:16.301+0545] {processor.py:161} INFO - Started process (PID=275109) to work on /home/snigdh/repos/bigData/spark_demo_env/lib/python3.12/site-packages/airflow/example_dags/example_time_delta_sensor_async.py
[2026-07-18T21:53:16.303+0545] {processor.py:830} INFO - Processing file /home/snigdh/repos/bigData/spark_demo_env/lib/python3.12/site-packages/airflow/example_dags/example_time_delta_sensor_async.py for tasks to queue
[2026-07-18T21:53:16.304+0545] {logging_mixin.py:188} INFO - [2026-07-18T21:53:16.304+0545] {dagbag.py:545} INFO - Filling up the DagBag from /home/snigdh/repos/bigData/spark_demo_env/lib/python3.12/site-packages/airflow/example_dags/example_time_delta_sensor_async.py
[2026-07-18T21:53:16.309+0545] {processor.py:840} INFO - DAG(s) 'example_time_delta_sensor_async' retrieved from /home/snigdh/repos/bigData/spark_demo_env/lib/python3.12/site-packages/airflow/example_dags/example_time_delta_sensor_async.py
[2026-07-18T21:53:16.329+0545] {logging_mixin.py:188} INFO - [2026-07-18T21:53:16.328+0545] {dag.py:3089} INFO - Sync 1 DAGs
[2026-07-18T21:53:16.343+0545] {logging_mixin.py:188} INFO - [2026-07-18T21:53:16.342+0545] {dag.py:3947} INFO - Setting next_dagrun for example_time_delta_sensor_async to None, run_after=None
[2026-07-18T21:53:16.370+0545] {processor.py:183} INFO - Processing /home/snigdh/repos/bigData/spark_demo_env/lib/python3.12/site-packages/airflow/example_dags/example_time_delta_sensor_async.py took 0.074 seconds
[2026-07-18T21:54:06.405+0545] {processor.py:161} INFO - Started process (PID=275987) to work on /home/snigdh/repos/bigData/spark_demo_env/lib/python3.12/site-packages/airflow/example_dags/example_time_delta_sensor_async.py
[2026-07-18T21:54:06.409+0545] {processor.py:830} INFO - Processing file /home/snigdh/repos/bigData/spark_demo_env/lib/python3.12/site-packages/airflow/example_dags/example_time_delta_sensor_async.py for tasks to queue
[2026-07-18T21:54:06.410+0545] {logging_mixin.py:188} INFO - [2026-07-18T21:54:06.410+0545] {dagbag.py:545} INFO - Filling up the DagBag from /home/snigdh/repos/bigData/spark_demo_env/lib/python3.12/site-packages/airflow/example_dags/example_time_delta_sensor_async.py
[2026-07-18T21:54:06.417+0545] {processor.py:840} INFO - DAG(s) 'example_time_delta_sensor_async' retrieved from /home/snigdh/repos/bigData/spark_demo_env/lib/python3.12/site-packages/airflow/example_dags/example_time_delta_sensor_async.py
[2026-07-18T21:54:06.440+0545] {logging_mixin.py:188} INFO - [2026-07-18T21:54:06.440+0545] {dag.py:3089} INFO - Sync 1 DAGs
[2026-07-18T21:54:06.453+0545] {logging_mixin.py:188} INFO - [2026-07-18T21:54:06.453+0545] {dag.py:3947} INFO - Setting next_dagrun for example_time_delta_sensor_async to None, run_after=None
[2026-07-18T21:54:06.478+0545] {processor.py:183} INFO - Processing /home/snigdh/repos/bigData/spark_demo_env/lib/python3.12/site-packages/airflow/example_dags/example_time_delta_sensor_async.py took 0.082 seconds
[2026-07-18T21:54:53.833+0545] {processor.py:161} INFO - Started process (PID=276597) to work on /home/snigdh/repos/bigData/spark_demo_env/lib/python3.12/site-packages/airflow/example_dags/example_time_delta_sensor_async.py
[2026-07-18T21:54:53.835+0545] {processor.py:830} INFO - Processing file /home/snigdh/repos/bigData/spark_demo_env/lib/python3.12/site-packages/airflow/example_dags/example_time_delta_sensor_async.py for tasks to queue
[2026-07-18T21:54:53.836+0545] {logging_mixin.py:188} INFO - [2026-07-18T21:54:53.836+0545] {dagbag.py:545} INFO - Filling up the DagBag from /home/snigdh/repos/bigData/spark_demo_env/lib/python3.12/site-packages/airflow/example_dags/example_time_delta_sensor_async.py
[2026-07-18T21:54:53.843+0545] {processor.py:840} INFO - DAG(s) 'example_time_delta_sensor_async' retrieved from /home/snigdh/repos/bigData/spark_demo_env/lib/python3.12/site-packages/airflow/example_dags/example_time_delta_sensor_async.py
[2026-07-18T21:54:53.869+0545] {logging_mixin.py:188} INFO - [2026-07-18T21:54:53.868+0545] {dag.py:3089} INFO - Sync 1 DAGs
[2026-07-18T21:54:53.881+0545] {logging_mixin.py:188} INFO - [2026-07-18T21:54:53.881+0545] {dag.py:3947} INFO - Setting next_dagrun for example_time_delta_sensor_async to None, run_after=None
[2026-07-18T21:54:53.905+0545] {processor.py:183} INFO - Processing /home/snigdh/repos/bigData/spark_demo_env/lib/python3.12/site-packages/airflow/example_dags/example_time_delta_sensor_async.py took 0.080 seconds
[2026-07-18T21:55:38.654+0545] {processor.py:161} INFO - Started process (PID=277061) to work on /home/snigdh/repos/bigData/spark_demo_env/lib/python3.12/site-packages/airflow/example_dags/example_time_delta_sensor_async.py
[2026-07-18T21:55:38.656+0545] {processor.py:830} INFO - Processing file /home/snigdh/repos/bigData/spark_demo_env/lib/python3.12/site-packages/airflow/example_dags/example_time_delta_sensor_async.py for tasks to queue
[2026-07-18T21:55:38.657+0545] {logging_mixin.py:188} INFO - [2026-07-18T21:55:38.656+0545] {dagbag.py:545} INFO - Filling up the DagBag from /home/snigdh/repos/bigData/spark_demo_env/lib/python3.12/site-packages/airflow/example_dags/example_time_delta_sensor_async.py
[2026-07-18T21:55:38.663+0545] {processor.py:840} INFO - DAG(s) 'example_time_delta_sensor_async' retrieved from /home/snigdh/repos/bigData/spark_demo_env/lib/python3.12/site-packages/airflow/example_dags/example_time_delta_sensor_async.py
[2026-07-18T21:55:38.688+0545] {logging_mixin.py:188} INFO - [2026-07-18T21:55:38.687+0545] {dag.py:3089} INFO - Sync 1 DAGs
[2026-07-18T21:55:38.701+0545] {logging_mixin.py:188} INFO - [2026-07-18T21:55:38.701+0545] {dag.py:3947} INFO - Setting next_dagrun for example_time_delta_sensor_async to None, run_after=None
[2026-07-18T21:55:38.724+0545] {processor.py:183} INFO - Processing /home/snigdh/repos/bigData/spark_demo_env/lib/python3.12/site-packages/airflow/example_dags/example_time_delta_sensor_async.py took 0.077 seconds
[2026-07-18T21:56:23.639+0545] {processor.py:161} INFO - Started process (PID=277461) to work on /home/snigdh/repos/bigData/spark_demo_env/lib/python3.12/site-packages/airflow/example_dags/example_time_delta_sensor_async.py
[2026-07-18T21:56:23.643+0545] {processor.py:830} INFO - Processing file /home/snigdh/repos/bigData/spark_demo_env/lib/python3.12/site-packages/airflow/example_dags/example_time_delta_sensor_async.py for tasks to queue
[2026-07-18T21:56:23.645+0545] {logging_mixin.py:188} INFO - [2026-07-18T21:56:23.644+0545] {dagbag.py:545} INFO - Filling up the DagBag from /home/snigdh/repos/bigData/spark_demo_env/lib/python3.12/site-packages/airflow/example_dags/example_time_delta_sensor_async.py
[2026-07-18T21:56:23.652+0545] {processor.py:840} INFO - DAG(s) 'example_time_delta_sensor_async' retrieved from /home/snigdh/repos/bigData/spark_demo_env/lib/python3.12/site-packages/airflow/example_dags/example_time_delta_sensor_async.py
[2026-07-18T21:56:23.677+0545] {logging_mixin.py:188} INFO - [2026-07-18T21:56:23.677+0545] {dag.py:3089} INFO - Sync 1 DAGs
[2026-07-18T21:56:23.691+0545] {logging_mixin.py:188} INFO - [2026-07-18T21:56:23.691+0545] {dag.py:3947} INFO - Setting next_dagrun for example_time_delta_sensor_async to None, run_after=None
[2026-07-18T21:56:23.932+0545] {processor.py:183} INFO - Processing /home/snigdh/repos/bigData/spark_demo_env/lib/python3.12/site-packages/airflow/example_dags/example_time_delta_sensor_async.py took 0.302 seconds
[2026-07-18T21:57:06.628+0545] {processor.py:161} INFO - Started process (PID=277901) to work on /home/snigdh/repos/bigData/spark_demo_env/lib/python3.12/site-packages/airflow/example_dags/example_time_delta_sensor_async.py
[2026-07-18T21:57:06.632+0545] {processor.py:830} INFO - Processing file /home/snigdh/repos/bigData/spark_demo_env/lib/python3.12/site-packages/airflow/example_dags/example_time_delta_sensor_async.py for tasks to queue
[2026-07-18T21:57:06.634+0545] {logging_mixin.py:188} INFO - [2026-07-18T21:57:06.633+0545] {dagbag.py:545} INFO - Filling up the DagBag from /home/snigdh/repos/bigData/spark_demo_env/lib/python3.12/site-packages/airflow/example_dags/example_time_delta_sensor_async.py
[2026-07-18T21:57:06.640+0545] {processor.py:840} INFO - DAG(s) 'example_time_delta_sensor_async' retrieved from /home/snigdh/repos/bigData/spark_demo_env/lib/python3.12/site-packages/airflow/example_dags/example_time_delta_sensor_async.py
[2026-07-18T21:57:06.661+0545] {logging_mixin.py:188} INFO - [2026-07-18T21:57:06.661+0545] {dag.py:3089} INFO - Sync 1 DAGs
[2026-07-18T21:57:06.675+0545] {logging_mixin.py:188} INFO - [2026-07-18T21:57:06.674+0545] {dag.py:3947} INFO - Setting next_dagrun for example_time_delta_sensor_async to None, run_after=None
[2026-07-18T21:57:06.704+0545] {processor.py:183} INFO - Processing /home/snigdh/repos/bigData/spark_demo_env/lib/python3.12/site-packages/airflow/example_dags/example_time_delta_sensor_async.py took 0.083 seconds
[2026-07-18T21:57:53.812+0545] {processor.py:161} INFO - Started process (PID=278327) to work on /home/snigdh/repos/bigData/spark_demo_env/lib/python3.12/site-packages/airflow/example_dags/example_time_delta_sensor_async.py
[2026-07-18T21:57:53.816+0545] {processor.py:830} INFO - Processing file /home/snigdh/repos/bigData/spark_demo_env/lib/python3.12/site-packages/airflow/example_dags/example_time_delta_sensor_async.py for tasks to queue
[2026-07-18T21:57:53.818+0545] {logging_mixin.py:188} INFO - [2026-07-18T21:57:53.817+0545] {dagbag.py:545} INFO - Filling up the DagBag from /home/snigdh/repos/bigData/spark_demo_env/lib/python3.12/site-packages/airflow/example_dags/example_time_delta_sensor_async.py
[2026-07-18T21:57:53.825+0545] {processor.py:840} INFO - DAG(s) 'example_time_delta_sensor_async' retrieved from /home/snigdh/repos/bigData/spark_demo_env/lib/python3.12/site-packages/airflow/example_dags/example_time_delta_sensor_async.py
[2026-07-18T21:57:53.851+0545] {logging_mixin.py:188} INFO - [2026-07-18T21:57:53.850+0545] {dag.py:3089} INFO - Sync 1 DAGs
[2026-07-18T21:57:53.865+0545] {logging_mixin.py:188} INFO - [2026-07-18T21:57:53.865+0545] {dag.py:3947} INFO - Setting next_dagrun for example_time_delta_sensor_async to None, run_after=None
[2026-07-18T21:57:53.891+0545] {processor.py:183} INFO - Processing /home/snigdh/repos/bigData/spark_demo_env/lib/python3.12/site-packages/airflow/example_dags/example_time_delta_sensor_async.py took 0.087 seconds
[2026-07-18T21:58:38.189+0545] {processor.py:161} INFO - Started process (PID=278775) to work on /home/snigdh/repos/bigData/spark_demo_env/lib/python3.12/site-packages/airflow/example_dags/example_time_delta_sensor_async.py
[2026-07-18T21:58:38.192+0545] {processor.py:830} INFO - Processing file /home/snigdh/repos/bigData/spark_demo_env/lib/python3.12/site-packages/airflow/example_dags/example_time_delta_sensor_async.py for tasks to queue
[2026-07-18T21:58:38.194+0545] {logging_mixin.py:188} INFO - [2026-07-18T21:58:38.193+0545] {dagbag.py:545} INFO - Filling up the DagBag from /home/snigdh/repos/bigData/spark_demo_env/lib/python3.12/site-packages/airflow/example_dags/example_time_delta_sensor_async.py
[2026-07-18T21:58:38.200+0545] {processor.py:840} INFO - DAG(s) 'example_time_delta_sensor_async' retrieved from /home/snigdh/repos/bigData/spark_demo_env/lib/python3.12/site-packages/airflow/example_dags/example_time_delta_sensor_async.py
[2026-07-18T21:58:38.223+0545] {logging_mixin.py:188} INFO - [2026-07-18T21:58:38.223+0545] {dag.py:3089} INFO - Sync 1 DAGs
[2026-07-18T21:58:38.236+0545] {logging_mixin.py:188} INFO - [2026-07-18T21:58:38.235+0545] {dag.py:3947} INFO - Setting next_dagrun for example_time_delta_sensor_async to None, run_after=None
[2026-07-18T21:58:38.263+0545] {processor.py:183} INFO - Processing /home/snigdh/repos/bigData/spark_demo_env/lib/python3.12/site-packages/airflow/example_dags/example_time_delta_sensor_async.py took 0.082 seconds
[2026-07-18T21:59:23.803+0545] {processor.py:161} INFO - Started process (PID=279189) to work on /home/snigdh/repos/bigData/spark_demo_env/lib/python3.12/site-packages/airflow/example_dags/example_time_delta_sensor_async.py
[2026-07-18T21:59:23.808+0545] {processor.py:830} INFO - Processing file /home/snigdh/repos/bigData/spark_demo_env/lib/python3.12/site-packages/airflow/example_dags/example_time_delta_sensor_async.py for tasks to queue
[2026-07-18T21:59:23.809+0545] {logging_mixin.py:188} INFO - [2026-07-18T21:59:23.809+0545] {dagbag.py:545} INFO - Filling up the DagBag from /home/snigdh/repos/bigData/spark_demo_env/lib/python3.12/site-packages/airflow/example_dags/example_time_delta_sensor_async.py
[2026-07-18T21:59:23.817+0545] {processor.py:840} INFO - DAG(s) 'example_time_delta_sensor_async' retrieved from /home/snigdh/repos/bigData/spark_demo_env/lib/python3.12/site-packages/airflow/example_dags/example_time_delta_sensor_async.py
[2026-07-18T21:59:23.841+0545] {logging_mixin.py:188} INFO - [2026-07-18T21:59:23.841+0545] {dag.py:3089} INFO - Sync 1 DAGs
[2026-07-18T21:59:23.856+0545] {logging_mixin.py:188} INFO - [2026-07-18T21:59:23.855+0545] {dag.py:3947} INFO - Setting next_dagrun for example_time_delta_sensor_async to None, run_after=None
[2026-07-18T21:59:23.878+0545] {processor.py:183} INFO - Processing /home/snigdh/repos/bigData/spark_demo_env/lib/python3.12/site-packages/airflow/example_dags/example_time_delta_sensor_async.py took 0.085 seconds
[2026-07-18T22:00:11.052+0545] {processor.py:161} INFO - Started process (PID=279642) to work on /home/snigdh/repos/bigData/spark_demo_env/lib/python3.12/site-packages/airflow/example_dags/example_time_delta_sensor_async.py
[2026-07-18T22:00:11.056+0545] {processor.py:830} INFO - Processing file /home/snigdh/repos/bigData/spark_demo_env/lib/python3.12/site-packages/airflow/example_dags/example_time_delta_sensor_async.py for tasks to queue
[2026-07-18T22:00:11.057+0545] {logging_mixin.py:188} INFO - [2026-07-18T22:00:11.057+0545] {dagbag.py:545} INFO - Filling up the DagBag from /home/snigdh/repos/bigData/spark_demo_env/lib/python3.12/site-packages/airflow/example_dags/example_time_delta_sensor_async.py
[2026-07-18T22:00:11.063+0545] {processor.py:840} INFO - DAG(s) 'example_time_delta_sensor_async' retrieved from /home/snigdh/repos/bigData/spark_demo_env/lib/python3.12/site-packages/airflow/example_dags/example_time_delta_sensor_async.py
[2026-07-18T22:00:11.085+0545] {logging_mixin.py:188} INFO - [2026-07-18T22:00:11.085+0545] {dag.py:3089} INFO - Sync 1 DAGs
[2026-07-18T22:00:11.099+0545] {logging_mixin.py:188} INFO - [2026-07-18T22:00:11.099+0545] {dag.py:3947} INFO - Setting next_dagrun for example_time_delta_sensor_async to None, run_after=None
[2026-07-18T22:00:11.122+0545] {processor.py:183} INFO - Processing /home/snigdh/repos/bigData/spark_demo_env/lib/python3.12/site-packages/airflow/example_dags/example_time_delta_sensor_async.py took 0.077 seconds
[2026-07-18T22:00:57.884+0545] {processor.py:161} INFO - Started process (PID=280041) to work on /home/snigdh/repos/bigData/spark_demo_env/lib/python3.12/site-packages/airflow/example_dags/example_time_delta_sensor_async.py
[2026-07-18T22:00:57.888+0545] {processor.py:830} INFO - Processing file /home/snigdh/repos/bigData/spark_demo_env/lib/python3.12/site-packages/airflow/example_dags/example_time_delta_sensor_async.py for tasks to queue
[2026-07-18T22:00:57.889+0545] {logging_mixin.py:188} INFO - [2026-07-18T22:00:57.889+0545] {dagbag.py:545} INFO - Filling up the DagBag from /home/snigdh/repos/bigData/spark_demo_env/lib/python3.12/site-packages/airflow/example_dags/example_time_delta_sensor_async.py
[2026-07-18T22:00:57.896+0545] {processor.py:840} INFO - DAG(s) 'example_time_delta_sensor_async' retrieved from /home/snigdh/repos/bigData/spark_demo_env/lib/python3.12/site-packages/airflow/example_dags/example_time_delta_sensor_async.py
[2026-07-18T22:00:57.923+0545] {logging_mixin.py:188} INFO - [2026-07-18T22:00:57.923+0545] {dag.py:3089} INFO - Sync 1 DAGs
[2026-07-18T22:00:57.938+0545] {logging_mixin.py:188} INFO - [2026-07-18T22:00:57.938+0545] {dag.py:3947} INFO - Setting next_dagrun for example_time_delta_sensor_async to None, run_after=None
[2026-07-18T22:00:57.967+0545] {processor.py:183} INFO - Processing /home/snigdh/repos/bigData/spark_demo_env/lib/python3.12/site-packages/airflow/example_dags/example_time_delta_sensor_async.py took 0.092 seconds
[2026-07-18T22:01:42.743+0545] {processor.py:161} INFO - Started process (PID=280492) to work on /home/snigdh/repos/bigData/spark_demo_env/lib/python3.12/site-packages/airflow/example_dags/example_time_delta_sensor_async.py
[2026-07-18T22:01:42.745+0545] {processor.py:830} INFO - Processing file /home/snigdh/repos/bigData/spark_demo_env/lib/python3.12/site-packages/airflow/example_dags/example_time_delta_sensor_async.py for tasks to queue
[2026-07-18T22:01:42.746+0545] {logging_mixin.py:188} INFO - [2026-07-18T22:01:42.745+0545] {dagbag.py:545} INFO - Filling up the DagBag from /home/snigdh/repos/bigData/spark_demo_env/lib/python3.12/site-packages/airflow/example_dags/example_time_delta_sensor_async.py
[2026-07-18T22:01:42.752+0545] {processor.py:840} INFO - DAG(s) 'example_time_delta_sensor_async' retrieved from /home/snigdh/repos/bigData/spark_demo_env/lib/python3.12/site-packages/airflow/example_dags/example_time_delta_sensor_async.py
[2026-07-18T22:01:42.772+0545] {logging_mixin.py:188} INFO - [2026-07-18T22:01:42.772+0545] {dag.py:3089} INFO - Sync 1 DAGs
[2026-07-18T22:01:42.785+0545] {logging_mixin.py:188} INFO - [2026-07-18T22:01:42.785+0545] {dag.py:3947} INFO - Setting next_dagrun for example_time_delta_sensor_async to None, run_after=None
[2026-07-18T22:01:42.806+0545] {processor.py:183} INFO - Processing /home/snigdh/repos/bigData/spark_demo_env/lib/python3.12/site-packages/airflow/example_dags/example_time_delta_sensor_async.py took 0.070 seconds
[2026-07-18T22:02:27.030+0545] {processor.py:161} INFO - Started process (PID=280886) to work on /home/snigdh/repos/bigData/spark_demo_env/lib/python3.12/site-packages/airflow/example_dags/example_time_delta_sensor_async.py
[2026-07-18T22:02:27.034+0545] {processor.py:830} INFO - Processing file /home/snigdh/repos/bigData/spark_demo_env/lib/python3.12/site-packages/airflow/example_dags/example_time_delta_sensor_async.py for tasks to queue
[2026-07-18T22:02:27.035+0545] {logging_mixin.py:188} INFO - [2026-07-18T22:02:27.034+0545] {dagbag.py:545} INFO - Filling up the DagBag from /home/snigdh/repos/bigData/spark_demo_env/lib/python3.12/site-packages/airflow/example_dags/example_time_delta_sensor_async.py
[2026-07-18T22:02:27.040+0545] {processor.py:840} INFO - DAG(s) 'example_time_delta_sensor_async' retrieved from /home/snigdh/repos/bigData/spark_demo_env/lib/python3.12/site-packages/airflow/example_dags/example_time_delta_sensor_async.py
[2026-07-18T22:02:27.057+0545] {logging_mixin.py:188} INFO - [2026-07-18T22:02:27.057+0545] {dag.py:3089} INFO - Sync 1 DAGs
[2026-07-18T22:02:27.067+0545] {logging_mixin.py:188} INFO - [2026-07-18T22:02:27.067+0545] {dag.py:3947} INFO - Setting next_dagrun for example_time_delta_sensor_async to None, run_after=None
[2026-07-18T22:02:27.092+0545] {processor.py:183} INFO - Processing /home/snigdh/repos/bigData/spark_demo_env/lib/python3.12/site-packages/airflow/example_dags/example_time_delta_sensor_async.py took 0.067 seconds
