[2026-07-18T21:38:24.750+0545] {processor.py:161} INFO - Started process (PID=262434) to work on /home/snigdh/repos/bigData/spark_demo_env/lib/python3.12/site-packages/airflow/example_dags/example_task_group_decorator.py
[2026-07-18T21:38:24.751+0545] {processor.py:830} INFO - Processing file /home/snigdh/repos/bigData/spark_demo_env/lib/python3.12/site-packages/airflow/example_dags/example_task_group_decorator.py for tasks to queue
[2026-07-18T21:38:24.754+0545] {logging_mixin.py:188} INFO - [2026-07-18T21:38:24.753+0545] {dagbag.py:545} INFO - Filling up the DagBag from /home/snigdh/repos/bigData/spark_demo_env/lib/python3.12/site-packages/airflow/example_dags/example_task_group_decorator.py
[2026-07-18T21:38:24.774+0545] {processor.py:840} INFO - DAG(s) 'example_task_group_decorator' retrieved from /home/snigdh/repos/bigData/spark_demo_env/lib/python3.12/site-packages/airflow/example_dags/example_task_group_decorator.py
[2026-07-18T21:38:24.884+0545] {logging_mixin.py:188} INFO - [2026-07-18T21:38:24.883+0545] {override.py:1858} INFO - Created Permission View: can delete on DAG:example_task_group_decorator
[2026-07-18T21:38:24.898+0545] {logging_mixin.py:188} INFO - [2026-07-18T21:38:24.897+0545] {override.py:1858} INFO - Created Permission View: can read on DAG:example_task_group_decorator
[2026-07-18T21:38:24.908+0545] {logging_mixin.py:188} INFO - [2026-07-18T21:38:24.908+0545] {override.py:1858} INFO - Created Permission View: can edit on DAG:example_task_group_decorator
[2026-07-18T21:38:24.909+0545] {logging_mixin.py:188} INFO - [2026-07-18T21:38:24.909+0545] {dag.py:3089} INFO - Sync 1 DAGs
[2026-07-18T21:38:24.923+0545] {logging_mixin.py:188} INFO - [2026-07-18T21:38:24.922+0545] {dag.py:3111} INFO - Creating ORM DAG for example_task_group_decorator
[2026-07-18T21:38:24.935+0545] {logging_mixin.py:188} INFO - [2026-07-18T21:38:24.934+0545] {dag.py:3947} INFO - Setting next_dagrun for example_task_group_decorator to 2026-07-17 00:00:00+00:00, run_after=2026-07-18 00:00:00+00:00
[2026-07-18T21:38:24.962+0545] {processor.py:183} INFO - Processing /home/snigdh/repos/bigData/spark_demo_env/lib/python3.12/site-packages/airflow/example_dags/example_task_group_decorator.py took 0.219 seconds
[2026-07-18T21:39:24.635+0545] {processor.py:161} INFO - Started process (PID=262749) to work on /home/snigdh/repos/bigData/spark_demo_env/lib/python3.12/site-packages/airflow/example_dags/example_task_group_decorator.py
[2026-07-18T21:39:24.639+0545] {processor.py:830} INFO - Processing file /home/snigdh/repos/bigData/spark_demo_env/lib/python3.12/site-packages/airflow/example_dags/example_task_group_decorator.py for tasks to queue
[2026-07-18T21:39:24.641+0545] {logging_mixin.py:188} INFO - [2026-07-18T21:39:24.641+0545] {dagbag.py:545} INFO - Filling up the DagBag from /home/snigdh/repos/bigData/spark_demo_env/lib/python3.12/site-packages/airflow/example_dags/example_task_group_decorator.py
[2026-07-18T21:39:24.662+0545] {processor.py:840} INFO - DAG(s) 'example_task_group_decorator' retrieved from /home/snigdh/repos/bigData/spark_demo_env/lib/python3.12/site-packages/airflow/example_dags/example_task_group_decorator.py
[2026-07-18T21:39:24.693+0545] {logging_mixin.py:188} INFO - [2026-07-18T21:39:24.692+0545] {dag.py:3089} INFO - Sync 1 DAGs
[2026-07-18T21:39:24.720+0545] {logging_mixin.py:188} INFO - [2026-07-18T21:39:24.720+0545] {dag.py:3947} INFO - Setting next_dagrun for example_task_group_decorator to 2026-07-17 00:00:00+00:00, run_after=2026-07-18 00:00:00+00:00
[2026-07-18T21:39:24.755+0545] {processor.py:183} INFO - Processing /home/snigdh/repos/bigData/spark_demo_env/lib/python3.12/site-packages/airflow/example_dags/example_task_group_decorator.py took 0.127 seconds
[2026-07-18T21:40:18.249+0545] {processor.py:161} INFO - Started process (PID=263036) to work on /home/snigdh/repos/bigData/spark_demo_env/lib/python3.12/site-packages/airflow/example_dags/example_task_group_decorator.py
[2026-07-18T21:40:18.253+0545] {processor.py:830} INFO - Processing file /home/snigdh/repos/bigData/spark_demo_env/lib/python3.12/site-packages/airflow/example_dags/example_task_group_decorator.py for tasks to queue
[2026-07-18T21:40:18.255+0545] {logging_mixin.py:188} INFO - [2026-07-18T21:40:18.254+0545] {dagbag.py:545} INFO - Filling up the DagBag from /home/snigdh/repos/bigData/spark_demo_env/lib/python3.12/site-packages/airflow/example_dags/example_task_group_decorator.py
[2026-07-18T21:40:18.275+0545] {processor.py:840} INFO - DAG(s) 'example_task_group_decorator' retrieved from /home/snigdh/repos/bigData/spark_demo_env/lib/python3.12/site-packages/airflow/example_dags/example_task_group_decorator.py
[2026-07-18T21:40:18.286+0545] {logging_mixin.py:188} INFO - [2026-07-18T21:40:18.286+0545] {dag.py:3089} INFO - Sync 1 DAGs
[2026-07-18T21:40:18.308+0545] {logging_mixin.py:188} INFO - [2026-07-18T21:40:18.308+0545] {dag.py:3947} INFO - Setting next_dagrun for example_task_group_decorator to 2026-07-17 00:00:00+00:00, run_after=2026-07-18 00:00:00+00:00
[2026-07-18T21:40:18.338+0545] {processor.py:183} INFO - Processing /home/snigdh/repos/bigData/spark_demo_env/lib/python3.12/site-packages/airflow/example_dags/example_task_group_decorator.py took 0.097 seconds
[2026-07-18T21:46:37.673+0545] {processor.py:161} INFO - Started process (PID=269873) to work on /home/snigdh/repos/bigData/spark_demo_env/lib/python3.12/site-packages/airflow/example_dags/example_task_group_decorator.py
[2026-07-18T21:46:37.678+0545] {processor.py:830} INFO - Processing file /home/snigdh/repos/bigData/spark_demo_env/lib/python3.12/site-packages/airflow/example_dags/example_task_group_decorator.py for tasks to queue
[2026-07-18T21:46:37.680+0545] {logging_mixin.py:188} INFO - [2026-07-18T21:46:37.679+0545] {dagbag.py:545} INFO - Filling up the DagBag from /home/snigdh/repos/bigData/spark_demo_env/lib/python3.12/site-packages/airflow/example_dags/example_task_group_decorator.py
[2026-07-18T21:46:37.706+0545] {processor.py:840} INFO - DAG(s) 'example_task_group_decorator' retrieved from /home/snigdh/repos/bigData/spark_demo_env/lib/python3.12/site-packages/airflow/example_dags/example_task_group_decorator.py
[2026-07-18T21:46:37.828+0545] {logging_mixin.py:188} INFO - [2026-07-18T21:46:37.828+0545] {dag.py:3089} INFO - Sync 1 DAGs
[2026-07-18T21:46:37.845+0545] {logging_mixin.py:188} INFO - [2026-07-18T21:46:37.845+0545] {dag.py:3947} INFO - Setting next_dagrun for example_task_group_decorator to 2026-07-17 00:00:00+00:00, run_after=2026-07-18 00:00:00+00:00
[2026-07-18T21:46:37.873+0545] {processor.py:183} INFO - Processing /home/snigdh/repos/bigData/spark_demo_env/lib/python3.12/site-packages/airflow/example_dags/example_task_group_decorator.py took 0.209 seconds
[2026-07-18T21:47:39.502+0545] {processor.py:161} INFO - Started process (PID=270542) to work on /home/snigdh/repos/bigData/spark_demo_env/lib/python3.12/site-packages/airflow/example_dags/example_task_group_decorator.py
[2026-07-18T21:47:39.506+0545] {processor.py:830} INFO - Processing file /home/snigdh/repos/bigData/spark_demo_env/lib/python3.12/site-packages/airflow/example_dags/example_task_group_decorator.py for tasks to queue
[2026-07-18T21:47:39.506+0545] {logging_mixin.py:188} INFO - [2026-07-18T21:47:39.506+0545] {dagbag.py:545} INFO - Filling up the DagBag from /home/snigdh/repos/bigData/spark_demo_env/lib/python3.12/site-packages/airflow/example_dags/example_task_group_decorator.py
[2026-07-18T21:47:39.518+0545] {processor.py:840} INFO - DAG(s) 'example_task_group_decorator' retrieved from /home/snigdh/repos/bigData/spark_demo_env/lib/python3.12/site-packages/airflow/example_dags/example_task_group_decorator.py
[2026-07-18T21:47:39.534+0545] {logging_mixin.py:188} INFO - [2026-07-18T21:47:39.534+0545] {dag.py:3089} INFO - Sync 1 DAGs
[2026-07-18T21:47:39.548+0545] {logging_mixin.py:188} INFO - [2026-07-18T21:47:39.548+0545] {dag.py:3947} INFO - Setting next_dagrun for example_task_group_decorator to 2026-07-17 00:00:00+00:00, run_after=2026-07-18 00:00:00+00:00
[2026-07-18T21:47:39.568+0545] {processor.py:183} INFO - Processing /home/snigdh/repos/bigData/spark_demo_env/lib/python3.12/site-packages/airflow/example_dags/example_task_group_decorator.py took 0.070 seconds
[2026-07-18T21:48:28.957+0545] {processor.py:161} INFO - Started process (PID=271377) to work on /home/snigdh/repos/bigData/spark_demo_env/lib/python3.12/site-packages/airflow/example_dags/example_task_group_decorator.py
[2026-07-18T21:48:28.959+0545] {processor.py:830} INFO - Processing file /home/snigdh/repos/bigData/spark_demo_env/lib/python3.12/site-packages/airflow/example_dags/example_task_group_decorator.py for tasks to queue
[2026-07-18T21:48:28.960+0545] {logging_mixin.py:188} INFO - [2026-07-18T21:48:28.960+0545] {dagbag.py:545} INFO - Filling up the DagBag from /home/snigdh/repos/bigData/spark_demo_env/lib/python3.12/site-packages/airflow/example_dags/example_task_group_decorator.py
[2026-07-18T21:48:28.978+0545] {processor.py:840} INFO - DAG(s) 'example_task_group_decorator' retrieved from /home/snigdh/repos/bigData/spark_demo_env/lib/python3.12/site-packages/airflow/example_dags/example_task_group_decorator.py
[2026-07-18T21:48:28.998+0545] {logging_mixin.py:188} INFO - [2026-07-18T21:48:28.997+0545] {dag.py:3089} INFO - Sync 1 DAGs
[2026-07-18T21:48:29.015+0545] {logging_mixin.py:188} INFO - [2026-07-18T21:48:29.015+0545] {dag.py:3947} INFO - Setting next_dagrun for example_task_group_decorator to 2026-07-17 00:00:00+00:00, run_after=2026-07-18 00:00:00+00:00
[2026-07-18T21:48:29.042+0545] {processor.py:183} INFO - Processing /home/snigdh/repos/bigData/spark_demo_env/lib/python3.12/site-packages/airflow/example_dags/example_task_group_decorator.py took 0.092 seconds
[2026-07-18T21:49:25.187+0545] {processor.py:161} INFO - Started process (PID=272053) to work on /home/snigdh/repos/bigData/spark_demo_env/lib/python3.12/site-packages/airflow/example_dags/example_task_group_decorator.py
[2026-07-18T21:49:25.190+0545] {processor.py:830} INFO - Processing file /home/snigdh/repos/bigData/spark_demo_env/lib/python3.12/site-packages/airflow/example_dags/example_task_group_decorator.py for tasks to queue
[2026-07-18T21:49:25.191+0545] {logging_mixin.py:188} INFO - [2026-07-18T21:49:25.191+0545] {dagbag.py:545} INFO - Filling up the DagBag from /home/snigdh/repos/bigData/spark_demo_env/lib/python3.12/site-packages/airflow/example_dags/example_task_group_decorator.py
[2026-07-18T21:49:25.207+0545] {processor.py:840} INFO - DAG(s) 'example_task_group_decorator' retrieved from /home/snigdh/repos/bigData/spark_demo_env/lib/python3.12/site-packages/airflow/example_dags/example_task_group_decorator.py
[2026-07-18T21:49:25.235+0545] {logging_mixin.py:188} INFO - [2026-07-18T21:49:25.235+0545] {dag.py:3089} INFO - Sync 1 DAGs
[2026-07-18T21:49:25.397+0545] {logging_mixin.py:188} INFO - [2026-07-18T21:49:25.396+0545] {dag.py:3947} INFO - Setting next_dagrun for example_task_group_decorator to 2026-07-17 00:00:00+00:00, run_after=2026-07-18 00:00:00+00:00
[2026-07-18T21:49:25.421+0545] {processor.py:183} INFO - Processing /home/snigdh/repos/bigData/spark_demo_env/lib/python3.12/site-packages/airflow/example_dags/example_task_group_decorator.py took 0.241 seconds
[2026-07-18T21:50:17.362+0545] {processor.py:161} INFO - Started process (PID=272690) to work on /home/snigdh/repos/bigData/spark_demo_env/lib/python3.12/site-packages/airflow/example_dags/example_task_group_decorator.py
[2026-07-18T21:50:17.366+0545] {processor.py:830} INFO - Processing file /home/snigdh/repos/bigData/spark_demo_env/lib/python3.12/site-packages/airflow/example_dags/example_task_group_decorator.py for tasks to queue
[2026-07-18T21:50:17.367+0545] {logging_mixin.py:188} INFO - [2026-07-18T21:50:17.367+0545] {dagbag.py:545} INFO - Filling up the DagBag from /home/snigdh/repos/bigData/spark_demo_env/lib/python3.12/site-packages/airflow/example_dags/example_task_group_decorator.py
[2026-07-18T21:50:17.386+0545] {processor.py:840} INFO - DAG(s) 'example_task_group_decorator' retrieved from /home/snigdh/repos/bigData/spark_demo_env/lib/python3.12/site-packages/airflow/example_dags/example_task_group_decorator.py
[2026-07-18T21:50:17.411+0545] {logging_mixin.py:188} INFO - [2026-07-18T21:50:17.411+0545] {dag.py:3089} INFO - Sync 1 DAGs
[2026-07-18T21:50:17.429+0545] {logging_mixin.py:188} INFO - [2026-07-18T21:50:17.429+0545] {dag.py:3947} INFO - Setting next_dagrun for example_task_group_decorator to 2026-07-17 00:00:00+00:00, run_after=2026-07-18 00:00:00+00:00
[2026-07-18T21:50:17.452+0545] {processor.py:183} INFO - Processing /home/snigdh/repos/bigData/spark_demo_env/lib/python3.12/site-packages/airflow/example_dags/example_task_group_decorator.py took 0.097 seconds
[2026-07-18T21:51:01.463+0545] {processor.py:161} INFO - Started process (PID=273345) to work on /home/snigdh/repos/bigData/spark_demo_env/lib/python3.12/site-packages/airflow/example_dags/example_task_group_decorator.py
[2026-07-18T21:51:01.467+0545] {processor.py:830} INFO - Processing file /home/snigdh/repos/bigData/spark_demo_env/lib/python3.12/site-packages/airflow/example_dags/example_task_group_decorator.py for tasks to queue
[2026-07-18T21:51:01.468+0545] {logging_mixin.py:188} INFO - [2026-07-18T21:51:01.468+0545] {dagbag.py:545} INFO - Filling up the DagBag from /home/snigdh/repos/bigData/spark_demo_env/lib/python3.12/site-packages/airflow/example_dags/example_task_group_decorator.py
[2026-07-18T21:51:01.485+0545] {processor.py:840} INFO - DAG(s) 'example_task_group_decorator' retrieved from /home/snigdh/repos/bigData/spark_demo_env/lib/python3.12/site-packages/airflow/example_dags/example_task_group_decorator.py
[2026-07-18T21:51:01.506+0545] {logging_mixin.py:188} INFO - [2026-07-18T21:51:01.505+0545] {dag.py:3089} INFO - Sync 1 DAGs
[2026-07-18T21:51:01.521+0545] {logging_mixin.py:188} INFO - [2026-07-18T21:51:01.521+0545] {dag.py:3947} INFO - Setting next_dagrun for example_task_group_decorator to 2026-07-17 00:00:00+00:00, run_after=2026-07-18 00:00:00+00:00
[2026-07-18T21:51:01.543+0545] {processor.py:183} INFO - Processing /home/snigdh/repos/bigData/spark_demo_env/lib/python3.12/site-packages/airflow/example_dags/example_task_group_decorator.py took 0.086 seconds
[2026-07-18T21:51:47.994+0545] {processor.py:161} INFO - Started process (PID=273946) to work on /home/snigdh/repos/bigData/spark_demo_env/lib/python3.12/site-packages/airflow/example_dags/example_task_group_decorator.py
[2026-07-18T21:51:47.998+0545] {processor.py:830} INFO - Processing file /home/snigdh/repos/bigData/spark_demo_env/lib/python3.12/site-packages/airflow/example_dags/example_task_group_decorator.py for tasks to queue
[2026-07-18T21:51:47.999+0545] {logging_mixin.py:188} INFO - [2026-07-18T21:51:47.999+0545] {dagbag.py:545} INFO - Filling up the DagBag from /home/snigdh/repos/bigData/spark_demo_env/lib/python3.12/site-packages/airflow/example_dags/example_task_group_decorator.py
[2026-07-18T21:51:48.019+0545] {processor.py:840} INFO - DAG(s) 'example_task_group_decorator' retrieved from /home/snigdh/repos/bigData/spark_demo_env/lib/python3.12/site-packages/airflow/example_dags/example_task_group_decorator.py
[2026-07-18T21:51:48.044+0545] {logging_mixin.py:188} INFO - [2026-07-18T21:51:48.044+0545] {dag.py:3089} INFO - Sync 1 DAGs
[2026-07-18T21:51:48.063+0545] {logging_mixin.py:188} INFO - [2026-07-18T21:51:48.063+0545] {dag.py:3947} INFO - Setting next_dagrun for example_task_group_decorator to 2026-07-17 00:00:00+00:00, run_after=2026-07-18 00:00:00+00:00
[2026-07-18T21:51:48.086+0545] {processor.py:183} INFO - Processing /home/snigdh/repos/bigData/spark_demo_env/lib/python3.12/site-packages/airflow/example_dags/example_task_group_decorator.py took 0.100 seconds
[2026-07-18T21:52:34.594+0545] {processor.py:161} INFO - Started process (PID=274560) to work on /home/snigdh/repos/bigData/spark_demo_env/lib/python3.12/site-packages/airflow/example_dags/example_task_group_decorator.py
[2026-07-18T21:52:34.598+0545] {processor.py:830} INFO - Processing file /home/snigdh/repos/bigData/spark_demo_env/lib/python3.12/site-packages/airflow/example_dags/example_task_group_decorator.py for tasks to queue
[2026-07-18T21:52:34.599+0545] {logging_mixin.py:188} INFO - [2026-07-18T21:52:34.598+0545] {dagbag.py:545} INFO - Filling up the DagBag from /home/snigdh/repos/bigData/spark_demo_env/lib/python3.12/site-packages/airflow/example_dags/example_task_group_decorator.py
[2026-07-18T21:52:34.623+0545] {processor.py:840} INFO - DAG(s) 'example_task_group_decorator' retrieved from /home/snigdh/repos/bigData/spark_demo_env/lib/python3.12/site-packages/airflow/example_dags/example_task_group_decorator.py
[2026-07-18T21:52:34.651+0545] {logging_mixin.py:188} INFO - [2026-07-18T21:52:34.650+0545] {dag.py:3089} INFO - Sync 1 DAGs
[2026-07-18T21:52:34.676+0545] {logging_mixin.py:188} INFO - [2026-07-18T21:52:34.676+0545] {dag.py:3947} INFO - Setting next_dagrun for example_task_group_decorator to 2026-07-17 00:00:00+00:00, run_after=2026-07-18 00:00:00+00:00
[2026-07-18T21:52:34.702+0545] {processor.py:183} INFO - Processing /home/snigdh/repos/bigData/spark_demo_env/lib/python3.12/site-packages/airflow/example_dags/example_task_group_decorator.py took 0.117 seconds
[2026-07-18T21:53:19.757+0545] {processor.py:161} INFO - Started process (PID=275133) to work on /home/snigdh/repos/bigData/spark_demo_env/lib/python3.12/site-packages/airflow/example_dags/example_task_group_decorator.py
[2026-07-18T21:53:19.761+0545] {processor.py:830} INFO - Processing file /home/snigdh/repos/bigData/spark_demo_env/lib/python3.12/site-packages/airflow/example_dags/example_task_group_decorator.py for tasks to queue
[2026-07-18T21:53:19.763+0545] {logging_mixin.py:188} INFO - [2026-07-18T21:53:19.762+0545] {dagbag.py:545} INFO - Filling up the DagBag from /home/snigdh/repos/bigData/spark_demo_env/lib/python3.12/site-packages/airflow/example_dags/example_task_group_decorator.py
[2026-07-18T21:53:19.785+0545] {processor.py:840} INFO - DAG(s) 'example_task_group_decorator' retrieved from /home/snigdh/repos/bigData/spark_demo_env/lib/python3.12/site-packages/airflow/example_dags/example_task_group_decorator.py
[2026-07-18T21:53:19.812+0545] {logging_mixin.py:188} INFO - [2026-07-18T21:53:19.812+0545] {dag.py:3089} INFO - Sync 1 DAGs
[2026-07-18T21:53:19.830+0545] {logging_mixin.py:188} INFO - [2026-07-18T21:53:19.830+0545] {dag.py:3947} INFO - Setting next_dagrun for example_task_group_decorator to 2026-07-17 00:00:00+00:00, run_after=2026-07-18 00:00:00+00:00
[2026-07-18T21:53:19.855+0545] {processor.py:183} INFO - Processing /home/snigdh/repos/bigData/spark_demo_env/lib/python3.12/site-packages/airflow/example_dags/example_task_group_decorator.py took 0.106 seconds
[2026-07-18T21:54:09.505+0545] {processor.py:161} INFO - Started process (PID=276018) to work on /home/snigdh/repos/bigData/spark_demo_env/lib/python3.12/site-packages/airflow/example_dags/example_task_group_decorator.py
[2026-07-18T21:54:09.509+0545] {processor.py:830} INFO - Processing file /home/snigdh/repos/bigData/spark_demo_env/lib/python3.12/site-packages/airflow/example_dags/example_task_group_decorator.py for tasks to queue
[2026-07-18T21:54:09.510+0545] {logging_mixin.py:188} INFO - [2026-07-18T21:54:09.510+0545] {dagbag.py:545} INFO - Filling up the DagBag from /home/snigdh/repos/bigData/spark_demo_env/lib/python3.12/site-packages/airflow/example_dags/example_task_group_decorator.py
[2026-07-18T21:54:09.535+0545] {processor.py:840} INFO - DAG(s) 'example_task_group_decorator' retrieved from /home/snigdh/repos/bigData/spark_demo_env/lib/python3.12/site-packages/airflow/example_dags/example_task_group_decorator.py
[2026-07-18T21:54:09.571+0545] {logging_mixin.py:188} INFO - [2026-07-18T21:54:09.570+0545] {dag.py:3089} INFO - Sync 1 DAGs
[2026-07-18T21:54:09.596+0545] {logging_mixin.py:188} INFO - [2026-07-18T21:54:09.595+0545] {dag.py:3947} INFO - Setting next_dagrun for example_task_group_decorator to 2026-07-17 00:00:00+00:00, run_after=2026-07-18 00:00:00+00:00
[2026-07-18T21:54:09.625+0545] {processor.py:183} INFO - Processing /home/snigdh/repos/bigData/spark_demo_env/lib/python3.12/site-packages/airflow/example_dags/example_task_group_decorator.py took 0.130 seconds
[2026-07-18T21:54:56.893+0545] {processor.py:161} INFO - Started process (PID=276618) to work on /home/snigdh/repos/bigData/spark_demo_env/lib/python3.12/site-packages/airflow/example_dags/example_task_group_decorator.py
[2026-07-18T21:54:56.895+0545] {processor.py:830} INFO - Processing file /home/snigdh/repos/bigData/spark_demo_env/lib/python3.12/site-packages/airflow/example_dags/example_task_group_decorator.py for tasks to queue
[2026-07-18T21:54:56.896+0545] {logging_mixin.py:188} INFO - [2026-07-18T21:54:56.896+0545] {dagbag.py:545} INFO - Filling up the DagBag from /home/snigdh/repos/bigData/spark_demo_env/lib/python3.12/site-packages/airflow/example_dags/example_task_group_decorator.py
[2026-07-18T21:54:56.916+0545] {processor.py:840} INFO - DAG(s) 'example_task_group_decorator' retrieved from /home/snigdh/repos/bigData/spark_demo_env/lib/python3.12/site-packages/airflow/example_dags/example_task_group_decorator.py
[2026-07-18T21:54:56.944+0545] {logging_mixin.py:188} INFO - [2026-07-18T21:54:56.944+0545] {dag.py:3089} INFO - Sync 1 DAGs
[2026-07-18T21:54:56.968+0545] {logging_mixin.py:188} INFO - [2026-07-18T21:54:56.968+0545] {dag.py:3947} INFO - Setting next_dagrun for example_task_group_decorator to 2026-07-17 00:00:00+00:00, run_after=2026-07-18 00:00:00+00:00
[2026-07-18T21:54:56.996+0545] {processor.py:183} INFO - Processing /home/snigdh/repos/bigData/spark_demo_env/lib/python3.12/site-packages/airflow/example_dags/example_task_group_decorator.py took 0.111 seconds
[2026-07-18T21:55:42.112+0545] {processor.py:161} INFO - Started process (PID=277076) to work on /home/snigdh/repos/bigData/spark_demo_env/lib/python3.12/site-packages/airflow/example_dags/example_task_group_decorator.py
[2026-07-18T21:55:42.116+0545] {processor.py:830} INFO - Processing file /home/snigdh/repos/bigData/spark_demo_env/lib/python3.12/site-packages/airflow/example_dags/example_task_group_decorator.py for tasks to queue
[2026-07-18T21:55:42.117+0545] {logging_mixin.py:188} INFO - [2026-07-18T21:55:42.117+0545] {dagbag.py:545} INFO - Filling up the DagBag from /home/snigdh/repos/bigData/spark_demo_env/lib/python3.12/site-packages/airflow/example_dags/example_task_group_decorator.py
[2026-07-18T21:55:42.146+0545] {processor.py:840} INFO - DAG(s) 'example_task_group_decorator' retrieved from /home/snigdh/repos/bigData/spark_demo_env/lib/python3.12/site-packages/airflow/example_dags/example_task_group_decorator.py
[2026-07-18T21:55:42.172+0545] {logging_mixin.py:188} INFO - [2026-07-18T21:55:42.172+0545] {dag.py:3089} INFO - Sync 1 DAGs
[2026-07-18T21:55:42.194+0545] {logging_mixin.py:188} INFO - [2026-07-18T21:55:42.194+0545] {dag.py:3947} INFO - Setting next_dagrun for example_task_group_decorator to 2026-07-17 00:00:00+00:00, run_after=2026-07-18 00:00:00+00:00
[2026-07-18T21:55:42.217+0545] {processor.py:183} INFO - Processing /home/snigdh/repos/bigData/spark_demo_env/lib/python3.12/site-packages/airflow/example_dags/example_task_group_decorator.py took 0.115 seconds
[2026-07-18T21:56:27.174+0545] {processor.py:161} INFO - Started process (PID=277488) to work on /home/snigdh/repos/bigData/spark_demo_env/lib/python3.12/site-packages/airflow/example_dags/example_task_group_decorator.py
[2026-07-18T21:56:27.175+0545] {processor.py:830} INFO - Processing file /home/snigdh/repos/bigData/spark_demo_env/lib/python3.12/site-packages/airflow/example_dags/example_task_group_decorator.py for tasks to queue
[2026-07-18T21:56:27.176+0545] {logging_mixin.py:188} INFO - [2026-07-18T21:56:27.176+0545] {dagbag.py:545} INFO - Filling up the DagBag from /home/snigdh/repos/bigData/spark_demo_env/lib/python3.12/site-packages/airflow/example_dags/example_task_group_decorator.py
[2026-07-18T21:56:27.191+0545] {processor.py:840} INFO - DAG(s) 'example_task_group_decorator' retrieved from /home/snigdh/repos/bigData/spark_demo_env/lib/python3.12/site-packages/airflow/example_dags/example_task_group_decorator.py
[2026-07-18T21:56:27.215+0545] {logging_mixin.py:188} INFO - [2026-07-18T21:56:27.215+0545] {dag.py:3089} INFO - Sync 1 DAGs
[2026-07-18T21:56:27.235+0545] {logging_mixin.py:188} INFO - [2026-07-18T21:56:27.235+0545] {dag.py:3947} INFO - Setting next_dagrun for example_task_group_decorator to 2026-07-17 00:00:00+00:00, run_after=2026-07-18 00:00:00+00:00
[2026-07-18T21:56:27.262+0545] {processor.py:183} INFO - Processing /home/snigdh/repos/bigData/spark_demo_env/lib/python3.12/site-packages/airflow/example_dags/example_task_group_decorator.py took 0.094 seconds
[2026-07-18T21:57:09.901+0545] {processor.py:161} INFO - Started process (PID=277926) to work on /home/snigdh/repos/bigData/spark_demo_env/lib/python3.12/site-packages/airflow/example_dags/example_task_group_decorator.py
[2026-07-18T21:57:09.903+0545] {processor.py:830} INFO - Processing file /home/snigdh/repos/bigData/spark_demo_env/lib/python3.12/site-packages/airflow/example_dags/example_task_group_decorator.py for tasks to queue
[2026-07-18T21:57:09.904+0545] {logging_mixin.py:188} INFO - [2026-07-18T21:57:09.904+0545] {dagbag.py:545} INFO - Filling up the DagBag from /home/snigdh/repos/bigData/spark_demo_env/lib/python3.12/site-packages/airflow/example_dags/example_task_group_decorator.py
[2026-07-18T21:57:09.925+0545] {processor.py:840} INFO - DAG(s) 'example_task_group_decorator' retrieved from /home/snigdh/repos/bigData/spark_demo_env/lib/python3.12/site-packages/airflow/example_dags/example_task_group_decorator.py
[2026-07-18T21:57:09.945+0545] {logging_mixin.py:188} INFO - [2026-07-18T21:57:09.945+0545] {dag.py:3089} INFO - Sync 1 DAGs
[2026-07-18T21:57:09.965+0545] {logging_mixin.py:188} INFO - [2026-07-18T21:57:09.965+0545] {dag.py:3947} INFO - Setting next_dagrun for example_task_group_decorator to 2026-07-17 00:00:00+00:00, run_after=2026-07-18 00:00:00+00:00
[2026-07-18T21:57:09.990+0545] {processor.py:183} INFO - Processing /home/snigdh/repos/bigData/spark_demo_env/lib/python3.12/site-packages/airflow/example_dags/example_task_group_decorator.py took 0.098 seconds
[2026-07-18T21:57:56.717+0545] {processor.py:161} INFO - Started process (PID=278347) to work on /home/snigdh/repos/bigData/spark_demo_env/lib/python3.12/site-packages/airflow/example_dags/example_task_group_decorator.py
[2026-07-18T21:57:56.721+0545] {processor.py:830} INFO - Processing file /home/snigdh/repos/bigData/spark_demo_env/lib/python3.12/site-packages/airflow/example_dags/example_task_group_decorator.py for tasks to queue
[2026-07-18T21:57:56.723+0545] {logging_mixin.py:188} INFO - [2026-07-18T21:57:56.722+0545] {dagbag.py:545} INFO - Filling up the DagBag from /home/snigdh/repos/bigData/spark_demo_env/lib/python3.12/site-packages/airflow/example_dags/example_task_group_decorator.py
[2026-07-18T21:57:56.748+0545] {processor.py:840} INFO - DAG(s) 'example_task_group_decorator' retrieved from /home/snigdh/repos/bigData/spark_demo_env/lib/python3.12/site-packages/airflow/example_dags/example_task_group_decorator.py
[2026-07-18T21:57:56.782+0545] {logging_mixin.py:188} INFO - [2026-07-18T21:57:56.781+0545] {dag.py:3089} INFO - Sync 1 DAGs
[2026-07-18T21:57:56.801+0545] {logging_mixin.py:188} INFO - [2026-07-18T21:57:56.801+0545] {dag.py:3947} INFO - Setting next_dagrun for example_task_group_decorator to 2026-07-17 00:00:00+00:00, run_after=2026-07-18 00:00:00+00:00
[2026-07-18T21:57:56.823+0545] {processor.py:183} INFO - Processing /home/snigdh/repos/bigData/spark_demo_env/lib/python3.12/site-packages/airflow/example_dags/example_task_group_decorator.py took 0.116 seconds
[2026-07-18T21:58:41.059+0545] {processor.py:161} INFO - Started process (PID=278797) to work on /home/snigdh/repos/bigData/spark_demo_env/lib/python3.12/site-packages/airflow/example_dags/example_task_group_decorator.py
[2026-07-18T21:58:41.062+0545] {processor.py:830} INFO - Processing file /home/snigdh/repos/bigData/spark_demo_env/lib/python3.12/site-packages/airflow/example_dags/example_task_group_decorator.py for tasks to queue
[2026-07-18T21:58:41.064+0545] {logging_mixin.py:188} INFO - [2026-07-18T21:58:41.063+0545] {dagbag.py:545} INFO - Filling up the DagBag from /home/snigdh/repos/bigData/spark_demo_env/lib/python3.12/site-packages/airflow/example_dags/example_task_group_decorator.py
[2026-07-18T21:58:41.081+0545] {processor.py:840} INFO - DAG(s) 'example_task_group_decorator' retrieved from /home/snigdh/repos/bigData/spark_demo_env/lib/python3.12/site-packages/airflow/example_dags/example_task_group_decorator.py
[2026-07-18T21:58:41.108+0545] {logging_mixin.py:188} INFO - [2026-07-18T21:58:41.107+0545] {dag.py:3089} INFO - Sync 1 DAGs
[2026-07-18T21:58:41.130+0545] {logging_mixin.py:188} INFO - [2026-07-18T21:58:41.130+0545] {dag.py:3947} INFO - Setting next_dagrun for example_task_group_decorator to 2026-07-17 00:00:00+00:00, run_after=2026-07-18 00:00:00+00:00
[2026-07-18T21:58:41.162+0545] {processor.py:183} INFO - Processing /home/snigdh/repos/bigData/spark_demo_env/lib/python3.12/site-packages/airflow/example_dags/example_task_group_decorator.py took 0.110 seconds
[2026-07-18T21:59:26.642+0545] {processor.py:161} INFO - Started process (PID=279206) to work on /home/snigdh/repos/bigData/spark_demo_env/lib/python3.12/site-packages/airflow/example_dags/example_task_group_decorator.py
[2026-07-18T21:59:26.645+0545] {processor.py:830} INFO - Processing file /home/snigdh/repos/bigData/spark_demo_env/lib/python3.12/site-packages/airflow/example_dags/example_task_group_decorator.py for tasks to queue
[2026-07-18T21:59:26.647+0545] {logging_mixin.py:188} INFO - [2026-07-18T21:59:26.646+0545] {dagbag.py:545} INFO - Filling up the DagBag from /home/snigdh/repos/bigData/spark_demo_env/lib/python3.12/site-packages/airflow/example_dags/example_task_group_decorator.py
[2026-07-18T21:59:26.665+0545] {processor.py:840} INFO - DAG(s) 'example_task_group_decorator' retrieved from /home/snigdh/repos/bigData/spark_demo_env/lib/python3.12/site-packages/airflow/example_dags/example_task_group_decorator.py
[2026-07-18T21:59:26.690+0545] {logging_mixin.py:188} INFO - [2026-07-18T21:59:26.690+0545] {dag.py:3089} INFO - Sync 1 DAGs
[2026-07-18T21:59:26.706+0545] {logging_mixin.py:188} INFO - [2026-07-18T21:59:26.706+0545] {dag.py:3947} INFO - Setting next_dagrun for example_task_group_decorator to 2026-07-17 00:00:00+00:00, run_after=2026-07-18 00:00:00+00:00
[2026-07-18T21:59:26.727+0545] {processor.py:183} INFO - Processing /home/snigdh/repos/bigData/spark_demo_env/lib/python3.12/site-packages/airflow/example_dags/example_task_group_decorator.py took 0.092 seconds
[2026-07-18T22:00:14.213+0545] {processor.py:161} INFO - Started process (PID=279668) to work on /home/snigdh/repos/bigData/spark_demo_env/lib/python3.12/site-packages/airflow/example_dags/example_task_group_decorator.py
[2026-07-18T22:00:14.217+0545] {processor.py:830} INFO - Processing file /home/snigdh/repos/bigData/spark_demo_env/lib/python3.12/site-packages/airflow/example_dags/example_task_group_decorator.py for tasks to queue
[2026-07-18T22:00:14.219+0545] {logging_mixin.py:188} INFO - [2026-07-18T22:00:14.218+0545] {dagbag.py:545} INFO - Filling up the DagBag from /home/snigdh/repos/bigData/spark_demo_env/lib/python3.12/site-packages/airflow/example_dags/example_task_group_decorator.py
[2026-07-18T22:00:14.243+0545] {processor.py:840} INFO - DAG(s) 'example_task_group_decorator' retrieved from /home/snigdh/repos/bigData/spark_demo_env/lib/python3.12/site-packages/airflow/example_dags/example_task_group_decorator.py
[2026-07-18T22:00:14.276+0545] {logging_mixin.py:188} INFO - [2026-07-18T22:00:14.276+0545] {dag.py:3089} INFO - Sync 1 DAGs
[2026-07-18T22:00:14.307+0545] {logging_mixin.py:188} INFO - [2026-07-18T22:00:14.306+0545] {dag.py:3947} INFO - Setting next_dagrun for example_task_group_decorator to 2026-07-17 00:00:00+00:00, run_after=2026-07-18 00:00:00+00:00
[2026-07-18T22:00:14.338+0545] {processor.py:183} INFO - Processing /home/snigdh/repos/bigData/spark_demo_env/lib/python3.12/site-packages/airflow/example_dags/example_task_group_decorator.py took 0.135 seconds
[2026-07-18T22:01:01.091+0545] {processor.py:161} INFO - Started process (PID=280100) to work on /home/snigdh/repos/bigData/spark_demo_env/lib/python3.12/site-packages/airflow/example_dags/example_task_group_decorator.py
[2026-07-18T22:01:01.094+0545] {processor.py:830} INFO - Processing file /home/snigdh/repos/bigData/spark_demo_env/lib/python3.12/site-packages/airflow/example_dags/example_task_group_decorator.py for tasks to queue
[2026-07-18T22:01:01.096+0545] {logging_mixin.py:188} INFO - [2026-07-18T22:01:01.095+0545] {dagbag.py:545} INFO - Filling up the DagBag from /home/snigdh/repos/bigData/spark_demo_env/lib/python3.12/site-packages/airflow/example_dags/example_task_group_decorator.py
[2026-07-18T22:01:01.116+0545] {processor.py:840} INFO - DAG(s) 'example_task_group_decorator' retrieved from /home/snigdh/repos/bigData/spark_demo_env/lib/python3.12/site-packages/airflow/example_dags/example_task_group_decorator.py
[2026-07-18T22:01:01.145+0545] {logging_mixin.py:188} INFO - [2026-07-18T22:01:01.145+0545] {dag.py:3089} INFO - Sync 1 DAGs
[2026-07-18T22:01:01.164+0545] {logging_mixin.py:188} INFO - [2026-07-18T22:01:01.163+0545] {dag.py:3947} INFO - Setting next_dagrun for example_task_group_decorator to 2026-07-17 00:00:00+00:00, run_after=2026-07-18 00:00:00+00:00
[2026-07-18T22:01:01.199+0545] {processor.py:183} INFO - Processing /home/snigdh/repos/bigData/spark_demo_env/lib/python3.12/site-packages/airflow/example_dags/example_task_group_decorator.py took 0.118 seconds
[2026-07-18T22:01:46.187+0545] {processor.py:161} INFO - Started process (PID=280508) to work on /home/snigdh/repos/bigData/spark_demo_env/lib/python3.12/site-packages/airflow/example_dags/example_task_group_decorator.py
[2026-07-18T22:01:46.191+0545] {processor.py:830} INFO - Processing file /home/snigdh/repos/bigData/spark_demo_env/lib/python3.12/site-packages/airflow/example_dags/example_task_group_decorator.py for tasks to queue
[2026-07-18T22:01:46.193+0545] {logging_mixin.py:188} INFO - [2026-07-18T22:01:46.192+0545] {dagbag.py:545} INFO - Filling up the DagBag from /home/snigdh/repos/bigData/spark_demo_env/lib/python3.12/site-packages/airflow/example_dags/example_task_group_decorator.py
[2026-07-18T22:01:46.213+0545] {processor.py:840} INFO - DAG(s) 'example_task_group_decorator' retrieved from /home/snigdh/repos/bigData/spark_demo_env/lib/python3.12/site-packages/airflow/example_dags/example_task_group_decorator.py
[2026-07-18T22:01:46.237+0545] {logging_mixin.py:188} INFO - [2026-07-18T22:01:46.237+0545] {dag.py:3089} INFO - Sync 1 DAGs
[2026-07-18T22:01:46.255+0545] {logging_mixin.py:188} INFO - [2026-07-18T22:01:46.255+0545] {dag.py:3947} INFO - Setting next_dagrun for example_task_group_decorator to 2026-07-17 00:00:00+00:00, run_after=2026-07-18 00:00:00+00:00
[2026-07-18T22:01:46.276+0545] {processor.py:183} INFO - Processing /home/snigdh/repos/bigData/spark_demo_env/lib/python3.12/site-packages/airflow/example_dags/example_task_group_decorator.py took 0.097 seconds
[2026-07-18T22:02:30.195+0545] {processor.py:161} INFO - Started process (PID=280916) to work on /home/snigdh/repos/bigData/spark_demo_env/lib/python3.12/site-packages/airflow/example_dags/example_task_group_decorator.py
[2026-07-18T22:02:30.199+0545] {processor.py:830} INFO - Processing file /home/snigdh/repos/bigData/spark_demo_env/lib/python3.12/site-packages/airflow/example_dags/example_task_group_decorator.py for tasks to queue
[2026-07-18T22:02:30.201+0545] {logging_mixin.py:188} INFO - [2026-07-18T22:02:30.200+0545] {dagbag.py:545} INFO - Filling up the DagBag from /home/snigdh/repos/bigData/spark_demo_env/lib/python3.12/site-packages/airflow/example_dags/example_task_group_decorator.py
[2026-07-18T22:02:30.228+0545] {processor.py:840} INFO - DAG(s) 'example_task_group_decorator' retrieved from /home/snigdh/repos/bigData/spark_demo_env/lib/python3.12/site-packages/airflow/example_dags/example_task_group_decorator.py
[2026-07-18T22:02:30.263+0545] {logging_mixin.py:188} INFO - [2026-07-18T22:02:30.262+0545] {dag.py:3089} INFO - Sync 1 DAGs
[2026-07-18T22:02:30.285+0545] {logging_mixin.py:188} INFO - [2026-07-18T22:02:30.285+0545] {dag.py:3947} INFO - Setting next_dagrun for example_task_group_decorator to 2026-07-17 00:00:00+00:00, run_after=2026-07-18 00:00:00+00:00
[2026-07-18T22:02:30.311+0545] {processor.py:183} INFO - Processing /home/snigdh/repos/bigData/spark_demo_env/lib/python3.12/site-packages/airflow/example_dags/example_task_group_decorator.py took 0.128 seconds
