[2026-07-18T21:38:58.975+0545] {processor.py:161} INFO - Started process (PID=262606) to work on /home/snigdh/repos/bigData/spark_demo_env/lib/python3.12/site-packages/airflow/example_dags/example_bash_decorator.py
[2026-07-18T21:38:58.976+0545] {processor.py:830} INFO - Processing file /home/snigdh/repos/bigData/spark_demo_env/lib/python3.12/site-packages/airflow/example_dags/example_bash_decorator.py for tasks to queue
[2026-07-18T21:38:58.978+0545] {logging_mixin.py:188} INFO - [2026-07-18T21:38:58.978+0545] {dagbag.py:545} INFO - Filling up the DagBag from /home/snigdh/repos/bigData/spark_demo_env/lib/python3.12/site-packages/airflow/example_dags/example_bash_decorator.py
[2026-07-18T21:38:58.995+0545] {processor.py:840} INFO - DAG(s) 'example_bash_decorator' retrieved from /home/snigdh/repos/bigData/spark_demo_env/lib/python3.12/site-packages/airflow/example_dags/example_bash_decorator.py
[2026-07-18T21:38:59.103+0545] {logging_mixin.py:188} INFO - [2026-07-18T21:38:59.102+0545] {override.py:1858} INFO - Created Permission View: can delete on DAG:example_bash_decorator
[2026-07-18T21:38:59.116+0545] {logging_mixin.py:188} INFO - [2026-07-18T21:38:59.116+0545] {override.py:1858} INFO - Created Permission View: can read on DAG:example_bash_decorator
[2026-07-18T21:38:59.127+0545] {logging_mixin.py:188} INFO - [2026-07-18T21:38:59.127+0545] {override.py:1858} INFO - Created Permission View: can edit on DAG:example_bash_decorator
[2026-07-18T21:38:59.128+0545] {logging_mixin.py:188} INFO - [2026-07-18T21:38:59.128+0545] {dag.py:3089} INFO - Sync 1 DAGs
[2026-07-18T21:38:59.146+0545] {logging_mixin.py:188} INFO - [2026-07-18T21:38:59.145+0545] {dag.py:3111} INFO - Creating ORM DAG for example_bash_decorator
[2026-07-18T21:38:59.147+0545] {logging_mixin.py:188} INFO - [2026-07-18T21:38:59.147+0545] {dag.py:3947} INFO - Setting next_dagrun for example_bash_decorator to None, run_after=None
[2026-07-18T21:38:59.173+0545] {processor.py:183} INFO - Processing /home/snigdh/repos/bigData/spark_demo_env/lib/python3.12/site-packages/airflow/example_dags/example_bash_decorator.py took 0.205 seconds
[2026-07-18T21:39:56.498+0545] {processor.py:161} INFO - Started process (PID=262908) to work on /home/snigdh/repos/bigData/spark_demo_env/lib/python3.12/site-packages/airflow/example_dags/example_bash_decorator.py
[2026-07-18T21:39:56.501+0545] {processor.py:830} INFO - Processing file /home/snigdh/repos/bigData/spark_demo_env/lib/python3.12/site-packages/airflow/example_dags/example_bash_decorator.py for tasks to queue
[2026-07-18T21:39:56.502+0545] {logging_mixin.py:188} INFO - [2026-07-18T21:39:56.502+0545] {dagbag.py:545} INFO - Filling up the DagBag from /home/snigdh/repos/bigData/spark_demo_env/lib/python3.12/site-packages/airflow/example_dags/example_bash_decorator.py
[2026-07-18T21:39:56.516+0545] {processor.py:840} INFO - DAG(s) 'example_bash_decorator' retrieved from /home/snigdh/repos/bigData/spark_demo_env/lib/python3.12/site-packages/airflow/example_dags/example_bash_decorator.py
[2026-07-18T21:39:56.527+0545] {logging_mixin.py:188} INFO - [2026-07-18T21:39:56.526+0545] {dag.py:3089} INFO - Sync 1 DAGs
[2026-07-18T21:39:56.541+0545] {logging_mixin.py:188} INFO - [2026-07-18T21:39:56.541+0545] {dag.py:3947} INFO - Setting next_dagrun for example_bash_decorator to None, run_after=None
[2026-07-18T21:39:56.560+0545] {processor.py:183} INFO - Processing /home/snigdh/repos/bigData/spark_demo_env/lib/python3.12/site-packages/airflow/example_dags/example_bash_decorator.py took 0.068 seconds
[2026-07-18T21:47:14.268+0545] {processor.py:161} INFO - Started process (PID=270204) to work on /home/snigdh/repos/bigData/spark_demo_env/lib/python3.12/site-packages/airflow/example_dags/example_bash_decorator.py
[2026-07-18T21:47:14.272+0545] {processor.py:830} INFO - Processing file /home/snigdh/repos/bigData/spark_demo_env/lib/python3.12/site-packages/airflow/example_dags/example_bash_decorator.py for tasks to queue
[2026-07-18T21:47:14.274+0545] {logging_mixin.py:188} INFO - [2026-07-18T21:47:14.273+0545] {dagbag.py:545} INFO - Filling up the DagBag from /home/snigdh/repos/bigData/spark_demo_env/lib/python3.12/site-packages/airflow/example_dags/example_bash_decorator.py
[2026-07-18T21:47:14.289+0545] {processor.py:840} INFO - DAG(s) 'example_bash_decorator' retrieved from /home/snigdh/repos/bigData/spark_demo_env/lib/python3.12/site-packages/airflow/example_dags/example_bash_decorator.py
[2026-07-18T21:47:14.521+0545] {logging_mixin.py:188} INFO - [2026-07-18T21:47:14.521+0545] {dag.py:3089} INFO - Sync 1 DAGs
[2026-07-18T21:47:14.532+0545] {logging_mixin.py:188} INFO - [2026-07-18T21:47:14.532+0545] {dag.py:3947} INFO - Setting next_dagrun for example_bash_decorator to None, run_after=None
[2026-07-18T21:47:14.556+0545] {processor.py:183} INFO - Processing /home/snigdh/repos/bigData/spark_demo_env/lib/python3.12/site-packages/airflow/example_dags/example_bash_decorator.py took 0.295 seconds
[2026-07-18T21:48:07.634+0545] {processor.py:161} INFO - Started process (PID=270887) to work on /home/snigdh/repos/bigData/spark_demo_env/lib/python3.12/site-packages/airflow/example_dags/example_bash_decorator.py
[2026-07-18T21:48:07.636+0545] {processor.py:830} INFO - Processing file /home/snigdh/repos/bigData/spark_demo_env/lib/python3.12/site-packages/airflow/example_dags/example_bash_decorator.py for tasks to queue
[2026-07-18T21:48:07.638+0545] {logging_mixin.py:188} INFO - [2026-07-18T21:48:07.637+0545] {dagbag.py:545} INFO - Filling up the DagBag from /home/snigdh/repos/bigData/spark_demo_env/lib/python3.12/site-packages/airflow/example_dags/example_bash_decorator.py
[2026-07-18T21:48:07.660+0545] {processor.py:840} INFO - DAG(s) 'example_bash_decorator' retrieved from /home/snigdh/repos/bigData/spark_demo_env/lib/python3.12/site-packages/airflow/example_dags/example_bash_decorator.py
[2026-07-18T21:48:07.825+0545] {logging_mixin.py:188} INFO - [2026-07-18T21:48:07.824+0545] {dag.py:3089} INFO - Sync 1 DAGs
[2026-07-18T21:48:07.839+0545] {logging_mixin.py:188} INFO - [2026-07-18T21:48:07.838+0545] {dag.py:3947} INFO - Setting next_dagrun for example_bash_decorator to None, run_after=None
[2026-07-18T21:48:07.870+0545] {processor.py:183} INFO - Processing /home/snigdh/repos/bigData/spark_demo_env/lib/python3.12/site-packages/airflow/example_dags/example_bash_decorator.py took 0.246 seconds
[2026-07-18T21:49:14.734+0545] {processor.py:161} INFO - Started process (PID=271946) to work on /home/snigdh/repos/bigData/spark_demo_env/lib/python3.12/site-packages/airflow/example_dags/example_bash_decorator.py
[2026-07-18T21:49:14.736+0545] {processor.py:830} INFO - Processing file /home/snigdh/repos/bigData/spark_demo_env/lib/python3.12/site-packages/airflow/example_dags/example_bash_decorator.py for tasks to queue
[2026-07-18T21:49:14.738+0545] {logging_mixin.py:188} INFO - [2026-07-18T21:49:14.737+0545] {dagbag.py:545} INFO - Filling up the DagBag from /home/snigdh/repos/bigData/spark_demo_env/lib/python3.12/site-packages/airflow/example_dags/example_bash_decorator.py
[2026-07-18T21:49:14.760+0545] {processor.py:840} INFO - DAG(s) 'example_bash_decorator' retrieved from /home/snigdh/repos/bigData/spark_demo_env/lib/python3.12/site-packages/airflow/example_dags/example_bash_decorator.py
[2026-07-18T21:49:14.787+0545] {logging_mixin.py:188} INFO - [2026-07-18T21:49:14.787+0545] {dag.py:3089} INFO - Sync 1 DAGs
[2026-07-18T21:49:14.934+0545] {logging_mixin.py:188} INFO - [2026-07-18T21:49:14.934+0545] {dag.py:3947} INFO - Setting next_dagrun for example_bash_decorator to None, run_after=None
[2026-07-18T21:49:14.960+0545] {processor.py:183} INFO - Processing /home/snigdh/repos/bigData/spark_demo_env/lib/python3.12/site-packages/airflow/example_dags/example_bash_decorator.py took 0.237 seconds
[2026-07-18T21:50:09.700+0545] {processor.py:161} INFO - Started process (PID=272618) to work on /home/snigdh/repos/bigData/spark_demo_env/lib/python3.12/site-packages/airflow/example_dags/example_bash_decorator.py
[2026-07-18T21:50:09.703+0545] {processor.py:830} INFO - Processing file /home/snigdh/repos/bigData/spark_demo_env/lib/python3.12/site-packages/airflow/example_dags/example_bash_decorator.py for tasks to queue
[2026-07-18T21:50:09.705+0545] {logging_mixin.py:188} INFO - [2026-07-18T21:50:09.704+0545] {dagbag.py:545} INFO - Filling up the DagBag from /home/snigdh/repos/bigData/spark_demo_env/lib/python3.12/site-packages/airflow/example_dags/example_bash_decorator.py
[2026-07-18T21:50:09.723+0545] {processor.py:840} INFO - DAG(s) 'example_bash_decorator' retrieved from /home/snigdh/repos/bigData/spark_demo_env/lib/python3.12/site-packages/airflow/example_dags/example_bash_decorator.py
[2026-07-18T21:50:09.745+0545] {logging_mixin.py:188} INFO - [2026-07-18T21:50:09.744+0545] {dag.py:3089} INFO - Sync 1 DAGs
[2026-07-18T21:50:09.754+0545] {logging_mixin.py:188} INFO - [2026-07-18T21:50:09.754+0545] {dag.py:3947} INFO - Setting next_dagrun for example_bash_decorator to None, run_after=None
[2026-07-18T21:50:09.773+0545] {processor.py:183} INFO - Processing /home/snigdh/repos/bigData/spark_demo_env/lib/python3.12/site-packages/airflow/example_dags/example_bash_decorator.py took 0.080 seconds
[2026-07-18T21:51:16.380+0545] {processor.py:161} INFO - Started process (PID=273512) to work on /home/snigdh/repos/bigData/spark_demo_env/lib/python3.12/site-packages/airflow/example_dags/example_bash_decorator.py
[2026-07-18T21:51:16.382+0545] {processor.py:830} INFO - Processing file /home/snigdh/repos/bigData/spark_demo_env/lib/python3.12/site-packages/airflow/example_dags/example_bash_decorator.py for tasks to queue
[2026-07-18T21:51:16.383+0545] {logging_mixin.py:188} INFO - [2026-07-18T21:51:16.383+0545] {dagbag.py:545} INFO - Filling up the DagBag from /home/snigdh/repos/bigData/spark_demo_env/lib/python3.12/site-packages/airflow/example_dags/example_bash_decorator.py
[2026-07-18T21:51:16.406+0545] {processor.py:840} INFO - DAG(s) 'example_bash_decorator' retrieved from /home/snigdh/repos/bigData/spark_demo_env/lib/python3.12/site-packages/airflow/example_dags/example_bash_decorator.py
[2026-07-18T21:51:16.434+0545] {logging_mixin.py:188} INFO - [2026-07-18T21:51:16.434+0545] {dag.py:3089} INFO - Sync 1 DAGs
[2026-07-18T21:51:16.448+0545] {logging_mixin.py:188} INFO - [2026-07-18T21:51:16.448+0545] {dag.py:3947} INFO - Setting next_dagrun for example_bash_decorator to None, run_after=None
[2026-07-18T21:51:16.480+0545] {processor.py:183} INFO - Processing /home/snigdh/repos/bigData/spark_demo_env/lib/python3.12/site-packages/airflow/example_dags/example_bash_decorator.py took 0.110 seconds
[2026-07-18T21:52:26.589+0545] {processor.py:161} INFO - Started process (PID=274420) to work on /home/snigdh/repos/bigData/spark_demo_env/lib/python3.12/site-packages/airflow/example_dags/example_bash_decorator.py
[2026-07-18T21:52:26.593+0545] {processor.py:830} INFO - Processing file /home/snigdh/repos/bigData/spark_demo_env/lib/python3.12/site-packages/airflow/example_dags/example_bash_decorator.py for tasks to queue
[2026-07-18T21:52:26.594+0545] {logging_mixin.py:188} INFO - [2026-07-18T21:52:26.593+0545] {dagbag.py:545} INFO - Filling up the DagBag from /home/snigdh/repos/bigData/spark_demo_env/lib/python3.12/site-packages/airflow/example_dags/example_bash_decorator.py
[2026-07-18T21:52:26.610+0545] {processor.py:840} INFO - DAG(s) 'example_bash_decorator' retrieved from /home/snigdh/repos/bigData/spark_demo_env/lib/python3.12/site-packages/airflow/example_dags/example_bash_decorator.py
[2026-07-18T21:52:26.631+0545] {logging_mixin.py:188} INFO - [2026-07-18T21:52:26.630+0545] {dag.py:3089} INFO - Sync 1 DAGs
[2026-07-18T21:52:26.643+0545] {logging_mixin.py:188} INFO - [2026-07-18T21:52:26.643+0545] {dag.py:3947} INFO - Setting next_dagrun for example_bash_decorator to None, run_after=None
[2026-07-18T21:52:26.667+0545] {processor.py:183} INFO - Processing /home/snigdh/repos/bigData/spark_demo_env/lib/python3.12/site-packages/airflow/example_dags/example_bash_decorator.py took 0.087 seconds
[2026-07-18T21:53:34.913+0545] {processor.py:161} INFO - Started process (PID=275363) to work on /home/snigdh/repos/bigData/spark_demo_env/lib/python3.12/site-packages/airflow/example_dags/example_bash_decorator.py
[2026-07-18T21:53:34.917+0545] {processor.py:830} INFO - Processing file /home/snigdh/repos/bigData/spark_demo_env/lib/python3.12/site-packages/airflow/example_dags/example_bash_decorator.py for tasks to queue
[2026-07-18T21:53:34.920+0545] {logging_mixin.py:188} INFO - [2026-07-18T21:53:34.918+0545] {dagbag.py:545} INFO - Filling up the DagBag from /home/snigdh/repos/bigData/spark_demo_env/lib/python3.12/site-packages/airflow/example_dags/example_bash_decorator.py
[2026-07-18T21:53:34.944+0545] {processor.py:840} INFO - DAG(s) 'example_bash_decorator' retrieved from /home/snigdh/repos/bigData/spark_demo_env/lib/python3.12/site-packages/airflow/example_dags/example_bash_decorator.py
[2026-07-18T21:53:34.975+0545] {logging_mixin.py:188} INFO - [2026-07-18T21:53:34.975+0545] {dag.py:3089} INFO - Sync 1 DAGs
[2026-07-18T21:53:34.988+0545] {logging_mixin.py:188} INFO - [2026-07-18T21:53:34.988+0545] {dag.py:3947} INFO - Setting next_dagrun for example_bash_decorator to None, run_after=None
[2026-07-18T21:53:35.013+0545] {processor.py:183} INFO - Processing /home/snigdh/repos/bigData/spark_demo_env/lib/python3.12/site-packages/airflow/example_dags/example_bash_decorator.py took 0.108 seconds
[2026-07-18T21:54:50.122+0545] {processor.py:161} INFO - Started process (PID=276562) to work on /home/snigdh/repos/bigData/spark_demo_env/lib/python3.12/site-packages/airflow/example_dags/example_bash_decorator.py
[2026-07-18T21:54:50.124+0545] {processor.py:830} INFO - Processing file /home/snigdh/repos/bigData/spark_demo_env/lib/python3.12/site-packages/airflow/example_dags/example_bash_decorator.py for tasks to queue
[2026-07-18T21:54:50.125+0545] {logging_mixin.py:188} INFO - [2026-07-18T21:54:50.125+0545] {dagbag.py:545} INFO - Filling up the DagBag from /home/snigdh/repos/bigData/spark_demo_env/lib/python3.12/site-packages/airflow/example_dags/example_bash_decorator.py
[2026-07-18T21:54:50.146+0545] {processor.py:840} INFO - DAG(s) 'example_bash_decorator' retrieved from /home/snigdh/repos/bigData/spark_demo_env/lib/python3.12/site-packages/airflow/example_dags/example_bash_decorator.py
[2026-07-18T21:54:50.172+0545] {logging_mixin.py:188} INFO - [2026-07-18T21:54:50.172+0545] {dag.py:3089} INFO - Sync 1 DAGs
[2026-07-18T21:54:50.183+0545] {logging_mixin.py:188} INFO - [2026-07-18T21:54:50.183+0545] {dag.py:3947} INFO - Setting next_dagrun for example_bash_decorator to None, run_after=None
[2026-07-18T21:54:50.205+0545] {processor.py:183} INFO - Processing /home/snigdh/repos/bigData/spark_demo_env/lib/python3.12/site-packages/airflow/example_dags/example_bash_decorator.py took 0.090 seconds
[2026-07-18T21:55:56.720+0545] {processor.py:161} INFO - Started process (PID=277187) to work on /home/snigdh/repos/bigData/spark_demo_env/lib/python3.12/site-packages/airflow/example_dags/example_bash_decorator.py
[2026-07-18T21:55:56.722+0545] {processor.py:830} INFO - Processing file /home/snigdh/repos/bigData/spark_demo_env/lib/python3.12/site-packages/airflow/example_dags/example_bash_decorator.py for tasks to queue
[2026-07-18T21:55:56.723+0545] {logging_mixin.py:188} INFO - [2026-07-18T21:55:56.722+0545] {dagbag.py:545} INFO - Filling up the DagBag from /home/snigdh/repos/bigData/spark_demo_env/lib/python3.12/site-packages/airflow/example_dags/example_bash_decorator.py
[2026-07-18T21:55:56.741+0545] {processor.py:840} INFO - DAG(s) 'example_bash_decorator' retrieved from /home/snigdh/repos/bigData/spark_demo_env/lib/python3.12/site-packages/airflow/example_dags/example_bash_decorator.py
[2026-07-18T21:55:56.763+0545] {logging_mixin.py:188} INFO - [2026-07-18T21:55:56.763+0545] {dag.py:3089} INFO - Sync 1 DAGs
[2026-07-18T21:55:56.774+0545] {logging_mixin.py:188} INFO - [2026-07-18T21:55:56.773+0545] {dag.py:3947} INFO - Setting next_dagrun for example_bash_decorator to None, run_after=None
[2026-07-18T21:55:56.794+0545] {processor.py:183} INFO - Processing /home/snigdh/repos/bigData/spark_demo_env/lib/python3.12/site-packages/airflow/example_dags/example_bash_decorator.py took 0.083 seconds
[2026-07-18T21:57:01.753+0545] {processor.py:161} INFO - Started process (PID=277866) to work on /home/snigdh/repos/bigData/spark_demo_env/lib/python3.12/site-packages/airflow/example_dags/example_bash_decorator.py
[2026-07-18T21:57:01.756+0545] {processor.py:830} INFO - Processing file /home/snigdh/repos/bigData/spark_demo_env/lib/python3.12/site-packages/airflow/example_dags/example_bash_decorator.py for tasks to queue
[2026-07-18T21:57:01.758+0545] {logging_mixin.py:188} INFO - [2026-07-18T21:57:01.757+0545] {dagbag.py:545} INFO - Filling up the DagBag from /home/snigdh/repos/bigData/spark_demo_env/lib/python3.12/site-packages/airflow/example_dags/example_bash_decorator.py
[2026-07-18T21:57:01.776+0545] {processor.py:840} INFO - DAG(s) 'example_bash_decorator' retrieved from /home/snigdh/repos/bigData/spark_demo_env/lib/python3.12/site-packages/airflow/example_dags/example_bash_decorator.py
[2026-07-18T21:57:01.802+0545] {logging_mixin.py:188} INFO - [2026-07-18T21:57:01.802+0545] {dag.py:3089} INFO - Sync 1 DAGs
[2026-07-18T21:57:01.814+0545] {logging_mixin.py:188} INFO - [2026-07-18T21:57:01.814+0545] {dag.py:3947} INFO - Setting next_dagrun for example_bash_decorator to None, run_after=None
[2026-07-18T21:57:01.836+0545] {processor.py:183} INFO - Processing /home/snigdh/repos/bigData/spark_demo_env/lib/python3.12/site-packages/airflow/example_dags/example_bash_decorator.py took 0.092 seconds
[2026-07-18T21:58:10.721+0545] {processor.py:161} INFO - Started process (PID=278513) to work on /home/snigdh/repos/bigData/spark_demo_env/lib/python3.12/site-packages/airflow/example_dags/example_bash_decorator.py
[2026-07-18T21:58:10.724+0545] {processor.py:830} INFO - Processing file /home/snigdh/repos/bigData/spark_demo_env/lib/python3.12/site-packages/airflow/example_dags/example_bash_decorator.py for tasks to queue
[2026-07-18T21:58:10.725+0545] {logging_mixin.py:188} INFO - [2026-07-18T21:58:10.725+0545] {dagbag.py:545} INFO - Filling up the DagBag from /home/snigdh/repos/bigData/spark_demo_env/lib/python3.12/site-packages/airflow/example_dags/example_bash_decorator.py
[2026-07-18T21:58:10.742+0545] {processor.py:840} INFO - DAG(s) 'example_bash_decorator' retrieved from /home/snigdh/repos/bigData/spark_demo_env/lib/python3.12/site-packages/airflow/example_dags/example_bash_decorator.py
[2026-07-18T21:58:10.765+0545] {logging_mixin.py:188} INFO - [2026-07-18T21:58:10.764+0545] {dag.py:3089} INFO - Sync 1 DAGs
[2026-07-18T21:58:10.776+0545] {logging_mixin.py:188} INFO - [2026-07-18T21:58:10.775+0545] {dag.py:3947} INFO - Setting next_dagrun for example_bash_decorator to None, run_after=None
[2026-07-18T21:58:10.803+0545] {processor.py:183} INFO - Processing /home/snigdh/repos/bigData/spark_demo_env/lib/python3.12/site-packages/airflow/example_dags/example_bash_decorator.py took 0.090 seconds
[2026-07-18T21:59:18.822+0545] {processor.py:161} INFO - Started process (PID=279153) to work on /home/snigdh/repos/bigData/spark_demo_env/lib/python3.12/site-packages/airflow/example_dags/example_bash_decorator.py
[2026-07-18T21:59:18.824+0545] {processor.py:830} INFO - Processing file /home/snigdh/repos/bigData/spark_demo_env/lib/python3.12/site-packages/airflow/example_dags/example_bash_decorator.py for tasks to queue
[2026-07-18T21:59:18.825+0545] {logging_mixin.py:188} INFO - [2026-07-18T21:59:18.824+0545] {dagbag.py:545} INFO - Filling up the DagBag from /home/snigdh/repos/bigData/spark_demo_env/lib/python3.12/site-packages/airflow/example_dags/example_bash_decorator.py
[2026-07-18T21:59:18.847+0545] {processor.py:840} INFO - DAG(s) 'example_bash_decorator' retrieved from /home/snigdh/repos/bigData/spark_demo_env/lib/python3.12/site-packages/airflow/example_dags/example_bash_decorator.py
[2026-07-18T21:59:18.876+0545] {logging_mixin.py:188} INFO - [2026-07-18T21:59:18.876+0545] {dag.py:3089} INFO - Sync 1 DAGs
[2026-07-18T21:59:18.892+0545] {logging_mixin.py:188} INFO - [2026-07-18T21:59:18.892+0545] {dag.py:3947} INFO - Setting next_dagrun for example_bash_decorator to None, run_after=None
[2026-07-18T21:59:18.919+0545] {processor.py:183} INFO - Processing /home/snigdh/repos/bigData/spark_demo_env/lib/python3.12/site-packages/airflow/example_dags/example_bash_decorator.py took 0.103 seconds
[2026-07-18T22:00:30.849+0545] {processor.py:161} INFO - Started process (PID=279815) to work on /home/snigdh/repos/bigData/spark_demo_env/lib/python3.12/site-packages/airflow/example_dags/example_bash_decorator.py
[2026-07-18T22:00:30.853+0545] {processor.py:830} INFO - Processing file /home/snigdh/repos/bigData/spark_demo_env/lib/python3.12/site-packages/airflow/example_dags/example_bash_decorator.py for tasks to queue
[2026-07-18T22:00:30.855+0545] {logging_mixin.py:188} INFO - [2026-07-18T22:00:30.854+0545] {dagbag.py:545} INFO - Filling up the DagBag from /home/snigdh/repos/bigData/spark_demo_env/lib/python3.12/site-packages/airflow/example_dags/example_bash_decorator.py
[2026-07-18T22:00:30.876+0545] {processor.py:840} INFO - DAG(s) 'example_bash_decorator' retrieved from /home/snigdh/repos/bigData/spark_demo_env/lib/python3.12/site-packages/airflow/example_dags/example_bash_decorator.py
[2026-07-18T22:00:30.903+0545] {logging_mixin.py:188} INFO - [2026-07-18T22:00:30.902+0545] {dag.py:3089} INFO - Sync 1 DAGs
[2026-07-18T22:00:30.917+0545] {logging_mixin.py:188} INFO - [2026-07-18T22:00:30.917+0545] {dag.py:3947} INFO - Setting next_dagrun for example_bash_decorator to None, run_after=None
[2026-07-18T22:00:30.945+0545] {processor.py:183} INFO - Processing /home/snigdh/repos/bigData/spark_demo_env/lib/python3.12/site-packages/airflow/example_dags/example_bash_decorator.py took 0.104 seconds
[2026-07-18T22:01:38.503+0545] {processor.py:161} INFO - Started process (PID=280452) to work on /home/snigdh/repos/bigData/spark_demo_env/lib/python3.12/site-packages/airflow/example_dags/example_bash_decorator.py
[2026-07-18T22:01:38.505+0545] {processor.py:830} INFO - Processing file /home/snigdh/repos/bigData/spark_demo_env/lib/python3.12/site-packages/airflow/example_dags/example_bash_decorator.py for tasks to queue
[2026-07-18T22:01:38.506+0545] {logging_mixin.py:188} INFO - [2026-07-18T22:01:38.505+0545] {dagbag.py:545} INFO - Filling up the DagBag from /home/snigdh/repos/bigData/spark_demo_env/lib/python3.12/site-packages/airflow/example_dags/example_bash_decorator.py
[2026-07-18T22:01:38.519+0545] {processor.py:840} INFO - DAG(s) 'example_bash_decorator' retrieved from /home/snigdh/repos/bigData/spark_demo_env/lib/python3.12/site-packages/airflow/example_dags/example_bash_decorator.py
[2026-07-18T22:01:38.539+0545] {logging_mixin.py:188} INFO - [2026-07-18T22:01:38.539+0545] {dag.py:3089} INFO - Sync 1 DAGs
[2026-07-18T22:01:38.550+0545] {logging_mixin.py:188} INFO - [2026-07-18T22:01:38.549+0545] {dag.py:3947} INFO - Setting next_dagrun for example_bash_decorator to None, run_after=None
[2026-07-18T22:01:38.573+0545] {processor.py:183} INFO - Processing /home/snigdh/repos/bigData/spark_demo_env/lib/python3.12/site-packages/airflow/example_dags/example_bash_decorator.py took 0.075 seconds
[2026-07-18T22:02:43.892+0545] {processor.py:161} INFO - Started process (PID=281106) to work on /home/snigdh/repos/bigData/spark_demo_env/lib/python3.12/site-packages/airflow/example_dags/example_bash_decorator.py
[2026-07-18T22:02:43.896+0545] {processor.py:830} INFO - Processing file /home/snigdh/repos/bigData/spark_demo_env/lib/python3.12/site-packages/airflow/example_dags/example_bash_decorator.py for tasks to queue
[2026-07-18T22:02:43.897+0545] {logging_mixin.py:188} INFO - [2026-07-18T22:02:43.897+0545] {dagbag.py:545} INFO - Filling up the DagBag from /home/snigdh/repos/bigData/spark_demo_env/lib/python3.12/site-packages/airflow/example_dags/example_bash_decorator.py
[2026-07-18T22:02:43.914+0545] {processor.py:840} INFO - DAG(s) 'example_bash_decorator' retrieved from /home/snigdh/repos/bigData/spark_demo_env/lib/python3.12/site-packages/airflow/example_dags/example_bash_decorator.py
[2026-07-18T22:02:43.936+0545] {logging_mixin.py:188} INFO - [2026-07-18T22:02:43.936+0545] {dag.py:3089} INFO - Sync 1 DAGs
[2026-07-18T22:02:43.947+0545] {logging_mixin.py:188} INFO - [2026-07-18T22:02:43.947+0545] {dag.py:3947} INFO - Setting next_dagrun for example_bash_decorator to None, run_after=None
[2026-07-18T22:02:43.968+0545] {processor.py:183} INFO - Processing /home/snigdh/repos/bigData/spark_demo_env/lib/python3.12/site-packages/airflow/example_dags/example_bash_decorator.py took 0.085 seconds
