[2026-07-18T21:38:48.337+0545] {processor.py:161} INFO - Started process (PID=262542) to work on /home/snigdh/repos/bigData/spark_demo_env/lib/python3.12/site-packages/airflow/example_dags/example_branch_day_of_week_operator.py
[2026-07-18T21:38:48.339+0545] {processor.py:830} INFO - Processing file /home/snigdh/repos/bigData/spark_demo_env/lib/python3.12/site-packages/airflow/example_dags/example_branch_day_of_week_operator.py for tasks to queue
[2026-07-18T21:38:48.342+0545] {logging_mixin.py:188} INFO - [2026-07-18T21:38:48.342+0545] {dagbag.py:545} INFO - Filling up the DagBag from /home/snigdh/repos/bigData/spark_demo_env/lib/python3.12/site-packages/airflow/example_dags/example_branch_day_of_week_operator.py
[2026-07-18T21:38:48.354+0545] {processor.py:840} INFO - DAG(s) 'example_weekday_branch_operator' retrieved from /home/snigdh/repos/bigData/spark_demo_env/lib/python3.12/site-packages/airflow/example_dags/example_branch_day_of_week_operator.py
[2026-07-18T21:38:48.467+0545] {logging_mixin.py:188} INFO - [2026-07-18T21:38:48.466+0545] {override.py:1858} INFO - Created Permission View: can delete on DAG:example_weekday_branch_operator
[2026-07-18T21:38:48.480+0545] {logging_mixin.py:188} INFO - [2026-07-18T21:38:48.480+0545] {override.py:1858} INFO - Created Permission View: can read on DAG:example_weekday_branch_operator
[2026-07-18T21:38:48.493+0545] {logging_mixin.py:188} INFO - [2026-07-18T21:38:48.492+0545] {override.py:1858} INFO - Created Permission View: can edit on DAG:example_weekday_branch_operator
[2026-07-18T21:38:48.493+0545] {logging_mixin.py:188} INFO - [2026-07-18T21:38:48.493+0545] {dag.py:3089} INFO - Sync 1 DAGs
[2026-07-18T21:38:48.508+0545] {logging_mixin.py:188} INFO - [2026-07-18T21:38:48.508+0545] {dag.py:3111} INFO - Creating ORM DAG for example_weekday_branch_operator
[2026-07-18T21:38:48.521+0545] {logging_mixin.py:188} INFO - [2026-07-18T21:38:48.521+0545] {dag.py:3947} INFO - Setting next_dagrun for example_weekday_branch_operator to 2026-07-17 00:00:00+00:00, run_after=2026-07-18 00:00:00+00:00
[2026-07-18T21:38:48.542+0545] {processor.py:183} INFO - Processing /home/snigdh/repos/bigData/spark_demo_env/lib/python3.12/site-packages/airflow/example_dags/example_branch_day_of_week_operator.py took 0.214 seconds
[2026-07-18T21:39:46.104+0545] {processor.py:161} INFO - Started process (PID=262844) to work on /home/snigdh/repos/bigData/spark_demo_env/lib/python3.12/site-packages/airflow/example_dags/example_branch_day_of_week_operator.py
[2026-07-18T21:39:46.108+0545] {processor.py:830} INFO - Processing file /home/snigdh/repos/bigData/spark_demo_env/lib/python3.12/site-packages/airflow/example_dags/example_branch_day_of_week_operator.py for tasks to queue
[2026-07-18T21:39:46.111+0545] {logging_mixin.py:188} INFO - [2026-07-18T21:39:46.110+0545] {dagbag.py:545} INFO - Filling up the DagBag from /home/snigdh/repos/bigData/spark_demo_env/lib/python3.12/site-packages/airflow/example_dags/example_branch_day_of_week_operator.py
[2026-07-18T21:39:46.125+0545] {processor.py:840} INFO - DAG(s) 'example_weekday_branch_operator' retrieved from /home/snigdh/repos/bigData/spark_demo_env/lib/python3.12/site-packages/airflow/example_dags/example_branch_day_of_week_operator.py
[2026-07-18T21:39:46.157+0545] {logging_mixin.py:188} INFO - [2026-07-18T21:39:46.156+0545] {dag.py:3089} INFO - Sync 1 DAGs
[2026-07-18T21:39:46.183+0545] {logging_mixin.py:188} INFO - [2026-07-18T21:39:46.182+0545] {dag.py:3947} INFO - Setting next_dagrun for example_weekday_branch_operator to 2026-07-17 00:00:00+00:00, run_after=2026-07-18 00:00:00+00:00
[2026-07-18T21:39:46.213+0545] {processor.py:183} INFO - Processing /home/snigdh/repos/bigData/spark_demo_env/lib/python3.12/site-packages/airflow/example_dags/example_branch_day_of_week_operator.py took 0.120 seconds
[2026-07-18T21:47:02.708+0545] {processor.py:161} INFO - Started process (PID=270122) to work on /home/snigdh/repos/bigData/spark_demo_env/lib/python3.12/site-packages/airflow/example_dags/example_branch_day_of_week_operator.py
[2026-07-18T21:47:02.712+0545] {processor.py:830} INFO - Processing file /home/snigdh/repos/bigData/spark_demo_env/lib/python3.12/site-packages/airflow/example_dags/example_branch_day_of_week_operator.py for tasks to queue
[2026-07-18T21:47:02.713+0545] {logging_mixin.py:188} INFO - [2026-07-18T21:47:02.713+0545] {dagbag.py:545} INFO - Filling up the DagBag from /home/snigdh/repos/bigData/spark_demo_env/lib/python3.12/site-packages/airflow/example_dags/example_branch_day_of_week_operator.py
[2026-07-18T21:47:02.726+0545] {processor.py:840} INFO - DAG(s) 'example_weekday_branch_operator' retrieved from /home/snigdh/repos/bigData/spark_demo_env/lib/python3.12/site-packages/airflow/example_dags/example_branch_day_of_week_operator.py
[2026-07-18T21:47:02.829+0545] {logging_mixin.py:188} INFO - [2026-07-18T21:47:02.829+0545] {dag.py:3089} INFO - Sync 1 DAGs
[2026-07-18T21:47:02.992+0545] {logging_mixin.py:188} INFO - [2026-07-18T21:47:02.991+0545] {dag.py:3947} INFO - Setting next_dagrun for example_weekday_branch_operator to 2026-07-17 00:00:00+00:00, run_after=2026-07-18 00:00:00+00:00
[2026-07-18T21:47:03.026+0545] {processor.py:183} INFO - Processing /home/snigdh/repos/bigData/spark_demo_env/lib/python3.12/site-packages/airflow/example_dags/example_branch_day_of_week_operator.py took 0.326 seconds
[2026-07-18T21:47:58.528+0545] {processor.py:161} INFO - Started process (PID=270761) to work on /home/snigdh/repos/bigData/spark_demo_env/lib/python3.12/site-packages/airflow/example_dags/example_branch_day_of_week_operator.py
[2026-07-18T21:47:58.530+0545] {processor.py:830} INFO - Processing file /home/snigdh/repos/bigData/spark_demo_env/lib/python3.12/site-packages/airflow/example_dags/example_branch_day_of_week_operator.py for tasks to queue
[2026-07-18T21:47:58.532+0545] {logging_mixin.py:188} INFO - [2026-07-18T21:47:58.531+0545] {dagbag.py:545} INFO - Filling up the DagBag from /home/snigdh/repos/bigData/spark_demo_env/lib/python3.12/site-packages/airflow/example_dags/example_branch_day_of_week_operator.py
[2026-07-18T21:47:58.543+0545] {processor.py:840} INFO - DAG(s) 'example_weekday_branch_operator' retrieved from /home/snigdh/repos/bigData/spark_demo_env/lib/python3.12/site-packages/airflow/example_dags/example_branch_day_of_week_operator.py
[2026-07-18T21:47:58.574+0545] {logging_mixin.py:188} INFO - [2026-07-18T21:47:58.573+0545] {dag.py:3089} INFO - Sync 1 DAGs
[2026-07-18T21:47:58.602+0545] {logging_mixin.py:188} INFO - [2026-07-18T21:47:58.602+0545] {dag.py:3947} INFO - Setting next_dagrun for example_weekday_branch_operator to 2026-07-17 00:00:00+00:00, run_after=2026-07-18 00:00:00+00:00
[2026-07-18T21:47:58.633+0545] {processor.py:183} INFO - Processing /home/snigdh/repos/bigData/spark_demo_env/lib/python3.12/site-packages/airflow/example_dags/example_branch_day_of_week_operator.py took 0.114 seconds
[2026-07-18T21:48:48.329+0545] {processor.py:161} INFO - Started process (PID=271680) to work on /home/snigdh/repos/bigData/spark_demo_env/lib/python3.12/site-packages/airflow/example_dags/example_branch_day_of_week_operator.py
[2026-07-18T21:48:48.333+0545] {processor.py:830} INFO - Processing file /home/snigdh/repos/bigData/spark_demo_env/lib/python3.12/site-packages/airflow/example_dags/example_branch_day_of_week_operator.py for tasks to queue
[2026-07-18T21:48:48.335+0545] {logging_mixin.py:188} INFO - [2026-07-18T21:48:48.334+0545] {dagbag.py:545} INFO - Filling up the DagBag from /home/snigdh/repos/bigData/spark_demo_env/lib/python3.12/site-packages/airflow/example_dags/example_branch_day_of_week_operator.py
[2026-07-18T21:48:48.352+0545] {processor.py:840} INFO - DAG(s) 'example_weekday_branch_operator' retrieved from /home/snigdh/repos/bigData/spark_demo_env/lib/python3.12/site-packages/airflow/example_dags/example_branch_day_of_week_operator.py
[2026-07-18T21:48:48.383+0545] {logging_mixin.py:188} INFO - [2026-07-18T21:48:48.382+0545] {dag.py:3089} INFO - Sync 1 DAGs
[2026-07-18T21:48:48.413+0545] {logging_mixin.py:188} INFO - [2026-07-18T21:48:48.413+0545] {dag.py:3947} INFO - Setting next_dagrun for example_weekday_branch_operator to 2026-07-17 00:00:00+00:00, run_after=2026-07-18 00:00:00+00:00
[2026-07-18T21:48:48.446+0545] {processor.py:183} INFO - Processing /home/snigdh/repos/bigData/spark_demo_env/lib/python3.12/site-packages/airflow/example_dags/example_branch_day_of_week_operator.py took 0.128 seconds
[2026-07-18T21:50:00.442+0545] {processor.py:161} INFO - Started process (PID=272525) to work on /home/snigdh/repos/bigData/spark_demo_env/lib/python3.12/site-packages/airflow/example_dags/example_branch_day_of_week_operator.py
[2026-07-18T21:50:00.446+0545] {processor.py:830} INFO - Processing file /home/snigdh/repos/bigData/spark_demo_env/lib/python3.12/site-packages/airflow/example_dags/example_branch_day_of_week_operator.py for tasks to queue
[2026-07-18T21:50:00.447+0545] {logging_mixin.py:188} INFO - [2026-07-18T21:50:00.446+0545] {dagbag.py:545} INFO - Filling up the DagBag from /home/snigdh/repos/bigData/spark_demo_env/lib/python3.12/site-packages/airflow/example_dags/example_branch_day_of_week_operator.py
[2026-07-18T21:50:00.459+0545] {processor.py:840} INFO - DAG(s) 'example_weekday_branch_operator' retrieved from /home/snigdh/repos/bigData/spark_demo_env/lib/python3.12/site-packages/airflow/example_dags/example_branch_day_of_week_operator.py
[2026-07-18T21:50:00.483+0545] {logging_mixin.py:188} INFO - [2026-07-18T21:50:00.482+0545] {dag.py:3089} INFO - Sync 1 DAGs
[2026-07-18T21:50:00.503+0545] {logging_mixin.py:188} INFO - [2026-07-18T21:50:00.503+0545] {dag.py:3947} INFO - Setting next_dagrun for example_weekday_branch_operator to 2026-07-17 00:00:00+00:00, run_after=2026-07-18 00:00:00+00:00
[2026-07-18T21:50:00.528+0545] {processor.py:183} INFO - Processing /home/snigdh/repos/bigData/spark_demo_env/lib/python3.12/site-packages/airflow/example_dags/example_branch_day_of_week_operator.py took 0.095 seconds
[2026-07-18T21:50:52.202+0545] {processor.py:161} INFO - Started process (PID=273206) to work on /home/snigdh/repos/bigData/spark_demo_env/lib/python3.12/site-packages/airflow/example_dags/example_branch_day_of_week_operator.py
[2026-07-18T21:50:52.206+0545] {processor.py:830} INFO - Processing file /home/snigdh/repos/bigData/spark_demo_env/lib/python3.12/site-packages/airflow/example_dags/example_branch_day_of_week_operator.py for tasks to queue
[2026-07-18T21:50:52.207+0545] {logging_mixin.py:188} INFO - [2026-07-18T21:50:52.206+0545] {dagbag.py:545} INFO - Filling up the DagBag from /home/snigdh/repos/bigData/spark_demo_env/lib/python3.12/site-packages/airflow/example_dags/example_branch_day_of_week_operator.py
[2026-07-18T21:50:52.218+0545] {processor.py:840} INFO - DAG(s) 'example_weekday_branch_operator' retrieved from /home/snigdh/repos/bigData/spark_demo_env/lib/python3.12/site-packages/airflow/example_dags/example_branch_day_of_week_operator.py
[2026-07-18T21:50:52.241+0545] {logging_mixin.py:188} INFO - [2026-07-18T21:50:52.241+0545] {dag.py:3089} INFO - Sync 1 DAGs
[2026-07-18T21:50:52.260+0545] {logging_mixin.py:188} INFO - [2026-07-18T21:50:52.260+0545] {dag.py:3947} INFO - Setting next_dagrun for example_weekday_branch_operator to 2026-07-17 00:00:00+00:00, run_after=2026-07-18 00:00:00+00:00
[2026-07-18T21:50:52.282+0545] {processor.py:183} INFO - Processing /home/snigdh/repos/bigData/spark_demo_env/lib/python3.12/site-packages/airflow/example_dags/example_branch_day_of_week_operator.py took 0.088 seconds
[2026-07-18T21:52:00.596+0545] {processor.py:161} INFO - Started process (PID=274135) to work on /home/snigdh/repos/bigData/spark_demo_env/lib/python3.12/site-packages/airflow/example_dags/example_branch_day_of_week_operator.py
[2026-07-18T21:52:00.600+0545] {processor.py:830} INFO - Processing file /home/snigdh/repos/bigData/spark_demo_env/lib/python3.12/site-packages/airflow/example_dags/example_branch_day_of_week_operator.py for tasks to queue
[2026-07-18T21:52:00.602+0545] {logging_mixin.py:188} INFO - [2026-07-18T21:52:00.601+0545] {dagbag.py:545} INFO - Filling up the DagBag from /home/snigdh/repos/bigData/spark_demo_env/lib/python3.12/site-packages/airflow/example_dags/example_branch_day_of_week_operator.py
[2026-07-18T21:52:00.611+0545] {processor.py:840} INFO - DAG(s) 'example_weekday_branch_operator' retrieved from /home/snigdh/repos/bigData/spark_demo_env/lib/python3.12/site-packages/airflow/example_dags/example_branch_day_of_week_operator.py
[2026-07-18T21:52:00.630+0545] {logging_mixin.py:188} INFO - [2026-07-18T21:52:00.630+0545] {dag.py:3089} INFO - Sync 1 DAGs
[2026-07-18T21:52:00.649+0545] {logging_mixin.py:188} INFO - [2026-07-18T21:52:00.648+0545] {dag.py:3947} INFO - Setting next_dagrun for example_weekday_branch_operator to 2026-07-17 00:00:00+00:00, run_after=2026-07-18 00:00:00+00:00
[2026-07-18T21:52:00.680+0545] {processor.py:183} INFO - Processing /home/snigdh/repos/bigData/spark_demo_env/lib/python3.12/site-packages/airflow/example_dags/example_branch_day_of_week_operator.py took 0.093 seconds
[2026-07-18T21:53:08.295+0545] {processor.py:161} INFO - Started process (PID=275030) to work on /home/snigdh/repos/bigData/spark_demo_env/lib/python3.12/site-packages/airflow/example_dags/example_branch_day_of_week_operator.py
[2026-07-18T21:53:08.299+0545] {processor.py:830} INFO - Processing file /home/snigdh/repos/bigData/spark_demo_env/lib/python3.12/site-packages/airflow/example_dags/example_branch_day_of_week_operator.py for tasks to queue
[2026-07-18T21:53:08.301+0545] {logging_mixin.py:188} INFO - [2026-07-18T21:53:08.300+0545] {dagbag.py:545} INFO - Filling up the DagBag from /home/snigdh/repos/bigData/spark_demo_env/lib/python3.12/site-packages/airflow/example_dags/example_branch_day_of_week_operator.py
[2026-07-18T21:53:08.312+0545] {processor.py:840} INFO - DAG(s) 'example_weekday_branch_operator' retrieved from /home/snigdh/repos/bigData/spark_demo_env/lib/python3.12/site-packages/airflow/example_dags/example_branch_day_of_week_operator.py
[2026-07-18T21:53:08.333+0545] {logging_mixin.py:188} INFO - [2026-07-18T21:53:08.333+0545] {dag.py:3089} INFO - Sync 1 DAGs
[2026-07-18T21:53:08.352+0545] {logging_mixin.py:188} INFO - [2026-07-18T21:53:08.352+0545] {dag.py:3947} INFO - Setting next_dagrun for example_weekday_branch_operator to 2026-07-17 00:00:00+00:00, run_after=2026-07-18 00:00:00+00:00
[2026-07-18T21:53:08.377+0545] {processor.py:183} INFO - Processing /home/snigdh/repos/bigData/spark_demo_env/lib/python3.12/site-packages/airflow/example_dags/example_branch_day_of_week_operator.py took 0.090 seconds
[2026-07-18T21:54:21.172+0545] {processor.py:161} INFO - Started process (PID=276157) to work on /home/snigdh/repos/bigData/spark_demo_env/lib/python3.12/site-packages/airflow/example_dags/example_branch_day_of_week_operator.py
[2026-07-18T21:54:21.173+0545] {processor.py:830} INFO - Processing file /home/snigdh/repos/bigData/spark_demo_env/lib/python3.12/site-packages/airflow/example_dags/example_branch_day_of_week_operator.py for tasks to queue
[2026-07-18T21:54:21.174+0545] {logging_mixin.py:188} INFO - [2026-07-18T21:54:21.173+0545] {dagbag.py:545} INFO - Filling up the DagBag from /home/snigdh/repos/bigData/spark_demo_env/lib/python3.12/site-packages/airflow/example_dags/example_branch_day_of_week_operator.py
[2026-07-18T21:54:21.181+0545] {processor.py:840} INFO - DAG(s) 'example_weekday_branch_operator' retrieved from /home/snigdh/repos/bigData/spark_demo_env/lib/python3.12/site-packages/airflow/example_dags/example_branch_day_of_week_operator.py
[2026-07-18T21:54:21.196+0545] {logging_mixin.py:188} INFO - [2026-07-18T21:54:21.196+0545] {dag.py:3089} INFO - Sync 1 DAGs
[2026-07-18T21:54:21.213+0545] {logging_mixin.py:188} INFO - [2026-07-18T21:54:21.213+0545] {dag.py:3947} INFO - Setting next_dagrun for example_weekday_branch_operator to 2026-07-17 00:00:00+00:00, run_after=2026-07-18 00:00:00+00:00
[2026-07-18T21:54:21.235+0545] {processor.py:183} INFO - Processing /home/snigdh/repos/bigData/spark_demo_env/lib/python3.12/site-packages/airflow/example_dags/example_branch_day_of_week_operator.py took 0.070 seconds
[2026-07-18T21:55:26.789+0545] {processor.py:161} INFO - Started process (PID=276917) to work on /home/snigdh/repos/bigData/spark_demo_env/lib/python3.12/site-packages/airflow/example_dags/example_branch_day_of_week_operator.py
[2026-07-18T21:55:26.791+0545] {processor.py:830} INFO - Processing file /home/snigdh/repos/bigData/spark_demo_env/lib/python3.12/site-packages/airflow/example_dags/example_branch_day_of_week_operator.py for tasks to queue
[2026-07-18T21:55:26.792+0545] {logging_mixin.py:188} INFO - [2026-07-18T21:55:26.792+0545] {dagbag.py:545} INFO - Filling up the DagBag from /home/snigdh/repos/bigData/spark_demo_env/lib/python3.12/site-packages/airflow/example_dags/example_branch_day_of_week_operator.py
[2026-07-18T21:55:26.803+0545] {processor.py:840} INFO - DAG(s) 'example_weekday_branch_operator' retrieved from /home/snigdh/repos/bigData/spark_demo_env/lib/python3.12/site-packages/airflow/example_dags/example_branch_day_of_week_operator.py
[2026-07-18T21:55:26.826+0545] {logging_mixin.py:188} INFO - [2026-07-18T21:55:26.826+0545] {dag.py:3089} INFO - Sync 1 DAGs
[2026-07-18T21:55:26.847+0545] {logging_mixin.py:188} INFO - [2026-07-18T21:55:26.846+0545] {dag.py:3947} INFO - Setting next_dagrun for example_weekday_branch_operator to 2026-07-17 00:00:00+00:00, run_after=2026-07-18 00:00:00+00:00
[2026-07-18T21:55:26.873+0545] {processor.py:183} INFO - Processing /home/snigdh/repos/bigData/spark_demo_env/lib/python3.12/site-packages/airflow/example_dags/example_branch_day_of_week_operator.py took 0.092 seconds
[2026-07-18T21:56:17.234+0545] {processor.py:161} INFO - Started process (PID=277406) to work on /home/snigdh/repos/bigData/spark_demo_env/lib/python3.12/site-packages/airflow/example_dags/example_branch_day_of_week_operator.py
[2026-07-18T21:56:17.238+0545] {processor.py:830} INFO - Processing file /home/snigdh/repos/bigData/spark_demo_env/lib/python3.12/site-packages/airflow/example_dags/example_branch_day_of_week_operator.py for tasks to queue
[2026-07-18T21:56:17.239+0545] {logging_mixin.py:188} INFO - [2026-07-18T21:56:17.239+0545] {dagbag.py:545} INFO - Filling up the DagBag from /home/snigdh/repos/bigData/spark_demo_env/lib/python3.12/site-packages/airflow/example_dags/example_branch_day_of_week_operator.py
[2026-07-18T21:56:17.250+0545] {processor.py:840} INFO - DAG(s) 'example_weekday_branch_operator' retrieved from /home/snigdh/repos/bigData/spark_demo_env/lib/python3.12/site-packages/airflow/example_dags/example_branch_day_of_week_operator.py
[2026-07-18T21:56:17.271+0545] {logging_mixin.py:188} INFO - [2026-07-18T21:56:17.270+0545] {dag.py:3089} INFO - Sync 1 DAGs
[2026-07-18T21:56:17.292+0545] {logging_mixin.py:188} INFO - [2026-07-18T21:56:17.292+0545] {dag.py:3947} INFO - Setting next_dagrun for example_weekday_branch_operator to 2026-07-17 00:00:00+00:00, run_after=2026-07-18 00:00:00+00:00
[2026-07-18T21:56:17.317+0545] {processor.py:183} INFO - Processing /home/snigdh/repos/bigData/spark_demo_env/lib/python3.12/site-packages/airflow/example_dags/example_branch_day_of_week_operator.py took 0.090 seconds
[2026-07-18T21:57:23.794+0545] {processor.py:161} INFO - Started process (PID=278044) to work on /home/snigdh/repos/bigData/spark_demo_env/lib/python3.12/site-packages/airflow/example_dags/example_branch_day_of_week_operator.py
[2026-07-18T21:57:23.798+0545] {processor.py:830} INFO - Processing file /home/snigdh/repos/bigData/spark_demo_env/lib/python3.12/site-packages/airflow/example_dags/example_branch_day_of_week_operator.py for tasks to queue
[2026-07-18T21:57:23.799+0545] {logging_mixin.py:188} INFO - [2026-07-18T21:57:23.799+0545] {dagbag.py:545} INFO - Filling up the DagBag from /home/snigdh/repos/bigData/spark_demo_env/lib/python3.12/site-packages/airflow/example_dags/example_branch_day_of_week_operator.py
[2026-07-18T21:57:23.812+0545] {processor.py:840} INFO - DAG(s) 'example_weekday_branch_operator' retrieved from /home/snigdh/repos/bigData/spark_demo_env/lib/python3.12/site-packages/airflow/example_dags/example_branch_day_of_week_operator.py
[2026-07-18T21:57:23.841+0545] {logging_mixin.py:188} INFO - [2026-07-18T21:57:23.840+0545] {dag.py:3089} INFO - Sync 1 DAGs
[2026-07-18T21:57:23.871+0545] {logging_mixin.py:188} INFO - [2026-07-18T21:57:23.871+0545] {dag.py:3947} INFO - Setting next_dagrun for example_weekday_branch_operator to 2026-07-17 00:00:00+00:00, run_after=2026-07-18 00:00:00+00:00
[2026-07-18T21:57:23.901+0545] {processor.py:183} INFO - Processing /home/snigdh/repos/bigData/spark_demo_env/lib/python3.12/site-packages/airflow/example_dags/example_branch_day_of_week_operator.py took 0.118 seconds
[2026-07-18T21:58:31.788+0545] {processor.py:161} INFO - Started process (PID=278729) to work on /home/snigdh/repos/bigData/spark_demo_env/lib/python3.12/site-packages/airflow/example_dags/example_branch_day_of_week_operator.py
[2026-07-18T21:58:31.790+0545] {processor.py:830} INFO - Processing file /home/snigdh/repos/bigData/spark_demo_env/lib/python3.12/site-packages/airflow/example_dags/example_branch_day_of_week_operator.py for tasks to queue
[2026-07-18T21:58:31.791+0545] {logging_mixin.py:188} INFO - [2026-07-18T21:58:31.790+0545] {dagbag.py:545} INFO - Filling up the DagBag from /home/snigdh/repos/bigData/spark_demo_env/lib/python3.12/site-packages/airflow/example_dags/example_branch_day_of_week_operator.py
[2026-07-18T21:58:31.802+0545] {processor.py:840} INFO - DAG(s) 'example_weekday_branch_operator' retrieved from /home/snigdh/repos/bigData/spark_demo_env/lib/python3.12/site-packages/airflow/example_dags/example_branch_day_of_week_operator.py
[2026-07-18T21:58:31.825+0545] {logging_mixin.py:188} INFO - [2026-07-18T21:58:31.825+0545] {dag.py:3089} INFO - Sync 1 DAGs
[2026-07-18T21:58:31.846+0545] {logging_mixin.py:188} INFO - [2026-07-18T21:58:31.846+0545] {dag.py:3947} INFO - Setting next_dagrun for example_weekday_branch_operator to 2026-07-17 00:00:00+00:00, run_after=2026-07-18 00:00:00+00:00
[2026-07-18T21:58:31.867+0545] {processor.py:183} INFO - Processing /home/snigdh/repos/bigData/spark_demo_env/lib/python3.12/site-packages/airflow/example_dags/example_branch_day_of_week_operator.py took 0.088 seconds
[2026-07-18T21:59:40.645+0545] {processor.py:161} INFO - Started process (PID=279361) to work on /home/snigdh/repos/bigData/spark_demo_env/lib/python3.12/site-packages/airflow/example_dags/example_branch_day_of_week_operator.py
[2026-07-18T21:59:40.649+0545] {processor.py:830} INFO - Processing file /home/snigdh/repos/bigData/spark_demo_env/lib/python3.12/site-packages/airflow/example_dags/example_branch_day_of_week_operator.py for tasks to queue
[2026-07-18T21:59:40.650+0545] {logging_mixin.py:188} INFO - [2026-07-18T21:59:40.650+0545] {dagbag.py:545} INFO - Filling up the DagBag from /home/snigdh/repos/bigData/spark_demo_env/lib/python3.12/site-packages/airflow/example_dags/example_branch_day_of_week_operator.py
[2026-07-18T21:59:40.665+0545] {processor.py:840} INFO - DAG(s) 'example_weekday_branch_operator' retrieved from /home/snigdh/repos/bigData/spark_demo_env/lib/python3.12/site-packages/airflow/example_dags/example_branch_day_of_week_operator.py
[2026-07-18T21:59:40.692+0545] {logging_mixin.py:188} INFO - [2026-07-18T21:59:40.692+0545] {dag.py:3089} INFO - Sync 1 DAGs
[2026-07-18T21:59:40.715+0545] {logging_mixin.py:188} INFO - [2026-07-18T21:59:40.715+0545] {dag.py:3947} INFO - Setting next_dagrun for example_weekday_branch_operator to 2026-07-17 00:00:00+00:00, run_after=2026-07-18 00:00:00+00:00
[2026-07-18T21:59:40.744+0545] {processor.py:183} INFO - Processing /home/snigdh/repos/bigData/spark_demo_env/lib/python3.12/site-packages/airflow/example_dags/example_branch_day_of_week_operator.py took 0.108 seconds
[2026-07-18T22:00:50.758+0545] {processor.py:161} INFO - Started process (PID=279989) to work on /home/snigdh/repos/bigData/spark_demo_env/lib/python3.12/site-packages/airflow/example_dags/example_branch_day_of_week_operator.py
[2026-07-18T22:00:50.762+0545] {processor.py:830} INFO - Processing file /home/snigdh/repos/bigData/spark_demo_env/lib/python3.12/site-packages/airflow/example_dags/example_branch_day_of_week_operator.py for tasks to queue
[2026-07-18T22:00:50.764+0545] {logging_mixin.py:188} INFO - [2026-07-18T22:00:50.762+0545] {dagbag.py:545} INFO - Filling up the DagBag from /home/snigdh/repos/bigData/spark_demo_env/lib/python3.12/site-packages/airflow/example_dags/example_branch_day_of_week_operator.py
[2026-07-18T22:00:50.775+0545] {processor.py:840} INFO - DAG(s) 'example_weekday_branch_operator' retrieved from /home/snigdh/repos/bigData/spark_demo_env/lib/python3.12/site-packages/airflow/example_dags/example_branch_day_of_week_operator.py
[2026-07-18T22:00:50.799+0545] {logging_mixin.py:188} INFO - [2026-07-18T22:00:50.799+0545] {dag.py:3089} INFO - Sync 1 DAGs
[2026-07-18T22:00:50.820+0545] {logging_mixin.py:188} INFO - [2026-07-18T22:00:50.820+0545] {dag.py:3947} INFO - Setting next_dagrun for example_weekday_branch_operator to 2026-07-17 00:00:00+00:00, run_after=2026-07-18 00:00:00+00:00
[2026-07-18T22:00:50.843+0545] {processor.py:183} INFO - Processing /home/snigdh/repos/bigData/spark_demo_env/lib/python3.12/site-packages/airflow/example_dags/example_branch_day_of_week_operator.py took 0.096 seconds
[2026-07-18T22:01:58.501+0545] {processor.py:161} INFO - Started process (PID=280596) to work on /home/snigdh/repos/bigData/spark_demo_env/lib/python3.12/site-packages/airflow/example_dags/example_branch_day_of_week_operator.py
[2026-07-18T22:01:58.505+0545] {processor.py:830} INFO - Processing file /home/snigdh/repos/bigData/spark_demo_env/lib/python3.12/site-packages/airflow/example_dags/example_branch_day_of_week_operator.py for tasks to queue
[2026-07-18T22:01:58.507+0545] {logging_mixin.py:188} INFO - [2026-07-18T22:01:58.506+0545] {dagbag.py:545} INFO - Filling up the DagBag from /home/snigdh/repos/bigData/spark_demo_env/lib/python3.12/site-packages/airflow/example_dags/example_branch_day_of_week_operator.py
[2026-07-18T22:01:58.518+0545] {processor.py:840} INFO - DAG(s) 'example_weekday_branch_operator' retrieved from /home/snigdh/repos/bigData/spark_demo_env/lib/python3.12/site-packages/airflow/example_dags/example_branch_day_of_week_operator.py
[2026-07-18T22:01:58.538+0545] {logging_mixin.py:188} INFO - [2026-07-18T22:01:58.537+0545] {dag.py:3089} INFO - Sync 1 DAGs
[2026-07-18T22:01:58.558+0545] {logging_mixin.py:188} INFO - [2026-07-18T22:01:58.558+0545] {dag.py:3947} INFO - Setting next_dagrun for example_weekday_branch_operator to 2026-07-17 00:00:00+00:00, run_after=2026-07-18 00:00:00+00:00
[2026-07-18T22:01:58.588+0545] {processor.py:183} INFO - Processing /home/snigdh/repos/bigData/spark_demo_env/lib/python3.12/site-packages/airflow/example_dags/example_branch_day_of_week_operator.py took 0.095 seconds
