[2026-07-18T21:38:23.391+0545] {processor.py:161} INFO - Started process (PID=262429) to work on /home/snigdh/repos/bigData/spark_demo_env/lib/python3.12/site-packages/airflow/example_dags/example_skip_dag.py
[2026-07-18T21:38:23.393+0545] {processor.py:830} INFO - Processing file /home/snigdh/repos/bigData/spark_demo_env/lib/python3.12/site-packages/airflow/example_dags/example_skip_dag.py for tasks to queue
[2026-07-18T21:38:23.395+0545] {logging_mixin.py:188} INFO - [2026-07-18T21:38:23.395+0545] {dagbag.py:545} INFO - Filling up the DagBag from /home/snigdh/repos/bigData/spark_demo_env/lib/python3.12/site-packages/airflow/example_dags/example_skip_dag.py
[2026-07-18T21:38:23.405+0545] {processor.py:840} INFO - DAG(s) 'example_skip_dag' retrieved from /home/snigdh/repos/bigData/spark_demo_env/lib/python3.12/site-packages/airflow/example_dags/example_skip_dag.py
[2026-07-18T21:38:23.542+0545] {logging_mixin.py:188} INFO - [2026-07-18T21:38:23.541+0545] {override.py:1858} INFO - Created Permission View: can delete on DAG:example_skip_dag
[2026-07-18T21:38:23.558+0545] {logging_mixin.py:188} INFO - [2026-07-18T21:38:23.557+0545] {override.py:1858} INFO - Created Permission View: can read on DAG:example_skip_dag
[2026-07-18T21:38:23.567+0545] {logging_mixin.py:188} INFO - [2026-07-18T21:38:23.566+0545] {override.py:1858} INFO - Created Permission View: can edit on DAG:example_skip_dag
[2026-07-18T21:38:23.567+0545] {logging_mixin.py:188} INFO - [2026-07-18T21:38:23.567+0545] {dag.py:3089} INFO - Sync 1 DAGs
[2026-07-18T21:38:23.579+0545] {logging_mixin.py:188} INFO - [2026-07-18T21:38:23.578+0545] {dag.py:3111} INFO - Creating ORM DAG for example_skip_dag
[2026-07-18T21:38:23.590+0545] {logging_mixin.py:188} INFO - [2026-07-18T21:38:23.590+0545] {dag.py:3947} INFO - Setting next_dagrun for example_skip_dag to 2026-07-17 00:00:00+00:00, run_after=2026-07-18 00:00:00+00:00
[2026-07-18T21:38:23.616+0545] {processor.py:183} INFO - Processing /home/snigdh/repos/bigData/spark_demo_env/lib/python3.12/site-packages/airflow/example_dags/example_skip_dag.py took 0.233 seconds
[2026-07-18T21:39:23.390+0545] {processor.py:161} INFO - Started process (PID=262742) to work on /home/snigdh/repos/bigData/spark_demo_env/lib/python3.12/site-packages/airflow/example_dags/example_skip_dag.py
[2026-07-18T21:39:23.394+0545] {processor.py:830} INFO - Processing file /home/snigdh/repos/bigData/spark_demo_env/lib/python3.12/site-packages/airflow/example_dags/example_skip_dag.py for tasks to queue
[2026-07-18T21:39:23.397+0545] {logging_mixin.py:188} INFO - [2026-07-18T21:39:23.396+0545] {dagbag.py:545} INFO - Filling up the DagBag from /home/snigdh/repos/bigData/spark_demo_env/lib/python3.12/site-packages/airflow/example_dags/example_skip_dag.py
[2026-07-18T21:39:23.406+0545] {processor.py:840} INFO - DAG(s) 'example_skip_dag' retrieved from /home/snigdh/repos/bigData/spark_demo_env/lib/python3.12/site-packages/airflow/example_dags/example_skip_dag.py
[2026-07-18T21:39:23.431+0545] {logging_mixin.py:188} INFO - [2026-07-18T21:39:23.430+0545] {dag.py:3089} INFO - Sync 1 DAGs
[2026-07-18T21:39:23.454+0545] {logging_mixin.py:188} INFO - [2026-07-18T21:39:23.454+0545] {dag.py:3947} INFO - Setting next_dagrun for example_skip_dag to 2026-07-17 00:00:00+00:00, run_after=2026-07-18 00:00:00+00:00
[2026-07-18T21:39:23.478+0545] {processor.py:183} INFO - Processing /home/snigdh/repos/bigData/spark_demo_env/lib/python3.12/site-packages/airflow/example_dags/example_skip_dag.py took 0.097 seconds
[2026-07-18T21:40:17.538+0545] {processor.py:161} INFO - Started process (PID=263028) to work on /home/snigdh/repos/bigData/spark_demo_env/lib/python3.12/site-packages/airflow/example_dags/example_skip_dag.py
[2026-07-18T21:40:17.541+0545] {processor.py:830} INFO - Processing file /home/snigdh/repos/bigData/spark_demo_env/lib/python3.12/site-packages/airflow/example_dags/example_skip_dag.py for tasks to queue
[2026-07-18T21:40:17.543+0545] {logging_mixin.py:188} INFO - [2026-07-18T21:40:17.542+0545] {dagbag.py:545} INFO - Filling up the DagBag from /home/snigdh/repos/bigData/spark_demo_env/lib/python3.12/site-packages/airflow/example_dags/example_skip_dag.py
[2026-07-18T21:40:17.549+0545] {processor.py:840} INFO - DAG(s) 'example_skip_dag' retrieved from /home/snigdh/repos/bigData/spark_demo_env/lib/python3.12/site-packages/airflow/example_dags/example_skip_dag.py
[2026-07-18T21:40:17.558+0545] {logging_mixin.py:188} INFO - [2026-07-18T21:40:17.557+0545] {dag.py:3089} INFO - Sync 1 DAGs
[2026-07-18T21:40:17.578+0545] {logging_mixin.py:188} INFO - [2026-07-18T21:40:17.578+0545] {dag.py:3947} INFO - Setting next_dagrun for example_skip_dag to 2026-07-17 00:00:00+00:00, run_after=2026-07-18 00:00:00+00:00
[2026-07-18T21:40:17.602+0545] {processor.py:183} INFO - Processing /home/snigdh/repos/bigData/spark_demo_env/lib/python3.12/site-packages/airflow/example_dags/example_skip_dag.py took 0.069 seconds
[2026-07-18T21:46:36.415+0545] {processor.py:161} INFO - Started process (PID=269861) to work on /home/snigdh/repos/bigData/spark_demo_env/lib/python3.12/site-packages/airflow/example_dags/example_skip_dag.py
[2026-07-18T21:46:36.416+0545] {processor.py:830} INFO - Processing file /home/snigdh/repos/bigData/spark_demo_env/lib/python3.12/site-packages/airflow/example_dags/example_skip_dag.py for tasks to queue
[2026-07-18T21:46:36.417+0545] {logging_mixin.py:188} INFO - [2026-07-18T21:46:36.417+0545] {dagbag.py:545} INFO - Filling up the DagBag from /home/snigdh/repos/bigData/spark_demo_env/lib/python3.12/site-packages/airflow/example_dags/example_skip_dag.py
[2026-07-18T21:46:36.424+0545] {processor.py:840} INFO - DAG(s) 'example_skip_dag' retrieved from /home/snigdh/repos/bigData/spark_demo_env/lib/python3.12/site-packages/airflow/example_dags/example_skip_dag.py
[2026-07-18T21:46:36.521+0545] {logging_mixin.py:188} INFO - [2026-07-18T21:46:36.521+0545] {dag.py:3089} INFO - Sync 1 DAGs
[2026-07-18T21:46:36.538+0545] {logging_mixin.py:188} INFO - [2026-07-18T21:46:36.538+0545] {dag.py:3947} INFO - Setting next_dagrun for example_skip_dag to 2026-07-17 00:00:00+00:00, run_after=2026-07-18 00:00:00+00:00
[2026-07-18T21:46:36.561+0545] {processor.py:183} INFO - Processing /home/snigdh/repos/bigData/spark_demo_env/lib/python3.12/site-packages/airflow/example_dags/example_skip_dag.py took 0.151 seconds
[2026-07-18T21:47:38.258+0545] {processor.py:161} INFO - Started process (PID=270529) to work on /home/snigdh/repos/bigData/spark_demo_env/lib/python3.12/site-packages/airflow/example_dags/example_skip_dag.py
[2026-07-18T21:47:38.262+0545] {processor.py:830} INFO - Processing file /home/snigdh/repos/bigData/spark_demo_env/lib/python3.12/site-packages/airflow/example_dags/example_skip_dag.py for tasks to queue
[2026-07-18T21:47:38.265+0545] {logging_mixin.py:188} INFO - [2026-07-18T21:47:38.264+0545] {dagbag.py:545} INFO - Filling up the DagBag from /home/snigdh/repos/bigData/spark_demo_env/lib/python3.12/site-packages/airflow/example_dags/example_skip_dag.py
[2026-07-18T21:47:38.276+0545] {processor.py:840} INFO - DAG(s) 'example_skip_dag' retrieved from /home/snigdh/repos/bigData/spark_demo_env/lib/python3.12/site-packages/airflow/example_dags/example_skip_dag.py
[2026-07-18T21:47:38.306+0545] {logging_mixin.py:188} INFO - [2026-07-18T21:47:38.305+0545] {dag.py:3089} INFO - Sync 1 DAGs
[2026-07-18T21:47:38.329+0545] {logging_mixin.py:188} INFO - [2026-07-18T21:47:38.329+0545] {dag.py:3947} INFO - Setting next_dagrun for example_skip_dag to 2026-07-17 00:00:00+00:00, run_after=2026-07-18 00:00:00+00:00
[2026-07-18T21:47:38.354+0545] {processor.py:183} INFO - Processing /home/snigdh/repos/bigData/spark_demo_env/lib/python3.12/site-packages/airflow/example_dags/example_skip_dag.py took 0.108 seconds
[2026-07-18T21:48:27.810+0545] {processor.py:161} INFO - Started process (PID=271204) to work on /home/snigdh/repos/bigData/spark_demo_env/lib/python3.12/site-packages/airflow/example_dags/example_skip_dag.py
[2026-07-18T21:48:27.813+0545] {processor.py:830} INFO - Processing file /home/snigdh/repos/bigData/spark_demo_env/lib/python3.12/site-packages/airflow/example_dags/example_skip_dag.py for tasks to queue
[2026-07-18T21:48:27.816+0545] {logging_mixin.py:188} INFO - [2026-07-18T21:48:27.814+0545] {dagbag.py:545} INFO - Filling up the DagBag from /home/snigdh/repos/bigData/spark_demo_env/lib/python3.12/site-packages/airflow/example_dags/example_skip_dag.py
[2026-07-18T21:48:27.825+0545] {processor.py:840} INFO - DAG(s) 'example_skip_dag' retrieved from /home/snigdh/repos/bigData/spark_demo_env/lib/python3.12/site-packages/airflow/example_dags/example_skip_dag.py
[2026-07-18T21:48:27.849+0545] {logging_mixin.py:188} INFO - [2026-07-18T21:48:27.849+0545] {dag.py:3089} INFO - Sync 1 DAGs
[2026-07-18T21:48:27.867+0545] {logging_mixin.py:188} INFO - [2026-07-18T21:48:27.866+0545] {dag.py:3947} INFO - Setting next_dagrun for example_skip_dag to 2026-07-17 00:00:00+00:00, run_after=2026-07-18 00:00:00+00:00
[2026-07-18T21:48:27.890+0545] {processor.py:183} INFO - Processing /home/snigdh/repos/bigData/spark_demo_env/lib/python3.12/site-packages/airflow/example_dags/example_skip_dag.py took 0.089 seconds
[2026-07-18T21:49:23.842+0545] {processor.py:161} INFO - Started process (PID=272040) to work on /home/snigdh/repos/bigData/spark_demo_env/lib/python3.12/site-packages/airflow/example_dags/example_skip_dag.py
[2026-07-18T21:49:23.846+0545] {processor.py:830} INFO - Processing file /home/snigdh/repos/bigData/spark_demo_env/lib/python3.12/site-packages/airflow/example_dags/example_skip_dag.py for tasks to queue
[2026-07-18T21:49:23.847+0545] {logging_mixin.py:188} INFO - [2026-07-18T21:49:23.846+0545] {dagbag.py:545} INFO - Filling up the DagBag from /home/snigdh/repos/bigData/spark_demo_env/lib/python3.12/site-packages/airflow/example_dags/example_skip_dag.py
[2026-07-18T21:49:23.852+0545] {processor.py:840} INFO - DAG(s) 'example_skip_dag' retrieved from /home/snigdh/repos/bigData/spark_demo_env/lib/python3.12/site-packages/airflow/example_dags/example_skip_dag.py
[2026-07-18T21:49:23.874+0545] {logging_mixin.py:188} INFO - [2026-07-18T21:49:23.874+0545] {dag.py:3089} INFO - Sync 1 DAGs
[2026-07-18T21:49:24.036+0545] {logging_mixin.py:188} INFO - [2026-07-18T21:49:24.036+0545] {dag.py:3947} INFO - Setting next_dagrun for example_skip_dag to 2026-07-17 00:00:00+00:00, run_after=2026-07-18 00:00:00+00:00
[2026-07-18T21:49:24.059+0545] {processor.py:183} INFO - Processing /home/snigdh/repos/bigData/spark_demo_env/lib/python3.12/site-packages/airflow/example_dags/example_skip_dag.py took 0.226 seconds
[2026-07-18T21:50:16.216+0545] {processor.py:161} INFO - Started process (PID=272674) to work on /home/snigdh/repos/bigData/spark_demo_env/lib/python3.12/site-packages/airflow/example_dags/example_skip_dag.py
[2026-07-18T21:50:16.220+0545] {processor.py:830} INFO - Processing file /home/snigdh/repos/bigData/spark_demo_env/lib/python3.12/site-packages/airflow/example_dags/example_skip_dag.py for tasks to queue
[2026-07-18T21:50:16.221+0545] {logging_mixin.py:188} INFO - [2026-07-18T21:50:16.220+0545] {dagbag.py:545} INFO - Filling up the DagBag from /home/snigdh/repos/bigData/spark_demo_env/lib/python3.12/site-packages/airflow/example_dags/example_skip_dag.py
[2026-07-18T21:50:16.226+0545] {processor.py:840} INFO - DAG(s) 'example_skip_dag' retrieved from /home/snigdh/repos/bigData/spark_demo_env/lib/python3.12/site-packages/airflow/example_dags/example_skip_dag.py
[2026-07-18T21:50:16.242+0545] {logging_mixin.py:188} INFO - [2026-07-18T21:50:16.242+0545] {dag.py:3089} INFO - Sync 1 DAGs
[2026-07-18T21:50:16.260+0545] {logging_mixin.py:188} INFO - [2026-07-18T21:50:16.260+0545] {dag.py:3947} INFO - Setting next_dagrun for example_skip_dag to 2026-07-17 00:00:00+00:00, run_after=2026-07-18 00:00:00+00:00
[2026-07-18T21:50:16.281+0545] {processor.py:183} INFO - Processing /home/snigdh/repos/bigData/spark_demo_env/lib/python3.12/site-packages/airflow/example_dags/example_skip_dag.py took 0.070 seconds
[2026-07-18T21:51:00.887+0545] {processor.py:161} INFO - Started process (PID=273333) to work on /home/snigdh/repos/bigData/spark_demo_env/lib/python3.12/site-packages/airflow/example_dags/example_skip_dag.py
[2026-07-18T21:51:00.890+0545] {processor.py:830} INFO - Processing file /home/snigdh/repos/bigData/spark_demo_env/lib/python3.12/site-packages/airflow/example_dags/example_skip_dag.py for tasks to queue
[2026-07-18T21:51:00.891+0545] {logging_mixin.py:188} INFO - [2026-07-18T21:51:00.891+0545] {dagbag.py:545} INFO - Filling up the DagBag from /home/snigdh/repos/bigData/spark_demo_env/lib/python3.12/site-packages/airflow/example_dags/example_skip_dag.py
[2026-07-18T21:51:00.898+0545] {processor.py:840} INFO - DAG(s) 'example_skip_dag' retrieved from /home/snigdh/repos/bigData/spark_demo_env/lib/python3.12/site-packages/airflow/example_dags/example_skip_dag.py
[2026-07-18T21:51:00.928+0545] {logging_mixin.py:188} INFO - [2026-07-18T21:51:00.927+0545] {dag.py:3089} INFO - Sync 1 DAGs
[2026-07-18T21:51:00.944+0545] {logging_mixin.py:188} INFO - [2026-07-18T21:51:00.944+0545] {dag.py:3947} INFO - Setting next_dagrun for example_skip_dag to 2026-07-17 00:00:00+00:00, run_after=2026-07-18 00:00:00+00:00
[2026-07-18T21:51:00.969+0545] {processor.py:183} INFO - Processing /home/snigdh/repos/bigData/spark_demo_env/lib/python3.12/site-packages/airflow/example_dags/example_skip_dag.py took 0.090 seconds
[2026-07-18T21:51:47.625+0545] {processor.py:161} INFO - Started process (PID=273945) to work on /home/snigdh/repos/bigData/spark_demo_env/lib/python3.12/site-packages/airflow/example_dags/example_skip_dag.py
[2026-07-18T21:51:47.627+0545] {processor.py:830} INFO - Processing file /home/snigdh/repos/bigData/spark_demo_env/lib/python3.12/site-packages/airflow/example_dags/example_skip_dag.py for tasks to queue
[2026-07-18T21:51:47.628+0545] {logging_mixin.py:188} INFO - [2026-07-18T21:51:47.628+0545] {dagbag.py:545} INFO - Filling up the DagBag from /home/snigdh/repos/bigData/spark_demo_env/lib/python3.12/site-packages/airflow/example_dags/example_skip_dag.py
[2026-07-18T21:51:47.636+0545] {processor.py:840} INFO - DAG(s) 'example_skip_dag' retrieved from /home/snigdh/repos/bigData/spark_demo_env/lib/python3.12/site-packages/airflow/example_dags/example_skip_dag.py
[2026-07-18T21:51:47.662+0545] {logging_mixin.py:188} INFO - [2026-07-18T21:51:47.661+0545] {dag.py:3089} INFO - Sync 1 DAGs
[2026-07-18T21:51:47.682+0545] {logging_mixin.py:188} INFO - [2026-07-18T21:51:47.682+0545] {dag.py:3947} INFO - Setting next_dagrun for example_skip_dag to 2026-07-17 00:00:00+00:00, run_after=2026-07-18 00:00:00+00:00
[2026-07-18T21:51:47.705+0545] {processor.py:183} INFO - Processing /home/snigdh/repos/bigData/spark_demo_env/lib/python3.12/site-packages/airflow/example_dags/example_skip_dag.py took 0.089 seconds
[2026-07-18T21:52:33.691+0545] {processor.py:161} INFO - Started process (PID=274539) to work on /home/snigdh/repos/bigData/spark_demo_env/lib/python3.12/site-packages/airflow/example_dags/example_skip_dag.py
[2026-07-18T21:52:33.695+0545] {processor.py:830} INFO - Processing file /home/snigdh/repos/bigData/spark_demo_env/lib/python3.12/site-packages/airflow/example_dags/example_skip_dag.py for tasks to queue
[2026-07-18T21:52:33.696+0545] {logging_mixin.py:188} INFO - [2026-07-18T21:52:33.696+0545] {dagbag.py:545} INFO - Filling up the DagBag from /home/snigdh/repos/bigData/spark_demo_env/lib/python3.12/site-packages/airflow/example_dags/example_skip_dag.py
[2026-07-18T21:52:33.702+0545] {processor.py:840} INFO - DAG(s) 'example_skip_dag' retrieved from /home/snigdh/repos/bigData/spark_demo_env/lib/python3.12/site-packages/airflow/example_dags/example_skip_dag.py
[2026-07-18T21:52:33.725+0545] {logging_mixin.py:188} INFO - [2026-07-18T21:52:33.725+0545] {dag.py:3089} INFO - Sync 1 DAGs
[2026-07-18T21:52:33.743+0545] {logging_mixin.py:188} INFO - [2026-07-18T21:52:33.742+0545] {dag.py:3947} INFO - Setting next_dagrun for example_skip_dag to 2026-07-17 00:00:00+00:00, run_after=2026-07-18 00:00:00+00:00
[2026-07-18T21:52:33.767+0545] {processor.py:183} INFO - Processing /home/snigdh/repos/bigData/spark_demo_env/lib/python3.12/site-packages/airflow/example_dags/example_skip_dag.py took 0.084 seconds
[2026-07-18T21:53:18.602+0545] {processor.py:161} INFO - Started process (PID=275128) to work on /home/snigdh/repos/bigData/spark_demo_env/lib/python3.12/site-packages/airflow/example_dags/example_skip_dag.py
[2026-07-18T21:53:18.605+0545] {processor.py:830} INFO - Processing file /home/snigdh/repos/bigData/spark_demo_env/lib/python3.12/site-packages/airflow/example_dags/example_skip_dag.py for tasks to queue
[2026-07-18T21:53:18.606+0545] {logging_mixin.py:188} INFO - [2026-07-18T21:53:18.606+0545] {dagbag.py:545} INFO - Filling up the DagBag from /home/snigdh/repos/bigData/spark_demo_env/lib/python3.12/site-packages/airflow/example_dags/example_skip_dag.py
[2026-07-18T21:53:18.612+0545] {processor.py:840} INFO - DAG(s) 'example_skip_dag' retrieved from /home/snigdh/repos/bigData/spark_demo_env/lib/python3.12/site-packages/airflow/example_dags/example_skip_dag.py
[2026-07-18T21:53:18.629+0545] {logging_mixin.py:188} INFO - [2026-07-18T21:53:18.628+0545] {dag.py:3089} INFO - Sync 1 DAGs
[2026-07-18T21:53:18.643+0545] {logging_mixin.py:188} INFO - [2026-07-18T21:53:18.643+0545] {dag.py:3947} INFO - Setting next_dagrun for example_skip_dag to 2026-07-17 00:00:00+00:00, run_after=2026-07-18 00:00:00+00:00
[2026-07-18T21:53:18.665+0545] {processor.py:183} INFO - Processing /home/snigdh/repos/bigData/spark_demo_env/lib/python3.12/site-packages/airflow/example_dags/example_skip_dag.py took 0.067 seconds
[2026-07-18T21:54:08.235+0545] {processor.py:161} INFO - Started process (PID=275999) to work on /home/snigdh/repos/bigData/spark_demo_env/lib/python3.12/site-packages/airflow/example_dags/example_skip_dag.py
[2026-07-18T21:54:08.239+0545] {processor.py:830} INFO - Processing file /home/snigdh/repos/bigData/spark_demo_env/lib/python3.12/site-packages/airflow/example_dags/example_skip_dag.py for tasks to queue
[2026-07-18T21:54:08.241+0545] {logging_mixin.py:188} INFO - [2026-07-18T21:54:08.240+0545] {dagbag.py:545} INFO - Filling up the DagBag from /home/snigdh/repos/bigData/spark_demo_env/lib/python3.12/site-packages/airflow/example_dags/example_skip_dag.py
[2026-07-18T21:54:08.252+0545] {processor.py:840} INFO - DAG(s) 'example_skip_dag' retrieved from /home/snigdh/repos/bigData/spark_demo_env/lib/python3.12/site-packages/airflow/example_dags/example_skip_dag.py
[2026-07-18T21:54:08.278+0545] {logging_mixin.py:188} INFO - [2026-07-18T21:54:08.278+0545] {dag.py:3089} INFO - Sync 1 DAGs
[2026-07-18T21:54:08.303+0545] {logging_mixin.py:188} INFO - [2026-07-18T21:54:08.303+0545] {dag.py:3947} INFO - Setting next_dagrun for example_skip_dag to 2026-07-17 00:00:00+00:00, run_after=2026-07-18 00:00:00+00:00
[2026-07-18T21:54:08.336+0545] {processor.py:183} INFO - Processing /home/snigdh/repos/bigData/spark_demo_env/lib/python3.12/site-packages/airflow/example_dags/example_skip_dag.py took 0.112 seconds
[2026-07-18T21:54:55.728+0545] {processor.py:161} INFO - Started process (PID=276608) to work on /home/snigdh/repos/bigData/spark_demo_env/lib/python3.12/site-packages/airflow/example_dags/example_skip_dag.py
[2026-07-18T21:54:55.730+0545] {processor.py:830} INFO - Processing file /home/snigdh/repos/bigData/spark_demo_env/lib/python3.12/site-packages/airflow/example_dags/example_skip_dag.py for tasks to queue
[2026-07-18T21:54:55.731+0545] {logging_mixin.py:188} INFO - [2026-07-18T21:54:55.731+0545] {dagbag.py:545} INFO - Filling up the DagBag from /home/snigdh/repos/bigData/spark_demo_env/lib/python3.12/site-packages/airflow/example_dags/example_skip_dag.py
[2026-07-18T21:54:55.740+0545] {processor.py:840} INFO - DAG(s) 'example_skip_dag' retrieved from /home/snigdh/repos/bigData/spark_demo_env/lib/python3.12/site-packages/airflow/example_dags/example_skip_dag.py
[2026-07-18T21:54:55.766+0545] {logging_mixin.py:188} INFO - [2026-07-18T21:54:55.766+0545] {dag.py:3089} INFO - Sync 1 DAGs
[2026-07-18T21:54:55.783+0545] {logging_mixin.py:188} INFO - [2026-07-18T21:54:55.783+0545] {dag.py:3947} INFO - Setting next_dagrun for example_skip_dag to 2026-07-17 00:00:00+00:00, run_after=2026-07-18 00:00:00+00:00
[2026-07-18T21:54:55.804+0545] {processor.py:183} INFO - Processing /home/snigdh/repos/bigData/spark_demo_env/lib/python3.12/site-packages/airflow/example_dags/example_skip_dag.py took 0.085 seconds
[2026-07-18T21:55:40.951+0545] {processor.py:161} INFO - Started process (PID=277068) to work on /home/snigdh/repos/bigData/spark_demo_env/lib/python3.12/site-packages/airflow/example_dags/example_skip_dag.py
[2026-07-18T21:55:40.953+0545] {processor.py:830} INFO - Processing file /home/snigdh/repos/bigData/spark_demo_env/lib/python3.12/site-packages/airflow/example_dags/example_skip_dag.py for tasks to queue
[2026-07-18T21:55:40.954+0545] {logging_mixin.py:188} INFO - [2026-07-18T21:55:40.954+0545] {dagbag.py:545} INFO - Filling up the DagBag from /home/snigdh/repos/bigData/spark_demo_env/lib/python3.12/site-packages/airflow/example_dags/example_skip_dag.py
[2026-07-18T21:55:40.962+0545] {processor.py:840} INFO - DAG(s) 'example_skip_dag' retrieved from /home/snigdh/repos/bigData/spark_demo_env/lib/python3.12/site-packages/airflow/example_dags/example_skip_dag.py
[2026-07-18T21:55:40.984+0545] {logging_mixin.py:188} INFO - [2026-07-18T21:55:40.983+0545] {dag.py:3089} INFO - Sync 1 DAGs
[2026-07-18T21:55:41.000+0545] {logging_mixin.py:188} INFO - [2026-07-18T21:55:41.000+0545] {dag.py:3947} INFO - Setting next_dagrun for example_skip_dag to 2026-07-17 00:00:00+00:00, run_after=2026-07-18 00:00:00+00:00
[2026-07-18T21:55:41.020+0545] {processor.py:183} INFO - Processing /home/snigdh/repos/bigData/spark_demo_env/lib/python3.12/site-packages/airflow/example_dags/example_skip_dag.py took 0.076 seconds
[2026-07-18T21:56:26.023+0545] {processor.py:161} INFO - Started process (PID=277478) to work on /home/snigdh/repos/bigData/spark_demo_env/lib/python3.12/site-packages/airflow/example_dags/example_skip_dag.py
[2026-07-18T21:56:26.024+0545] {processor.py:830} INFO - Processing file /home/snigdh/repos/bigData/spark_demo_env/lib/python3.12/site-packages/airflow/example_dags/example_skip_dag.py for tasks to queue
[2026-07-18T21:56:26.025+0545] {logging_mixin.py:188} INFO - [2026-07-18T21:56:26.025+0545] {dagbag.py:545} INFO - Filling up the DagBag from /home/snigdh/repos/bigData/spark_demo_env/lib/python3.12/site-packages/airflow/example_dags/example_skip_dag.py
[2026-07-18T21:56:26.033+0545] {processor.py:840} INFO - DAG(s) 'example_skip_dag' retrieved from /home/snigdh/repos/bigData/spark_demo_env/lib/python3.12/site-packages/airflow/example_dags/example_skip_dag.py
[2026-07-18T21:56:26.053+0545] {logging_mixin.py:188} INFO - [2026-07-18T21:56:26.053+0545] {dag.py:3089} INFO - Sync 1 DAGs
[2026-07-18T21:56:26.072+0545] {logging_mixin.py:188} INFO - [2026-07-18T21:56:26.072+0545] {dag.py:3947} INFO - Setting next_dagrun for example_skip_dag to 2026-07-17 00:00:00+00:00, run_after=2026-07-18 00:00:00+00:00
[2026-07-18T21:56:26.103+0545] {processor.py:183} INFO - Processing /home/snigdh/repos/bigData/spark_demo_env/lib/python3.12/site-packages/airflow/example_dags/example_skip_dag.py took 0.086 seconds
[2026-07-18T21:57:08.649+0545] {processor.py:161} INFO - Started process (PID=277911) to work on /home/snigdh/repos/bigData/spark_demo_env/lib/python3.12/site-packages/airflow/example_dags/example_skip_dag.py
[2026-07-18T21:57:08.653+0545] {processor.py:830} INFO - Processing file /home/snigdh/repos/bigData/spark_demo_env/lib/python3.12/site-packages/airflow/example_dags/example_skip_dag.py for tasks to queue
[2026-07-18T21:57:08.655+0545] {logging_mixin.py:188} INFO - [2026-07-18T21:57:08.654+0545] {dagbag.py:545} INFO - Filling up the DagBag from /home/snigdh/repos/bigData/spark_demo_env/lib/python3.12/site-packages/airflow/example_dags/example_skip_dag.py
[2026-07-18T21:57:08.664+0545] {processor.py:840} INFO - DAG(s) 'example_skip_dag' retrieved from /home/snigdh/repos/bigData/spark_demo_env/lib/python3.12/site-packages/airflow/example_dags/example_skip_dag.py
[2026-07-18T21:57:08.691+0545] {logging_mixin.py:188} INFO - [2026-07-18T21:57:08.690+0545] {dag.py:3089} INFO - Sync 1 DAGs
[2026-07-18T21:57:08.713+0545] {logging_mixin.py:188} INFO - [2026-07-18T21:57:08.713+0545] {dag.py:3947} INFO - Setting next_dagrun for example_skip_dag to 2026-07-17 00:00:00+00:00, run_after=2026-07-18 00:00:00+00:00
[2026-07-18T21:57:08.740+0545] {processor.py:183} INFO - Processing /home/snigdh/repos/bigData/spark_demo_env/lib/python3.12/site-packages/airflow/example_dags/example_skip_dag.py took 0.099 seconds
[2026-07-18T21:57:55.466+0545] {processor.py:161} INFO - Started process (PID=278338) to work on /home/snigdh/repos/bigData/spark_demo_env/lib/python3.12/site-packages/airflow/example_dags/example_skip_dag.py
[2026-07-18T21:57:55.471+0545] {processor.py:830} INFO - Processing file /home/snigdh/repos/bigData/spark_demo_env/lib/python3.12/site-packages/airflow/example_dags/example_skip_dag.py for tasks to queue
[2026-07-18T21:57:55.473+0545] {logging_mixin.py:188} INFO - [2026-07-18T21:57:55.472+0545] {dagbag.py:545} INFO - Filling up the DagBag from /home/snigdh/repos/bigData/spark_demo_env/lib/python3.12/site-packages/airflow/example_dags/example_skip_dag.py
[2026-07-18T21:57:55.483+0545] {processor.py:840} INFO - DAG(s) 'example_skip_dag' retrieved from /home/snigdh/repos/bigData/spark_demo_env/lib/python3.12/site-packages/airflow/example_dags/example_skip_dag.py
[2026-07-18T21:57:55.513+0545] {logging_mixin.py:188} INFO - [2026-07-18T21:57:55.513+0545] {dag.py:3089} INFO - Sync 1 DAGs
[2026-07-18T21:57:55.542+0545] {logging_mixin.py:188} INFO - [2026-07-18T21:57:55.542+0545] {dag.py:3947} INFO - Setting next_dagrun for example_skip_dag to 2026-07-17 00:00:00+00:00, run_after=2026-07-18 00:00:00+00:00
[2026-07-18T21:57:55.575+0545] {processor.py:183} INFO - Processing /home/snigdh/repos/bigData/spark_demo_env/lib/python3.12/site-packages/airflow/example_dags/example_skip_dag.py took 0.119 seconds
[2026-07-18T21:58:39.795+0545] {processor.py:161} INFO - Started process (PID=278787) to work on /home/snigdh/repos/bigData/spark_demo_env/lib/python3.12/site-packages/airflow/example_dags/example_skip_dag.py
[2026-07-18T21:58:39.799+0545] {processor.py:830} INFO - Processing file /home/snigdh/repos/bigData/spark_demo_env/lib/python3.12/site-packages/airflow/example_dags/example_skip_dag.py for tasks to queue
[2026-07-18T21:58:39.800+0545] {logging_mixin.py:188} INFO - [2026-07-18T21:58:39.800+0545] {dagbag.py:545} INFO - Filling up the DagBag from /home/snigdh/repos/bigData/spark_demo_env/lib/python3.12/site-packages/airflow/example_dags/example_skip_dag.py
[2026-07-18T21:58:39.810+0545] {processor.py:840} INFO - DAG(s) 'example_skip_dag' retrieved from /home/snigdh/repos/bigData/spark_demo_env/lib/python3.12/site-packages/airflow/example_dags/example_skip_dag.py
[2026-07-18T21:58:39.833+0545] {logging_mixin.py:188} INFO - [2026-07-18T21:58:39.833+0545] {dag.py:3089} INFO - Sync 1 DAGs
[2026-07-18T21:58:39.851+0545] {logging_mixin.py:188} INFO - [2026-07-18T21:58:39.850+0545] {dag.py:3947} INFO - Setting next_dagrun for example_skip_dag to 2026-07-17 00:00:00+00:00, run_after=2026-07-18 00:00:00+00:00
[2026-07-18T21:58:39.884+0545] {processor.py:183} INFO - Processing /home/snigdh/repos/bigData/spark_demo_env/lib/python3.12/site-packages/airflow/example_dags/example_skip_dag.py took 0.097 seconds
[2026-07-18T21:59:25.483+0545] {processor.py:161} INFO - Started process (PID=279200) to work on /home/snigdh/repos/bigData/spark_demo_env/lib/python3.12/site-packages/airflow/example_dags/example_skip_dag.py
[2026-07-18T21:59:25.484+0545] {processor.py:830} INFO - Processing file /home/snigdh/repos/bigData/spark_demo_env/lib/python3.12/site-packages/airflow/example_dags/example_skip_dag.py for tasks to queue
[2026-07-18T21:59:25.485+0545] {logging_mixin.py:188} INFO - [2026-07-18T21:59:25.485+0545] {dagbag.py:545} INFO - Filling up the DagBag from /home/snigdh/repos/bigData/spark_demo_env/lib/python3.12/site-packages/airflow/example_dags/example_skip_dag.py
[2026-07-18T21:59:25.493+0545] {processor.py:840} INFO - DAG(s) 'example_skip_dag' retrieved from /home/snigdh/repos/bigData/spark_demo_env/lib/python3.12/site-packages/airflow/example_dags/example_skip_dag.py
[2026-07-18T21:59:25.520+0545] {logging_mixin.py:188} INFO - [2026-07-18T21:59:25.520+0545] {dag.py:3089} INFO - Sync 1 DAGs
[2026-07-18T21:59:25.541+0545] {logging_mixin.py:188} INFO - [2026-07-18T21:59:25.541+0545] {dag.py:3947} INFO - Setting next_dagrun for example_skip_dag to 2026-07-17 00:00:00+00:00, run_after=2026-07-18 00:00:00+00:00
[2026-07-18T21:59:25.562+0545] {processor.py:183} INFO - Processing /home/snigdh/repos/bigData/spark_demo_env/lib/python3.12/site-packages/airflow/example_dags/example_skip_dag.py took 0.087 seconds
[2026-07-18T22:00:13.052+0545] {processor.py:161} INFO - Started process (PID=279662) to work on /home/snigdh/repos/bigData/spark_demo_env/lib/python3.12/site-packages/airflow/example_dags/example_skip_dag.py
[2026-07-18T22:00:13.056+0545] {processor.py:830} INFO - Processing file /home/snigdh/repos/bigData/spark_demo_env/lib/python3.12/site-packages/airflow/example_dags/example_skip_dag.py for tasks to queue
[2026-07-18T22:00:13.057+0545] {logging_mixin.py:188} INFO - [2026-07-18T22:00:13.057+0545] {dagbag.py:545} INFO - Filling up the DagBag from /home/snigdh/repos/bigData/spark_demo_env/lib/python3.12/site-packages/airflow/example_dags/example_skip_dag.py
[2026-07-18T22:00:13.065+0545] {processor.py:840} INFO - DAG(s) 'example_skip_dag' retrieved from /home/snigdh/repos/bigData/spark_demo_env/lib/python3.12/site-packages/airflow/example_dags/example_skip_dag.py
[2026-07-18T22:00:13.087+0545] {logging_mixin.py:188} INFO - [2026-07-18T22:00:13.087+0545] {dag.py:3089} INFO - Sync 1 DAGs
[2026-07-18T22:00:13.108+0545] {logging_mixin.py:188} INFO - [2026-07-18T22:00:13.108+0545] {dag.py:3947} INFO - Setting next_dagrun for example_skip_dag to 2026-07-17 00:00:00+00:00, run_after=2026-07-18 00:00:00+00:00
[2026-07-18T22:00:13.130+0545] {processor.py:183} INFO - Processing /home/snigdh/repos/bigData/spark_demo_env/lib/python3.12/site-packages/airflow/example_dags/example_skip_dag.py took 0.084 seconds
[2026-07-18T22:00:59.919+0545] {processor.py:161} INFO - Started process (PID=280050) to work on /home/snigdh/repos/bigData/spark_demo_env/lib/python3.12/site-packages/airflow/example_dags/example_skip_dag.py
[2026-07-18T22:00:59.923+0545] {processor.py:830} INFO - Processing file /home/snigdh/repos/bigData/spark_demo_env/lib/python3.12/site-packages/airflow/example_dags/example_skip_dag.py for tasks to queue
[2026-07-18T22:00:59.925+0545] {logging_mixin.py:188} INFO - [2026-07-18T22:00:59.924+0545] {dagbag.py:545} INFO - Filling up the DagBag from /home/snigdh/repos/bigData/spark_demo_env/lib/python3.12/site-packages/airflow/example_dags/example_skip_dag.py
[2026-07-18T22:00:59.933+0545] {processor.py:840} INFO - DAG(s) 'example_skip_dag' retrieved from /home/snigdh/repos/bigData/spark_demo_env/lib/python3.12/site-packages/airflow/example_dags/example_skip_dag.py
[2026-07-18T22:00:59.957+0545] {logging_mixin.py:188} INFO - [2026-07-18T22:00:59.956+0545] {dag.py:3089} INFO - Sync 1 DAGs
[2026-07-18T22:00:59.972+0545] {logging_mixin.py:188} INFO - [2026-07-18T22:00:59.972+0545] {dag.py:3947} INFO - Setting next_dagrun for example_skip_dag to 2026-07-17 00:00:00+00:00, run_after=2026-07-18 00:00:00+00:00
[2026-07-18T22:00:59.992+0545] {processor.py:183} INFO - Processing /home/snigdh/repos/bigData/spark_demo_env/lib/python3.12/site-packages/airflow/example_dags/example_skip_dag.py took 0.081 seconds
[2026-07-18T22:01:45.042+0545] {processor.py:161} INFO - Started process (PID=280503) to work on /home/snigdh/repos/bigData/spark_demo_env/lib/python3.12/site-packages/airflow/example_dags/example_skip_dag.py
[2026-07-18T22:01:45.045+0545] {processor.py:830} INFO - Processing file /home/snigdh/repos/bigData/spark_demo_env/lib/python3.12/site-packages/airflow/example_dags/example_skip_dag.py for tasks to queue
[2026-07-18T22:01:45.047+0545] {logging_mixin.py:188} INFO - [2026-07-18T22:01:45.046+0545] {dagbag.py:545} INFO - Filling up the DagBag from /home/snigdh/repos/bigData/spark_demo_env/lib/python3.12/site-packages/airflow/example_dags/example_skip_dag.py
[2026-07-18T22:01:45.056+0545] {processor.py:840} INFO - DAG(s) 'example_skip_dag' retrieved from /home/snigdh/repos/bigData/spark_demo_env/lib/python3.12/site-packages/airflow/example_dags/example_skip_dag.py
[2026-07-18T22:01:45.082+0545] {logging_mixin.py:188} INFO - [2026-07-18T22:01:45.081+0545] {dag.py:3089} INFO - Sync 1 DAGs
[2026-07-18T22:01:45.102+0545] {logging_mixin.py:188} INFO - [2026-07-18T22:01:45.101+0545] {dag.py:3947} INFO - Setting next_dagrun for example_skip_dag to 2026-07-17 00:00:00+00:00, run_after=2026-07-18 00:00:00+00:00
[2026-07-18T22:01:45.126+0545] {processor.py:183} INFO - Processing /home/snigdh/repos/bigData/spark_demo_env/lib/python3.12/site-packages/airflow/example_dags/example_skip_dag.py took 0.092 seconds
[2026-07-18T22:02:28.933+0545] {processor.py:161} INFO - Started process (PID=280906) to work on /home/snigdh/repos/bigData/spark_demo_env/lib/python3.12/site-packages/airflow/example_dags/example_skip_dag.py
[2026-07-18T22:02:28.938+0545] {processor.py:830} INFO - Processing file /home/snigdh/repos/bigData/spark_demo_env/lib/python3.12/site-packages/airflow/example_dags/example_skip_dag.py for tasks to queue
[2026-07-18T22:02:28.940+0545] {logging_mixin.py:188} INFO - [2026-07-18T22:02:28.939+0545] {dagbag.py:545} INFO - Filling up the DagBag from /home/snigdh/repos/bigData/spark_demo_env/lib/python3.12/site-packages/airflow/example_dags/example_skip_dag.py
[2026-07-18T22:02:28.950+0545] {processor.py:840} INFO - DAG(s) 'example_skip_dag' retrieved from /home/snigdh/repos/bigData/spark_demo_env/lib/python3.12/site-packages/airflow/example_dags/example_skip_dag.py
[2026-07-18T22:02:28.981+0545] {logging_mixin.py:188} INFO - [2026-07-18T22:02:28.980+0545] {dag.py:3089} INFO - Sync 1 DAGs
[2026-07-18T22:02:29.000+0545] {logging_mixin.py:188} INFO - [2026-07-18T22:02:29.000+0545] {dag.py:3947} INFO - Setting next_dagrun for example_skip_dag to 2026-07-17 00:00:00+00:00, run_after=2026-07-18 00:00:00+00:00
[2026-07-18T22:02:29.027+0545] {processor.py:183} INFO - Processing /home/snigdh/repos/bigData/spark_demo_env/lib/python3.12/site-packages/airflow/example_dags/example_skip_dag.py took 0.101 seconds
