[2026-07-18T21:38:33.831+0545] {processor.py:161} INFO - Started process (PID=262469) to work on /home/snigdh/repos/bigData/spark_demo_env/lib/python3.12/site-packages/airflow/example_dags/example_python_operator.py
[2026-07-18T21:38:33.832+0545] {processor.py:830} INFO - Processing file /home/snigdh/repos/bigData/spark_demo_env/lib/python3.12/site-packages/airflow/example_dags/example_python_operator.py for tasks to queue
[2026-07-18T21:38:33.835+0545] {logging_mixin.py:188} INFO - [2026-07-18T21:38:33.834+0545] {dagbag.py:545} INFO - Filling up the DagBag from /home/snigdh/repos/bigData/spark_demo_env/lib/python3.12/site-packages/airflow/example_dags/example_python_operator.py
[2026-07-18T21:38:33.848+0545] {logging_mixin.py:188} INFO - [2026-07-18T21:38:33.848+0545] {example_python_operator.py:93} WARNING - The virtalenv_python example task requires virtualenv, please install it.
[2026-07-18T21:38:33.849+0545] {processor.py:840} INFO - DAG(s) 'example_python_operator' retrieved from /home/snigdh/repos/bigData/spark_demo_env/lib/python3.12/site-packages/airflow/example_dags/example_python_operator.py
[2026-07-18T21:38:33.966+0545] {logging_mixin.py:188} INFO - [2026-07-18T21:38:33.965+0545] {override.py:1858} INFO - Created Permission View: can delete on DAG:example_python_operator
[2026-07-18T21:38:33.981+0545] {logging_mixin.py:188} INFO - [2026-07-18T21:38:33.981+0545] {override.py:1858} INFO - Created Permission View: can read on DAG:example_python_operator
[2026-07-18T21:38:33.992+0545] {logging_mixin.py:188} INFO - [2026-07-18T21:38:33.991+0545] {override.py:1858} INFO - Created Permission View: can edit on DAG:example_python_operator
[2026-07-18T21:38:33.992+0545] {logging_mixin.py:188} INFO - [2026-07-18T21:38:33.992+0545] {dag.py:3089} INFO - Sync 1 DAGs
[2026-07-18T21:38:34.005+0545] {logging_mixin.py:188} INFO - [2026-07-18T21:38:34.005+0545] {dag.py:3111} INFO - Creating ORM DAG for example_python_operator
[2026-07-18T21:38:34.006+0545] {logging_mixin.py:188} INFO - [2026-07-18T21:38:34.006+0545] {dag.py:3947} INFO - Setting next_dagrun for example_python_operator to None, run_after=None
[2026-07-18T21:38:34.028+0545] {processor.py:183} INFO - Processing /home/snigdh/repos/bigData/spark_demo_env/lib/python3.12/site-packages/airflow/example_dags/example_python_operator.py took 0.206 seconds
[2026-07-18T21:39:32.447+0545] {processor.py:161} INFO - Started process (PID=262781) to work on /home/snigdh/repos/bigData/spark_demo_env/lib/python3.12/site-packages/airflow/example_dags/example_python_operator.py
[2026-07-18T21:39:32.452+0545] {processor.py:830} INFO - Processing file /home/snigdh/repos/bigData/spark_demo_env/lib/python3.12/site-packages/airflow/example_dags/example_python_operator.py for tasks to queue
[2026-07-18T21:39:32.455+0545] {logging_mixin.py:188} INFO - [2026-07-18T21:39:32.455+0545] {dagbag.py:545} INFO - Filling up the DagBag from /home/snigdh/repos/bigData/spark_demo_env/lib/python3.12/site-packages/airflow/example_dags/example_python_operator.py
[2026-07-18T21:39:32.465+0545] {logging_mixin.py:188} INFO - [2026-07-18T21:39:32.465+0545] {example_python_operator.py:93} WARNING - The virtalenv_python example task requires virtualenv, please install it.
[2026-07-18T21:39:32.466+0545] {processor.py:840} INFO - DAG(s) 'example_python_operator' retrieved from /home/snigdh/repos/bigData/spark_demo_env/lib/python3.12/site-packages/airflow/example_dags/example_python_operator.py
[2026-07-18T21:39:32.494+0545] {logging_mixin.py:188} INFO - [2026-07-18T21:39:32.493+0545] {dag.py:3089} INFO - Sync 1 DAGs
[2026-07-18T21:39:32.506+0545] {logging_mixin.py:188} INFO - [2026-07-18T21:39:32.506+0545] {dag.py:3947} INFO - Setting next_dagrun for example_python_operator to None, run_after=None
[2026-07-18T21:39:32.529+0545] {processor.py:183} INFO - Processing /home/snigdh/repos/bigData/spark_demo_env/lib/python3.12/site-packages/airflow/example_dags/example_python_operator.py took 0.091 seconds
[2026-07-18T21:41:16.899+0545] {processor.py:161} INFO - Started process (PID=266122) to work on /home/snigdh/repos/bigData/spark_demo_env/lib/python3.12/site-packages/airflow/example_dags/example_python_operator.py
[2026-07-18T21:41:16.913+0545] {processor.py:830} INFO - Processing file /home/snigdh/repos/bigData/spark_demo_env/lib/python3.12/site-packages/airflow/example_dags/example_python_operator.py for tasks to queue
[2026-07-18T21:41:16.916+0545] {logging_mixin.py:188} INFO - [2026-07-18T21:41:16.915+0545] {dagbag.py:545} INFO - Filling up the DagBag from /home/snigdh/repos/bigData/spark_demo_env/lib/python3.12/site-packages/airflow/example_dags/example_python_operator.py
[2026-07-18T21:41:16.926+0545] {logging_mixin.py:188} INFO - [2026-07-18T21:41:16.926+0545] {example_python_operator.py:93} WARNING - The virtalenv_python example task requires virtualenv, please install it.
[2026-07-18T21:41:16.927+0545] {processor.py:840} INFO - DAG(s) 'example_python_operator' retrieved from /home/snigdh/repos/bigData/spark_demo_env/lib/python3.12/site-packages/airflow/example_dags/example_python_operator.py
[2026-07-18T21:41:17.058+0545] {logging_mixin.py:188} INFO - [2026-07-18T21:41:17.057+0545] {dag.py:3089} INFO - Sync 1 DAGs
[2026-07-18T21:41:17.070+0545] {logging_mixin.py:188} INFO - [2026-07-18T21:41:17.069+0545] {dag.py:3947} INFO - Setting next_dagrun for example_python_operator to None, run_after=None
[2026-07-18T21:41:17.108+0545] {processor.py:183} INFO - Processing /home/snigdh/repos/bigData/spark_demo_env/lib/python3.12/site-packages/airflow/example_dags/example_python_operator.py took 0.217 seconds
[2026-07-18T21:46:45.535+0545] {processor.py:161} INFO - Started process (PID=269921) to work on /home/snigdh/repos/bigData/spark_demo_env/lib/python3.12/site-packages/airflow/example_dags/example_python_operator.py
[2026-07-18T21:46:45.539+0545] {processor.py:830} INFO - Processing file /home/snigdh/repos/bigData/spark_demo_env/lib/python3.12/site-packages/airflow/example_dags/example_python_operator.py for tasks to queue
[2026-07-18T21:46:45.540+0545] {logging_mixin.py:188} INFO - [2026-07-18T21:46:45.539+0545] {dagbag.py:545} INFO - Filling up the DagBag from /home/snigdh/repos/bigData/spark_demo_env/lib/python3.12/site-packages/airflow/example_dags/example_python_operator.py
[2026-07-18T21:46:45.549+0545] {logging_mixin.py:188} INFO - [2026-07-18T21:46:45.548+0545] {example_python_operator.py:93} WARNING - The virtalenv_python example task requires virtualenv, please install it.
[2026-07-18T21:46:45.550+0545] {processor.py:840} INFO - DAG(s) 'example_python_operator' retrieved from /home/snigdh/repos/bigData/spark_demo_env/lib/python3.12/site-packages/airflow/example_dags/example_python_operator.py
[2026-07-18T21:46:45.577+0545] {logging_mixin.py:188} INFO - [2026-07-18T21:46:45.577+0545] {dag.py:3089} INFO - Sync 1 DAGs
[2026-07-18T21:46:45.591+0545] {logging_mixin.py:188} INFO - [2026-07-18T21:46:45.591+0545] {dag.py:3947} INFO - Setting next_dagrun for example_python_operator to None, run_after=None
[2026-07-18T21:46:45.623+0545] {processor.py:183} INFO - Processing /home/snigdh/repos/bigData/spark_demo_env/lib/python3.12/site-packages/airflow/example_dags/example_python_operator.py took 0.098 seconds
[2026-07-18T21:47:45.944+0545] {processor.py:161} INFO - Started process (PID=270606) to work on /home/snigdh/repos/bigData/spark_demo_env/lib/python3.12/site-packages/airflow/example_dags/example_python_operator.py
[2026-07-18T21:47:45.947+0545] {processor.py:830} INFO - Processing file /home/snigdh/repos/bigData/spark_demo_env/lib/python3.12/site-packages/airflow/example_dags/example_python_operator.py for tasks to queue
[2026-07-18T21:47:45.948+0545] {logging_mixin.py:188} INFO - [2026-07-18T21:47:45.948+0545] {dagbag.py:545} INFO - Filling up the DagBag from /home/snigdh/repos/bigData/spark_demo_env/lib/python3.12/site-packages/airflow/example_dags/example_python_operator.py
[2026-07-18T21:47:45.955+0545] {logging_mixin.py:188} INFO - [2026-07-18T21:47:45.954+0545] {example_python_operator.py:93} WARNING - The virtalenv_python example task requires virtualenv, please install it.
[2026-07-18T21:47:45.955+0545] {processor.py:840} INFO - DAG(s) 'example_python_operator' retrieved from /home/snigdh/repos/bigData/spark_demo_env/lib/python3.12/site-packages/airflow/example_dags/example_python_operator.py
[2026-07-18T21:47:45.969+0545] {logging_mixin.py:188} INFO - [2026-07-18T21:47:45.969+0545] {dag.py:3089} INFO - Sync 1 DAGs
[2026-07-18T21:47:45.978+0545] {logging_mixin.py:188} INFO - [2026-07-18T21:47:45.978+0545] {dag.py:3947} INFO - Setting next_dagrun for example_python_operator to None, run_after=None
[2026-07-18T21:47:45.996+0545] {processor.py:183} INFO - Processing /home/snigdh/repos/bigData/spark_demo_env/lib/python3.12/site-packages/airflow/example_dags/example_python_operator.py took 0.057 seconds
[2026-07-18T21:48:35.931+0545] {processor.py:161} INFO - Started process (PID=271561) to work on /home/snigdh/repos/bigData/spark_demo_env/lib/python3.12/site-packages/airflow/example_dags/example_python_operator.py
[2026-07-18T21:48:35.935+0545] {processor.py:830} INFO - Processing file /home/snigdh/repos/bigData/spark_demo_env/lib/python3.12/site-packages/airflow/example_dags/example_python_operator.py for tasks to queue
[2026-07-18T21:48:35.937+0545] {logging_mixin.py:188} INFO - [2026-07-18T21:48:35.936+0545] {dagbag.py:545} INFO - Filling up the DagBag from /home/snigdh/repos/bigData/spark_demo_env/lib/python3.12/site-packages/airflow/example_dags/example_python_operator.py
[2026-07-18T21:48:35.947+0545] {logging_mixin.py:188} INFO - [2026-07-18T21:48:35.947+0545] {example_python_operator.py:93} WARNING - The virtalenv_python example task requires virtualenv, please install it.
[2026-07-18T21:48:35.948+0545] {processor.py:840} INFO - DAG(s) 'example_python_operator' retrieved from /home/snigdh/repos/bigData/spark_demo_env/lib/python3.12/site-packages/airflow/example_dags/example_python_operator.py
[2026-07-18T21:48:35.973+0545] {logging_mixin.py:188} INFO - [2026-07-18T21:48:35.972+0545] {dag.py:3089} INFO - Sync 1 DAGs
[2026-07-18T21:48:35.987+0545] {logging_mixin.py:188} INFO - [2026-07-18T21:48:35.986+0545] {dag.py:3947} INFO - Setting next_dagrun for example_python_operator to None, run_after=None
[2026-07-18T21:48:36.017+0545] {processor.py:183} INFO - Processing /home/snigdh/repos/bigData/spark_demo_env/lib/python3.12/site-packages/airflow/example_dags/example_python_operator.py took 0.095 seconds
[2026-07-18T21:49:32.475+0545] {processor.py:161} INFO - Started process (PID=272177) to work on /home/snigdh/repos/bigData/spark_demo_env/lib/python3.12/site-packages/airflow/example_dags/example_python_operator.py
[2026-07-18T21:49:32.478+0545] {processor.py:830} INFO - Processing file /home/snigdh/repos/bigData/spark_demo_env/lib/python3.12/site-packages/airflow/example_dags/example_python_operator.py for tasks to queue
[2026-07-18T21:49:32.479+0545] {logging_mixin.py:188} INFO - [2026-07-18T21:49:32.478+0545] {dagbag.py:545} INFO - Filling up the DagBag from /home/snigdh/repos/bigData/spark_demo_env/lib/python3.12/site-packages/airflow/example_dags/example_python_operator.py
[2026-07-18T21:49:32.484+0545] {logging_mixin.py:188} INFO - [2026-07-18T21:49:32.484+0545] {example_python_operator.py:93} WARNING - The virtalenv_python example task requires virtualenv, please install it.
[2026-07-18T21:49:32.485+0545] {processor.py:840} INFO - DAG(s) 'example_python_operator' retrieved from /home/snigdh/repos/bigData/spark_demo_env/lib/python3.12/site-packages/airflow/example_dags/example_python_operator.py
[2026-07-18T21:49:32.595+0545] {logging_mixin.py:188} INFO - [2026-07-18T21:49:32.595+0545] {dag.py:3089} INFO - Sync 1 DAGs
[2026-07-18T21:49:32.603+0545] {logging_mixin.py:188} INFO - [2026-07-18T21:49:32.603+0545] {dag.py:3947} INFO - Setting next_dagrun for example_python_operator to None, run_after=None
[2026-07-18T21:49:32.623+0545] {processor.py:183} INFO - Processing /home/snigdh/repos/bigData/spark_demo_env/lib/python3.12/site-packages/airflow/example_dags/example_python_operator.py took 0.156 seconds
[2026-07-18T21:50:24.817+0545] {processor.py:161} INFO - Started process (PID=272775) to work on /home/snigdh/repos/bigData/spark_demo_env/lib/python3.12/site-packages/airflow/example_dags/example_python_operator.py
[2026-07-18T21:50:24.820+0545] {processor.py:830} INFO - Processing file /home/snigdh/repos/bigData/spark_demo_env/lib/python3.12/site-packages/airflow/example_dags/example_python_operator.py for tasks to queue
[2026-07-18T21:50:24.822+0545] {logging_mixin.py:188} INFO - [2026-07-18T21:50:24.821+0545] {dagbag.py:545} INFO - Filling up the DagBag from /home/snigdh/repos/bigData/spark_demo_env/lib/python3.12/site-packages/airflow/example_dags/example_python_operator.py
[2026-07-18T21:50:24.831+0545] {logging_mixin.py:188} INFO - [2026-07-18T21:50:24.830+0545] {example_python_operator.py:93} WARNING - The virtalenv_python example task requires virtualenv, please install it.
[2026-07-18T21:50:24.831+0545] {processor.py:840} INFO - DAG(s) 'example_python_operator' retrieved from /home/snigdh/repos/bigData/spark_demo_env/lib/python3.12/site-packages/airflow/example_dags/example_python_operator.py
[2026-07-18T21:50:24.856+0545] {logging_mixin.py:188} INFO - [2026-07-18T21:50:24.856+0545] {dag.py:3089} INFO - Sync 1 DAGs
[2026-07-18T21:50:24.871+0545] {logging_mixin.py:188} INFO - [2026-07-18T21:50:24.870+0545] {dag.py:3947} INFO - Setting next_dagrun for example_python_operator to None, run_after=None
[2026-07-18T21:50:24.893+0545] {processor.py:183} INFO - Processing /home/snigdh/repos/bigData/spark_demo_env/lib/python3.12/site-packages/airflow/example_dags/example_python_operator.py took 0.085 seconds
[2026-07-18T21:51:31.456+0545] {processor.py:161} INFO - Started process (PID=273772) to work on /home/snigdh/repos/bigData/spark_demo_env/lib/python3.12/site-packages/airflow/example_dags/example_python_operator.py
[2026-07-18T21:51:31.460+0545] {processor.py:830} INFO - Processing file /home/snigdh/repos/bigData/spark_demo_env/lib/python3.12/site-packages/airflow/example_dags/example_python_operator.py for tasks to queue
[2026-07-18T21:51:31.461+0545] {logging_mixin.py:188} INFO - [2026-07-18T21:51:31.460+0545] {dagbag.py:545} INFO - Filling up the DagBag from /home/snigdh/repos/bigData/spark_demo_env/lib/python3.12/site-packages/airflow/example_dags/example_python_operator.py
[2026-07-18T21:51:31.470+0545] {logging_mixin.py:188} INFO - [2026-07-18T21:51:31.470+0545] {example_python_operator.py:93} WARNING - The virtalenv_python example task requires virtualenv, please install it.
[2026-07-18T21:51:31.471+0545] {processor.py:840} INFO - DAG(s) 'example_python_operator' retrieved from /home/snigdh/repos/bigData/spark_demo_env/lib/python3.12/site-packages/airflow/example_dags/example_python_operator.py
[2026-07-18T21:51:31.494+0545] {logging_mixin.py:188} INFO - [2026-07-18T21:51:31.494+0545] {dag.py:3089} INFO - Sync 1 DAGs
[2026-07-18T21:51:31.508+0545] {logging_mixin.py:188} INFO - [2026-07-18T21:51:31.508+0545] {dag.py:3947} INFO - Setting next_dagrun for example_python_operator to None, run_after=None
[2026-07-18T21:51:31.532+0545] {processor.py:183} INFO - Processing /home/snigdh/repos/bigData/spark_demo_env/lib/python3.12/site-packages/airflow/example_dags/example_python_operator.py took 0.084 seconds
[2026-07-18T21:52:17.764+0545] {processor.py:161} INFO - Started process (PID=274340) to work on /home/snigdh/repos/bigData/spark_demo_env/lib/python3.12/site-packages/airflow/example_dags/example_python_operator.py
[2026-07-18T21:52:17.768+0545] {processor.py:830} INFO - Processing file /home/snigdh/repos/bigData/spark_demo_env/lib/python3.12/site-packages/airflow/example_dags/example_python_operator.py for tasks to queue
[2026-07-18T21:52:17.769+0545] {logging_mixin.py:188} INFO - [2026-07-18T21:52:17.769+0545] {dagbag.py:545} INFO - Filling up the DagBag from /home/snigdh/repos/bigData/spark_demo_env/lib/python3.12/site-packages/airflow/example_dags/example_python_operator.py
[2026-07-18T21:52:17.778+0545] {logging_mixin.py:188} INFO - [2026-07-18T21:52:17.778+0545] {example_python_operator.py:93} WARNING - The virtalenv_python example task requires virtualenv, please install it.
[2026-07-18T21:52:17.779+0545] {processor.py:840} INFO - DAG(s) 'example_python_operator' retrieved from /home/snigdh/repos/bigData/spark_demo_env/lib/python3.12/site-packages/airflow/example_dags/example_python_operator.py
[2026-07-18T21:52:17.801+0545] {logging_mixin.py:188} INFO - [2026-07-18T21:52:17.801+0545] {dag.py:3089} INFO - Sync 1 DAGs
[2026-07-18T21:52:17.814+0545] {logging_mixin.py:188} INFO - [2026-07-18T21:52:17.813+0545] {dag.py:3947} INFO - Setting next_dagrun for example_python_operator to None, run_after=None
[2026-07-18T21:52:17.838+0545] {processor.py:183} INFO - Processing /home/snigdh/repos/bigData/spark_demo_env/lib/python3.12/site-packages/airflow/example_dags/example_python_operator.py took 0.082 seconds
[2026-07-18T21:53:03.300+0545] {processor.py:161} INFO - Started process (PID=274952) to work on /home/snigdh/repos/bigData/spark_demo_env/lib/python3.12/site-packages/airflow/example_dags/example_python_operator.py
[2026-07-18T21:53:03.304+0545] {processor.py:830} INFO - Processing file /home/snigdh/repos/bigData/spark_demo_env/lib/python3.12/site-packages/airflow/example_dags/example_python_operator.py for tasks to queue
[2026-07-18T21:53:03.306+0545] {logging_mixin.py:188} INFO - [2026-07-18T21:53:03.305+0545] {dagbag.py:545} INFO - Filling up the DagBag from /home/snigdh/repos/bigData/spark_demo_env/lib/python3.12/site-packages/airflow/example_dags/example_python_operator.py
[2026-07-18T21:53:03.315+0545] {logging_mixin.py:188} INFO - [2026-07-18T21:53:03.314+0545] {example_python_operator.py:93} WARNING - The virtalenv_python example task requires virtualenv, please install it.
[2026-07-18T21:53:03.315+0545] {processor.py:840} INFO - DAG(s) 'example_python_operator' retrieved from /home/snigdh/repos/bigData/spark_demo_env/lib/python3.12/site-packages/airflow/example_dags/example_python_operator.py
[2026-07-18T21:53:03.340+0545] {logging_mixin.py:188} INFO - [2026-07-18T21:53:03.340+0545] {dag.py:3089} INFO - Sync 1 DAGs
[2026-07-18T21:53:03.357+0545] {logging_mixin.py:188} INFO - [2026-07-18T21:53:03.356+0545] {dag.py:3947} INFO - Setting next_dagrun for example_python_operator to None, run_after=None
[2026-07-18T21:53:03.390+0545] {processor.py:183} INFO - Processing /home/snigdh/repos/bigData/spark_demo_env/lib/python3.12/site-packages/airflow/example_dags/example_python_operator.py took 0.098 seconds
[2026-07-18T21:53:51.256+0545] {processor.py:161} INFO - Started process (PID=275517) to work on /home/snigdh/repos/bigData/spark_demo_env/lib/python3.12/site-packages/airflow/example_dags/example_python_operator.py
[2026-07-18T21:53:51.259+0545] {processor.py:830} INFO - Processing file /home/snigdh/repos/bigData/spark_demo_env/lib/python3.12/site-packages/airflow/example_dags/example_python_operator.py for tasks to queue
[2026-07-18T21:53:51.261+0545] {logging_mixin.py:188} INFO - [2026-07-18T21:53:51.260+0545] {dagbag.py:545} INFO - Filling up the DagBag from /home/snigdh/repos/bigData/spark_demo_env/lib/python3.12/site-packages/airflow/example_dags/example_python_operator.py
[2026-07-18T21:53:51.270+0545] {logging_mixin.py:188} INFO - [2026-07-18T21:53:51.269+0545] {example_python_operator.py:93} WARNING - The virtalenv_python example task requires virtualenv, please install it.
[2026-07-18T21:53:51.271+0545] {processor.py:840} INFO - DAG(s) 'example_python_operator' retrieved from /home/snigdh/repos/bigData/spark_demo_env/lib/python3.12/site-packages/airflow/example_dags/example_python_operator.py
[2026-07-18T21:53:51.293+0545] {logging_mixin.py:188} INFO - [2026-07-18T21:53:51.293+0545] {dag.py:3089} INFO - Sync 1 DAGs
[2026-07-18T21:53:51.304+0545] {logging_mixin.py:188} INFO - [2026-07-18T21:53:51.303+0545] {dag.py:3947} INFO - Setting next_dagrun for example_python_operator to None, run_after=None
[2026-07-18T21:53:51.335+0545] {processor.py:183} INFO - Processing /home/snigdh/repos/bigData/spark_demo_env/lib/python3.12/site-packages/airflow/example_dags/example_python_operator.py took 0.088 seconds
[2026-07-18T21:54:41.291+0545] {processor.py:161} INFO - Started process (PID=276447) to work on /home/snigdh/repos/bigData/spark_demo_env/lib/python3.12/site-packages/airflow/example_dags/example_python_operator.py
[2026-07-18T21:54:41.293+0545] {processor.py:830} INFO - Processing file /home/snigdh/repos/bigData/spark_demo_env/lib/python3.12/site-packages/airflow/example_dags/example_python_operator.py for tasks to queue
[2026-07-18T21:54:41.294+0545] {logging_mixin.py:188} INFO - [2026-07-18T21:54:41.294+0545] {dagbag.py:545} INFO - Filling up the DagBag from /home/snigdh/repos/bigData/spark_demo_env/lib/python3.12/site-packages/airflow/example_dags/example_python_operator.py
[2026-07-18T21:54:41.302+0545] {logging_mixin.py:188} INFO - [2026-07-18T21:54:41.302+0545] {example_python_operator.py:93} WARNING - The virtalenv_python example task requires virtualenv, please install it.
[2026-07-18T21:54:41.303+0545] {processor.py:840} INFO - DAG(s) 'example_python_operator' retrieved from /home/snigdh/repos/bigData/spark_demo_env/lib/python3.12/site-packages/airflow/example_dags/example_python_operator.py
[2026-07-18T21:54:41.325+0545] {logging_mixin.py:188} INFO - [2026-07-18T21:54:41.325+0545] {dag.py:3089} INFO - Sync 1 DAGs
[2026-07-18T21:54:41.337+0545] {logging_mixin.py:188} INFO - [2026-07-18T21:54:41.337+0545] {dag.py:3947} INFO - Setting next_dagrun for example_python_operator to None, run_after=None
[2026-07-18T21:54:41.367+0545] {processor.py:183} INFO - Processing /home/snigdh/repos/bigData/spark_demo_env/lib/python3.12/site-packages/airflow/example_dags/example_python_operator.py took 0.083 seconds
[2026-07-18T21:55:26.163+0545] {processor.py:161} INFO - Started process (PID=276916) to work on /home/snigdh/repos/bigData/spark_demo_env/lib/python3.12/site-packages/airflow/example_dags/example_python_operator.py
[2026-07-18T21:55:26.167+0545] {processor.py:830} INFO - Processing file /home/snigdh/repos/bigData/spark_demo_env/lib/python3.12/site-packages/airflow/example_dags/example_python_operator.py for tasks to queue
[2026-07-18T21:55:26.168+0545] {logging_mixin.py:188} INFO - [2026-07-18T21:55:26.167+0545] {dagbag.py:545} INFO - Filling up the DagBag from /home/snigdh/repos/bigData/spark_demo_env/lib/python3.12/site-packages/airflow/example_dags/example_python_operator.py
[2026-07-18T21:55:26.177+0545] {logging_mixin.py:188} INFO - [2026-07-18T21:55:26.176+0545] {example_python_operator.py:93} WARNING - The virtalenv_python example task requires virtualenv, please install it.
[2026-07-18T21:55:26.177+0545] {processor.py:840} INFO - DAG(s) 'example_python_operator' retrieved from /home/snigdh/repos/bigData/spark_demo_env/lib/python3.12/site-packages/airflow/example_dags/example_python_operator.py
[2026-07-18T21:55:26.197+0545] {logging_mixin.py:188} INFO - [2026-07-18T21:55:26.197+0545] {dag.py:3089} INFO - Sync 1 DAGs
[2026-07-18T21:55:26.208+0545] {logging_mixin.py:188} INFO - [2026-07-18T21:55:26.207+0545] {dag.py:3947} INFO - Setting next_dagrun for example_python_operator to None, run_after=None
[2026-07-18T21:55:26.231+0545] {processor.py:183} INFO - Processing /home/snigdh/repos/bigData/spark_demo_env/lib/python3.12/site-packages/airflow/example_dags/example_python_operator.py took 0.076 seconds
[2026-07-18T21:56:11.755+0545] {processor.py:161} INFO - Started process (PID=277370) to work on /home/snigdh/repos/bigData/spark_demo_env/lib/python3.12/site-packages/airflow/example_dags/example_python_operator.py
[2026-07-18T21:56:11.757+0545] {processor.py:830} INFO - Processing file /home/snigdh/repos/bigData/spark_demo_env/lib/python3.12/site-packages/airflow/example_dags/example_python_operator.py for tasks to queue
[2026-07-18T21:56:11.758+0545] {logging_mixin.py:188} INFO - [2026-07-18T21:56:11.757+0545] {dagbag.py:545} INFO - Filling up the DagBag from /home/snigdh/repos/bigData/spark_demo_env/lib/python3.12/site-packages/airflow/example_dags/example_python_operator.py
[2026-07-18T21:56:11.768+0545] {logging_mixin.py:188} INFO - [2026-07-18T21:56:11.767+0545] {example_python_operator.py:93} WARNING - The virtalenv_python example task requires virtualenv, please install it.
[2026-07-18T21:56:11.769+0545] {processor.py:840} INFO - DAG(s) 'example_python_operator' retrieved from /home/snigdh/repos/bigData/spark_demo_env/lib/python3.12/site-packages/airflow/example_dags/example_python_operator.py
[2026-07-18T21:56:11.791+0545] {logging_mixin.py:188} INFO - [2026-07-18T21:56:11.790+0545] {dag.py:3089} INFO - Sync 1 DAGs
[2026-07-18T21:56:11.803+0545] {logging_mixin.py:188} INFO - [2026-07-18T21:56:11.803+0545] {dag.py:3947} INFO - Setting next_dagrun for example_python_operator to None, run_after=None
[2026-07-18T21:56:11.831+0545] {processor.py:183} INFO - Processing /home/snigdh/repos/bigData/spark_demo_env/lib/python3.12/site-packages/airflow/example_dags/example_python_operator.py took 0.086 seconds
[2026-07-18T21:57:16.080+0545] {processor.py:161} INFO - Started process (PID=277981) to work on /home/snigdh/repos/bigData/spark_demo_env/lib/python3.12/site-packages/airflow/example_dags/example_python_operator.py
[2026-07-18T21:57:16.159+0545] {processor.py:830} INFO - Processing file /home/snigdh/repos/bigData/spark_demo_env/lib/python3.12/site-packages/airflow/example_dags/example_python_operator.py for tasks to queue
[2026-07-18T21:57:16.160+0545] {logging_mixin.py:188} INFO - [2026-07-18T21:57:16.159+0545] {dagbag.py:545} INFO - Filling up the DagBag from /home/snigdh/repos/bigData/spark_demo_env/lib/python3.12/site-packages/airflow/example_dags/example_python_operator.py
[2026-07-18T21:57:16.169+0545] {logging_mixin.py:188} INFO - [2026-07-18T21:57:16.168+0545] {example_python_operator.py:93} WARNING - The virtalenv_python example task requires virtualenv, please install it.
[2026-07-18T21:57:16.170+0545] {processor.py:840} INFO - DAG(s) 'example_python_operator' retrieved from /home/snigdh/repos/bigData/spark_demo_env/lib/python3.12/site-packages/airflow/example_dags/example_python_operator.py
[2026-07-18T21:57:16.195+0545] {logging_mixin.py:188} INFO - [2026-07-18T21:57:16.194+0545] {dag.py:3089} INFO - Sync 1 DAGs
[2026-07-18T21:57:16.210+0545] {logging_mixin.py:188} INFO - [2026-07-18T21:57:16.210+0545] {dag.py:3947} INFO - Setting next_dagrun for example_python_operator to None, run_after=None
[2026-07-18T21:57:16.240+0545] {processor.py:183} INFO - Processing /home/snigdh/repos/bigData/spark_demo_env/lib/python3.12/site-packages/airflow/example_dags/example_python_operator.py took 0.167 seconds
[2026-07-18T21:58:02.790+0545] {processor.py:161} INFO - Started process (PID=278455) to work on /home/snigdh/repos/bigData/spark_demo_env/lib/python3.12/site-packages/airflow/example_dags/example_python_operator.py
[2026-07-18T21:58:02.794+0545] {processor.py:830} INFO - Processing file /home/snigdh/repos/bigData/spark_demo_env/lib/python3.12/site-packages/airflow/example_dags/example_python_operator.py for tasks to queue
[2026-07-18T21:58:02.796+0545] {logging_mixin.py:188} INFO - [2026-07-18T21:58:02.795+0545] {dagbag.py:545} INFO - Filling up the DagBag from /home/snigdh/repos/bigData/spark_demo_env/lib/python3.12/site-packages/airflow/example_dags/example_python_operator.py
[2026-07-18T21:58:02.806+0545] {logging_mixin.py:188} INFO - [2026-07-18T21:58:02.806+0545] {example_python_operator.py:93} WARNING - The virtalenv_python example task requires virtualenv, please install it.
[2026-07-18T21:58:02.807+0545] {processor.py:840} INFO - DAG(s) 'example_python_operator' retrieved from /home/snigdh/repos/bigData/spark_demo_env/lib/python3.12/site-packages/airflow/example_dags/example_python_operator.py
[2026-07-18T21:58:02.832+0545] {logging_mixin.py:188} INFO - [2026-07-18T21:58:02.831+0545] {dag.py:3089} INFO - Sync 1 DAGs
[2026-07-18T21:58:02.844+0545] {logging_mixin.py:188} INFO - [2026-07-18T21:58:02.844+0545] {dag.py:3947} INFO - Setting next_dagrun for example_python_operator to None, run_after=None
[2026-07-18T21:58:02.873+0545] {processor.py:183} INFO - Processing /home/snigdh/repos/bigData/spark_demo_env/lib/python3.12/site-packages/airflow/example_dags/example_python_operator.py took 0.094 seconds
[2026-07-18T21:58:47.477+0545] {processor.py:161} INFO - Started process (PID=278841) to work on /home/snigdh/repos/bigData/spark_demo_env/lib/python3.12/site-packages/airflow/example_dags/example_python_operator.py
[2026-07-18T21:58:47.481+0545] {processor.py:830} INFO - Processing file /home/snigdh/repos/bigData/spark_demo_env/lib/python3.12/site-packages/airflow/example_dags/example_python_operator.py for tasks to queue
[2026-07-18T21:58:47.483+0545] {logging_mixin.py:188} INFO - [2026-07-18T21:58:47.482+0545] {dagbag.py:545} INFO - Filling up the DagBag from /home/snigdh/repos/bigData/spark_demo_env/lib/python3.12/site-packages/airflow/example_dags/example_python_operator.py
[2026-07-18T21:58:47.495+0545] {logging_mixin.py:188} INFO - [2026-07-18T21:58:47.494+0545] {example_python_operator.py:93} WARNING - The virtalenv_python example task requires virtualenv, please install it.
[2026-07-18T21:58:47.496+0545] {processor.py:840} INFO - DAG(s) 'example_python_operator' retrieved from /home/snigdh/repos/bigData/spark_demo_env/lib/python3.12/site-packages/airflow/example_dags/example_python_operator.py
[2026-07-18T21:58:47.524+0545] {logging_mixin.py:188} INFO - [2026-07-18T21:58:47.524+0545] {dag.py:3089} INFO - Sync 1 DAGs
[2026-07-18T21:58:47.540+0545] {logging_mixin.py:188} INFO - [2026-07-18T21:58:47.540+0545] {dag.py:3947} INFO - Setting next_dagrun for example_python_operator to None, run_after=None
[2026-07-18T21:58:47.573+0545] {processor.py:183} INFO - Processing /home/snigdh/repos/bigData/spark_demo_env/lib/python3.12/site-packages/airflow/example_dags/example_python_operator.py took 0.108 seconds
[2026-07-18T21:59:32.953+0545] {processor.py:161} INFO - Started process (PID=279301) to work on /home/snigdh/repos/bigData/spark_demo_env/lib/python3.12/site-packages/airflow/example_dags/example_python_operator.py
[2026-07-18T21:59:32.957+0545] {processor.py:830} INFO - Processing file /home/snigdh/repos/bigData/spark_demo_env/lib/python3.12/site-packages/airflow/example_dags/example_python_operator.py for tasks to queue
[2026-07-18T21:59:32.958+0545] {logging_mixin.py:188} INFO - [2026-07-18T21:59:32.957+0545] {dagbag.py:545} INFO - Filling up the DagBag from /home/snigdh/repos/bigData/spark_demo_env/lib/python3.12/site-packages/airflow/example_dags/example_python_operator.py
[2026-07-18T21:59:32.966+0545] {logging_mixin.py:188} INFO - [2026-07-18T21:59:32.966+0545] {example_python_operator.py:93} WARNING - The virtalenv_python example task requires virtualenv, please install it.
[2026-07-18T21:59:32.967+0545] {processor.py:840} INFO - DAG(s) 'example_python_operator' retrieved from /home/snigdh/repos/bigData/spark_demo_env/lib/python3.12/site-packages/airflow/example_dags/example_python_operator.py
[2026-07-18T21:59:32.989+0545] {logging_mixin.py:188} INFO - [2026-07-18T21:59:32.988+0545] {dag.py:3089} INFO - Sync 1 DAGs
[2026-07-18T21:59:33.001+0545] {logging_mixin.py:188} INFO - [2026-07-18T21:59:33.001+0545] {dag.py:3947} INFO - Setting next_dagrun for example_python_operator to None, run_after=None
[2026-07-18T21:59:33.023+0545] {processor.py:183} INFO - Processing /home/snigdh/repos/bigData/spark_demo_env/lib/python3.12/site-packages/airflow/example_dags/example_python_operator.py took 0.077 seconds
[2026-07-18T22:00:19.368+0545] {processor.py:161} INFO - Started process (PID=279709) to work on /home/snigdh/repos/bigData/spark_demo_env/lib/python3.12/site-packages/airflow/example_dags/example_python_operator.py
[2026-07-18T22:00:19.371+0545] {processor.py:830} INFO - Processing file /home/snigdh/repos/bigData/spark_demo_env/lib/python3.12/site-packages/airflow/example_dags/example_python_operator.py for tasks to queue
[2026-07-18T22:00:19.373+0545] {logging_mixin.py:188} INFO - [2026-07-18T22:00:19.372+0545] {dagbag.py:545} INFO - Filling up the DagBag from /home/snigdh/repos/bigData/spark_demo_env/lib/python3.12/site-packages/airflow/example_dags/example_python_operator.py
[2026-07-18T22:00:19.381+0545] {logging_mixin.py:188} INFO - [2026-07-18T22:00:19.381+0545] {example_python_operator.py:93} WARNING - The virtalenv_python example task requires virtualenv, please install it.
[2026-07-18T22:00:19.382+0545] {processor.py:840} INFO - DAG(s) 'example_python_operator' retrieved from /home/snigdh/repos/bigData/spark_demo_env/lib/python3.12/site-packages/airflow/example_dags/example_python_operator.py
[2026-07-18T22:00:19.405+0545] {logging_mixin.py:188} INFO - [2026-07-18T22:00:19.405+0545] {dag.py:3089} INFO - Sync 1 DAGs
[2026-07-18T22:00:19.419+0545] {logging_mixin.py:188} INFO - [2026-07-18T22:00:19.419+0545] {dag.py:3947} INFO - Setting next_dagrun for example_python_operator to None, run_after=None
[2026-07-18T22:00:19.446+0545] {processor.py:183} INFO - Processing /home/snigdh/repos/bigData/spark_demo_env/lib/python3.12/site-packages/airflow/example_dags/example_python_operator.py took 0.086 seconds
[2026-07-18T22:01:07.504+0545] {processor.py:161} INFO - Started process (PID=280166) to work on /home/snigdh/repos/bigData/spark_demo_env/lib/python3.12/site-packages/airflow/example_dags/example_python_operator.py
[2026-07-18T22:01:07.508+0545] {processor.py:830} INFO - Processing file /home/snigdh/repos/bigData/spark_demo_env/lib/python3.12/site-packages/airflow/example_dags/example_python_operator.py for tasks to queue
[2026-07-18T22:01:07.510+0545] {logging_mixin.py:188} INFO - [2026-07-18T22:01:07.509+0545] {dagbag.py:545} INFO - Filling up the DagBag from /home/snigdh/repos/bigData/spark_demo_env/lib/python3.12/site-packages/airflow/example_dags/example_python_operator.py
[2026-07-18T22:01:07.518+0545] {logging_mixin.py:188} INFO - [2026-07-18T22:01:07.518+0545] {example_python_operator.py:93} WARNING - The virtalenv_python example task requires virtualenv, please install it.
[2026-07-18T22:01:07.519+0545] {processor.py:840} INFO - DAG(s) 'example_python_operator' retrieved from /home/snigdh/repos/bigData/spark_demo_env/lib/python3.12/site-packages/airflow/example_dags/example_python_operator.py
[2026-07-18T22:01:07.546+0545] {logging_mixin.py:188} INFO - [2026-07-18T22:01:07.545+0545] {dag.py:3089} INFO - Sync 1 DAGs
[2026-07-18T22:01:07.558+0545] {logging_mixin.py:188} INFO - [2026-07-18T22:01:07.558+0545] {dag.py:3947} INFO - Setting next_dagrun for example_python_operator to None, run_after=None
[2026-07-18T22:01:07.583+0545] {processor.py:183} INFO - Processing /home/snigdh/repos/bigData/spark_demo_env/lib/python3.12/site-packages/airflow/example_dags/example_python_operator.py took 0.086 seconds
[2026-07-18T22:01:52.818+0545] {processor.py:161} INFO - Started process (PID=280565) to work on /home/snigdh/repos/bigData/spark_demo_env/lib/python3.12/site-packages/airflow/example_dags/example_python_operator.py
[2026-07-18T22:01:52.822+0545] {processor.py:830} INFO - Processing file /home/snigdh/repos/bigData/spark_demo_env/lib/python3.12/site-packages/airflow/example_dags/example_python_operator.py for tasks to queue
[2026-07-18T22:01:52.824+0545] {logging_mixin.py:188} INFO - [2026-07-18T22:01:52.823+0545] {dagbag.py:545} INFO - Filling up the DagBag from /home/snigdh/repos/bigData/spark_demo_env/lib/python3.12/site-packages/airflow/example_dags/example_python_operator.py
[2026-07-18T22:01:52.834+0545] {logging_mixin.py:188} INFO - [2026-07-18T22:01:52.833+0545] {example_python_operator.py:93} WARNING - The virtalenv_python example task requires virtualenv, please install it.
[2026-07-18T22:01:52.835+0545] {processor.py:840} INFO - DAG(s) 'example_python_operator' retrieved from /home/snigdh/repos/bigData/spark_demo_env/lib/python3.12/site-packages/airflow/example_dags/example_python_operator.py
[2026-07-18T22:01:52.861+0545] {logging_mixin.py:188} INFO - [2026-07-18T22:01:52.861+0545] {dag.py:3089} INFO - Sync 1 DAGs
[2026-07-18T22:01:52.874+0545] {logging_mixin.py:188} INFO - [2026-07-18T22:01:52.874+0545] {dag.py:3947} INFO - Setting next_dagrun for example_python_operator to None, run_after=None
[2026-07-18T22:01:52.905+0545] {processor.py:183} INFO - Processing /home/snigdh/repos/bigData/spark_demo_env/lib/python3.12/site-packages/airflow/example_dags/example_python_operator.py took 0.098 seconds
