[2026-07-18T21:38:15.798+0545] {processor.py:161} INFO - Started process (PID=262390) to work on /home/snigdh/repos/bigData/spark_demo_env/lib/python3.12/site-packages/airflow/example_dags/example_task_group.py
[2026-07-18T21:38:15.799+0545] {processor.py:830} INFO - Processing file /home/snigdh/repos/bigData/spark_demo_env/lib/python3.12/site-packages/airflow/example_dags/example_task_group.py for tasks to queue
[2026-07-18T21:38:15.801+0545] {logging_mixin.py:188} INFO - [2026-07-18T21:38:15.801+0545] {dagbag.py:545} INFO - Filling up the DagBag from /home/snigdh/repos/bigData/spark_demo_env/lib/python3.12/site-packages/airflow/example_dags/example_task_group.py
[2026-07-18T21:38:15.815+0545] {processor.py:840} INFO - DAG(s) 'example_task_group' retrieved from /home/snigdh/repos/bigData/spark_demo_env/lib/python3.12/site-packages/airflow/example_dags/example_task_group.py
[2026-07-18T21:38:15.929+0545] {logging_mixin.py:188} INFO - [2026-07-18T21:38:15.929+0545] {override.py:1858} INFO - Created Permission View: can delete on DAG:example_task_group
[2026-07-18T21:38:15.949+0545] {logging_mixin.py:188} INFO - [2026-07-18T21:38:15.949+0545] {override.py:1858} INFO - Created Permission View: can read on DAG:example_task_group
[2026-07-18T21:38:15.961+0545] {logging_mixin.py:188} INFO - [2026-07-18T21:38:15.960+0545] {override.py:1858} INFO - Created Permission View: can edit on DAG:example_task_group
[2026-07-18T21:38:15.962+0545] {logging_mixin.py:188} INFO - [2026-07-18T21:38:15.961+0545] {dag.py:3089} INFO - Sync 1 DAGs
[2026-07-18T21:38:15.979+0545] {logging_mixin.py:188} INFO - [2026-07-18T21:38:15.978+0545] {dag.py:3111} INFO - Creating ORM DAG for example_task_group
[2026-07-18T21:38:15.993+0545] {logging_mixin.py:188} INFO - [2026-07-18T21:38:15.992+0545] {dag.py:3947} INFO - Setting next_dagrun for example_task_group to 2026-07-17 00:00:00+00:00, run_after=2026-07-18 00:00:00+00:00
[2026-07-18T21:38:16.022+0545] {processor.py:183} INFO - Processing /home/snigdh/repos/bigData/spark_demo_env/lib/python3.12/site-packages/airflow/example_dags/example_task_group.py took 0.231 seconds
[2026-07-18T21:39:16.641+0545] {processor.py:161} INFO - Started process (PID=262706) to work on /home/snigdh/repos/bigData/spark_demo_env/lib/python3.12/site-packages/airflow/example_dags/example_task_group.py
[2026-07-18T21:39:16.645+0545] {processor.py:830} INFO - Processing file /home/snigdh/repos/bigData/spark_demo_env/lib/python3.12/site-packages/airflow/example_dags/example_task_group.py for tasks to queue
[2026-07-18T21:39:16.648+0545] {logging_mixin.py:188} INFO - [2026-07-18T21:39:16.646+0545] {dagbag.py:545} INFO - Filling up the DagBag from /home/snigdh/repos/bigData/spark_demo_env/lib/python3.12/site-packages/airflow/example_dags/example_task_group.py
[2026-07-18T21:39:16.658+0545] {processor.py:840} INFO - DAG(s) 'example_task_group' retrieved from /home/snigdh/repos/bigData/spark_demo_env/lib/python3.12/site-packages/airflow/example_dags/example_task_group.py
[2026-07-18T21:39:16.685+0545] {logging_mixin.py:188} INFO - [2026-07-18T21:39:16.685+0545] {dag.py:3089} INFO - Sync 1 DAGs
[2026-07-18T21:39:16.709+0545] {logging_mixin.py:188} INFO - [2026-07-18T21:39:16.709+0545] {dag.py:3947} INFO - Setting next_dagrun for example_task_group to 2026-07-17 00:00:00+00:00, run_after=2026-07-18 00:00:00+00:00
[2026-07-18T21:39:16.736+0545] {processor.py:183} INFO - Processing /home/snigdh/repos/bigData/spark_demo_env/lib/python3.12/site-packages/airflow/example_dags/example_task_group.py took 0.104 seconds
[2026-07-18T21:40:11.272+0545] {processor.py:161} INFO - Started process (PID=262998) to work on /home/snigdh/repos/bigData/spark_demo_env/lib/python3.12/site-packages/airflow/example_dags/example_task_group.py
[2026-07-18T21:40:11.273+0545] {processor.py:830} INFO - Processing file /home/snigdh/repos/bigData/spark_demo_env/lib/python3.12/site-packages/airflow/example_dags/example_task_group.py for tasks to queue
[2026-07-18T21:40:11.275+0545] {logging_mixin.py:188} INFO - [2026-07-18T21:40:11.274+0545] {dagbag.py:545} INFO - Filling up the DagBag from /home/snigdh/repos/bigData/spark_demo_env/lib/python3.12/site-packages/airflow/example_dags/example_task_group.py
[2026-07-18T21:40:11.282+0545] {processor.py:840} INFO - DAG(s) 'example_task_group' retrieved from /home/snigdh/repos/bigData/spark_demo_env/lib/python3.12/site-packages/airflow/example_dags/example_task_group.py
[2026-07-18T21:40:11.290+0545] {logging_mixin.py:188} INFO - [2026-07-18T21:40:11.290+0545] {dag.py:3089} INFO - Sync 1 DAGs
[2026-07-18T21:40:11.311+0545] {logging_mixin.py:188} INFO - [2026-07-18T21:40:11.311+0545] {dag.py:3947} INFO - Setting next_dagrun for example_task_group to 2026-07-17 00:00:00+00:00, run_after=2026-07-18 00:00:00+00:00
[2026-07-18T21:40:11.335+0545] {processor.py:183} INFO - Processing /home/snigdh/repos/bigData/spark_demo_env/lib/python3.12/site-packages/airflow/example_dags/example_task_group.py took 0.069 seconds
[2026-07-18T21:46:29.884+0545] {processor.py:161} INFO - Started process (PID=269809) to work on /home/snigdh/repos/bigData/spark_demo_env/lib/python3.12/site-packages/airflow/example_dags/example_task_group.py
[2026-07-18T21:46:29.887+0545] {processor.py:830} INFO - Processing file /home/snigdh/repos/bigData/spark_demo_env/lib/python3.12/site-packages/airflow/example_dags/example_task_group.py for tasks to queue
[2026-07-18T21:46:29.889+0545] {logging_mixin.py:188} INFO - [2026-07-18T21:46:29.888+0545] {dagbag.py:545} INFO - Filling up the DagBag from /home/snigdh/repos/bigData/spark_demo_env/lib/python3.12/site-packages/airflow/example_dags/example_task_group.py
[2026-07-18T21:46:29.898+0545] {processor.py:840} INFO - DAG(s) 'example_task_group' retrieved from /home/snigdh/repos/bigData/spark_demo_env/lib/python3.12/site-packages/airflow/example_dags/example_task_group.py
[2026-07-18T21:46:30.002+0545] {logging_mixin.py:188} INFO - [2026-07-18T21:46:30.002+0545] {dag.py:3089} INFO - Sync 1 DAGs
[2026-07-18T21:46:30.020+0545] {logging_mixin.py:188} INFO - [2026-07-18T21:46:30.019+0545] {dag.py:3947} INFO - Setting next_dagrun for example_task_group to 2026-07-17 00:00:00+00:00, run_after=2026-07-18 00:00:00+00:00
[2026-07-18T21:46:30.066+0545] {processor.py:183} INFO - Processing /home/snigdh/repos/bigData/spark_demo_env/lib/python3.12/site-packages/airflow/example_dags/example_task_group.py took 0.189 seconds
[2026-07-18T21:47:31.952+0545] {processor.py:161} INFO - Started process (PID=270472) to work on /home/snigdh/repos/bigData/spark_demo_env/lib/python3.12/site-packages/airflow/example_dags/example_task_group.py
[2026-07-18T21:47:31.956+0545] {processor.py:830} INFO - Processing file /home/snigdh/repos/bigData/spark_demo_env/lib/python3.12/site-packages/airflow/example_dags/example_task_group.py for tasks to queue
[2026-07-18T21:47:31.957+0545] {logging_mixin.py:188} INFO - [2026-07-18T21:47:31.957+0545] {dagbag.py:545} INFO - Filling up the DagBag from /home/snigdh/repos/bigData/spark_demo_env/lib/python3.12/site-packages/airflow/example_dags/example_task_group.py
[2026-07-18T21:47:31.967+0545] {processor.py:840} INFO - DAG(s) 'example_task_group' retrieved from /home/snigdh/repos/bigData/spark_demo_env/lib/python3.12/site-packages/airflow/example_dags/example_task_group.py
[2026-07-18T21:47:31.994+0545] {logging_mixin.py:188} INFO - [2026-07-18T21:47:31.994+0545] {dag.py:3089} INFO - Sync 1 DAGs
[2026-07-18T21:47:32.020+0545] {logging_mixin.py:188} INFO - [2026-07-18T21:47:32.020+0545] {dag.py:3947} INFO - Setting next_dagrun for example_task_group to 2026-07-17 00:00:00+00:00, run_after=2026-07-18 00:00:00+00:00
[2026-07-18T21:47:32.053+0545] {processor.py:183} INFO - Processing /home/snigdh/repos/bigData/spark_demo_env/lib/python3.12/site-packages/airflow/example_dags/example_task_group.py took 0.109 seconds
[2026-07-18T21:48:21.510+0545] {processor.py:161} INFO - Started process (PID=271082) to work on /home/snigdh/repos/bigData/spark_demo_env/lib/python3.12/site-packages/airflow/example_dags/example_task_group.py
[2026-07-18T21:48:21.513+0545] {processor.py:830} INFO - Processing file /home/snigdh/repos/bigData/spark_demo_env/lib/python3.12/site-packages/airflow/example_dags/example_task_group.py for tasks to queue
[2026-07-18T21:48:21.515+0545] {logging_mixin.py:188} INFO - [2026-07-18T21:48:21.514+0545] {dagbag.py:545} INFO - Filling up the DagBag from /home/snigdh/repos/bigData/spark_demo_env/lib/python3.12/site-packages/airflow/example_dags/example_task_group.py
[2026-07-18T21:48:21.524+0545] {processor.py:840} INFO - DAG(s) 'example_task_group' retrieved from /home/snigdh/repos/bigData/spark_demo_env/lib/python3.12/site-packages/airflow/example_dags/example_task_group.py
[2026-07-18T21:48:21.549+0545] {logging_mixin.py:188} INFO - [2026-07-18T21:48:21.548+0545] {dag.py:3089} INFO - Sync 1 DAGs
[2026-07-18T21:48:21.567+0545] {logging_mixin.py:188} INFO - [2026-07-18T21:48:21.566+0545] {dag.py:3947} INFO - Setting next_dagrun for example_task_group to 2026-07-17 00:00:00+00:00, run_after=2026-07-18 00:00:00+00:00
[2026-07-18T21:48:21.589+0545] {processor.py:183} INFO - Processing /home/snigdh/repos/bigData/spark_demo_env/lib/python3.12/site-packages/airflow/example_dags/example_task_group.py took 0.086 seconds
[2026-07-18T21:49:17.109+0545] {processor.py:161} INFO - Started process (PID=271958) to work on /home/snigdh/repos/bigData/spark_demo_env/lib/python3.12/site-packages/airflow/example_dags/example_task_group.py
[2026-07-18T21:49:17.112+0545] {processor.py:830} INFO - Processing file /home/snigdh/repos/bigData/spark_demo_env/lib/python3.12/site-packages/airflow/example_dags/example_task_group.py for tasks to queue
[2026-07-18T21:49:17.114+0545] {logging_mixin.py:188} INFO - [2026-07-18T21:49:17.113+0545] {dagbag.py:545} INFO - Filling up the DagBag from /home/snigdh/repos/bigData/spark_demo_env/lib/python3.12/site-packages/airflow/example_dags/example_task_group.py
[2026-07-18T21:49:17.124+0545] {processor.py:840} INFO - DAG(s) 'example_task_group' retrieved from /home/snigdh/repos/bigData/spark_demo_env/lib/python3.12/site-packages/airflow/example_dags/example_task_group.py
[2026-07-18T21:49:17.151+0545] {logging_mixin.py:188} INFO - [2026-07-18T21:49:17.150+0545] {dag.py:3089} INFO - Sync 1 DAGs
[2026-07-18T21:49:17.309+0545] {logging_mixin.py:188} INFO - [2026-07-18T21:49:17.308+0545] {dag.py:3947} INFO - Setting next_dagrun for example_task_group to 2026-07-17 00:00:00+00:00, run_after=2026-07-18 00:00:00+00:00
[2026-07-18T21:49:17.341+0545] {processor.py:183} INFO - Processing /home/snigdh/repos/bigData/spark_demo_env/lib/python3.12/site-packages/airflow/example_dags/example_task_group.py took 0.240 seconds
[2026-07-18T21:50:10.863+0545] {processor.py:161} INFO - Started process (PID=272622) to work on /home/snigdh/repos/bigData/spark_demo_env/lib/python3.12/site-packages/airflow/example_dags/example_task_group.py
[2026-07-18T21:50:10.867+0545] {processor.py:830} INFO - Processing file /home/snigdh/repos/bigData/spark_demo_env/lib/python3.12/site-packages/airflow/example_dags/example_task_group.py for tasks to queue
[2026-07-18T21:50:10.868+0545] {logging_mixin.py:188} INFO - [2026-07-18T21:50:10.867+0545] {dagbag.py:545} INFO - Filling up the DagBag from /home/snigdh/repos/bigData/spark_demo_env/lib/python3.12/site-packages/airflow/example_dags/example_task_group.py
[2026-07-18T21:50:10.875+0545] {processor.py:840} INFO - DAG(s) 'example_task_group' retrieved from /home/snigdh/repos/bigData/spark_demo_env/lib/python3.12/site-packages/airflow/example_dags/example_task_group.py
[2026-07-18T21:50:10.894+0545] {logging_mixin.py:188} INFO - [2026-07-18T21:50:10.894+0545] {dag.py:3089} INFO - Sync 1 DAGs
[2026-07-18T21:50:10.912+0545] {logging_mixin.py:188} INFO - [2026-07-18T21:50:10.912+0545] {dag.py:3947} INFO - Setting next_dagrun for example_task_group to 2026-07-17 00:00:00+00:00, run_after=2026-07-18 00:00:00+00:00
[2026-07-18T21:50:10.939+0545] {processor.py:183} INFO - Processing /home/snigdh/repos/bigData/spark_demo_env/lib/python3.12/site-packages/airflow/example_dags/example_task_group.py took 0.082 seconds
[2026-07-18T21:50:54.571+0545] {processor.py:161} INFO - Started process (PID=273219) to work on /home/snigdh/repos/bigData/spark_demo_env/lib/python3.12/site-packages/airflow/example_dags/example_task_group.py
[2026-07-18T21:50:54.574+0545] {processor.py:830} INFO - Processing file /home/snigdh/repos/bigData/spark_demo_env/lib/python3.12/site-packages/airflow/example_dags/example_task_group.py for tasks to queue
[2026-07-18T21:50:54.575+0545] {logging_mixin.py:188} INFO - [2026-07-18T21:50:54.575+0545] {dagbag.py:545} INFO - Filling up the DagBag from /home/snigdh/repos/bigData/spark_demo_env/lib/python3.12/site-packages/airflow/example_dags/example_task_group.py
[2026-07-18T21:50:54.580+0545] {processor.py:840} INFO - DAG(s) 'example_task_group' retrieved from /home/snigdh/repos/bigData/spark_demo_env/lib/python3.12/site-packages/airflow/example_dags/example_task_group.py
[2026-07-18T21:50:54.595+0545] {logging_mixin.py:188} INFO - [2026-07-18T21:50:54.595+0545] {dag.py:3089} INFO - Sync 1 DAGs
[2026-07-18T21:50:54.613+0545] {logging_mixin.py:188} INFO - [2026-07-18T21:50:54.612+0545] {dag.py:3947} INFO - Setting next_dagrun for example_task_group to 2026-07-17 00:00:00+00:00, run_after=2026-07-18 00:00:00+00:00
[2026-07-18T21:50:54.632+0545] {processor.py:183} INFO - Processing /home/snigdh/repos/bigData/spark_demo_env/lib/python3.12/site-packages/airflow/example_dags/example_task_group.py took 0.065 seconds
[2026-07-18T21:51:40.455+0545] {processor.py:161} INFO - Started process (PID=273858) to work on /home/snigdh/repos/bigData/spark_demo_env/lib/python3.12/site-packages/airflow/example_dags/example_task_group.py
[2026-07-18T21:51:40.456+0545] {processor.py:830} INFO - Processing file /home/snigdh/repos/bigData/spark_demo_env/lib/python3.12/site-packages/airflow/example_dags/example_task_group.py for tasks to queue
[2026-07-18T21:51:40.457+0545] {logging_mixin.py:188} INFO - [2026-07-18T21:51:40.457+0545] {dagbag.py:545} INFO - Filling up the DagBag from /home/snigdh/repos/bigData/spark_demo_env/lib/python3.12/site-packages/airflow/example_dags/example_task_group.py
[2026-07-18T21:51:40.465+0545] {processor.py:840} INFO - DAG(s) 'example_task_group' retrieved from /home/snigdh/repos/bigData/spark_demo_env/lib/python3.12/site-packages/airflow/example_dags/example_task_group.py
[2026-07-18T21:51:40.481+0545] {logging_mixin.py:188} INFO - [2026-07-18T21:51:40.481+0545] {dag.py:3089} INFO - Sync 1 DAGs
[2026-07-18T21:51:40.497+0545] {logging_mixin.py:188} INFO - [2026-07-18T21:51:40.497+0545] {dag.py:3947} INFO - Setting next_dagrun for example_task_group to 2026-07-17 00:00:00+00:00, run_after=2026-07-18 00:00:00+00:00
[2026-07-18T21:51:40.518+0545] {processor.py:183} INFO - Processing /home/snigdh/repos/bigData/spark_demo_env/lib/python3.12/site-packages/airflow/example_dags/example_task_group.py took 0.072 seconds
[2026-07-18T21:52:27.737+0545] {processor.py:161} INFO - Started process (PID=274427) to work on /home/snigdh/repos/bigData/spark_demo_env/lib/python3.12/site-packages/airflow/example_dags/example_task_group.py
[2026-07-18T21:52:27.740+0545] {processor.py:830} INFO - Processing file /home/snigdh/repos/bigData/spark_demo_env/lib/python3.12/site-packages/airflow/example_dags/example_task_group.py for tasks to queue
[2026-07-18T21:52:27.742+0545] {logging_mixin.py:188} INFO - [2026-07-18T21:52:27.741+0545] {dagbag.py:545} INFO - Filling up the DagBag from /home/snigdh/repos/bigData/spark_demo_env/lib/python3.12/site-packages/airflow/example_dags/example_task_group.py
[2026-07-18T21:52:27.749+0545] {processor.py:840} INFO - DAG(s) 'example_task_group' retrieved from /home/snigdh/repos/bigData/spark_demo_env/lib/python3.12/site-packages/airflow/example_dags/example_task_group.py
[2026-07-18T21:52:27.781+0545] {logging_mixin.py:188} INFO - [2026-07-18T21:52:27.780+0545] {dag.py:3089} INFO - Sync 1 DAGs
[2026-07-18T21:52:27.801+0545] {logging_mixin.py:188} INFO - [2026-07-18T21:52:27.801+0545] {dag.py:3947} INFO - Setting next_dagrun for example_task_group to 2026-07-17 00:00:00+00:00, run_after=2026-07-18 00:00:00+00:00
[2026-07-18T21:52:27.830+0545] {processor.py:183} INFO - Processing /home/snigdh/repos/bigData/spark_demo_env/lib/python3.12/site-packages/airflow/example_dags/example_task_group.py took 0.102 seconds
[2026-07-18T21:53:12.294+0545] {processor.py:161} INFO - Started process (PID=275074) to work on /home/snigdh/repos/bigData/spark_demo_env/lib/python3.12/site-packages/airflow/example_dags/example_task_group.py
[2026-07-18T21:53:12.297+0545] {processor.py:830} INFO - Processing file /home/snigdh/repos/bigData/spark_demo_env/lib/python3.12/site-packages/airflow/example_dags/example_task_group.py for tasks to queue
[2026-07-18T21:53:12.298+0545] {logging_mixin.py:188} INFO - [2026-07-18T21:53:12.298+0545] {dagbag.py:545} INFO - Filling up the DagBag from /home/snigdh/repos/bigData/spark_demo_env/lib/python3.12/site-packages/airflow/example_dags/example_task_group.py
[2026-07-18T21:53:12.306+0545] {processor.py:840} INFO - DAG(s) 'example_task_group' retrieved from /home/snigdh/repos/bigData/spark_demo_env/lib/python3.12/site-packages/airflow/example_dags/example_task_group.py
[2026-07-18T21:53:12.333+0545] {logging_mixin.py:188} INFO - [2026-07-18T21:53:12.333+0545] {dag.py:3089} INFO - Sync 1 DAGs
[2026-07-18T21:53:12.355+0545] {logging_mixin.py:188} INFO - [2026-07-18T21:53:12.355+0545] {dag.py:3947} INFO - Setting next_dagrun for example_task_group to 2026-07-17 00:00:00+00:00, run_after=2026-07-18 00:00:00+00:00
[2026-07-18T21:53:12.377+0545] {processor.py:183} INFO - Processing /home/snigdh/repos/bigData/spark_demo_env/lib/python3.12/site-packages/airflow/example_dags/example_task_group.py took 0.090 seconds
[2026-07-18T21:54:02.620+0545] {processor.py:161} INFO - Started process (PID=275899) to work on /home/snigdh/repos/bigData/spark_demo_env/lib/python3.12/site-packages/airflow/example_dags/example_task_group.py
[2026-07-18T21:54:02.624+0545] {processor.py:830} INFO - Processing file /home/snigdh/repos/bigData/spark_demo_env/lib/python3.12/site-packages/airflow/example_dags/example_task_group.py for tasks to queue
[2026-07-18T21:54:02.625+0545] {logging_mixin.py:188} INFO - [2026-07-18T21:54:02.625+0545] {dagbag.py:545} INFO - Filling up the DagBag from /home/snigdh/repos/bigData/spark_demo_env/lib/python3.12/site-packages/airflow/example_dags/example_task_group.py
[2026-07-18T21:54:02.636+0545] {processor.py:840} INFO - DAG(s) 'example_task_group' retrieved from /home/snigdh/repos/bigData/spark_demo_env/lib/python3.12/site-packages/airflow/example_dags/example_task_group.py
[2026-07-18T21:54:02.666+0545] {logging_mixin.py:188} INFO - [2026-07-18T21:54:02.665+0545] {dag.py:3089} INFO - Sync 1 DAGs
[2026-07-18T21:54:02.687+0545] {logging_mixin.py:188} INFO - [2026-07-18T21:54:02.687+0545] {dag.py:3947} INFO - Setting next_dagrun for example_task_group to 2026-07-17 00:00:00+00:00, run_after=2026-07-18 00:00:00+00:00
[2026-07-18T21:54:02.711+0545] {processor.py:183} INFO - Processing /home/snigdh/repos/bigData/spark_demo_env/lib/python3.12/site-packages/airflow/example_dags/example_task_group.py took 0.098 seconds
[2026-07-18T21:54:50.564+0545] {processor.py:161} INFO - Started process (PID=276563) to work on /home/snigdh/repos/bigData/spark_demo_env/lib/python3.12/site-packages/airflow/example_dags/example_task_group.py
[2026-07-18T21:54:50.566+0545] {processor.py:830} INFO - Processing file /home/snigdh/repos/bigData/spark_demo_env/lib/python3.12/site-packages/airflow/example_dags/example_task_group.py for tasks to queue
[2026-07-18T21:54:50.567+0545] {logging_mixin.py:188} INFO - [2026-07-18T21:54:50.567+0545] {dagbag.py:545} INFO - Filling up the DagBag from /home/snigdh/repos/bigData/spark_demo_env/lib/python3.12/site-packages/airflow/example_dags/example_task_group.py
[2026-07-18T21:54:50.577+0545] {processor.py:840} INFO - DAG(s) 'example_task_group' retrieved from /home/snigdh/repos/bigData/spark_demo_env/lib/python3.12/site-packages/airflow/example_dags/example_task_group.py
[2026-07-18T21:54:50.601+0545] {logging_mixin.py:188} INFO - [2026-07-18T21:54:50.600+0545] {dag.py:3089} INFO - Sync 1 DAGs
[2026-07-18T21:54:50.617+0545] {logging_mixin.py:188} INFO - [2026-07-18T21:54:50.617+0545] {dag.py:3947} INFO - Setting next_dagrun for example_task_group to 2026-07-17 00:00:00+00:00, run_after=2026-07-18 00:00:00+00:00
[2026-07-18T21:54:50.640+0545] {processor.py:183} INFO - Processing /home/snigdh/repos/bigData/spark_demo_env/lib/python3.12/site-packages/airflow/example_dags/example_task_group.py took 0.084 seconds
[2026-07-18T21:55:35.160+0545] {processor.py:161} INFO - Started process (PID=277031) to work on /home/snigdh/repos/bigData/spark_demo_env/lib/python3.12/site-packages/airflow/example_dags/example_task_group.py
[2026-07-18T21:55:35.164+0545] {processor.py:830} INFO - Processing file /home/snigdh/repos/bigData/spark_demo_env/lib/python3.12/site-packages/airflow/example_dags/example_task_group.py for tasks to queue
[2026-07-18T21:55:35.165+0545] {logging_mixin.py:188} INFO - [2026-07-18T21:55:35.164+0545] {dagbag.py:545} INFO - Filling up the DagBag from /home/snigdh/repos/bigData/spark_demo_env/lib/python3.12/site-packages/airflow/example_dags/example_task_group.py
[2026-07-18T21:55:35.174+0545] {processor.py:840} INFO - DAG(s) 'example_task_group' retrieved from /home/snigdh/repos/bigData/spark_demo_env/lib/python3.12/site-packages/airflow/example_dags/example_task_group.py
[2026-07-18T21:55:35.198+0545] {logging_mixin.py:188} INFO - [2026-07-18T21:55:35.198+0545] {dag.py:3089} INFO - Sync 1 DAGs
[2026-07-18T21:55:35.217+0545] {logging_mixin.py:188} INFO - [2026-07-18T21:55:35.217+0545] {dag.py:3947} INFO - Setting next_dagrun for example_task_group to 2026-07-17 00:00:00+00:00, run_after=2026-07-18 00:00:00+00:00
[2026-07-18T21:55:35.241+0545] {processor.py:183} INFO - Processing /home/snigdh/repos/bigData/spark_demo_env/lib/python3.12/site-packages/airflow/example_dags/example_task_group.py took 0.089 seconds
[2026-07-18T21:56:19.638+0545] {processor.py:161} INFO - Started process (PID=277426) to work on /home/snigdh/repos/bigData/spark_demo_env/lib/python3.12/site-packages/airflow/example_dags/example_task_group.py
[2026-07-18T21:56:19.642+0545] {processor.py:830} INFO - Processing file /home/snigdh/repos/bigData/spark_demo_env/lib/python3.12/site-packages/airflow/example_dags/example_task_group.py for tasks to queue
[2026-07-18T21:56:19.643+0545] {logging_mixin.py:188} INFO - [2026-07-18T21:56:19.643+0545] {dagbag.py:545} INFO - Filling up the DagBag from /home/snigdh/repos/bigData/spark_demo_env/lib/python3.12/site-packages/airflow/example_dags/example_task_group.py
[2026-07-18T21:56:19.652+0545] {processor.py:840} INFO - DAG(s) 'example_task_group' retrieved from /home/snigdh/repos/bigData/spark_demo_env/lib/python3.12/site-packages/airflow/example_dags/example_task_group.py
[2026-07-18T21:56:19.677+0545] {logging_mixin.py:188} INFO - [2026-07-18T21:56:19.677+0545] {dag.py:3089} INFO - Sync 1 DAGs
[2026-07-18T21:56:19.701+0545] {logging_mixin.py:188} INFO - [2026-07-18T21:56:19.700+0545] {dag.py:3947} INFO - Setting next_dagrun for example_task_group to 2026-07-17 00:00:00+00:00, run_after=2026-07-18 00:00:00+00:00
[2026-07-18T21:56:19.732+0545] {processor.py:183} INFO - Processing /home/snigdh/repos/bigData/spark_demo_env/lib/python3.12/site-packages/airflow/example_dags/example_task_group.py took 0.101 seconds
[2026-07-18T21:57:02.917+0545] {processor.py:161} INFO - Started process (PID=277872) to work on /home/snigdh/repos/bigData/spark_demo_env/lib/python3.12/site-packages/airflow/example_dags/example_task_group.py
[2026-07-18T21:57:02.921+0545] {processor.py:830} INFO - Processing file /home/snigdh/repos/bigData/spark_demo_env/lib/python3.12/site-packages/airflow/example_dags/example_task_group.py for tasks to queue
[2026-07-18T21:57:02.923+0545] {logging_mixin.py:188} INFO - [2026-07-18T21:57:02.922+0545] {dagbag.py:545} INFO - Filling up the DagBag from /home/snigdh/repos/bigData/spark_demo_env/lib/python3.12/site-packages/airflow/example_dags/example_task_group.py
[2026-07-18T21:57:02.932+0545] {processor.py:840} INFO - DAG(s) 'example_task_group' retrieved from /home/snigdh/repos/bigData/spark_demo_env/lib/python3.12/site-packages/airflow/example_dags/example_task_group.py
[2026-07-18T21:57:02.962+0545] {logging_mixin.py:188} INFO - [2026-07-18T21:57:02.961+0545] {dag.py:3089} INFO - Sync 1 DAGs
[2026-07-18T21:57:02.984+0545] {logging_mixin.py:188} INFO - [2026-07-18T21:57:02.984+0545] {dag.py:3947} INFO - Setting next_dagrun for example_task_group to 2026-07-17 00:00:00+00:00, run_after=2026-07-18 00:00:00+00:00
[2026-07-18T21:57:03.010+0545] {processor.py:183} INFO - Processing /home/snigdh/repos/bigData/spark_demo_env/lib/python3.12/site-packages/airflow/example_dags/example_task_group.py took 0.101 seconds
[2026-07-18T21:57:49.001+0545] {processor.py:161} INFO - Started process (PID=278290) to work on /home/snigdh/repos/bigData/spark_demo_env/lib/python3.12/site-packages/airflow/example_dags/example_task_group.py
[2026-07-18T21:57:49.005+0545] {processor.py:830} INFO - Processing file /home/snigdh/repos/bigData/spark_demo_env/lib/python3.12/site-packages/airflow/example_dags/example_task_group.py for tasks to queue
[2026-07-18T21:57:49.006+0545] {logging_mixin.py:188} INFO - [2026-07-18T21:57:49.006+0545] {dagbag.py:545} INFO - Filling up the DagBag from /home/snigdh/repos/bigData/spark_demo_env/lib/python3.12/site-packages/airflow/example_dags/example_task_group.py
[2026-07-18T21:57:49.015+0545] {processor.py:840} INFO - DAG(s) 'example_task_group' retrieved from /home/snigdh/repos/bigData/spark_demo_env/lib/python3.12/site-packages/airflow/example_dags/example_task_group.py
[2026-07-18T21:57:49.039+0545] {logging_mixin.py:188} INFO - [2026-07-18T21:57:49.039+0545] {dag.py:3089} INFO - Sync 1 DAGs
[2026-07-18T21:57:49.058+0545] {logging_mixin.py:188} INFO - [2026-07-18T21:57:49.058+0545] {dag.py:3947} INFO - Setting next_dagrun for example_task_group to 2026-07-17 00:00:00+00:00, run_after=2026-07-18 00:00:00+00:00
[2026-07-18T21:57:49.080+0545] {processor.py:183} INFO - Processing /home/snigdh/repos/bigData/spark_demo_env/lib/python3.12/site-packages/airflow/example_dags/example_task_group.py took 0.086 seconds
[2026-07-18T21:58:34.074+0545] {processor.py:161} INFO - Started process (PID=278744) to work on /home/snigdh/repos/bigData/spark_demo_env/lib/python3.12/site-packages/airflow/example_dags/example_task_group.py
[2026-07-18T21:58:34.078+0545] {processor.py:830} INFO - Processing file /home/snigdh/repos/bigData/spark_demo_env/lib/python3.12/site-packages/airflow/example_dags/example_task_group.py for tasks to queue
[2026-07-18T21:58:34.080+0545] {logging_mixin.py:188} INFO - [2026-07-18T21:58:34.079+0545] {dagbag.py:545} INFO - Filling up the DagBag from /home/snigdh/repos/bigData/spark_demo_env/lib/python3.12/site-packages/airflow/example_dags/example_task_group.py
[2026-07-18T21:58:34.090+0545] {processor.py:840} INFO - DAG(s) 'example_task_group' retrieved from /home/snigdh/repos/bigData/spark_demo_env/lib/python3.12/site-packages/airflow/example_dags/example_task_group.py
[2026-07-18T21:58:34.112+0545] {logging_mixin.py:188} INFO - [2026-07-18T21:58:34.112+0545] {dag.py:3089} INFO - Sync 1 DAGs
[2026-07-18T21:58:34.129+0545] {logging_mixin.py:188} INFO - [2026-07-18T21:58:34.128+0545] {dag.py:3947} INFO - Setting next_dagrun for example_task_group to 2026-07-17 00:00:00+00:00, run_after=2026-07-18 00:00:00+00:00
[2026-07-18T21:58:34.151+0545] {processor.py:183} INFO - Processing /home/snigdh/repos/bigData/spark_demo_env/lib/python3.12/site-packages/airflow/example_dags/example_task_group.py took 0.084 seconds
[2026-07-18T21:59:19.874+0545] {processor.py:161} INFO - Started process (PID=279155) to work on /home/snigdh/repos/bigData/spark_demo_env/lib/python3.12/site-packages/airflow/example_dags/example_task_group.py
[2026-07-18T21:59:19.877+0545] {processor.py:830} INFO - Processing file /home/snigdh/repos/bigData/spark_demo_env/lib/python3.12/site-packages/airflow/example_dags/example_task_group.py for tasks to queue
[2026-07-18T21:59:19.879+0545] {logging_mixin.py:188} INFO - [2026-07-18T21:59:19.878+0545] {dagbag.py:545} INFO - Filling up the DagBag from /home/snigdh/repos/bigData/spark_demo_env/lib/python3.12/site-packages/airflow/example_dags/example_task_group.py
[2026-07-18T21:59:19.887+0545] {processor.py:840} INFO - DAG(s) 'example_task_group' retrieved from /home/snigdh/repos/bigData/spark_demo_env/lib/python3.12/site-packages/airflow/example_dags/example_task_group.py
[2026-07-18T21:59:19.913+0545] {logging_mixin.py:188} INFO - [2026-07-18T21:59:19.912+0545] {dag.py:3089} INFO - Sync 1 DAGs
[2026-07-18T21:59:19.935+0545] {logging_mixin.py:188} INFO - [2026-07-18T21:59:19.935+0545] {dag.py:3947} INFO - Setting next_dagrun for example_task_group to 2026-07-17 00:00:00+00:00, run_after=2026-07-18 00:00:00+00:00
[2026-07-18T21:59:19.963+0545] {processor.py:183} INFO - Processing /home/snigdh/repos/bigData/spark_demo_env/lib/python3.12/site-packages/airflow/example_dags/example_task_group.py took 0.097 seconds
[2026-07-18T22:00:07.651+0545] {processor.py:161} INFO - Started process (PID=279625) to work on /home/snigdh/repos/bigData/spark_demo_env/lib/python3.12/site-packages/airflow/example_dags/example_task_group.py
[2026-07-18T22:00:07.655+0545] {processor.py:830} INFO - Processing file /home/snigdh/repos/bigData/spark_demo_env/lib/python3.12/site-packages/airflow/example_dags/example_task_group.py for tasks to queue
[2026-07-18T22:00:07.657+0545] {logging_mixin.py:188} INFO - [2026-07-18T22:00:07.656+0545] {dagbag.py:545} INFO - Filling up the DagBag from /home/snigdh/repos/bigData/spark_demo_env/lib/python3.12/site-packages/airflow/example_dags/example_task_group.py
[2026-07-18T22:00:07.666+0545] {processor.py:840} INFO - DAG(s) 'example_task_group' retrieved from /home/snigdh/repos/bigData/spark_demo_env/lib/python3.12/site-packages/airflow/example_dags/example_task_group.py
[2026-07-18T22:00:07.690+0545] {logging_mixin.py:188} INFO - [2026-07-18T22:00:07.689+0545] {dag.py:3089} INFO - Sync 1 DAGs
[2026-07-18T22:00:07.707+0545] {logging_mixin.py:188} INFO - [2026-07-18T22:00:07.707+0545] {dag.py:3947} INFO - Setting next_dagrun for example_task_group to 2026-07-17 00:00:00+00:00, run_after=2026-07-18 00:00:00+00:00
[2026-07-18T22:00:07.730+0545] {processor.py:183} INFO - Processing /home/snigdh/repos/bigData/spark_demo_env/lib/python3.12/site-packages/airflow/example_dags/example_task_group.py took 0.087 seconds
[2026-07-18T22:00:54.185+0545] {processor.py:161} INFO - Started process (PID=280013) to work on /home/snigdh/repos/bigData/spark_demo_env/lib/python3.12/site-packages/airflow/example_dags/example_task_group.py
[2026-07-18T22:00:54.188+0545] {processor.py:830} INFO - Processing file /home/snigdh/repos/bigData/spark_demo_env/lib/python3.12/site-packages/airflow/example_dags/example_task_group.py for tasks to queue
[2026-07-18T22:00:54.191+0545] {logging_mixin.py:188} INFO - [2026-07-18T22:00:54.189+0545] {dagbag.py:545} INFO - Filling up the DagBag from /home/snigdh/repos/bigData/spark_demo_env/lib/python3.12/site-packages/airflow/example_dags/example_task_group.py
[2026-07-18T22:00:54.200+0545] {processor.py:840} INFO - DAG(s) 'example_task_group' retrieved from /home/snigdh/repos/bigData/spark_demo_env/lib/python3.12/site-packages/airflow/example_dags/example_task_group.py
[2026-07-18T22:00:54.219+0545] {logging_mixin.py:188} INFO - [2026-07-18T22:00:54.219+0545] {dag.py:3089} INFO - Sync 1 DAGs
[2026-07-18T22:00:54.237+0545] {logging_mixin.py:188} INFO - [2026-07-18T22:00:54.237+0545] {dag.py:3947} INFO - Setting next_dagrun for example_task_group to 2026-07-17 00:00:00+00:00, run_after=2026-07-18 00:00:00+00:00
[2026-07-18T22:00:54.262+0545] {processor.py:183} INFO - Processing /home/snigdh/repos/bigData/spark_demo_env/lib/python3.12/site-packages/airflow/example_dags/example_task_group.py took 0.086 seconds
[2026-07-18T22:01:39.646+0545] {processor.py:161} INFO - Started process (PID=280463) to work on /home/snigdh/repos/bigData/spark_demo_env/lib/python3.12/site-packages/airflow/example_dags/example_task_group.py
[2026-07-18T22:01:39.650+0545] {processor.py:830} INFO - Processing file /home/snigdh/repos/bigData/spark_demo_env/lib/python3.12/site-packages/airflow/example_dags/example_task_group.py for tasks to queue
[2026-07-18T22:01:39.651+0545] {logging_mixin.py:188} INFO - [2026-07-18T22:01:39.651+0545] {dagbag.py:545} INFO - Filling up the DagBag from /home/snigdh/repos/bigData/spark_demo_env/lib/python3.12/site-packages/airflow/example_dags/example_task_group.py
[2026-07-18T22:01:39.660+0545] {processor.py:840} INFO - DAG(s) 'example_task_group' retrieved from /home/snigdh/repos/bigData/spark_demo_env/lib/python3.12/site-packages/airflow/example_dags/example_task_group.py
[2026-07-18T22:01:39.682+0545] {logging_mixin.py:188} INFO - [2026-07-18T22:01:39.681+0545] {dag.py:3089} INFO - Sync 1 DAGs
[2026-07-18T22:01:39.698+0545] {logging_mixin.py:188} INFO - [2026-07-18T22:01:39.697+0545] {dag.py:3947} INFO - Setting next_dagrun for example_task_group to 2026-07-17 00:00:00+00:00, run_after=2026-07-18 00:00:00+00:00
[2026-07-18T22:01:39.721+0545] {processor.py:183} INFO - Processing /home/snigdh/repos/bigData/spark_demo_env/lib/python3.12/site-packages/airflow/example_dags/example_task_group.py took 0.082 seconds
[2026-07-18T22:02:22.708+0545] {processor.py:161} INFO - Started process (PID=280857) to work on /home/snigdh/repos/bigData/spark_demo_env/lib/python3.12/site-packages/airflow/example_dags/example_task_group.py
[2026-07-18T22:02:22.711+0545] {processor.py:830} INFO - Processing file /home/snigdh/repos/bigData/spark_demo_env/lib/python3.12/site-packages/airflow/example_dags/example_task_group.py for tasks to queue
[2026-07-18T22:02:22.712+0545] {logging_mixin.py:188} INFO - [2026-07-18T22:02:22.711+0545] {dagbag.py:545} INFO - Filling up the DagBag from /home/snigdh/repos/bigData/spark_demo_env/lib/python3.12/site-packages/airflow/example_dags/example_task_group.py
[2026-07-18T22:02:22.720+0545] {processor.py:840} INFO - DAG(s) 'example_task_group' retrieved from /home/snigdh/repos/bigData/spark_demo_env/lib/python3.12/site-packages/airflow/example_dags/example_task_group.py
[2026-07-18T22:02:22.742+0545] {logging_mixin.py:188} INFO - [2026-07-18T22:02:22.742+0545] {dag.py:3089} INFO - Sync 1 DAGs
[2026-07-18T22:02:22.757+0545] {logging_mixin.py:188} INFO - [2026-07-18T22:02:22.757+0545] {dag.py:3947} INFO - Setting next_dagrun for example_task_group to 2026-07-17 00:00:00+00:00, run_after=2026-07-18 00:00:00+00:00
[2026-07-18T22:02:22.781+0545] {processor.py:183} INFO - Processing /home/snigdh/repos/bigData/spark_demo_env/lib/python3.12/site-packages/airflow/example_dags/example_task_group.py took 0.080 seconds
