[2026-07-18T21:38:26.098+0545] {processor.py:161} INFO - Started process (PID=262439) to work on /home/snigdh/repos/bigData/spark_demo_env/lib/python3.12/site-packages/airflow/example_dags/example_sla_dag.py
[2026-07-18T21:38:26.099+0545] {processor.py:830} INFO - Processing file /home/snigdh/repos/bigData/spark_demo_env/lib/python3.12/site-packages/airflow/example_dags/example_sla_dag.py for tasks to queue
[2026-07-18T21:38:26.101+0545] {logging_mixin.py:188} INFO - [2026-07-18T21:38:26.101+0545] {dagbag.py:545} INFO - Filling up the DagBag from /home/snigdh/repos/bigData/spark_demo_env/lib/python3.12/site-packages/airflow/example_dags/example_sla_dag.py
[2026-07-18T21:38:26.112+0545] {processor.py:840} INFO - DAG(s) 'example_sla_dag' retrieved from /home/snigdh/repos/bigData/spark_demo_env/lib/python3.12/site-packages/airflow/example_dags/example_sla_dag.py
[2026-07-18T21:38:26.255+0545] {logging_mixin.py:188} INFO - [2026-07-18T21:38:26.254+0545] {override.py:1858} INFO - Created Permission View: can delete on DAG:example_sla_dag
[2026-07-18T21:38:26.275+0545] {logging_mixin.py:188} INFO - [2026-07-18T21:38:26.274+0545] {override.py:1858} INFO - Created Permission View: can read on DAG:example_sla_dag
[2026-07-18T21:38:26.287+0545] {logging_mixin.py:188} INFO - [2026-07-18T21:38:26.286+0545] {override.py:1858} INFO - Created Permission View: can edit on DAG:example_sla_dag
[2026-07-18T21:38:26.288+0545] {logging_mixin.py:188} INFO - [2026-07-18T21:38:26.288+0545] {dag.py:3089} INFO - Sync 1 DAGs
[2026-07-18T21:38:26.306+0545] {logging_mixin.py:188} INFO - [2026-07-18T21:38:26.305+0545] {dag.py:3111} INFO - Creating ORM DAG for example_sla_dag
[2026-07-18T21:38:26.320+0545] {logging_mixin.py:188} INFO - [2026-07-18T21:38:26.320+0545] {dag.py:3947} INFO - Setting next_dagrun for example_sla_dag to 2026-07-18 15:50:00+00:00, run_after=2026-07-18 15:52:00+00:00
[2026-07-18T21:38:26.342+0545] {processor.py:183} INFO - Processing /home/snigdh/repos/bigData/spark_demo_env/lib/python3.12/site-packages/airflow/example_dags/example_sla_dag.py took 0.250 seconds
[2026-07-18T21:39:25.896+0545] {processor.py:161} INFO - Started process (PID=262754) to work on /home/snigdh/repos/bigData/spark_demo_env/lib/python3.12/site-packages/airflow/example_dags/example_sla_dag.py
[2026-07-18T21:39:25.899+0545] {processor.py:830} INFO - Processing file /home/snigdh/repos/bigData/spark_demo_env/lib/python3.12/site-packages/airflow/example_dags/example_sla_dag.py for tasks to queue
[2026-07-18T21:39:25.902+0545] {logging_mixin.py:188} INFO - [2026-07-18T21:39:25.901+0545] {dagbag.py:545} INFO - Filling up the DagBag from /home/snigdh/repos/bigData/spark_demo_env/lib/python3.12/site-packages/airflow/example_dags/example_sla_dag.py
[2026-07-18T21:39:25.916+0545] {processor.py:840} INFO - DAG(s) 'example_sla_dag' retrieved from /home/snigdh/repos/bigData/spark_demo_env/lib/python3.12/site-packages/airflow/example_dags/example_sla_dag.py
[2026-07-18T21:39:25.940+0545] {logging_mixin.py:188} INFO - [2026-07-18T21:39:25.940+0545] {dag.py:3089} INFO - Sync 1 DAGs
[2026-07-18T21:39:25.966+0545] {logging_mixin.py:188} INFO - [2026-07-18T21:39:25.966+0545] {dag.py:3947} INFO - Setting next_dagrun for example_sla_dag to 2026-07-18 15:52:00+00:00, run_after=2026-07-18 15:54:00+00:00
[2026-07-18T21:39:25.994+0545] {processor.py:183} INFO - Processing /home/snigdh/repos/bigData/spark_demo_env/lib/python3.12/site-packages/airflow/example_dags/example_sla_dag.py took 0.108 seconds
[2026-07-18T21:40:19.512+0545] {processor.py:161} INFO - Started process (PID=263042) to work on /home/snigdh/repos/bigData/spark_demo_env/lib/python3.12/site-packages/airflow/example_dags/example_sla_dag.py
[2026-07-18T21:40:19.516+0545] {processor.py:830} INFO - Processing file /home/snigdh/repos/bigData/spark_demo_env/lib/python3.12/site-packages/airflow/example_dags/example_sla_dag.py for tasks to queue
[2026-07-18T21:40:19.518+0545] {logging_mixin.py:188} INFO - [2026-07-18T21:40:19.518+0545] {dagbag.py:545} INFO - Filling up the DagBag from /home/snigdh/repos/bigData/spark_demo_env/lib/python3.12/site-packages/airflow/example_dags/example_sla_dag.py
[2026-07-18T21:40:19.530+0545] {processor.py:840} INFO - DAG(s) 'example_sla_dag' retrieved from /home/snigdh/repos/bigData/spark_demo_env/lib/python3.12/site-packages/airflow/example_dags/example_sla_dag.py
[2026-07-18T21:40:19.542+0545] {logging_mixin.py:188} INFO - [2026-07-18T21:40:19.542+0545] {dag.py:3089} INFO - Sync 1 DAGs
[2026-07-18T21:40:19.570+0545] {logging_mixin.py:188} INFO - [2026-07-18T21:40:19.570+0545] {dag.py:3947} INFO - Setting next_dagrun for example_sla_dag to 2026-07-18 15:52:00+00:00, run_after=2026-07-18 15:54:00+00:00
[2026-07-18T21:40:19.835+0545] {processor.py:183} INFO - Processing /home/snigdh/repos/bigData/spark_demo_env/lib/python3.12/site-packages/airflow/example_dags/example_sla_dag.py took 0.330 seconds
[2026-07-18T21:46:39.024+0545] {processor.py:161} INFO - Started process (PID=269878) to work on /home/snigdh/repos/bigData/spark_demo_env/lib/python3.12/site-packages/airflow/example_dags/example_sla_dag.py
[2026-07-18T21:46:39.029+0545] {processor.py:830} INFO - Processing file /home/snigdh/repos/bigData/spark_demo_env/lib/python3.12/site-packages/airflow/example_dags/example_sla_dag.py for tasks to queue
[2026-07-18T21:46:39.030+0545] {logging_mixin.py:188} INFO - [2026-07-18T21:46:39.030+0545] {dagbag.py:545} INFO - Filling up the DagBag from /home/snigdh/repos/bigData/spark_demo_env/lib/python3.12/site-packages/airflow/example_dags/example_sla_dag.py
[2026-07-18T21:46:39.044+0545] {processor.py:840} INFO - DAG(s) 'example_sla_dag' retrieved from /home/snigdh/repos/bigData/spark_demo_env/lib/python3.12/site-packages/airflow/example_dags/example_sla_dag.py
[2026-07-18T21:46:39.146+0545] {logging_mixin.py:188} INFO - [2026-07-18T21:46:39.146+0545] {dag.py:3089} INFO - Sync 1 DAGs
[2026-07-18T21:46:39.170+0545] {logging_mixin.py:188} INFO - [2026-07-18T21:46:39.169+0545] {dag.py:3947} INFO - Setting next_dagrun for example_sla_dag to 2026-07-18 15:58:00+00:00, run_after=2026-07-18 16:00:00+00:00
[2026-07-18T21:46:39.194+0545] {processor.py:183} INFO - Processing /home/snigdh/repos/bigData/spark_demo_env/lib/python3.12/site-packages/airflow/example_dags/example_sla_dag.py took 0.180 seconds
[2026-07-18T21:47:40.650+0545] {processor.py:161} INFO - Started process (PID=270549) to work on /home/snigdh/repos/bigData/spark_demo_env/lib/python3.12/site-packages/airflow/example_dags/example_sla_dag.py
[2026-07-18T21:47:40.654+0545] {processor.py:830} INFO - Processing file /home/snigdh/repos/bigData/spark_demo_env/lib/python3.12/site-packages/airflow/example_dags/example_sla_dag.py for tasks to queue
[2026-07-18T21:47:40.655+0545] {logging_mixin.py:188} INFO - [2026-07-18T21:47:40.655+0545] {dagbag.py:545} INFO - Filling up the DagBag from /home/snigdh/repos/bigData/spark_demo_env/lib/python3.12/site-packages/airflow/example_dags/example_sla_dag.py
[2026-07-18T21:47:40.666+0545] {processor.py:840} INFO - DAG(s) 'example_sla_dag' retrieved from /home/snigdh/repos/bigData/spark_demo_env/lib/python3.12/site-packages/airflow/example_dags/example_sla_dag.py
[2026-07-18T21:47:40.686+0545] {logging_mixin.py:188} INFO - [2026-07-18T21:47:40.686+0545] {dag.py:3089} INFO - Sync 1 DAGs
[2026-07-18T21:47:40.709+0545] {logging_mixin.py:188} INFO - [2026-07-18T21:47:40.708+0545] {dag.py:3947} INFO - Setting next_dagrun for example_sla_dag to 2026-07-18 16:00:00+00:00, run_after=2026-07-18 16:02:00+00:00
[2026-07-18T21:47:40.735+0545] {processor.py:183} INFO - Processing /home/snigdh/repos/bigData/spark_demo_env/lib/python3.12/site-packages/airflow/example_dags/example_sla_dag.py took 0.093 seconds
[2026-07-18T21:48:30.104+0545] {processor.py:161} INFO - Started process (PID=271506) to work on /home/snigdh/repos/bigData/spark_demo_env/lib/python3.12/site-packages/airflow/example_dags/example_sla_dag.py
[2026-07-18T21:48:30.108+0545] {processor.py:830} INFO - Processing file /home/snigdh/repos/bigData/spark_demo_env/lib/python3.12/site-packages/airflow/example_dags/example_sla_dag.py for tasks to queue
[2026-07-18T21:48:30.109+0545] {logging_mixin.py:188} INFO - [2026-07-18T21:48:30.108+0545] {dagbag.py:545} INFO - Filling up the DagBag from /home/snigdh/repos/bigData/spark_demo_env/lib/python3.12/site-packages/airflow/example_dags/example_sla_dag.py
[2026-07-18T21:48:30.120+0545] {processor.py:840} INFO - DAG(s) 'example_sla_dag' retrieved from /home/snigdh/repos/bigData/spark_demo_env/lib/python3.12/site-packages/airflow/example_dags/example_sla_dag.py
[2026-07-18T21:48:30.146+0545] {logging_mixin.py:188} INFO - [2026-07-18T21:48:30.146+0545] {dag.py:3089} INFO - Sync 1 DAGs
[2026-07-18T21:48:30.168+0545] {logging_mixin.py:188} INFO - [2026-07-18T21:48:30.168+0545] {dag.py:3947} INFO - Setting next_dagrun for example_sla_dag to 2026-07-18 16:00:00+00:00, run_after=2026-07-18 16:02:00+00:00
[2026-07-18T21:48:30.194+0545] {processor.py:183} INFO - Processing /home/snigdh/repos/bigData/spark_demo_env/lib/python3.12/site-packages/airflow/example_dags/example_sla_dag.py took 0.098 seconds
[2026-07-18T21:49:26.537+0545] {processor.py:161} INFO - Started process (PID=272069) to work on /home/snigdh/repos/bigData/spark_demo_env/lib/python3.12/site-packages/airflow/example_dags/example_sla_dag.py
[2026-07-18T21:49:26.541+0545] {processor.py:830} INFO - Processing file /home/snigdh/repos/bigData/spark_demo_env/lib/python3.12/site-packages/airflow/example_dags/example_sla_dag.py for tasks to queue
[2026-07-18T21:49:26.543+0545] {logging_mixin.py:188} INFO - [2026-07-18T21:49:26.543+0545] {dagbag.py:545} INFO - Filling up the DagBag from /home/snigdh/repos/bigData/spark_demo_env/lib/python3.12/site-packages/airflow/example_dags/example_sla_dag.py
[2026-07-18T21:49:26.554+0545] {processor.py:840} INFO - DAG(s) 'example_sla_dag' retrieved from /home/snigdh/repos/bigData/spark_demo_env/lib/python3.12/site-packages/airflow/example_dags/example_sla_dag.py
[2026-07-18T21:49:26.579+0545] {logging_mixin.py:188} INFO - [2026-07-18T21:49:26.579+0545] {dag.py:3089} INFO - Sync 1 DAGs
[2026-07-18T21:49:26.721+0545] {logging_mixin.py:188} INFO - [2026-07-18T21:49:26.721+0545] {dag.py:3947} INFO - Setting next_dagrun for example_sla_dag to 2026-07-18 16:02:00+00:00, run_after=2026-07-18 16:04:00+00:00
[2026-07-18T21:49:26.751+0545] {processor.py:183} INFO - Processing /home/snigdh/repos/bigData/spark_demo_env/lib/python3.12/site-packages/airflow/example_dags/example_sla_dag.py took 0.222 seconds
[2026-07-18T21:50:18.533+0545] {processor.py:161} INFO - Started process (PID=272697) to work on /home/snigdh/repos/bigData/spark_demo_env/lib/python3.12/site-packages/airflow/example_dags/example_sla_dag.py
[2026-07-18T21:50:18.535+0545] {processor.py:830} INFO - Processing file /home/snigdh/repos/bigData/spark_demo_env/lib/python3.12/site-packages/airflow/example_dags/example_sla_dag.py for tasks to queue
[2026-07-18T21:50:18.537+0545] {logging_mixin.py:188} INFO - [2026-07-18T21:50:18.536+0545] {dagbag.py:545} INFO - Filling up the DagBag from /home/snigdh/repos/bigData/spark_demo_env/lib/python3.12/site-packages/airflow/example_dags/example_sla_dag.py
[2026-07-18T21:50:18.548+0545] {processor.py:840} INFO - DAG(s) 'example_sla_dag' retrieved from /home/snigdh/repos/bigData/spark_demo_env/lib/python3.12/site-packages/airflow/example_dags/example_sla_dag.py
[2026-07-18T21:50:18.564+0545] {logging_mixin.py:188} INFO - [2026-07-18T21:50:18.564+0545] {dag.py:3089} INFO - Sync 1 DAGs
[2026-07-18T21:50:18.584+0545] {logging_mixin.py:188} INFO - [2026-07-18T21:50:18.584+0545] {dag.py:3947} INFO - Setting next_dagrun for example_sla_dag to 2026-07-18 16:02:00+00:00, run_after=2026-07-18 16:04:00+00:00
[2026-07-18T21:50:18.610+0545] {processor.py:183} INFO - Processing /home/snigdh/repos/bigData/spark_demo_env/lib/python3.12/site-packages/airflow/example_dags/example_sla_dag.py took 0.085 seconds
[2026-07-18T21:51:02.611+0545] {processor.py:161} INFO - Started process (PID=273358) to work on /home/snigdh/repos/bigData/spark_demo_env/lib/python3.12/site-packages/airflow/example_dags/example_sla_dag.py
[2026-07-18T21:51:02.614+0545] {processor.py:830} INFO - Processing file /home/snigdh/repos/bigData/spark_demo_env/lib/python3.12/site-packages/airflow/example_dags/example_sla_dag.py for tasks to queue
[2026-07-18T21:51:02.615+0545] {logging_mixin.py:188} INFO - [2026-07-18T21:51:02.615+0545] {dagbag.py:545} INFO - Filling up the DagBag from /home/snigdh/repos/bigData/spark_demo_env/lib/python3.12/site-packages/airflow/example_dags/example_sla_dag.py
[2026-07-18T21:51:02.627+0545] {processor.py:840} INFO - DAG(s) 'example_sla_dag' retrieved from /home/snigdh/repos/bigData/spark_demo_env/lib/python3.12/site-packages/airflow/example_dags/example_sla_dag.py
[2026-07-18T21:51:02.648+0545] {logging_mixin.py:188} INFO - [2026-07-18T21:51:02.648+0545] {dag.py:3089} INFO - Sync 1 DAGs
[2026-07-18T21:51:02.671+0545] {logging_mixin.py:188} INFO - [2026-07-18T21:51:02.671+0545] {dag.py:3947} INFO - Setting next_dagrun for example_sla_dag to 2026-07-18 16:04:00+00:00, run_after=2026-07-18 16:06:00+00:00
[2026-07-18T21:51:02.698+0545] {processor.py:183} INFO - Processing /home/snigdh/repos/bigData/spark_demo_env/lib/python3.12/site-packages/airflow/example_dags/example_sla_dag.py took 0.095 seconds
[2026-07-18T21:51:49.258+0545] {processor.py:161} INFO - Started process (PID=273956) to work on /home/snigdh/repos/bigData/spark_demo_env/lib/python3.12/site-packages/airflow/example_dags/example_sla_dag.py
[2026-07-18T21:51:49.262+0545] {processor.py:830} INFO - Processing file /home/snigdh/repos/bigData/spark_demo_env/lib/python3.12/site-packages/airflow/example_dags/example_sla_dag.py for tasks to queue
[2026-07-18T21:51:49.264+0545] {logging_mixin.py:188} INFO - [2026-07-18T21:51:49.263+0545] {dagbag.py:545} INFO - Filling up the DagBag from /home/snigdh/repos/bigData/spark_demo_env/lib/python3.12/site-packages/airflow/example_dags/example_sla_dag.py
[2026-07-18T21:51:49.276+0545] {processor.py:840} INFO - DAG(s) 'example_sla_dag' retrieved from /home/snigdh/repos/bigData/spark_demo_env/lib/python3.12/site-packages/airflow/example_dags/example_sla_dag.py
[2026-07-18T21:51:49.295+0545] {logging_mixin.py:188} INFO - [2026-07-18T21:51:49.295+0545] {dag.py:3089} INFO - Sync 1 DAGs
[2026-07-18T21:51:49.326+0545] {logging_mixin.py:188} INFO - [2026-07-18T21:51:49.325+0545] {dag.py:3947} INFO - Setting next_dagrun for example_sla_dag to 2026-07-18 16:04:00+00:00, run_after=2026-07-18 16:06:00+00:00
[2026-07-18T21:51:49.357+0545] {processor.py:183} INFO - Processing /home/snigdh/repos/bigData/spark_demo_env/lib/python3.12/site-packages/airflow/example_dags/example_sla_dag.py took 0.107 seconds
[2026-07-18T21:52:35.288+0545] {processor.py:161} INFO - Started process (PID=274569) to work on /home/snigdh/repos/bigData/spark_demo_env/lib/python3.12/site-packages/airflow/example_dags/example_sla_dag.py
[2026-07-18T21:52:35.292+0545] {processor.py:830} INFO - Processing file /home/snigdh/repos/bigData/spark_demo_env/lib/python3.12/site-packages/airflow/example_dags/example_sla_dag.py for tasks to queue
[2026-07-18T21:52:35.293+0545] {logging_mixin.py:188} INFO - [2026-07-18T21:52:35.293+0545] {dagbag.py:545} INFO - Filling up the DagBag from /home/snigdh/repos/bigData/spark_demo_env/lib/python3.12/site-packages/airflow/example_dags/example_sla_dag.py
[2026-07-18T21:52:35.306+0545] {processor.py:840} INFO - DAG(s) 'example_sla_dag' retrieved from /home/snigdh/repos/bigData/spark_demo_env/lib/python3.12/site-packages/airflow/example_dags/example_sla_dag.py
[2026-07-18T21:52:35.330+0545] {logging_mixin.py:188} INFO - [2026-07-18T21:52:35.329+0545] {dag.py:3089} INFO - Sync 1 DAGs
[2026-07-18T21:52:35.358+0545] {logging_mixin.py:188} INFO - [2026-07-18T21:52:35.358+0545] {dag.py:3947} INFO - Setting next_dagrun for example_sla_dag to 2026-07-18 16:04:00+00:00, run_after=2026-07-18 16:06:00+00:00
[2026-07-18T21:52:35.385+0545] {processor.py:183} INFO - Processing /home/snigdh/repos/bigData/spark_demo_env/lib/python3.12/site-packages/airflow/example_dags/example_sla_dag.py took 0.105 seconds
[2026-07-18T21:53:20.844+0545] {processor.py:161} INFO - Started process (PID=275144) to work on /home/snigdh/repos/bigData/spark_demo_env/lib/python3.12/site-packages/airflow/example_dags/example_sla_dag.py
[2026-07-18T21:53:20.847+0545] {processor.py:830} INFO - Processing file /home/snigdh/repos/bigData/spark_demo_env/lib/python3.12/site-packages/airflow/example_dags/example_sla_dag.py for tasks to queue
[2026-07-18T21:53:20.848+0545] {logging_mixin.py:188} INFO - [2026-07-18T21:53:20.848+0545] {dagbag.py:545} INFO - Filling up the DagBag from /home/snigdh/repos/bigData/spark_demo_env/lib/python3.12/site-packages/airflow/example_dags/example_sla_dag.py
[2026-07-18T21:53:20.858+0545] {processor.py:840} INFO - DAG(s) 'example_sla_dag' retrieved from /home/snigdh/repos/bigData/spark_demo_env/lib/python3.12/site-packages/airflow/example_dags/example_sla_dag.py
[2026-07-18T21:53:20.879+0545] {logging_mixin.py:188} INFO - [2026-07-18T21:53:20.879+0545] {dag.py:3089} INFO - Sync 1 DAGs
[2026-07-18T21:53:20.897+0545] {logging_mixin.py:188} INFO - [2026-07-18T21:53:20.897+0545] {dag.py:3947} INFO - Setting next_dagrun for example_sla_dag to 2026-07-18 16:06:00+00:00, run_after=2026-07-18 16:08:00+00:00
[2026-07-18T21:53:20.920+0545] {processor.py:183} INFO - Processing /home/snigdh/repos/bigData/spark_demo_env/lib/python3.12/site-packages/airflow/example_dags/example_sla_dag.py took 0.085 seconds
[2026-07-18T21:54:10.758+0545] {processor.py:161} INFO - Started process (PID=276034) to work on /home/snigdh/repos/bigData/spark_demo_env/lib/python3.12/site-packages/airflow/example_dags/example_sla_dag.py
[2026-07-18T21:54:10.762+0545] {processor.py:830} INFO - Processing file /home/snigdh/repos/bigData/spark_demo_env/lib/python3.12/site-packages/airflow/example_dags/example_sla_dag.py for tasks to queue
[2026-07-18T21:54:10.764+0545] {logging_mixin.py:188} INFO - [2026-07-18T21:54:10.763+0545] {dagbag.py:545} INFO - Filling up the DagBag from /home/snigdh/repos/bigData/spark_demo_env/lib/python3.12/site-packages/airflow/example_dags/example_sla_dag.py
[2026-07-18T21:54:10.776+0545] {processor.py:840} INFO - DAG(s) 'example_sla_dag' retrieved from /home/snigdh/repos/bigData/spark_demo_env/lib/python3.12/site-packages/airflow/example_dags/example_sla_dag.py
[2026-07-18T21:54:10.800+0545] {logging_mixin.py:188} INFO - [2026-07-18T21:54:10.799+0545] {dag.py:3089} INFO - Sync 1 DAGs
[2026-07-18T21:54:10.825+0545] {logging_mixin.py:188} INFO - [2026-07-18T21:54:10.824+0545] {dag.py:3947} INFO - Setting next_dagrun for example_sla_dag to 2026-07-18 16:06:00+00:00, run_after=2026-07-18 16:08:00+00:00
[2026-07-18T21:54:10.853+0545] {processor.py:183} INFO - Processing /home/snigdh/repos/bigData/spark_demo_env/lib/python3.12/site-packages/airflow/example_dags/example_sla_dag.py took 0.107 seconds
[2026-07-18T21:54:58.145+0545] {processor.py:161} INFO - Started process (PID=276623) to work on /home/snigdh/repos/bigData/spark_demo_env/lib/python3.12/site-packages/airflow/example_dags/example_sla_dag.py
[2026-07-18T21:54:58.147+0545] {processor.py:830} INFO - Processing file /home/snigdh/repos/bigData/spark_demo_env/lib/python3.12/site-packages/airflow/example_dags/example_sla_dag.py for tasks to queue
[2026-07-18T21:54:58.148+0545] {logging_mixin.py:188} INFO - [2026-07-18T21:54:58.148+0545] {dagbag.py:545} INFO - Filling up the DagBag from /home/snigdh/repos/bigData/spark_demo_env/lib/python3.12/site-packages/airflow/example_dags/example_sla_dag.py
[2026-07-18T21:54:58.162+0545] {processor.py:840} INFO - DAG(s) 'example_sla_dag' retrieved from /home/snigdh/repos/bigData/spark_demo_env/lib/python3.12/site-packages/airflow/example_dags/example_sla_dag.py
[2026-07-18T21:54:58.184+0545] {logging_mixin.py:188} INFO - [2026-07-18T21:54:58.183+0545] {dag.py:3089} INFO - Sync 1 DAGs
[2026-07-18T21:54:58.203+0545] {logging_mixin.py:188} INFO - [2026-07-18T21:54:58.203+0545] {dag.py:3947} INFO - Setting next_dagrun for example_sla_dag to 2026-07-18 16:06:00+00:00, run_after=2026-07-18 16:08:00+00:00
[2026-07-18T21:54:58.227+0545] {processor.py:183} INFO - Processing /home/snigdh/repos/bigData/spark_demo_env/lib/python3.12/site-packages/airflow/example_dags/example_sla_dag.py took 0.091 seconds
[2026-07-18T21:55:42.480+0545] {processor.py:161} INFO - Started process (PID=277086) to work on /home/snigdh/repos/bigData/spark_demo_env/lib/python3.12/site-packages/airflow/example_dags/example_sla_dag.py
[2026-07-18T21:55:42.484+0545] {processor.py:830} INFO - Processing file /home/snigdh/repos/bigData/spark_demo_env/lib/python3.12/site-packages/airflow/example_dags/example_sla_dag.py for tasks to queue
[2026-07-18T21:55:42.486+0545] {logging_mixin.py:188} INFO - [2026-07-18T21:55:42.485+0545] {dagbag.py:545} INFO - Filling up the DagBag from /home/snigdh/repos/bigData/spark_demo_env/lib/python3.12/site-packages/airflow/example_dags/example_sla_dag.py
[2026-07-18T21:55:42.500+0545] {processor.py:840} INFO - DAG(s) 'example_sla_dag' retrieved from /home/snigdh/repos/bigData/spark_demo_env/lib/python3.12/site-packages/airflow/example_dags/example_sla_dag.py
[2026-07-18T21:55:42.524+0545] {logging_mixin.py:188} INFO - [2026-07-18T21:55:42.523+0545] {dag.py:3089} INFO - Sync 1 DAGs
[2026-07-18T21:55:42.543+0545] {logging_mixin.py:188} INFO - [2026-07-18T21:55:42.543+0545] {dag.py:3947} INFO - Setting next_dagrun for example_sla_dag to 2026-07-18 16:08:00+00:00, run_after=2026-07-18 16:10:00+00:00
[2026-07-18T21:55:42.565+0545] {processor.py:183} INFO - Processing /home/snigdh/repos/bigData/spark_demo_env/lib/python3.12/site-packages/airflow/example_dags/example_sla_dag.py took 0.093 seconds
[2026-07-18T21:56:28.326+0545] {processor.py:161} INFO - Started process (PID=277499) to work on /home/snigdh/repos/bigData/spark_demo_env/lib/python3.12/site-packages/airflow/example_dags/example_sla_dag.py
[2026-07-18T21:56:28.330+0545] {processor.py:830} INFO - Processing file /home/snigdh/repos/bigData/spark_demo_env/lib/python3.12/site-packages/airflow/example_dags/example_sla_dag.py for tasks to queue
[2026-07-18T21:56:28.331+0545] {logging_mixin.py:188} INFO - [2026-07-18T21:56:28.331+0545] {dagbag.py:545} INFO - Filling up the DagBag from /home/snigdh/repos/bigData/spark_demo_env/lib/python3.12/site-packages/airflow/example_dags/example_sla_dag.py
[2026-07-18T21:56:28.344+0545] {processor.py:840} INFO - DAG(s) 'example_sla_dag' retrieved from /home/snigdh/repos/bigData/spark_demo_env/lib/python3.12/site-packages/airflow/example_dags/example_sla_dag.py
[2026-07-18T21:56:28.367+0545] {logging_mixin.py:188} INFO - [2026-07-18T21:56:28.366+0545] {dag.py:3089} INFO - Sync 1 DAGs
[2026-07-18T21:56:28.393+0545] {logging_mixin.py:188} INFO - [2026-07-18T21:56:28.393+0545] {dag.py:3947} INFO - Setting next_dagrun for example_sla_dag to 2026-07-18 16:08:00+00:00, run_after=2026-07-18 16:10:00+00:00
[2026-07-18T21:56:28.428+0545] {processor.py:183} INFO - Processing /home/snigdh/repos/bigData/spark_demo_env/lib/python3.12/site-packages/airflow/example_dags/example_sla_dag.py took 0.110 seconds
[2026-07-18T21:57:10.906+0545] {processor.py:161} INFO - Started process (PID=277935) to work on /home/snigdh/repos/bigData/spark_demo_env/lib/python3.12/site-packages/airflow/example_dags/example_sla_dag.py
[2026-07-18T21:57:10.909+0545] {processor.py:830} INFO - Processing file /home/snigdh/repos/bigData/spark_demo_env/lib/python3.12/site-packages/airflow/example_dags/example_sla_dag.py for tasks to queue
[2026-07-18T21:57:10.911+0545] {logging_mixin.py:188} INFO - [2026-07-18T21:57:10.910+0545] {dagbag.py:545} INFO - Filling up the DagBag from /home/snigdh/repos/bigData/spark_demo_env/lib/python3.12/site-packages/airflow/example_dags/example_sla_dag.py
[2026-07-18T21:57:10.923+0545] {processor.py:840} INFO - DAG(s) 'example_sla_dag' retrieved from /home/snigdh/repos/bigData/spark_demo_env/lib/python3.12/site-packages/airflow/example_dags/example_sla_dag.py
[2026-07-18T21:57:10.944+0545] {logging_mixin.py:188} INFO - [2026-07-18T21:57:10.944+0545] {dag.py:3089} INFO - Sync 1 DAGs
[2026-07-18T21:57:10.966+0545] {logging_mixin.py:188} INFO - [2026-07-18T21:57:10.966+0545] {dag.py:3947} INFO - Setting next_dagrun for example_sla_dag to 2026-07-18 16:10:00+00:00, run_after=2026-07-18 16:12:00+00:00
[2026-07-18T21:57:10.989+0545] {processor.py:183} INFO - Processing /home/snigdh/repos/bigData/spark_demo_env/lib/python3.12/site-packages/airflow/example_dags/example_sla_dag.py took 0.090 seconds
[2026-07-18T21:57:57.813+0545] {processor.py:161} INFO - Started process (PID=278352) to work on /home/snigdh/repos/bigData/spark_demo_env/lib/python3.12/site-packages/airflow/example_dags/example_sla_dag.py
[2026-07-18T21:57:57.817+0545] {processor.py:830} INFO - Processing file /home/snigdh/repos/bigData/spark_demo_env/lib/python3.12/site-packages/airflow/example_dags/example_sla_dag.py for tasks to queue
[2026-07-18T21:57:57.818+0545] {logging_mixin.py:188} INFO - [2026-07-18T21:57:57.817+0545] {dagbag.py:545} INFO - Filling up the DagBag from /home/snigdh/repos/bigData/spark_demo_env/lib/python3.12/site-packages/airflow/example_dags/example_sla_dag.py
[2026-07-18T21:57:57.829+0545] {processor.py:840} INFO - DAG(s) 'example_sla_dag' retrieved from /home/snigdh/repos/bigData/spark_demo_env/lib/python3.12/site-packages/airflow/example_dags/example_sla_dag.py
[2026-07-18T21:57:57.851+0545] {logging_mixin.py:188} INFO - [2026-07-18T21:57:57.851+0545] {dag.py:3089} INFO - Sync 1 DAGs
[2026-07-18T21:57:57.871+0545] {logging_mixin.py:188} INFO - [2026-07-18T21:57:57.870+0545] {dag.py:3947} INFO - Setting next_dagrun for example_sla_dag to 2026-07-18 16:10:00+00:00, run_after=2026-07-18 16:12:00+00:00
[2026-07-18T21:57:57.894+0545] {processor.py:183} INFO - Processing /home/snigdh/repos/bigData/spark_demo_env/lib/python3.12/site-packages/airflow/example_dags/example_sla_dag.py took 0.088 seconds
[2026-07-18T21:58:42.309+0545] {processor.py:161} INFO - Started process (PID=278807) to work on /home/snigdh/repos/bigData/spark_demo_env/lib/python3.12/site-packages/airflow/example_dags/example_sla_dag.py
[2026-07-18T21:58:42.314+0545] {processor.py:830} INFO - Processing file /home/snigdh/repos/bigData/spark_demo_env/lib/python3.12/site-packages/airflow/example_dags/example_sla_dag.py for tasks to queue
[2026-07-18T21:58:42.315+0545] {logging_mixin.py:188} INFO - [2026-07-18T21:58:42.314+0545] {dagbag.py:545} INFO - Filling up the DagBag from /home/snigdh/repos/bigData/spark_demo_env/lib/python3.12/site-packages/airflow/example_dags/example_sla_dag.py
[2026-07-18T21:58:42.328+0545] {processor.py:840} INFO - DAG(s) 'example_sla_dag' retrieved from /home/snigdh/repos/bigData/spark_demo_env/lib/python3.12/site-packages/airflow/example_dags/example_sla_dag.py
[2026-07-18T21:58:42.349+0545] {logging_mixin.py:188} INFO - [2026-07-18T21:58:42.349+0545] {dag.py:3089} INFO - Sync 1 DAGs
[2026-07-18T21:58:42.368+0545] {logging_mixin.py:188} INFO - [2026-07-18T21:58:42.368+0545] {dag.py:3947} INFO - Setting next_dagrun for example_sla_dag to 2026-07-18 16:10:00+00:00, run_after=2026-07-18 16:12:00+00:00
[2026-07-18T21:58:42.390+0545] {processor.py:183} INFO - Processing /home/snigdh/repos/bigData/spark_demo_env/lib/python3.12/site-packages/airflow/example_dags/example_sla_dag.py took 0.089 seconds
[2026-07-18T21:59:27.805+0545] {processor.py:161} INFO - Started process (PID=279214) to work on /home/snigdh/repos/bigData/spark_demo_env/lib/python3.12/site-packages/airflow/example_dags/example_sla_dag.py
[2026-07-18T21:59:27.809+0545] {processor.py:830} INFO - Processing file /home/snigdh/repos/bigData/spark_demo_env/lib/python3.12/site-packages/airflow/example_dags/example_sla_dag.py for tasks to queue
[2026-07-18T21:59:27.811+0545] {logging_mixin.py:188} INFO - [2026-07-18T21:59:27.810+0545] {dagbag.py:545} INFO - Filling up the DagBag from /home/snigdh/repos/bigData/spark_demo_env/lib/python3.12/site-packages/airflow/example_dags/example_sla_dag.py
[2026-07-18T21:59:27.823+0545] {processor.py:840} INFO - DAG(s) 'example_sla_dag' retrieved from /home/snigdh/repos/bigData/spark_demo_env/lib/python3.12/site-packages/airflow/example_dags/example_sla_dag.py
[2026-07-18T21:59:27.846+0545] {logging_mixin.py:188} INFO - [2026-07-18T21:59:27.846+0545] {dag.py:3089} INFO - Sync 1 DAGs
[2026-07-18T21:59:27.866+0545] {logging_mixin.py:188} INFO - [2026-07-18T21:59:27.865+0545] {dag.py:3947} INFO - Setting next_dagrun for example_sla_dag to 2026-07-18 16:12:00+00:00, run_after=2026-07-18 16:14:00+00:00
[2026-07-18T21:59:27.887+0545] {processor.py:183} INFO - Processing /home/snigdh/repos/bigData/spark_demo_env/lib/python3.12/site-packages/airflow/example_dags/example_sla_dag.py took 0.092 seconds
[2026-07-18T22:00:15.148+0545] {processor.py:161} INFO - Started process (PID=279678) to work on /home/snigdh/repos/bigData/spark_demo_env/lib/python3.12/site-packages/airflow/example_dags/example_sla_dag.py
[2026-07-18T22:00:15.150+0545] {processor.py:830} INFO - Processing file /home/snigdh/repos/bigData/spark_demo_env/lib/python3.12/site-packages/airflow/example_dags/example_sla_dag.py for tasks to queue
[2026-07-18T22:00:15.152+0545] {logging_mixin.py:188} INFO - [2026-07-18T22:00:15.151+0545] {dagbag.py:545} INFO - Filling up the DagBag from /home/snigdh/repos/bigData/spark_demo_env/lib/python3.12/site-packages/airflow/example_dags/example_sla_dag.py
[2026-07-18T22:00:15.160+0545] {processor.py:840} INFO - DAG(s) 'example_sla_dag' retrieved from /home/snigdh/repos/bigData/spark_demo_env/lib/python3.12/site-packages/airflow/example_dags/example_sla_dag.py
[2026-07-18T22:00:15.175+0545] {logging_mixin.py:188} INFO - [2026-07-18T22:00:15.175+0545] {dag.py:3089} INFO - Sync 1 DAGs
[2026-07-18T22:00:15.193+0545] {logging_mixin.py:188} INFO - [2026-07-18T22:00:15.192+0545] {dag.py:3947} INFO - Setting next_dagrun for example_sla_dag to 2026-07-18 16:12:00+00:00, run_after=2026-07-18 16:14:00+00:00
[2026-07-18T22:00:15.214+0545] {processor.py:183} INFO - Processing /home/snigdh/repos/bigData/spark_demo_env/lib/python3.12/site-packages/airflow/example_dags/example_sla_dag.py took 0.074 seconds
[2026-07-18T22:01:02.025+0545] {processor.py:161} INFO - Started process (PID=280130) to work on /home/snigdh/repos/bigData/spark_demo_env/lib/python3.12/site-packages/airflow/example_dags/example_sla_dag.py
[2026-07-18T22:01:02.029+0545] {processor.py:830} INFO - Processing file /home/snigdh/repos/bigData/spark_demo_env/lib/python3.12/site-packages/airflow/example_dags/example_sla_dag.py for tasks to queue
[2026-07-18T22:01:02.031+0545] {logging_mixin.py:188} INFO - [2026-07-18T22:01:02.030+0545] {dagbag.py:545} INFO - Filling up the DagBag from /home/snigdh/repos/bigData/spark_demo_env/lib/python3.12/site-packages/airflow/example_dags/example_sla_dag.py
[2026-07-18T22:01:02.043+0545] {processor.py:840} INFO - DAG(s) 'example_sla_dag' retrieved from /home/snigdh/repos/bigData/spark_demo_env/lib/python3.12/site-packages/airflow/example_dags/example_sla_dag.py
[2026-07-18T22:01:02.067+0545] {logging_mixin.py:188} INFO - [2026-07-18T22:01:02.067+0545] {dag.py:3089} INFO - Sync 1 DAGs
[2026-07-18T22:01:02.090+0545] {logging_mixin.py:188} INFO - [2026-07-18T22:01:02.090+0545] {dag.py:3947} INFO - Setting next_dagrun for example_sla_dag to 2026-07-18 16:14:00+00:00, run_after=2026-07-18 16:16:00+00:00
[2026-07-18T22:01:02.116+0545] {processor.py:183} INFO - Processing /home/snigdh/repos/bigData/spark_demo_env/lib/python3.12/site-packages/airflow/example_dags/example_sla_dag.py took 0.100 seconds
[2026-07-18T22:01:46.645+0545] {processor.py:161} INFO - Started process (PID=280518) to work on /home/snigdh/repos/bigData/spark_demo_env/lib/python3.12/site-packages/airflow/example_dags/example_sla_dag.py
[2026-07-18T22:01:46.649+0545] {processor.py:830} INFO - Processing file /home/snigdh/repos/bigData/spark_demo_env/lib/python3.12/site-packages/airflow/example_dags/example_sla_dag.py for tasks to queue
[2026-07-18T22:01:46.651+0545] {logging_mixin.py:188} INFO - [2026-07-18T22:01:46.650+0545] {dagbag.py:545} INFO - Filling up the DagBag from /home/snigdh/repos/bigData/spark_demo_env/lib/python3.12/site-packages/airflow/example_dags/example_sla_dag.py
[2026-07-18T22:01:46.662+0545] {processor.py:840} INFO - DAG(s) 'example_sla_dag' retrieved from /home/snigdh/repos/bigData/spark_demo_env/lib/python3.12/site-packages/airflow/example_dags/example_sla_dag.py
[2026-07-18T22:01:46.683+0545] {logging_mixin.py:188} INFO - [2026-07-18T22:01:46.683+0545] {dag.py:3089} INFO - Sync 1 DAGs
[2026-07-18T22:01:46.702+0545] {logging_mixin.py:188} INFO - [2026-07-18T22:01:46.702+0545] {dag.py:3947} INFO - Setting next_dagrun for example_sla_dag to 2026-07-18 16:14:00+00:00, run_after=2026-07-18 16:16:00+00:00
[2026-07-18T22:01:46.723+0545] {processor.py:183} INFO - Processing /home/snigdh/repos/bigData/spark_demo_env/lib/python3.12/site-packages/airflow/example_dags/example_sla_dag.py took 0.086 seconds
[2026-07-18T22:02:31.453+0545] {processor.py:161} INFO - Started process (PID=280966) to work on /home/snigdh/repos/bigData/spark_demo_env/lib/python3.12/site-packages/airflow/example_dags/example_sla_dag.py
[2026-07-18T22:02:31.457+0545] {processor.py:830} INFO - Processing file /home/snigdh/repos/bigData/spark_demo_env/lib/python3.12/site-packages/airflow/example_dags/example_sla_dag.py for tasks to queue
[2026-07-18T22:02:31.459+0545] {logging_mixin.py:188} INFO - [2026-07-18T22:02:31.458+0545] {dagbag.py:545} INFO - Filling up the DagBag from /home/snigdh/repos/bigData/spark_demo_env/lib/python3.12/site-packages/airflow/example_dags/example_sla_dag.py
[2026-07-18T22:02:31.473+0545] {processor.py:840} INFO - DAG(s) 'example_sla_dag' retrieved from /home/snigdh/repos/bigData/spark_demo_env/lib/python3.12/site-packages/airflow/example_dags/example_sla_dag.py
[2026-07-18T22:02:31.503+0545] {logging_mixin.py:188} INFO - [2026-07-18T22:02:31.502+0545] {dag.py:3089} INFO - Sync 1 DAGs
[2026-07-18T22:02:31.539+0545] {logging_mixin.py:188} INFO - [2026-07-18T22:02:31.538+0545] {dag.py:3947} INFO - Setting next_dagrun for example_sla_dag to 2026-07-18 16:14:00+00:00, run_after=2026-07-18 16:16:00+00:00
[2026-07-18T22:02:31.575+0545] {processor.py:183} INFO - Processing /home/snigdh/repos/bigData/spark_demo_env/lib/python3.12/site-packages/airflow/example_dags/example_sla_dag.py took 0.132 seconds
