[2026-07-18T21:38:45.637+0545] {processor.py:161} INFO - Started process (PID=262532) to work on /home/snigdh/repos/bigData/spark_demo_env/lib/python3.12/site-packages/airflow/example_dags/example_external_task_marker_dag.py
[2026-07-18T21:38:45.638+0545] {processor.py:830} INFO - Processing file /home/snigdh/repos/bigData/spark_demo_env/lib/python3.12/site-packages/airflow/example_dags/example_external_task_marker_dag.py for tasks to queue
[2026-07-18T21:38:45.640+0545] {logging_mixin.py:188} INFO - [2026-07-18T21:38:45.640+0545] {dagbag.py:545} INFO - Filling up the DagBag from /home/snigdh/repos/bigData/spark_demo_env/lib/python3.12/site-packages/airflow/example_dags/example_external_task_marker_dag.py
[2026-07-18T21:38:45.649+0545] {processor.py:840} INFO - DAG(s) 'example_external_task_marker_child', 'example_external_task_marker_parent' retrieved from /home/snigdh/repos/bigData/spark_demo_env/lib/python3.12/site-packages/airflow/example_dags/example_external_task_marker_dag.py
[2026-07-18T21:38:45.761+0545] {logging_mixin.py:188} INFO - [2026-07-18T21:38:45.761+0545] {override.py:1858} INFO - Created Permission View: can delete on DAG:example_external_task_marker_child
[2026-07-18T21:38:45.775+0545] {logging_mixin.py:188} INFO - [2026-07-18T21:38:45.774+0545] {override.py:1858} INFO - Created Permission View: can read on DAG:example_external_task_marker_child
[2026-07-18T21:38:45.785+0545] {logging_mixin.py:188} INFO - [2026-07-18T21:38:45.784+0545] {override.py:1858} INFO - Created Permission View: can edit on DAG:example_external_task_marker_child
[2026-07-18T21:38:45.804+0545] {logging_mixin.py:188} INFO - [2026-07-18T21:38:45.803+0545] {override.py:1858} INFO - Created Permission View: can delete on DAG:example_external_task_marker_parent
[2026-07-18T21:38:45.815+0545] {logging_mixin.py:188} INFO - [2026-07-18T21:38:45.814+0545] {override.py:1858} INFO - Created Permission View: can read on DAG:example_external_task_marker_parent
[2026-07-18T21:38:45.826+0545] {logging_mixin.py:188} INFO - [2026-07-18T21:38:45.826+0545] {override.py:1858} INFO - Created Permission View: can edit on DAG:example_external_task_marker_parent
[2026-07-18T21:38:45.827+0545] {logging_mixin.py:188} INFO - [2026-07-18T21:38:45.827+0545] {dag.py:3089} INFO - Sync 2 DAGs
[2026-07-18T21:38:45.842+0545] {logging_mixin.py:188} INFO - [2026-07-18T21:38:45.841+0545] {dag.py:3111} INFO - Creating ORM DAG for example_external_task_marker_parent
[2026-07-18T21:38:45.843+0545] {logging_mixin.py:188} INFO - [2026-07-18T21:38:45.842+0545] {dag.py:3111} INFO - Creating ORM DAG for example_external_task_marker_child
[2026-07-18T21:38:45.843+0545] {logging_mixin.py:188} INFO - [2026-07-18T21:38:45.843+0545] {dag.py:3947} INFO - Setting next_dagrun for example_external_task_marker_child to None, run_after=None
[2026-07-18T21:38:45.844+0545] {logging_mixin.py:188} INFO - [2026-07-18T21:38:45.844+0545] {dag.py:3947} INFO - Setting next_dagrun for example_external_task_marker_parent to None, run_after=None
[2026-07-18T21:38:45.872+0545] {processor.py:183} INFO - Processing /home/snigdh/repos/bigData/spark_demo_env/lib/python3.12/site-packages/airflow/example_dags/example_external_task_marker_dag.py took 0.242 seconds
[2026-07-18T21:39:44.128+0545] {processor.py:161} INFO - Started process (PID=262830) to work on /home/snigdh/repos/bigData/spark_demo_env/lib/python3.12/site-packages/airflow/example_dags/example_external_task_marker_dag.py
[2026-07-18T21:39:44.132+0545] {processor.py:830} INFO - Processing file /home/snigdh/repos/bigData/spark_demo_env/lib/python3.12/site-packages/airflow/example_dags/example_external_task_marker_dag.py for tasks to queue
[2026-07-18T21:39:44.135+0545] {logging_mixin.py:188} INFO - [2026-07-18T21:39:44.134+0545] {dagbag.py:545} INFO - Filling up the DagBag from /home/snigdh/repos/bigData/spark_demo_env/lib/python3.12/site-packages/airflow/example_dags/example_external_task_marker_dag.py
[2026-07-18T21:39:44.146+0545] {processor.py:840} INFO - DAG(s) 'example_external_task_marker_parent', 'example_external_task_marker_child' retrieved from /home/snigdh/repos/bigData/spark_demo_env/lib/python3.12/site-packages/airflow/example_dags/example_external_task_marker_dag.py
[2026-07-18T21:39:44.178+0545] {logging_mixin.py:188} INFO - [2026-07-18T21:39:44.177+0545] {dag.py:3089} INFO - Sync 2 DAGs
[2026-07-18T21:39:44.192+0545] {logging_mixin.py:188} INFO - [2026-07-18T21:39:44.192+0545] {dag.py:3947} INFO - Setting next_dagrun for example_external_task_marker_child to None, run_after=None
[2026-07-18T21:39:44.196+0545] {logging_mixin.py:188} INFO - [2026-07-18T21:39:44.196+0545] {dag.py:3947} INFO - Setting next_dagrun for example_external_task_marker_parent to None, run_after=None
[2026-07-18T21:39:44.222+0545] {processor.py:183} INFO - Processing /home/snigdh/repos/bigData/spark_demo_env/lib/python3.12/site-packages/airflow/example_dags/example_external_task_marker_dag.py took 0.104 seconds
[2026-07-18T21:46:59.768+0545] {processor.py:161} INFO - Started process (PID=270105) to work on /home/snigdh/repos/bigData/spark_demo_env/lib/python3.12/site-packages/airflow/example_dags/example_external_task_marker_dag.py
[2026-07-18T21:46:59.772+0545] {processor.py:830} INFO - Processing file /home/snigdh/repos/bigData/spark_demo_env/lib/python3.12/site-packages/airflow/example_dags/example_external_task_marker_dag.py for tasks to queue
[2026-07-18T21:46:59.773+0545] {logging_mixin.py:188} INFO - [2026-07-18T21:46:59.773+0545] {dagbag.py:545} INFO - Filling up the DagBag from /home/snigdh/repos/bigData/spark_demo_env/lib/python3.12/site-packages/airflow/example_dags/example_external_task_marker_dag.py
[2026-07-18T21:46:59.779+0545] {processor.py:840} INFO - DAG(s) 'example_external_task_marker_child', 'example_external_task_marker_parent' retrieved from /home/snigdh/repos/bigData/spark_demo_env/lib/python3.12/site-packages/airflow/example_dags/example_external_task_marker_dag.py
[2026-07-18T21:46:59.918+0545] {logging_mixin.py:188} INFO - [2026-07-18T21:46:59.917+0545] {dag.py:3089} INFO - Sync 2 DAGs
[2026-07-18T21:46:59.938+0545] {logging_mixin.py:188} INFO - [2026-07-18T21:46:59.938+0545] {dag.py:3947} INFO - Setting next_dagrun for example_external_task_marker_child to None, run_after=None
[2026-07-18T21:47:00.083+0545] {logging_mixin.py:188} INFO - [2026-07-18T21:47:00.082+0545] {dag.py:3947} INFO - Setting next_dagrun for example_external_task_marker_parent to None, run_after=None
[2026-07-18T21:47:00.105+0545] {processor.py:183} INFO - Processing /home/snigdh/repos/bigData/spark_demo_env/lib/python3.12/site-packages/airflow/example_dags/example_external_task_marker_dag.py took 0.342 seconds
[2026-07-18T21:47:56.115+0545] {processor.py:161} INFO - Started process (PID=270683) to work on /home/snigdh/repos/bigData/spark_demo_env/lib/python3.12/site-packages/airflow/example_dags/example_external_task_marker_dag.py
[2026-07-18T21:47:56.119+0545] {processor.py:830} INFO - Processing file /home/snigdh/repos/bigData/spark_demo_env/lib/python3.12/site-packages/airflow/example_dags/example_external_task_marker_dag.py for tasks to queue
[2026-07-18T21:47:56.120+0545] {logging_mixin.py:188} INFO - [2026-07-18T21:47:56.119+0545] {dagbag.py:545} INFO - Filling up the DagBag from /home/snigdh/repos/bigData/spark_demo_env/lib/python3.12/site-packages/airflow/example_dags/example_external_task_marker_dag.py
[2026-07-18T21:47:56.126+0545] {processor.py:840} INFO - DAG(s) 'example_external_task_marker_child', 'example_external_task_marker_parent' retrieved from /home/snigdh/repos/bigData/spark_demo_env/lib/python3.12/site-packages/airflow/example_dags/example_external_task_marker_dag.py
[2026-07-18T21:47:56.142+0545] {logging_mixin.py:188} INFO - [2026-07-18T21:47:56.142+0545] {dag.py:3089} INFO - Sync 2 DAGs
[2026-07-18T21:47:56.153+0545] {logging_mixin.py:188} INFO - [2026-07-18T21:47:56.152+0545] {dag.py:3947} INFO - Setting next_dagrun for example_external_task_marker_child to None, run_after=None
[2026-07-18T21:47:56.155+0545] {logging_mixin.py:188} INFO - [2026-07-18T21:47:56.155+0545] {dag.py:3947} INFO - Setting next_dagrun for example_external_task_marker_parent to None, run_after=None
[2026-07-18T21:47:56.178+0545] {processor.py:183} INFO - Processing /home/snigdh/repos/bigData/spark_demo_env/lib/python3.12/site-packages/airflow/example_dags/example_external_task_marker_dag.py took 0.071 seconds
[2026-07-18T21:48:46.847+0545] {processor.py:161} INFO - Started process (PID=271669) to work on /home/snigdh/repos/bigData/spark_demo_env/lib/python3.12/site-packages/airflow/example_dags/example_external_task_marker_dag.py
[2026-07-18T21:48:46.852+0545] {processor.py:830} INFO - Processing file /home/snigdh/repos/bigData/spark_demo_env/lib/python3.12/site-packages/airflow/example_dags/example_external_task_marker_dag.py for tasks to queue
[2026-07-18T21:48:46.854+0545] {logging_mixin.py:188} INFO - [2026-07-18T21:48:46.853+0545] {dagbag.py:545} INFO - Filling up the DagBag from /home/snigdh/repos/bigData/spark_demo_env/lib/python3.12/site-packages/airflow/example_dags/example_external_task_marker_dag.py
[2026-07-18T21:48:46.863+0545] {processor.py:840} INFO - DAG(s) 'example_external_task_marker_child', 'example_external_task_marker_parent' retrieved from /home/snigdh/repos/bigData/spark_demo_env/lib/python3.12/site-packages/airflow/example_dags/example_external_task_marker_dag.py
[2026-07-18T21:48:46.888+0545] {logging_mixin.py:188} INFO - [2026-07-18T21:48:46.888+0545] {dag.py:3089} INFO - Sync 2 DAGs
[2026-07-18T21:48:46.898+0545] {logging_mixin.py:188} INFO - [2026-07-18T21:48:46.898+0545] {dag.py:3947} INFO - Setting next_dagrun for example_external_task_marker_child to None, run_after=None
[2026-07-18T21:48:46.901+0545] {logging_mixin.py:188} INFO - [2026-07-18T21:48:46.901+0545] {dag.py:3947} INFO - Setting next_dagrun for example_external_task_marker_parent to None, run_after=None
[2026-07-18T21:48:46.923+0545] {processor.py:183} INFO - Processing /home/snigdh/repos/bigData/spark_demo_env/lib/python3.12/site-packages/airflow/example_dags/example_external_task_marker_dag.py took 0.086 seconds
[2026-07-18T21:49:44.861+0545] {processor.py:161} INFO - Started process (PID=272292) to work on /home/snigdh/repos/bigData/spark_demo_env/lib/python3.12/site-packages/airflow/example_dags/example_external_task_marker_dag.py
[2026-07-18T21:49:44.863+0545] {processor.py:830} INFO - Processing file /home/snigdh/repos/bigData/spark_demo_env/lib/python3.12/site-packages/airflow/example_dags/example_external_task_marker_dag.py for tasks to queue
[2026-07-18T21:49:44.864+0545] {logging_mixin.py:188} INFO - [2026-07-18T21:49:44.863+0545] {dagbag.py:545} INFO - Filling up the DagBag from /home/snigdh/repos/bigData/spark_demo_env/lib/python3.12/site-packages/airflow/example_dags/example_external_task_marker_dag.py
[2026-07-18T21:49:44.872+0545] {processor.py:840} INFO - DAG(s) 'example_external_task_marker_parent', 'example_external_task_marker_child' retrieved from /home/snigdh/repos/bigData/spark_demo_env/lib/python3.12/site-packages/airflow/example_dags/example_external_task_marker_dag.py
[2026-07-18T21:49:44.893+0545] {logging_mixin.py:188} INFO - [2026-07-18T21:49:44.893+0545] {dag.py:3089} INFO - Sync 2 DAGs
[2026-07-18T21:49:44.904+0545] {logging_mixin.py:188} INFO - [2026-07-18T21:49:44.903+0545] {dag.py:3947} INFO - Setting next_dagrun for example_external_task_marker_child to None, run_after=None
[2026-07-18T21:49:44.907+0545] {logging_mixin.py:188} INFO - [2026-07-18T21:49:44.907+0545] {dag.py:3947} INFO - Setting next_dagrun for example_external_task_marker_parent to None, run_after=None
[2026-07-18T21:49:44.929+0545] {processor.py:183} INFO - Processing /home/snigdh/repos/bigData/spark_demo_env/lib/python3.12/site-packages/airflow/example_dags/example_external_task_marker_dag.py took 0.076 seconds
[2026-07-18T21:50:49.592+0545] {processor.py:161} INFO - Started process (PID=273174) to work on /home/snigdh/repos/bigData/spark_demo_env/lib/python3.12/site-packages/airflow/example_dags/example_external_task_marker_dag.py
[2026-07-18T21:50:49.596+0545] {processor.py:830} INFO - Processing file /home/snigdh/repos/bigData/spark_demo_env/lib/python3.12/site-packages/airflow/example_dags/example_external_task_marker_dag.py for tasks to queue
[2026-07-18T21:50:49.597+0545] {logging_mixin.py:188} INFO - [2026-07-18T21:50:49.597+0545] {dagbag.py:545} INFO - Filling up the DagBag from /home/snigdh/repos/bigData/spark_demo_env/lib/python3.12/site-packages/airflow/example_dags/example_external_task_marker_dag.py
[2026-07-18T21:50:49.604+0545] {processor.py:840} INFO - DAG(s) 'example_external_task_marker_parent', 'example_external_task_marker_child' retrieved from /home/snigdh/repos/bigData/spark_demo_env/lib/python3.12/site-packages/airflow/example_dags/example_external_task_marker_dag.py
[2026-07-18T21:50:49.631+0545] {logging_mixin.py:188} INFO - [2026-07-18T21:50:49.630+0545] {dag.py:3089} INFO - Sync 2 DAGs
[2026-07-18T21:50:49.644+0545] {logging_mixin.py:188} INFO - [2026-07-18T21:50:49.644+0545] {dag.py:3947} INFO - Setting next_dagrun for example_external_task_marker_child to None, run_after=None
[2026-07-18T21:50:49.649+0545] {logging_mixin.py:188} INFO - [2026-07-18T21:50:49.648+0545] {dag.py:3947} INFO - Setting next_dagrun for example_external_task_marker_parent to None, run_after=None
[2026-07-18T21:50:49.677+0545] {processor.py:183} INFO - Processing /home/snigdh/repos/bigData/spark_demo_env/lib/python3.12/site-packages/airflow/example_dags/example_external_task_marker_dag.py took 0.092 seconds
[2026-07-18T21:51:58.285+0545] {processor.py:161} INFO - Started process (PID=274053) to work on /home/snigdh/repos/bigData/spark_demo_env/lib/python3.12/site-packages/airflow/example_dags/example_external_task_marker_dag.py
[2026-07-18T21:51:58.289+0545] {processor.py:830} INFO - Processing file /home/snigdh/repos/bigData/spark_demo_env/lib/python3.12/site-packages/airflow/example_dags/example_external_task_marker_dag.py for tasks to queue
[2026-07-18T21:51:58.290+0545] {logging_mixin.py:188} INFO - [2026-07-18T21:51:58.290+0545] {dagbag.py:545} INFO - Filling up the DagBag from /home/snigdh/repos/bigData/spark_demo_env/lib/python3.12/site-packages/airflow/example_dags/example_external_task_marker_dag.py
[2026-07-18T21:51:58.298+0545] {processor.py:840} INFO - DAG(s) 'example_external_task_marker_child', 'example_external_task_marker_parent' retrieved from /home/snigdh/repos/bigData/spark_demo_env/lib/python3.12/site-packages/airflow/example_dags/example_external_task_marker_dag.py
[2026-07-18T21:51:58.327+0545] {logging_mixin.py:188} INFO - [2026-07-18T21:51:58.327+0545] {dag.py:3089} INFO - Sync 2 DAGs
[2026-07-18T21:51:58.339+0545] {logging_mixin.py:188} INFO - [2026-07-18T21:51:58.339+0545] {dag.py:3947} INFO - Setting next_dagrun for example_external_task_marker_child to None, run_after=None
[2026-07-18T21:51:58.342+0545] {logging_mixin.py:188} INFO - [2026-07-18T21:51:58.342+0545] {dag.py:3947} INFO - Setting next_dagrun for example_external_task_marker_parent to None, run_after=None
[2026-07-18T21:51:58.364+0545] {processor.py:183} INFO - Processing /home/snigdh/repos/bigData/spark_demo_env/lib/python3.12/site-packages/airflow/example_dags/example_external_task_marker_dag.py took 0.087 seconds
[2026-07-18T21:53:05.991+0545] {processor.py:161} INFO - Started process (PID=275012) to work on /home/snigdh/repos/bigData/spark_demo_env/lib/python3.12/site-packages/airflow/example_dags/example_external_task_marker_dag.py
[2026-07-18T21:53:05.995+0545] {processor.py:830} INFO - Processing file /home/snigdh/repos/bigData/spark_demo_env/lib/python3.12/site-packages/airflow/example_dags/example_external_task_marker_dag.py for tasks to queue
[2026-07-18T21:53:05.997+0545] {logging_mixin.py:188} INFO - [2026-07-18T21:53:05.996+0545] {dagbag.py:545} INFO - Filling up the DagBag from /home/snigdh/repos/bigData/spark_demo_env/lib/python3.12/site-packages/airflow/example_dags/example_external_task_marker_dag.py
[2026-07-18T21:53:06.004+0545] {processor.py:840} INFO - DAG(s) 'example_external_task_marker_child', 'example_external_task_marker_parent' retrieved from /home/snigdh/repos/bigData/spark_demo_env/lib/python3.12/site-packages/airflow/example_dags/example_external_task_marker_dag.py
[2026-07-18T21:53:06.025+0545] {logging_mixin.py:188} INFO - [2026-07-18T21:53:06.024+0545] {dag.py:3089} INFO - Sync 2 DAGs
[2026-07-18T21:53:06.035+0545] {logging_mixin.py:188} INFO - [2026-07-18T21:53:06.035+0545] {dag.py:3947} INFO - Setting next_dagrun for example_external_task_marker_child to None, run_after=None
[2026-07-18T21:53:06.038+0545] {logging_mixin.py:188} INFO - [2026-07-18T21:53:06.038+0545] {dag.py:3947} INFO - Setting next_dagrun for example_external_task_marker_parent to None, run_after=None
[2026-07-18T21:53:06.059+0545] {processor.py:183} INFO - Processing /home/snigdh/repos/bigData/spark_demo_env/lib/python3.12/site-packages/airflow/example_dags/example_external_task_marker_dag.py took 0.077 seconds
[2026-07-18T21:54:18.766+0545] {processor.py:161} INFO - Started process (PID=276138) to work on /home/snigdh/repos/bigData/spark_demo_env/lib/python3.12/site-packages/airflow/example_dags/example_external_task_marker_dag.py
[2026-07-18T21:54:18.767+0545] {processor.py:830} INFO - Processing file /home/snigdh/repos/bigData/spark_demo_env/lib/python3.12/site-packages/airflow/example_dags/example_external_task_marker_dag.py for tasks to queue
[2026-07-18T21:54:18.769+0545] {logging_mixin.py:188} INFO - [2026-07-18T21:54:18.768+0545] {dagbag.py:545} INFO - Filling up the DagBag from /home/snigdh/repos/bigData/spark_demo_env/lib/python3.12/site-packages/airflow/example_dags/example_external_task_marker_dag.py
[2026-07-18T21:54:18.776+0545] {processor.py:840} INFO - DAG(s) 'example_external_task_marker_parent', 'example_external_task_marker_child' retrieved from /home/snigdh/repos/bigData/spark_demo_env/lib/python3.12/site-packages/airflow/example_dags/example_external_task_marker_dag.py
[2026-07-18T21:54:18.802+0545] {logging_mixin.py:188} INFO - [2026-07-18T21:54:18.802+0545] {dag.py:3089} INFO - Sync 2 DAGs
[2026-07-18T21:54:18.816+0545] {logging_mixin.py:188} INFO - [2026-07-18T21:54:18.816+0545] {dag.py:3947} INFO - Setting next_dagrun for example_external_task_marker_child to None, run_after=None
[2026-07-18T21:54:18.819+0545] {logging_mixin.py:188} INFO - [2026-07-18T21:54:18.819+0545] {dag.py:3947} INFO - Setting next_dagrun for example_external_task_marker_parent to None, run_after=None
[2026-07-18T21:54:18.839+0545] {processor.py:183} INFO - Processing /home/snigdh/repos/bigData/spark_demo_env/lib/python3.12/site-packages/airflow/example_dags/example_external_task_marker_dag.py took 0.082 seconds
[2026-07-18T21:55:09.503+0545] {processor.py:161} INFO - Started process (PID=276772) to work on /home/snigdh/repos/bigData/spark_demo_env/lib/python3.12/site-packages/airflow/example_dags/example_external_task_marker_dag.py
[2026-07-18T21:55:09.504+0545] {processor.py:830} INFO - Processing file /home/snigdh/repos/bigData/spark_demo_env/lib/python3.12/site-packages/airflow/example_dags/example_external_task_marker_dag.py for tasks to queue
[2026-07-18T21:55:09.505+0545] {logging_mixin.py:188} INFO - [2026-07-18T21:55:09.505+0545] {dagbag.py:545} INFO - Filling up the DagBag from /home/snigdh/repos/bigData/spark_demo_env/lib/python3.12/site-packages/airflow/example_dags/example_external_task_marker_dag.py
[2026-07-18T21:55:09.512+0545] {processor.py:840} INFO - DAG(s) 'example_external_task_marker_parent', 'example_external_task_marker_child' retrieved from /home/snigdh/repos/bigData/spark_demo_env/lib/python3.12/site-packages/airflow/example_dags/example_external_task_marker_dag.py
[2026-07-18T21:55:09.538+0545] {logging_mixin.py:188} INFO - [2026-07-18T21:55:09.537+0545] {dag.py:3089} INFO - Sync 2 DAGs
[2026-07-18T21:55:09.552+0545] {logging_mixin.py:188} INFO - [2026-07-18T21:55:09.551+0545] {dag.py:3947} INFO - Setting next_dagrun for example_external_task_marker_child to None, run_after=None
[2026-07-18T21:55:09.555+0545] {logging_mixin.py:188} INFO - [2026-07-18T21:55:09.555+0545] {dag.py:3947} INFO - Setting next_dagrun for example_external_task_marker_parent to None, run_after=None
[2026-07-18T21:55:09.574+0545] {processor.py:183} INFO - Processing /home/snigdh/repos/bigData/spark_demo_env/lib/python3.12/site-packages/airflow/example_dags/example_external_task_marker_dag.py took 0.079 seconds
[2026-07-18T21:56:15.875+0545] {processor.py:161} INFO - Started process (PID=277397) to work on /home/snigdh/repos/bigData/spark_demo_env/lib/python3.12/site-packages/airflow/example_dags/example_external_task_marker_dag.py
[2026-07-18T21:56:15.878+0545] {processor.py:830} INFO - Processing file /home/snigdh/repos/bigData/spark_demo_env/lib/python3.12/site-packages/airflow/example_dags/example_external_task_marker_dag.py for tasks to queue
[2026-07-18T21:56:15.880+0545] {logging_mixin.py:188} INFO - [2026-07-18T21:56:15.879+0545] {dagbag.py:545} INFO - Filling up the DagBag from /home/snigdh/repos/bigData/spark_demo_env/lib/python3.12/site-packages/airflow/example_dags/example_external_task_marker_dag.py
[2026-07-18T21:56:15.887+0545] {processor.py:840} INFO - DAG(s) 'example_external_task_marker_parent', 'example_external_task_marker_child' retrieved from /home/snigdh/repos/bigData/spark_demo_env/lib/python3.12/site-packages/airflow/example_dags/example_external_task_marker_dag.py
[2026-07-18T21:56:15.913+0545] {logging_mixin.py:188} INFO - [2026-07-18T21:56:15.912+0545] {dag.py:3089} INFO - Sync 2 DAGs
[2026-07-18T21:56:15.924+0545] {logging_mixin.py:188} INFO - [2026-07-18T21:56:15.923+0545] {dag.py:3947} INFO - Setting next_dagrun for example_external_task_marker_child to None, run_after=None
[2026-07-18T21:56:15.927+0545] {logging_mixin.py:188} INFO - [2026-07-18T21:56:15.926+0545] {dag.py:3947} INFO - Setting next_dagrun for example_external_task_marker_parent to None, run_after=None
[2026-07-18T21:56:15.946+0545] {processor.py:183} INFO - Processing /home/snigdh/repos/bigData/spark_demo_env/lib/python3.12/site-packages/airflow/example_dags/example_external_task_marker_dag.py took 0.079 seconds
[2026-07-18T21:57:21.353+0545] {processor.py:161} INFO - Started process (PID=278030) to work on /home/snigdh/repos/bigData/spark_demo_env/lib/python3.12/site-packages/airflow/example_dags/example_external_task_marker_dag.py
[2026-07-18T21:57:21.357+0545] {processor.py:830} INFO - Processing file /home/snigdh/repos/bigData/spark_demo_env/lib/python3.12/site-packages/airflow/example_dags/example_external_task_marker_dag.py for tasks to queue
[2026-07-18T21:57:21.358+0545] {logging_mixin.py:188} INFO - [2026-07-18T21:57:21.358+0545] {dagbag.py:545} INFO - Filling up the DagBag from /home/snigdh/repos/bigData/spark_demo_env/lib/python3.12/site-packages/airflow/example_dags/example_external_task_marker_dag.py
[2026-07-18T21:57:21.369+0545] {processor.py:840} INFO - DAG(s) 'example_external_task_marker_parent', 'example_external_task_marker_child' retrieved from /home/snigdh/repos/bigData/spark_demo_env/lib/python3.12/site-packages/airflow/example_dags/example_external_task_marker_dag.py
[2026-07-18T21:57:21.403+0545] {logging_mixin.py:188} INFO - [2026-07-18T21:57:21.402+0545] {dag.py:3089} INFO - Sync 2 DAGs
[2026-07-18T21:57:21.424+0545] {logging_mixin.py:188} INFO - [2026-07-18T21:57:21.423+0545] {dag.py:3947} INFO - Setting next_dagrun for example_external_task_marker_child to None, run_after=None
[2026-07-18T21:57:21.429+0545] {logging_mixin.py:188} INFO - [2026-07-18T21:57:21.428+0545] {dag.py:3947} INFO - Setting next_dagrun for example_external_task_marker_parent to None, run_after=None
[2026-07-18T21:57:21.466+0545] {processor.py:183} INFO - Processing /home/snigdh/repos/bigData/spark_demo_env/lib/python3.12/site-packages/airflow/example_dags/example_external_task_marker_dag.py took 0.123 seconds
[2026-07-18T21:58:29.377+0545] {processor.py:161} INFO - Started process (PID=278651) to work on /home/snigdh/repos/bigData/spark_demo_env/lib/python3.12/site-packages/airflow/example_dags/example_external_task_marker_dag.py
[2026-07-18T21:58:29.382+0545] {processor.py:830} INFO - Processing file /home/snigdh/repos/bigData/spark_demo_env/lib/python3.12/site-packages/airflow/example_dags/example_external_task_marker_dag.py for tasks to queue
[2026-07-18T21:58:29.384+0545] {logging_mixin.py:188} INFO - [2026-07-18T21:58:29.383+0545] {dagbag.py:545} INFO - Filling up the DagBag from /home/snigdh/repos/bigData/spark_demo_env/lib/python3.12/site-packages/airflow/example_dags/example_external_task_marker_dag.py
[2026-07-18T21:58:29.395+0545] {processor.py:840} INFO - DAG(s) 'example_external_task_marker_child', 'example_external_task_marker_parent' retrieved from /home/snigdh/repos/bigData/spark_demo_env/lib/python3.12/site-packages/airflow/example_dags/example_external_task_marker_dag.py
[2026-07-18T21:58:29.432+0545] {logging_mixin.py:188} INFO - [2026-07-18T21:58:29.431+0545] {dag.py:3089} INFO - Sync 2 DAGs
[2026-07-18T21:58:29.449+0545] {logging_mixin.py:188} INFO - [2026-07-18T21:58:29.448+0545] {dag.py:3947} INFO - Setting next_dagrun for example_external_task_marker_child to None, run_after=None
[2026-07-18T21:58:29.454+0545] {logging_mixin.py:188} INFO - [2026-07-18T21:58:29.454+0545] {dag.py:3947} INFO - Setting next_dagrun for example_external_task_marker_parent to None, run_after=None
[2026-07-18T21:58:29.486+0545] {processor.py:183} INFO - Processing /home/snigdh/repos/bigData/spark_demo_env/lib/python3.12/site-packages/airflow/example_dags/example_external_task_marker_dag.py took 0.122 seconds
[2026-07-18T21:59:39.258+0545] {processor.py:161} INFO - Started process (PID=279349) to work on /home/snigdh/repos/bigData/spark_demo_env/lib/python3.12/site-packages/airflow/example_dags/example_external_task_marker_dag.py
[2026-07-18T21:59:39.262+0545] {processor.py:830} INFO - Processing file /home/snigdh/repos/bigData/spark_demo_env/lib/python3.12/site-packages/airflow/example_dags/example_external_task_marker_dag.py for tasks to queue
[2026-07-18T21:59:39.263+0545] {logging_mixin.py:188} INFO - [2026-07-18T21:59:39.262+0545] {dagbag.py:545} INFO - Filling up the DagBag from /home/snigdh/repos/bigData/spark_demo_env/lib/python3.12/site-packages/airflow/example_dags/example_external_task_marker_dag.py
[2026-07-18T21:59:39.270+0545] {processor.py:840} INFO - DAG(s) 'example_external_task_marker_child', 'example_external_task_marker_parent' retrieved from /home/snigdh/repos/bigData/spark_demo_env/lib/python3.12/site-packages/airflow/example_dags/example_external_task_marker_dag.py
[2026-07-18T21:59:39.296+0545] {logging_mixin.py:188} INFO - [2026-07-18T21:59:39.296+0545] {dag.py:3089} INFO - Sync 2 DAGs
[2026-07-18T21:59:39.307+0545] {logging_mixin.py:188} INFO - [2026-07-18T21:59:39.306+0545] {dag.py:3947} INFO - Setting next_dagrun for example_external_task_marker_child to None, run_after=None
[2026-07-18T21:59:39.309+0545] {logging_mixin.py:188} INFO - [2026-07-18T21:59:39.309+0545] {dag.py:3947} INFO - Setting next_dagrun for example_external_task_marker_parent to None, run_after=None
[2026-07-18T21:59:39.329+0545] {processor.py:183} INFO - Processing /home/snigdh/repos/bigData/spark_demo_env/lib/python3.12/site-packages/airflow/example_dags/example_external_task_marker_dag.py took 0.078 seconds
[2026-07-18T22:00:49.251+0545] {processor.py:161} INFO - Started process (PID=279982) to work on /home/snigdh/repos/bigData/spark_demo_env/lib/python3.12/site-packages/airflow/example_dags/example_external_task_marker_dag.py
[2026-07-18T22:00:49.254+0545] {processor.py:830} INFO - Processing file /home/snigdh/repos/bigData/spark_demo_env/lib/python3.12/site-packages/airflow/example_dags/example_external_task_marker_dag.py for tasks to queue
[2026-07-18T22:00:49.256+0545] {logging_mixin.py:188} INFO - [2026-07-18T22:00:49.255+0545] {dagbag.py:545} INFO - Filling up the DagBag from /home/snigdh/repos/bigData/spark_demo_env/lib/python3.12/site-packages/airflow/example_dags/example_external_task_marker_dag.py
[2026-07-18T22:00:49.263+0545] {processor.py:840} INFO - DAG(s) 'example_external_task_marker_child', 'example_external_task_marker_parent' retrieved from /home/snigdh/repos/bigData/spark_demo_env/lib/python3.12/site-packages/airflow/example_dags/example_external_task_marker_dag.py
[2026-07-18T22:00:49.289+0545] {logging_mixin.py:188} INFO - [2026-07-18T22:00:49.288+0545] {dag.py:3089} INFO - Sync 2 DAGs
[2026-07-18T22:00:49.303+0545] {logging_mixin.py:188} INFO - [2026-07-18T22:00:49.303+0545] {dag.py:3947} INFO - Setting next_dagrun for example_external_task_marker_child to None, run_after=None
[2026-07-18T22:00:49.306+0545] {logging_mixin.py:188} INFO - [2026-07-18T22:00:49.306+0545] {dag.py:3947} INFO - Setting next_dagrun for example_external_task_marker_parent to None, run_after=None
[2026-07-18T22:00:49.326+0545] {processor.py:183} INFO - Processing /home/snigdh/repos/bigData/spark_demo_env/lib/python3.12/site-packages/airflow/example_dags/example_external_task_marker_dag.py took 0.083 seconds
[2026-07-18T22:01:56.814+0545] {processor.py:161} INFO - Started process (PID=280585) to work on /home/snigdh/repos/bigData/spark_demo_env/lib/python3.12/site-packages/airflow/example_dags/example_external_task_marker_dag.py
[2026-07-18T22:01:56.818+0545] {processor.py:830} INFO - Processing file /home/snigdh/repos/bigData/spark_demo_env/lib/python3.12/site-packages/airflow/example_dags/example_external_task_marker_dag.py for tasks to queue
[2026-07-18T22:01:56.819+0545] {logging_mixin.py:188} INFO - [2026-07-18T22:01:56.819+0545] {dagbag.py:545} INFO - Filling up the DagBag from /home/snigdh/repos/bigData/spark_demo_env/lib/python3.12/site-packages/airflow/example_dags/example_external_task_marker_dag.py
[2026-07-18T22:01:56.828+0545] {processor.py:840} INFO - DAG(s) 'example_external_task_marker_child', 'example_external_task_marker_parent' retrieved from /home/snigdh/repos/bigData/spark_demo_env/lib/python3.12/site-packages/airflow/example_dags/example_external_task_marker_dag.py
[2026-07-18T22:01:56.854+0545] {logging_mixin.py:188} INFO - [2026-07-18T22:01:56.854+0545] {dag.py:3089} INFO - Sync 2 DAGs
[2026-07-18T22:01:56.870+0545] {logging_mixin.py:188} INFO - [2026-07-18T22:01:56.869+0545] {dag.py:3947} INFO - Setting next_dagrun for example_external_task_marker_child to None, run_after=None
[2026-07-18T22:01:56.873+0545] {logging_mixin.py:188} INFO - [2026-07-18T22:01:56.872+0545] {dag.py:3947} INFO - Setting next_dagrun for example_external_task_marker_parent to None, run_after=None
[2026-07-18T22:01:56.893+0545] {processor.py:183} INFO - Processing /home/snigdh/repos/bigData/spark_demo_env/lib/python3.12/site-packages/airflow/example_dags/example_external_task_marker_dag.py took 0.087 seconds
