[2026-07-19T18:54:42.239+0545] {local_task_job_runner.py:120} INFO - ::group::Pre task execution logs
[2026-07-19T18:54:42.255+0545] {taskinstance.py:2076} INFO - Dependencies all met for dep_context=non-requeueable deps ti=<TaskInstance: network_traffic_pipeline.partition_local_models.isolation_forest manual__2026-07-19T12:54:25.194239+00:00 [queued]>
[2026-07-19T18:54:42.261+0545] {taskinstance.py:2076} INFO - Dependencies all met for dep_context=requeueable deps ti=<TaskInstance: network_traffic_pipeline.partition_local_models.isolation_forest manual__2026-07-19T12:54:25.194239+00:00 [queued]>
[2026-07-19T18:54:42.261+0545] {taskinstance.py:2306} INFO - Starting attempt 1 of 2
[2026-07-19T18:54:42.274+0545] {taskinstance.py:2330} INFO - Executing <Task(BashOperator): partition_local_models.isolation_forest> on 2026-07-19 12:54:25.194239+00:00
[2026-07-19T18:54:42.278+0545] {standard_task_runner.py:64} INFO - Started process 38739 to run task
[2026-07-19T18:54:42.280+0545] {standard_task_runner.py:90} INFO - Running: ['airflow', 'tasks', 'run', 'network_traffic_pipeline', 'partition_local_models.isolation_forest', 'manual__2026-07-19T12:54:25.194239+00:00', '--job-id', '17', '--raw', '--subdir', 'DAGS_FOLDER/network_traffic_pipeline_dag.py', '--cfg-path', '/tmp/tmpcsuv9ogl']
[2026-07-19T18:54:42.282+0545] {standard_task_runner.py:91} INFO - Job 17: Subtask partition_local_models.isolation_forest
[2026-07-19T18:54:42.311+0545] {task_command.py:426} INFO - Running <TaskInstance: network_traffic_pipeline.partition_local_models.isolation_forest manual__2026-07-19T12:54:25.194239+00:00 [running]> on host snigdh-IdeaPad-Slim-3-15IAH8
[2026-07-19T18:54:42.362+0545] {taskinstance.py:2648} INFO - Exporting env vars: AIRFLOW_CTX_DAG_OWNER='you' AIRFLOW_CTX_DAG_ID='network_traffic_pipeline' AIRFLOW_CTX_TASK_ID='partition_local_models.isolation_forest' AIRFLOW_CTX_EXECUTION_DATE='2026-07-19T12:54:25.194239+00:00' AIRFLOW_CTX_TRY_NUMBER='1' AIRFLOW_CTX_DAG_RUN_ID='manual__2026-07-19T12:54:25.194239+00:00'
[2026-07-19T18:54:42.364+0545] {taskinstance.py:430} INFO - ::endgroup::
[2026-07-19T18:54:42.365+0545] {subprocess.py:63} INFO - Tmp dir root location: /tmp
[2026-07-19T18:54:42.365+0545] {subprocess.py:75} INFO - Running command: ['/usr/bin/bash', '-c', 'cd /home/snigdh/repos/bigData && docker-compose exec spark-master /opt/spark/bin/spark-submit --master spark://localhost:7077 --py-files /app/common.py --conf spark.ui.port=4040 --conf spark.sql.extensions=io.delta.sql.DeltaSparkSessionExtension --conf spark.sql.catalog.spark_catalog=org.apache.spark.sql.delta.catalog.DeltaCatalog /app/task_isolation_forest.py']
[2026-07-19T18:54:42.374+0545] {subprocess.py:86} INFO - Output:
[2026-07-19T18:54:54.026+0545] {subprocess.py:93} INFO - 26/07/19 13:09:54 INFO SparkContext: Running Spark version 3.5.0
[2026-07-19T18:54:54.028+0545] {subprocess.py:93} INFO - 26/07/19 13:09:54 INFO SparkContext: OS info Linux, 6.8.0-136-generic, amd64
[2026-07-19T18:54:54.028+0545] {subprocess.py:93} INFO - 26/07/19 13:09:54 INFO SparkContext: Java version 11.0.20.1
[2026-07-19T18:54:54.217+0545] {subprocess.py:93} INFO - 26/07/19 13:09:54 INFO ResourceUtils: ==============================================================
[2026-07-19T18:54:54.217+0545] {subprocess.py:93} INFO - 26/07/19 13:09:54 INFO ResourceUtils: No custom resources configured for spark.driver.
[2026-07-19T18:54:54.217+0545] {subprocess.py:93} INFO - 26/07/19 13:09:54 INFO ResourceUtils: ==============================================================
[2026-07-19T18:54:54.218+0545] {subprocess.py:93} INFO - 26/07/19 13:09:54 INFO SparkContext: Submitted application: anomaly_isolation_forest
[2026-07-19T18:54:54.308+0545] {subprocess.py:93} INFO - 26/07/19 13:09:54 INFO ResourceProfile: Default ResourceProfile created, executor resources: Map(memory -> name: memory, amount: 1024, script: , vendor: , offHeap -> name: offHeap, amount: 0, script: , vendor: ), task resources: Map(cpus -> name: cpus, amount: 1.0)
[2026-07-19T18:54:54.319+0545] {subprocess.py:93} INFO - 26/07/19 13:09:54 INFO ResourceProfile: Limiting resource is cpu
[2026-07-19T18:54:54.319+0545] {subprocess.py:93} INFO - 26/07/19 13:09:54 INFO ResourceProfileManager: Added ResourceProfile id: 0
[2026-07-19T18:54:54.430+0545] {subprocess.py:93} INFO - 26/07/19 13:09:54 INFO SecurityManager: Changing view acls to: spark
[2026-07-19T18:54:54.431+0545] {subprocess.py:93} INFO - 26/07/19 13:09:54 INFO SecurityManager: Changing modify acls to: spark
[2026-07-19T18:54:54.431+0545] {subprocess.py:93} INFO - 26/07/19 13:09:54 INFO SecurityManager: Changing view acls groups to:
[2026-07-19T18:54:54.431+0545] {subprocess.py:93} INFO - 26/07/19 13:09:54 INFO SecurityManager: Changing modify acls groups to:
[2026-07-19T18:54:54.432+0545] {subprocess.py:93} INFO - 26/07/19 13:09:54 INFO SecurityManager: SecurityManager: authentication disabled; ui acls disabled; users with view permissions: spark; groups with view permissions: EMPTY; users with modify permissions: spark; groups with modify permissions: EMPTY
[2026-07-19T18:54:55.117+0545] {subprocess.py:93} INFO - 26/07/19 13:09:55 INFO Utils: Successfully started service 'sparkDriver' on port 37731.
[2026-07-19T18:54:55.217+0545] {subprocess.py:93} INFO - 26/07/19 13:09:55 INFO SparkEnv: Registering MapOutputTracker
[2026-07-19T18:54:55.422+0545] {subprocess.py:93} INFO - 26/07/19 13:09:55 INFO SparkEnv: Registering BlockManagerMaster
[2026-07-19T18:54:55.504+0545] {subprocess.py:93} INFO - 26/07/19 13:09:55 INFO BlockManagerMasterEndpoint: Using org.apache.spark.storage.DefaultTopologyMapper for getting topology information
[2026-07-19T18:54:55.505+0545] {subprocess.py:93} INFO - 26/07/19 13:09:55 INFO BlockManagerMasterEndpoint: BlockManagerMasterEndpoint up
[2026-07-19T18:54:55.510+0545] {subprocess.py:93} INFO - 26/07/19 13:09:55 INFO SparkEnv: Registering BlockManagerMasterHeartbeat
[2026-07-19T18:54:55.524+0545] {subprocess.py:93} INFO - 26/07/19 13:09:55 INFO DiskBlockManager: Created local directory at /tmp/blockmgr-09fe1cf2-28d3-4854-b250-5f83858e79e2
[2026-07-19T18:54:55.617+0545] {subprocess.py:93} INFO - 26/07/19 13:09:55 INFO MemoryStore: MemoryStore started with capacity 413.9 MiB
[2026-07-19T18:54:55.627+0545] {subprocess.py:93} INFO - 26/07/19 13:09:55 INFO SparkEnv: Registering OutputCommitCoordinator
[2026-07-19T18:54:55.924+0545] {subprocess.py:93} INFO - 26/07/19 13:09:55 INFO JettyUtils: Start Jetty 0.0.0.0:4040 for SparkUI
[2026-07-19T18:54:56.114+0545] {subprocess.py:93} INFO - 26/07/19 13:09:56 INFO Utils: Successfully started service 'SparkUI' on port 4040.
[2026-07-19T18:54:56.308+0545] {subprocess.py:93} INFO - 26/07/19 13:09:56 INFO SparkContext: Added file file:///app/common.py at spark://4ea06c45d400:37731/files/common.py with timestamp 1784466594018
[2026-07-19T18:54:56.309+0545] {subprocess.py:93} INFO - 26/07/19 13:09:56 INFO Utils: Copying /app/common.py to /tmp/spark-851d744b-48dd-427c-8788-bbe036007c9f/userFiles-bdb0b232-feac-46e7-b561-c7d8d8db2595/common.py
[2026-07-19T18:54:56.808+0545] {subprocess.py:93} INFO - 26/07/19 13:09:56 INFO StandaloneAppClient$ClientEndpoint: Connecting to master spark://localhost:7077...
[2026-07-19T18:54:56.923+0545] {subprocess.py:93} INFO - 26/07/19 13:09:56 INFO TransportClientFactory: Successfully created connection to localhost/127.0.0.1:7077 after 98 ms (0 ms spent in bootstraps)
[2026-07-19T18:54:57.305+0545] {subprocess.py:93} INFO - 26/07/19 13:09:57 INFO StandaloneSchedulerBackend: Connected to Spark cluster with app ID app-20260719130957-0007
[2026-07-19T18:54:57.306+0545] {subprocess.py:93} INFO - 26/07/19 13:09:57 INFO StandaloneAppClient$ClientEndpoint: Executor added: app-20260719130957-0007/0 on worker-20260719125443-spark-worker2-8083 (spark-worker2:8083) with 1 core(s)
[2026-07-19T18:54:57.308+0545] {subprocess.py:93} INFO - 26/07/19 13:09:57 INFO StandaloneSchedulerBackend: Granted executor ID app-20260719130957-0007/0 on hostPort spark-worker2:8083 with 1 core(s), 1024.0 MiB RAM
[2026-07-19T18:54:57.308+0545] {subprocess.py:93} INFO - 26/07/19 13:09:57 INFO StandaloneAppClient$ClientEndpoint: Executor added: app-20260719130957-0007/1 on worker-20260719125443-spark-worker1-8081 (spark-worker1:8081) with 1 core(s)
[2026-07-19T18:54:57.308+0545] {subprocess.py:93} INFO - 26/07/19 13:09:57 INFO StandaloneSchedulerBackend: Granted executor ID app-20260719130957-0007/1 on hostPort spark-worker1:8081 with 1 core(s), 1024.0 MiB RAM
[2026-07-19T18:54:57.404+0545] {subprocess.py:93} INFO - 26/07/19 13:09:57 INFO Utils: Successfully started service 'org.apache.spark.network.netty.NettyBlockTransferService' on port 40083.
[2026-07-19T18:54:57.404+0545] {subprocess.py:93} INFO - 26/07/19 13:09:57 INFO NettyBlockTransferService: Server created on 4ea06c45d400:40083
[2026-07-19T18:54:57.406+0545] {subprocess.py:93} INFO - 26/07/19 13:09:57 INFO BlockManager: Using org.apache.spark.storage.RandomBlockReplicationPolicy for block replication policy
[2026-07-19T18:54:57.406+0545] {subprocess.py:93} INFO - 26/07/19 13:09:57 INFO StandaloneAppClient$ClientEndpoint: Executor updated: app-20260719130957-0007/0 is now RUNNING
[2026-07-19T18:54:57.407+0545] {subprocess.py:93} INFO - 26/07/19 13:09:57 INFO StandaloneAppClient$ClientEndpoint: Executor updated: app-20260719130957-0007/1 is now RUNNING
[2026-07-19T18:54:57.413+0545] {subprocess.py:93} INFO - 26/07/19 13:09:57 INFO BlockManagerMaster: Registering BlockManager BlockManagerId(driver, 4ea06c45d400, 40083, None)
[2026-07-19T18:54:57.502+0545] {subprocess.py:93} INFO - 26/07/19 13:09:57 INFO BlockManagerMasterEndpoint: Registering block manager 4ea06c45d400:40083 with 413.9 MiB RAM, BlockManagerId(driver, 4ea06c45d400, 40083, None)
[2026-07-19T18:54:57.504+0545] {subprocess.py:93} INFO - 26/07/19 13:09:57 INFO BlockManagerMaster: Registered BlockManager BlockManagerId(driver, 4ea06c45d400, 40083, None)
[2026-07-19T18:54:57.505+0545] {subprocess.py:93} INFO - 26/07/19 13:09:57 INFO BlockManager: Initialized BlockManager: BlockManagerId(driver, 4ea06c45d400, 40083, None)
[2026-07-19T18:54:58.008+0545] {subprocess.py:93} INFO - 26/07/19 13:09:58 INFO StandaloneSchedulerBackend: SchedulerBackend is ready for scheduling beginning after reached minRegisteredResourcesRatio: 0.0
[2026-07-19T18:55:25.906+0545] {subprocess.py:93} INFO - [Spark] Fitting 2 local Isolation Forests in parallel across the cluster...
[2026-07-19T18:55:29.409+0545] {subprocess.py:93} INFO - 26/07/19 13:10:29 WARN SparkStringUtils: Truncated the string representation of a plan since it was too large. This behavior can be adjusted by setting 'spark.sql.debug.maxToStringFields'.
[2026-07-19T18:56:12.814+0545] {subprocess.py:93} INFO - [Driver] Collected 2 partition-local forests for ensemble scoring.
[2026-07-19T18:56:17.705+0545] {subprocess.py:93} INFO - [Driver] iso_flag threshold on iso_score: 0.5585
[2026-07-19T18:56:27.019+0545] {subprocess.py:93} INFO - [Driver] Wrote 'isolation_forest' output -> hdfs://namenode:9000/user/demo/_scores/isolation_forest
[2026-07-19T18:56:29.124+0545] {subprocess.py:97} INFO - Command exited with return code 0
[2026-07-19T18:56:29.125+0545] {taskinstance.py:441} INFO - ::group::Post task execution logs
[2026-07-19T18:56:29.141+0545] {taskinstance.py:1206} INFO - Marking task as SUCCESS. dag_id=network_traffic_pipeline, task_id=partition_local_models.isolation_forest, run_id=manual__2026-07-19T12:54:25.194239+00:00, execution_date=20260719T125425, start_date=20260719T130942, end_date=20260719T131129
[2026-07-19T18:56:29.182+0545] {local_task_job_runner.py:243} INFO - Task exited with return code 0
[2026-07-19T18:56:29.194+0545] {taskinstance.py:3503} INFO - 0 downstream tasks scheduled from follow-on schedule check
[2026-07-19T18:56:29.195+0545] {local_task_job_runner.py:222} INFO - ::endgroup::
