[2026-07-20T20:40:38.450+0545] {local_task_job_runner.py:120} INFO - ::group::Pre task execution logs
[2026-07-20T20:40:38.467+0545] {taskinstance.py:2076} INFO - Dependencies all met for dep_context=non-requeueable deps ti=<TaskInstance: network_traffic_pipeline.sequential_ddp_models.omnianomaly manual__2026-07-20T02:23:05.960611+00:00 [queued]>
[2026-07-20T20:40:38.473+0545] {taskinstance.py:2076} INFO - Dependencies all met for dep_context=requeueable deps ti=<TaskInstance: network_traffic_pipeline.sequential_ddp_models.omnianomaly manual__2026-07-20T02:23:05.960611+00:00 [queued]>
[2026-07-20T20:40:38.473+0545] {taskinstance.py:2306} INFO - Starting attempt 1 of 3
[2026-07-20T20:40:38.485+0545] {taskinstance.py:2330} INFO - Executing <Task(BashOperator): sequential_ddp_models.omnianomaly> on 2026-07-20 02:23:05.960611+00:00
[2026-07-20T20:40:38.489+0545] {standard_task_runner.py:64} INFO - Started process 76787 to run task
[2026-07-20T20:40:38.492+0545] {standard_task_runner.py:90} INFO - Running: ['airflow', 'tasks', 'run', 'network_traffic_pipeline', 'sequential_ddp_models.omnianomaly', 'manual__2026-07-20T02:23:05.960611+00:00', '--job-id', '82', '--raw', '--subdir', 'DAGS_FOLDER/network_traffic_pipeline_dag.py', '--cfg-path', '/tmp/tmpszipt7js']
[2026-07-20T20:40:38.493+0545] {standard_task_runner.py:91} INFO - Job 82: Subtask sequential_ddp_models.omnianomaly
[2026-07-20T20:40:38.523+0545] {task_command.py:426} INFO - Running <TaskInstance: network_traffic_pipeline.sequential_ddp_models.omnianomaly manual__2026-07-20T02:23:05.960611+00:00 [running]> on host snigdh-IdeaPad-Slim-3-15IAH8
[2026-07-20T20:40:38.573+0545] {taskinstance.py:2648} INFO - Exporting env vars: AIRFLOW_CTX_DAG_OWNER='you' AIRFLOW_CTX_DAG_ID='network_traffic_pipeline' AIRFLOW_CTX_TASK_ID='sequential_ddp_models.omnianomaly' AIRFLOW_CTX_EXECUTION_DATE='2026-07-20T02:23:05.960611+00:00' AIRFLOW_CTX_TRY_NUMBER='1' AIRFLOW_CTX_DAG_RUN_ID='manual__2026-07-20T02:23:05.960611+00:00'
[2026-07-20T20:40:38.575+0545] {taskinstance.py:430} INFO - ::endgroup::
[2026-07-20T20:40:38.575+0545] {subprocess.py:63} INFO - Tmp dir root location: /tmp
[2026-07-20T20:40:38.576+0545] {subprocess.py:75} INFO - Running command: ['/usr/bin/bash', '-c', 'cd /home/snigdh/repos/bigData && docker-compose exec spark-master /opt/spark/bin/spark-submit --master spark://localhost:7077 --py-files /app/common.py --conf spark.ui.port=4040 --conf spark.sql.extensions=io.delta.sql.DeltaSparkSessionExtension --conf spark.sql.catalog.spark_catalog=org.apache.spark.sql.delta.catalog.DeltaCatalog /app/task_omnianomaly.py']
[2026-07-20T20:40:38.586+0545] {subprocess.py:86} INFO - Output:
[2026-07-20T20:40:50.081+0545] {subprocess.py:93} INFO - 26/07/20 14:55:50 INFO SparkContext: Running Spark version 3.5.0
[2026-07-20T20:40:50.082+0545] {subprocess.py:93} INFO - 26/07/20 14:55:50 INFO SparkContext: OS info Linux, 6.8.0-136-generic, amd64
[2026-07-20T20:40:50.082+0545] {subprocess.py:93} INFO - 26/07/20 14:55:50 INFO SparkContext: Java version 11.0.20.1
[2026-07-20T20:40:50.252+0545] {subprocess.py:93} INFO - 26/07/20 14:55:50 INFO ResourceUtils: ==============================================================
[2026-07-20T20:40:50.252+0545] {subprocess.py:93} INFO - 26/07/20 14:55:50 INFO ResourceUtils: No custom resources configured for spark.driver.
[2026-07-20T20:40:50.253+0545] {subprocess.py:93} INFO - 26/07/20 14:55:50 INFO ResourceUtils: ==============================================================
[2026-07-20T20:40:50.253+0545] {subprocess.py:93} INFO - 26/07/20 14:55:50 INFO SparkContext: Submitted application: anomaly_omnianomaly
[2026-07-20T20:40:50.359+0545] {subprocess.py:93} INFO - 26/07/20 14:55:50 INFO ResourceProfile: Default ResourceProfile created, executor resources: Map(memory -> name: memory, amount: 1024, script: , vendor: , offHeap -> name: offHeap, amount: 0, script: , vendor: ), task resources: Map(cpus -> name: cpus, amount: 1.0)
[2026-07-20T20:40:50.367+0545] {subprocess.py:93} INFO - 26/07/20 14:55:50 INFO ResourceProfile: Limiting resource is cpu
[2026-07-20T20:40:50.367+0545] {subprocess.py:93} INFO - 26/07/20 14:55:50 INFO ResourceProfileManager: Added ResourceProfile id: 0
[2026-07-20T20:40:50.481+0545] {subprocess.py:93} INFO - 26/07/20 14:55:50 INFO SecurityManager: Changing view acls to: spark
[2026-07-20T20:40:50.482+0545] {subprocess.py:93} INFO - 26/07/20 14:55:50 INFO SecurityManager: Changing modify acls to: spark
[2026-07-20T20:40:50.482+0545] {subprocess.py:93} INFO - 26/07/20 14:55:50 INFO SecurityManager: Changing view acls groups to:
[2026-07-20T20:40:50.482+0545] {subprocess.py:93} INFO - 26/07/20 14:55:50 INFO SecurityManager: Changing modify acls groups to:
[2026-07-20T20:40:50.482+0545] {subprocess.py:93} INFO - 26/07/20 14:55:50 INFO SecurityManager: SecurityManager: authentication disabled; ui acls disabled; users with view permissions: spark; groups with view permissions: EMPTY; users with modify permissions: spark; groups with modify permissions: EMPTY
[2026-07-20T20:40:51.164+0545] {subprocess.py:93} INFO - 26/07/20 14:55:51 INFO Utils: Successfully started service 'sparkDriver' on port 34223.
[2026-07-20T20:40:51.267+0545] {subprocess.py:93} INFO - 26/07/20 14:55:51 INFO SparkEnv: Registering MapOutputTracker
[2026-07-20T20:40:51.460+0545] {subprocess.py:93} INFO - 26/07/20 14:55:51 INFO SparkEnv: Registering BlockManagerMaster
[2026-07-20T20:40:51.474+0545] {subprocess.py:93} INFO - 26/07/20 14:55:51 INFO BlockManagerMasterEndpoint: Using org.apache.spark.storage.DefaultTopologyMapper for getting topology information
[2026-07-20T20:40:51.551+0545] {subprocess.py:93} INFO - 26/07/20 14:55:51 INFO BlockManagerMasterEndpoint: BlockManagerMasterEndpoint up
[2026-07-20T20:40:51.559+0545] {subprocess.py:93} INFO - 26/07/20 14:55:51 INFO SparkEnv: Registering BlockManagerMasterHeartbeat
[2026-07-20T20:40:51.576+0545] {subprocess.py:93} INFO - 26/07/20 14:55:51 INFO DiskBlockManager: Created local directory at /tmp/blockmgr-d91bf59e-eb83-4f50-ba3e-e6459548521b
[2026-07-20T20:40:51.663+0545] {subprocess.py:93} INFO - 26/07/20 14:55:51 INFO MemoryStore: MemoryStore started with capacity 413.9 MiB
[2026-07-20T20:40:51.673+0545] {subprocess.py:93} INFO - 26/07/20 14:55:51 INFO SparkEnv: Registering OutputCommitCoordinator
[2026-07-20T20:40:51.971+0545] {subprocess.py:93} INFO - 26/07/20 14:55:51 INFO JettyUtils: Start Jetty 0.0.0.0:4040 for SparkUI
[2026-07-20T20:40:52.068+0545] {subprocess.py:93} INFO - 26/07/20 14:55:52 INFO Utils: Successfully started service 'SparkUI' on port 4040.
[2026-07-20T20:40:52.159+0545] {subprocess.py:93} INFO - 26/07/20 14:55:52 INFO SparkContext: Added file file:///app/common.py at spark://bfe6d2784474:34223/files/common.py with timestamp 1784559350073
[2026-07-20T20:40:52.159+0545] {subprocess.py:93} INFO - 26/07/20 14:55:52 INFO Utils: Copying /app/common.py to /tmp/spark-45e30d93-3011-4baf-8712-e2276a01d6d8/userFiles-dda26459-a808-43a9-921c-1b74f2ab4fd6/common.py
[2026-07-20T20:40:52.570+0545] {subprocess.py:93} INFO - 26/07/20 14:55:52 INFO StandaloneAppClient$ClientEndpoint: Connecting to master spark://localhost:7077...
[2026-07-20T20:40:52.772+0545] {subprocess.py:93} INFO - 26/07/20 14:55:52 INFO TransportClientFactory: Successfully created connection to localhost/127.0.0.1:7077 after 102 ms (0 ms spent in bootstraps)
[2026-07-20T20:40:53.061+0545] {subprocess.py:93} INFO - 26/07/20 14:55:53 INFO StandaloneSchedulerBackend: Connected to Spark cluster with app ID app-20260720145552-0016
[2026-07-20T20:40:53.064+0545] {subprocess.py:93} INFO - 26/07/20 14:55:53 INFO StandaloneAppClient$ClientEndpoint: Executor added: app-20260720145552-0016/0 on worker-20260720022328-spark-worker2-8083 (spark-worker2:8083) with 1 core(s)
[2026-07-20T20:40:53.067+0545] {subprocess.py:93} INFO - 26/07/20 14:55:53 INFO StandaloneSchedulerBackend: Granted executor ID app-20260720145552-0016/0 on hostPort spark-worker2:8083 with 1 core(s), 1024.0 MiB RAM
[2026-07-20T20:40:53.068+0545] {subprocess.py:93} INFO - 26/07/20 14:55:53 INFO StandaloneAppClient$ClientEndpoint: Executor added: app-20260720145552-0016/1 on worker-20260720022328-spark-worker1-8081 (spark-worker1:8081) with 1 core(s)
[2026-07-20T20:40:53.068+0545] {subprocess.py:93} INFO - 26/07/20 14:55:53 INFO StandaloneSchedulerBackend: Granted executor ID app-20260720145552-0016/1 on hostPort spark-worker1:8081 with 1 core(s), 1024.0 MiB RAM
[2026-07-20T20:40:53.161+0545] {subprocess.py:93} INFO - 26/07/20 14:55:53 INFO Utils: Successfully started service 'org.apache.spark.network.netty.NettyBlockTransferService' on port 39777.
[2026-07-20T20:40:53.162+0545] {subprocess.py:93} INFO - 26/07/20 14:55:53 INFO NettyBlockTransferService: Server created on bfe6d2784474:39777
[2026-07-20T20:40:53.252+0545] {subprocess.py:93} INFO - 26/07/20 14:55:53 INFO BlockManager: Using org.apache.spark.storage.RandomBlockReplicationPolicy for block replication policy
[2026-07-20T20:40:53.253+0545] {subprocess.py:93} INFO - 26/07/20 14:55:53 INFO StandaloneAppClient$ClientEndpoint: Executor updated: app-20260720145552-0016/0 is now RUNNING
[2026-07-20T20:40:53.255+0545] {subprocess.py:93} INFO - 26/07/20 14:55:53 INFO StandaloneAppClient$ClientEndpoint: Executor updated: app-20260720145552-0016/1 is now RUNNING
[2026-07-20T20:40:53.260+0545] {subprocess.py:93} INFO - 26/07/20 14:55:53 INFO BlockManagerMaster: Registering BlockManager BlockManagerId(driver, bfe6d2784474, 39777, None)
[2026-07-20T20:40:53.264+0545] {subprocess.py:93} INFO - 26/07/20 14:55:53 INFO BlockManagerMasterEndpoint: Registering block manager bfe6d2784474:39777 with 413.9 MiB RAM, BlockManagerId(driver, bfe6d2784474, 39777, None)
[2026-07-20T20:40:53.265+0545] {subprocess.py:93} INFO - 26/07/20 14:55:53 INFO BlockManagerMaster: Registered BlockManager BlockManagerId(driver, bfe6d2784474, 39777, None)
[2026-07-20T20:40:53.266+0545] {subprocess.py:93} INFO - 26/07/20 14:55:53 INFO BlockManager: Initialized BlockManager: BlockManagerId(driver, bfe6d2784474, 39777, None)
[2026-07-20T20:40:53.864+0545] {subprocess.py:93} INFO - 26/07/20 14:55:53 INFO StandaloneSchedulerBackend: SchedulerBackend is ready for scheduling beginning after reached minRegisteredResourcesRatio: 0.0
[2026-07-20T20:40:57.083+0545] {subprocess.py:93} INFO - 26/07/20 14:55:57 WARN DataSource: All paths were ignored:
[2026-07-20T20:40:57.083+0545] {subprocess.py:93} INFO -   hdfs://namenode:9000/user/demo/_torch_seq_shards
[2026-07-20T20:41:10.357+0545] {subprocess.py:93} INFO - [TorchDistributor] OmniAnomaly: launching 2-way DDP over contiguous shards (across cluster executors)...
[2026-07-20T20:41:11.374+0545] {subprocess.py:93} INFO - Started distributed training with 2 executor processes
[2026-07-20T20:41:38.432+0545] {subprocess.py:93} INFO - 2026-07-20 14:56:38,430 INFO sasl.SaslDataTransferClient: SASL encryption trust check: localHostTrusted = false, remoteHostTrusted = false
[2026-07-20T20:41:38.532+0545] {subprocess.py:93} INFO - 2026-07-20 14:56:38,529 INFO sasl.SaslDataTransferClient: SASL encryption trust check: localHostTrusted = false, remoteHostTrusted = false
[2026-07-20T20:41:38.632+0545] {subprocess.py:93} INFO - 2026-07-20 14:56:38,546 INFO sasl.SaslDataTransferClient: SASL encryption trust check: localHostTrusted = false, remoteHostTrusted = false
[2026-07-20T20:41:39.043+0545] {subprocess.py:93} INFO - 2026-07-20 14:56:39,041 INFO sasl.SaslDataTransferClient: SASL encryption trust check: localHostTrusted = false, remoteHostTrusted = false
[2026-07-20T20:41:39.244+0545] {subprocess.py:93} INFO - 2026-07-20 14:56:39,218 INFO sasl.SaslDataTransferClient: SASL encryption trust check: localHostTrusted = false, remoteHostTrusted = false
[2026-07-20T20:41:39.344+0545] {subprocess.py:93} INFO - 2026-07-20 14:56:39,230 INFO sasl.SaslDataTransferClient: SASL encryption trust check: localHostTrusted = false, remoteHostTrusted = false
[2026-07-20T20:41:40.135+0545] {subprocess.py:93} INFO -     [OmniAnomaly][rank0/2] epoch 5/30 loss=0.79802
[2026-07-20T20:41:40.836+0545] {subprocess.py:93} INFO -     [OmniAnomaly][rank0/2] epoch 10/30 loss=0.62048
[2026-07-20T20:41:41.538+0545] {subprocess.py:93} INFO -     [OmniAnomaly][rank0/2] epoch 15/30 loss=0.55912
[2026-07-20T20:41:42.239+0545] {subprocess.py:93} INFO -     [OmniAnomaly][rank0/2] epoch 20/30 loss=0.46163
[2026-07-20T20:41:42.941+0545] {subprocess.py:93} INFO -     [OmniAnomaly][rank0/2] epoch 25/30 loss=0.34181
[2026-07-20T20:41:43.643+0545] {subprocess.py:93} INFO -     [OmniAnomaly][rank0/2] epoch 30/30 loss=0.28099
[2026-07-20T20:41:45.857+0545] {subprocess.py:93} INFO - Finished distributed training with 2 executor processes
[2026-07-20T20:42:14.963+0545] {subprocess.py:93} INFO - [Driver] Wrote 'omnianomaly' output -> hdfs://namenode:9000/user/demo/_scores/omnianomaly
[2026-07-20T20:42:17.148+0545] {subprocess.py:97} INFO - Command exited with return code 0
[2026-07-20T20:42:17.148+0545] {taskinstance.py:441} INFO - ::group::Post task execution logs
[2026-07-20T20:42:17.161+0545] {taskinstance.py:1206} INFO - Marking task as SUCCESS. dag_id=network_traffic_pipeline, task_id=sequential_ddp_models.omnianomaly, run_id=manual__2026-07-20T02:23:05.960611+00:00, execution_date=20260720T022305, start_date=20260720T145538, end_date=20260720T145717
[2026-07-20T20:42:17.194+0545] {local_task_job_runner.py:243} INFO - Task exited with return code 0
[2026-07-20T20:42:17.210+0545] {taskinstance.py:3503} INFO - 0 downstream tasks scheduled from follow-on schedule check
[2026-07-20T20:42:17.210+0545] {local_task_job_runner.py:222} INFO - ::endgroup::
