[2026-07-20T11:28:31.528+0545] {local_task_job_runner.py:120} INFO - ::group::Pre task execution logs
[2026-07-20T11:28:31.549+0545] {taskinstance.py:2076} INFO - Dependencies all met for dep_context=non-requeueable deps ti=<TaskInstance: network_traffic_pipeline.start_containers manual__2026-07-20T05:43:28.212398+00:00 [queued]>
[2026-07-20T11:28:31.555+0545] {taskinstance.py:2076} INFO - Dependencies all met for dep_context=requeueable deps ti=<TaskInstance: network_traffic_pipeline.start_containers manual__2026-07-20T05:43:28.212398+00:00 [queued]>
[2026-07-20T11:28:31.556+0545] {taskinstance.py:2306} INFO - Starting attempt 1 of 2
[2026-07-20T11:28:31.572+0545] {taskinstance.py:2330} INFO - Executing <Task(BashOperator): start_containers> on 2026-07-20 05:43:28.212398+00:00
[2026-07-20T11:28:31.577+0545] {standard_task_runner.py:64} INFO - Started process 24066 to run task
[2026-07-20T11:28:31.582+0545] {standard_task_runner.py:90} INFO - Running: ['airflow', 'tasks', 'run', 'network_traffic_pipeline', 'start_containers', 'manual__2026-07-20T05:43:28.212398+00:00', '--job-id', '87', '--raw', '--subdir', 'DAGS_FOLDER/network_traffic_pipeline_dag.py', '--cfg-path', '/tmp/tmp6uhjhzmn']
[2026-07-20T11:28:31.584+0545] {standard_task_runner.py:91} INFO - Job 87: Subtask start_containers
[2026-07-20T11:28:31.635+0545] {task_command.py:426} INFO - Running <TaskInstance: network_traffic_pipeline.start_containers manual__2026-07-20T05:43:28.212398+00:00 [running]> on host snigdh-IdeaPad-Slim-3-15IAH8
[2026-07-20T11:28:31.706+0545] {taskinstance.py:2648} INFO - Exporting env vars: AIRFLOW_CTX_DAG_OWNER='you' AIRFLOW_CTX_DAG_ID='network_traffic_pipeline' AIRFLOW_CTX_TASK_ID='start_containers' AIRFLOW_CTX_EXECUTION_DATE='2026-07-20T05:43:28.212398+00:00' AIRFLOW_CTX_TRY_NUMBER='1' AIRFLOW_CTX_DAG_RUN_ID='manual__2026-07-20T05:43:28.212398+00:00'
[2026-07-20T11:28:31.707+0545] {taskinstance.py:430} INFO - ::endgroup::
[2026-07-20T11:28:31.708+0545] {subprocess.py:63} INFO - Tmp dir root location: /tmp
[2026-07-20T11:28:31.709+0545] {subprocess.py:75} INFO - Running command: ['/usr/bin/bash', '-c', 'cd /home/snigdh/repos/bigData && docker-compose up -d && sleep 15']
[2026-07-20T11:28:31.719+0545] {subprocess.py:86} INFO - Output:
[2026-07-20T11:28:33.135+0545] {subprocess.py:93} INFO - Starting bigdata_namenode_1 ...
[2026-07-20T11:28:33.136+0545] {subprocess.py:93} INFO - Starting bigdata_spark-master_1 ...
[2026-07-20T11:28:33.138+0545] {subprocess.py:93} INFO - Starting bigdata_oracle_1       ...
[2026-07-20T11:28:33.520+0545] {subprocess.py:93} INFO - Starting bigdata_namenode_1     ... done
[2026-07-20T11:28:33.521+0545] {subprocess.py:93} INFO - Starting bigdata_datanode2_1    ...
[2026-07-20T11:28:33.521+0545] {subprocess.py:93} INFO - Starting bigdata_datanode1_1    ...
[2026-07-20T11:28:33.597+0545] {subprocess.py:93} INFO - Starting bigdata_spark-master_1 ... done
[2026-07-20T11:28:33.597+0545] {subprocess.py:93} INFO - Starting bigdata_spark-worker1_1 ...
[2026-07-20T11:28:33.598+0545] {subprocess.py:93} INFO - Starting bigdata_spark-worker2_1 ...
[2026-07-20T11:28:33.644+0545] {subprocess.py:93} INFO - Starting bigdata_oracle_1        ... done
[2026-07-20T11:28:33.777+0545] {subprocess.py:93} INFO - Starting bigdata_datanode2_1     ... done
[2026-07-20T11:28:33.822+0545] {subprocess.py:93} INFO - Starting bigdata_datanode1_1     ... done
[2026-07-20T11:28:33.843+0545] {subprocess.py:93} INFO - Starting bigdata_spark-worker2_1 ... done
[2026-07-20T11:28:33.860+0545] {subprocess.py:93} INFO - Starting bigdata_spark-worker1_1 ... done
[2026-07-20T11:28:48.944+0545] {subprocess.py:97} INFO - Command exited with return code 0
[2026-07-20T11:28:48.945+0545] {taskinstance.py:441} INFO - ::group::Post task execution logs
[2026-07-20T11:28:48.972+0545] {taskinstance.py:1206} INFO - Marking task as SUCCESS. dag_id=network_traffic_pipeline, task_id=start_containers, run_id=manual__2026-07-20T05:43:28.212398+00:00, execution_date=20260720T054328, start_date=20260720T054331, end_date=20260720T054348
[2026-07-20T11:28:49.002+0545] {local_task_job_runner.py:243} INFO - Task exited with return code 0
[2026-07-20T11:28:49.027+0545] {taskinstance.py:3503} INFO - 1 downstream tasks scheduled from follow-on schedule check
[2026-07-20T11:28:49.031+0545] {local_task_job_runner.py:222} INFO - ::endgroup::
