[2026-07-18T21:38:01.828+0545] {processor.py:161} INFO - Started process (PID=262321) to work on /home/snigdh/repos/bigData/spark_demo_env/lib/python3.12/site-packages/airflow/example_dags/plugins/event_listener.py
[2026-07-18T21:38:01.829+0545] {processor.py:830} INFO - Processing file /home/snigdh/repos/bigData/spark_demo_env/lib/python3.12/site-packages/airflow/example_dags/plugins/event_listener.py for tasks to queue
[2026-07-18T21:38:01.831+0545] {logging_mixin.py:188} INFO - [2026-07-18T21:38:01.830+0545] {dagbag.py:545} INFO - Filling up the DagBag from /home/snigdh/repos/bigData/spark_demo_env/lib/python3.12/site-packages/airflow/example_dags/plugins/event_listener.py
[2026-07-18T21:38:01.833+0545] {processor.py:842} WARNING - No viable dags retrieved from /home/snigdh/repos/bigData/spark_demo_env/lib/python3.12/site-packages/airflow/example_dags/plugins/event_listener.py
[2026-07-18T21:38:01.843+0545] {processor.py:183} INFO - Processing /home/snigdh/repos/bigData/spark_demo_env/lib/python3.12/site-packages/airflow/example_dags/plugins/event_listener.py took 0.020 seconds
[2026-07-18T21:39:05.152+0545] {processor.py:161} INFO - Started process (PID=262649) to work on /home/snigdh/repos/bigData/spark_demo_env/lib/python3.12/site-packages/airflow/example_dags/plugins/event_listener.py
[2026-07-18T21:39:05.156+0545] {processor.py:830} INFO - Processing file /home/snigdh/repos/bigData/spark_demo_env/lib/python3.12/site-packages/airflow/example_dags/plugins/event_listener.py for tasks to queue
[2026-07-18T21:39:05.159+0545] {logging_mixin.py:188} INFO - [2026-07-18T21:39:05.158+0545] {dagbag.py:545} INFO - Filling up the DagBag from /home/snigdh/repos/bigData/spark_demo_env/lib/python3.12/site-packages/airflow/example_dags/plugins/event_listener.py
[2026-07-18T21:39:05.162+0545] {processor.py:842} WARNING - No viable dags retrieved from /home/snigdh/repos/bigData/spark_demo_env/lib/python3.12/site-packages/airflow/example_dags/plugins/event_listener.py
[2026-07-18T21:39:05.180+0545] {processor.py:183} INFO - Processing /home/snigdh/repos/bigData/spark_demo_env/lib/python3.12/site-packages/airflow/example_dags/plugins/event_listener.py took 0.036 seconds
[2026-07-18T21:40:00.102+0545] {processor.py:161} INFO - Started process (PID=262940) to work on /home/snigdh/repos/bigData/spark_demo_env/lib/python3.12/site-packages/airflow/example_dags/plugins/event_listener.py
[2026-07-18T21:40:00.106+0545] {processor.py:830} INFO - Processing file /home/snigdh/repos/bigData/spark_demo_env/lib/python3.12/site-packages/airflow/example_dags/plugins/event_listener.py for tasks to queue
[2026-07-18T21:40:00.109+0545] {logging_mixin.py:188} INFO - [2026-07-18T21:40:00.108+0545] {dagbag.py:545} INFO - Filling up the DagBag from /home/snigdh/repos/bigData/spark_demo_env/lib/python3.12/site-packages/airflow/example_dags/plugins/event_listener.py
[2026-07-18T21:40:00.112+0545] {processor.py:842} WARNING - No viable dags retrieved from /home/snigdh/repos/bigData/spark_demo_env/lib/python3.12/site-packages/airflow/example_dags/plugins/event_listener.py
[2026-07-18T21:40:00.129+0545] {processor.py:183} INFO - Processing /home/snigdh/repos/bigData/spark_demo_env/lib/python3.12/site-packages/airflow/example_dags/plugins/event_listener.py took 0.036 seconds
[2026-07-18T21:46:18.344+0545] {processor.py:161} INFO - Started process (PID=269658) to work on /home/snigdh/repos/bigData/spark_demo_env/lib/python3.12/site-packages/airflow/example_dags/plugins/event_listener.py
[2026-07-18T21:46:18.348+0545] {processor.py:830} INFO - Processing file /home/snigdh/repos/bigData/spark_demo_env/lib/python3.12/site-packages/airflow/example_dags/plugins/event_listener.py for tasks to queue
[2026-07-18T21:46:18.349+0545] {logging_mixin.py:188} INFO - [2026-07-18T21:46:18.349+0545] {dagbag.py:545} INFO - Filling up the DagBag from /home/snigdh/repos/bigData/spark_demo_env/lib/python3.12/site-packages/airflow/example_dags/plugins/event_listener.py
[2026-07-18T21:46:18.352+0545] {processor.py:842} WARNING - No viable dags retrieved from /home/snigdh/repos/bigData/spark_demo_env/lib/python3.12/site-packages/airflow/example_dags/plugins/event_listener.py
[2026-07-18T21:46:18.368+0545] {processor.py:183} INFO - Processing /home/snigdh/repos/bigData/spark_demo_env/lib/python3.12/site-packages/airflow/example_dags/plugins/event_listener.py took 0.034 seconds
[2026-07-18T21:47:20.393+0545] {processor.py:161} INFO - Started process (PID=270285) to work on /home/snigdh/repos/bigData/spark_demo_env/lib/python3.12/site-packages/airflow/example_dags/plugins/event_listener.py
[2026-07-18T21:47:20.394+0545] {processor.py:830} INFO - Processing file /home/snigdh/repos/bigData/spark_demo_env/lib/python3.12/site-packages/airflow/example_dags/plugins/event_listener.py for tasks to queue
[2026-07-18T21:47:20.395+0545] {logging_mixin.py:188} INFO - [2026-07-18T21:47:20.395+0545] {dagbag.py:545} INFO - Filling up the DagBag from /home/snigdh/repos/bigData/spark_demo_env/lib/python3.12/site-packages/airflow/example_dags/plugins/event_listener.py
[2026-07-18T21:47:20.398+0545] {processor.py:842} WARNING - No viable dags retrieved from /home/snigdh/repos/bigData/spark_demo_env/lib/python3.12/site-packages/airflow/example_dags/plugins/event_listener.py
[2026-07-18T21:47:20.414+0545] {processor.py:183} INFO - Processing /home/snigdh/repos/bigData/spark_demo_env/lib/python3.12/site-packages/airflow/example_dags/plugins/event_listener.py took 0.027 seconds
[2026-07-18T21:48:13.871+0545] {processor.py:161} INFO - Started process (PID=270984) to work on /home/snigdh/repos/bigData/spark_demo_env/lib/python3.12/site-packages/airflow/example_dags/plugins/event_listener.py
[2026-07-18T21:48:13.873+0545] {processor.py:830} INFO - Processing file /home/snigdh/repos/bigData/spark_demo_env/lib/python3.12/site-packages/airflow/example_dags/plugins/event_listener.py for tasks to queue
[2026-07-18T21:48:13.874+0545] {logging_mixin.py:188} INFO - [2026-07-18T21:48:13.874+0545] {dagbag.py:545} INFO - Filling up the DagBag from /home/snigdh/repos/bigData/spark_demo_env/lib/python3.12/site-packages/airflow/example_dags/plugins/event_listener.py
[2026-07-18T21:48:13.878+0545] {processor.py:842} WARNING - No viable dags retrieved from /home/snigdh/repos/bigData/spark_demo_env/lib/python3.12/site-packages/airflow/example_dags/plugins/event_listener.py
[2026-07-18T21:48:13.893+0545] {processor.py:183} INFO - Processing /home/snigdh/repos/bigData/spark_demo_env/lib/python3.12/site-packages/airflow/example_dags/plugins/event_listener.py took 0.030 seconds
[2026-07-18T21:48:54.382+0545] {processor.py:161} INFO - Started process (PID=271736) to work on /home/snigdh/repos/bigData/spark_demo_env/lib/python3.12/site-packages/airflow/example_dags/plugins/event_listener.py
[2026-07-18T21:48:54.385+0545] {processor.py:830} INFO - Processing file /home/snigdh/repos/bigData/spark_demo_env/lib/python3.12/site-packages/airflow/example_dags/plugins/event_listener.py for tasks to queue
[2026-07-18T21:48:54.387+0545] {logging_mixin.py:188} INFO - [2026-07-18T21:48:54.386+0545] {dagbag.py:545} INFO - Filling up the DagBag from /home/snigdh/repos/bigData/spark_demo_env/lib/python3.12/site-packages/airflow/example_dags/plugins/event_listener.py
[2026-07-18T21:48:54.390+0545] {processor.py:842} WARNING - No viable dags retrieved from /home/snigdh/repos/bigData/spark_demo_env/lib/python3.12/site-packages/airflow/example_dags/plugins/event_listener.py
[2026-07-18T21:48:54.406+0545] {processor.py:183} INFO - Processing /home/snigdh/repos/bigData/spark_demo_env/lib/python3.12/site-packages/airflow/example_dags/plugins/event_listener.py took 0.032 seconds
[2026-07-18T21:49:48.603+0545] {processor.py:161} INFO - Started process (PID=272360) to work on /home/snigdh/repos/bigData/spark_demo_env/lib/python3.12/site-packages/airflow/example_dags/plugins/event_listener.py
[2026-07-18T21:49:48.607+0545] {processor.py:830} INFO - Processing file /home/snigdh/repos/bigData/spark_demo_env/lib/python3.12/site-packages/airflow/example_dags/plugins/event_listener.py for tasks to queue
[2026-07-18T21:49:48.609+0545] {logging_mixin.py:188} INFO - [2026-07-18T21:49:48.608+0545] {dagbag.py:545} INFO - Filling up the DagBag from /home/snigdh/repos/bigData/spark_demo_env/lib/python3.12/site-packages/airflow/example_dags/plugins/event_listener.py
[2026-07-18T21:49:48.613+0545] {processor.py:842} WARNING - No viable dags retrieved from /home/snigdh/repos/bigData/spark_demo_env/lib/python3.12/site-packages/airflow/example_dags/plugins/event_listener.py
[2026-07-18T21:49:48.626+0545] {processor.py:183} INFO - Processing /home/snigdh/repos/bigData/spark_demo_env/lib/python3.12/site-packages/airflow/example_dags/plugins/event_listener.py took 0.031 seconds
[2026-07-18T21:50:35.715+0545] {processor.py:161} INFO - Started process (PID=272956) to work on /home/snigdh/repos/bigData/spark_demo_env/lib/python3.12/site-packages/airflow/example_dags/plugins/event_listener.py
[2026-07-18T21:50:35.716+0545] {processor.py:830} INFO - Processing file /home/snigdh/repos/bigData/spark_demo_env/lib/python3.12/site-packages/airflow/example_dags/plugins/event_listener.py for tasks to queue
[2026-07-18T21:50:35.718+0545] {logging_mixin.py:188} INFO - [2026-07-18T21:50:35.717+0545] {dagbag.py:545} INFO - Filling up the DagBag from /home/snigdh/repos/bigData/spark_demo_env/lib/python3.12/site-packages/airflow/example_dags/plugins/event_listener.py
[2026-07-18T21:50:35.722+0545] {processor.py:842} WARNING - No viable dags retrieved from /home/snigdh/repos/bigData/spark_demo_env/lib/python3.12/site-packages/airflow/example_dags/plugins/event_listener.py
[2026-07-18T21:50:35.735+0545] {processor.py:183} INFO - Processing /home/snigdh/repos/bigData/spark_demo_env/lib/python3.12/site-packages/airflow/example_dags/plugins/event_listener.py took 0.031 seconds
[2026-07-18T21:51:20.148+0545] {processor.py:161} INFO - Started process (PID=273553) to work on /home/snigdh/repos/bigData/spark_demo_env/lib/python3.12/site-packages/airflow/example_dags/plugins/event_listener.py
[2026-07-18T21:51:20.152+0545] {processor.py:830} INFO - Processing file /home/snigdh/repos/bigData/spark_demo_env/lib/python3.12/site-packages/airflow/example_dags/plugins/event_listener.py for tasks to queue
[2026-07-18T21:51:20.153+0545] {logging_mixin.py:188} INFO - [2026-07-18T21:51:20.153+0545] {dagbag.py:545} INFO - Filling up the DagBag from /home/snigdh/repos/bigData/spark_demo_env/lib/python3.12/site-packages/airflow/example_dags/plugins/event_listener.py
[2026-07-18T21:51:20.157+0545] {processor.py:842} WARNING - No viable dags retrieved from /home/snigdh/repos/bigData/spark_demo_env/lib/python3.12/site-packages/airflow/example_dags/plugins/event_listener.py
[2026-07-18T21:51:20.172+0545] {processor.py:183} INFO - Processing /home/snigdh/repos/bigData/spark_demo_env/lib/python3.12/site-packages/airflow/example_dags/plugins/event_listener.py took 0.032 seconds
[2026-07-18T21:52:07.596+0545] {processor.py:161} INFO - Started process (PID=274199) to work on /home/snigdh/repos/bigData/spark_demo_env/lib/python3.12/site-packages/airflow/example_dags/plugins/event_listener.py
[2026-07-18T21:52:07.599+0545] {processor.py:830} INFO - Processing file /home/snigdh/repos/bigData/spark_demo_env/lib/python3.12/site-packages/airflow/example_dags/plugins/event_listener.py for tasks to queue
[2026-07-18T21:52:07.600+0545] {logging_mixin.py:188} INFO - [2026-07-18T21:52:07.600+0545] {dagbag.py:545} INFO - Filling up the DagBag from /home/snigdh/repos/bigData/spark_demo_env/lib/python3.12/site-packages/airflow/example_dags/plugins/event_listener.py
[2026-07-18T21:52:07.604+0545] {processor.py:842} WARNING - No viable dags retrieved from /home/snigdh/repos/bigData/spark_demo_env/lib/python3.12/site-packages/airflow/example_dags/plugins/event_listener.py
[2026-07-18T21:52:07.624+0545] {processor.py:183} INFO - Processing /home/snigdh/repos/bigData/spark_demo_env/lib/python3.12/site-packages/airflow/example_dags/plugins/event_listener.py took 0.034 seconds
[2026-07-18T21:52:53.153+0545] {processor.py:161} INFO - Started process (PID=274735) to work on /home/snigdh/repos/bigData/spark_demo_env/lib/python3.12/site-packages/airflow/example_dags/plugins/event_listener.py
[2026-07-18T21:52:53.157+0545] {processor.py:830} INFO - Processing file /home/snigdh/repos/bigData/spark_demo_env/lib/python3.12/site-packages/airflow/example_dags/plugins/event_listener.py for tasks to queue
[2026-07-18T21:52:53.158+0545] {logging_mixin.py:188} INFO - [2026-07-18T21:52:53.158+0545] {dagbag.py:545} INFO - Filling up the DagBag from /home/snigdh/repos/bigData/spark_demo_env/lib/python3.12/site-packages/airflow/example_dags/plugins/event_listener.py
[2026-07-18T21:52:53.161+0545] {processor.py:842} WARNING - No viable dags retrieved from /home/snigdh/repos/bigData/spark_demo_env/lib/python3.12/site-packages/airflow/example_dags/plugins/event_listener.py
[2026-07-18T21:52:53.177+0545] {processor.py:183} INFO - Processing /home/snigdh/repos/bigData/spark_demo_env/lib/python3.12/site-packages/airflow/example_dags/plugins/event_listener.py took 0.032 seconds
[2026-07-18T21:53:39.810+0545] {processor.py:161} INFO - Started process (PID=275414) to work on /home/snigdh/repos/bigData/spark_demo_env/lib/python3.12/site-packages/airflow/example_dags/plugins/event_listener.py
[2026-07-18T21:53:39.814+0545] {processor.py:830} INFO - Processing file /home/snigdh/repos/bigData/spark_demo_env/lib/python3.12/site-packages/airflow/example_dags/plugins/event_listener.py for tasks to queue
[2026-07-18T21:53:39.816+0545] {logging_mixin.py:188} INFO - [2026-07-18T21:53:39.815+0545] {dagbag.py:545} INFO - Filling up the DagBag from /home/snigdh/repos/bigData/spark_demo_env/lib/python3.12/site-packages/airflow/example_dags/plugins/event_listener.py
[2026-07-18T21:53:39.820+0545] {processor.py:842} WARNING - No viable dags retrieved from /home/snigdh/repos/bigData/spark_demo_env/lib/python3.12/site-packages/airflow/example_dags/plugins/event_listener.py
[2026-07-18T21:53:39.838+0545] {processor.py:183} INFO - Processing /home/snigdh/repos/bigData/spark_demo_env/lib/python3.12/site-packages/airflow/example_dags/plugins/event_listener.py took 0.037 seconds
[2026-07-18T21:54:30.846+0545] {processor.py:161} INFO - Started process (PID=276298) to work on /home/snigdh/repos/bigData/spark_demo_env/lib/python3.12/site-packages/airflow/example_dags/plugins/event_listener.py
[2026-07-18T21:54:30.847+0545] {processor.py:830} INFO - Processing file /home/snigdh/repos/bigData/spark_demo_env/lib/python3.12/site-packages/airflow/example_dags/plugins/event_listener.py for tasks to queue
[2026-07-18T21:54:30.848+0545] {logging_mixin.py:188} INFO - [2026-07-18T21:54:30.848+0545] {dagbag.py:545} INFO - Filling up the DagBag from /home/snigdh/repos/bigData/spark_demo_env/lib/python3.12/site-packages/airflow/example_dags/plugins/event_listener.py
[2026-07-18T21:54:30.851+0545] {processor.py:842} WARNING - No viable dags retrieved from /home/snigdh/repos/bigData/spark_demo_env/lib/python3.12/site-packages/airflow/example_dags/plugins/event_listener.py
[2026-07-18T21:54:30.864+0545] {processor.py:183} INFO - Processing /home/snigdh/repos/bigData/spark_demo_env/lib/python3.12/site-packages/airflow/example_dags/plugins/event_listener.py took 0.023 seconds
[2026-07-18T21:55:15.933+0545] {processor.py:161} INFO - Started process (PID=276831) to work on /home/snigdh/repos/bigData/spark_demo_env/lib/python3.12/site-packages/airflow/example_dags/plugins/event_listener.py
[2026-07-18T21:55:15.934+0545] {processor.py:830} INFO - Processing file /home/snigdh/repos/bigData/spark_demo_env/lib/python3.12/site-packages/airflow/example_dags/plugins/event_listener.py for tasks to queue
[2026-07-18T21:55:15.936+0545] {logging_mixin.py:188} INFO - [2026-07-18T21:55:15.935+0545] {dagbag.py:545} INFO - Filling up the DagBag from /home/snigdh/repos/bigData/spark_demo_env/lib/python3.12/site-packages/airflow/example_dags/plugins/event_listener.py
[2026-07-18T21:55:15.939+0545] {processor.py:842} WARNING - No viable dags retrieved from /home/snigdh/repos/bigData/spark_demo_env/lib/python3.12/site-packages/airflow/example_dags/plugins/event_listener.py
[2026-07-18T21:55:15.955+0545] {processor.py:183} INFO - Processing /home/snigdh/repos/bigData/spark_demo_env/lib/python3.12/site-packages/airflow/example_dags/plugins/event_listener.py took 0.030 seconds
[2026-07-18T21:56:01.628+0545] {processor.py:161} INFO - Started process (PID=277296) to work on /home/snigdh/repos/bigData/spark_demo_env/lib/python3.12/site-packages/airflow/example_dags/plugins/event_listener.py
[2026-07-18T21:56:01.630+0545] {processor.py:830} INFO - Processing file /home/snigdh/repos/bigData/spark_demo_env/lib/python3.12/site-packages/airflow/example_dags/plugins/event_listener.py for tasks to queue
[2026-07-18T21:56:01.631+0545] {logging_mixin.py:188} INFO - [2026-07-18T21:56:01.631+0545] {dagbag.py:545} INFO - Filling up the DagBag from /home/snigdh/repos/bigData/spark_demo_env/lib/python3.12/site-packages/airflow/example_dags/plugins/event_listener.py
[2026-07-18T21:56:01.634+0545] {processor.py:842} WARNING - No viable dags retrieved from /home/snigdh/repos/bigData/spark_demo_env/lib/python3.12/site-packages/airflow/example_dags/plugins/event_listener.py
[2026-07-18T21:56:01.648+0545] {processor.py:183} INFO - Processing /home/snigdh/repos/bigData/spark_demo_env/lib/python3.12/site-packages/airflow/example_dags/plugins/event_listener.py took 0.029 seconds
[2026-07-18T21:56:44.766+0545] {processor.py:161} INFO - Started process (PID=277692) to work on /home/snigdh/repos/bigData/spark_demo_env/lib/python3.12/site-packages/airflow/example_dags/plugins/event_listener.py
[2026-07-18T21:56:44.768+0545] {processor.py:830} INFO - Processing file /home/snigdh/repos/bigData/spark_demo_env/lib/python3.12/site-packages/airflow/example_dags/plugins/event_listener.py for tasks to queue
[2026-07-18T21:56:44.769+0545] {logging_mixin.py:188} INFO - [2026-07-18T21:56:44.768+0545] {dagbag.py:545} INFO - Filling up the DagBag from /home/snigdh/repos/bigData/spark_demo_env/lib/python3.12/site-packages/airflow/example_dags/plugins/event_listener.py
[2026-07-18T21:56:44.772+0545] {processor.py:842} WARNING - No viable dags retrieved from /home/snigdh/repos/bigData/spark_demo_env/lib/python3.12/site-packages/airflow/example_dags/plugins/event_listener.py
[2026-07-18T21:56:44.786+0545] {processor.py:183} INFO - Processing /home/snigdh/repos/bigData/spark_demo_env/lib/python3.12/site-packages/airflow/example_dags/plugins/event_listener.py took 0.028 seconds
[2026-07-18T21:57:28.502+0545] {processor.py:161} INFO - Started process (PID=278086) to work on /home/snigdh/repos/bigData/spark_demo_env/lib/python3.12/site-packages/airflow/example_dags/plugins/event_listener.py
[2026-07-18T21:57:28.506+0545] {processor.py:830} INFO - Processing file /home/snigdh/repos/bigData/spark_demo_env/lib/python3.12/site-packages/airflow/example_dags/plugins/event_listener.py for tasks to queue
[2026-07-18T21:57:28.507+0545] {logging_mixin.py:188} INFO - [2026-07-18T21:57:28.507+0545] {dagbag.py:545} INFO - Filling up the DagBag from /home/snigdh/repos/bigData/spark_demo_env/lib/python3.12/site-packages/airflow/example_dags/plugins/event_listener.py
[2026-07-18T21:57:28.510+0545] {processor.py:842} WARNING - No viable dags retrieved from /home/snigdh/repos/bigData/spark_demo_env/lib/python3.12/site-packages/airflow/example_dags/plugins/event_listener.py
[2026-07-18T21:57:28.526+0545] {processor.py:183} INFO - Processing /home/snigdh/repos/bigData/spark_demo_env/lib/python3.12/site-packages/airflow/example_dags/plugins/event_listener.py took 0.034 seconds
[2026-07-18T21:58:14.995+0545] {processor.py:161} INFO - Started process (PID=278558) to work on /home/snigdh/repos/bigData/spark_demo_env/lib/python3.12/site-packages/airflow/example_dags/plugins/event_listener.py
[2026-07-18T21:58:15.000+0545] {processor.py:830} INFO - Processing file /home/snigdh/repos/bigData/spark_demo_env/lib/python3.12/site-packages/airflow/example_dags/plugins/event_listener.py for tasks to queue
[2026-07-18T21:58:15.001+0545] {logging_mixin.py:188} INFO - [2026-07-18T21:58:15.001+0545] {dagbag.py:545} INFO - Filling up the DagBag from /home/snigdh/repos/bigData/spark_demo_env/lib/python3.12/site-packages/airflow/example_dags/plugins/event_listener.py
[2026-07-18T21:58:15.005+0545] {processor.py:842} WARNING - No viable dags retrieved from /home/snigdh/repos/bigData/spark_demo_env/lib/python3.12/site-packages/airflow/example_dags/plugins/event_listener.py
[2026-07-18T21:58:15.023+0545] {processor.py:183} INFO - Processing /home/snigdh/repos/bigData/spark_demo_env/lib/python3.12/site-packages/airflow/example_dags/plugins/event_listener.py took 0.037 seconds
[2026-07-18T21:59:00.612+0545] {processor.py:161} INFO - Started process (PID=278993) to work on /home/snigdh/repos/bigData/spark_demo_env/lib/python3.12/site-packages/airflow/example_dags/plugins/event_listener.py
[2026-07-18T21:59:00.616+0545] {processor.py:830} INFO - Processing file /home/snigdh/repos/bigData/spark_demo_env/lib/python3.12/site-packages/airflow/example_dags/plugins/event_listener.py for tasks to queue
[2026-07-18T21:59:00.618+0545] {logging_mixin.py:188} INFO - [2026-07-18T21:59:00.617+0545] {dagbag.py:545} INFO - Filling up the DagBag from /home/snigdh/repos/bigData/spark_demo_env/lib/python3.12/site-packages/airflow/example_dags/plugins/event_listener.py
[2026-07-18T21:59:00.621+0545] {processor.py:842} WARNING - No viable dags retrieved from /home/snigdh/repos/bigData/spark_demo_env/lib/python3.12/site-packages/airflow/example_dags/plugins/event_listener.py
[2026-07-18T21:59:00.639+0545] {processor.py:183} INFO - Processing /home/snigdh/repos/bigData/spark_demo_env/lib/python3.12/site-packages/airflow/example_dags/plugins/event_listener.py took 0.033 seconds
[2026-07-18T21:59:47.144+0545] {processor.py:161} INFO - Started process (PID=279419) to work on /home/snigdh/repos/bigData/spark_demo_env/lib/python3.12/site-packages/airflow/example_dags/plugins/event_listener.py
[2026-07-18T21:59:47.148+0545] {processor.py:830} INFO - Processing file /home/snigdh/repos/bigData/spark_demo_env/lib/python3.12/site-packages/airflow/example_dags/plugins/event_listener.py for tasks to queue
[2026-07-18T21:59:47.150+0545] {logging_mixin.py:188} INFO - [2026-07-18T21:59:47.149+0545] {dagbag.py:545} INFO - Filling up the DagBag from /home/snigdh/repos/bigData/spark_demo_env/lib/python3.12/site-packages/airflow/example_dags/plugins/event_listener.py
[2026-07-18T21:59:47.154+0545] {processor.py:842} WARNING - No viable dags retrieved from /home/snigdh/repos/bigData/spark_demo_env/lib/python3.12/site-packages/airflow/example_dags/plugins/event_listener.py
[2026-07-18T21:59:47.172+0545] {processor.py:183} INFO - Processing /home/snigdh/repos/bigData/spark_demo_env/lib/python3.12/site-packages/airflow/example_dags/plugins/event_listener.py took 0.039 seconds
[2026-07-18T22:00:35.273+0545] {processor.py:161} INFO - Started process (PID=279886) to work on /home/snigdh/repos/bigData/spark_demo_env/lib/python3.12/site-packages/airflow/example_dags/plugins/event_listener.py
[2026-07-18T22:00:35.277+0545] {processor.py:830} INFO - Processing file /home/snigdh/repos/bigData/spark_demo_env/lib/python3.12/site-packages/airflow/example_dags/plugins/event_listener.py for tasks to queue
[2026-07-18T22:00:35.278+0545] {logging_mixin.py:188} INFO - [2026-07-18T22:00:35.277+0545] {dagbag.py:545} INFO - Filling up the DagBag from /home/snigdh/repos/bigData/spark_demo_env/lib/python3.12/site-packages/airflow/example_dags/plugins/event_listener.py
[2026-07-18T22:00:35.281+0545] {processor.py:842} WARNING - No viable dags retrieved from /home/snigdh/repos/bigData/spark_demo_env/lib/python3.12/site-packages/airflow/example_dags/plugins/event_listener.py
[2026-07-18T22:00:35.296+0545] {processor.py:183} INFO - Processing /home/snigdh/repos/bigData/spark_demo_env/lib/python3.12/site-packages/airflow/example_dags/plugins/event_listener.py took 0.032 seconds
[2026-07-18T22:01:20.737+0545] {processor.py:161} INFO - Started process (PID=280265) to work on /home/snigdh/repos/bigData/spark_demo_env/lib/python3.12/site-packages/airflow/example_dags/plugins/event_listener.py
[2026-07-18T22:01:20.738+0545] {processor.py:830} INFO - Processing file /home/snigdh/repos/bigData/spark_demo_env/lib/python3.12/site-packages/airflow/example_dags/plugins/event_listener.py for tasks to queue
[2026-07-18T22:01:20.739+0545] {logging_mixin.py:188} INFO - [2026-07-18T22:01:20.739+0545] {dagbag.py:545} INFO - Filling up the DagBag from /home/snigdh/repos/bigData/spark_demo_env/lib/python3.12/site-packages/airflow/example_dags/plugins/event_listener.py
[2026-07-18T22:01:20.741+0545] {processor.py:842} WARNING - No viable dags retrieved from /home/snigdh/repos/bigData/spark_demo_env/lib/python3.12/site-packages/airflow/example_dags/plugins/event_listener.py
[2026-07-18T22:01:20.752+0545] {processor.py:183} INFO - Processing /home/snigdh/repos/bigData/spark_demo_env/lib/python3.12/site-packages/airflow/example_dags/plugins/event_listener.py took 0.021 seconds
[2026-07-18T22:02:05.672+0545] {processor.py:161} INFO - Started process (PID=280719) to work on /home/snigdh/repos/bigData/spark_demo_env/lib/python3.12/site-packages/airflow/example_dags/plugins/event_listener.py
[2026-07-18T22:02:05.675+0545] {processor.py:830} INFO - Processing file /home/snigdh/repos/bigData/spark_demo_env/lib/python3.12/site-packages/airflow/example_dags/plugins/event_listener.py for tasks to queue
[2026-07-18T22:02:05.677+0545] {logging_mixin.py:188} INFO - [2026-07-18T22:02:05.676+0545] {dagbag.py:545} INFO - Filling up the DagBag from /home/snigdh/repos/bigData/spark_demo_env/lib/python3.12/site-packages/airflow/example_dags/plugins/event_listener.py
[2026-07-18T22:02:05.680+0545] {processor.py:842} WARNING - No viable dags retrieved from /home/snigdh/repos/bigData/spark_demo_env/lib/python3.12/site-packages/airflow/example_dags/plugins/event_listener.py
[2026-07-18T22:02:05.694+0545] {processor.py:183} INFO - Processing /home/snigdh/repos/bigData/spark_demo_env/lib/python3.12/site-packages/airflow/example_dags/plugins/event_listener.py took 0.032 seconds
[2026-07-18T22:02:48.223+0545] {processor.py:161} INFO - Started process (PID=281147) to work on /home/snigdh/repos/bigData/spark_demo_env/lib/python3.12/site-packages/airflow/example_dags/plugins/event_listener.py
[2026-07-18T22:02:48.225+0545] {processor.py:830} INFO - Processing file /home/snigdh/repos/bigData/spark_demo_env/lib/python3.12/site-packages/airflow/example_dags/plugins/event_listener.py for tasks to queue
[2026-07-18T22:02:48.226+0545] {logging_mixin.py:188} INFO - [2026-07-18T22:02:48.226+0545] {dagbag.py:545} INFO - Filling up the DagBag from /home/snigdh/repos/bigData/spark_demo_env/lib/python3.12/site-packages/airflow/example_dags/plugins/event_listener.py
[2026-07-18T22:02:48.229+0545] {processor.py:842} WARNING - No viable dags retrieved from /home/snigdh/repos/bigData/spark_demo_env/lib/python3.12/site-packages/airflow/example_dags/plugins/event_listener.py
[2026-07-18T22:02:48.246+0545] {processor.py:183} INFO - Processing /home/snigdh/repos/bigData/spark_demo_env/lib/python3.12/site-packages/airflow/example_dags/plugins/event_listener.py took 0.031 seconds
