[2026-07-18T21:38:02.784+0545] {processor.py:161} INFO - Started process (PID=262330) to work on /home/snigdh/repos/bigData/spark_demo_env/lib/python3.12/site-packages/airflow/example_dags/plugins/listener_plugin.py
[2026-07-18T21:38:02.785+0545] {processor.py:830} INFO - Processing file /home/snigdh/repos/bigData/spark_demo_env/lib/python3.12/site-packages/airflow/example_dags/plugins/listener_plugin.py for tasks to queue
[2026-07-18T21:38:02.787+0545] {logging_mixin.py:188} INFO - [2026-07-18T21:38:02.786+0545] {dagbag.py:545} INFO - Filling up the DagBag from /home/snigdh/repos/bigData/spark_demo_env/lib/python3.12/site-packages/airflow/example_dags/plugins/listener_plugin.py
[2026-07-18T21:38:02.790+0545] {processor.py:842} WARNING - No viable dags retrieved from /home/snigdh/repos/bigData/spark_demo_env/lib/python3.12/site-packages/airflow/example_dags/plugins/listener_plugin.py
[2026-07-18T21:38:02.809+0545] {processor.py:183} INFO - Processing /home/snigdh/repos/bigData/spark_demo_env/lib/python3.12/site-packages/airflow/example_dags/plugins/listener_plugin.py took 0.033 seconds
[2026-07-18T21:39:06.307+0545] {processor.py:161} INFO - Started process (PID=262654) to work on /home/snigdh/repos/bigData/spark_demo_env/lib/python3.12/site-packages/airflow/example_dags/plugins/listener_plugin.py
[2026-07-18T21:39:06.311+0545] {processor.py:830} INFO - Processing file /home/snigdh/repos/bigData/spark_demo_env/lib/python3.12/site-packages/airflow/example_dags/plugins/listener_plugin.py for tasks to queue
[2026-07-18T21:39:06.313+0545] {logging_mixin.py:188} INFO - [2026-07-18T21:39:06.313+0545] {dagbag.py:545} INFO - Filling up the DagBag from /home/snigdh/repos/bigData/spark_demo_env/lib/python3.12/site-packages/airflow/example_dags/plugins/listener_plugin.py
[2026-07-18T21:39:06.317+0545] {processor.py:842} WARNING - No viable dags retrieved from /home/snigdh/repos/bigData/spark_demo_env/lib/python3.12/site-packages/airflow/example_dags/plugins/listener_plugin.py
[2026-07-18T21:39:06.332+0545] {processor.py:183} INFO - Processing /home/snigdh/repos/bigData/spark_demo_env/lib/python3.12/site-packages/airflow/example_dags/plugins/listener_plugin.py took 0.032 seconds
[2026-07-18T21:40:01.206+0545] {processor.py:161} INFO - Started process (PID=262946) to work on /home/snigdh/repos/bigData/spark_demo_env/lib/python3.12/site-packages/airflow/example_dags/plugins/listener_plugin.py
[2026-07-18T21:40:01.211+0545] {processor.py:830} INFO - Processing file /home/snigdh/repos/bigData/spark_demo_env/lib/python3.12/site-packages/airflow/example_dags/plugins/listener_plugin.py for tasks to queue
[2026-07-18T21:40:01.215+0545] {logging_mixin.py:188} INFO - [2026-07-18T21:40:01.214+0545] {dagbag.py:545} INFO - Filling up the DagBag from /home/snigdh/repos/bigData/spark_demo_env/lib/python3.12/site-packages/airflow/example_dags/plugins/listener_plugin.py
[2026-07-18T21:40:01.220+0545] {processor.py:842} WARNING - No viable dags retrieved from /home/snigdh/repos/bigData/spark_demo_env/lib/python3.12/site-packages/airflow/example_dags/plugins/listener_plugin.py
[2026-07-18T21:40:01.240+0545] {processor.py:183} INFO - Processing /home/snigdh/repos/bigData/spark_demo_env/lib/python3.12/site-packages/airflow/example_dags/plugins/listener_plugin.py took 0.044 seconds
[2026-07-18T21:46:19.235+0545] {processor.py:161} INFO - Started process (PID=269661) to work on /home/snigdh/repos/bigData/spark_demo_env/lib/python3.12/site-packages/airflow/example_dags/plugins/listener_plugin.py
[2026-07-18T21:46:19.239+0545] {processor.py:830} INFO - Processing file /home/snigdh/repos/bigData/spark_demo_env/lib/python3.12/site-packages/airflow/example_dags/plugins/listener_plugin.py for tasks to queue
[2026-07-18T21:46:19.241+0545] {logging_mixin.py:188} INFO - [2026-07-18T21:46:19.240+0545] {dagbag.py:545} INFO - Filling up the DagBag from /home/snigdh/repos/bigData/spark_demo_env/lib/python3.12/site-packages/airflow/example_dags/plugins/listener_plugin.py
[2026-07-18T21:46:19.245+0545] {processor.py:842} WARNING - No viable dags retrieved from /home/snigdh/repos/bigData/spark_demo_env/lib/python3.12/site-packages/airflow/example_dags/plugins/listener_plugin.py
[2026-07-18T21:46:19.264+0545] {processor.py:183} INFO - Processing /home/snigdh/repos/bigData/spark_demo_env/lib/python3.12/site-packages/airflow/example_dags/plugins/listener_plugin.py took 0.037 seconds
[2026-07-18T21:47:21.550+0545] {processor.py:161} INFO - Started process (PID=270299) to work on /home/snigdh/repos/bigData/spark_demo_env/lib/python3.12/site-packages/airflow/example_dags/plugins/listener_plugin.py
[2026-07-18T21:47:21.552+0545] {processor.py:830} INFO - Processing file /home/snigdh/repos/bigData/spark_demo_env/lib/python3.12/site-packages/airflow/example_dags/plugins/listener_plugin.py for tasks to queue
[2026-07-18T21:47:21.554+0545] {logging_mixin.py:188} INFO - [2026-07-18T21:47:21.553+0545] {dagbag.py:545} INFO - Filling up the DagBag from /home/snigdh/repos/bigData/spark_demo_env/lib/python3.12/site-packages/airflow/example_dags/plugins/listener_plugin.py
[2026-07-18T21:47:21.559+0545] {processor.py:842} WARNING - No viable dags retrieved from /home/snigdh/repos/bigData/spark_demo_env/lib/python3.12/site-packages/airflow/example_dags/plugins/listener_plugin.py
[2026-07-18T21:47:21.578+0545] {processor.py:183} INFO - Processing /home/snigdh/repos/bigData/spark_demo_env/lib/python3.12/site-packages/airflow/example_dags/plugins/listener_plugin.py took 0.037 seconds
[2026-07-18T21:48:14.243+0545] {processor.py:161} INFO - Started process (PID=270985) to work on /home/snigdh/repos/bigData/spark_demo_env/lib/python3.12/site-packages/airflow/example_dags/plugins/listener_plugin.py
[2026-07-18T21:48:14.247+0545] {processor.py:830} INFO - Processing file /home/snigdh/repos/bigData/spark_demo_env/lib/python3.12/site-packages/airflow/example_dags/plugins/listener_plugin.py for tasks to queue
[2026-07-18T21:48:14.249+0545] {logging_mixin.py:188} INFO - [2026-07-18T21:48:14.248+0545] {dagbag.py:545} INFO - Filling up the DagBag from /home/snigdh/repos/bigData/spark_demo_env/lib/python3.12/site-packages/airflow/example_dags/plugins/listener_plugin.py
[2026-07-18T21:48:14.252+0545] {processor.py:842} WARNING - No viable dags retrieved from /home/snigdh/repos/bigData/spark_demo_env/lib/python3.12/site-packages/airflow/example_dags/plugins/listener_plugin.py
[2026-07-18T21:48:14.268+0545] {processor.py:183} INFO - Processing /home/snigdh/repos/bigData/spark_demo_env/lib/python3.12/site-packages/airflow/example_dags/plugins/listener_plugin.py took 0.033 seconds
[2026-07-18T21:48:55.533+0545] {processor.py:161} INFO - Started process (PID=271747) to work on /home/snigdh/repos/bigData/spark_demo_env/lib/python3.12/site-packages/airflow/example_dags/plugins/listener_plugin.py
[2026-07-18T21:48:55.536+0545] {processor.py:830} INFO - Processing file /home/snigdh/repos/bigData/spark_demo_env/lib/python3.12/site-packages/airflow/example_dags/plugins/listener_plugin.py for tasks to queue
[2026-07-18T21:48:55.538+0545] {logging_mixin.py:188} INFO - [2026-07-18T21:48:55.537+0545] {dagbag.py:545} INFO - Filling up the DagBag from /home/snigdh/repos/bigData/spark_demo_env/lib/python3.12/site-packages/airflow/example_dags/plugins/listener_plugin.py
[2026-07-18T21:48:55.541+0545] {processor.py:842} WARNING - No viable dags retrieved from /home/snigdh/repos/bigData/spark_demo_env/lib/python3.12/site-packages/airflow/example_dags/plugins/listener_plugin.py
[2026-07-18T21:48:55.557+0545] {processor.py:183} INFO - Processing /home/snigdh/repos/bigData/spark_demo_env/lib/python3.12/site-packages/airflow/example_dags/plugins/listener_plugin.py took 0.033 seconds
[2026-07-18T21:49:48.863+0545] {processor.py:161} INFO - Started process (PID=272361) to work on /home/snigdh/repos/bigData/spark_demo_env/lib/python3.12/site-packages/airflow/example_dags/plugins/listener_plugin.py
[2026-07-18T21:49:48.867+0545] {processor.py:830} INFO - Processing file /home/snigdh/repos/bigData/spark_demo_env/lib/python3.12/site-packages/airflow/example_dags/plugins/listener_plugin.py for tasks to queue
[2026-07-18T21:49:48.869+0545] {logging_mixin.py:188} INFO - [2026-07-18T21:49:48.868+0545] {dagbag.py:545} INFO - Filling up the DagBag from /home/snigdh/repos/bigData/spark_demo_env/lib/python3.12/site-packages/airflow/example_dags/plugins/listener_plugin.py
[2026-07-18T21:49:48.874+0545] {processor.py:842} WARNING - No viable dags retrieved from /home/snigdh/repos/bigData/spark_demo_env/lib/python3.12/site-packages/airflow/example_dags/plugins/listener_plugin.py
[2026-07-18T21:49:48.889+0545] {processor.py:183} INFO - Processing /home/snigdh/repos/bigData/spark_demo_env/lib/python3.12/site-packages/airflow/example_dags/plugins/listener_plugin.py took 0.036 seconds
[2026-07-18T21:50:36.875+0545] {processor.py:161} INFO - Started process (PID=272963) to work on /home/snigdh/repos/bigData/spark_demo_env/lib/python3.12/site-packages/airflow/example_dags/plugins/listener_plugin.py
[2026-07-18T21:50:36.877+0545] {processor.py:830} INFO - Processing file /home/snigdh/repos/bigData/spark_demo_env/lib/python3.12/site-packages/airflow/example_dags/plugins/listener_plugin.py for tasks to queue
[2026-07-18T21:50:36.878+0545] {logging_mixin.py:188} INFO - [2026-07-18T21:50:36.877+0545] {dagbag.py:545} INFO - Filling up the DagBag from /home/snigdh/repos/bigData/spark_demo_env/lib/python3.12/site-packages/airflow/example_dags/plugins/listener_plugin.py
[2026-07-18T21:50:36.881+0545] {processor.py:842} WARNING - No viable dags retrieved from /home/snigdh/repos/bigData/spark_demo_env/lib/python3.12/site-packages/airflow/example_dags/plugins/listener_plugin.py
[2026-07-18T21:50:36.896+0545] {processor.py:183} INFO - Processing /home/snigdh/repos/bigData/spark_demo_env/lib/python3.12/site-packages/airflow/example_dags/plugins/listener_plugin.py took 0.030 seconds
[2026-07-18T21:51:21.301+0545] {processor.py:161} INFO - Started process (PID=273563) to work on /home/snigdh/repos/bigData/spark_demo_env/lib/python3.12/site-packages/airflow/example_dags/plugins/listener_plugin.py
[2026-07-18T21:51:21.305+0545] {processor.py:830} INFO - Processing file /home/snigdh/repos/bigData/spark_demo_env/lib/python3.12/site-packages/airflow/example_dags/plugins/listener_plugin.py for tasks to queue
[2026-07-18T21:51:21.307+0545] {logging_mixin.py:188} INFO - [2026-07-18T21:51:21.306+0545] {dagbag.py:545} INFO - Filling up the DagBag from /home/snigdh/repos/bigData/spark_demo_env/lib/python3.12/site-packages/airflow/example_dags/plugins/listener_plugin.py
[2026-07-18T21:51:21.311+0545] {processor.py:842} WARNING - No viable dags retrieved from /home/snigdh/repos/bigData/spark_demo_env/lib/python3.12/site-packages/airflow/example_dags/plugins/listener_plugin.py
[2026-07-18T21:51:21.328+0545] {processor.py:183} INFO - Processing /home/snigdh/repos/bigData/spark_demo_env/lib/python3.12/site-packages/airflow/example_dags/plugins/listener_plugin.py took 0.035 seconds
[2026-07-18T21:52:08.622+0545] {processor.py:161} INFO - Started process (PID=274206) to work on /home/snigdh/repos/bigData/spark_demo_env/lib/python3.12/site-packages/airflow/example_dags/plugins/listener_plugin.py
[2026-07-18T21:52:08.626+0545] {processor.py:830} INFO - Processing file /home/snigdh/repos/bigData/spark_demo_env/lib/python3.12/site-packages/airflow/example_dags/plugins/listener_plugin.py for tasks to queue
[2026-07-18T21:52:08.628+0545] {logging_mixin.py:188} INFO - [2026-07-18T21:52:08.627+0545] {dagbag.py:545} INFO - Filling up the DagBag from /home/snigdh/repos/bigData/spark_demo_env/lib/python3.12/site-packages/airflow/example_dags/plugins/listener_plugin.py
[2026-07-18T21:52:08.631+0545] {processor.py:842} WARNING - No viable dags retrieved from /home/snigdh/repos/bigData/spark_demo_env/lib/python3.12/site-packages/airflow/example_dags/plugins/listener_plugin.py
[2026-07-18T21:52:08.648+0545] {processor.py:183} INFO - Processing /home/snigdh/repos/bigData/spark_demo_env/lib/python3.12/site-packages/airflow/example_dags/plugins/listener_plugin.py took 0.034 seconds
[2026-07-18T21:52:54.304+0545] {processor.py:161} INFO - Started process (PID=274750) to work on /home/snigdh/repos/bigData/spark_demo_env/lib/python3.12/site-packages/airflow/example_dags/plugins/listener_plugin.py
[2026-07-18T21:52:54.305+0545] {processor.py:830} INFO - Processing file /home/snigdh/repos/bigData/spark_demo_env/lib/python3.12/site-packages/airflow/example_dags/plugins/listener_plugin.py for tasks to queue
[2026-07-18T21:52:54.307+0545] {logging_mixin.py:188} INFO - [2026-07-18T21:52:54.306+0545] {dagbag.py:545} INFO - Filling up the DagBag from /home/snigdh/repos/bigData/spark_demo_env/lib/python3.12/site-packages/airflow/example_dags/plugins/listener_plugin.py
[2026-07-18T21:52:54.311+0545] {processor.py:842} WARNING - No viable dags retrieved from /home/snigdh/repos/bigData/spark_demo_env/lib/python3.12/site-packages/airflow/example_dags/plugins/listener_plugin.py
[2026-07-18T21:52:54.327+0545] {processor.py:183} INFO - Processing /home/snigdh/repos/bigData/spark_demo_env/lib/python3.12/site-packages/airflow/example_dags/plugins/listener_plugin.py took 0.031 seconds
[2026-07-18T21:53:40.959+0545] {processor.py:161} INFO - Started process (PID=275415) to work on /home/snigdh/repos/bigData/spark_demo_env/lib/python3.12/site-packages/airflow/example_dags/plugins/listener_plugin.py
[2026-07-18T21:53:40.961+0545] {processor.py:830} INFO - Processing file /home/snigdh/repos/bigData/spark_demo_env/lib/python3.12/site-packages/airflow/example_dags/plugins/listener_plugin.py for tasks to queue
[2026-07-18T21:53:40.962+0545] {logging_mixin.py:188} INFO - [2026-07-18T21:53:40.962+0545] {dagbag.py:545} INFO - Filling up the DagBag from /home/snigdh/repos/bigData/spark_demo_env/lib/python3.12/site-packages/airflow/example_dags/plugins/listener_plugin.py
[2026-07-18T21:53:40.966+0545] {processor.py:842} WARNING - No viable dags retrieved from /home/snigdh/repos/bigData/spark_demo_env/lib/python3.12/site-packages/airflow/example_dags/plugins/listener_plugin.py
[2026-07-18T21:53:40.980+0545] {processor.py:183} INFO - Processing /home/snigdh/repos/bigData/spark_demo_env/lib/python3.12/site-packages/airflow/example_dags/plugins/listener_plugin.py took 0.031 seconds
[2026-07-18T21:54:31.998+0545] {processor.py:161} INFO - Started process (PID=276308) to work on /home/snigdh/repos/bigData/spark_demo_env/lib/python3.12/site-packages/airflow/example_dags/plugins/listener_plugin.py
[2026-07-18T21:54:31.999+0545] {processor.py:830} INFO - Processing file /home/snigdh/repos/bigData/spark_demo_env/lib/python3.12/site-packages/airflow/example_dags/plugins/listener_plugin.py for tasks to queue
[2026-07-18T21:54:32.001+0545] {logging_mixin.py:188} INFO - [2026-07-18T21:54:32.000+0545] {dagbag.py:545} INFO - Filling up the DagBag from /home/snigdh/repos/bigData/spark_demo_env/lib/python3.12/site-packages/airflow/example_dags/plugins/listener_plugin.py
[2026-07-18T21:54:32.005+0545] {processor.py:842} WARNING - No viable dags retrieved from /home/snigdh/repos/bigData/spark_demo_env/lib/python3.12/site-packages/airflow/example_dags/plugins/listener_plugin.py
[2026-07-18T21:54:32.040+0545] {processor.py:183} INFO - Processing /home/snigdh/repos/bigData/spark_demo_env/lib/python3.12/site-packages/airflow/example_dags/plugins/listener_plugin.py took 0.049 seconds
[2026-07-18T21:55:16.465+0545] {processor.py:161} INFO - Started process (PID=276837) to work on /home/snigdh/repos/bigData/spark_demo_env/lib/python3.12/site-packages/airflow/example_dags/plugins/listener_plugin.py
[2026-07-18T21:55:16.469+0545] {processor.py:830} INFO - Processing file /home/snigdh/repos/bigData/spark_demo_env/lib/python3.12/site-packages/airflow/example_dags/plugins/listener_plugin.py for tasks to queue
[2026-07-18T21:55:16.470+0545] {logging_mixin.py:188} INFO - [2026-07-18T21:55:16.470+0545] {dagbag.py:545} INFO - Filling up the DagBag from /home/snigdh/repos/bigData/spark_demo_env/lib/python3.12/site-packages/airflow/example_dags/plugins/listener_plugin.py
[2026-07-18T21:55:16.474+0545] {processor.py:842} WARNING - No viable dags retrieved from /home/snigdh/repos/bigData/spark_demo_env/lib/python3.12/site-packages/airflow/example_dags/plugins/listener_plugin.py
[2026-07-18T21:55:16.489+0545] {processor.py:183} INFO - Processing /home/snigdh/repos/bigData/spark_demo_env/lib/python3.12/site-packages/airflow/example_dags/plugins/listener_plugin.py took 0.032 seconds
[2026-07-18T21:56:02.773+0545] {processor.py:161} INFO - Started process (PID=277306) to work on /home/snigdh/repos/bigData/spark_demo_env/lib/python3.12/site-packages/airflow/example_dags/plugins/listener_plugin.py
[2026-07-18T21:56:02.777+0545] {processor.py:830} INFO - Processing file /home/snigdh/repos/bigData/spark_demo_env/lib/python3.12/site-packages/airflow/example_dags/plugins/listener_plugin.py for tasks to queue
[2026-07-18T21:56:02.779+0545] {logging_mixin.py:188} INFO - [2026-07-18T21:56:02.778+0545] {dagbag.py:545} INFO - Filling up the DagBag from /home/snigdh/repos/bigData/spark_demo_env/lib/python3.12/site-packages/airflow/example_dags/plugins/listener_plugin.py
[2026-07-18T21:56:02.782+0545] {processor.py:842} WARNING - No viable dags retrieved from /home/snigdh/repos/bigData/spark_demo_env/lib/python3.12/site-packages/airflow/example_dags/plugins/listener_plugin.py
[2026-07-18T21:56:02.797+0545] {processor.py:183} INFO - Processing /home/snigdh/repos/bigData/spark_demo_env/lib/python3.12/site-packages/airflow/example_dags/plugins/listener_plugin.py took 0.031 seconds
[2026-07-18T21:56:45.011+0545] {processor.py:161} INFO - Started process (PID=277701) to work on /home/snigdh/repos/bigData/spark_demo_env/lib/python3.12/site-packages/airflow/example_dags/plugins/listener_plugin.py
[2026-07-18T21:56:45.013+0545] {processor.py:830} INFO - Processing file /home/snigdh/repos/bigData/spark_demo_env/lib/python3.12/site-packages/airflow/example_dags/plugins/listener_plugin.py for tasks to queue
[2026-07-18T21:56:45.014+0545] {logging_mixin.py:188} INFO - [2026-07-18T21:56:45.013+0545] {dagbag.py:545} INFO - Filling up the DagBag from /home/snigdh/repos/bigData/spark_demo_env/lib/python3.12/site-packages/airflow/example_dags/plugins/listener_plugin.py
[2026-07-18T21:56:45.018+0545] {processor.py:842} WARNING - No viable dags retrieved from /home/snigdh/repos/bigData/spark_demo_env/lib/python3.12/site-packages/airflow/example_dags/plugins/listener_plugin.py
[2026-07-18T21:56:45.034+0545] {processor.py:183} INFO - Processing /home/snigdh/repos/bigData/spark_demo_env/lib/python3.12/site-packages/airflow/example_dags/plugins/listener_plugin.py took 0.031 seconds
[2026-07-18T21:57:29.658+0545] {processor.py:161} INFO - Started process (PID=278110) to work on /home/snigdh/repos/bigData/spark_demo_env/lib/python3.12/site-packages/airflow/example_dags/plugins/listener_plugin.py
[2026-07-18T21:57:29.662+0545] {processor.py:830} INFO - Processing file /home/snigdh/repos/bigData/spark_demo_env/lib/python3.12/site-packages/airflow/example_dags/plugins/listener_plugin.py for tasks to queue
[2026-07-18T21:57:29.663+0545] {logging_mixin.py:188} INFO - [2026-07-18T21:57:29.662+0545] {dagbag.py:545} INFO - Filling up the DagBag from /home/snigdh/repos/bigData/spark_demo_env/lib/python3.12/site-packages/airflow/example_dags/plugins/listener_plugin.py
[2026-07-18T21:57:29.667+0545] {processor.py:842} WARNING - No viable dags retrieved from /home/snigdh/repos/bigData/spark_demo_env/lib/python3.12/site-packages/airflow/example_dags/plugins/listener_plugin.py
[2026-07-18T21:57:29.682+0545] {processor.py:183} INFO - Processing /home/snigdh/repos/bigData/spark_demo_env/lib/python3.12/site-packages/airflow/example_dags/plugins/listener_plugin.py took 0.032 seconds
[2026-07-18T21:58:16.147+0545] {processor.py:161} INFO - Started process (PID=278559) to work on /home/snigdh/repos/bigData/spark_demo_env/lib/python3.12/site-packages/airflow/example_dags/plugins/listener_plugin.py
[2026-07-18T21:58:16.152+0545] {processor.py:830} INFO - Processing file /home/snigdh/repos/bigData/spark_demo_env/lib/python3.12/site-packages/airflow/example_dags/plugins/listener_plugin.py for tasks to queue
[2026-07-18T21:58:16.153+0545] {logging_mixin.py:188} INFO - [2026-07-18T21:58:16.152+0545] {dagbag.py:545} INFO - Filling up the DagBag from /home/snigdh/repos/bigData/spark_demo_env/lib/python3.12/site-packages/airflow/example_dags/plugins/listener_plugin.py
[2026-07-18T21:58:16.157+0545] {processor.py:842} WARNING - No viable dags retrieved from /home/snigdh/repos/bigData/spark_demo_env/lib/python3.12/site-packages/airflow/example_dags/plugins/listener_plugin.py
[2026-07-18T21:58:16.174+0545] {processor.py:183} INFO - Processing /home/snigdh/repos/bigData/spark_demo_env/lib/python3.12/site-packages/airflow/example_dags/plugins/listener_plugin.py took 0.035 seconds
[2026-07-18T21:59:01.786+0545] {processor.py:161} INFO - Started process (PID=279023) to work on /home/snigdh/repos/bigData/spark_demo_env/lib/python3.12/site-packages/airflow/example_dags/plugins/listener_plugin.py
[2026-07-18T21:59:01.790+0545] {processor.py:830} INFO - Processing file /home/snigdh/repos/bigData/spark_demo_env/lib/python3.12/site-packages/airflow/example_dags/plugins/listener_plugin.py for tasks to queue
[2026-07-18T21:59:01.791+0545] {logging_mixin.py:188} INFO - [2026-07-18T21:59:01.791+0545] {dagbag.py:545} INFO - Filling up the DagBag from /home/snigdh/repos/bigData/spark_demo_env/lib/python3.12/site-packages/airflow/example_dags/plugins/listener_plugin.py
[2026-07-18T21:59:01.795+0545] {processor.py:842} WARNING - No viable dags retrieved from /home/snigdh/repos/bigData/spark_demo_env/lib/python3.12/site-packages/airflow/example_dags/plugins/listener_plugin.py
[2026-07-18T21:59:01.813+0545] {processor.py:183} INFO - Processing /home/snigdh/repos/bigData/spark_demo_env/lib/python3.12/site-packages/airflow/example_dags/plugins/listener_plugin.py took 0.037 seconds
[2026-07-18T21:59:48.320+0545] {processor.py:161} INFO - Started process (PID=279427) to work on /home/snigdh/repos/bigData/spark_demo_env/lib/python3.12/site-packages/airflow/example_dags/plugins/listener_plugin.py
[2026-07-18T21:59:48.322+0545] {processor.py:830} INFO - Processing file /home/snigdh/repos/bigData/spark_demo_env/lib/python3.12/site-packages/airflow/example_dags/plugins/listener_plugin.py for tasks to queue
[2026-07-18T21:59:48.323+0545] {logging_mixin.py:188} INFO - [2026-07-18T21:59:48.322+0545] {dagbag.py:545} INFO - Filling up the DagBag from /home/snigdh/repos/bigData/spark_demo_env/lib/python3.12/site-packages/airflow/example_dags/plugins/listener_plugin.py
[2026-07-18T21:59:48.327+0545] {processor.py:842} WARNING - No viable dags retrieved from /home/snigdh/repos/bigData/spark_demo_env/lib/python3.12/site-packages/airflow/example_dags/plugins/listener_plugin.py
[2026-07-18T21:59:48.345+0545] {processor.py:183} INFO - Processing /home/snigdh/repos/bigData/spark_demo_env/lib/python3.12/site-packages/airflow/example_dags/plugins/listener_plugin.py took 0.036 seconds
[2026-07-18T22:00:36.423+0545] {processor.py:161} INFO - Started process (PID=279894) to work on /home/snigdh/repos/bigData/spark_demo_env/lib/python3.12/site-packages/airflow/example_dags/plugins/listener_plugin.py
[2026-07-18T22:00:36.425+0545] {processor.py:830} INFO - Processing file /home/snigdh/repos/bigData/spark_demo_env/lib/python3.12/site-packages/airflow/example_dags/plugins/listener_plugin.py for tasks to queue
[2026-07-18T22:00:36.426+0545] {logging_mixin.py:188} INFO - [2026-07-18T22:00:36.426+0545] {dagbag.py:545} INFO - Filling up the DagBag from /home/snigdh/repos/bigData/spark_demo_env/lib/python3.12/site-packages/airflow/example_dags/plugins/listener_plugin.py
[2026-07-18T22:00:36.430+0545] {processor.py:842} WARNING - No viable dags retrieved from /home/snigdh/repos/bigData/spark_demo_env/lib/python3.12/site-packages/airflow/example_dags/plugins/listener_plugin.py
[2026-07-18T22:00:36.446+0545] {processor.py:183} INFO - Processing /home/snigdh/repos/bigData/spark_demo_env/lib/python3.12/site-packages/airflow/example_dags/plugins/listener_plugin.py took 0.031 seconds
[2026-07-18T22:01:21.893+0545] {processor.py:161} INFO - Started process (PID=280275) to work on /home/snigdh/repos/bigData/spark_demo_env/lib/python3.12/site-packages/airflow/example_dags/plugins/listener_plugin.py
[2026-07-18T22:01:21.897+0545] {processor.py:830} INFO - Processing file /home/snigdh/repos/bigData/spark_demo_env/lib/python3.12/site-packages/airflow/example_dags/plugins/listener_plugin.py for tasks to queue
[2026-07-18T22:01:21.898+0545] {logging_mixin.py:188} INFO - [2026-07-18T22:01:21.898+0545] {dagbag.py:545} INFO - Filling up the DagBag from /home/snigdh/repos/bigData/spark_demo_env/lib/python3.12/site-packages/airflow/example_dags/plugins/listener_plugin.py
[2026-07-18T22:01:21.902+0545] {processor.py:842} WARNING - No viable dags retrieved from /home/snigdh/repos/bigData/spark_demo_env/lib/python3.12/site-packages/airflow/example_dags/plugins/listener_plugin.py
[2026-07-18T22:01:21.916+0545] {processor.py:183} INFO - Processing /home/snigdh/repos/bigData/spark_demo_env/lib/python3.12/site-packages/airflow/example_dags/plugins/listener_plugin.py took 0.031 seconds
[2026-07-18T22:02:06.819+0545] {processor.py:161} INFO - Started process (PID=280726) to work on /home/snigdh/repos/bigData/spark_demo_env/lib/python3.12/site-packages/airflow/example_dags/plugins/listener_plugin.py
[2026-07-18T22:02:06.821+0545] {processor.py:830} INFO - Processing file /home/snigdh/repos/bigData/spark_demo_env/lib/python3.12/site-packages/airflow/example_dags/plugins/listener_plugin.py for tasks to queue
[2026-07-18T22:02:06.823+0545] {logging_mixin.py:188} INFO - [2026-07-18T22:02:06.822+0545] {dagbag.py:545} INFO - Filling up the DagBag from /home/snigdh/repos/bigData/spark_demo_env/lib/python3.12/site-packages/airflow/example_dags/plugins/listener_plugin.py
[2026-07-18T22:02:06.828+0545] {processor.py:842} WARNING - No viable dags retrieved from /home/snigdh/repos/bigData/spark_demo_env/lib/python3.12/site-packages/airflow/example_dags/plugins/listener_plugin.py
[2026-07-18T22:02:06.848+0545] {processor.py:183} INFO - Processing /home/snigdh/repos/bigData/spark_demo_env/lib/python3.12/site-packages/airflow/example_dags/plugins/listener_plugin.py took 0.038 seconds
[2026-07-18T22:02:49.636+0545] {processor.py:161} INFO - Started process (PID=281156) to work on /home/snigdh/repos/bigData/spark_demo_env/lib/python3.12/site-packages/airflow/example_dags/plugins/listener_plugin.py
[2026-07-18T22:02:49.639+0545] {processor.py:830} INFO - Processing file /home/snigdh/repos/bigData/spark_demo_env/lib/python3.12/site-packages/airflow/example_dags/plugins/listener_plugin.py for tasks to queue
[2026-07-18T22:02:49.640+0545] {logging_mixin.py:188} INFO - [2026-07-18T22:02:49.639+0545] {dagbag.py:545} INFO - Filling up the DagBag from /home/snigdh/repos/bigData/spark_demo_env/lib/python3.12/site-packages/airflow/example_dags/plugins/listener_plugin.py
[2026-07-18T22:02:49.643+0545] {processor.py:842} WARNING - No viable dags retrieved from /home/snigdh/repos/bigData/spark_demo_env/lib/python3.12/site-packages/airflow/example_dags/plugins/listener_plugin.py
[2026-07-18T22:02:49.660+0545] {processor.py:183} INFO - Processing /home/snigdh/repos/bigData/spark_demo_env/lib/python3.12/site-packages/airflow/example_dags/plugins/listener_plugin.py took 0.033 seconds
