[2026-07-18T21:38:00.382+0545] {processor.py:161} INFO - Started process (PID=262297) to work on /home/snigdh/repos/bigData/spark_demo_env/lib/python3.12/site-packages/airflow/example_dags/plugins/workday.py
[2026-07-18T21:38:00.383+0545] {processor.py:830} INFO - Processing file /home/snigdh/repos/bigData/spark_demo_env/lib/python3.12/site-packages/airflow/example_dags/plugins/workday.py for tasks to queue
[2026-07-18T21:38:00.384+0545] {logging_mixin.py:188} INFO - [2026-07-18T21:38:00.384+0545] {dagbag.py:545} INFO - Filling up the DagBag from /home/snigdh/repos/bigData/spark_demo_env/lib/python3.12/site-packages/airflow/example_dags/plugins/workday.py
[2026-07-18T21:38:00.753+0545] {processor.py:842} WARNING - No viable dags retrieved from /home/snigdh/repos/bigData/spark_demo_env/lib/python3.12/site-packages/airflow/example_dags/plugins/workday.py
[2026-07-18T21:38:00.765+0545] {processor.py:183} INFO - Processing /home/snigdh/repos/bigData/spark_demo_env/lib/python3.12/site-packages/airflow/example_dags/plugins/workday.py took 0.388 seconds
[2026-07-18T21:39:03.501+0545] {processor.py:161} INFO - Started process (PID=262633) to work on /home/snigdh/repos/bigData/spark_demo_env/lib/python3.12/site-packages/airflow/example_dags/plugins/workday.py
[2026-07-18T21:39:03.505+0545] {processor.py:830} INFO - Processing file /home/snigdh/repos/bigData/spark_demo_env/lib/python3.12/site-packages/airflow/example_dags/plugins/workday.py for tasks to queue
[2026-07-18T21:39:03.507+0545] {logging_mixin.py:188} INFO - [2026-07-18T21:39:03.507+0545] {dagbag.py:545} INFO - Filling up the DagBag from /home/snigdh/repos/bigData/spark_demo_env/lib/python3.12/site-packages/airflow/example_dags/plugins/workday.py
[2026-07-18T21:39:03.986+0545] {processor.py:842} WARNING - No viable dags retrieved from /home/snigdh/repos/bigData/spark_demo_env/lib/python3.12/site-packages/airflow/example_dags/plugins/workday.py
[2026-07-18T21:39:03.994+0545] {processor.py:183} INFO - Processing /home/snigdh/repos/bigData/spark_demo_env/lib/python3.12/site-packages/airflow/example_dags/plugins/workday.py took 0.501 seconds
[2026-07-18T21:39:59.306+0545] {processor.py:161} INFO - Started process (PID=262928) to work on /home/snigdh/repos/bigData/spark_demo_env/lib/python3.12/site-packages/airflow/example_dags/plugins/workday.py
[2026-07-18T21:39:59.310+0545] {processor.py:830} INFO - Processing file /home/snigdh/repos/bigData/spark_demo_env/lib/python3.12/site-packages/airflow/example_dags/plugins/workday.py for tasks to queue
[2026-07-18T21:39:59.313+0545] {logging_mixin.py:188} INFO - [2026-07-18T21:39:59.312+0545] {dagbag.py:545} INFO - Filling up the DagBag from /home/snigdh/repos/bigData/spark_demo_env/lib/python3.12/site-packages/airflow/example_dags/plugins/workday.py
[2026-07-18T21:39:59.821+0545] {processor.py:842} WARNING - No viable dags retrieved from /home/snigdh/repos/bigData/spark_demo_env/lib/python3.12/site-packages/airflow/example_dags/plugins/workday.py
[2026-07-18T21:39:59.829+0545] {processor.py:183} INFO - Processing /home/snigdh/repos/bigData/spark_demo_env/lib/python3.12/site-packages/airflow/example_dags/plugins/workday.py took 0.532 seconds
[2026-07-18T21:46:16.690+0545] {processor.py:161} INFO - Started process (PID=269629) to work on /home/snigdh/repos/bigData/spark_demo_env/lib/python3.12/site-packages/airflow/example_dags/plugins/workday.py
[2026-07-18T21:46:16.694+0545] {processor.py:830} INFO - Processing file /home/snigdh/repos/bigData/spark_demo_env/lib/python3.12/site-packages/airflow/example_dags/plugins/workday.py for tasks to queue
[2026-07-18T21:46:16.695+0545] {logging_mixin.py:188} INFO - [2026-07-18T21:46:16.695+0545] {dagbag.py:545} INFO - Filling up the DagBag from /home/snigdh/repos/bigData/spark_demo_env/lib/python3.12/site-packages/airflow/example_dags/plugins/workday.py
[2026-07-18T21:46:17.227+0545] {processor.py:842} WARNING - No viable dags retrieved from /home/snigdh/repos/bigData/spark_demo_env/lib/python3.12/site-packages/airflow/example_dags/plugins/workday.py
[2026-07-18T21:46:17.234+0545] {processor.py:183} INFO - Processing /home/snigdh/repos/bigData/spark_demo_env/lib/python3.12/site-packages/airflow/example_dags/plugins/workday.py took 0.550 seconds
[2026-07-18T21:47:18.747+0545] {processor.py:161} INFO - Started process (PID=270257) to work on /home/snigdh/repos/bigData/spark_demo_env/lib/python3.12/site-packages/airflow/example_dags/plugins/workday.py
[2026-07-18T21:47:18.751+0545] {processor.py:830} INFO - Processing file /home/snigdh/repos/bigData/spark_demo_env/lib/python3.12/site-packages/airflow/example_dags/plugins/workday.py for tasks to queue
[2026-07-18T21:47:18.752+0545] {logging_mixin.py:188} INFO - [2026-07-18T21:47:18.752+0545] {dagbag.py:545} INFO - Filling up the DagBag from /home/snigdh/repos/bigData/spark_demo_env/lib/python3.12/site-packages/airflow/example_dags/plugins/workday.py
[2026-07-18T21:47:19.267+0545] {processor.py:842} WARNING - No viable dags retrieved from /home/snigdh/repos/bigData/spark_demo_env/lib/python3.12/site-packages/airflow/example_dags/plugins/workday.py
[2026-07-18T21:47:19.274+0545] {processor.py:183} INFO - Processing /home/snigdh/repos/bigData/spark_demo_env/lib/python3.12/site-packages/airflow/example_dags/plugins/workday.py took 0.536 seconds
[2026-07-18T21:48:12.219+0545] {processor.py:161} INFO - Started process (PID=270919) to work on /home/snigdh/repos/bigData/spark_demo_env/lib/python3.12/site-packages/airflow/example_dags/plugins/workday.py
[2026-07-18T21:48:12.222+0545] {processor.py:830} INFO - Processing file /home/snigdh/repos/bigData/spark_demo_env/lib/python3.12/site-packages/airflow/example_dags/plugins/workday.py for tasks to queue
[2026-07-18T21:48:12.224+0545] {logging_mixin.py:188} INFO - [2026-07-18T21:48:12.223+0545] {dagbag.py:545} INFO - Filling up the DagBag from /home/snigdh/repos/bigData/spark_demo_env/lib/python3.12/site-packages/airflow/example_dags/plugins/workday.py
[2026-07-18T21:48:12.724+0545] {processor.py:842} WARNING - No viable dags retrieved from /home/snigdh/repos/bigData/spark_demo_env/lib/python3.12/site-packages/airflow/example_dags/plugins/workday.py
[2026-07-18T21:48:12.733+0545] {processor.py:183} INFO - Processing /home/snigdh/repos/bigData/spark_demo_env/lib/python3.12/site-packages/airflow/example_dags/plugins/workday.py took 0.522 seconds
[2026-07-18T21:48:52.723+0545] {processor.py:161} INFO - Started process (PID=271717) to work on /home/snigdh/repos/bigData/spark_demo_env/lib/python3.12/site-packages/airflow/example_dags/plugins/workday.py
[2026-07-18T21:48:52.727+0545] {processor.py:830} INFO - Processing file /home/snigdh/repos/bigData/spark_demo_env/lib/python3.12/site-packages/airflow/example_dags/plugins/workday.py for tasks to queue
[2026-07-18T21:48:52.728+0545] {logging_mixin.py:188} INFO - [2026-07-18T21:48:52.727+0545] {dagbag.py:545} INFO - Filling up the DagBag from /home/snigdh/repos/bigData/spark_demo_env/lib/python3.12/site-packages/airflow/example_dags/plugins/workday.py
[2026-07-18T21:48:53.227+0545] {processor.py:842} WARNING - No viable dags retrieved from /home/snigdh/repos/bigData/spark_demo_env/lib/python3.12/site-packages/airflow/example_dags/plugins/workday.py
[2026-07-18T21:48:53.234+0545] {processor.py:183} INFO - Processing /home/snigdh/repos/bigData/spark_demo_env/lib/python3.12/site-packages/airflow/example_dags/plugins/workday.py took 0.520 seconds
[2026-07-18T21:49:47.727+0545] {processor.py:161} INFO - Started process (PID=272344) to work on /home/snigdh/repos/bigData/spark_demo_env/lib/python3.12/site-packages/airflow/example_dags/plugins/workday.py
[2026-07-18T21:49:47.731+0545] {processor.py:830} INFO - Processing file /home/snigdh/repos/bigData/spark_demo_env/lib/python3.12/site-packages/airflow/example_dags/plugins/workday.py for tasks to queue
[2026-07-18T21:49:47.733+0545] {logging_mixin.py:188} INFO - [2026-07-18T21:49:47.732+0545] {dagbag.py:545} INFO - Filling up the DagBag from /home/snigdh/repos/bigData/spark_demo_env/lib/python3.12/site-packages/airflow/example_dags/plugins/workday.py
[2026-07-18T21:49:48.138+0545] {processor.py:842} WARNING - No viable dags retrieved from /home/snigdh/repos/bigData/spark_demo_env/lib/python3.12/site-packages/airflow/example_dags/plugins/workday.py
[2026-07-18T21:49:48.151+0545] {processor.py:183} INFO - Processing /home/snigdh/repos/bigData/spark_demo_env/lib/python3.12/site-packages/airflow/example_dags/plugins/workday.py took 0.434 seconds
[2026-07-18T21:50:34.852+0545] {processor.py:161} INFO - Started process (PID=272944) to work on /home/snigdh/repos/bigData/spark_demo_env/lib/python3.12/site-packages/airflow/example_dags/plugins/workday.py
[2026-07-18T21:50:34.856+0545] {processor.py:830} INFO - Processing file /home/snigdh/repos/bigData/spark_demo_env/lib/python3.12/site-packages/airflow/example_dags/plugins/workday.py for tasks to queue
[2026-07-18T21:50:34.858+0545] {logging_mixin.py:188} INFO - [2026-07-18T21:50:34.857+0545] {dagbag.py:545} INFO - Filling up the DagBag from /home/snigdh/repos/bigData/spark_demo_env/lib/python3.12/site-packages/airflow/example_dags/plugins/workday.py
[2026-07-18T21:50:35.260+0545] {processor.py:842} WARNING - No viable dags retrieved from /home/snigdh/repos/bigData/spark_demo_env/lib/python3.12/site-packages/airflow/example_dags/plugins/workday.py
[2026-07-18T21:50:35.270+0545] {processor.py:183} INFO - Processing /home/snigdh/repos/bigData/spark_demo_env/lib/python3.12/site-packages/airflow/example_dags/plugins/workday.py took 0.427 seconds
[2026-07-18T21:51:19.016+0545] {processor.py:161} INFO - Started process (PID=273533) to work on /home/snigdh/repos/bigData/spark_demo_env/lib/python3.12/site-packages/airflow/example_dags/plugins/workday.py
[2026-07-18T21:51:19.020+0545] {processor.py:830} INFO - Processing file /home/snigdh/repos/bigData/spark_demo_env/lib/python3.12/site-packages/airflow/example_dags/plugins/workday.py for tasks to queue
[2026-07-18T21:51:19.021+0545] {logging_mixin.py:188} INFO - [2026-07-18T21:51:19.020+0545] {dagbag.py:545} INFO - Filling up the DagBag from /home/snigdh/repos/bigData/spark_demo_env/lib/python3.12/site-packages/airflow/example_dags/plugins/workday.py
[2026-07-18T21:51:19.444+0545] {processor.py:842} WARNING - No viable dags retrieved from /home/snigdh/repos/bigData/spark_demo_env/lib/python3.12/site-packages/airflow/example_dags/plugins/workday.py
[2026-07-18T21:51:19.456+0545] {processor.py:183} INFO - Processing /home/snigdh/repos/bigData/spark_demo_env/lib/python3.12/site-packages/airflow/example_dags/plugins/workday.py took 0.449 seconds
[2026-07-18T21:52:06.143+0545] {processor.py:161} INFO - Started process (PID=274178) to work on /home/snigdh/repos/bigData/spark_demo_env/lib/python3.12/site-packages/airflow/example_dags/plugins/workday.py
[2026-07-18T21:52:06.147+0545] {processor.py:830} INFO - Processing file /home/snigdh/repos/bigData/spark_demo_env/lib/python3.12/site-packages/airflow/example_dags/plugins/workday.py for tasks to queue
[2026-07-18T21:52:06.148+0545] {logging_mixin.py:188} INFO - [2026-07-18T21:52:06.148+0545] {dagbag.py:545} INFO - Filling up the DagBag from /home/snigdh/repos/bigData/spark_demo_env/lib/python3.12/site-packages/airflow/example_dags/plugins/workday.py
[2026-07-18T21:52:06.516+0545] {processor.py:842} WARNING - No viable dags retrieved from /home/snigdh/repos/bigData/spark_demo_env/lib/python3.12/site-packages/airflow/example_dags/plugins/workday.py
[2026-07-18T21:52:06.526+0545] {processor.py:183} INFO - Processing /home/snigdh/repos/bigData/spark_demo_env/lib/python3.12/site-packages/airflow/example_dags/plugins/workday.py took 0.391 seconds
[2026-07-18T21:52:51.690+0545] {processor.py:161} INFO - Started process (PID=274720) to work on /home/snigdh/repos/bigData/spark_demo_env/lib/python3.12/site-packages/airflow/example_dags/plugins/workday.py
[2026-07-18T21:52:51.694+0545] {processor.py:830} INFO - Processing file /home/snigdh/repos/bigData/spark_demo_env/lib/python3.12/site-packages/airflow/example_dags/plugins/workday.py for tasks to queue
[2026-07-18T21:52:51.695+0545] {logging_mixin.py:188} INFO - [2026-07-18T21:52:51.694+0545] {dagbag.py:545} INFO - Filling up the DagBag from /home/snigdh/repos/bigData/spark_demo_env/lib/python3.12/site-packages/airflow/example_dags/plugins/workday.py
[2026-07-18T21:52:52.067+0545] {processor.py:842} WARNING - No viable dags retrieved from /home/snigdh/repos/bigData/spark_demo_env/lib/python3.12/site-packages/airflow/example_dags/plugins/workday.py
[2026-07-18T21:52:52.077+0545] {processor.py:183} INFO - Processing /home/snigdh/repos/bigData/spark_demo_env/lib/python3.12/site-packages/airflow/example_dags/plugins/workday.py took 0.395 seconds
[2026-07-18T21:53:38.243+0545] {processor.py:161} INFO - Started process (PID=275383) to work on /home/snigdh/repos/bigData/spark_demo_env/lib/python3.12/site-packages/airflow/example_dags/plugins/workday.py
[2026-07-18T21:53:38.247+0545] {processor.py:830} INFO - Processing file /home/snigdh/repos/bigData/spark_demo_env/lib/python3.12/site-packages/airflow/example_dags/plugins/workday.py for tasks to queue
[2026-07-18T21:53:38.248+0545] {logging_mixin.py:188} INFO - [2026-07-18T21:53:38.247+0545] {dagbag.py:545} INFO - Filling up the DagBag from /home/snigdh/repos/bigData/spark_demo_env/lib/python3.12/site-packages/airflow/example_dags/plugins/workday.py
[2026-07-18T21:53:38.680+0545] {processor.py:842} WARNING - No viable dags retrieved from /home/snigdh/repos/bigData/spark_demo_env/lib/python3.12/site-packages/airflow/example_dags/plugins/workday.py
[2026-07-18T21:53:38.693+0545] {processor.py:183} INFO - Processing /home/snigdh/repos/bigData/spark_demo_env/lib/python3.12/site-packages/airflow/example_dags/plugins/workday.py took 0.459 seconds
[2026-07-18T21:54:29.181+0545] {processor.py:161} INFO - Started process (PID=276236) to work on /home/snigdh/repos/bigData/spark_demo_env/lib/python3.12/site-packages/airflow/example_dags/plugins/workday.py
[2026-07-18T21:54:29.265+0545] {processor.py:830} INFO - Processing file /home/snigdh/repos/bigData/spark_demo_env/lib/python3.12/site-packages/airflow/example_dags/plugins/workday.py for tasks to queue
[2026-07-18T21:54:29.266+0545] {logging_mixin.py:188} INFO - [2026-07-18T21:54:29.265+0545] {dagbag.py:545} INFO - Filling up the DagBag from /home/snigdh/repos/bigData/spark_demo_env/lib/python3.12/site-packages/airflow/example_dags/plugins/workday.py
[2026-07-18T21:54:29.676+0545] {processor.py:842} WARNING - No viable dags retrieved from /home/snigdh/repos/bigData/spark_demo_env/lib/python3.12/site-packages/airflow/example_dags/plugins/workday.py
[2026-07-18T21:54:29.686+0545] {processor.py:183} INFO - Processing /home/snigdh/repos/bigData/spark_demo_env/lib/python3.12/site-packages/airflow/example_dags/plugins/workday.py took 0.511 seconds
[2026-07-18T21:55:14.248+0545] {processor.py:161} INFO - Started process (PID=276810) to work on /home/snigdh/repos/bigData/spark_demo_env/lib/python3.12/site-packages/airflow/example_dags/plugins/workday.py
[2026-07-18T21:55:14.250+0545] {processor.py:830} INFO - Processing file /home/snigdh/repos/bigData/spark_demo_env/lib/python3.12/site-packages/airflow/example_dags/plugins/workday.py for tasks to queue
[2026-07-18T21:55:14.251+0545] {logging_mixin.py:188} INFO - [2026-07-18T21:55:14.250+0545] {dagbag.py:545} INFO - Filling up the DagBag from /home/snigdh/repos/bigData/spark_demo_env/lib/python3.12/site-packages/airflow/example_dags/plugins/workday.py
[2026-07-18T21:55:14.862+0545] {processor.py:842} WARNING - No viable dags retrieved from /home/snigdh/repos/bigData/spark_demo_env/lib/python3.12/site-packages/airflow/example_dags/plugins/workday.py
[2026-07-18T21:55:14.877+0545] {processor.py:183} INFO - Processing /home/snigdh/repos/bigData/spark_demo_env/lib/python3.12/site-packages/airflow/example_dags/plugins/workday.py took 0.638 seconds
[2026-07-18T21:56:00.180+0545] {processor.py:161} INFO - Started process (PID=277255) to work on /home/snigdh/repos/bigData/spark_demo_env/lib/python3.12/site-packages/airflow/example_dags/plugins/workday.py
[2026-07-18T21:56:00.184+0545] {processor.py:830} INFO - Processing file /home/snigdh/repos/bigData/spark_demo_env/lib/python3.12/site-packages/airflow/example_dags/plugins/workday.py for tasks to queue
[2026-07-18T21:56:00.186+0545] {logging_mixin.py:188} INFO - [2026-07-18T21:56:00.185+0545] {dagbag.py:545} INFO - Filling up the DagBag from /home/snigdh/repos/bigData/spark_demo_env/lib/python3.12/site-packages/airflow/example_dags/plugins/workday.py
[2026-07-18T21:56:00.520+0545] {processor.py:842} WARNING - No viable dags retrieved from /home/snigdh/repos/bigData/spark_demo_env/lib/python3.12/site-packages/airflow/example_dags/plugins/workday.py
[2026-07-18T21:56:00.531+0545] {processor.py:183} INFO - Processing /home/snigdh/repos/bigData/spark_demo_env/lib/python3.12/site-packages/airflow/example_dags/plugins/workday.py took 0.359 seconds
[2026-07-18T21:56:43.305+0545] {processor.py:161} INFO - Started process (PID=277671) to work on /home/snigdh/repos/bigData/spark_demo_env/lib/python3.12/site-packages/airflow/example_dags/plugins/workday.py
[2026-07-18T21:56:43.307+0545] {processor.py:830} INFO - Processing file /home/snigdh/repos/bigData/spark_demo_env/lib/python3.12/site-packages/airflow/example_dags/plugins/workday.py for tasks to queue
[2026-07-18T21:56:43.308+0545] {logging_mixin.py:188} INFO - [2026-07-18T21:56:43.307+0545] {dagbag.py:545} INFO - Filling up the DagBag from /home/snigdh/repos/bigData/spark_demo_env/lib/python3.12/site-packages/airflow/example_dags/plugins/workday.py
[2026-07-18T21:56:43.619+0545] {processor.py:842} WARNING - No viable dags retrieved from /home/snigdh/repos/bigData/spark_demo_env/lib/python3.12/site-packages/airflow/example_dags/plugins/workday.py
[2026-07-18T21:56:43.630+0545] {processor.py:183} INFO - Processing /home/snigdh/repos/bigData/spark_demo_env/lib/python3.12/site-packages/airflow/example_dags/plugins/workday.py took 0.333 seconds
[2026-07-18T21:57:26.943+0545] {processor.py:161} INFO - Started process (PID=278066) to work on /home/snigdh/repos/bigData/spark_demo_env/lib/python3.12/site-packages/airflow/example_dags/plugins/workday.py
[2026-07-18T21:57:26.947+0545] {processor.py:830} INFO - Processing file /home/snigdh/repos/bigData/spark_demo_env/lib/python3.12/site-packages/airflow/example_dags/plugins/workday.py for tasks to queue
[2026-07-18T21:57:26.948+0545] {logging_mixin.py:188} INFO - [2026-07-18T21:57:26.948+0545] {dagbag.py:545} INFO - Filling up the DagBag from /home/snigdh/repos/bigData/spark_demo_env/lib/python3.12/site-packages/airflow/example_dags/plugins/workday.py
[2026-07-18T21:57:27.327+0545] {processor.py:842} WARNING - No viable dags retrieved from /home/snigdh/repos/bigData/spark_demo_env/lib/python3.12/site-packages/airflow/example_dags/plugins/workday.py
[2026-07-18T21:57:27.339+0545] {processor.py:183} INFO - Processing /home/snigdh/repos/bigData/spark_demo_env/lib/python3.12/site-packages/airflow/example_dags/plugins/workday.py took 0.408 seconds
[2026-07-18T21:58:13.476+0545] {processor.py:161} INFO - Started process (PID=278533) to work on /home/snigdh/repos/bigData/spark_demo_env/lib/python3.12/site-packages/airflow/example_dags/plugins/workday.py
[2026-07-18T21:58:13.481+0545] {processor.py:830} INFO - Processing file /home/snigdh/repos/bigData/spark_demo_env/lib/python3.12/site-packages/airflow/example_dags/plugins/workday.py for tasks to queue
[2026-07-18T21:58:13.483+0545] {logging_mixin.py:188} INFO - [2026-07-18T21:58:13.482+0545] {dagbag.py:545} INFO - Filling up the DagBag from /home/snigdh/repos/bigData/spark_demo_env/lib/python3.12/site-packages/airflow/example_dags/plugins/workday.py
[2026-07-18T21:58:13.873+0545] {processor.py:842} WARNING - No viable dags retrieved from /home/snigdh/repos/bigData/spark_demo_env/lib/python3.12/site-packages/airflow/example_dags/plugins/workday.py
[2026-07-18T21:58:13.883+0545] {processor.py:183} INFO - Processing /home/snigdh/repos/bigData/spark_demo_env/lib/python3.12/site-packages/airflow/example_dags/plugins/workday.py took 0.415 seconds
[2026-07-18T21:58:59.056+0545] {processor.py:161} INFO - Started process (PID=278934) to work on /home/snigdh/repos/bigData/spark_demo_env/lib/python3.12/site-packages/airflow/example_dags/plugins/workday.py
[2026-07-18T21:58:59.060+0545] {processor.py:830} INFO - Processing file /home/snigdh/repos/bigData/spark_demo_env/lib/python3.12/site-packages/airflow/example_dags/plugins/workday.py for tasks to queue
[2026-07-18T21:58:59.061+0545] {logging_mixin.py:188} INFO - [2026-07-18T21:58:59.060+0545] {dagbag.py:545} INFO - Filling up the DagBag from /home/snigdh/repos/bigData/spark_demo_env/lib/python3.12/site-packages/airflow/example_dags/plugins/workday.py
[2026-07-18T21:58:59.466+0545] {processor.py:842} WARNING - No viable dags retrieved from /home/snigdh/repos/bigData/spark_demo_env/lib/python3.12/site-packages/airflow/example_dags/plugins/workday.py
[2026-07-18T21:58:59.478+0545] {processor.py:183} INFO - Processing /home/snigdh/repos/bigData/spark_demo_env/lib/python3.12/site-packages/airflow/example_dags/plugins/workday.py took 0.432 seconds
[2026-07-18T21:59:45.583+0545] {processor.py:161} INFO - Started process (PID=279398) to work on /home/snigdh/repos/bigData/spark_demo_env/lib/python3.12/site-packages/airflow/example_dags/plugins/workday.py
[2026-07-18T21:59:45.588+0545] {processor.py:830} INFO - Processing file /home/snigdh/repos/bigData/spark_demo_env/lib/python3.12/site-packages/airflow/example_dags/plugins/workday.py for tasks to queue
[2026-07-18T21:59:45.590+0545] {logging_mixin.py:188} INFO - [2026-07-18T21:59:45.589+0545] {dagbag.py:545} INFO - Filling up the DagBag from /home/snigdh/repos/bigData/spark_demo_env/lib/python3.12/site-packages/airflow/example_dags/plugins/workday.py
[2026-07-18T21:59:46.013+0545] {processor.py:842} WARNING - No viable dags retrieved from /home/snigdh/repos/bigData/spark_demo_env/lib/python3.12/site-packages/airflow/example_dags/plugins/workday.py
[2026-07-18T21:59:46.025+0545] {processor.py:183} INFO - Processing /home/snigdh/repos/bigData/spark_demo_env/lib/python3.12/site-packages/airflow/example_dags/plugins/workday.py took 0.450 seconds
[2026-07-18T22:00:33.706+0545] {processor.py:161} INFO - Started process (PID=279856) to work on /home/snigdh/repos/bigData/spark_demo_env/lib/python3.12/site-packages/airflow/example_dags/plugins/workday.py
[2026-07-18T22:00:33.710+0545] {processor.py:830} INFO - Processing file /home/snigdh/repos/bigData/spark_demo_env/lib/python3.12/site-packages/airflow/example_dags/plugins/workday.py for tasks to queue
[2026-07-18T22:00:33.712+0545] {logging_mixin.py:188} INFO - [2026-07-18T22:00:33.711+0545] {dagbag.py:545} INFO - Filling up the DagBag from /home/snigdh/repos/bigData/spark_demo_env/lib/python3.12/site-packages/airflow/example_dags/plugins/workday.py
[2026-07-18T22:00:34.097+0545] {processor.py:842} WARNING - No viable dags retrieved from /home/snigdh/repos/bigData/spark_demo_env/lib/python3.12/site-packages/airflow/example_dags/plugins/workday.py
[2026-07-18T22:00:34.108+0545] {processor.py:183} INFO - Processing /home/snigdh/repos/bigData/spark_demo_env/lib/python3.12/site-packages/airflow/example_dags/plugins/workday.py took 0.411 seconds
[2026-07-18T22:01:19.188+0545] {processor.py:161} INFO - Started process (PID=280245) to work on /home/snigdh/repos/bigData/spark_demo_env/lib/python3.12/site-packages/airflow/example_dags/plugins/workday.py
[2026-07-18T22:01:19.193+0545] {processor.py:830} INFO - Processing file /home/snigdh/repos/bigData/spark_demo_env/lib/python3.12/site-packages/airflow/example_dags/plugins/workday.py for tasks to queue
[2026-07-18T22:01:19.194+0545] {logging_mixin.py:188} INFO - [2026-07-18T22:01:19.194+0545] {dagbag.py:545} INFO - Filling up the DagBag from /home/snigdh/repos/bigData/spark_demo_env/lib/python3.12/site-packages/airflow/example_dags/plugins/workday.py
[2026-07-18T22:01:19.582+0545] {processor.py:842} WARNING - No viable dags retrieved from /home/snigdh/repos/bigData/spark_demo_env/lib/python3.12/site-packages/airflow/example_dags/plugins/workday.py
[2026-07-18T22:01:19.593+0545] {processor.py:183} INFO - Processing /home/snigdh/repos/bigData/spark_demo_env/lib/python3.12/site-packages/airflow/example_dags/plugins/workday.py took 0.416 seconds
[2026-07-18T22:02:04.228+0545] {processor.py:161} INFO - Started process (PID=280699) to work on /home/snigdh/repos/bigData/spark_demo_env/lib/python3.12/site-packages/airflow/example_dags/plugins/workday.py
[2026-07-18T22:02:04.230+0545] {processor.py:830} INFO - Processing file /home/snigdh/repos/bigData/spark_demo_env/lib/python3.12/site-packages/airflow/example_dags/plugins/workday.py for tasks to queue
[2026-07-18T22:02:04.231+0545] {logging_mixin.py:188} INFO - [2026-07-18T22:02:04.230+0545] {dagbag.py:545} INFO - Filling up the DagBag from /home/snigdh/repos/bigData/spark_demo_env/lib/python3.12/site-packages/airflow/example_dags/plugins/workday.py
[2026-07-18T22:02:04.583+0545] {processor.py:842} WARNING - No viable dags retrieved from /home/snigdh/repos/bigData/spark_demo_env/lib/python3.12/site-packages/airflow/example_dags/plugins/workday.py
[2026-07-18T22:02:04.594+0545] {processor.py:183} INFO - Processing /home/snigdh/repos/bigData/spark_demo_env/lib/python3.12/site-packages/airflow/example_dags/plugins/workday.py took 0.375 seconds
[2026-07-18T22:02:47.342+0545] {processor.py:161} INFO - Started process (PID=281128) to work on /home/snigdh/repos/bigData/spark_demo_env/lib/python3.12/site-packages/airflow/example_dags/plugins/workday.py
[2026-07-18T22:02:47.344+0545] {processor.py:830} INFO - Processing file /home/snigdh/repos/bigData/spark_demo_env/lib/python3.12/site-packages/airflow/example_dags/plugins/workday.py for tasks to queue
[2026-07-18T22:02:47.345+0545] {logging_mixin.py:188} INFO - [2026-07-18T22:02:47.344+0545] {dagbag.py:545} INFO - Filling up the DagBag from /home/snigdh/repos/bigData/spark_demo_env/lib/python3.12/site-packages/airflow/example_dags/plugins/workday.py
[2026-07-18T22:02:47.680+0545] {processor.py:842} WARNING - No viable dags retrieved from /home/snigdh/repos/bigData/spark_demo_env/lib/python3.12/site-packages/airflow/example_dags/plugins/workday.py
[2026-07-18T22:02:47.694+0545] {processor.py:183} INFO - Processing /home/snigdh/repos/bigData/spark_demo_env/lib/python3.12/site-packages/airflow/example_dags/plugins/workday.py took 0.361 seconds
