[2026-07-20T08:41:52.834+0545] {local_task_job_runner.py:120} INFO - ::group::Pre task execution logs
[2026-07-20T08:41:52.850+0545] {taskinstance.py:2076} INFO - Dependencies all met for dep_context=non-requeueable deps ti=<TaskInstance: network_traffic_pipeline.partition_local_models.isolation_forest manual__2026-07-20T02:23:05.960611+00:00 [queued]>
[2026-07-20T08:41:52.856+0545] {taskinstance.py:2076} INFO - Dependencies all met for dep_context=requeueable deps ti=<TaskInstance: network_traffic_pipeline.partition_local_models.isolation_forest manual__2026-07-20T02:23:05.960611+00:00 [queued]>
[2026-07-20T08:41:52.856+0545] {taskinstance.py:2306} INFO - Starting attempt 1 of 2
[2026-07-20T08:41:52.868+0545] {taskinstance.py:2330} INFO - Executing <Task(BashOperator): partition_local_models.isolation_forest> on 2026-07-20 02:23:05.960611+00:00
[2026-07-20T08:41:52.872+0545] {standard_task_runner.py:64} INFO - Started process 55100 to run task
[2026-07-20T08:41:52.875+0545] {standard_task_runner.py:90} INFO - Running: ['airflow', 'tasks', 'run', 'network_traffic_pipeline', 'partition_local_models.isolation_forest', 'manual__2026-07-20T02:23:05.960611+00:00', '--job-id', '74', '--raw', '--subdir', 'DAGS_FOLDER/network_traffic_pipeline_dag.py', '--cfg-path', '/tmp/tmpzjl0vv5j']
[2026-07-20T08:41:52.877+0545] {standard_task_runner.py:91} INFO - Job 74: Subtask partition_local_models.isolation_forest
[2026-07-20T08:41:52.912+0545] {task_command.py:426} INFO - Running <TaskInstance: network_traffic_pipeline.partition_local_models.isolation_forest manual__2026-07-20T02:23:05.960611+00:00 [running]> on host snigdh-IdeaPad-Slim-3-15IAH8
[2026-07-20T08:41:52.975+0545] {taskinstance.py:2648} INFO - Exporting env vars: AIRFLOW_CTX_DAG_OWNER='you' AIRFLOW_CTX_DAG_ID='network_traffic_pipeline' AIRFLOW_CTX_TASK_ID='partition_local_models.isolation_forest' AIRFLOW_CTX_EXECUTION_DATE='2026-07-20T02:23:05.960611+00:00' AIRFLOW_CTX_TRY_NUMBER='1' AIRFLOW_CTX_DAG_RUN_ID='manual__2026-07-20T02:23:05.960611+00:00'
[2026-07-20T08:41:52.976+0545] {taskinstance.py:430} INFO - ::endgroup::
[2026-07-20T08:41:52.976+0545] {subprocess.py:63} INFO - Tmp dir root location: /tmp
[2026-07-20T08:41:52.977+0545] {subprocess.py:75} INFO - Running command: ['/usr/bin/bash', '-c', 'cd /home/snigdh/repos/bigData && docker-compose exec spark-master /opt/spark/bin/spark-submit --master spark://localhost:7077 --py-files /app/common.py --conf spark.ui.port=4040 --conf spark.sql.extensions=io.delta.sql.DeltaSparkSessionExtension --conf spark.sql.catalog.spark_catalog=org.apache.spark.sql.delta.catalog.DeltaCatalog /app/task_isolation_forest.py']
[2026-07-20T08:41:52.986+0545] {subprocess.py:86} INFO - Output:
[2026-07-20T08:42:18.915+0545] {subprocess.py:93} INFO - 26/07/20 02:57:18 INFO SparkContext: Running Spark version 3.5.0
[2026-07-20T08:42:18.919+0545] {subprocess.py:93} INFO - 26/07/20 02:57:18 INFO SparkContext: OS info Linux, 6.8.0-136-generic, amd64
[2026-07-20T08:42:18.920+0545] {subprocess.py:93} INFO - 26/07/20 02:57:18 INFO SparkContext: Java version 11.0.20.1
[2026-07-20T08:42:19.216+0545] {subprocess.py:93} INFO - 26/07/20 02:57:19 INFO ResourceUtils: ==============================================================
[2026-07-20T08:42:19.217+0545] {subprocess.py:93} INFO - 26/07/20 02:57:19 INFO ResourceUtils: No custom resources configured for spark.driver.
[2026-07-20T08:42:19.217+0545] {subprocess.py:93} INFO - 26/07/20 02:57:19 INFO ResourceUtils: ==============================================================
[2026-07-20T08:42:19.218+0545] {subprocess.py:93} INFO - 26/07/20 02:57:19 INFO SparkContext: Submitted application: anomaly_isolation_forest
[2026-07-20T08:42:19.419+0545] {subprocess.py:93} INFO - 26/07/20 02:57:19 INFO ResourceProfile: Default ResourceProfile created, executor resources: Map(memory -> name: memory, amount: 1024, script: , vendor: , offHeap -> name: offHeap, amount: 0, script: , vendor: ), task resources: Map(cpus -> name: cpus, amount: 1.0)
[2026-07-20T08:42:19.526+0545] {subprocess.py:93} INFO - 26/07/20 02:57:19 INFO ResourceProfile: Limiting resource is cpu
[2026-07-20T08:42:19.528+0545] {subprocess.py:93} INFO - 26/07/20 02:57:19 INFO ResourceProfileManager: Added ResourceProfile id: 0
[2026-07-20T08:42:19.922+0545] {subprocess.py:93} INFO - 26/07/20 02:57:19 INFO SecurityManager: Changing view acls to: spark
[2026-07-20T08:42:19.923+0545] {subprocess.py:93} INFO - 26/07/20 02:57:19 INFO SecurityManager: Changing modify acls to: spark
[2026-07-20T08:42:19.924+0545] {subprocess.py:93} INFO - 26/07/20 02:57:19 INFO SecurityManager: Changing view acls groups to:
[2026-07-20T08:42:19.925+0545] {subprocess.py:93} INFO - 26/07/20 02:57:19 INFO SecurityManager: Changing modify acls groups to:
[2026-07-20T08:42:19.925+0545] {subprocess.py:93} INFO - 26/07/20 02:57:19 INFO SecurityManager: SecurityManager: authentication disabled; ui acls disabled; users with view permissions: spark; groups with view permissions: EMPTY; users with modify permissions: spark; groups with modify permissions: EMPTY
[2026-07-20T08:42:21.312+0545] {subprocess.py:93} INFO - 26/07/20 02:57:21 INFO Utils: Successfully started service 'sparkDriver' on port 39593.
[2026-07-20T08:42:21.433+0545] {subprocess.py:93} INFO - 26/07/20 02:57:21 INFO SparkEnv: Registering MapOutputTracker
[2026-07-20T08:42:21.814+0545] {subprocess.py:93} INFO - 26/07/20 02:57:21 INFO SparkEnv: Registering BlockManagerMaster
[2026-07-20T08:42:21.928+0545] {subprocess.py:93} INFO - 26/07/20 02:57:21 INFO BlockManagerMasterEndpoint: Using org.apache.spark.storage.DefaultTopologyMapper for getting topology information
[2026-07-20T08:42:21.929+0545] {subprocess.py:93} INFO - 26/07/20 02:57:21 INFO BlockManagerMasterEndpoint: BlockManagerMasterEndpoint up
[2026-07-20T08:42:21.936+0545] {subprocess.py:93} INFO - 26/07/20 02:57:21 INFO SparkEnv: Registering BlockManagerMasterHeartbeat
[2026-07-20T08:42:22.030+0545] {subprocess.py:93} INFO - 26/07/20 02:57:22 INFO DiskBlockManager: Created local directory at /tmp/blockmgr-9f8018d7-1934-4a0e-a092-52e6c3d44749
[2026-07-20T08:42:22.116+0545] {subprocess.py:93} INFO - 26/07/20 02:57:22 INFO MemoryStore: MemoryStore started with capacity 413.9 MiB
[2026-07-20T08:42:22.223+0545] {subprocess.py:93} INFO - 26/07/20 02:57:22 INFO SparkEnv: Registering OutputCommitCoordinator
[2026-07-20T08:42:22.906+0545] {subprocess.py:93} INFO - 26/07/20 02:57:22 INFO JettyUtils: Start Jetty 0.0.0.0:4040 for SparkUI
[2026-07-20T08:42:23.130+0545] {subprocess.py:93} INFO - 26/07/20 02:57:23 INFO Utils: Successfully started service 'SparkUI' on port 4040.
[2026-07-20T08:42:23.407+0545] {subprocess.py:93} INFO - 26/07/20 02:57:23 INFO SparkContext: Added file file:///app/common.py at spark://bfe6d2784474:39593/files/common.py with timestamp 1784516238817
[2026-07-20T08:42:23.409+0545] {subprocess.py:93} INFO - 26/07/20 02:57:23 INFO Utils: Copying /app/common.py to /tmp/spark-88dd92af-20b3-441c-85a6-62747114c9d4/userFiles-44ed33ec-33e8-4483-94a3-cb7b0e4dffb8/common.py
[2026-07-20T08:42:24.030+0545] {subprocess.py:93} INFO - 26/07/20 02:57:24 INFO StandaloneAppClient$ClientEndpoint: Connecting to master spark://localhost:7077...
[2026-07-20T08:42:24.435+0545] {subprocess.py:93} INFO - 26/07/20 02:57:24 INFO TransportClientFactory: Successfully created connection to localhost/127.0.0.1:7077 after 213 ms (0 ms spent in bootstraps)
[2026-07-20T08:42:25.022+0545] {subprocess.py:93} INFO - 26/07/20 02:57:25 INFO StandaloneSchedulerBackend: Connected to Spark cluster with app ID app-20260720025725-0008
[2026-07-20T08:42:25.106+0545] {subprocess.py:93} INFO - 26/07/20 02:57:25 INFO StandaloneAppClient$ClientEndpoint: Executor added: app-20260720025725-0008/0 on worker-20260720022328-spark-worker2-8083 (spark-worker2:8083) with 1 core(s)
[2026-07-20T08:42:25.108+0545] {subprocess.py:93} INFO - 26/07/20 02:57:25 INFO StandaloneSchedulerBackend: Granted executor ID app-20260720025725-0008/0 on hostPort spark-worker2:8083 with 1 core(s), 1024.0 MiB RAM
[2026-07-20T08:42:25.109+0545] {subprocess.py:93} INFO - 26/07/20 02:57:25 INFO StandaloneAppClient$ClientEndpoint: Executor added: app-20260720025725-0008/1 on worker-20260720022328-spark-worker1-8081 (spark-worker1:8081) with 1 core(s)
[2026-07-20T08:42:25.110+0545] {subprocess.py:93} INFO - 26/07/20 02:57:25 INFO StandaloneSchedulerBackend: Granted executor ID app-20260720025725-0008/1 on hostPort spark-worker1:8081 with 1 core(s), 1024.0 MiB RAM
[2026-07-20T08:42:25.212+0545] {subprocess.py:93} INFO - 26/07/20 02:57:25 INFO Utils: Successfully started service 'org.apache.spark.network.netty.NettyBlockTransferService' on port 46053.
[2026-07-20T08:42:25.212+0545] {subprocess.py:93} INFO - 26/07/20 02:57:25 INFO NettyBlockTransferService: Server created on bfe6d2784474:46053
[2026-07-20T08:42:25.309+0545] {subprocess.py:93} INFO - 26/07/20 02:57:25 INFO BlockManager: Using org.apache.spark.storage.RandomBlockReplicationPolicy for block replication policy
[2026-07-20T08:42:25.312+0545] {subprocess.py:93} INFO - 26/07/20 02:57:25 INFO StandaloneAppClient$ClientEndpoint: Executor updated: app-20260720025725-0008/1 is now RUNNING
[2026-07-20T08:42:25.313+0545] {subprocess.py:93} INFO - 26/07/20 02:57:25 INFO StandaloneAppClient$ClientEndpoint: Executor updated: app-20260720025725-0008/0 is now RUNNING
[2026-07-20T08:42:25.418+0545] {subprocess.py:93} INFO - 26/07/20 02:57:25 INFO BlockManagerMaster: Registering BlockManager BlockManagerId(driver, bfe6d2784474, 46053, None)
[2026-07-20T08:42:25.427+0545] {subprocess.py:93} INFO - 26/07/20 02:57:25 INFO BlockManagerMasterEndpoint: Registering block manager bfe6d2784474:46053 with 413.9 MiB RAM, BlockManagerId(driver, bfe6d2784474, 46053, None)
[2026-07-20T08:42:25.512+0545] {subprocess.py:93} INFO - 26/07/20 02:57:25 INFO BlockManagerMaster: Registered BlockManager BlockManagerId(driver, bfe6d2784474, 46053, None)
[2026-07-20T08:42:25.515+0545] {subprocess.py:93} INFO - 26/07/20 02:57:25 INFO BlockManager: Initialized BlockManager: BlockManagerId(driver, bfe6d2784474, 46053, None)
[2026-07-20T08:42:26.809+0545] {subprocess.py:93} INFO - 26/07/20 02:57:26 INFO StandaloneSchedulerBackend: SchedulerBackend is ready for scheduling beginning after reached minRegisteredResourcesRatio: 0.0
[2026-07-20T08:43:25.207+0545] {subprocess.py:93} INFO - [Spark] Fitting 2 local Isolation Forests in parallel across the cluster...
[2026-07-20T08:43:32.707+0545] {subprocess.py:93} INFO - 26/07/20 02:58:32 WARN SparkStringUtils: Truncated the string representation of a plan since it was too large. This behavior can be adjusted by setting 'spark.sql.debug.maxToStringFields'.
[2026-07-20T08:45:06.925+0545] {subprocess.py:93} INFO - [Driver] Collected 2 partition-local forests for ensemble scoring.
[2026-07-20T08:45:17.114+0545] {subprocess.py:93} INFO - [Driver] iso_flag threshold on iso_score: 0.5625
[2026-07-20T08:45:37.022+0545] {subprocess.py:93} INFO - [Driver] Wrote 'isolation_forest' output -> hdfs://namenode:9000/user/demo/_scores/isolation_forest
[2026-07-20T08:45:40.907+0545] {subprocess.py:97} INFO - Command exited with return code 0
[2026-07-20T08:45:40.908+0545] {taskinstance.py:441} INFO - ::group::Post task execution logs
[2026-07-20T08:45:40.932+0545] {taskinstance.py:1206} INFO - Marking task as SUCCESS. dag_id=network_traffic_pipeline, task_id=partition_local_models.isolation_forest, run_id=manual__2026-07-20T02:23:05.960611+00:00, execution_date=20260720T022305, start_date=20260720T025652, end_date=20260720T030040
[2026-07-20T08:45:40.970+0545] {local_task_job_runner.py:243} INFO - Task exited with return code 0
[2026-07-20T08:45:40.999+0545] {taskinstance.py:3503} INFO - 0 downstream tasks scheduled from follow-on schedule check
[2026-07-20T08:45:41.000+0545] {local_task_job_runner.py:222} INFO - ::endgroup::
