[2026-07-20T13:00:50.049+0545] {local_task_job_runner.py:120} INFO - ::group::Pre task execution logs
[2026-07-20T13:00:50.066+0545] {taskinstance.py:2076} INFO - Dependencies all met for dep_context=non-requeueable deps ti=<TaskInstance: network_traffic_pipeline.row_wise_ddp_models.gan manual__2026-07-20T06:51:36.359976+00:00 [queued]>
[2026-07-20T13:00:50.071+0545] {taskinstance.py:2076} INFO - Dependencies all met for dep_context=requeueable deps ti=<TaskInstance: network_traffic_pipeline.row_wise_ddp_models.gan manual__2026-07-20T06:51:36.359976+00:00 [queued]>
[2026-07-20T13:00:50.072+0545] {taskinstance.py:2306} INFO - Starting attempt 1 of 3
[2026-07-20T13:00:50.084+0545] {taskinstance.py:2330} INFO - Executing <Task(BashOperator): row_wise_ddp_models.gan> on 2026-07-20 06:51:36.359976+00:00
[2026-07-20T13:00:50.089+0545] {standard_task_runner.py:64} INFO - Started process 92270 to run task
[2026-07-20T13:00:50.091+0545] {standard_task_runner.py:90} INFO - Running: ['airflow', 'tasks', 'run', 'network_traffic_pipeline', 'row_wise_ddp_models.gan', 'manual__2026-07-20T06:51:36.359976+00:00', '--job-id', '116', '--raw', '--subdir', 'DAGS_FOLDER/network_traffic_pipeline_dag.py', '--cfg-path', '/tmp/tmpg_5ye0uq']
[2026-07-20T13:00:50.093+0545] {standard_task_runner.py:91} INFO - Job 116: Subtask row_wise_ddp_models.gan
[2026-07-20T13:00:50.121+0545] {task_command.py:426} INFO - Running <TaskInstance: network_traffic_pipeline.row_wise_ddp_models.gan manual__2026-07-20T06:51:36.359976+00:00 [running]> on host snigdh-IdeaPad-Slim-3-15IAH8
[2026-07-20T13:00:50.175+0545] {taskinstance.py:2648} INFO - Exporting env vars: AIRFLOW_CTX_DAG_OWNER='you' AIRFLOW_CTX_DAG_ID='network_traffic_pipeline' AIRFLOW_CTX_TASK_ID='row_wise_ddp_models.gan' AIRFLOW_CTX_EXECUTION_DATE='2026-07-20T06:51:36.359976+00:00' AIRFLOW_CTX_TRY_NUMBER='1' AIRFLOW_CTX_DAG_RUN_ID='manual__2026-07-20T06:51:36.359976+00:00'
[2026-07-20T13:00:50.176+0545] {taskinstance.py:430} INFO - ::endgroup::
[2026-07-20T13:00:50.177+0545] {subprocess.py:63} INFO - Tmp dir root location: /tmp
[2026-07-20T13:00:50.177+0545] {subprocess.py:75} INFO - Running command: ['/usr/bin/bash', '-c', 'cd /home/snigdh/repos/bigData && docker-compose exec spark-master /opt/spark/bin/spark-submit --master spark://localhost:7077 --py-files /app/common.py --conf spark.ui.port=4040 --conf spark.sql.extensions=io.delta.sql.DeltaSparkSessionExtension --conf spark.sql.catalog.spark_catalog=org.apache.spark.sql.delta.catalog.DeltaCatalog /app/task_gan.py']
[2026-07-20T13:00:50.188+0545] {subprocess.py:86} INFO - Output:
[2026-07-20T13:01:02.244+0545] {subprocess.py:93} INFO - 26/07/20 07:16:02 INFO SparkContext: Running Spark version 3.5.0
[2026-07-20T13:01:02.245+0545] {subprocess.py:93} INFO - 26/07/20 07:16:02 INFO SparkContext: OS info Linux, 6.8.0-136-generic, amd64
[2026-07-20T13:01:02.246+0545] {subprocess.py:93} INFO - 26/07/20 07:16:02 INFO SparkContext: Java version 11.0.20.1
[2026-07-20T13:01:02.353+0545] {subprocess.py:93} INFO - 26/07/20 07:16:02 INFO ResourceUtils: ==============================================================
[2026-07-20T13:01:02.353+0545] {subprocess.py:93} INFO - 26/07/20 07:16:02 INFO ResourceUtils: No custom resources configured for spark.driver.
[2026-07-20T13:01:02.353+0545] {subprocess.py:93} INFO - 26/07/20 07:16:02 INFO ResourceUtils: ==============================================================
[2026-07-20T13:01:02.353+0545] {subprocess.py:93} INFO - 26/07/20 07:16:02 INFO SparkContext: Submitted application: anomaly_gan
[2026-07-20T13:01:02.452+0545] {subprocess.py:93} INFO - 26/07/20 07:16:02 INFO ResourceProfile: Default ResourceProfile created, executor resources: Map(memory -> name: memory, amount: 1024, script: , vendor: , offHeap -> name: offHeap, amount: 0, script: , vendor: ), task resources: Map(cpus -> name: cpus, amount: 1.0)
[2026-07-20T13:01:02.459+0545] {subprocess.py:93} INFO - 26/07/20 07:16:02 INFO ResourceProfile: Limiting resource is cpu
[2026-07-20T13:01:02.538+0545] {subprocess.py:93} INFO - 26/07/20 07:16:02 INFO ResourceProfileManager: Added ResourceProfile id: 0
[2026-07-20T13:01:02.739+0545] {subprocess.py:93} INFO - 26/07/20 07:16:02 INFO SecurityManager: Changing view acls to: spark
[2026-07-20T13:01:02.739+0545] {subprocess.py:93} INFO - 26/07/20 07:16:02 INFO SecurityManager: Changing modify acls to: spark
[2026-07-20T13:01:02.739+0545] {subprocess.py:93} INFO - 26/07/20 07:16:02 INFO SecurityManager: Changing view acls groups to:
[2026-07-20T13:01:02.740+0545] {subprocess.py:93} INFO - 26/07/20 07:16:02 INFO SecurityManager: Changing modify acls groups to:
[2026-07-20T13:01:02.740+0545] {subprocess.py:93} INFO - 26/07/20 07:16:02 INFO SecurityManager: SecurityManager: authentication disabled; ui acls disabled; users with view permissions: spark; groups with view permissions: EMPTY; users with modify permissions: spark; groups with modify permissions: EMPTY
[2026-07-20T13:01:03.453+0545] {subprocess.py:93} INFO - 26/07/20 07:16:03 INFO Utils: Successfully started service 'sparkDriver' on port 44489.
[2026-07-20T13:01:03.555+0545] {subprocess.py:93} INFO - 26/07/20 07:16:03 INFO SparkEnv: Registering MapOutputTracker
[2026-07-20T13:01:03.758+0545] {subprocess.py:93} INFO - 26/07/20 07:16:03 INFO SparkEnv: Registering BlockManagerMaster
[2026-07-20T13:01:03.847+0545] {subprocess.py:93} INFO - 26/07/20 07:16:03 INFO BlockManagerMasterEndpoint: Using org.apache.spark.storage.DefaultTopologyMapper for getting topology information
[2026-07-20T13:01:03.847+0545] {subprocess.py:93} INFO - 26/07/20 07:16:03 INFO BlockManagerMasterEndpoint: BlockManagerMasterEndpoint up
[2026-07-20T13:01:03.851+0545] {subprocess.py:93} INFO - 26/07/20 07:16:03 INFO SparkEnv: Registering BlockManagerMasterHeartbeat
[2026-07-20T13:01:03.863+0545] {subprocess.py:93} INFO - 26/07/20 07:16:03 INFO DiskBlockManager: Created local directory at /tmp/blockmgr-a8aa7473-fd32-4799-a81c-d355da84f81f
[2026-07-20T13:01:03.945+0545] {subprocess.py:93} INFO - 26/07/20 07:16:03 INFO MemoryStore: MemoryStore started with capacity 413.9 MiB
[2026-07-20T13:01:03.958+0545] {subprocess.py:93} INFO - 26/07/20 07:16:03 INFO SparkEnv: Registering OutputCommitCoordinator
[2026-07-20T13:01:04.260+0545] {subprocess.py:93} INFO - 26/07/20 07:16:04 INFO JettyUtils: Start Jetty 0.0.0.0:4040 for SparkUI
[2026-07-20T13:01:04.363+0545] {subprocess.py:93} INFO - 26/07/20 07:16:04 INFO Utils: Successfully started service 'SparkUI' on port 4040.
[2026-07-20T13:01:04.456+0545] {subprocess.py:93} INFO - 26/07/20 07:16:04 INFO SparkContext: Added file file:///app/common.py at spark://e6ba47dbf3fb:44489/files/common.py with timestamp 1784531762172
[2026-07-20T13:01:04.539+0545] {subprocess.py:93} INFO - 26/07/20 07:16:04 INFO Utils: Copying /app/common.py to /tmp/spark-846ca0d8-cb70-4d73-87a9-134def1e90e4/userFiles-6e5f0cfd-f5f3-43c1-8fc6-ff93ec7776f1/common.py
[2026-07-20T13:01:05.040+0545] {subprocess.py:93} INFO - 26/07/20 07:16:05 INFO StandaloneAppClient$ClientEndpoint: Connecting to master spark://localhost:7077...
[2026-07-20T13:01:05.254+0545] {subprocess.py:93} INFO - 26/07/20 07:16:05 INFO TransportClientFactory: Successfully created connection to localhost/127.0.0.1:7077 after 110 ms (0 ms spent in bootstraps)
[2026-07-20T13:01:05.537+0545] {subprocess.py:93} INFO - 26/07/20 07:16:05 INFO StandaloneSchedulerBackend: Connected to Spark cluster with app ID app-20260720071605-0012
[2026-07-20T13:01:05.540+0545] {subprocess.py:93} INFO - 26/07/20 07:16:05 INFO StandaloneAppClient$ClientEndpoint: Executor added: app-20260720071605-0012/0 on worker-20260720065158-spark-worker1-8081 (spark-worker1:8081) with 1 core(s)
[2026-07-20T13:01:05.540+0545] {subprocess.py:93} INFO - 26/07/20 07:16:05 INFO StandaloneSchedulerBackend: Granted executor ID app-20260720071605-0012/0 on hostPort spark-worker1:8081 with 1 core(s), 1024.0 MiB RAM
[2026-07-20T13:01:05.540+0545] {subprocess.py:93} INFO - 26/07/20 07:16:05 INFO StandaloneAppClient$ClientEndpoint: Executor added: app-20260720071605-0012/1 on worker-20260720065158-spark-worker2-8083 (spark-worker2:8083) with 1 core(s)
[2026-07-20T13:01:05.541+0545] {subprocess.py:93} INFO - 26/07/20 07:16:05 INFO StandaloneSchedulerBackend: Granted executor ID app-20260720071605-0012/1 on hostPort spark-worker2:8083 with 1 core(s), 1024.0 MiB RAM
[2026-07-20T13:01:05.638+0545] {subprocess.py:93} INFO - 26/07/20 07:16:05 INFO Utils: Successfully started service 'org.apache.spark.network.netty.NettyBlockTransferService' on port 46303.
[2026-07-20T13:01:05.638+0545] {subprocess.py:93} INFO - 26/07/20 07:16:05 INFO NettyBlockTransferService: Server created on e6ba47dbf3fb:46303
[2026-07-20T13:01:05.640+0545] {subprocess.py:93} INFO - 26/07/20 07:16:05 INFO BlockManager: Using org.apache.spark.storage.RandomBlockReplicationPolicy for block replication policy
[2026-07-20T13:01:05.643+0545] {subprocess.py:93} INFO - 26/07/20 07:16:05 INFO StandaloneAppClient$ClientEndpoint: Executor updated: app-20260720071605-0012/1 is now RUNNING
[2026-07-20T13:01:05.644+0545] {subprocess.py:93} INFO - 26/07/20 07:16:05 INFO StandaloneAppClient$ClientEndpoint: Executor updated: app-20260720071605-0012/0 is now RUNNING
[2026-07-20T13:01:05.647+0545] {subprocess.py:93} INFO - 26/07/20 07:16:05 INFO BlockManagerMaster: Registering BlockManager BlockManagerId(driver, e6ba47dbf3fb, 46303, None)
[2026-07-20T13:01:05.650+0545] {subprocess.py:93} INFO - 26/07/20 07:16:05 INFO BlockManagerMasterEndpoint: Registering block manager e6ba47dbf3fb:46303 with 413.9 MiB RAM, BlockManagerId(driver, e6ba47dbf3fb, 46303, None)
[2026-07-20T13:01:05.652+0545] {subprocess.py:93} INFO - 26/07/20 07:16:05 INFO BlockManagerMaster: Registered BlockManager BlockManagerId(driver, e6ba47dbf3fb, 46303, None)
[2026-07-20T13:01:05.653+0545] {subprocess.py:93} INFO - 26/07/20 07:16:05 INFO BlockManager: Initialized BlockManager: BlockManagerId(driver, e6ba47dbf3fb, 46303, None)
[2026-07-20T13:01:06.342+0545] {subprocess.py:93} INFO - 26/07/20 07:16:06 INFO StandaloneSchedulerBackend: SchedulerBackend is ready for scheduling beginning after reached minRegisteredResourcesRatio: 0.0
[2026-07-20T13:01:35.250+0545] {subprocess.py:93} INFO - [TorchDistributor] GAN: launching 2-way DDP (across cluster executors)...
[2026-07-20T13:01:36.259+0545] {subprocess.py:93} INFO - Started distributed training with 2 executor processes
[2026-07-20T13:02:01.140+0545] {subprocess.py:93} INFO - 2026-07-20 07:17:01,138 INFO sasl.SaslDataTransferClient: SASL encryption trust check: localHostTrusted = false, remoteHostTrusted = false
[2026-07-20T13:02:01.341+0545] {subprocess.py:93} INFO - 2026-07-20 07:17:01,245 INFO sasl.SaslDataTransferClient: SASL encryption trust check: localHostTrusted = false, remoteHostTrusted = false
[2026-07-20T13:02:01.341+0545] {subprocess.py:93} INFO - 2026-07-20 07:17:01,332 INFO sasl.SaslDataTransferClient: SASL encryption trust check: localHostTrusted = false, remoteHostTrusted = false
[2026-07-20T13:02:01.341+0545] {subprocess.py:93} INFO - 2026-07-20 07:17:01,338 INFO sasl.SaslDataTransferClient: SASL encryption trust check: localHostTrusted = false, remoteHostTrusted = false
[2026-07-20T13:02:01.441+0545] {subprocess.py:93} INFO - 2026-07-20 07:17:01,426 INFO sasl.SaslDataTransferClient: SASL encryption trust check: localHostTrusted = false, remoteHostTrusted = false
[2026-07-20T13:02:01.441+0545] {subprocess.py:93} INFO - 2026-07-20 07:17:01,432 INFO sasl.SaslDataTransferClient: SASL encryption trust check: localHostTrusted = false, remoteHostTrusted = false
[2026-07-20T13:02:02.527+0545] {subprocess.py:93} INFO - 2026-07-20 07:17:02,525 INFO sasl.SaslDataTransferClient: SASL encryption trust check: localHostTrusted = false, remoteHostTrusted = false
[2026-07-20T13:02:02.727+0545] {subprocess.py:93} INFO - 2026-07-20 07:17:02,638 INFO sasl.SaslDataTransferClient: SASL encryption trust check: localHostTrusted = false, remoteHostTrusted = false
[2026-07-20T13:02:02.728+0545] {subprocess.py:93} INFO - 2026-07-20 07:17:02,713 INFO sasl.SaslDataTransferClient: SASL encryption trust check: localHostTrusted = false, remoteHostTrusted = false
[2026-07-20T13:02:02.728+0545] {subprocess.py:93} INFO - 2026-07-20 07:17:02,722 INFO sasl.SaslDataTransferClient: SASL encryption trust check: localHostTrusted = false, remoteHostTrusted = false
[2026-07-20T13:02:02.827+0545] {subprocess.py:93} INFO - 2026-07-20 07:17:02,728 INFO sasl.SaslDataTransferClient: SASL encryption trust check: localHostTrusted = false, remoteHostTrusted = false
[2026-07-20T13:02:03.429+0545] {subprocess.py:93} INFO -     [GAN][rank0/2] epoch 5/30 D=1.4649 G=0.8637
[2026-07-20T13:02:04.130+0545] {subprocess.py:93} INFO -     [GAN][rank0/2] epoch 10/30 D=1.4756 G=0.8494
[2026-07-20T13:02:04.831+0545] {subprocess.py:93} INFO -     [GAN][rank0/2] epoch 15/30 D=1.4578 G=0.8251
[2026-07-20T13:02:05.632+0545] {subprocess.py:93} INFO -     [GAN][rank0/2] epoch 20/30 D=1.4417 G=0.8117
[2026-07-20T13:02:06.334+0545] {subprocess.py:93} INFO -     [GAN][rank0/2] epoch 25/30 D=1.4454 G=0.7935
[2026-07-20T13:02:07.035+0545] {subprocess.py:93} INFO -     [GAN][rank0/2] epoch 30/30 D=1.4364 G=0.7859
[2026-07-20T13:02:09.357+0545] {subprocess.py:93} INFO - Finished distributed training with 2 executor processes
[2026-07-20T13:02:12.640+0545] {subprocess.py:93} INFO - 26/07/20 07:17:12 WARN SparkStringUtils: Truncated the string representation of a plan since it was too large. This behavior can be adjusted by setting 'spark.sql.debug.maxToStringFields'.
[2026-07-20T13:02:56.842+0545] {subprocess.py:93} INFO - [Driver] gan_flag threshold on gan_score: 0.6761
[2026-07-20T13:03:07.146+0545] {subprocess.py:93} INFO - [Driver] Wrote 'gan' output -> hdfs://namenode:9000/user/demo/_scores/gan
[2026-07-20T13:03:09.435+0545] {subprocess.py:97} INFO - Command exited with return code 0
[2026-07-20T13:03:09.435+0545] {taskinstance.py:441} INFO - ::group::Post task execution logs
[2026-07-20T13:03:09.450+0545] {taskinstance.py:1206} INFO - Marking task as SUCCESS. dag_id=network_traffic_pipeline, task_id=row_wise_ddp_models.gan, run_id=manual__2026-07-20T06:51:36.359976+00:00, execution_date=20260720T065136, start_date=20260720T071550, end_date=20260720T071809
[2026-07-20T13:03:09.468+0545] {local_task_job_runner.py:243} INFO - Task exited with return code 0
[2026-07-20T13:03:09.481+0545] {taskinstance.py:3503} INFO - 0 downstream tasks scheduled from follow-on schedule check
[2026-07-20T13:03:09.482+0545] {local_task_job_runner.py:222} INFO - ::endgroup::
