[2026-07-19T19:40:57.027+0545] {local_task_job_runner.py:120} INFO - ::group::Pre task execution logs
[2026-07-19T19:40:57.044+0545] {taskinstance.py:2076} INFO - Dependencies all met for dep_context=non-requeueable deps ti=<TaskInstance: network_traffic_pipeline.native_clustering.pca_kmeans manual__2026-07-19T13:45:00.072255+00:00 [queued]>
[2026-07-19T19:40:57.051+0545] {taskinstance.py:2076} INFO - Dependencies all met for dep_context=requeueable deps ti=<TaskInstance: network_traffic_pipeline.native_clustering.pca_kmeans manual__2026-07-19T13:45:00.072255+00:00 [queued]>
[2026-07-19T19:40:57.051+0545] {taskinstance.py:2306} INFO - Starting attempt 1 of 2
[2026-07-19T19:40:57.063+0545] {taskinstance.py:2330} INFO - Executing <Task(BashOperator): native_clustering.pca_kmeans> on 2026-07-19 13:45:00.072255+00:00
[2026-07-19T19:40:57.067+0545] {standard_task_runner.py:64} INFO - Started process 76360 to run task
[2026-07-19T19:40:57.071+0545] {standard_task_runner.py:90} INFO - Running: ['airflow', 'tasks', 'run', 'network_traffic_pipeline', 'native_clustering.pca_kmeans', 'manual__2026-07-19T13:45:00.072255+00:00', '--job-id', '49', '--raw', '--subdir', 'DAGS_FOLDER/network_traffic_pipeline_dag.py', '--cfg-path', '/tmp/tmpczxa5pjo']
[2026-07-19T19:40:57.072+0545] {standard_task_runner.py:91} INFO - Job 49: Subtask native_clustering.pca_kmeans
[2026-07-19T19:40:57.101+0545] {task_command.py:426} INFO - Running <TaskInstance: network_traffic_pipeline.native_clustering.pca_kmeans manual__2026-07-19T13:45:00.072255+00:00 [running]> on host snigdh-IdeaPad-Slim-3-15IAH8
[2026-07-19T19:40:57.151+0545] {taskinstance.py:2648} INFO - Exporting env vars: AIRFLOW_CTX_DAG_OWNER='you' AIRFLOW_CTX_DAG_ID='network_traffic_pipeline' AIRFLOW_CTX_TASK_ID='native_clustering.pca_kmeans' AIRFLOW_CTX_EXECUTION_DATE='2026-07-19T13:45:00.072255+00:00' AIRFLOW_CTX_TRY_NUMBER='1' AIRFLOW_CTX_DAG_RUN_ID='manual__2026-07-19T13:45:00.072255+00:00'
[2026-07-19T19:40:57.152+0545] {taskinstance.py:430} INFO - ::endgroup::
[2026-07-19T19:40:57.153+0545] {subprocess.py:63} INFO - Tmp dir root location: /tmp
[2026-07-19T19:40:57.153+0545] {subprocess.py:75} INFO - Running command: ['/usr/bin/bash', '-c', 'cd /home/snigdh/repos/bigData && docker-compose exec spark-master /opt/spark/bin/spark-submit --master spark://localhost:7077 --py-files /app/common.py --conf spark.ui.port=4040 --conf spark.sql.extensions=io.delta.sql.DeltaSparkSessionExtension --conf spark.sql.catalog.spark_catalog=org.apache.spark.sql.delta.catalog.DeltaCatalog /app/task_pca_kmeans.py']
[2026-07-19T19:40:57.164+0545] {subprocess.py:86} INFO - Output:
[2026-07-19T19:41:08.934+0545] {subprocess.py:93} INFO - 26/07/19 13:56:08 INFO SparkContext: Running Spark version 3.5.0
[2026-07-19T19:41:09.010+0545] {subprocess.py:93} INFO - 26/07/19 13:56:09 INFO SparkContext: OS info Linux, 6.8.0-136-generic, amd64
[2026-07-19T19:41:09.011+0545] {subprocess.py:93} INFO - 26/07/19 13:56:09 INFO SparkContext: Java version 11.0.20.1
[2026-07-19T19:41:09.112+0545] {subprocess.py:93} INFO - 26/07/19 13:56:09 INFO ResourceUtils: ==============================================================
[2026-07-19T19:41:09.113+0545] {subprocess.py:93} INFO - 26/07/19 13:56:09 INFO ResourceUtils: No custom resources configured for spark.driver.
[2026-07-19T19:41:09.113+0545] {subprocess.py:93} INFO - 26/07/19 13:56:09 INFO ResourceUtils: ==============================================================
[2026-07-19T19:41:09.114+0545] {subprocess.py:93} INFO - 26/07/19 13:56:09 INFO SparkContext: Submitted application: anomaly_pca_kmeans
[2026-07-19T19:41:09.210+0545] {subprocess.py:93} INFO - 26/07/19 13:56:09 INFO ResourceProfile: Default ResourceProfile created, executor resources: Map(memory -> name: memory, amount: 1024, script: , vendor: , offHeap -> name: offHeap, amount: 0, script: , vendor: ), task resources: Map(cpus -> name: cpus, amount: 1.0)
[2026-07-19T19:41:09.297+0545] {subprocess.py:93} INFO - 26/07/19 13:56:09 INFO ResourceProfile: Limiting resource is cpu
[2026-07-19T19:41:09.298+0545] {subprocess.py:93} INFO - 26/07/19 13:56:09 INFO ResourceProfileManager: Added ResourceProfile id: 0
[2026-07-19T19:41:09.499+0545] {subprocess.py:93} INFO - 26/07/19 13:56:09 INFO SecurityManager: Changing view acls to: spark
[2026-07-19T19:41:09.500+0545] {subprocess.py:93} INFO - 26/07/19 13:56:09 INFO SecurityManager: Changing modify acls to: spark
[2026-07-19T19:41:09.502+0545] {subprocess.py:93} INFO - 26/07/19 13:56:09 INFO SecurityManager: Changing view acls groups to:
[2026-07-19T19:41:09.502+0545] {subprocess.py:93} INFO - 26/07/19 13:56:09 INFO SecurityManager: Changing modify acls groups to:
[2026-07-19T19:41:09.504+0545] {subprocess.py:93} INFO - 26/07/19 13:56:09 INFO SecurityManager: SecurityManager: authentication disabled; ui acls disabled; users with view permissions: spark; groups with view permissions: EMPTY; users with modify permissions: spark; groups with modify permissions: EMPTY
[2026-07-19T19:41:10.305+0545] {subprocess.py:93} INFO - 26/07/19 13:56:10 INFO Utils: Successfully started service 'sparkDriver' on port 43259.
[2026-07-19T19:41:10.406+0545] {subprocess.py:93} INFO - 26/07/19 13:56:10 INFO SparkEnv: Registering MapOutputTracker
[2026-07-19T19:41:10.502+0545] {subprocess.py:93} INFO - 26/07/19 13:56:10 INFO SparkEnv: Registering BlockManagerMaster
[2026-07-19T19:41:10.597+0545] {subprocess.py:93} INFO - 26/07/19 13:56:10 INFO BlockManagerMasterEndpoint: Using org.apache.spark.storage.DefaultTopologyMapper for getting topology information
[2026-07-19T19:41:10.598+0545] {subprocess.py:93} INFO - 26/07/19 13:56:10 INFO BlockManagerMasterEndpoint: BlockManagerMasterEndpoint up
[2026-07-19T19:41:10.604+0545] {subprocess.py:93} INFO - 26/07/19 13:56:10 INFO SparkEnv: Registering BlockManagerMasterHeartbeat
[2026-07-19T19:41:10.720+0545] {subprocess.py:93} INFO - 26/07/19 13:56:10 INFO DiskBlockManager: Created local directory at /tmp/blockmgr-93bb128a-6e49-411f-a089-19737e30f1f5
[2026-07-19T19:41:10.811+0545] {subprocess.py:93} INFO - 26/07/19 13:56:10 INFO MemoryStore: MemoryStore started with capacity 413.9 MiB
[2026-07-19T19:41:10.903+0545] {subprocess.py:93} INFO - 26/07/19 13:56:10 INFO SparkEnv: Registering OutputCommitCoordinator
[2026-07-19T19:41:11.209+0545] {subprocess.py:93} INFO - 26/07/19 13:56:11 INFO JettyUtils: Start Jetty 0.0.0.0:4040 for SparkUI
[2026-07-19T19:41:11.321+0545] {subprocess.py:93} INFO - 26/07/19 13:56:11 INFO Utils: Successfully started service 'SparkUI' on port 4040.
[2026-07-19T19:41:11.415+0545] {subprocess.py:93} INFO - 26/07/19 13:56:11 INFO SparkContext: Added file file:///app/common.py at spark://7aa1691b5e48:43259/files/common.py with timestamp 1784469368922
[2026-07-19T19:41:11.416+0545] {subprocess.py:93} INFO - 26/07/19 13:56:11 INFO Utils: Copying /app/common.py to /tmp/spark-976727ac-1749-4441-a8ee-3a4a0242b31a/userFiles-d816c61b-d3fd-4cdd-8872-7eaa08510cba/common.py
[2026-07-19T19:41:11.815+0545] {subprocess.py:93} INFO - 26/07/19 13:56:11 INFO StandaloneAppClient$ClientEndpoint: Connecting to master spark://localhost:7077...
[2026-07-19T19:41:12.108+0545] {subprocess.py:93} INFO - 26/07/19 13:56:12 INFO TransportClientFactory: Successfully created connection to localhost/127.0.0.1:7077 after 187 ms (0 ms spent in bootstraps)
[2026-07-19T19:41:12.408+0545] {subprocess.py:93} INFO - 26/07/19 13:56:12 INFO StandaloneSchedulerBackend: Connected to Spark cluster with app ID app-20260719135612-0005
[2026-07-19T19:41:12.411+0545] {subprocess.py:93} INFO - 26/07/19 13:56:12 INFO StandaloneAppClient$ClientEndpoint: Executor added: app-20260719135612-0005/0 on worker-20260719134303-spark-worker2-8083 (spark-worker2:8083) with 1 core(s)
[2026-07-19T19:41:12.500+0545] {subprocess.py:93} INFO - 26/07/19 13:56:12 INFO StandaloneSchedulerBackend: Granted executor ID app-20260719135612-0005/0 on hostPort spark-worker2:8083 with 1 core(s), 1024.0 MiB RAM
[2026-07-19T19:41:12.501+0545] {subprocess.py:93} INFO - 26/07/19 13:56:12 INFO StandaloneAppClient$ClientEndpoint: Executor added: app-20260719135612-0005/1 on worker-20260719134303-spark-worker1-8081 (spark-worker1:8081) with 1 core(s)
[2026-07-19T19:41:12.502+0545] {subprocess.py:93} INFO - 26/07/19 13:56:12 INFO StandaloneSchedulerBackend: Granted executor ID app-20260719135612-0005/1 on hostPort spark-worker1:8081 with 1 core(s), 1024.0 MiB RAM
[2026-07-19T19:41:12.602+0545] {subprocess.py:93} INFO - 26/07/19 13:56:12 INFO Utils: Successfully started service 'org.apache.spark.network.netty.NettyBlockTransferService' on port 41509.
[2026-07-19T19:41:12.603+0545] {subprocess.py:93} INFO - 26/07/19 13:56:12 INFO NettyBlockTransferService: Server created on 7aa1691b5e48:41509
[2026-07-19T19:41:12.605+0545] {subprocess.py:93} INFO - 26/07/19 13:56:12 INFO BlockManager: Using org.apache.spark.storage.RandomBlockReplicationPolicy for block replication policy
[2026-07-19T19:41:12.606+0545] {subprocess.py:93} INFO - 26/07/19 13:56:12 INFO StandaloneAppClient$ClientEndpoint: Executor updated: app-20260719135612-0005/1 is now RUNNING
[2026-07-19T19:41:12.703+0545] {subprocess.py:93} INFO - 26/07/19 13:56:12 INFO StandaloneAppClient$ClientEndpoint: Executor updated: app-20260719135612-0005/0 is now RUNNING
[2026-07-19T19:41:12.706+0545] {subprocess.py:93} INFO - 26/07/19 13:56:12 INFO BlockManagerMaster: Registering BlockManager BlockManagerId(driver, 7aa1691b5e48, 41509, None)
[2026-07-19T19:41:12.709+0545] {subprocess.py:93} INFO - 26/07/19 13:56:12 INFO BlockManagerMasterEndpoint: Registering block manager 7aa1691b5e48:41509 with 413.9 MiB RAM, BlockManagerId(driver, 7aa1691b5e48, 41509, None)
[2026-07-19T19:41:12.710+0545] {subprocess.py:93} INFO - 26/07/19 13:56:12 INFO BlockManagerMaster: Registered BlockManager BlockManagerId(driver, 7aa1691b5e48, 41509, None)
[2026-07-19T19:41:12.711+0545] {subprocess.py:93} INFO - 26/07/19 13:56:12 INFO BlockManager: Initialized BlockManager: BlockManagerId(driver, 7aa1691b5e48, 41509, None)
[2026-07-19T19:41:13.310+0545] {subprocess.py:93} INFO - 26/07/19 13:56:13 INFO StandaloneSchedulerBackend: SchedulerBackend is ready for scheduling beginning after reached minRegisteredResourcesRatio: 0.0
[2026-07-19T19:41:45.813+0545] {subprocess.py:93} INFO - 26/07/19 13:56:45 WARN SparkStringUtils: Truncated the string representation of a plan since it was too large. This behavior can be adjusted by setting 'spark.sql.debug.maxToStringFields'.
[2026-07-19T19:42:40.713+0545] {subprocess.py:93} INFO - 26/07/19 13:57:40 WARN InstanceBuilder: Failed to load implementation from:dev.ludovic.netlib.lapack.JNILAPACK
[2026-07-19T19:42:56.494+0545] {subprocess.py:93} INFO - 26/07/19 13:57:56 WARN InstanceBuilder: Failed to load implementation from:dev.ludovic.netlib.blas.JNIBLAS
[2026-07-19T19:43:10.890+0545] {subprocess.py:93} INFO - [Driver] pca_cluster counts: {1: 3646, 3: 2584, 2: 30, 0: 3740}, minority=2
[2026-07-19T19:43:18.399+0545] {subprocess.py:93} INFO - [Driver] Wrote 'pca_kmeans' output -> hdfs://namenode:9000/user/demo/_scores/pca_kmeans
[2026-07-19T19:43:20.121+0545] {subprocess.py:97} INFO - Command exited with return code 0
[2026-07-19T19:43:20.122+0545] {taskinstance.py:441} INFO - ::group::Post task execution logs
[2026-07-19T19:43:20.136+0545] {taskinstance.py:1206} INFO - Marking task as SUCCESS. dag_id=network_traffic_pipeline, task_id=native_clustering.pca_kmeans, run_id=manual__2026-07-19T13:45:00.072255+00:00, execution_date=20260719T134500, start_date=20260719T135557, end_date=20260719T135820
[2026-07-19T19:43:20.179+0545] {local_task_job_runner.py:243} INFO - Task exited with return code 0
[2026-07-19T19:43:20.192+0545] {taskinstance.py:3503} INFO - 0 downstream tasks scheduled from follow-on schedule check
[2026-07-19T19:43:20.192+0545] {local_task_job_runner.py:222} INFO - ::endgroup::
