[2026-07-19T19:21:23.252+0545] {processor.py:161} INFO - Started process (PID=60141) to work on /home/snigdh/repos/bigData/spark_demo_env/lib/python3.12/site-packages/airflow/example_dags/example_branch_operator_decorator.py
[2026-07-19T19:21:23.253+0545] {processor.py:830} INFO - Processing file /home/snigdh/repos/bigData/spark_demo_env/lib/python3.12/site-packages/airflow/example_dags/example_branch_operator_decorator.py for tasks to queue
[2026-07-19T19:21:23.253+0545] {logging_mixin.py:188} INFO - [2026-07-19T19:21:23.253+0545] {dagbag.py:545} INFO - Filling up the DagBag from /home/snigdh/repos/bigData/spark_demo_env/lib/python3.12/site-packages/airflow/example_dags/example_branch_operator_decorator.py
[2026-07-19T19:21:23.255+0545] {processor.py:842} WARNING - No viable dags retrieved from /home/snigdh/repos/bigData/spark_demo_env/lib/python3.12/site-packages/airflow/example_dags/example_branch_operator_decorator.py
[2026-07-19T19:21:23.260+0545] {processor.py:183} INFO - Processing /home/snigdh/repos/bigData/spark_demo_env/lib/python3.12/site-packages/airflow/example_dags/example_branch_operator_decorator.py took 0.013 seconds
[2026-07-19T19:22:25.033+0545] {processor.py:161} INFO - Started process (PID=60726) to work on /home/snigdh/repos/bigData/spark_demo_env/lib/python3.12/site-packages/airflow/example_dags/example_branch_operator_decorator.py
[2026-07-19T19:22:25.036+0545] {processor.py:830} INFO - Processing file /home/snigdh/repos/bigData/spark_demo_env/lib/python3.12/site-packages/airflow/example_dags/example_branch_operator_decorator.py for tasks to queue
[2026-07-19T19:22:25.037+0545] {logging_mixin.py:188} INFO - [2026-07-19T19:22:25.037+0545] {dagbag.py:545} INFO - Filling up the DagBag from /home/snigdh/repos/bigData/spark_demo_env/lib/python3.12/site-packages/airflow/example_dags/example_branch_operator_decorator.py
[2026-07-19T19:22:25.039+0545] {processor.py:842} WARNING - No viable dags retrieved from /home/snigdh/repos/bigData/spark_demo_env/lib/python3.12/site-packages/airflow/example_dags/example_branch_operator_decorator.py
[2026-07-19T19:22:25.044+0545] {processor.py:183} INFO - Processing /home/snigdh/repos/bigData/spark_demo_env/lib/python3.12/site-packages/airflow/example_dags/example_branch_operator_decorator.py took 0.015 seconds
[2026-07-19T19:23:30.137+0545] {processor.py:161} INFO - Started process (PID=61290) to work on /home/snigdh/repos/bigData/spark_demo_env/lib/python3.12/site-packages/airflow/example_dags/example_branch_operator_decorator.py
[2026-07-19T19:23:30.140+0545] {processor.py:830} INFO - Processing file /home/snigdh/repos/bigData/spark_demo_env/lib/python3.12/site-packages/airflow/example_dags/example_branch_operator_decorator.py for tasks to queue
[2026-07-19T19:23:30.141+0545] {logging_mixin.py:188} INFO - [2026-07-19T19:23:30.141+0545] {dagbag.py:545} INFO - Filling up the DagBag from /home/snigdh/repos/bigData/spark_demo_env/lib/python3.12/site-packages/airflow/example_dags/example_branch_operator_decorator.py
[2026-07-19T19:23:30.142+0545] {processor.py:842} WARNING - No viable dags retrieved from /home/snigdh/repos/bigData/spark_demo_env/lib/python3.12/site-packages/airflow/example_dags/example_branch_operator_decorator.py
[2026-07-19T19:23:30.147+0545] {processor.py:183} INFO - Processing /home/snigdh/repos/bigData/spark_demo_env/lib/python3.12/site-packages/airflow/example_dags/example_branch_operator_decorator.py took 0.013 seconds
[2026-07-19T19:24:34.598+0545] {processor.py:161} INFO - Started process (PID=61957) to work on /home/snigdh/repos/bigData/spark_demo_env/lib/python3.12/site-packages/airflow/example_dags/example_branch_operator_decorator.py
[2026-07-19T19:24:34.601+0545] {processor.py:830} INFO - Processing file /home/snigdh/repos/bigData/spark_demo_env/lib/python3.12/site-packages/airflow/example_dags/example_branch_operator_decorator.py for tasks to queue
[2026-07-19T19:24:34.602+0545] {logging_mixin.py:188} INFO - [2026-07-19T19:24:34.602+0545] {dagbag.py:545} INFO - Filling up the DagBag from /home/snigdh/repos/bigData/spark_demo_env/lib/python3.12/site-packages/airflow/example_dags/example_branch_operator_decorator.py
[2026-07-19T19:24:34.603+0545] {processor.py:842} WARNING - No viable dags retrieved from /home/snigdh/repos/bigData/spark_demo_env/lib/python3.12/site-packages/airflow/example_dags/example_branch_operator_decorator.py
[2026-07-19T19:24:34.610+0545] {processor.py:183} INFO - Processing /home/snigdh/repos/bigData/spark_demo_env/lib/python3.12/site-packages/airflow/example_dags/example_branch_operator_decorator.py took 0.016 seconds
[2026-07-19T19:25:35.379+0545] {processor.py:161} INFO - Started process (PID=62863) to work on /home/snigdh/repos/bigData/spark_demo_env/lib/python3.12/site-packages/airflow/example_dags/example_branch_operator_decorator.py
[2026-07-19T19:25:35.382+0545] {processor.py:830} INFO - Processing file /home/snigdh/repos/bigData/spark_demo_env/lib/python3.12/site-packages/airflow/example_dags/example_branch_operator_decorator.py for tasks to queue
[2026-07-19T19:25:35.382+0545] {logging_mixin.py:188} INFO - [2026-07-19T19:25:35.382+0545] {dagbag.py:545} INFO - Filling up the DagBag from /home/snigdh/repos/bigData/spark_demo_env/lib/python3.12/site-packages/airflow/example_dags/example_branch_operator_decorator.py
[2026-07-19T19:25:35.383+0545] {processor.py:842} WARNING - No viable dags retrieved from /home/snigdh/repos/bigData/spark_demo_env/lib/python3.12/site-packages/airflow/example_dags/example_branch_operator_decorator.py
[2026-07-19T19:25:35.389+0545] {processor.py:183} INFO - Processing /home/snigdh/repos/bigData/spark_demo_env/lib/python3.12/site-packages/airflow/example_dags/example_branch_operator_decorator.py took 0.013 seconds
[2026-07-19T19:26:33.034+0545] {processor.py:161} INFO - Started process (PID=63519) to work on /home/snigdh/repos/bigData/spark_demo_env/lib/python3.12/site-packages/airflow/example_dags/example_branch_operator_decorator.py
[2026-07-19T19:26:33.037+0545] {processor.py:830} INFO - Processing file /home/snigdh/repos/bigData/spark_demo_env/lib/python3.12/site-packages/airflow/example_dags/example_branch_operator_decorator.py for tasks to queue
[2026-07-19T19:26:33.037+0545] {logging_mixin.py:188} INFO - [2026-07-19T19:26:33.037+0545] {dagbag.py:545} INFO - Filling up the DagBag from /home/snigdh/repos/bigData/spark_demo_env/lib/python3.12/site-packages/airflow/example_dags/example_branch_operator_decorator.py
[2026-07-19T19:26:33.039+0545] {processor.py:842} WARNING - No viable dags retrieved from /home/snigdh/repos/bigData/spark_demo_env/lib/python3.12/site-packages/airflow/example_dags/example_branch_operator_decorator.py
[2026-07-19T19:26:33.044+0545] {processor.py:183} INFO - Processing /home/snigdh/repos/bigData/spark_demo_env/lib/python3.12/site-packages/airflow/example_dags/example_branch_operator_decorator.py took 0.013 seconds
[2026-07-19T19:27:35.019+0545] {processor.py:161} INFO - Started process (PID=63942) to work on /home/snigdh/repos/bigData/spark_demo_env/lib/python3.12/site-packages/airflow/example_dags/example_branch_operator_decorator.py
[2026-07-19T19:27:35.022+0545] {processor.py:830} INFO - Processing file /home/snigdh/repos/bigData/spark_demo_env/lib/python3.12/site-packages/airflow/example_dags/example_branch_operator_decorator.py for tasks to queue
[2026-07-19T19:27:35.022+0545] {logging_mixin.py:188} INFO - [2026-07-19T19:27:35.022+0545] {dagbag.py:545} INFO - Filling up the DagBag from /home/snigdh/repos/bigData/spark_demo_env/lib/python3.12/site-packages/airflow/example_dags/example_branch_operator_decorator.py
[2026-07-19T19:27:35.024+0545] {processor.py:842} WARNING - No viable dags retrieved from /home/snigdh/repos/bigData/spark_demo_env/lib/python3.12/site-packages/airflow/example_dags/example_branch_operator_decorator.py
[2026-07-19T19:27:35.029+0545] {processor.py:183} INFO - Processing /home/snigdh/repos/bigData/spark_demo_env/lib/python3.12/site-packages/airflow/example_dags/example_branch_operator_decorator.py took 0.015 seconds
[2026-07-19T19:29:38.125+0545] {processor.py:161} INFO - Started process (PID=67327) to work on /home/snigdh/repos/bigData/spark_demo_env/lib/python3.12/site-packages/airflow/example_dags/example_branch_operator_decorator.py
[2026-07-19T19:29:38.136+0545] {processor.py:830} INFO - Processing file /home/snigdh/repos/bigData/spark_demo_env/lib/python3.12/site-packages/airflow/example_dags/example_branch_operator_decorator.py for tasks to queue
[2026-07-19T19:29:38.137+0545] {logging_mixin.py:188} INFO - [2026-07-19T19:29:38.136+0545] {dagbag.py:545} INFO - Filling up the DagBag from /home/snigdh/repos/bigData/spark_demo_env/lib/python3.12/site-packages/airflow/example_dags/example_branch_operator_decorator.py
[2026-07-19T19:29:38.139+0545] {processor.py:842} WARNING - No viable dags retrieved from /home/snigdh/repos/bigData/spark_demo_env/lib/python3.12/site-packages/airflow/example_dags/example_branch_operator_decorator.py
[2026-07-19T19:29:38.146+0545] {processor.py:183} INFO - Processing /home/snigdh/repos/bigData/spark_demo_env/lib/python3.12/site-packages/airflow/example_dags/example_branch_operator_decorator.py took 0.025 seconds
[2026-07-19T20:20:05.511+0545] {processor.py:161} INFO - Started process (PID=107071) to work on /home/snigdh/repos/bigData/spark_demo_env/lib/python3.12/site-packages/airflow/example_dags/example_branch_operator_decorator.py
[2026-07-19T20:20:05.515+0545] {processor.py:830} INFO - Processing file /home/snigdh/repos/bigData/spark_demo_env/lib/python3.12/site-packages/airflow/example_dags/example_branch_operator_decorator.py for tasks to queue
[2026-07-19T20:20:05.516+0545] {logging_mixin.py:188} INFO - [2026-07-19T20:20:05.515+0545] {dagbag.py:545} INFO - Filling up the DagBag from /home/snigdh/repos/bigData/spark_demo_env/lib/python3.12/site-packages/airflow/example_dags/example_branch_operator_decorator.py
[2026-07-19T20:20:05.520+0545] {processor.py:842} WARNING - No viable dags retrieved from /home/snigdh/repos/bigData/spark_demo_env/lib/python3.12/site-packages/airflow/example_dags/example_branch_operator_decorator.py
[2026-07-19T20:20:05.535+0545] {processor.py:183} INFO - Processing /home/snigdh/repos/bigData/spark_demo_env/lib/python3.12/site-packages/airflow/example_dags/example_branch_operator_decorator.py took 0.033 seconds
[2026-07-19T20:21:14.146+0545] {processor.py:161} INFO - Started process (PID=107807) to work on /home/snigdh/repos/bigData/spark_demo_env/lib/python3.12/site-packages/airflow/example_dags/example_branch_operator_decorator.py
[2026-07-19T20:21:14.150+0545] {processor.py:830} INFO - Processing file /home/snigdh/repos/bigData/spark_demo_env/lib/python3.12/site-packages/airflow/example_dags/example_branch_operator_decorator.py for tasks to queue
[2026-07-19T20:21:14.151+0545] {logging_mixin.py:188} INFO - [2026-07-19T20:21:14.150+0545] {dagbag.py:545} INFO - Filling up the DagBag from /home/snigdh/repos/bigData/spark_demo_env/lib/python3.12/site-packages/airflow/example_dags/example_branch_operator_decorator.py
[2026-07-19T20:21:14.154+0545] {processor.py:842} WARNING - No viable dags retrieved from /home/snigdh/repos/bigData/spark_demo_env/lib/python3.12/site-packages/airflow/example_dags/example_branch_operator_decorator.py
[2026-07-19T20:21:14.168+0545] {processor.py:183} INFO - Processing /home/snigdh/repos/bigData/spark_demo_env/lib/python3.12/site-packages/airflow/example_dags/example_branch_operator_decorator.py took 0.030 seconds
[2026-07-19T20:22:28.433+0545] {processor.py:161} INFO - Started process (PID=108577) to work on /home/snigdh/repos/bigData/spark_demo_env/lib/python3.12/site-packages/airflow/example_dags/example_branch_operator_decorator.py
[2026-07-19T20:22:28.435+0545] {processor.py:830} INFO - Processing file /home/snigdh/repos/bigData/spark_demo_env/lib/python3.12/site-packages/airflow/example_dags/example_branch_operator_decorator.py for tasks to queue
[2026-07-19T20:22:28.436+0545] {logging_mixin.py:188} INFO - [2026-07-19T20:22:28.435+0545] {dagbag.py:545} INFO - Filling up the DagBag from /home/snigdh/repos/bigData/spark_demo_env/lib/python3.12/site-packages/airflow/example_dags/example_branch_operator_decorator.py
[2026-07-19T20:22:28.439+0545] {processor.py:842} WARNING - No viable dags retrieved from /home/snigdh/repos/bigData/spark_demo_env/lib/python3.12/site-packages/airflow/example_dags/example_branch_operator_decorator.py
[2026-07-19T20:22:28.454+0545] {processor.py:183} INFO - Processing /home/snigdh/repos/bigData/spark_demo_env/lib/python3.12/site-packages/airflow/example_dags/example_branch_operator_decorator.py took 0.029 seconds
[2026-07-19T20:23:18.781+0545] {processor.py:161} INFO - Started process (PID=109062) to work on /home/snigdh/repos/bigData/spark_demo_env/lib/python3.12/site-packages/airflow/example_dags/example_branch_operator_decorator.py
[2026-07-19T20:23:18.784+0545] {processor.py:830} INFO - Processing file /home/snigdh/repos/bigData/spark_demo_env/lib/python3.12/site-packages/airflow/example_dags/example_branch_operator_decorator.py for tasks to queue
[2026-07-19T20:23:18.786+0545] {logging_mixin.py:188} INFO - [2026-07-19T20:23:18.785+0545] {dagbag.py:545} INFO - Filling up the DagBag from /home/snigdh/repos/bigData/spark_demo_env/lib/python3.12/site-packages/airflow/example_dags/example_branch_operator_decorator.py
[2026-07-19T20:23:18.790+0545] {processor.py:842} WARNING - No viable dags retrieved from /home/snigdh/repos/bigData/spark_demo_env/lib/python3.12/site-packages/airflow/example_dags/example_branch_operator_decorator.py
[2026-07-19T20:23:18.805+0545] {processor.py:183} INFO - Processing /home/snigdh/repos/bigData/spark_demo_env/lib/python3.12/site-packages/airflow/example_dags/example_branch_operator_decorator.py took 0.032 seconds
[2026-07-19T20:24:21.214+0545] {processor.py:161} INFO - Started process (PID=109684) to work on /home/snigdh/repos/bigData/spark_demo_env/lib/python3.12/site-packages/airflow/example_dags/example_branch_operator_decorator.py
[2026-07-19T20:24:21.218+0545] {processor.py:830} INFO - Processing file /home/snigdh/repos/bigData/spark_demo_env/lib/python3.12/site-packages/airflow/example_dags/example_branch_operator_decorator.py for tasks to queue
[2026-07-19T20:24:21.220+0545] {logging_mixin.py:188} INFO - [2026-07-19T20:24:21.219+0545] {dagbag.py:545} INFO - Filling up the DagBag from /home/snigdh/repos/bigData/spark_demo_env/lib/python3.12/site-packages/airflow/example_dags/example_branch_operator_decorator.py
[2026-07-19T20:24:21.223+0545] {processor.py:842} WARNING - No viable dags retrieved from /home/snigdh/repos/bigData/spark_demo_env/lib/python3.12/site-packages/airflow/example_dags/example_branch_operator_decorator.py
[2026-07-19T20:24:21.237+0545] {processor.py:183} INFO - Processing /home/snigdh/repos/bigData/spark_demo_env/lib/python3.12/site-packages/airflow/example_dags/example_branch_operator_decorator.py took 0.030 seconds
[2026-07-19T20:25:22.553+0545] {processor.py:161} INFO - Started process (PID=110307) to work on /home/snigdh/repos/bigData/spark_demo_env/lib/python3.12/site-packages/airflow/example_dags/example_branch_operator_decorator.py
[2026-07-19T20:25:22.557+0545] {processor.py:830} INFO - Processing file /home/snigdh/repos/bigData/spark_demo_env/lib/python3.12/site-packages/airflow/example_dags/example_branch_operator_decorator.py for tasks to queue
[2026-07-19T20:25:22.558+0545] {logging_mixin.py:188} INFO - [2026-07-19T20:25:22.558+0545] {dagbag.py:545} INFO - Filling up the DagBag from /home/snigdh/repos/bigData/spark_demo_env/lib/python3.12/site-packages/airflow/example_dags/example_branch_operator_decorator.py
[2026-07-19T20:25:22.562+0545] {processor.py:842} WARNING - No viable dags retrieved from /home/snigdh/repos/bigData/spark_demo_env/lib/python3.12/site-packages/airflow/example_dags/example_branch_operator_decorator.py
[2026-07-19T20:25:22.577+0545] {processor.py:183} INFO - Processing /home/snigdh/repos/bigData/spark_demo_env/lib/python3.12/site-packages/airflow/example_dags/example_branch_operator_decorator.py took 0.032 seconds
[2026-07-19T20:26:30.310+0545] {processor.py:161} INFO - Started process (PID=111048) to work on /home/snigdh/repos/bigData/spark_demo_env/lib/python3.12/site-packages/airflow/example_dags/example_branch_operator_decorator.py
[2026-07-19T20:26:30.314+0545] {processor.py:830} INFO - Processing file /home/snigdh/repos/bigData/spark_demo_env/lib/python3.12/site-packages/airflow/example_dags/example_branch_operator_decorator.py for tasks to queue
[2026-07-19T20:26:30.316+0545] {logging_mixin.py:188} INFO - [2026-07-19T20:26:30.315+0545] {dagbag.py:545} INFO - Filling up the DagBag from /home/snigdh/repos/bigData/spark_demo_env/lib/python3.12/site-packages/airflow/example_dags/example_branch_operator_decorator.py
[2026-07-19T20:26:30.319+0545] {processor.py:842} WARNING - No viable dags retrieved from /home/snigdh/repos/bigData/spark_demo_env/lib/python3.12/site-packages/airflow/example_dags/example_branch_operator_decorator.py
[2026-07-19T20:26:30.334+0545] {processor.py:183} INFO - Processing /home/snigdh/repos/bigData/spark_demo_env/lib/python3.12/site-packages/airflow/example_dags/example_branch_operator_decorator.py took 0.033 seconds
[2026-07-19T20:27:36.973+0545] {processor.py:161} INFO - Started process (PID=111709) to work on /home/snigdh/repos/bigData/spark_demo_env/lib/python3.12/site-packages/airflow/example_dags/example_branch_operator_decorator.py
[2026-07-19T20:27:36.977+0545] {processor.py:830} INFO - Processing file /home/snigdh/repos/bigData/spark_demo_env/lib/python3.12/site-packages/airflow/example_dags/example_branch_operator_decorator.py for tasks to queue
[2026-07-19T20:27:36.979+0545] {logging_mixin.py:188} INFO - [2026-07-19T20:27:36.978+0545] {dagbag.py:545} INFO - Filling up the DagBag from /home/snigdh/repos/bigData/spark_demo_env/lib/python3.12/site-packages/airflow/example_dags/example_branch_operator_decorator.py
[2026-07-19T20:27:36.982+0545] {processor.py:842} WARNING - No viable dags retrieved from /home/snigdh/repos/bigData/spark_demo_env/lib/python3.12/site-packages/airflow/example_dags/example_branch_operator_decorator.py
[2026-07-19T20:27:36.997+0545] {processor.py:183} INFO - Processing /home/snigdh/repos/bigData/spark_demo_env/lib/python3.12/site-packages/airflow/example_dags/example_branch_operator_decorator.py took 0.031 seconds
[2026-07-19T20:28:44.509+0545] {processor.py:161} INFO - Started process (PID=112411) to work on /home/snigdh/repos/bigData/spark_demo_env/lib/python3.12/site-packages/airflow/example_dags/example_branch_operator_decorator.py
[2026-07-19T20:28:44.513+0545] {processor.py:830} INFO - Processing file /home/snigdh/repos/bigData/spark_demo_env/lib/python3.12/site-packages/airflow/example_dags/example_branch_operator_decorator.py for tasks to queue
[2026-07-19T20:28:44.514+0545] {logging_mixin.py:188} INFO - [2026-07-19T20:28:44.513+0545] {dagbag.py:545} INFO - Filling up the DagBag from /home/snigdh/repos/bigData/spark_demo_env/lib/python3.12/site-packages/airflow/example_dags/example_branch_operator_decorator.py
[2026-07-19T20:28:44.517+0545] {processor.py:842} WARNING - No viable dags retrieved from /home/snigdh/repos/bigData/spark_demo_env/lib/python3.12/site-packages/airflow/example_dags/example_branch_operator_decorator.py
[2026-07-19T20:28:44.532+0545] {processor.py:183} INFO - Processing /home/snigdh/repos/bigData/spark_demo_env/lib/python3.12/site-packages/airflow/example_dags/example_branch_operator_decorator.py took 0.030 seconds
[2026-07-19T20:29:52.601+0545] {processor.py:161} INFO - Started process (PID=113088) to work on /home/snigdh/repos/bigData/spark_demo_env/lib/python3.12/site-packages/airflow/example_dags/example_branch_operator_decorator.py
[2026-07-19T20:29:52.604+0545] {processor.py:830} INFO - Processing file /home/snigdh/repos/bigData/spark_demo_env/lib/python3.12/site-packages/airflow/example_dags/example_branch_operator_decorator.py for tasks to queue
[2026-07-19T20:29:52.606+0545] {logging_mixin.py:188} INFO - [2026-07-19T20:29:52.605+0545] {dagbag.py:545} INFO - Filling up the DagBag from /home/snigdh/repos/bigData/spark_demo_env/lib/python3.12/site-packages/airflow/example_dags/example_branch_operator_decorator.py
[2026-07-19T20:29:52.609+0545] {processor.py:842} WARNING - No viable dags retrieved from /home/snigdh/repos/bigData/spark_demo_env/lib/python3.12/site-packages/airflow/example_dags/example_branch_operator_decorator.py
[2026-07-19T20:29:52.624+0545] {processor.py:183} INFO - Processing /home/snigdh/repos/bigData/spark_demo_env/lib/python3.12/site-packages/airflow/example_dags/example_branch_operator_decorator.py took 0.030 seconds
[2026-07-19T20:30:59.270+0545] {processor.py:161} INFO - Started process (PID=113743) to work on /home/snigdh/repos/bigData/spark_demo_env/lib/python3.12/site-packages/airflow/example_dags/example_branch_operator_decorator.py
[2026-07-19T20:30:59.274+0545] {processor.py:830} INFO - Processing file /home/snigdh/repos/bigData/spark_demo_env/lib/python3.12/site-packages/airflow/example_dags/example_branch_operator_decorator.py for tasks to queue
[2026-07-19T20:30:59.275+0545] {logging_mixin.py:188} INFO - [2026-07-19T20:30:59.274+0545] {dagbag.py:545} INFO - Filling up the DagBag from /home/snigdh/repos/bigData/spark_demo_env/lib/python3.12/site-packages/airflow/example_dags/example_branch_operator_decorator.py
[2026-07-19T20:30:59.278+0545] {processor.py:842} WARNING - No viable dags retrieved from /home/snigdh/repos/bigData/spark_demo_env/lib/python3.12/site-packages/airflow/example_dags/example_branch_operator_decorator.py
[2026-07-19T20:30:59.292+0545] {processor.py:183} INFO - Processing /home/snigdh/repos/bigData/spark_demo_env/lib/python3.12/site-packages/airflow/example_dags/example_branch_operator_decorator.py took 0.030 seconds
[2026-07-19T20:32:04.947+0545] {processor.py:161} INFO - Started process (PID=114446) to work on /home/snigdh/repos/bigData/spark_demo_env/lib/python3.12/site-packages/airflow/example_dags/example_branch_operator_decorator.py
[2026-07-19T20:32:04.951+0545] {processor.py:830} INFO - Processing file /home/snigdh/repos/bigData/spark_demo_env/lib/python3.12/site-packages/airflow/example_dags/example_branch_operator_decorator.py for tasks to queue
[2026-07-19T20:32:04.953+0545] {logging_mixin.py:188} INFO - [2026-07-19T20:32:04.952+0545] {dagbag.py:545} INFO - Filling up the DagBag from /home/snigdh/repos/bigData/spark_demo_env/lib/python3.12/site-packages/airflow/example_dags/example_branch_operator_decorator.py
[2026-07-19T20:32:04.956+0545] {processor.py:842} WARNING - No viable dags retrieved from /home/snigdh/repos/bigData/spark_demo_env/lib/python3.12/site-packages/airflow/example_dags/example_branch_operator_decorator.py
[2026-07-19T20:32:04.970+0545] {processor.py:183} INFO - Processing /home/snigdh/repos/bigData/spark_demo_env/lib/python3.12/site-packages/airflow/example_dags/example_branch_operator_decorator.py took 0.030 seconds
[2026-07-19T20:33:15.299+0545] {processor.py:161} INFO - Started process (PID=115146) to work on /home/snigdh/repos/bigData/spark_demo_env/lib/python3.12/site-packages/airflow/example_dags/example_branch_operator_decorator.py
[2026-07-19T20:33:15.303+0545] {processor.py:830} INFO - Processing file /home/snigdh/repos/bigData/spark_demo_env/lib/python3.12/site-packages/airflow/example_dags/example_branch_operator_decorator.py for tasks to queue
[2026-07-19T20:33:15.304+0545] {logging_mixin.py:188} INFO - [2026-07-19T20:33:15.304+0545] {dagbag.py:545} INFO - Filling up the DagBag from /home/snigdh/repos/bigData/spark_demo_env/lib/python3.12/site-packages/airflow/example_dags/example_branch_operator_decorator.py
[2026-07-19T20:33:15.308+0545] {processor.py:842} WARNING - No viable dags retrieved from /home/snigdh/repos/bigData/spark_demo_env/lib/python3.12/site-packages/airflow/example_dags/example_branch_operator_decorator.py
[2026-07-19T20:33:15.322+0545] {processor.py:183} INFO - Processing /home/snigdh/repos/bigData/spark_demo_env/lib/python3.12/site-packages/airflow/example_dags/example_branch_operator_decorator.py took 0.030 seconds
[2026-07-19T20:34:20.316+0545] {processor.py:161} INFO - Started process (PID=115796) to work on /home/snigdh/repos/bigData/spark_demo_env/lib/python3.12/site-packages/airflow/example_dags/example_branch_operator_decorator.py
[2026-07-19T20:34:20.317+0545] {processor.py:830} INFO - Processing file /home/snigdh/repos/bigData/spark_demo_env/lib/python3.12/site-packages/airflow/example_dags/example_branch_operator_decorator.py for tasks to queue
[2026-07-19T20:34:20.319+0545] {logging_mixin.py:188} INFO - [2026-07-19T20:34:20.318+0545] {dagbag.py:545} INFO - Filling up the DagBag from /home/snigdh/repos/bigData/spark_demo_env/lib/python3.12/site-packages/airflow/example_dags/example_branch_operator_decorator.py
[2026-07-19T20:34:20.322+0545] {processor.py:842} WARNING - No viable dags retrieved from /home/snigdh/repos/bigData/spark_demo_env/lib/python3.12/site-packages/airflow/example_dags/example_branch_operator_decorator.py
[2026-07-19T20:34:20.336+0545] {processor.py:183} INFO - Processing /home/snigdh/repos/bigData/spark_demo_env/lib/python3.12/site-packages/airflow/example_dags/example_branch_operator_decorator.py took 0.028 seconds
[2026-07-19T20:35:27.300+0545] {processor.py:161} INFO - Started process (PID=116496) to work on /home/snigdh/repos/bigData/spark_demo_env/lib/python3.12/site-packages/airflow/example_dags/example_branch_operator_decorator.py
[2026-07-19T20:35:27.314+0545] {processor.py:830} INFO - Processing file /home/snigdh/repos/bigData/spark_demo_env/lib/python3.12/site-packages/airflow/example_dags/example_branch_operator_decorator.py for tasks to queue
[2026-07-19T20:35:27.315+0545] {logging_mixin.py:188} INFO - [2026-07-19T20:35:27.315+0545] {dagbag.py:545} INFO - Filling up the DagBag from /home/snigdh/repos/bigData/spark_demo_env/lib/python3.12/site-packages/airflow/example_dags/example_branch_operator_decorator.py
[2026-07-19T20:35:27.319+0545] {processor.py:842} WARNING - No viable dags retrieved from /home/snigdh/repos/bigData/spark_demo_env/lib/python3.12/site-packages/airflow/example_dags/example_branch_operator_decorator.py
[2026-07-19T20:35:27.333+0545] {processor.py:183} INFO - Processing /home/snigdh/repos/bigData/spark_demo_env/lib/python3.12/site-packages/airflow/example_dags/example_branch_operator_decorator.py took 0.041 seconds
[2026-07-19T20:42:53.982+0545] {processor.py:161} INFO - Started process (PID=117874) to work on /home/snigdh/repos/bigData/spark_demo_env/lib/python3.12/site-packages/airflow/example_dags/example_branch_operator_decorator.py
[2026-07-19T20:42:53.985+0545] {processor.py:830} INFO - Processing file /home/snigdh/repos/bigData/spark_demo_env/lib/python3.12/site-packages/airflow/example_dags/example_branch_operator_decorator.py for tasks to queue
[2026-07-19T20:42:53.986+0545] {logging_mixin.py:188} INFO - [2026-07-19T20:42:53.986+0545] {dagbag.py:545} INFO - Filling up the DagBag from /home/snigdh/repos/bigData/spark_demo_env/lib/python3.12/site-packages/airflow/example_dags/example_branch_operator_decorator.py
[2026-07-19T20:42:53.987+0545] {processor.py:842} WARNING - No viable dags retrieved from /home/snigdh/repos/bigData/spark_demo_env/lib/python3.12/site-packages/airflow/example_dags/example_branch_operator_decorator.py
[2026-07-19T20:42:53.992+0545] {processor.py:183} INFO - Processing /home/snigdh/repos/bigData/spark_demo_env/lib/python3.12/site-packages/airflow/example_dags/example_branch_operator_decorator.py took 0.013 seconds
[2026-07-19T20:43:53.562+0545] {processor.py:161} INFO - Started process (PID=118466) to work on /home/snigdh/repos/bigData/spark_demo_env/lib/python3.12/site-packages/airflow/example_dags/example_branch_operator_decorator.py
[2026-07-19T20:43:53.565+0545] {processor.py:830} INFO - Processing file /home/snigdh/repos/bigData/spark_demo_env/lib/python3.12/site-packages/airflow/example_dags/example_branch_operator_decorator.py for tasks to queue
[2026-07-19T20:43:53.565+0545] {logging_mixin.py:188} INFO - [2026-07-19T20:43:53.565+0545] {dagbag.py:545} INFO - Filling up the DagBag from /home/snigdh/repos/bigData/spark_demo_env/lib/python3.12/site-packages/airflow/example_dags/example_branch_operator_decorator.py
[2026-07-19T20:43:53.567+0545] {processor.py:842} WARNING - No viable dags retrieved from /home/snigdh/repos/bigData/spark_demo_env/lib/python3.12/site-packages/airflow/example_dags/example_branch_operator_decorator.py
[2026-07-19T20:43:53.573+0545] {processor.py:183} INFO - Processing /home/snigdh/repos/bigData/spark_demo_env/lib/python3.12/site-packages/airflow/example_dags/example_branch_operator_decorator.py took 0.015 seconds
[2026-07-19T20:44:55.735+0545] {processor.py:161} INFO - Started process (PID=119058) to work on /home/snigdh/repos/bigData/spark_demo_env/lib/python3.12/site-packages/airflow/example_dags/example_branch_operator_decorator.py
[2026-07-19T20:44:55.738+0545] {processor.py:830} INFO - Processing file /home/snigdh/repos/bigData/spark_demo_env/lib/python3.12/site-packages/airflow/example_dags/example_branch_operator_decorator.py for tasks to queue
[2026-07-19T20:44:55.739+0545] {logging_mixin.py:188} INFO - [2026-07-19T20:44:55.739+0545] {dagbag.py:545} INFO - Filling up the DagBag from /home/snigdh/repos/bigData/spark_demo_env/lib/python3.12/site-packages/airflow/example_dags/example_branch_operator_decorator.py
[2026-07-19T20:44:55.741+0545] {processor.py:842} WARNING - No viable dags retrieved from /home/snigdh/repos/bigData/spark_demo_env/lib/python3.12/site-packages/airflow/example_dags/example_branch_operator_decorator.py
[2026-07-19T20:44:55.748+0545] {processor.py:183} INFO - Processing /home/snigdh/repos/bigData/spark_demo_env/lib/python3.12/site-packages/airflow/example_dags/example_branch_operator_decorator.py took 0.017 seconds
[2026-07-19T20:45:56.806+0545] {processor.py:161} INFO - Started process (PID=119648) to work on /home/snigdh/repos/bigData/spark_demo_env/lib/python3.12/site-packages/airflow/example_dags/example_branch_operator_decorator.py
[2026-07-19T20:45:56.809+0545] {processor.py:830} INFO - Processing file /home/snigdh/repos/bigData/spark_demo_env/lib/python3.12/site-packages/airflow/example_dags/example_branch_operator_decorator.py for tasks to queue
[2026-07-19T20:45:56.810+0545] {logging_mixin.py:188} INFO - [2026-07-19T20:45:56.809+0545] {dagbag.py:545} INFO - Filling up the DagBag from /home/snigdh/repos/bigData/spark_demo_env/lib/python3.12/site-packages/airflow/example_dags/example_branch_operator_decorator.py
[2026-07-19T20:45:56.811+0545] {processor.py:842} WARNING - No viable dags retrieved from /home/snigdh/repos/bigData/spark_demo_env/lib/python3.12/site-packages/airflow/example_dags/example_branch_operator_decorator.py
[2026-07-19T20:45:56.818+0545] {processor.py:183} INFO - Processing /home/snigdh/repos/bigData/spark_demo_env/lib/python3.12/site-packages/airflow/example_dags/example_branch_operator_decorator.py took 0.014 seconds
[2026-07-19T20:46:57.354+0545] {processor.py:161} INFO - Started process (PID=120299) to work on /home/snigdh/repos/bigData/spark_demo_env/lib/python3.12/site-packages/airflow/example_dags/example_branch_operator_decorator.py
[2026-07-19T20:46:57.357+0545] {processor.py:830} INFO - Processing file /home/snigdh/repos/bigData/spark_demo_env/lib/python3.12/site-packages/airflow/example_dags/example_branch_operator_decorator.py for tasks to queue
[2026-07-19T20:46:57.357+0545] {logging_mixin.py:188} INFO - [2026-07-19T20:46:57.357+0545] {dagbag.py:545} INFO - Filling up the DagBag from /home/snigdh/repos/bigData/spark_demo_env/lib/python3.12/site-packages/airflow/example_dags/example_branch_operator_decorator.py
[2026-07-19T20:46:57.359+0545] {processor.py:842} WARNING - No viable dags retrieved from /home/snigdh/repos/bigData/spark_demo_env/lib/python3.12/site-packages/airflow/example_dags/example_branch_operator_decorator.py
[2026-07-19T20:46:57.365+0545] {processor.py:183} INFO - Processing /home/snigdh/repos/bigData/spark_demo_env/lib/python3.12/site-packages/airflow/example_dags/example_branch_operator_decorator.py took 0.016 seconds
[2026-07-19T20:47:58.123+0545] {processor.py:161} INFO - Started process (PID=120945) to work on /home/snigdh/repos/bigData/spark_demo_env/lib/python3.12/site-packages/airflow/example_dags/example_branch_operator_decorator.py
[2026-07-19T20:47:58.126+0545] {processor.py:830} INFO - Processing file /home/snigdh/repos/bigData/spark_demo_env/lib/python3.12/site-packages/airflow/example_dags/example_branch_operator_decorator.py for tasks to queue
[2026-07-19T20:47:58.127+0545] {logging_mixin.py:188} INFO - [2026-07-19T20:47:58.126+0545] {dagbag.py:545} INFO - Filling up the DagBag from /home/snigdh/repos/bigData/spark_demo_env/lib/python3.12/site-packages/airflow/example_dags/example_branch_operator_decorator.py
[2026-07-19T20:47:58.129+0545] {processor.py:842} WARNING - No viable dags retrieved from /home/snigdh/repos/bigData/spark_demo_env/lib/python3.12/site-packages/airflow/example_dags/example_branch_operator_decorator.py
[2026-07-19T20:47:58.135+0545] {processor.py:183} INFO - Processing /home/snigdh/repos/bigData/spark_demo_env/lib/python3.12/site-packages/airflow/example_dags/example_branch_operator_decorator.py took 0.015 seconds
[2026-07-19T20:48:58.662+0545] {processor.py:161} INFO - Started process (PID=121488) to work on /home/snigdh/repos/bigData/spark_demo_env/lib/python3.12/site-packages/airflow/example_dags/example_branch_operator_decorator.py
[2026-07-19T20:48:58.665+0545] {processor.py:830} INFO - Processing file /home/snigdh/repos/bigData/spark_demo_env/lib/python3.12/site-packages/airflow/example_dags/example_branch_operator_decorator.py for tasks to queue
[2026-07-19T20:48:58.665+0545] {logging_mixin.py:188} INFO - [2026-07-19T20:48:58.665+0545] {dagbag.py:545} INFO - Filling up the DagBag from /home/snigdh/repos/bigData/spark_demo_env/lib/python3.12/site-packages/airflow/example_dags/example_branch_operator_decorator.py
[2026-07-19T20:48:58.667+0545] {processor.py:842} WARNING - No viable dags retrieved from /home/snigdh/repos/bigData/spark_demo_env/lib/python3.12/site-packages/airflow/example_dags/example_branch_operator_decorator.py
[2026-07-19T20:48:58.672+0545] {processor.py:183} INFO - Processing /home/snigdh/repos/bigData/spark_demo_env/lib/python3.12/site-packages/airflow/example_dags/example_branch_operator_decorator.py took 0.013 seconds
[2026-07-19T20:49:58.300+0545] {processor.py:161} INFO - Started process (PID=122132) to work on /home/snigdh/repos/bigData/spark_demo_env/lib/python3.12/site-packages/airflow/example_dags/example_branch_operator_decorator.py
[2026-07-19T20:49:58.303+0545] {processor.py:830} INFO - Processing file /home/snigdh/repos/bigData/spark_demo_env/lib/python3.12/site-packages/airflow/example_dags/example_branch_operator_decorator.py for tasks to queue
[2026-07-19T20:49:58.304+0545] {logging_mixin.py:188} INFO - [2026-07-19T20:49:58.304+0545] {dagbag.py:545} INFO - Filling up the DagBag from /home/snigdh/repos/bigData/spark_demo_env/lib/python3.12/site-packages/airflow/example_dags/example_branch_operator_decorator.py
[2026-07-19T20:49:58.306+0545] {processor.py:842} WARNING - No viable dags retrieved from /home/snigdh/repos/bigData/spark_demo_env/lib/python3.12/site-packages/airflow/example_dags/example_branch_operator_decorator.py
[2026-07-19T20:49:58.312+0545] {processor.py:183} INFO - Processing /home/snigdh/repos/bigData/spark_demo_env/lib/python3.12/site-packages/airflow/example_dags/example_branch_operator_decorator.py took 0.017 seconds
[2026-07-19T20:50:55.051+0545] {processor.py:161} INFO - Started process (PID=122690) to work on /home/snigdh/repos/bigData/spark_demo_env/lib/python3.12/site-packages/airflow/example_dags/example_branch_operator_decorator.py
[2026-07-19T20:50:55.054+0545] {processor.py:830} INFO - Processing file /home/snigdh/repos/bigData/spark_demo_env/lib/python3.12/site-packages/airflow/example_dags/example_branch_operator_decorator.py for tasks to queue
[2026-07-19T20:50:55.054+0545] {logging_mixin.py:188} INFO - [2026-07-19T20:50:55.054+0545] {dagbag.py:545} INFO - Filling up the DagBag from /home/snigdh/repos/bigData/spark_demo_env/lib/python3.12/site-packages/airflow/example_dags/example_branch_operator_decorator.py
[2026-07-19T20:50:55.056+0545] {processor.py:842} WARNING - No viable dags retrieved from /home/snigdh/repos/bigData/spark_demo_env/lib/python3.12/site-packages/airflow/example_dags/example_branch_operator_decorator.py
[2026-07-19T20:50:55.061+0545] {processor.py:183} INFO - Processing /home/snigdh/repos/bigData/spark_demo_env/lib/python3.12/site-packages/airflow/example_dags/example_branch_operator_decorator.py took 0.013 seconds
[2026-07-19T20:51:57.388+0545] {processor.py:161} INFO - Started process (PID=123313) to work on /home/snigdh/repos/bigData/spark_demo_env/lib/python3.12/site-packages/airflow/example_dags/example_branch_operator_decorator.py
[2026-07-19T20:51:57.392+0545] {processor.py:830} INFO - Processing file /home/snigdh/repos/bigData/spark_demo_env/lib/python3.12/site-packages/airflow/example_dags/example_branch_operator_decorator.py for tasks to queue
[2026-07-19T20:51:57.393+0545] {logging_mixin.py:188} INFO - [2026-07-19T20:51:57.392+0545] {dagbag.py:545} INFO - Filling up the DagBag from /home/snigdh/repos/bigData/spark_demo_env/lib/python3.12/site-packages/airflow/example_dags/example_branch_operator_decorator.py
[2026-07-19T20:51:57.394+0545] {processor.py:842} WARNING - No viable dags retrieved from /home/snigdh/repos/bigData/spark_demo_env/lib/python3.12/site-packages/airflow/example_dags/example_branch_operator_decorator.py
[2026-07-19T20:51:57.401+0545] {processor.py:183} INFO - Processing /home/snigdh/repos/bigData/spark_demo_env/lib/python3.12/site-packages/airflow/example_dags/example_branch_operator_decorator.py took 0.017 seconds
[2026-07-19T20:52:59.300+0545] {processor.py:161} INFO - Started process (PID=123896) to work on /home/snigdh/repos/bigData/spark_demo_env/lib/python3.12/site-packages/airflow/example_dags/example_branch_operator_decorator.py
[2026-07-19T20:52:59.300+0545] {processor.py:830} INFO - Processing file /home/snigdh/repos/bigData/spark_demo_env/lib/python3.12/site-packages/airflow/example_dags/example_branch_operator_decorator.py for tasks to queue
[2026-07-19T20:52:59.301+0545] {logging_mixin.py:188} INFO - [2026-07-19T20:52:59.300+0545] {dagbag.py:545} INFO - Filling up the DagBag from /home/snigdh/repos/bigData/spark_demo_env/lib/python3.12/site-packages/airflow/example_dags/example_branch_operator_decorator.py
[2026-07-19T20:52:59.302+0545] {processor.py:842} WARNING - No viable dags retrieved from /home/snigdh/repos/bigData/spark_demo_env/lib/python3.12/site-packages/airflow/example_dags/example_branch_operator_decorator.py
[2026-07-19T20:52:59.307+0545] {processor.py:183} INFO - Processing /home/snigdh/repos/bigData/spark_demo_env/lib/python3.12/site-packages/airflow/example_dags/example_branch_operator_decorator.py took 0.011 seconds
[2026-07-19T20:54:03.240+0545] {processor.py:161} INFO - Started process (PID=124517) to work on /home/snigdh/repos/bigData/spark_demo_env/lib/python3.12/site-packages/airflow/example_dags/example_branch_operator_decorator.py
[2026-07-19T20:54:03.242+0545] {processor.py:830} INFO - Processing file /home/snigdh/repos/bigData/spark_demo_env/lib/python3.12/site-packages/airflow/example_dags/example_branch_operator_decorator.py for tasks to queue
[2026-07-19T20:54:03.243+0545] {logging_mixin.py:188} INFO - [2026-07-19T20:54:03.243+0545] {dagbag.py:545} INFO - Filling up the DagBag from /home/snigdh/repos/bigData/spark_demo_env/lib/python3.12/site-packages/airflow/example_dags/example_branch_operator_decorator.py
[2026-07-19T20:54:03.245+0545] {processor.py:842} WARNING - No viable dags retrieved from /home/snigdh/repos/bigData/spark_demo_env/lib/python3.12/site-packages/airflow/example_dags/example_branch_operator_decorator.py
[2026-07-19T20:54:03.250+0545] {processor.py:183} INFO - Processing /home/snigdh/repos/bigData/spark_demo_env/lib/python3.12/site-packages/airflow/example_dags/example_branch_operator_decorator.py took 0.014 seconds
[2026-07-19T20:55:04.787+0545] {processor.py:161} INFO - Started process (PID=125129) to work on /home/snigdh/repos/bigData/spark_demo_env/lib/python3.12/site-packages/airflow/example_dags/example_branch_operator_decorator.py
[2026-07-19T20:55:04.790+0545] {processor.py:830} INFO - Processing file /home/snigdh/repos/bigData/spark_demo_env/lib/python3.12/site-packages/airflow/example_dags/example_branch_operator_decorator.py for tasks to queue
[2026-07-19T20:55:04.791+0545] {logging_mixin.py:188} INFO - [2026-07-19T20:55:04.790+0545] {dagbag.py:545} INFO - Filling up the DagBag from /home/snigdh/repos/bigData/spark_demo_env/lib/python3.12/site-packages/airflow/example_dags/example_branch_operator_decorator.py
[2026-07-19T20:55:04.793+0545] {processor.py:842} WARNING - No viable dags retrieved from /home/snigdh/repos/bigData/spark_demo_env/lib/python3.12/site-packages/airflow/example_dags/example_branch_operator_decorator.py
[2026-07-19T20:55:04.799+0545] {processor.py:183} INFO - Processing /home/snigdh/repos/bigData/spark_demo_env/lib/python3.12/site-packages/airflow/example_dags/example_branch_operator_decorator.py took 0.017 seconds
[2026-07-19T20:56:05.423+0545] {processor.py:161} INFO - Started process (PID=125725) to work on /home/snigdh/repos/bigData/spark_demo_env/lib/python3.12/site-packages/airflow/example_dags/example_branch_operator_decorator.py
[2026-07-19T20:56:05.426+0545] {processor.py:830} INFO - Processing file /home/snigdh/repos/bigData/spark_demo_env/lib/python3.12/site-packages/airflow/example_dags/example_branch_operator_decorator.py for tasks to queue
[2026-07-19T20:56:05.427+0545] {logging_mixin.py:188} INFO - [2026-07-19T20:56:05.426+0545] {dagbag.py:545} INFO - Filling up the DagBag from /home/snigdh/repos/bigData/spark_demo_env/lib/python3.12/site-packages/airflow/example_dags/example_branch_operator_decorator.py
[2026-07-19T20:56:05.428+0545] {processor.py:842} WARNING - No viable dags retrieved from /home/snigdh/repos/bigData/spark_demo_env/lib/python3.12/site-packages/airflow/example_dags/example_branch_operator_decorator.py
[2026-07-19T20:56:05.434+0545] {processor.py:183} INFO - Processing /home/snigdh/repos/bigData/spark_demo_env/lib/python3.12/site-packages/airflow/example_dags/example_branch_operator_decorator.py took 0.015 seconds
[2026-07-19T20:57:08.762+0545] {processor.py:161} INFO - Started process (PID=126388) to work on /home/snigdh/repos/bigData/spark_demo_env/lib/python3.12/site-packages/airflow/example_dags/example_branch_operator_decorator.py
[2026-07-19T20:57:08.765+0545] {processor.py:830} INFO - Processing file /home/snigdh/repos/bigData/spark_demo_env/lib/python3.12/site-packages/airflow/example_dags/example_branch_operator_decorator.py for tasks to queue
[2026-07-19T20:57:08.766+0545] {logging_mixin.py:188} INFO - [2026-07-19T20:57:08.766+0545] {dagbag.py:545} INFO - Filling up the DagBag from /home/snigdh/repos/bigData/spark_demo_env/lib/python3.12/site-packages/airflow/example_dags/example_branch_operator_decorator.py
[2026-07-19T20:57:08.767+0545] {processor.py:842} WARNING - No viable dags retrieved from /home/snigdh/repos/bigData/spark_demo_env/lib/python3.12/site-packages/airflow/example_dags/example_branch_operator_decorator.py
[2026-07-19T20:57:08.774+0545] {processor.py:183} INFO - Processing /home/snigdh/repos/bigData/spark_demo_env/lib/python3.12/site-packages/airflow/example_dags/example_branch_operator_decorator.py took 0.015 seconds
[2026-07-19T20:58:05.501+0545] {processor.py:161} INFO - Started process (PID=126906) to work on /home/snigdh/repos/bigData/spark_demo_env/lib/python3.12/site-packages/airflow/example_dags/example_branch_operator_decorator.py
[2026-07-19T20:58:05.504+0545] {processor.py:830} INFO - Processing file /home/snigdh/repos/bigData/spark_demo_env/lib/python3.12/site-packages/airflow/example_dags/example_branch_operator_decorator.py for tasks to queue
[2026-07-19T20:58:05.504+0545] {logging_mixin.py:188} INFO - [2026-07-19T20:58:05.504+0545] {dagbag.py:545} INFO - Filling up the DagBag from /home/snigdh/repos/bigData/spark_demo_env/lib/python3.12/site-packages/airflow/example_dags/example_branch_operator_decorator.py
[2026-07-19T20:58:05.506+0545] {processor.py:842} WARNING - No viable dags retrieved from /home/snigdh/repos/bigData/spark_demo_env/lib/python3.12/site-packages/airflow/example_dags/example_branch_operator_decorator.py
[2026-07-19T20:58:05.512+0545] {processor.py:183} INFO - Processing /home/snigdh/repos/bigData/spark_demo_env/lib/python3.12/site-packages/airflow/example_dags/example_branch_operator_decorator.py took 0.016 seconds
[2026-07-19T20:59:04.270+0545] {processor.py:161} INFO - Started process (PID=127463) to work on /home/snigdh/repos/bigData/spark_demo_env/lib/python3.12/site-packages/airflow/example_dags/example_branch_operator_decorator.py
[2026-07-19T20:59:04.273+0545] {processor.py:830} INFO - Processing file /home/snigdh/repos/bigData/spark_demo_env/lib/python3.12/site-packages/airflow/example_dags/example_branch_operator_decorator.py for tasks to queue
[2026-07-19T20:59:04.274+0545] {logging_mixin.py:188} INFO - [2026-07-19T20:59:04.274+0545] {dagbag.py:545} INFO - Filling up the DagBag from /home/snigdh/repos/bigData/spark_demo_env/lib/python3.12/site-packages/airflow/example_dags/example_branch_operator_decorator.py
[2026-07-19T20:59:04.275+0545] {processor.py:842} WARNING - No viable dags retrieved from /home/snigdh/repos/bigData/spark_demo_env/lib/python3.12/site-packages/airflow/example_dags/example_branch_operator_decorator.py
[2026-07-19T20:59:04.280+0545] {processor.py:183} INFO - Processing /home/snigdh/repos/bigData/spark_demo_env/lib/python3.12/site-packages/airflow/example_dags/example_branch_operator_decorator.py took 0.012 seconds
[2026-07-19T21:00:08.412+0545] {processor.py:161} INFO - Started process (PID=128215) to work on /home/snigdh/repos/bigData/spark_demo_env/lib/python3.12/site-packages/airflow/example_dags/example_branch_operator_decorator.py
[2026-07-19T21:00:08.413+0545] {processor.py:830} INFO - Processing file /home/snigdh/repos/bigData/spark_demo_env/lib/python3.12/site-packages/airflow/example_dags/example_branch_operator_decorator.py for tasks to queue
[2026-07-19T21:00:08.414+0545] {logging_mixin.py:188} INFO - [2026-07-19T21:00:08.413+0545] {dagbag.py:545} INFO - Filling up the DagBag from /home/snigdh/repos/bigData/spark_demo_env/lib/python3.12/site-packages/airflow/example_dags/example_branch_operator_decorator.py
[2026-07-19T21:00:08.415+0545] {processor.py:842} WARNING - No viable dags retrieved from /home/snigdh/repos/bigData/spark_demo_env/lib/python3.12/site-packages/airflow/example_dags/example_branch_operator_decorator.py
[2026-07-19T21:00:08.420+0545] {processor.py:183} INFO - Processing /home/snigdh/repos/bigData/spark_demo_env/lib/python3.12/site-packages/airflow/example_dags/example_branch_operator_decorator.py took 0.013 seconds
[2026-07-19T21:01:10.820+0545] {processor.py:161} INFO - Started process (PID=128857) to work on /home/snigdh/repos/bigData/spark_demo_env/lib/python3.12/site-packages/airflow/example_dags/example_branch_operator_decorator.py
[2026-07-19T21:01:10.823+0545] {processor.py:830} INFO - Processing file /home/snigdh/repos/bigData/spark_demo_env/lib/python3.12/site-packages/airflow/example_dags/example_branch_operator_decorator.py for tasks to queue
[2026-07-19T21:01:10.823+0545] {logging_mixin.py:188} INFO - [2026-07-19T21:01:10.823+0545] {dagbag.py:545} INFO - Filling up the DagBag from /home/snigdh/repos/bigData/spark_demo_env/lib/python3.12/site-packages/airflow/example_dags/example_branch_operator_decorator.py
[2026-07-19T21:01:10.826+0545] {processor.py:842} WARNING - No viable dags retrieved from /home/snigdh/repos/bigData/spark_demo_env/lib/python3.12/site-packages/airflow/example_dags/example_branch_operator_decorator.py
[2026-07-19T21:01:10.834+0545] {processor.py:183} INFO - Processing /home/snigdh/repos/bigData/spark_demo_env/lib/python3.12/site-packages/airflow/example_dags/example_branch_operator_decorator.py took 0.019 seconds
[2026-07-19T21:02:17.509+0545] {processor.py:161} INFO - Started process (PID=129620) to work on /home/snigdh/repos/bigData/spark_demo_env/lib/python3.12/site-packages/airflow/example_dags/example_branch_operator_decorator.py
[2026-07-19T21:02:17.511+0545] {processor.py:830} INFO - Processing file /home/snigdh/repos/bigData/spark_demo_env/lib/python3.12/site-packages/airflow/example_dags/example_branch_operator_decorator.py for tasks to queue
[2026-07-19T21:02:17.511+0545] {logging_mixin.py:188} INFO - [2026-07-19T21:02:17.511+0545] {dagbag.py:545} INFO - Filling up the DagBag from /home/snigdh/repos/bigData/spark_demo_env/lib/python3.12/site-packages/airflow/example_dags/example_branch_operator_decorator.py
[2026-07-19T21:02:17.513+0545] {processor.py:842} WARNING - No viable dags retrieved from /home/snigdh/repos/bigData/spark_demo_env/lib/python3.12/site-packages/airflow/example_dags/example_branch_operator_decorator.py
[2026-07-19T21:02:17.520+0545] {processor.py:183} INFO - Processing /home/snigdh/repos/bigData/spark_demo_env/lib/python3.12/site-packages/airflow/example_dags/example_branch_operator_decorator.py took 0.014 seconds
[2026-07-19T21:03:21.123+0545] {processor.py:161} INFO - Started process (PID=130355) to work on /home/snigdh/repos/bigData/spark_demo_env/lib/python3.12/site-packages/airflow/example_dags/example_branch_operator_decorator.py
[2026-07-19T21:03:21.126+0545] {processor.py:830} INFO - Processing file /home/snigdh/repos/bigData/spark_demo_env/lib/python3.12/site-packages/airflow/example_dags/example_branch_operator_decorator.py for tasks to queue
[2026-07-19T21:03:21.126+0545] {logging_mixin.py:188} INFO - [2026-07-19T21:03:21.126+0545] {dagbag.py:545} INFO - Filling up the DagBag from /home/snigdh/repos/bigData/spark_demo_env/lib/python3.12/site-packages/airflow/example_dags/example_branch_operator_decorator.py
[2026-07-19T21:03:21.127+0545] {processor.py:842} WARNING - No viable dags retrieved from /home/snigdh/repos/bigData/spark_demo_env/lib/python3.12/site-packages/airflow/example_dags/example_branch_operator_decorator.py
[2026-07-19T21:03:21.133+0545] {processor.py:183} INFO - Processing /home/snigdh/repos/bigData/spark_demo_env/lib/python3.12/site-packages/airflow/example_dags/example_branch_operator_decorator.py took 0.013 seconds
[2026-07-19T21:04:21.552+0545] {processor.py:161} INFO - Started process (PID=130955) to work on /home/snigdh/repos/bigData/spark_demo_env/lib/python3.12/site-packages/airflow/example_dags/example_branch_operator_decorator.py
[2026-07-19T21:04:21.555+0545] {processor.py:830} INFO - Processing file /home/snigdh/repos/bigData/spark_demo_env/lib/python3.12/site-packages/airflow/example_dags/example_branch_operator_decorator.py for tasks to queue
[2026-07-19T21:04:21.555+0545] {logging_mixin.py:188} INFO - [2026-07-19T21:04:21.555+0545] {dagbag.py:545} INFO - Filling up the DagBag from /home/snigdh/repos/bigData/spark_demo_env/lib/python3.12/site-packages/airflow/example_dags/example_branch_operator_decorator.py
[2026-07-19T21:04:21.557+0545] {processor.py:842} WARNING - No viable dags retrieved from /home/snigdh/repos/bigData/spark_demo_env/lib/python3.12/site-packages/airflow/example_dags/example_branch_operator_decorator.py
[2026-07-19T21:04:21.563+0545] {processor.py:183} INFO - Processing /home/snigdh/repos/bigData/spark_demo_env/lib/python3.12/site-packages/airflow/example_dags/example_branch_operator_decorator.py took 0.014 seconds
[2026-07-19T21:05:24.453+0545] {processor.py:161} INFO - Started process (PID=131568) to work on /home/snigdh/repos/bigData/spark_demo_env/lib/python3.12/site-packages/airflow/example_dags/example_branch_operator_decorator.py
[2026-07-19T21:05:24.457+0545] {processor.py:830} INFO - Processing file /home/snigdh/repos/bigData/spark_demo_env/lib/python3.12/site-packages/airflow/example_dags/example_branch_operator_decorator.py for tasks to queue
[2026-07-19T21:05:24.458+0545] {logging_mixin.py:188} INFO - [2026-07-19T21:05:24.458+0545] {dagbag.py:545} INFO - Filling up the DagBag from /home/snigdh/repos/bigData/spark_demo_env/lib/python3.12/site-packages/airflow/example_dags/example_branch_operator_decorator.py
[2026-07-19T21:05:24.462+0545] {processor.py:842} WARNING - No viable dags retrieved from /home/snigdh/repos/bigData/spark_demo_env/lib/python3.12/site-packages/airflow/example_dags/example_branch_operator_decorator.py
[2026-07-19T21:05:24.476+0545] {processor.py:183} INFO - Processing /home/snigdh/repos/bigData/spark_demo_env/lib/python3.12/site-packages/airflow/example_dags/example_branch_operator_decorator.py took 0.031 seconds
[2026-07-19T21:06:34.154+0545] {processor.py:161} INFO - Started process (PID=132248) to work on /home/snigdh/repos/bigData/spark_demo_env/lib/python3.12/site-packages/airflow/example_dags/example_branch_operator_decorator.py
[2026-07-19T21:06:34.157+0545] {processor.py:830} INFO - Processing file /home/snigdh/repos/bigData/spark_demo_env/lib/python3.12/site-packages/airflow/example_dags/example_branch_operator_decorator.py for tasks to queue
[2026-07-19T21:06:34.158+0545] {logging_mixin.py:188} INFO - [2026-07-19T21:06:34.158+0545] {dagbag.py:545} INFO - Filling up the DagBag from /home/snigdh/repos/bigData/spark_demo_env/lib/python3.12/site-packages/airflow/example_dags/example_branch_operator_decorator.py
[2026-07-19T21:06:34.162+0545] {processor.py:842} WARNING - No viable dags retrieved from /home/snigdh/repos/bigData/spark_demo_env/lib/python3.12/site-packages/airflow/example_dags/example_branch_operator_decorator.py
[2026-07-19T21:06:34.177+0545] {processor.py:183} INFO - Processing /home/snigdh/repos/bigData/spark_demo_env/lib/python3.12/site-packages/airflow/example_dags/example_branch_operator_decorator.py took 0.031 seconds
[2026-07-19T21:07:47.697+0545] {processor.py:161} INFO - Started process (PID=132977) to work on /home/snigdh/repos/bigData/spark_demo_env/lib/python3.12/site-packages/airflow/example_dags/example_branch_operator_decorator.py
[2026-07-19T21:07:47.700+0545] {processor.py:830} INFO - Processing file /home/snigdh/repos/bigData/spark_demo_env/lib/python3.12/site-packages/airflow/example_dags/example_branch_operator_decorator.py for tasks to queue
[2026-07-19T21:07:47.702+0545] {logging_mixin.py:188} INFO - [2026-07-19T21:07:47.701+0545] {dagbag.py:545} INFO - Filling up the DagBag from /home/snigdh/repos/bigData/spark_demo_env/lib/python3.12/site-packages/airflow/example_dags/example_branch_operator_decorator.py
[2026-07-19T21:07:47.705+0545] {processor.py:842} WARNING - No viable dags retrieved from /home/snigdh/repos/bigData/spark_demo_env/lib/python3.12/site-packages/airflow/example_dags/example_branch_operator_decorator.py
[2026-07-19T21:07:47.725+0545] {processor.py:183} INFO - Processing /home/snigdh/repos/bigData/spark_demo_env/lib/python3.12/site-packages/airflow/example_dags/example_branch_operator_decorator.py took 0.038 seconds
[2026-07-19T21:08:54.852+0545] {processor.py:161} INFO - Started process (PID=133601) to work on /home/snigdh/repos/bigData/spark_demo_env/lib/python3.12/site-packages/airflow/example_dags/example_branch_operator_decorator.py
[2026-07-19T21:08:54.856+0545] {processor.py:830} INFO - Processing file /home/snigdh/repos/bigData/spark_demo_env/lib/python3.12/site-packages/airflow/example_dags/example_branch_operator_decorator.py for tasks to queue
[2026-07-19T21:08:54.857+0545] {logging_mixin.py:188} INFO - [2026-07-19T21:08:54.857+0545] {dagbag.py:545} INFO - Filling up the DagBag from /home/snigdh/repos/bigData/spark_demo_env/lib/python3.12/site-packages/airflow/example_dags/example_branch_operator_decorator.py
[2026-07-19T21:08:54.860+0545] {processor.py:842} WARNING - No viable dags retrieved from /home/snigdh/repos/bigData/spark_demo_env/lib/python3.12/site-packages/airflow/example_dags/example_branch_operator_decorator.py
[2026-07-19T21:08:54.873+0545] {processor.py:183} INFO - Processing /home/snigdh/repos/bigData/spark_demo_env/lib/python3.12/site-packages/airflow/example_dags/example_branch_operator_decorator.py took 0.031 seconds
[2026-07-19T21:10:02.994+0545] {processor.py:161} INFO - Started process (PID=134245) to work on /home/snigdh/repos/bigData/spark_demo_env/lib/python3.12/site-packages/airflow/example_dags/example_branch_operator_decorator.py
[2026-07-19T21:10:02.998+0545] {processor.py:830} INFO - Processing file /home/snigdh/repos/bigData/spark_demo_env/lib/python3.12/site-packages/airflow/example_dags/example_branch_operator_decorator.py for tasks to queue
[2026-07-19T21:10:02.999+0545] {logging_mixin.py:188} INFO - [2026-07-19T21:10:02.998+0545] {dagbag.py:545} INFO - Filling up the DagBag from /home/snigdh/repos/bigData/spark_demo_env/lib/python3.12/site-packages/airflow/example_dags/example_branch_operator_decorator.py
[2026-07-19T21:10:03.002+0545] {processor.py:842} WARNING - No viable dags retrieved from /home/snigdh/repos/bigData/spark_demo_env/lib/python3.12/site-packages/airflow/example_dags/example_branch_operator_decorator.py
[2026-07-19T21:10:03.015+0545] {processor.py:183} INFO - Processing /home/snigdh/repos/bigData/spark_demo_env/lib/python3.12/site-packages/airflow/example_dags/example_branch_operator_decorator.py took 0.029 seconds
[2026-07-19T21:11:17.109+0545] {processor.py:161} INFO - Started process (PID=134987) to work on /home/snigdh/repos/bigData/spark_demo_env/lib/python3.12/site-packages/airflow/example_dags/example_branch_operator_decorator.py
[2026-07-19T21:11:17.112+0545] {processor.py:830} INFO - Processing file /home/snigdh/repos/bigData/spark_demo_env/lib/python3.12/site-packages/airflow/example_dags/example_branch_operator_decorator.py for tasks to queue
[2026-07-19T21:11:17.113+0545] {logging_mixin.py:188} INFO - [2026-07-19T21:11:17.113+0545] {dagbag.py:545} INFO - Filling up the DagBag from /home/snigdh/repos/bigData/spark_demo_env/lib/python3.12/site-packages/airflow/example_dags/example_branch_operator_decorator.py
[2026-07-19T21:11:17.116+0545] {processor.py:842} WARNING - No viable dags retrieved from /home/snigdh/repos/bigData/spark_demo_env/lib/python3.12/site-packages/airflow/example_dags/example_branch_operator_decorator.py
[2026-07-19T21:11:17.128+0545] {processor.py:183} INFO - Processing /home/snigdh/repos/bigData/spark_demo_env/lib/python3.12/site-packages/airflow/example_dags/example_branch_operator_decorator.py took 0.026 seconds
[2026-07-19T21:12:26.452+0545] {processor.py:161} INFO - Started process (PID=135633) to work on /home/snigdh/repos/bigData/spark_demo_env/lib/python3.12/site-packages/airflow/example_dags/example_branch_operator_decorator.py
[2026-07-19T21:12:26.456+0545] {processor.py:830} INFO - Processing file /home/snigdh/repos/bigData/spark_demo_env/lib/python3.12/site-packages/airflow/example_dags/example_branch_operator_decorator.py for tasks to queue
[2026-07-19T21:12:26.458+0545] {logging_mixin.py:188} INFO - [2026-07-19T21:12:26.457+0545] {dagbag.py:545} INFO - Filling up the DagBag from /home/snigdh/repos/bigData/spark_demo_env/lib/python3.12/site-packages/airflow/example_dags/example_branch_operator_decorator.py
[2026-07-19T21:12:26.461+0545] {processor.py:842} WARNING - No viable dags retrieved from /home/snigdh/repos/bigData/spark_demo_env/lib/python3.12/site-packages/airflow/example_dags/example_branch_operator_decorator.py
[2026-07-19T21:12:26.479+0545] {processor.py:183} INFO - Processing /home/snigdh/repos/bigData/spark_demo_env/lib/python3.12/site-packages/airflow/example_dags/example_branch_operator_decorator.py took 0.036 seconds
[2026-07-19T21:13:38.620+0545] {processor.py:161} INFO - Started process (PID=136344) to work on /home/snigdh/repos/bigData/spark_demo_env/lib/python3.12/site-packages/airflow/example_dags/example_branch_operator_decorator.py
[2026-07-19T21:13:38.624+0545] {processor.py:830} INFO - Processing file /home/snigdh/repos/bigData/spark_demo_env/lib/python3.12/site-packages/airflow/example_dags/example_branch_operator_decorator.py for tasks to queue
[2026-07-19T21:13:38.625+0545] {logging_mixin.py:188} INFO - [2026-07-19T21:13:38.624+0545] {dagbag.py:545} INFO - Filling up the DagBag from /home/snigdh/repos/bigData/spark_demo_env/lib/python3.12/site-packages/airflow/example_dags/example_branch_operator_decorator.py
[2026-07-19T21:13:38.629+0545] {processor.py:842} WARNING - No viable dags retrieved from /home/snigdh/repos/bigData/spark_demo_env/lib/python3.12/site-packages/airflow/example_dags/example_branch_operator_decorator.py
[2026-07-19T21:13:38.643+0545] {processor.py:183} INFO - Processing /home/snigdh/repos/bigData/spark_demo_env/lib/python3.12/site-packages/airflow/example_dags/example_branch_operator_decorator.py took 0.031 seconds
[2026-07-19T21:14:44.456+0545] {processor.py:161} INFO - Started process (PID=137004) to work on /home/snigdh/repos/bigData/spark_demo_env/lib/python3.12/site-packages/airflow/example_dags/example_branch_operator_decorator.py
[2026-07-19T21:14:44.459+0545] {processor.py:830} INFO - Processing file /home/snigdh/repos/bigData/spark_demo_env/lib/python3.12/site-packages/airflow/example_dags/example_branch_operator_decorator.py for tasks to queue
[2026-07-19T21:14:44.461+0545] {logging_mixin.py:188} INFO - [2026-07-19T21:14:44.460+0545] {dagbag.py:545} INFO - Filling up the DagBag from /home/snigdh/repos/bigData/spark_demo_env/lib/python3.12/site-packages/airflow/example_dags/example_branch_operator_decorator.py
[2026-07-19T21:14:44.465+0545] {processor.py:842} WARNING - No viable dags retrieved from /home/snigdh/repos/bigData/spark_demo_env/lib/python3.12/site-packages/airflow/example_dags/example_branch_operator_decorator.py
[2026-07-19T21:14:44.481+0545] {processor.py:183} INFO - Processing /home/snigdh/repos/bigData/spark_demo_env/lib/python3.12/site-packages/airflow/example_dags/example_branch_operator_decorator.py took 0.033 seconds
[2026-07-19T21:15:48.262+0545] {processor.py:161} INFO - Started process (PID=137630) to work on /home/snigdh/repos/bigData/spark_demo_env/lib/python3.12/site-packages/airflow/example_dags/example_branch_operator_decorator.py
[2026-07-19T21:15:48.265+0545] {processor.py:830} INFO - Processing file /home/snigdh/repos/bigData/spark_demo_env/lib/python3.12/site-packages/airflow/example_dags/example_branch_operator_decorator.py for tasks to queue
[2026-07-19T21:15:48.266+0545] {logging_mixin.py:188} INFO - [2026-07-19T21:15:48.265+0545] {dagbag.py:545} INFO - Filling up the DagBag from /home/snigdh/repos/bigData/spark_demo_env/lib/python3.12/site-packages/airflow/example_dags/example_branch_operator_decorator.py
[2026-07-19T21:15:48.268+0545] {processor.py:842} WARNING - No viable dags retrieved from /home/snigdh/repos/bigData/spark_demo_env/lib/python3.12/site-packages/airflow/example_dags/example_branch_operator_decorator.py
[2026-07-19T21:15:48.277+0545] {processor.py:183} INFO - Processing /home/snigdh/repos/bigData/spark_demo_env/lib/python3.12/site-packages/airflow/example_dags/example_branch_operator_decorator.py took 0.021 seconds
[2026-07-19T21:16:58.094+0545] {processor.py:161} INFO - Started process (PID=138247) to work on /home/snigdh/repos/bigData/spark_demo_env/lib/python3.12/site-packages/airflow/example_dags/example_branch_operator_decorator.py
[2026-07-19T21:16:58.097+0545] {processor.py:830} INFO - Processing file /home/snigdh/repos/bigData/spark_demo_env/lib/python3.12/site-packages/airflow/example_dags/example_branch_operator_decorator.py for tasks to queue
[2026-07-19T21:16:58.098+0545] {logging_mixin.py:188} INFO - [2026-07-19T21:16:58.098+0545] {dagbag.py:545} INFO - Filling up the DagBag from /home/snigdh/repos/bigData/spark_demo_env/lib/python3.12/site-packages/airflow/example_dags/example_branch_operator_decorator.py
[2026-07-19T21:16:58.101+0545] {processor.py:842} WARNING - No viable dags retrieved from /home/snigdh/repos/bigData/spark_demo_env/lib/python3.12/site-packages/airflow/example_dags/example_branch_operator_decorator.py
[2026-07-19T21:16:58.110+0545] {processor.py:183} INFO - Processing /home/snigdh/repos/bigData/spark_demo_env/lib/python3.12/site-packages/airflow/example_dags/example_branch_operator_decorator.py took 0.022 seconds
[2026-07-19T21:17:59.094+0545] {processor.py:161} INFO - Started process (PID=138813) to work on /home/snigdh/repos/bigData/spark_demo_env/lib/python3.12/site-packages/airflow/example_dags/example_branch_operator_decorator.py
[2026-07-19T21:17:59.098+0545] {processor.py:830} INFO - Processing file /home/snigdh/repos/bigData/spark_demo_env/lib/python3.12/site-packages/airflow/example_dags/example_branch_operator_decorator.py for tasks to queue
[2026-07-19T21:17:59.099+0545] {logging_mixin.py:188} INFO - [2026-07-19T21:17:59.098+0545] {dagbag.py:545} INFO - Filling up the DagBag from /home/snigdh/repos/bigData/spark_demo_env/lib/python3.12/site-packages/airflow/example_dags/example_branch_operator_decorator.py
[2026-07-19T21:17:59.101+0545] {processor.py:842} WARNING - No viable dags retrieved from /home/snigdh/repos/bigData/spark_demo_env/lib/python3.12/site-packages/airflow/example_dags/example_branch_operator_decorator.py
[2026-07-19T21:17:59.110+0545] {processor.py:183} INFO - Processing /home/snigdh/repos/bigData/spark_demo_env/lib/python3.12/site-packages/airflow/example_dags/example_branch_operator_decorator.py took 0.024 seconds
[2026-07-19T21:19:01.916+0545] {processor.py:161} INFO - Started process (PID=139387) to work on /home/snigdh/repos/bigData/spark_demo_env/lib/python3.12/site-packages/airflow/example_dags/example_branch_operator_decorator.py
[2026-07-19T21:19:01.920+0545] {processor.py:830} INFO - Processing file /home/snigdh/repos/bigData/spark_demo_env/lib/python3.12/site-packages/airflow/example_dags/example_branch_operator_decorator.py for tasks to queue
[2026-07-19T21:19:01.920+0545] {logging_mixin.py:188} INFO - [2026-07-19T21:19:01.920+0545] {dagbag.py:545} INFO - Filling up the DagBag from /home/snigdh/repos/bigData/spark_demo_env/lib/python3.12/site-packages/airflow/example_dags/example_branch_operator_decorator.py
[2026-07-19T21:19:01.923+0545] {processor.py:842} WARNING - No viable dags retrieved from /home/snigdh/repos/bigData/spark_demo_env/lib/python3.12/site-packages/airflow/example_dags/example_branch_operator_decorator.py
[2026-07-19T21:19:01.931+0545] {processor.py:183} INFO - Processing /home/snigdh/repos/bigData/spark_demo_env/lib/python3.12/site-packages/airflow/example_dags/example_branch_operator_decorator.py took 0.020 seconds
[2026-07-19T21:20:06.556+0545] {processor.py:161} INFO - Started process (PID=140014) to work on /home/snigdh/repos/bigData/spark_demo_env/lib/python3.12/site-packages/airflow/example_dags/example_branch_operator_decorator.py
[2026-07-19T21:20:06.558+0545] {processor.py:830} INFO - Processing file /home/snigdh/repos/bigData/spark_demo_env/lib/python3.12/site-packages/airflow/example_dags/example_branch_operator_decorator.py for tasks to queue
[2026-07-19T21:20:06.559+0545] {logging_mixin.py:188} INFO - [2026-07-19T21:20:06.559+0545] {dagbag.py:545} INFO - Filling up the DagBag from /home/snigdh/repos/bigData/spark_demo_env/lib/python3.12/site-packages/airflow/example_dags/example_branch_operator_decorator.py
[2026-07-19T21:20:06.564+0545] {processor.py:842} WARNING - No viable dags retrieved from /home/snigdh/repos/bigData/spark_demo_env/lib/python3.12/site-packages/airflow/example_dags/example_branch_operator_decorator.py
[2026-07-19T21:20:06.580+0545] {processor.py:183} INFO - Processing /home/snigdh/repos/bigData/spark_demo_env/lib/python3.12/site-packages/airflow/example_dags/example_branch_operator_decorator.py took 0.033 seconds
[2026-07-19T21:21:00.227+0545] {processor.py:161} INFO - Started process (PID=140550) to work on /home/snigdh/repos/bigData/spark_demo_env/lib/python3.12/site-packages/airflow/example_dags/example_branch_operator_decorator.py
[2026-07-19T21:21:00.231+0545] {processor.py:830} INFO - Processing file /home/snigdh/repos/bigData/spark_demo_env/lib/python3.12/site-packages/airflow/example_dags/example_branch_operator_decorator.py for tasks to queue
[2026-07-19T21:21:00.233+0545] {logging_mixin.py:188} INFO - [2026-07-19T21:21:00.232+0545] {dagbag.py:545} INFO - Filling up the DagBag from /home/snigdh/repos/bigData/spark_demo_env/lib/python3.12/site-packages/airflow/example_dags/example_branch_operator_decorator.py
[2026-07-19T21:21:00.237+0545] {processor.py:842} WARNING - No viable dags retrieved from /home/snigdh/repos/bigData/spark_demo_env/lib/python3.12/site-packages/airflow/example_dags/example_branch_operator_decorator.py
[2026-07-19T21:21:00.252+0545] {processor.py:183} INFO - Processing /home/snigdh/repos/bigData/spark_demo_env/lib/python3.12/site-packages/airflow/example_dags/example_branch_operator_decorator.py took 0.033 seconds
[2026-07-19T21:22:06.690+0545] {processor.py:161} INFO - Started process (PID=141162) to work on /home/snigdh/repos/bigData/spark_demo_env/lib/python3.12/site-packages/airflow/example_dags/example_branch_operator_decorator.py
[2026-07-19T21:22:06.695+0545] {processor.py:830} INFO - Processing file /home/snigdh/repos/bigData/spark_demo_env/lib/python3.12/site-packages/airflow/example_dags/example_branch_operator_decorator.py for tasks to queue
[2026-07-19T21:22:06.696+0545] {logging_mixin.py:188} INFO - [2026-07-19T21:22:06.696+0545] {dagbag.py:545} INFO - Filling up the DagBag from /home/snigdh/repos/bigData/spark_demo_env/lib/python3.12/site-packages/airflow/example_dags/example_branch_operator_decorator.py
[2026-07-19T21:22:06.700+0545] {processor.py:842} WARNING - No viable dags retrieved from /home/snigdh/repos/bigData/spark_demo_env/lib/python3.12/site-packages/airflow/example_dags/example_branch_operator_decorator.py
[2026-07-19T21:22:06.717+0545] {processor.py:183} INFO - Processing /home/snigdh/repos/bigData/spark_demo_env/lib/python3.12/site-packages/airflow/example_dags/example_branch_operator_decorator.py took 0.037 seconds
[2026-07-19T21:23:19.026+0545] {processor.py:161} INFO - Started process (PID=141893) to work on /home/snigdh/repos/bigData/spark_demo_env/lib/python3.12/site-packages/airflow/example_dags/example_branch_operator_decorator.py
[2026-07-19T21:23:19.029+0545] {processor.py:830} INFO - Processing file /home/snigdh/repos/bigData/spark_demo_env/lib/python3.12/site-packages/airflow/example_dags/example_branch_operator_decorator.py for tasks to queue
[2026-07-19T21:23:19.031+0545] {logging_mixin.py:188} INFO - [2026-07-19T21:23:19.030+0545] {dagbag.py:545} INFO - Filling up the DagBag from /home/snigdh/repos/bigData/spark_demo_env/lib/python3.12/site-packages/airflow/example_dags/example_branch_operator_decorator.py
[2026-07-19T21:23:19.035+0545] {processor.py:842} WARNING - No viable dags retrieved from /home/snigdh/repos/bigData/spark_demo_env/lib/python3.12/site-packages/airflow/example_dags/example_branch_operator_decorator.py
[2026-07-19T21:23:19.049+0545] {processor.py:183} INFO - Processing /home/snigdh/repos/bigData/spark_demo_env/lib/python3.12/site-packages/airflow/example_dags/example_branch_operator_decorator.py took 0.032 seconds
[2026-07-19T21:24:30.966+0545] {processor.py:161} INFO - Started process (PID=142551) to work on /home/snigdh/repos/bigData/spark_demo_env/lib/python3.12/site-packages/airflow/example_dags/example_branch_operator_decorator.py
[2026-07-19T21:24:30.967+0545] {processor.py:830} INFO - Processing file /home/snigdh/repos/bigData/spark_demo_env/lib/python3.12/site-packages/airflow/example_dags/example_branch_operator_decorator.py for tasks to queue
[2026-07-19T21:24:30.969+0545] {logging_mixin.py:188} INFO - [2026-07-19T21:24:30.968+0545] {dagbag.py:545} INFO - Filling up the DagBag from /home/snigdh/repos/bigData/spark_demo_env/lib/python3.12/site-packages/airflow/example_dags/example_branch_operator_decorator.py
[2026-07-19T21:24:30.973+0545] {processor.py:842} WARNING - No viable dags retrieved from /home/snigdh/repos/bigData/spark_demo_env/lib/python3.12/site-packages/airflow/example_dags/example_branch_operator_decorator.py
[2026-07-19T21:24:30.988+0545] {processor.py:183} INFO - Processing /home/snigdh/repos/bigData/spark_demo_env/lib/python3.12/site-packages/airflow/example_dags/example_branch_operator_decorator.py took 0.030 seconds
[2026-07-19T21:25:50.067+0545] {processor.py:161} INFO - Started process (PID=143358) to work on /home/snigdh/repos/bigData/spark_demo_env/lib/python3.12/site-packages/airflow/example_dags/example_branch_operator_decorator.py
[2026-07-19T21:25:50.071+0545] {processor.py:830} INFO - Processing file /home/snigdh/repos/bigData/spark_demo_env/lib/python3.12/site-packages/airflow/example_dags/example_branch_operator_decorator.py for tasks to queue
[2026-07-19T21:25:50.073+0545] {logging_mixin.py:188} INFO - [2026-07-19T21:25:50.072+0545] {dagbag.py:545} INFO - Filling up the DagBag from /home/snigdh/repos/bigData/spark_demo_env/lib/python3.12/site-packages/airflow/example_dags/example_branch_operator_decorator.py
[2026-07-19T21:25:50.077+0545] {processor.py:842} WARNING - No viable dags retrieved from /home/snigdh/repos/bigData/spark_demo_env/lib/python3.12/site-packages/airflow/example_dags/example_branch_operator_decorator.py
[2026-07-19T21:25:50.093+0545] {processor.py:183} INFO - Processing /home/snigdh/repos/bigData/spark_demo_env/lib/python3.12/site-packages/airflow/example_dags/example_branch_operator_decorator.py took 0.035 seconds
[2026-07-19T21:27:09.188+0545] {processor.py:161} INFO - Started process (PID=144095) to work on /home/snigdh/repos/bigData/spark_demo_env/lib/python3.12/site-packages/airflow/example_dags/example_branch_operator_decorator.py
[2026-07-19T21:27:09.192+0545] {processor.py:830} INFO - Processing file /home/snigdh/repos/bigData/spark_demo_env/lib/python3.12/site-packages/airflow/example_dags/example_branch_operator_decorator.py for tasks to queue
[2026-07-19T21:27:09.194+0545] {logging_mixin.py:188} INFO - [2026-07-19T21:27:09.193+0545] {dagbag.py:545} INFO - Filling up the DagBag from /home/snigdh/repos/bigData/spark_demo_env/lib/python3.12/site-packages/airflow/example_dags/example_branch_operator_decorator.py
[2026-07-19T21:27:09.199+0545] {processor.py:842} WARNING - No viable dags retrieved from /home/snigdh/repos/bigData/spark_demo_env/lib/python3.12/site-packages/airflow/example_dags/example_branch_operator_decorator.py
[2026-07-19T21:27:09.215+0545] {processor.py:183} INFO - Processing /home/snigdh/repos/bigData/spark_demo_env/lib/python3.12/site-packages/airflow/example_dags/example_branch_operator_decorator.py took 0.039 seconds
[2026-07-19T21:28:21.087+0545] {processor.py:161} INFO - Started process (PID=144870) to work on /home/snigdh/repos/bigData/spark_demo_env/lib/python3.12/site-packages/airflow/example_dags/example_branch_operator_decorator.py
[2026-07-19T21:28:21.091+0545] {processor.py:830} INFO - Processing file /home/snigdh/repos/bigData/spark_demo_env/lib/python3.12/site-packages/airflow/example_dags/example_branch_operator_decorator.py for tasks to queue
[2026-07-19T21:28:21.092+0545] {logging_mixin.py:188} INFO - [2026-07-19T21:28:21.091+0545] {dagbag.py:545} INFO - Filling up the DagBag from /home/snigdh/repos/bigData/spark_demo_env/lib/python3.12/site-packages/airflow/example_dags/example_branch_operator_decorator.py
[2026-07-19T21:28:21.096+0545] {processor.py:842} WARNING - No viable dags retrieved from /home/snigdh/repos/bigData/spark_demo_env/lib/python3.12/site-packages/airflow/example_dags/example_branch_operator_decorator.py
[2026-07-19T21:28:21.111+0545] {processor.py:183} INFO - Processing /home/snigdh/repos/bigData/spark_demo_env/lib/python3.12/site-packages/airflow/example_dags/example_branch_operator_decorator.py took 0.034 seconds
[2026-07-19T21:29:35.634+0545] {processor.py:161} INFO - Started process (PID=145565) to work on /home/snigdh/repos/bigData/spark_demo_env/lib/python3.12/site-packages/airflow/example_dags/example_branch_operator_decorator.py
[2026-07-19T21:29:35.638+0545] {processor.py:830} INFO - Processing file /home/snigdh/repos/bigData/spark_demo_env/lib/python3.12/site-packages/airflow/example_dags/example_branch_operator_decorator.py for tasks to queue
[2026-07-19T21:29:35.639+0545] {logging_mixin.py:188} INFO - [2026-07-19T21:29:35.638+0545] {dagbag.py:545} INFO - Filling up the DagBag from /home/snigdh/repos/bigData/spark_demo_env/lib/python3.12/site-packages/airflow/example_dags/example_branch_operator_decorator.py
[2026-07-19T21:29:35.642+0545] {processor.py:842} WARNING - No viable dags retrieved from /home/snigdh/repos/bigData/spark_demo_env/lib/python3.12/site-packages/airflow/example_dags/example_branch_operator_decorator.py
[2026-07-19T21:29:35.653+0545] {processor.py:183} INFO - Processing /home/snigdh/repos/bigData/spark_demo_env/lib/python3.12/site-packages/airflow/example_dags/example_branch_operator_decorator.py took 0.025 seconds
[2026-07-19T21:30:48.892+0545] {processor.py:161} INFO - Started process (PID=146353) to work on /home/snigdh/repos/bigData/spark_demo_env/lib/python3.12/site-packages/airflow/example_dags/example_branch_operator_decorator.py
[2026-07-19T21:30:48.896+0545] {processor.py:830} INFO - Processing file /home/snigdh/repos/bigData/spark_demo_env/lib/python3.12/site-packages/airflow/example_dags/example_branch_operator_decorator.py for tasks to queue
[2026-07-19T21:30:48.897+0545] {logging_mixin.py:188} INFO - [2026-07-19T21:30:48.897+0545] {dagbag.py:545} INFO - Filling up the DagBag from /home/snigdh/repos/bigData/spark_demo_env/lib/python3.12/site-packages/airflow/example_dags/example_branch_operator_decorator.py
[2026-07-19T21:30:48.902+0545] {processor.py:842} WARNING - No viable dags retrieved from /home/snigdh/repos/bigData/spark_demo_env/lib/python3.12/site-packages/airflow/example_dags/example_branch_operator_decorator.py
[2026-07-19T21:30:48.922+0545] {processor.py:183} INFO - Processing /home/snigdh/repos/bigData/spark_demo_env/lib/python3.12/site-packages/airflow/example_dags/example_branch_operator_decorator.py took 0.039 seconds
[2026-07-19T21:32:05.262+0545] {processor.py:161} INFO - Started process (PID=147056) to work on /home/snigdh/repos/bigData/spark_demo_env/lib/python3.12/site-packages/airflow/example_dags/example_branch_operator_decorator.py
[2026-07-19T21:32:05.266+0545] {processor.py:830} INFO - Processing file /home/snigdh/repos/bigData/spark_demo_env/lib/python3.12/site-packages/airflow/example_dags/example_branch_operator_decorator.py for tasks to queue
[2026-07-19T21:32:05.268+0545] {logging_mixin.py:188} INFO - [2026-07-19T21:32:05.267+0545] {dagbag.py:545} INFO - Filling up the DagBag from /home/snigdh/repos/bigData/spark_demo_env/lib/python3.12/site-packages/airflow/example_dags/example_branch_operator_decorator.py
[2026-07-19T21:32:05.272+0545] {processor.py:842} WARNING - No viable dags retrieved from /home/snigdh/repos/bigData/spark_demo_env/lib/python3.12/site-packages/airflow/example_dags/example_branch_operator_decorator.py
[2026-07-19T21:32:05.290+0545] {processor.py:183} INFO - Processing /home/snigdh/repos/bigData/spark_demo_env/lib/python3.12/site-packages/airflow/example_dags/example_branch_operator_decorator.py took 0.037 seconds
[2026-07-19T21:33:21.126+0545] {processor.py:161} INFO - Started process (PID=147835) to work on /home/snigdh/repos/bigData/spark_demo_env/lib/python3.12/site-packages/airflow/example_dags/example_branch_operator_decorator.py
[2026-07-19T21:33:21.130+0545] {processor.py:830} INFO - Processing file /home/snigdh/repos/bigData/spark_demo_env/lib/python3.12/site-packages/airflow/example_dags/example_branch_operator_decorator.py for tasks to queue
[2026-07-19T21:33:21.131+0545] {logging_mixin.py:188} INFO - [2026-07-19T21:33:21.131+0545] {dagbag.py:545} INFO - Filling up the DagBag from /home/snigdh/repos/bigData/spark_demo_env/lib/python3.12/site-packages/airflow/example_dags/example_branch_operator_decorator.py
[2026-07-19T21:33:21.136+0545] {processor.py:842} WARNING - No viable dags retrieved from /home/snigdh/repos/bigData/spark_demo_env/lib/python3.12/site-packages/airflow/example_dags/example_branch_operator_decorator.py
[2026-07-19T21:33:21.152+0545] {processor.py:183} INFO - Processing /home/snigdh/repos/bigData/spark_demo_env/lib/python3.12/site-packages/airflow/example_dags/example_branch_operator_decorator.py took 0.034 seconds
[2026-07-19T21:34:33.665+0545] {processor.py:161} INFO - Started process (PID=148514) to work on /home/snigdh/repos/bigData/spark_demo_env/lib/python3.12/site-packages/airflow/example_dags/example_branch_operator_decorator.py
[2026-07-19T21:34:33.669+0545] {processor.py:830} INFO - Processing file /home/snigdh/repos/bigData/spark_demo_env/lib/python3.12/site-packages/airflow/example_dags/example_branch_operator_decorator.py for tasks to queue
[2026-07-19T21:34:33.671+0545] {logging_mixin.py:188} INFO - [2026-07-19T21:34:33.670+0545] {dagbag.py:545} INFO - Filling up the DagBag from /home/snigdh/repos/bigData/spark_demo_env/lib/python3.12/site-packages/airflow/example_dags/example_branch_operator_decorator.py
[2026-07-19T21:34:33.675+0545] {processor.py:842} WARNING - No viable dags retrieved from /home/snigdh/repos/bigData/spark_demo_env/lib/python3.12/site-packages/airflow/example_dags/example_branch_operator_decorator.py
[2026-07-19T21:34:33.690+0545] {processor.py:183} INFO - Processing /home/snigdh/repos/bigData/spark_demo_env/lib/python3.12/site-packages/airflow/example_dags/example_branch_operator_decorator.py took 0.034 seconds
[2026-07-19T21:35:46.674+0545] {processor.py:161} INFO - Started process (PID=149274) to work on /home/snigdh/repos/bigData/spark_demo_env/lib/python3.12/site-packages/airflow/example_dags/example_branch_operator_decorator.py
[2026-07-19T21:35:46.679+0545] {processor.py:830} INFO - Processing file /home/snigdh/repos/bigData/spark_demo_env/lib/python3.12/site-packages/airflow/example_dags/example_branch_operator_decorator.py for tasks to queue
[2026-07-19T21:35:46.680+0545] {logging_mixin.py:188} INFO - [2026-07-19T21:35:46.679+0545] {dagbag.py:545} INFO - Filling up the DagBag from /home/snigdh/repos/bigData/spark_demo_env/lib/python3.12/site-packages/airflow/example_dags/example_branch_operator_decorator.py
[2026-07-19T21:35:46.685+0545] {processor.py:842} WARNING - No viable dags retrieved from /home/snigdh/repos/bigData/spark_demo_env/lib/python3.12/site-packages/airflow/example_dags/example_branch_operator_decorator.py
[2026-07-19T21:35:46.701+0545] {processor.py:183} INFO - Processing /home/snigdh/repos/bigData/spark_demo_env/lib/python3.12/site-packages/airflow/example_dags/example_branch_operator_decorator.py took 0.038 seconds
[2026-07-19T21:37:01.822+0545] {processor.py:161} INFO - Started process (PID=149989) to work on /home/snigdh/repos/bigData/spark_demo_env/lib/python3.12/site-packages/airflow/example_dags/example_branch_operator_decorator.py
[2026-07-19T21:37:01.826+0545] {processor.py:830} INFO - Processing file /home/snigdh/repos/bigData/spark_demo_env/lib/python3.12/site-packages/airflow/example_dags/example_branch_operator_decorator.py for tasks to queue
[2026-07-19T21:37:01.828+0545] {logging_mixin.py:188} INFO - [2026-07-19T21:37:01.827+0545] {dagbag.py:545} INFO - Filling up the DagBag from /home/snigdh/repos/bigData/spark_demo_env/lib/python3.12/site-packages/airflow/example_dags/example_branch_operator_decorator.py
[2026-07-19T21:37:01.832+0545] {processor.py:842} WARNING - No viable dags retrieved from /home/snigdh/repos/bigData/spark_demo_env/lib/python3.12/site-packages/airflow/example_dags/example_branch_operator_decorator.py
[2026-07-19T21:37:01.852+0545] {processor.py:183} INFO - Processing /home/snigdh/repos/bigData/spark_demo_env/lib/python3.12/site-packages/airflow/example_dags/example_branch_operator_decorator.py took 0.038 seconds
[2026-07-19T21:38:10.218+0545] {processor.py:161} INFO - Started process (PID=150620) to work on /home/snigdh/repos/bigData/spark_demo_env/lib/python3.12/site-packages/airflow/example_dags/example_branch_operator_decorator.py
[2026-07-19T21:38:10.222+0545] {processor.py:830} INFO - Processing file /home/snigdh/repos/bigData/spark_demo_env/lib/python3.12/site-packages/airflow/example_dags/example_branch_operator_decorator.py for tasks to queue
[2026-07-19T21:38:10.224+0545] {logging_mixin.py:188} INFO - [2026-07-19T21:38:10.223+0545] {dagbag.py:545} INFO - Filling up the DagBag from /home/snigdh/repos/bigData/spark_demo_env/lib/python3.12/site-packages/airflow/example_dags/example_branch_operator_decorator.py
[2026-07-19T21:38:10.228+0545] {processor.py:842} WARNING - No viable dags retrieved from /home/snigdh/repos/bigData/spark_demo_env/lib/python3.12/site-packages/airflow/example_dags/example_branch_operator_decorator.py
[2026-07-19T21:38:10.244+0545] {processor.py:183} INFO - Processing /home/snigdh/repos/bigData/spark_demo_env/lib/python3.12/site-packages/airflow/example_dags/example_branch_operator_decorator.py took 0.036 seconds
[2026-07-19T21:39:18.273+0545] {processor.py:161} INFO - Started process (PID=151328) to work on /home/snigdh/repos/bigData/spark_demo_env/lib/python3.12/site-packages/airflow/example_dags/example_branch_operator_decorator.py
[2026-07-19T21:39:18.277+0545] {processor.py:830} INFO - Processing file /home/snigdh/repos/bigData/spark_demo_env/lib/python3.12/site-packages/airflow/example_dags/example_branch_operator_decorator.py for tasks to queue
[2026-07-19T21:39:18.278+0545] {logging_mixin.py:188} INFO - [2026-07-19T21:39:18.278+0545] {dagbag.py:545} INFO - Filling up the DagBag from /home/snigdh/repos/bigData/spark_demo_env/lib/python3.12/site-packages/airflow/example_dags/example_branch_operator_decorator.py
[2026-07-19T21:39:18.281+0545] {processor.py:842} WARNING - No viable dags retrieved from /home/snigdh/repos/bigData/spark_demo_env/lib/python3.12/site-packages/airflow/example_dags/example_branch_operator_decorator.py
[2026-07-19T21:39:18.293+0545] {processor.py:183} INFO - Processing /home/snigdh/repos/bigData/spark_demo_env/lib/python3.12/site-packages/airflow/example_dags/example_branch_operator_decorator.py took 0.027 seconds
[2026-07-19T21:40:24.188+0545] {processor.py:161} INFO - Started process (PID=151975) to work on /home/snigdh/repos/bigData/spark_demo_env/lib/python3.12/site-packages/airflow/example_dags/example_branch_operator_decorator.py
[2026-07-19T21:40:24.192+0545] {processor.py:830} INFO - Processing file /home/snigdh/repos/bigData/spark_demo_env/lib/python3.12/site-packages/airflow/example_dags/example_branch_operator_decorator.py for tasks to queue
[2026-07-19T21:40:24.194+0545] {logging_mixin.py:188} INFO - [2026-07-19T21:40:24.193+0545] {dagbag.py:545} INFO - Filling up the DagBag from /home/snigdh/repos/bigData/spark_demo_env/lib/python3.12/site-packages/airflow/example_dags/example_branch_operator_decorator.py
[2026-07-19T21:40:24.198+0545] {processor.py:842} WARNING - No viable dags retrieved from /home/snigdh/repos/bigData/spark_demo_env/lib/python3.12/site-packages/airflow/example_dags/example_branch_operator_decorator.py
[2026-07-19T21:40:24.215+0545] {processor.py:183} INFO - Processing /home/snigdh/repos/bigData/spark_demo_env/lib/python3.12/site-packages/airflow/example_dags/example_branch_operator_decorator.py took 0.039 seconds
[2026-07-19T21:41:33.752+0545] {processor.py:161} INFO - Started process (PID=152679) to work on /home/snigdh/repos/bigData/spark_demo_env/lib/python3.12/site-packages/airflow/example_dags/example_branch_operator_decorator.py
[2026-07-19T21:41:33.754+0545] {processor.py:830} INFO - Processing file /home/snigdh/repos/bigData/spark_demo_env/lib/python3.12/site-packages/airflow/example_dags/example_branch_operator_decorator.py for tasks to queue
[2026-07-19T21:41:33.755+0545] {logging_mixin.py:188} INFO - [2026-07-19T21:41:33.755+0545] {dagbag.py:545} INFO - Filling up the DagBag from /home/snigdh/repos/bigData/spark_demo_env/lib/python3.12/site-packages/airflow/example_dags/example_branch_operator_decorator.py
[2026-07-19T21:41:33.759+0545] {processor.py:842} WARNING - No viable dags retrieved from /home/snigdh/repos/bigData/spark_demo_env/lib/python3.12/site-packages/airflow/example_dags/example_branch_operator_decorator.py
[2026-07-19T21:41:33.772+0545] {processor.py:183} INFO - Processing /home/snigdh/repos/bigData/spark_demo_env/lib/python3.12/site-packages/airflow/example_dags/example_branch_operator_decorator.py took 0.027 seconds
[2026-07-19T21:42:38.929+0545] {processor.py:161} INFO - Started process (PID=153457) to work on /home/snigdh/repos/bigData/spark_demo_env/lib/python3.12/site-packages/airflow/example_dags/example_branch_operator_decorator.py
[2026-07-19T21:42:38.933+0545] {processor.py:830} INFO - Processing file /home/snigdh/repos/bigData/spark_demo_env/lib/python3.12/site-packages/airflow/example_dags/example_branch_operator_decorator.py for tasks to queue
[2026-07-19T21:42:38.935+0545] {logging_mixin.py:188} INFO - [2026-07-19T21:42:38.934+0545] {dagbag.py:545} INFO - Filling up the DagBag from /home/snigdh/repos/bigData/spark_demo_env/lib/python3.12/site-packages/airflow/example_dags/example_branch_operator_decorator.py
[2026-07-19T21:42:38.939+0545] {processor.py:842} WARNING - No viable dags retrieved from /home/snigdh/repos/bigData/spark_demo_env/lib/python3.12/site-packages/airflow/example_dags/example_branch_operator_decorator.py
[2026-07-19T21:42:38.956+0545] {processor.py:183} INFO - Processing /home/snigdh/repos/bigData/spark_demo_env/lib/python3.12/site-packages/airflow/example_dags/example_branch_operator_decorator.py took 0.036 seconds
