[2026-07-20T09:06:20.308+0545] {local_task_job_runner.py:120} INFO - ::group::Pre task execution logs
[2026-07-20T09:06:20.329+0545] {taskinstance.py:2076} INFO - Dependencies all met for dep_context=non-requeueable deps ti=<TaskInstance: network_traffic_pipeline.row_wise_ddp_models.transformer manual__2026-07-20T02:23:05.960611+00:00 [queued]>
[2026-07-20T09:06:20.336+0545] {taskinstance.py:2076} INFO - Dependencies all met for dep_context=requeueable deps ti=<TaskInstance: network_traffic_pipeline.row_wise_ddp_models.transformer manual__2026-07-20T02:23:05.960611+00:00 [queued]>
[2026-07-20T09:06:20.336+0545] {taskinstance.py:2306} INFO - Starting attempt 1 of 3
[2026-07-20T09:06:20.351+0545] {taskinstance.py:2330} INFO - Executing <Task(BashOperator): row_wise_ddp_models.transformer> on 2026-07-20 02:23:05.960611+00:00
[2026-07-20T09:06:20.357+0545] {standard_task_runner.py:64} INFO - Started process 72878 to run task
[2026-07-20T09:06:20.361+0545] {standard_task_runner.py:90} INFO - Running: ['airflow', 'tasks', 'run', 'network_traffic_pipeline', 'row_wise_ddp_models.transformer', 'manual__2026-07-20T02:23:05.960611+00:00', '--job-id', '80', '--raw', '--subdir', 'DAGS_FOLDER/network_traffic_pipeline_dag.py', '--cfg-path', '/tmp/tmphuw7_19z']
[2026-07-20T09:06:20.363+0545] {standard_task_runner.py:91} INFO - Job 80: Subtask row_wise_ddp_models.transformer
[2026-07-20T09:06:20.411+0545] {task_command.py:426} INFO - Running <TaskInstance: network_traffic_pipeline.row_wise_ddp_models.transformer manual__2026-07-20T02:23:05.960611+00:00 [running]> on host snigdh-IdeaPad-Slim-3-15IAH8
[2026-07-20T09:06:20.489+0545] {taskinstance.py:2648} INFO - Exporting env vars: AIRFLOW_CTX_DAG_OWNER='you' AIRFLOW_CTX_DAG_ID='network_traffic_pipeline' AIRFLOW_CTX_TASK_ID='row_wise_ddp_models.transformer' AIRFLOW_CTX_EXECUTION_DATE='2026-07-20T02:23:05.960611+00:00' AIRFLOW_CTX_TRY_NUMBER='1' AIRFLOW_CTX_DAG_RUN_ID='manual__2026-07-20T02:23:05.960611+00:00'
[2026-07-20T09:06:20.491+0545] {taskinstance.py:430} INFO - ::endgroup::
[2026-07-20T09:06:20.491+0545] {subprocess.py:63} INFO - Tmp dir root location: /tmp
[2026-07-20T09:06:20.492+0545] {subprocess.py:75} INFO - Running command: ['/usr/bin/bash', '-c', 'cd /home/snigdh/repos/bigData && docker-compose exec spark-master /opt/spark/bin/spark-submit --master spark://localhost:7077 --py-files /app/common.py --conf spark.ui.port=4040 --conf spark.sql.extensions=io.delta.sql.DeltaSparkSessionExtension --conf spark.sql.catalog.spark_catalog=org.apache.spark.sql.delta.catalog.DeltaCatalog /app/task_transformer.py']
[2026-07-20T09:06:20.508+0545] {subprocess.py:86} INFO - Output:
[2026-07-20T09:06:44.108+0545] {subprocess.py:93} INFO - 26/07/20 03:21:44 INFO SparkContext: Running Spark version 3.5.0
[2026-07-20T09:06:44.113+0545] {subprocess.py:93} INFO - 26/07/20 03:21:44 INFO SparkContext: OS info Linux, 6.8.0-136-generic, amd64
[2026-07-20T09:06:44.113+0545] {subprocess.py:93} INFO - 26/07/20 03:21:44 INFO SparkContext: Java version 11.0.20.1
[2026-07-20T09:06:44.329+0545] {subprocess.py:93} INFO - 26/07/20 03:21:44 INFO ResourceUtils: ==============================================================
[2026-07-20T09:06:44.330+0545] {subprocess.py:93} INFO - 26/07/20 03:21:44 INFO ResourceUtils: No custom resources configured for spark.driver.
[2026-07-20T09:06:44.330+0545] {subprocess.py:93} INFO - 26/07/20 03:21:44 INFO ResourceUtils: ==============================================================
[2026-07-20T09:06:44.406+0545] {subprocess.py:93} INFO - 26/07/20 03:21:44 INFO SparkContext: Submitted application: anomaly_transformer
[2026-07-20T09:06:44.522+0545] {subprocess.py:93} INFO - 26/07/20 03:21:44 INFO ResourceProfile: Default ResourceProfile created, executor resources: Map(memory -> name: memory, amount: 1024, script: , vendor: , offHeap -> name: offHeap, amount: 0, script: , vendor: ), task resources: Map(cpus -> name: cpus, amount: 1.0)
[2026-07-20T09:06:44.622+0545] {subprocess.py:93} INFO - 26/07/20 03:21:44 INFO ResourceProfile: Limiting resource is cpu
[2026-07-20T09:06:44.623+0545] {subprocess.py:93} INFO - 26/07/20 03:21:44 INFO ResourceProfileManager: Added ResourceProfile id: 0
[2026-07-20T09:06:44.914+0545] {subprocess.py:93} INFO - 26/07/20 03:21:44 INFO SecurityManager: Changing view acls to: spark
[2026-07-20T09:06:44.914+0545] {subprocess.py:93} INFO - 26/07/20 03:21:44 INFO SecurityManager: Changing modify acls to: spark
[2026-07-20T09:06:44.914+0545] {subprocess.py:93} INFO - 26/07/20 03:21:44 INFO SecurityManager: Changing view acls groups to:
[2026-07-20T09:06:44.915+0545] {subprocess.py:93} INFO - 26/07/20 03:21:44 INFO SecurityManager: Changing modify acls groups to:
[2026-07-20T09:06:44.915+0545] {subprocess.py:93} INFO - 26/07/20 03:21:44 INFO SecurityManager: SecurityManager: authentication disabled; ui acls disabled; users with view permissions: spark; groups with view permissions: EMPTY; users with modify permissions: spark; groups with modify permissions: EMPTY
[2026-07-20T09:06:46.009+0545] {subprocess.py:93} INFO - 26/07/20 03:21:46 INFO Utils: Successfully started service 'sparkDriver' on port 43195.
[2026-07-20T09:06:46.120+0545] {subprocess.py:93} INFO - 26/07/20 03:21:46 INFO SparkEnv: Registering MapOutputTracker
[2026-07-20T09:06:46.418+0545] {subprocess.py:93} INFO - 26/07/20 03:21:46 INFO SparkEnv: Registering BlockManagerMaster
[2026-07-20T09:06:46.440+0545] {subprocess.py:93} INFO - 26/07/20 03:21:46 INFO BlockManagerMasterEndpoint: Using org.apache.spark.storage.DefaultTopologyMapper for getting topology information
[2026-07-20T09:06:46.440+0545] {subprocess.py:93} INFO - 26/07/20 03:21:46 INFO BlockManagerMasterEndpoint: BlockManagerMasterEndpoint up
[2026-07-20T09:06:46.444+0545] {subprocess.py:93} INFO - 26/07/20 03:21:46 INFO SparkEnv: Registering BlockManagerMasterHeartbeat
[2026-07-20T09:06:46.526+0545] {subprocess.py:93} INFO - 26/07/20 03:21:46 INFO DiskBlockManager: Created local directory at /tmp/blockmgr-394edd62-45e1-4c15-98e4-24f035a8dd20
[2026-07-20T09:06:46.615+0545] {subprocess.py:93} INFO - 26/07/20 03:21:46 INFO MemoryStore: MemoryStore started with capacity 413.9 MiB
[2026-07-20T09:06:46.706+0545] {subprocess.py:93} INFO - 26/07/20 03:21:46 INFO SparkEnv: Registering OutputCommitCoordinator
[2026-07-20T09:06:47.112+0545] {subprocess.py:93} INFO - 26/07/20 03:21:47 INFO JettyUtils: Start Jetty 0.0.0.0:4040 for SparkUI
[2026-07-20T09:06:47.318+0545] {subprocess.py:93} INFO - 26/07/20 03:21:47 INFO Utils: Successfully started service 'SparkUI' on port 4040.
[2026-07-20T09:06:47.523+0545] {subprocess.py:93} INFO - 26/07/20 03:21:47 INFO SparkContext: Added file file:///app/common.py at spark://bfe6d2784474:43195/files/common.py with timestamp 1784517704025
[2026-07-20T09:06:47.524+0545] {subprocess.py:93} INFO - 26/07/20 03:21:47 INFO Utils: Copying /app/common.py to /tmp/spark-0f535a9c-0f52-4b12-bedc-eb690cc33aca/userFiles-0b8bf0e2-9d74-4e92-97f9-818a4e9b53ea/common.py
[2026-07-20T09:06:48.219+0545] {subprocess.py:93} INFO - 26/07/20 03:21:48 INFO StandaloneAppClient$ClientEndpoint: Connecting to master spark://localhost:7077...
[2026-07-20T09:06:48.517+0545] {subprocess.py:93} INFO - 26/07/20 03:21:48 INFO TransportClientFactory: Successfully created connection to localhost/127.0.0.1:7077 after 191 ms (0 ms spent in bootstraps)
[2026-07-20T09:06:49.013+0545] {subprocess.py:93} INFO - 26/07/20 03:21:49 INFO StandaloneSchedulerBackend: Connected to Spark cluster with app ID app-20260720032148-0014
[2026-07-20T09:06:49.015+0545] {subprocess.py:93} INFO - 26/07/20 03:21:49 INFO StandaloneAppClient$ClientEndpoint: Executor added: app-20260720032148-0014/0 on worker-20260720022328-spark-worker2-8083 (spark-worker2:8083) with 1 core(s)
[2026-07-20T09:06:49.017+0545] {subprocess.py:93} INFO - 26/07/20 03:21:49 INFO StandaloneSchedulerBackend: Granted executor ID app-20260720032148-0014/0 on hostPort spark-worker2:8083 with 1 core(s), 1024.0 MiB RAM
[2026-07-20T09:06:49.017+0545] {subprocess.py:93} INFO - 26/07/20 03:21:49 INFO StandaloneAppClient$ClientEndpoint: Executor added: app-20260720032148-0014/1 on worker-20260720022328-spark-worker1-8081 (spark-worker1:8081) with 1 core(s)
[2026-07-20T09:06:49.018+0545] {subprocess.py:93} INFO - 26/07/20 03:21:49 INFO StandaloneSchedulerBackend: Granted executor ID app-20260720032148-0014/1 on hostPort spark-worker1:8081 with 1 core(s), 1024.0 MiB RAM
[2026-07-20T09:06:49.115+0545] {subprocess.py:93} INFO - 26/07/20 03:21:49 INFO Utils: Successfully started service 'org.apache.spark.network.netty.NettyBlockTransferService' on port 39781.
[2026-07-20T09:06:49.116+0545] {subprocess.py:93} INFO - 26/07/20 03:21:49 INFO NettyBlockTransferService: Server created on bfe6d2784474:39781
[2026-07-20T09:06:49.118+0545] {subprocess.py:93} INFO - 26/07/20 03:21:49 INFO BlockManager: Using org.apache.spark.storage.RandomBlockReplicationPolicy for block replication policy
[2026-07-20T09:06:49.206+0545] {subprocess.py:93} INFO - 26/07/20 03:21:49 INFO StandaloneAppClient$ClientEndpoint: Executor updated: app-20260720032148-0014/0 is now RUNNING
[2026-07-20T09:06:49.208+0545] {subprocess.py:93} INFO - 26/07/20 03:21:49 INFO StandaloneAppClient$ClientEndpoint: Executor updated: app-20260720032148-0014/1 is now RUNNING
[2026-07-20T09:06:49.209+0545] {subprocess.py:93} INFO - 26/07/20 03:21:49 INFO BlockManagerMaster: Registering BlockManager BlockManagerId(driver, bfe6d2784474, 39781, None)
[2026-07-20T09:06:49.213+0545] {subprocess.py:93} INFO - 26/07/20 03:21:49 INFO BlockManagerMasterEndpoint: Registering block manager bfe6d2784474:39781 with 413.9 MiB RAM, BlockManagerId(driver, bfe6d2784474, 39781, None)
[2026-07-20T09:06:49.216+0545] {subprocess.py:93} INFO - 26/07/20 03:21:49 INFO BlockManagerMaster: Registered BlockManager BlockManagerId(driver, bfe6d2784474, 39781, None)
[2026-07-20T09:06:49.218+0545] {subprocess.py:93} INFO - 26/07/20 03:21:49 INFO BlockManager: Initialized BlockManager: BlockManagerId(driver, bfe6d2784474, 39781, None)
[2026-07-20T09:06:50.507+0545] {subprocess.py:93} INFO - 26/07/20 03:21:50 INFO StandaloneSchedulerBackend: SchedulerBackend is ready for scheduling beginning after reached minRegisteredResourcesRatio: 0.0
[2026-07-20T20:37:25.464+0545] {subprocess.py:93} INFO - [TorchDistributor] Transformer: launching 2-way DDP (across cluster executors)...
[2026-07-20T20:37:26.568+0545] {subprocess.py:93} INFO - Started distributed training with 2 executor processes
[2026-07-20T20:37:52.628+0545] {subprocess.py:93} INFO - 2026-07-20 14:52:52,623 INFO sasl.SaslDataTransferClient: SASL encryption trust check: localHostTrusted = false, remoteHostTrusted = false
[2026-07-20T20:37:52.828+0545] {subprocess.py:93} INFO - 2026-07-20 14:52:52,733 INFO sasl.SaslDataTransferClient: SASL encryption trust check: localHostTrusted = false, remoteHostTrusted = false
[2026-07-20T20:37:52.828+0545] {subprocess.py:93} INFO - 2026-07-20 14:52:52,748 INFO sasl.SaslDataTransferClient: SASL encryption trust check: localHostTrusted = false, remoteHostTrusted = false
[2026-07-20T20:37:52.828+0545] {subprocess.py:93} INFO - 2026-07-20 14:52:52,813 INFO sasl.SaslDataTransferClient: SASL encryption trust check: localHostTrusted = false, remoteHostTrusted = false
[2026-07-20T20:37:52.829+0545] {subprocess.py:93} INFO - 2026-07-20 14:52:52,820 INFO sasl.SaslDataTransferClient: SASL encryption trust check: localHostTrusted = false, remoteHostTrusted = false
[2026-07-20T20:37:53.636+0545] {subprocess.py:93} INFO - 2026-07-20 14:52:53,634 INFO sasl.SaslDataTransferClient: SASL encryption trust check: localHostTrusted = false, remoteHostTrusted = false
[2026-07-20T20:37:53.836+0545] {subprocess.py:93} INFO - 2026-07-20 14:52:53,741 INFO sasl.SaslDataTransferClient: SASL encryption trust check: localHostTrusted = false, remoteHostTrusted = false
[2026-07-20T20:37:53.836+0545] {subprocess.py:93} INFO - 2026-07-20 14:52:53,825 INFO sasl.SaslDataTransferClient: SASL encryption trust check: localHostTrusted = false, remoteHostTrusted = false
[2026-07-20T20:37:53.837+0545] {subprocess.py:93} INFO - 2026-07-20 14:52:53,835 INFO sasl.SaslDataTransferClient: SASL encryption trust check: localHostTrusted = false, remoteHostTrusted = false
[2026-07-20T20:37:53.936+0545] {subprocess.py:93} INFO - 2026-07-20 14:52:53,912 INFO sasl.SaslDataTransferClient: SASL encryption trust check: localHostTrusted = false, remoteHostTrusted = false
[2026-07-20T20:37:54.732+0545] {subprocess.py:93} INFO -     [Transformer][rank0/2] epoch 5/30 loss=0.09749
[2026-07-20T20:37:55.534+0545] {subprocess.py:93} INFO -     [Transformer][rank0/2] epoch 10/30 loss=0.07133
[2026-07-20T20:37:56.335+0545] {subprocess.py:93} INFO -     [Transformer][rank0/2] epoch 15/30 loss=0.06108
[2026-07-20T20:37:57.137+0545] {subprocess.py:93} INFO -     [Transformer][rank0/2] epoch 20/30 loss=0.05422
[2026-07-20T20:37:57.938+0545] {subprocess.py:93} INFO -     [Transformer][rank0/2] epoch 25/30 loss=0.04940
[2026-07-20T20:37:58.639+0545] {subprocess.py:93} INFO -     [Transformer][rank0/2] epoch 30/30 loss=0.04395
[2026-07-20T20:38:00.749+0545] {subprocess.py:93} INFO - Finished distributed training with 2 executor processes
[2026-07-20T20:38:03.984+0545] {subprocess.py:93} INFO - 26/07/20 14:53:03 WARN SparkStringUtils: Truncated the string representation of a plan since it was too large. This behavior can be adjusted by setting 'spark.sql.debug.maxToStringFields'.
[2026-07-20T20:38:46.150+0545] {subprocess.py:93} INFO - [Driver] transformer_flag threshold on transformer_score: 0.2200
[2026-07-20T20:38:55.050+0545] {subprocess.py:93} INFO - [Driver] Wrote 'transformer' output -> hdfs://namenode:9000/user/demo/_scores/transformer
[2026-07-20T20:38:56.745+0545] {subprocess.py:97} INFO - Command exited with return code 0
[2026-07-20T20:38:56.745+0545] {taskinstance.py:441} INFO - ::group::Post task execution logs
[2026-07-20T20:38:56.760+0545] {taskinstance.py:1206} INFO - Marking task as SUCCESS. dag_id=network_traffic_pipeline, task_id=row_wise_ddp_models.transformer, run_id=manual__2026-07-20T02:23:05.960611+00:00, execution_date=20260720T022305, start_date=20260720T032120, end_date=20260720T145356
[2026-07-20T20:38:56.803+0545] {local_task_job_runner.py:243} INFO - Task exited with return code 0
[2026-07-20T20:38:56.819+0545] {taskinstance.py:3503} INFO - 0 downstream tasks scheduled from follow-on schedule check
[2026-07-20T20:38:56.820+0545] {local_task_job_runner.py:222} INFO - ::endgroup::
