[2026-07-19T18:39:48.158+0545] {local_task_job_runner.py:120} INFO - ::group::Pre task execution logs
[2026-07-19T18:39:48.177+0545] {taskinstance.py:2076} INFO - Dependencies all met for dep_context=non-requeueable deps ti=<TaskInstance: network_traffic_pipeline.load_csv_to_oracle manual__2026-07-19T12:54:25.194239+00:00 [queued]>
[2026-07-19T18:39:48.183+0545] {taskinstance.py:2076} INFO - Dependencies all met for dep_context=requeueable deps ti=<TaskInstance: network_traffic_pipeline.load_csv_to_oracle manual__2026-07-19T12:54:25.194239+00:00 [queued]>
[2026-07-19T18:39:48.183+0545] {taskinstance.py:2306} INFO - Starting attempt 1 of 2
[2026-07-19T18:39:48.209+0545] {taskinstance.py:2330} INFO - Executing <Task(BashOperator): load_csv_to_oracle> on 2026-07-19 12:54:25.194239+00:00
[2026-07-19T18:39:48.214+0545] {standard_task_runner.py:64} INFO - Started process 26361 to run task
[2026-07-19T18:39:48.216+0545] {standard_task_runner.py:90} INFO - Running: ['airflow', 'tasks', 'run', 'network_traffic_pipeline', 'load_csv_to_oracle', 'manual__2026-07-19T12:54:25.194239+00:00', '--job-id', '8', '--raw', '--subdir', 'DAGS_FOLDER/network_traffic_pipeline_dag.py', '--cfg-path', '/tmp/tmp6vkyn_s7']
[2026-07-19T18:39:48.218+0545] {standard_task_runner.py:91} INFO - Job 8: Subtask load_csv_to_oracle
[2026-07-19T18:39:48.262+0545] {task_command.py:426} INFO - Running <TaskInstance: network_traffic_pipeline.load_csv_to_oracle manual__2026-07-19T12:54:25.194239+00:00 [running]> on host snigdh-IdeaPad-Slim-3-15IAH8
[2026-07-19T18:39:48.329+0545] {taskinstance.py:2648} INFO - Exporting env vars: AIRFLOW_CTX_DAG_OWNER='you' AIRFLOW_CTX_DAG_ID='network_traffic_pipeline' AIRFLOW_CTX_TASK_ID='load_csv_to_oracle' AIRFLOW_CTX_EXECUTION_DATE='2026-07-19T12:54:25.194239+00:00' AIRFLOW_CTX_TRY_NUMBER='1' AIRFLOW_CTX_DAG_RUN_ID='manual__2026-07-19T12:54:25.194239+00:00'
[2026-07-19T18:39:48.330+0545] {taskinstance.py:430} INFO - ::endgroup::
[2026-07-19T18:39:48.331+0545] {subprocess.py:63} INFO - Tmp dir root location: /tmp
[2026-07-19T18:39:48.331+0545] {subprocess.py:75} INFO - Running command: ['/usr/bin/bash', '-c', "cd /home/snigdh/repos/bigData && docker-compose exec -T oracle bash -c 'cat > /tmp/dcs_test.csv' < dcs_test.csv && cat init.sql | docker-compose exec -T oracle sqlplus system/demo_password@localhost/XE"]
[2026-07-19T18:39:48.341+0545] {subprocess.py:86} INFO - Output:
[2026-07-19T18:39:49.272+0545] {subprocess.py:93} INFO - 
[2026-07-19T18:39:49.273+0545] {subprocess.py:93} INFO - SQL*Plus: Release 21.0.0.0.0 - Production on Sun Jul 19 12:54:49 2026
[2026-07-19T18:39:49.273+0545] {subprocess.py:93} INFO - Version 21.3.0.0.0
[2026-07-19T18:39:49.273+0545] {subprocess.py:93} INFO - 
[2026-07-19T18:39:49.273+0545] {subprocess.py:93} INFO - Copyright (c) 1982, 2021, Oracle.  All rights reserved.
[2026-07-19T18:39:49.273+0545] {subprocess.py:93} INFO - 
[2026-07-19T18:39:49.339+0545] {subprocess.py:93} INFO - Last Successful login time: Mon Sep 30 2024 01:54:37 +00:00
[2026-07-19T18:39:49.339+0545] {subprocess.py:93} INFO - 
[2026-07-19T18:39:49.339+0545] {subprocess.py:93} INFO - Connected to:
[2026-07-19T18:39:49.340+0545] {subprocess.py:93} INFO - Oracle Database 21c Express Edition Release 21.0.0.0.0 - Production
[2026-07-19T18:39:49.340+0545] {subprocess.py:93} INFO - Version 21.3.0.0.0
[2026-07-19T18:39:49.340+0545] {subprocess.py:93} INFO - 
[2026-07-19T18:39:49.364+0545] {subprocess.py:93} INFO - SQL> SQL> SQL> DROP TABLE network_traffic PURGE
[2026-07-19T18:39:49.364+0545] {subprocess.py:93} INFO -            *
[2026-07-19T18:39:49.364+0545] {subprocess.py:93} INFO - ERROR at line 1:
[2026-07-19T18:39:49.364+0545] {subprocess.py:93} INFO - ORA-00942: table or view does not exist
[2026-07-19T18:39:49.365+0545] {subprocess.py:93} INFO - 
[2026-07-19T18:39:49.365+0545] {subprocess.py:93} INFO - 
[2026-07-19T18:39:49.404+0545] {subprocess.py:93} INFO - SQL> SQL> SQL> SQL>
[2026-07-19T18:39:49.414+0545] {subprocess.py:93} INFO - Directory created.
[2026-07-19T18:39:49.415+0545] {subprocess.py:93} INFO - 
[2026-07-19T18:39:49.501+0545] {subprocess.py:93} INFO - SQL> SQL> SQL>   2    3    4    5    6    7    8
[2026-07-19T18:39:49.501+0545] {subprocess.py:93} INFO - Table created.
[2026-07-19T18:39:49.502+0545] {subprocess.py:93} INFO - 
[2026-07-19T18:39:52.056+0545] {subprocess.py:93} INFO - SQL> SQL> SQL>   2    3    4    5    6    7    8    9   10   11   12   13   14   15   16   17   18   19   20   21   22   23   24   25   26   27   28   29   30   31   32   33   34   35   36   37   38   39   40   41   42
[2026-07-19T18:39:52.056+0545] {subprocess.py:93} INFO - PL/SQL procedure successfully completed.
[2026-07-19T18:39:52.056+0545] {subprocess.py:93} INFO - 
[2026-07-19T18:39:52.058+0545] {subprocess.py:93} INFO - SQL> Disconnected from Oracle Database 21c Express Edition Release 21.0.0.0.0 - Production
[2026-07-19T18:39:52.058+0545] {subprocess.py:93} INFO - Version 21.3.0.0.0
[2026-07-19T18:39:52.125+0545] {subprocess.py:97} INFO - Command exited with return code 0
[2026-07-19T18:39:52.126+0545] {taskinstance.py:441} INFO - ::group::Post task execution logs
[2026-07-19T18:39:52.148+0545] {taskinstance.py:1206} INFO - Marking task as SUCCESS. dag_id=network_traffic_pipeline, task_id=load_csv_to_oracle, run_id=manual__2026-07-19T12:54:25.194239+00:00, execution_date=20260719T125425, start_date=20260719T125448, end_date=20260719T125452
[2026-07-19T18:39:52.203+0545] {local_task_job_runner.py:243} INFO - Task exited with return code 0
[2026-07-19T18:39:52.235+0545] {taskinstance.py:3503} INFO - 1 downstream tasks scheduled from follow-on schedule check
[2026-07-19T18:39:52.239+0545] {local_task_job_runner.py:222} INFO - ::endgroup::
