[2026-07-20T12:07:50.285+0545] {local_task_job_runner.py:120} INFO - ::group::Pre task execution logs
[2026-07-20T12:07:50.302+0545] {taskinstance.py:2076} INFO - Dependencies all met for dep_context=non-requeueable deps ti=<TaskInstance: network_traffic_pipeline.run_etl manual__2026-07-20T06:22:21.878481+00:00 [queued]>
[2026-07-20T12:07:50.307+0545] {taskinstance.py:2076} INFO - Dependencies all met for dep_context=requeueable deps ti=<TaskInstance: network_traffic_pipeline.run_etl manual__2026-07-20T06:22:21.878481+00:00 [queued]>
[2026-07-20T12:07:50.308+0545] {taskinstance.py:2306} INFO - Starting attempt 1 of 2
[2026-07-20T12:07:50.323+0545] {taskinstance.py:2330} INFO - Executing <Task(BashOperator): run_etl> on 2026-07-20 06:22:21.878481+00:00
[2026-07-20T12:07:50.327+0545] {standard_task_runner.py:64} INFO - Started process 53898 to run task
[2026-07-20T12:07:50.329+0545] {standard_task_runner.py:90} INFO - Running: ['airflow', 'tasks', 'run', 'network_traffic_pipeline', 'run_etl', 'manual__2026-07-20T06:22:21.878481+00:00', '--job-id', '99', '--raw', '--subdir', 'DAGS_FOLDER/network_traffic_pipeline_dag.py', '--cfg-path', '/tmp/tmpe5wgydse']
[2026-07-20T12:07:50.331+0545] {standard_task_runner.py:91} INFO - Job 99: Subtask run_etl
[2026-07-20T12:07:50.376+0545] {task_command.py:426} INFO - Running <TaskInstance: network_traffic_pipeline.run_etl manual__2026-07-20T06:22:21.878481+00:00 [running]> on host snigdh-IdeaPad-Slim-3-15IAH8
[2026-07-20T12:07:50.441+0545] {taskinstance.py:2648} INFO - Exporting env vars: AIRFLOW_CTX_DAG_OWNER='you' AIRFLOW_CTX_DAG_ID='network_traffic_pipeline' AIRFLOW_CTX_TASK_ID='run_etl' AIRFLOW_CTX_EXECUTION_DATE='2026-07-20T06:22:21.878481+00:00' AIRFLOW_CTX_TRY_NUMBER='1' AIRFLOW_CTX_DAG_RUN_ID='manual__2026-07-20T06:22:21.878481+00:00'
[2026-07-20T12:07:50.442+0545] {taskinstance.py:430} INFO - ::endgroup::
[2026-07-20T12:07:50.442+0545] {subprocess.py:63} INFO - Tmp dir root location: /tmp
[2026-07-20T12:07:50.443+0545] {subprocess.py:75} INFO - Running command: ['/usr/bin/bash', '-c', 'cd /home/snigdh/repos/bigData && docker-compose exec spark-master /opt/spark/bin/spark-submit --master spark://localhost:7077 --jars /app/ojdbc8.jar --conf spark.ui.port=4040 --conf spark.sql.extensions=io.delta.sql.DeltaSparkSessionExtension --conf spark.sql.catalog.spark_catalog=org.apache.spark.sql.delta.catalog.DeltaCatalog /app/etl_job.py']
[2026-07-20T12:07:50.451+0545] {subprocess.py:86} INFO - Output:
[2026-07-20T12:08:01.079+0545] {subprocess.py:93} INFO - 26/07/20 06:23:01 INFO SparkContext: Running Spark version 3.5.0
[2026-07-20T12:08:01.080+0545] {subprocess.py:93} INFO - 26/07/20 06:23:01 INFO SparkContext: OS info Linux, 6.8.0-136-generic, amd64
[2026-07-20T12:08:01.085+0545] {subprocess.py:93} INFO - 26/07/20 06:23:01 INFO SparkContext: Java version 11.0.20.1
[2026-07-20T12:08:01.248+0545] {subprocess.py:93} INFO - 26/07/20 06:23:01 INFO ResourceUtils: ==============================================================
[2026-07-20T12:08:01.249+0545] {subprocess.py:93} INFO - 26/07/20 06:23:01 INFO ResourceUtils: No custom resources configured for spark.driver.
[2026-07-20T12:08:01.249+0545] {subprocess.py:93} INFO - 26/07/20 06:23:01 INFO ResourceUtils: ==============================================================
[2026-07-20T12:08:01.249+0545] {subprocess.py:93} INFO - 26/07/20 06:23:01 INFO SparkContext: Submitted application: OracleToHDFS_ETL
[2026-07-20T12:08:01.368+0545] {subprocess.py:93} INFO - 26/07/20 06:23:01 INFO ResourceProfile: Default ResourceProfile created, executor resources: Map(memory -> name: memory, amount: 1024, script: , vendor: , offHeap -> name: offHeap, amount: 0, script: , vendor: ), task resources: Map(cpus -> name: cpus, amount: 1.0)
[2026-07-20T12:08:01.376+0545] {subprocess.py:93} INFO - 26/07/20 06:23:01 INFO ResourceProfile: Limiting resource is cpu
[2026-07-20T12:08:01.377+0545] {subprocess.py:93} INFO - 26/07/20 06:23:01 INFO ResourceProfileManager: Added ResourceProfile id: 0
[2026-07-20T12:08:01.589+0545] {subprocess.py:93} INFO - 26/07/20 06:23:01 INFO SecurityManager: Changing view acls to: spark
[2026-07-20T12:08:01.589+0545] {subprocess.py:93} INFO - 26/07/20 06:23:01 INFO SecurityManager: Changing modify acls to: spark
[2026-07-20T12:08:01.589+0545] {subprocess.py:93} INFO - 26/07/20 06:23:01 INFO SecurityManager: Changing view acls groups to:
[2026-07-20T12:08:01.589+0545] {subprocess.py:93} INFO - 26/07/20 06:23:01 INFO SecurityManager: Changing modify acls groups to:
[2026-07-20T12:08:01.589+0545] {subprocess.py:93} INFO - 26/07/20 06:23:01 INFO SecurityManager: SecurityManager: authentication disabled; ui acls disabled; users with view permissions: spark; groups with view permissions: EMPTY; users with modify permissions: spark; groups with modify permissions: EMPTY
[2026-07-20T12:08:02.265+0545] {subprocess.py:93} INFO - 26/07/20 06:23:02 INFO Utils: Successfully started service 'sparkDriver' on port 39155.
[2026-07-20T12:08:02.384+0545] {subprocess.py:93} INFO - 26/07/20 06:23:02 INFO SparkEnv: Registering MapOutputTracker
[2026-07-20T12:08:02.483+0545] {subprocess.py:93} INFO - 26/07/20 06:23:02 INFO SparkEnv: Registering BlockManagerMaster
[2026-07-20T12:08:02.566+0545] {subprocess.py:93} INFO - 26/07/20 06:23:02 INFO BlockManagerMasterEndpoint: Using org.apache.spark.storage.DefaultTopologyMapper for getting topology information
[2026-07-20T12:08:02.567+0545] {subprocess.py:93} INFO - 26/07/20 06:23:02 INFO BlockManagerMasterEndpoint: BlockManagerMasterEndpoint up
[2026-07-20T12:08:02.665+0545] {subprocess.py:93} INFO - 26/07/20 06:23:02 INFO SparkEnv: Registering BlockManagerMasterHeartbeat
[2026-07-20T12:08:02.847+0545] {subprocess.py:93} INFO - 26/07/20 06:23:02 INFO DiskBlockManager: Created local directory at /tmp/blockmgr-e095f4ae-8761-472a-89e3-a4bdd629bef5
[2026-07-20T12:08:02.876+0545] {subprocess.py:93} INFO - 26/07/20 06:23:02 INFO MemoryStore: MemoryStore started with capacity 413.9 MiB
[2026-07-20T12:08:02.976+0545] {subprocess.py:93} INFO - 26/07/20 06:23:02 INFO SparkEnv: Registering OutputCommitCoordinator
[2026-07-20T12:08:03.479+0545] {subprocess.py:93} INFO - 26/07/20 06:23:03 INFO JettyUtils: Start Jetty 0.0.0.0:4040 for SparkUI
[2026-07-20T12:08:03.650+0545] {subprocess.py:93} INFO - 26/07/20 06:23:03 INFO Utils: Successfully started service 'SparkUI' on port 4040.
[2026-07-20T12:08:03.758+0545] {subprocess.py:93} INFO - 26/07/20 06:23:03 INFO SparkContext: Added JAR file:///app/ojdbc8.jar at spark://08468655b926:39155/jars/ojdbc8.jar with timestamp 1784528581070
[2026-07-20T12:08:04.262+0545] {subprocess.py:93} INFO - 26/07/20 06:23:04 INFO StandaloneAppClient$ClientEndpoint: Connecting to master spark://localhost:7077...
[2026-07-20T12:08:04.455+0545] {subprocess.py:93} INFO - 26/07/20 06:23:04 INFO TransportClientFactory: Successfully created connection to localhost/127.0.0.1:7077 after 99 ms (0 ms spent in bootstraps)
[2026-07-20T12:08:05.058+0545] {subprocess.py:93} INFO - 26/07/20 06:23:05 INFO StandaloneSchedulerBackend: Connected to Spark cluster with app ID app-20260720062304-0000
[2026-07-20T12:08:05.247+0545] {subprocess.py:93} INFO - 26/07/20 06:23:05 INFO Utils: Successfully started service 'org.apache.spark.network.netty.NettyBlockTransferService' on port 40249.
[2026-07-20T12:08:05.248+0545] {subprocess.py:93} INFO - 26/07/20 06:23:05 INFO NettyBlockTransferService: Server created on 08468655b926:40249
[2026-07-20T12:08:05.248+0545] {subprocess.py:93} INFO - 26/07/20 06:23:05 INFO StandaloneAppClient$ClientEndpoint: Executor added: app-20260720062304-0000/0 on worker-20260720062240-spark-worker1-8081 (spark-worker1:8081) with 1 core(s)
[2026-07-20T12:08:05.250+0545] {subprocess.py:93} INFO - 26/07/20 06:23:05 INFO StandaloneSchedulerBackend: Granted executor ID app-20260720062304-0000/0 on hostPort spark-worker1:8081 with 1 core(s), 1024.0 MiB RAM
[2026-07-20T12:08:05.250+0545] {subprocess.py:93} INFO - 26/07/20 06:23:05 INFO StandaloneAppClient$ClientEndpoint: Executor added: app-20260720062304-0000/1 on worker-20260720062240-spark-worker2-8083 (spark-worker2:8083) with 1 core(s)
[2026-07-20T12:08:05.250+0545] {subprocess.py:93} INFO - 26/07/20 06:23:05 INFO StandaloneSchedulerBackend: Granted executor ID app-20260720062304-0000/1 on hostPort spark-worker2:8083 with 1 core(s), 1024.0 MiB RAM
[2026-07-20T12:08:05.259+0545] {subprocess.py:93} INFO - 26/07/20 06:23:05 INFO BlockManager: Using org.apache.spark.storage.RandomBlockReplicationPolicy for block replication policy
[2026-07-20T12:08:05.359+0545] {subprocess.py:93} INFO - 26/07/20 06:23:05 INFO BlockManagerMaster: Registering BlockManager BlockManagerId(driver, 08468655b926, 40249, None)
[2026-07-20T12:08:05.363+0545] {subprocess.py:93} INFO - 26/07/20 06:23:05 INFO BlockManagerMasterEndpoint: Registering block manager 08468655b926:40249 with 413.9 MiB RAM, BlockManagerId(driver, 08468655b926, 40249, None)
[2026-07-20T12:08:05.365+0545] {subprocess.py:93} INFO - 26/07/20 06:23:05 INFO BlockManagerMaster: Registered BlockManager BlockManagerId(driver, 08468655b926, 40249, None)
[2026-07-20T12:08:05.367+0545] {subprocess.py:93} INFO - 26/07/20 06:23:05 INFO BlockManager: Initialized BlockManager: BlockManagerId(driver, 08468655b926, 40249, None)
[2026-07-20T12:08:05.750+0545] {subprocess.py:93} INFO - 26/07/20 06:23:05 INFO StandaloneAppClient$ClientEndpoint: Executor updated: app-20260720062304-0000/0 is now RUNNING
[2026-07-20T12:08:05.750+0545] {subprocess.py:93} INFO - 26/07/20 06:23:05 INFO StandaloneAppClient$ClientEndpoint: Executor updated: app-20260720062304-0000/1 is now RUNNING
[2026-07-20T12:08:06.255+0545] {subprocess.py:93} INFO - 26/07/20 06:23:06 INFO StandaloneSchedulerBackend: SchedulerBackend is ready for scheduling beginning after reached minRegisteredResourcesRatio: 0.0
[2026-07-20T12:08:07.666+0545] {subprocess.py:93} INFO - 26/07/20 06:23:07 INFO SharedState: Setting hive.metastore.warehouse.dir ('null') to the value of spark.sql.warehouse.dir.
[2026-07-20T12:08:07.672+0545] {subprocess.py:93} INFO - 26/07/20 06:23:07 INFO SharedState: Warehouse path is 'file:/opt/spark/work-dir/spark-warehouse'.
[2026-07-20T12:08:17.452+0545] {subprocess.py:93} INFO - 26/07/20 06:23:17 INFO StandaloneSchedulerBackend$StandaloneDriverEndpoint: Registered executor NettyRpcEndpointRef(spark-client://Executor) (172.19.0.5:38202) with ID 0,  ResourceProfileId 0
[2026-07-20T12:08:17.851+0545] {subprocess.py:93} INFO - 26/07/20 06:23:17 INFO BlockManagerMasterEndpoint: Registering block manager spark-worker1:43193 with 413.9 MiB RAM, BlockManagerId(0, spark-worker1, 43193, None)
[2026-07-20T12:08:18.658+0545] {subprocess.py:93} INFO - 26/07/20 06:23:18 INFO StandaloneSchedulerBackend$StandaloneDriverEndpoint: Registered executor NettyRpcEndpointRef(spark-client://Executor) (172.19.0.6:52464) with ID 1,  ResourceProfileId 0
[2026-07-20T12:08:19.164+0545] {subprocess.py:93} INFO - 26/07/20 06:23:19 INFO BlockManagerMasterEndpoint: Registering block manager spark-worker2:43869 with 413.9 MiB RAM, BlockManagerId(1, spark-worker2, 43869, None)
[2026-07-20T12:08:20.554+0545] {subprocess.py:93} INFO - Data extracted from Oracle (first 5 rows):
[2026-07-20T12:08:23.262+0545] {subprocess.py:93} INFO - 26/07/20 06:23:23 INFO CodeGenerator: Code generated in 701.951101 ms
[2026-07-20T12:08:23.961+0545] {subprocess.py:93} INFO - 26/07/20 06:23:23 INFO CodeGenerator: Code generated in 99.26982 ms
[2026-07-20T12:08:24.459+0545] {subprocess.py:93} INFO - 26/07/20 06:23:24 INFO SparkContext: Starting job: showString at <unknown>:0
[2026-07-20T12:08:24.554+0545] {subprocess.py:93} INFO - 26/07/20 06:23:24 INFO DAGScheduler: Got job 0 (showString at <unknown>:0) with 1 output partitions
[2026-07-20T12:08:24.554+0545] {subprocess.py:93} INFO - 26/07/20 06:23:24 INFO DAGScheduler: Final stage: ResultStage 0 (showString at <unknown>:0)
[2026-07-20T12:08:24.554+0545] {subprocess.py:93} INFO - 26/07/20 06:23:24 INFO DAGScheduler: Parents of final stage: List()
[2026-07-20T12:08:24.555+0545] {subprocess.py:93} INFO - 26/07/20 06:23:24 INFO DAGScheduler: Missing parents: List()
[2026-07-20T12:08:24.558+0545] {subprocess.py:93} INFO - 26/07/20 06:23:24 INFO DAGScheduler: Submitting ResultStage 0 (MapPartitionsRDD[3] at showString at <unknown>:0), which has no missing parents
[2026-07-20T12:08:24.861+0545] {subprocess.py:93} INFO - 26/07/20 06:23:24 INFO MemoryStore: Block broadcast_0 stored as values in memory (estimated size 15.6 KiB, free 413.9 MiB)
[2026-07-20T12:08:25.058+0545] {subprocess.py:93} INFO - 26/07/20 06:23:25 INFO MemoryStore: Block broadcast_0_piece0 stored as bytes in memory (estimated size 7.2 KiB, free 413.9 MiB)
[2026-07-20T12:08:25.060+0545] {subprocess.py:93} INFO - 26/07/20 06:23:25 INFO BlockManagerInfo: Added broadcast_0_piece0 in memory on 08468655b926:40249 (size: 7.2 KiB, free: 413.9 MiB)
[2026-07-20T12:08:25.063+0545] {subprocess.py:93} INFO - 26/07/20 06:23:25 INFO SparkContext: Created broadcast 0 from broadcast at DAGScheduler.scala:1580
[2026-07-20T12:08:25.155+0545] {subprocess.py:93} INFO - 26/07/20 06:23:25 INFO DAGScheduler: Submitting 1 missing tasks from ResultStage 0 (MapPartitionsRDD[3] at showString at <unknown>:0) (first 15 tasks are for partitions Vector(0))
[2026-07-20T12:08:25.156+0545] {subprocess.py:93} INFO - 26/07/20 06:23:25 INFO TaskSchedulerImpl: Adding task set 0.0 with 1 tasks resource profile 0
[2026-07-20T12:08:25.256+0545] {subprocess.py:93} INFO - 26/07/20 06:23:25 INFO TaskSetManager: Starting task 0.0 in stage 0.0 (TID 0) (spark-worker2, executor 1, partition 0, PROCESS_LOCAL, 7634 bytes)
[2026-07-20T12:08:25.790+0545] {subprocess.py:93} INFO - 26/07/20 06:23:25 INFO BlockManagerInfo: Added broadcast_0_piece0 in memory on spark-worker2:43869 (size: 7.2 KiB, free: 413.9 MiB)
[2026-07-20T12:08:31.282+0545] {subprocess.py:93} INFO - 26/07/20 06:23:31 INFO TaskSetManager: Finished task 0.0 in stage 0.0 (TID 0) in 6033 ms on spark-worker2 (executor 1) (1/1)
[2026-07-20T12:08:31.284+0545] {subprocess.py:93} INFO - 26/07/20 06:23:31 INFO TaskSchedulerImpl: Removed TaskSet 0.0, whose tasks have all completed, from pool
[2026-07-20T12:08:31.285+0545] {subprocess.py:93} INFO - 26/07/20 06:23:31 INFO DAGScheduler: ResultStage 0 (showString at <unknown>:0) finished in 6.625 s
[2026-07-20T12:08:31.287+0545] {subprocess.py:93} INFO - 26/07/20 06:23:31 INFO DAGScheduler: Job 0 is finished. Cancelling potential speculative or zombie tasks for this job
[2026-07-20T12:08:31.287+0545] {subprocess.py:93} INFO - 26/07/20 06:23:31 INFO TaskSchedulerImpl: Killing all running tasks in stage 0: Stage finished
[2026-07-20T12:08:31.288+0545] {subprocess.py:93} INFO - 26/07/20 06:23:31 INFO DAGScheduler: Job 0 finished: showString at <unknown>:0, took 6.829183 s
[2026-07-20T12:08:31.450+0545] {subprocess.py:93} INFO - 26/07/20 06:23:31 INFO CodeGenerator: Code generated in 102.275995 ms
[2026-07-20T12:08:31.749+0545] {subprocess.py:93} INFO - 26/07/20 06:23:31 INFO BlockManagerInfo: Removed broadcast_0_piece0 on 08468655b926:40249 in memory (size: 7.2 KiB, free: 413.9 MiB)
[2026-07-20T12:08:31.750+0545] {subprocess.py:93} INFO - 26/07/20 06:23:31 INFO BlockManagerInfo: Removed broadcast_0_piece0 on spark-worker2:43869 in memory (size: 7.2 KiB, free: 413.9 MiB)
[2026-07-20T12:08:33.753+0545] {subprocess.py:93} INFO - 26/07/20 06:23:33 INFO CodeGenerator: Code generated in 82.986228 ms
[2026-07-20T12:08:33.848+0545] {subprocess.py:93} INFO - +------------+-------------+----------------+------------+-------------+----------------+
[2026-07-20T12:08:33.848+0545] {subprocess.py:93} INFO - |          ID| PIXEL_TEMP_C|LAR_PRESSURE_BAR|LV_VOLTAGE_V|HV_CURRENT_UA|COOLING_FLOW_LPM|
[2026-07-20T12:08:33.848+0545] {subprocess.py:93} INFO - +------------+-------------+----------------+------------+-------------+----------------+
[2026-07-20T12:08:33.848+0545] {subprocess.py:93} INFO - |1.0000000000|-9.7597325893|    1.3214034201|3.2927583253|40.7438324717|   11.8524055483|
[2026-07-20T12:08:33.848+0545] {subprocess.py:93} INFO - |2.0000000000|-9.9104251739|    1.3191925962|3.3026283382|40.4408897284|   11.8332562583|
[2026-07-20T12:08:33.848+0545] {subprocess.py:93} INFO - |3.0000000000|-9.8567808184|    1.3228460688|3.3012977197|40.4584988574|   11.9115686003|
[2026-07-20T12:08:33.848+0545] {subprocess.py:93} INFO - |4.0000000000|-9.9062016427|    1.3177462579|3.2974716507|40.8641386345|   11.9013798527|
[2026-07-20T12:08:33.848+0545] {subprocess.py:93} INFO - |5.0000000000|-9.6123437887|    1.3163756582|3.2953771365|40.6205192286|   11.7812616752|
[2026-07-20T12:08:33.848+0545] {subprocess.py:93} INFO - +------------+-------------+----------------+------------+-------------+----------------+
[2026-07-20T12:08:33.848+0545] {subprocess.py:93} INFO - only showing top 5 rows
[2026-07-20T12:08:33.848+0545] {subprocess.py:93} INFO - 
[2026-07-20T12:08:34.357+0545] {subprocess.py:93} INFO - 26/07/20 06:23:34 INFO SparkContext: Starting job: toPandas at /app/etl_job.py:76
[2026-07-20T12:08:34.358+0545] {subprocess.py:93} INFO - 26/07/20 06:23:34 INFO DAGScheduler: Got job 1 (toPandas at /app/etl_job.py:76) with 1 output partitions
[2026-07-20T12:08:34.358+0545] {subprocess.py:93} INFO - 26/07/20 06:23:34 INFO DAGScheduler: Final stage: ResultStage 1 (toPandas at /app/etl_job.py:76)
[2026-07-20T12:08:34.358+0545] {subprocess.py:93} INFO - 26/07/20 06:23:34 INFO DAGScheduler: Parents of final stage: List()
[2026-07-20T12:08:34.358+0545] {subprocess.py:93} INFO - 26/07/20 06:23:34 INFO DAGScheduler: Missing parents: List()
[2026-07-20T12:08:34.359+0545] {subprocess.py:93} INFO - 26/07/20 06:23:34 INFO DAGScheduler: Submitting ResultStage 1 (MapPartitionsRDD[8] at toPandas at /app/etl_job.py:76), which has no missing parents
[2026-07-20T12:08:34.363+0545] {subprocess.py:93} INFO - 26/07/20 06:23:34 INFO MemoryStore: Block broadcast_1 stored as values in memory (estimated size 15.8 KiB, free 413.9 MiB)
[2026-07-20T12:08:34.451+0545] {subprocess.py:93} INFO - 26/07/20 06:23:34 INFO MemoryStore: Block broadcast_1_piece0 stored as bytes in memory (estimated size 7.6 KiB, free 413.9 MiB)
[2026-07-20T12:08:34.452+0545] {subprocess.py:93} INFO - 26/07/20 06:23:34 INFO BlockManagerInfo: Added broadcast_1_piece0 in memory on 08468655b926:40249 (size: 7.6 KiB, free: 413.9 MiB)
[2026-07-20T12:08:34.452+0545] {subprocess.py:93} INFO - 26/07/20 06:23:34 INFO SparkContext: Created broadcast 1 from broadcast at DAGScheduler.scala:1580
[2026-07-20T12:08:34.453+0545] {subprocess.py:93} INFO - 26/07/20 06:23:34 INFO DAGScheduler: Submitting 1 missing tasks from ResultStage 1 (MapPartitionsRDD[8] at toPandas at /app/etl_job.py:76) (first 15 tasks are for partitions Vector(0))
[2026-07-20T12:08:34.453+0545] {subprocess.py:93} INFO - 26/07/20 06:23:34 INFO TaskSchedulerImpl: Adding task set 1.0 with 1 tasks resource profile 0
[2026-07-20T12:08:34.455+0545] {subprocess.py:93} INFO - 26/07/20 06:23:34 INFO TaskSetManager: Starting task 0.0 in stage 1.0 (TID 1) (spark-worker2, executor 1, partition 0, PROCESS_LOCAL, 7634 bytes)
[2026-07-20T12:08:34.545+0545] {subprocess.py:93} INFO - 26/07/20 06:23:34 INFO BlockManagerInfo: Added broadcast_1_piece0 in memory on spark-worker2:43869 (size: 7.6 KiB, free: 413.9 MiB)
[2026-07-20T12:08:35.549+0545] {subprocess.py:93} INFO - 26/07/20 06:23:35 INFO TaskSetManager: Finished task 0.0 in stage 1.0 (TID 1) in 1095 ms on spark-worker2 (executor 1) (1/1)
[2026-07-20T12:08:35.550+0545] {subprocess.py:93} INFO - 26/07/20 06:23:35 INFO TaskSchedulerImpl: Removed TaskSet 1.0, whose tasks have all completed, from pool
[2026-07-20T12:08:35.550+0545] {subprocess.py:93} INFO - 26/07/20 06:23:35 INFO DAGScheduler: ResultStage 1 (toPandas at /app/etl_job.py:76) finished in 1.190 s
[2026-07-20T12:08:35.551+0545] {subprocess.py:93} INFO - 26/07/20 06:23:35 INFO DAGScheduler: Job 1 is finished. Cancelling potential speculative or zombie tasks for this job
[2026-07-20T12:08:35.551+0545] {subprocess.py:93} INFO - 26/07/20 06:23:35 INFO TaskSchedulerImpl: Killing all running tasks in stage 1: Stage finished
[2026-07-20T12:08:35.552+0545] {subprocess.py:93} INFO - 26/07/20 06:23:35 INFO DAGScheduler: Job 1 finished: toPandas at /app/etl_job.py:76, took 1.194631 s
[2026-07-20T12:08:35.794+0545] {subprocess.py:93} INFO - 26/07/20 06:23:35 INFO DAGScheduler: Registering RDD 9 (toPandas at /app/etl_job.py:76) as input to shuffle 0
[2026-07-20T12:08:35.797+0545] {subprocess.py:93} INFO - 26/07/20 06:23:35 INFO DAGScheduler: Got map stage job 2 (toPandas at /app/etl_job.py:76) with 1 output partitions
[2026-07-20T12:08:35.797+0545] {subprocess.py:93} INFO - 26/07/20 06:23:35 INFO DAGScheduler: Final stage: ShuffleMapStage 2 (toPandas at /app/etl_job.py:76)
[2026-07-20T12:08:35.798+0545] {subprocess.py:93} INFO - 26/07/20 06:23:35 INFO DAGScheduler: Parents of final stage: List()
[2026-07-20T12:08:35.798+0545] {subprocess.py:93} INFO - 26/07/20 06:23:35 INFO DAGScheduler: Missing parents: List()
[2026-07-20T12:08:35.799+0545] {subprocess.py:93} INFO - 26/07/20 06:23:35 INFO DAGScheduler: Submitting ShuffleMapStage 2 (MapPartitionsRDD[9] at toPandas at /app/etl_job.py:76), which has no missing parents
[2026-07-20T12:08:35.858+0545] {subprocess.py:93} INFO - 26/07/20 06:23:35 INFO MemoryStore: Block broadcast_2 stored as values in memory (estimated size 27.7 KiB, free 413.9 MiB)
[2026-07-20T12:08:35.859+0545] {subprocess.py:93} INFO - 26/07/20 06:23:35 INFO MemoryStore: Block broadcast_2_piece0 stored as bytes in memory (estimated size 10.5 KiB, free 413.9 MiB)
[2026-07-20T12:08:35.859+0545] {subprocess.py:93} INFO - 26/07/20 06:23:35 INFO BlockManagerInfo: Added broadcast_2_piece0 in memory on 08468655b926:40249 (size: 10.5 KiB, free: 413.9 MiB)
[2026-07-20T12:08:35.860+0545] {subprocess.py:93} INFO - 26/07/20 06:23:35 INFO SparkContext: Created broadcast 2 from broadcast at DAGScheduler.scala:1580
[2026-07-20T12:08:35.861+0545] {subprocess.py:93} INFO - 26/07/20 06:23:35 INFO DAGScheduler: Submitting 1 missing tasks from ShuffleMapStage 2 (MapPartitionsRDD[9] at toPandas at /app/etl_job.py:76) (first 15 tasks are for partitions Vector(0))
[2026-07-20T12:08:35.861+0545] {subprocess.py:93} INFO - 26/07/20 06:23:35 INFO TaskSchedulerImpl: Adding task set 2.0 with 1 tasks resource profile 0
[2026-07-20T12:08:35.946+0545] {subprocess.py:93} INFO - 26/07/20 06:23:35 INFO TaskSetManager: Starting task 0.0 in stage 2.0 (TID 2) (spark-worker2, executor 1, partition 0, PROCESS_LOCAL, 7623 bytes)
[2026-07-20T12:08:35.962+0545] {subprocess.py:93} INFO - 26/07/20 06:23:35 INFO BlockManagerInfo: Added broadcast_2_piece0 in memory on spark-worker2:43869 (size: 10.5 KiB, free: 413.9 MiB)
[2026-07-20T12:08:36.785+0545] {subprocess.py:93} INFO - 26/07/20 06:23:36 INFO TaskSetManager: Finished task 0.0 in stage 2.0 (TID 2) in 923 ms on spark-worker2 (executor 1) (1/1)
[2026-07-20T12:08:36.786+0545] {subprocess.py:93} INFO - 26/07/20 06:23:36 INFO TaskSchedulerImpl: Removed TaskSet 2.0, whose tasks have all completed, from pool
[2026-07-20T12:08:36.787+0545] {subprocess.py:93} INFO - 26/07/20 06:23:36 INFO DAGScheduler: ShuffleMapStage 2 (toPandas at /app/etl_job.py:76) finished in 0.941 s
[2026-07-20T12:08:36.787+0545] {subprocess.py:93} INFO - 26/07/20 06:23:36 INFO DAGScheduler: looking for newly runnable stages
[2026-07-20T12:08:36.788+0545] {subprocess.py:93} INFO - 26/07/20 06:23:36 INFO DAGScheduler: running: Set()
[2026-07-20T12:08:36.788+0545] {subprocess.py:93} INFO - 26/07/20 06:23:36 INFO DAGScheduler: waiting: Set()
[2026-07-20T12:08:36.788+0545] {subprocess.py:93} INFO - 26/07/20 06:23:36 INFO DAGScheduler: failed: Set()
[2026-07-20T12:08:36.855+0545] {subprocess.py:93} INFO - 26/07/20 06:23:36 INFO ShufflePartitionsUtil: For shuffle(0), advisory target size: 67108864, actual target size 1048576, minimum partition size: 1048576
[2026-07-20T12:08:37.054+0545] {subprocess.py:93} INFO - 26/07/20 06:23:37 INFO BlockManagerInfo: Removed broadcast_1_piece0 on 08468655b926:40249 in memory (size: 7.6 KiB, free: 413.9 MiB)
[2026-07-20T12:08:37.058+0545] {subprocess.py:93} INFO - 26/07/20 06:23:37 INFO BlockManagerInfo: Removed broadcast_1_piece0 on spark-worker2:43869 in memory (size: 7.6 KiB, free: 413.9 MiB)
[2026-07-20T12:08:37.154+0545] {subprocess.py:93} INFO - 26/07/20 06:23:37 INFO BlockManagerInfo: Removed broadcast_2_piece0 on 08468655b926:40249 in memory (size: 10.5 KiB, free: 413.9 MiB)
[2026-07-20T12:08:37.159+0545] {subprocess.py:93} INFO - 26/07/20 06:23:37 INFO BlockManagerInfo: Removed broadcast_2_piece0 on spark-worker2:43869 in memory (size: 10.5 KiB, free: 413.9 MiB)
[2026-07-20T12:08:37.160+0545] {subprocess.py:93} INFO - 26/07/20 06:23:37 INFO CodeGenerator: Code generated in 203.59418 ms
[2026-07-20T12:08:37.451+0545] {subprocess.py:93} INFO - 26/07/20 06:23:37 INFO SparkContext: Starting job: toPandas at /app/etl_job.py:76
[2026-07-20T12:08:37.453+0545] {subprocess.py:93} INFO - 26/07/20 06:23:37 INFO DAGScheduler: Got job 3 (toPandas at /app/etl_job.py:76) with 1 output partitions
[2026-07-20T12:08:37.453+0545] {subprocess.py:93} INFO - 26/07/20 06:23:37 INFO DAGScheduler: Final stage: ResultStage 4 (toPandas at /app/etl_job.py:76)
[2026-07-20T12:08:37.453+0545] {subprocess.py:93} INFO - 26/07/20 06:23:37 INFO DAGScheduler: Parents of final stage: List(ShuffleMapStage 3)
[2026-07-20T12:08:37.453+0545] {subprocess.py:93} INFO - 26/07/20 06:23:37 INFO DAGScheduler: Missing parents: List()
[2026-07-20T12:08:37.454+0545] {subprocess.py:93} INFO - 26/07/20 06:23:37 INFO DAGScheduler: Submitting ResultStage 4 (MapPartitionsRDD[12] at toPandas at /app/etl_job.py:76), which has no missing parents
[2026-07-20T12:08:37.553+0545] {subprocess.py:93} INFO - 26/07/20 06:23:37 INFO MemoryStore: Block broadcast_3 stored as values in memory (estimated size 29.0 KiB, free 413.9 MiB)
[2026-07-20T12:08:37.555+0545] {subprocess.py:93} INFO - 26/07/20 06:23:37 INFO MemoryStore: Block broadcast_3_piece0 stored as bytes in memory (estimated size 14.0 KiB, free 413.9 MiB)
[2026-07-20T12:08:37.555+0545] {subprocess.py:93} INFO - 26/07/20 06:23:37 INFO BlockManagerInfo: Added broadcast_3_piece0 in memory on 08468655b926:40249 (size: 14.0 KiB, free: 413.9 MiB)
[2026-07-20T12:08:37.555+0545] {subprocess.py:93} INFO - 26/07/20 06:23:37 INFO SparkContext: Created broadcast 3 from broadcast at DAGScheduler.scala:1580
[2026-07-20T12:08:37.557+0545] {subprocess.py:93} INFO - 26/07/20 06:23:37 INFO DAGScheduler: Submitting 1 missing tasks from ResultStage 4 (MapPartitionsRDD[12] at toPandas at /app/etl_job.py:76) (first 15 tasks are for partitions Vector(0))
[2026-07-20T12:08:37.557+0545] {subprocess.py:93} INFO - 26/07/20 06:23:37 INFO TaskSchedulerImpl: Adding task set 4.0 with 1 tasks resource profile 0
[2026-07-20T12:08:37.561+0545] {subprocess.py:93} INFO - 26/07/20 06:23:37 INFO TaskSetManager: Starting task 0.0 in stage 4.0 (TID 3) (spark-worker2, executor 1, partition 0, NODE_LOCAL, 7788 bytes)
[2026-07-20T12:08:37.656+0545] {subprocess.py:93} INFO - 26/07/20 06:23:37 INFO BlockManagerInfo: Added broadcast_3_piece0 in memory on spark-worker2:43869 (size: 14.0 KiB, free: 413.9 MiB)
[2026-07-20T12:08:37.772+0545] {subprocess.py:93} INFO - 26/07/20 06:23:37 INFO MapOutputTrackerMasterEndpoint: Asked to send map output locations for shuffle 0 to 172.19.0.6:52464
[2026-07-20T12:08:38.580+0545] {subprocess.py:93} INFO - 26/07/20 06:23:38 INFO TaskSetManager: Finished task 0.0 in stage 4.0 (TID 3) in 1019 ms on spark-worker2 (executor 1) (1/1)
[2026-07-20T12:08:38.580+0545] {subprocess.py:93} INFO - 26/07/20 06:23:38 INFO TaskSchedulerImpl: Removed TaskSet 4.0, whose tasks have all completed, from pool
[2026-07-20T12:08:38.582+0545] {subprocess.py:93} INFO - 26/07/20 06:23:38 INFO DAGScheduler: ResultStage 4 (toPandas at /app/etl_job.py:76) finished in 1.032 s
[2026-07-20T12:08:38.582+0545] {subprocess.py:93} INFO - 26/07/20 06:23:38 INFO DAGScheduler: Job 3 is finished. Cancelling potential speculative or zombie tasks for this job
[2026-07-20T12:08:38.582+0545] {subprocess.py:93} INFO - 26/07/20 06:23:38 INFO TaskSchedulerImpl: Killing all running tasks in stage 4: Stage finished
[2026-07-20T12:08:38.583+0545] {subprocess.py:93} INFO - 26/07/20 06:23:38 INFO DAGScheduler: Job 3 finished: toPandas at /app/etl_job.py:76, took 1.131630 s
[2026-07-20T12:08:38.954+0545] {subprocess.py:93} INFO - 26/07/20 06:23:38 INFO BlockManagerInfo: Removed broadcast_3_piece0 on 08468655b926:40249 in memory (size: 14.0 KiB, free: 413.9 MiB)
[2026-07-20T12:08:39.046+0545] {subprocess.py:93} INFO - 26/07/20 06:23:39 INFO BlockManagerInfo: Removed broadcast_3_piece0 on spark-worker2:43869 in memory (size: 14.0 KiB, free: 413.9 MiB)
[2026-07-20T12:08:39.757+0545] {subprocess.py:93} INFO - Found 300 missing values across ['PIXEL_TEMP_C', 'LAR_PRESSURE_BAR', 'LV_VOLTAGE_V', 'HV_CURRENT_UA', 'COOLING_FLOW_LPM'] -- interpolating
[2026-07-20T12:08:39.855+0545] {subprocess.py:93} INFO - Traceback (most recent call last):
[2026-07-20T12:08:39.855+0545] {subprocess.py:93} INFO -   File "/app/etl_job.py", line 95, in <module>
[2026-07-20T12:08:39.855+0545] {subprocess.py:93} INFO -     oracle_df = spark.createDataFrame(pdf, schema=schema)
[2026-07-20T12:08:39.855+0545] {subprocess.py:93} INFO -   File "/opt/spark/python/lib/pyspark.zip/pyspark/sql/session.py", line 1440, in createDataFrame
[2026-07-20T12:08:39.855+0545] {subprocess.py:93} INFO -   File "/opt/spark/python/lib/pyspark.zip/pyspark/sql/pandas/conversion.py", line 363, in createDataFrame
[2026-07-20T12:08:39.855+0545] {subprocess.py:93} INFO -   File "/opt/spark/python/lib/pyspark.zip/pyspark/sql/session.py", line 1485, in _create_dataframe
[2026-07-20T12:08:39.855+0545] {subprocess.py:93} INFO -   File "/opt/spark/python/lib/pyspark.zip/pyspark/sql/session.py", line 1090, in _createFromLocal
[2026-07-20T12:08:39.855+0545] {subprocess.py:93} INFO -   File "/opt/spark/python/lib/pyspark.zip/pyspark/sql/session.py", line 1459, in prepare
[2026-07-20T12:08:39.855+0545] {subprocess.py:93} INFO -   File "/opt/spark/python/lib/pyspark.zip/pyspark/sql/types.py", line 2187, in verify
[2026-07-20T12:08:39.857+0545] {subprocess.py:93} INFO -   File "/opt/spark/python/lib/pyspark.zip/pyspark/sql/types.py", line 2160, in verify_struct
[2026-07-20T12:08:39.858+0545] {subprocess.py:93} INFO -   File "/opt/spark/python/lib/pyspark.zip/pyspark/sql/types.py", line 2187, in verify
[2026-07-20T12:08:39.858+0545] {subprocess.py:93} INFO -   File "/opt/spark/python/lib/pyspark.zip/pyspark/sql/types.py", line 2181, in verify_default
[2026-07-20T12:08:39.858+0545] {subprocess.py:93} INFO -   File "/opt/spark/python/lib/pyspark.zip/pyspark/sql/types.py", line 2006, in verify_acceptable_types
[2026-07-20T12:08:39.858+0545] {subprocess.py:93} INFO - pyspark.errors.exceptions.base.PySparkTypeError: [CANNOT_ACCEPT_OBJECT_IN_TYPE] `DecimalType(38,10)` can not accept object `-9.7597325893` in type `float`.
[2026-07-20T12:08:40.149+0545] {subprocess.py:93} INFO - 26/07/20 06:23:40 INFO SparkContext: Invoking stop() from shutdown hook
[2026-07-20T12:08:40.150+0545] {subprocess.py:93} INFO - 26/07/20 06:23:40 INFO SparkContext: SparkContext is stopping with exitCode 0.
[2026-07-20T12:08:40.159+0545] {subprocess.py:93} INFO - 26/07/20 06:23:40 INFO SparkUI: Stopped Spark web UI at http://08468655b926:4040
[2026-07-20T12:08:40.245+0545] {subprocess.py:93} INFO - 26/07/20 06:23:40 INFO StandaloneSchedulerBackend: Shutting down all executors
[2026-07-20T12:08:40.246+0545] {subprocess.py:93} INFO - 26/07/20 06:23:40 INFO StandaloneSchedulerBackend$StandaloneDriverEndpoint: Asking each executor to shut down
[2026-07-20T12:08:40.350+0545] {subprocess.py:93} INFO - 26/07/20 06:23:40 INFO MapOutputTrackerMasterEndpoint: MapOutputTrackerMasterEndpoint stopped!
[2026-07-20T12:08:40.548+0545] {subprocess.py:93} INFO - 26/07/20 06:23:40 INFO MemoryStore: MemoryStore cleared
[2026-07-20T12:08:40.549+0545] {subprocess.py:93} INFO - 26/07/20 06:23:40 INFO BlockManager: BlockManager stopped
[2026-07-20T12:08:40.552+0545] {subprocess.py:93} INFO - 26/07/20 06:23:40 INFO BlockManagerMaster: BlockManagerMaster stopped
[2026-07-20T12:08:40.554+0545] {subprocess.py:93} INFO - 26/07/20 06:23:40 INFO OutputCommitCoordinator$OutputCommitCoordinatorEndpoint: OutputCommitCoordinator stopped!
[2026-07-20T12:08:40.651+0545] {subprocess.py:93} INFO - 26/07/20 06:23:40 INFO SparkContext: Successfully stopped SparkContext
[2026-07-20T12:08:40.651+0545] {subprocess.py:93} INFO - 26/07/20 06:23:40 INFO ShutdownHookManager: Shutdown hook called
[2026-07-20T12:08:40.652+0545] {subprocess.py:93} INFO - 26/07/20 06:23:40 INFO ShutdownHookManager: Deleting directory /tmp/spark-d665a4f8-d15c-4f1c-990a-21944aa263db
[2026-07-20T12:08:40.656+0545] {subprocess.py:93} INFO - 26/07/20 06:23:40 INFO ShutdownHookManager: Deleting directory /tmp/spark-65221c5d-81f3-4f28-8175-d0aca5cc1df5/pyspark-536fa9c0-286f-469f-b519-8edbbd847fa4
[2026-07-20T12:08:40.658+0545] {subprocess.py:93} INFO - 26/07/20 06:23:40 INFO ShutdownHookManager: Deleting directory /tmp/spark-65221c5d-81f3-4f28-8175-d0aca5cc1df5
[2026-07-20T12:08:40.813+0545] {subprocess.py:97} INFO - Command exited with return code 1
[2026-07-20T12:08:40.814+0545] {taskinstance.py:441} INFO - ::group::Post task execution logs
[2026-07-20T12:08:40.827+0545] {taskinstance.py:2905} ERROR - Task failed with exception
Traceback (most recent call last):
  File "/home/snigdh/repos/bigData/spark_demo_env/lib/python3.12/site-packages/airflow/models/taskinstance.py", line 465, in _execute_task
    result = _execute_callable(context=context, **execute_callable_kwargs)
             ^^^^^^^^^^^^^^^^^^^^^^^^^^^^^^^^^^^^^^^^^^^^^^^^^^^^^^^^^^^^^
  File "/home/snigdh/repos/bigData/spark_demo_env/lib/python3.12/site-packages/airflow/models/taskinstance.py", line 432, in _execute_callable
    return execute_callable(context=context, **execute_callable_kwargs)
           ^^^^^^^^^^^^^^^^^^^^^^^^^^^^^^^^^^^^^^^^^^^^^^^^^^^^^^^^^^^^
  File "/home/snigdh/repos/bigData/spark_demo_env/lib/python3.12/site-packages/airflow/models/baseoperator.py", line 401, in wrapper
    return func(self, *args, **kwargs)
           ^^^^^^^^^^^^^^^^^^^^^^^^^^^
  File "/home/snigdh/repos/bigData/spark_demo_env/lib/python3.12/site-packages/airflow/operators/bash.py", line 243, in execute
    raise AirflowException(
airflow.exceptions.AirflowException: Bash command failed. The command returned a non-zero exit code 1.
[2026-07-20T12:08:40.831+0545] {taskinstance.py:1206} INFO - Marking task as UP_FOR_RETRY. dag_id=network_traffic_pipeline, task_id=run_etl, run_id=manual__2026-07-20T06:22:21.878481+00:00, execution_date=20260720T062221, start_date=20260720T062250, end_date=20260720T062340
[2026-07-20T12:08:40.839+0545] {standard_task_runner.py:110} ERROR - Failed to execute job 99 for task run_etl (Bash command failed. The command returned a non-zero exit code 1.; 53898)
[2026-07-20T12:08:40.850+0545] {local_task_job_runner.py:243} INFO - Task exited with return code 1
[2026-07-20T12:08:40.863+0545] {taskinstance.py:3503} INFO - 0 downstream tasks scheduled from follow-on schedule check
[2026-07-20T12:08:40.863+0545] {local_task_job_runner.py:222} INFO - ::endgroup::
