[2026-07-20T12:10:42.187+0545] {local_task_job_runner.py:120} INFO - ::group::Pre task execution logs
[2026-07-20T12:10:42.197+0545] {taskinstance.py:2076} INFO - Dependencies all met for dep_context=non-requeueable deps ti=<TaskInstance: network_traffic_pipeline.run_etl manual__2026-07-20T06:22:21.878481+00:00 [queued]>
[2026-07-20T12:10:42.200+0545] {taskinstance.py:2076} INFO - Dependencies all met for dep_context=requeueable deps ti=<TaskInstance: network_traffic_pipeline.run_etl manual__2026-07-20T06:22:21.878481+00:00 [queued]>
[2026-07-20T12:10:42.200+0545] {taskinstance.py:2306} INFO - Starting attempt 2 of 2
[2026-07-20T12:10:42.209+0545] {taskinstance.py:2330} INFO - Executing <Task(BashOperator): run_etl> on 2026-07-20 06:22:21.878481+00:00
[2026-07-20T12:10:42.212+0545] {standard_task_runner.py:64} INFO - Started process 56154 to run task
[2026-07-20T12:10:42.214+0545] {standard_task_runner.py:90} INFO - Running: ['airflow', 'tasks', 'run', 'network_traffic_pipeline', 'run_etl', 'manual__2026-07-20T06:22:21.878481+00:00', '--job-id', '100', '--raw', '--subdir', 'DAGS_FOLDER/network_traffic_pipeline_dag.py', '--cfg-path', '/tmp/tmp0x20wgy1']
[2026-07-20T12:10:42.215+0545] {standard_task_runner.py:91} INFO - Job 100: Subtask run_etl
[2026-07-20T12:10:42.237+0545] {task_command.py:426} INFO - Running <TaskInstance: network_traffic_pipeline.run_etl manual__2026-07-20T06:22:21.878481+00:00 [running]> on host snigdh-IdeaPad-Slim-3-15IAH8
[2026-07-20T12:10:42.270+0545] {taskinstance.py:2648} INFO - Exporting env vars: AIRFLOW_CTX_DAG_OWNER='you' AIRFLOW_CTX_DAG_ID='network_traffic_pipeline' AIRFLOW_CTX_TASK_ID='run_etl' AIRFLOW_CTX_EXECUTION_DATE='2026-07-20T06:22:21.878481+00:00' AIRFLOW_CTX_TRY_NUMBER='2' AIRFLOW_CTX_DAG_RUN_ID='manual__2026-07-20T06:22:21.878481+00:00'
[2026-07-20T12:10:42.270+0545] {taskinstance.py:430} INFO - ::endgroup::
[2026-07-20T12:10:42.271+0545] {subprocess.py:63} INFO - Tmp dir root location: /tmp
[2026-07-20T12:10:42.271+0545] {subprocess.py:75} INFO - Running command: ['/usr/bin/bash', '-c', 'cd /home/snigdh/repos/bigData && docker-compose exec spark-master /opt/spark/bin/spark-submit --master spark://localhost:7077 --jars /app/ojdbc8.jar --conf spark.ui.port=4040 --conf spark.sql.extensions=io.delta.sql.DeltaSparkSessionExtension --conf spark.sql.catalog.spark_catalog=org.apache.spark.sql.delta.catalog.DeltaCatalog /app/etl_job.py']
[2026-07-20T12:10:42.277+0545] {subprocess.py:86} INFO - Output:
[2026-07-20T12:10:50.666+0545] {subprocess.py:93} INFO - 26/07/20 06:25:50 INFO SparkContext: Running Spark version 3.5.0
[2026-07-20T12:10:50.671+0545] {subprocess.py:93} INFO - 26/07/20 06:25:50 INFO SparkContext: OS info Linux, 6.8.0-136-generic, amd64
[2026-07-20T12:10:50.672+0545] {subprocess.py:93} INFO - 26/07/20 06:25:50 INFO SparkContext: Java version 11.0.20.1
[2026-07-20T12:10:50.845+0545] {subprocess.py:93} INFO - 26/07/20 06:25:50 INFO ResourceUtils: ==============================================================
[2026-07-20T12:10:50.846+0545] {subprocess.py:93} INFO - 26/07/20 06:25:50 INFO ResourceUtils: No custom resources configured for spark.driver.
[2026-07-20T12:10:50.847+0545] {subprocess.py:93} INFO - 26/07/20 06:25:50 INFO ResourceUtils: ==============================================================
[2026-07-20T12:10:50.848+0545] {subprocess.py:93} INFO - 26/07/20 06:25:50 INFO SparkContext: Submitted application: OracleToHDFS_ETL
[2026-07-20T12:10:50.949+0545] {subprocess.py:93} INFO - 26/07/20 06:25:50 INFO ResourceProfile: Default ResourceProfile created, executor resources: Map(memory -> name: memory, amount: 1024, script: , vendor: , offHeap -> name: offHeap, amount: 0, script: , vendor: ), task resources: Map(cpus -> name: cpus, amount: 1.0)
[2026-07-20T12:10:50.960+0545] {subprocess.py:93} INFO - 26/07/20 06:25:50 INFO ResourceProfile: Limiting resource is cpu
[2026-07-20T12:10:50.960+0545] {subprocess.py:93} INFO - 26/07/20 06:25:50 INFO ResourceProfileManager: Added ResourceProfile id: 0
[2026-07-20T12:10:51.167+0545] {subprocess.py:93} INFO - 26/07/20 06:25:51 INFO SecurityManager: Changing view acls to: spark
[2026-07-20T12:10:51.167+0545] {subprocess.py:93} INFO - 26/07/20 06:25:51 INFO SecurityManager: Changing modify acls to: spark
[2026-07-20T12:10:51.167+0545] {subprocess.py:93} INFO - 26/07/20 06:25:51 INFO SecurityManager: Changing view acls groups to:
[2026-07-20T12:10:51.167+0545] {subprocess.py:93} INFO - 26/07/20 06:25:51 INFO SecurityManager: Changing modify acls groups to:
[2026-07-20T12:10:51.168+0545] {subprocess.py:93} INFO - 26/07/20 06:25:51 INFO SecurityManager: SecurityManager: authentication disabled; ui acls disabled; users with view permissions: spark; groups with view permissions: EMPTY; users with modify permissions: spark; groups with modify permissions: EMPTY
[2026-07-20T12:10:51.860+0545] {subprocess.py:93} INFO - 26/07/20 06:25:51 INFO Utils: Successfully started service 'sparkDriver' on port 40509.
[2026-07-20T12:10:51.955+0545] {subprocess.py:93} INFO - 26/07/20 06:25:51 INFO SparkEnv: Registering MapOutputTracker
[2026-07-20T12:10:52.157+0545] {subprocess.py:93} INFO - 26/07/20 06:25:52 INFO SparkEnv: Registering BlockManagerMaster
[2026-07-20T12:10:52.174+0545] {subprocess.py:93} INFO - 26/07/20 06:25:52 INFO BlockManagerMasterEndpoint: Using org.apache.spark.storage.DefaultTopologyMapper for getting topology information
[2026-07-20T12:10:52.174+0545] {subprocess.py:93} INFO - 26/07/20 06:25:52 INFO BlockManagerMasterEndpoint: BlockManagerMasterEndpoint up
[2026-07-20T12:10:52.177+0545] {subprocess.py:93} INFO - 26/07/20 06:25:52 INFO SparkEnv: Registering BlockManagerMasterHeartbeat
[2026-07-20T12:10:52.247+0545] {subprocess.py:93} INFO - 26/07/20 06:25:52 INFO DiskBlockManager: Created local directory at /tmp/blockmgr-aa847eb8-5c19-454d-8a7c-c4e3cb798f04
[2026-07-20T12:10:52.258+0545] {subprocess.py:93} INFO - 26/07/20 06:25:52 INFO MemoryStore: MemoryStore started with capacity 413.9 MiB
[2026-07-20T12:10:52.352+0545] {subprocess.py:93} INFO - 26/07/20 06:25:52 INFO SparkEnv: Registering OutputCommitCoordinator
[2026-07-20T12:10:52.676+0545] {subprocess.py:93} INFO - 26/07/20 06:25:52 INFO JettyUtils: Start Jetty 0.0.0.0:4040 for SparkUI
[2026-07-20T12:10:52.780+0545] {subprocess.py:93} INFO - 26/07/20 06:25:52 INFO Utils: Successfully started service 'SparkUI' on port 4040.
[2026-07-20T12:10:52.950+0545] {subprocess.py:93} INFO - 26/07/20 06:25:52 INFO SparkContext: Added JAR file:///app/ojdbc8.jar at spark://08468655b926:40509/jars/ojdbc8.jar with timestamp 1784528750657
[2026-07-20T12:10:53.250+0545] {subprocess.py:93} INFO - 26/07/20 06:25:53 INFO StandaloneAppClient$ClientEndpoint: Connecting to master spark://localhost:7077...
[2026-07-20T12:10:53.447+0545] {subprocess.py:93} INFO - 26/07/20 06:25:53 INFO TransportClientFactory: Successfully created connection to localhost/127.0.0.1:7077 after 107 ms (0 ms spent in bootstraps)
[2026-07-20T12:10:53.761+0545] {subprocess.py:93} INFO - 26/07/20 06:25:53 INFO StandaloneSchedulerBackend: Connected to Spark cluster with app ID app-20260720062553-0001
[2026-07-20T12:10:53.848+0545] {subprocess.py:93} INFO - 26/07/20 06:25:53 INFO StandaloneAppClient$ClientEndpoint: Executor added: app-20260720062553-0001/0 on worker-20260720062240-spark-worker1-8081 (spark-worker1:8081) with 1 core(s)
[2026-07-20T12:10:53.851+0545] {subprocess.py:93} INFO - 26/07/20 06:25:53 INFO StandaloneSchedulerBackend: Granted executor ID app-20260720062553-0001/0 on hostPort spark-worker1:8081 with 1 core(s), 1024.0 MiB RAM
[2026-07-20T12:10:53.852+0545] {subprocess.py:93} INFO - 26/07/20 06:25:53 INFO StandaloneAppClient$ClientEndpoint: Executor added: app-20260720062553-0001/1 on worker-20260720062240-spark-worker2-8083 (spark-worker2:8083) with 1 core(s)
[2026-07-20T12:10:53.852+0545] {subprocess.py:93} INFO - 26/07/20 06:25:53 INFO StandaloneSchedulerBackend: Granted executor ID app-20260720062553-0001/1 on hostPort spark-worker2:8083 with 1 core(s), 1024.0 MiB RAM
[2026-07-20T12:10:53.949+0545] {subprocess.py:93} INFO - 26/07/20 06:25:53 INFO Utils: Successfully started service 'org.apache.spark.network.netty.NettyBlockTransferService' on port 38525.
[2026-07-20T12:10:53.949+0545] {subprocess.py:93} INFO - 26/07/20 06:25:53 INFO NettyBlockTransferService: Server created on 08468655b926:38525
[2026-07-20T12:10:53.952+0545] {subprocess.py:93} INFO - 26/07/20 06:25:53 INFO BlockManager: Using org.apache.spark.storage.RandomBlockReplicationPolicy for block replication policy
[2026-07-20T12:10:54.048+0545] {subprocess.py:93} INFO - 26/07/20 06:25:54 INFO StandaloneAppClient$ClientEndpoint: Executor updated: app-20260720062553-0001/0 is now RUNNING
[2026-07-20T12:10:54.049+0545] {subprocess.py:93} INFO - 26/07/20 06:25:54 INFO BlockManagerMaster: Registering BlockManager BlockManagerId(driver, 08468655b926, 38525, None)
[2026-07-20T12:10:54.050+0545] {subprocess.py:93} INFO - 26/07/20 06:25:54 INFO StandaloneAppClient$ClientEndpoint: Executor updated: app-20260720062553-0001/1 is now RUNNING
[2026-07-20T12:10:54.053+0545] {subprocess.py:93} INFO - 26/07/20 06:25:54 INFO BlockManagerMasterEndpoint: Registering block manager 08468655b926:38525 with 413.9 MiB RAM, BlockManagerId(driver, 08468655b926, 38525, None)
[2026-07-20T12:10:54.055+0545] {subprocess.py:93} INFO - 26/07/20 06:25:54 INFO BlockManagerMaster: Registered BlockManager BlockManagerId(driver, 08468655b926, 38525, None)
[2026-07-20T12:10:54.056+0545] {subprocess.py:93} INFO - 26/07/20 06:25:54 INFO BlockManager: Initialized BlockManager: BlockManagerId(driver, 08468655b926, 38525, None)
[2026-07-20T12:10:54.768+0545] {subprocess.py:93} INFO - 26/07/20 06:25:54 INFO StandaloneSchedulerBackend: SchedulerBackend is ready for scheduling beginning after reached minRegisteredResourcesRatio: 0.0
[2026-07-20T12:10:55.849+0545] {subprocess.py:93} INFO - 26/07/20 06:25:55 INFO SharedState: Setting hive.metastore.warehouse.dir ('null') to the value of spark.sql.warehouse.dir.
[2026-07-20T12:10:55.851+0545] {subprocess.py:93} INFO - 26/07/20 06:25:55 INFO SharedState: Warehouse path is 'file:/opt/spark/work-dir/spark-warehouse'.
[2026-07-20T12:11:04.450+0545] {subprocess.py:93} INFO - 26/07/20 06:26:04 INFO StandaloneSchedulerBackend$StandaloneDriverEndpoint: Registered executor NettyRpcEndpointRef(spark-client://Executor) (172.19.0.5:35186) with ID 0,  ResourceProfileId 0
[2026-07-20T12:11:04.947+0545] {subprocess.py:93} INFO - 26/07/20 06:26:04 INFO BlockManagerMasterEndpoint: Registering block manager spark-worker1:42399 with 413.9 MiB RAM, BlockManagerId(0, spark-worker1, 42399, None)
[2026-07-20T12:11:05.471+0545] {subprocess.py:93} INFO - Data extracted from Oracle (first 5 rows):
[2026-07-20T12:11:06.247+0545] {subprocess.py:93} INFO - 26/07/20 06:26:06 INFO StandaloneSchedulerBackend$StandaloneDriverEndpoint: Registered executor NettyRpcEndpointRef(spark-client://Executor) (172.19.0.6:43308) with ID 1,  ResourceProfileId 0
[2026-07-20T12:11:06.547+0545] {subprocess.py:93} INFO - 26/07/20 06:26:06 INFO BlockManagerMasterEndpoint: Registering block manager spark-worker2:33081 with 413.9 MiB RAM, BlockManagerId(1, spark-worker2, 33081, None)
[2026-07-20T12:11:09.460+0545] {subprocess.py:93} INFO - 26/07/20 06:26:09 INFO CodeGenerator: Code generated in 894.43601 ms
[2026-07-20T12:11:10.648+0545] {subprocess.py:93} INFO - 26/07/20 06:26:10 INFO CodeGenerator: Code generated in 101.717686 ms
[2026-07-20T12:11:11.156+0545] {subprocess.py:93} INFO - 26/07/20 06:26:11 INFO SparkContext: Starting job: showString at <unknown>:0
[2026-07-20T12:11:11.257+0545] {subprocess.py:93} INFO - 26/07/20 06:26:11 INFO DAGScheduler: Got job 0 (showString at <unknown>:0) with 1 output partitions
[2026-07-20T12:11:11.257+0545] {subprocess.py:93} INFO - 26/07/20 06:26:11 INFO DAGScheduler: Final stage: ResultStage 0 (showString at <unknown>:0)
[2026-07-20T12:11:11.257+0545] {subprocess.py:93} INFO - 26/07/20 06:26:11 INFO DAGScheduler: Parents of final stage: List()
[2026-07-20T12:11:11.258+0545] {subprocess.py:93} INFO - 26/07/20 06:26:11 INFO DAGScheduler: Missing parents: List()
[2026-07-20T12:11:11.262+0545] {subprocess.py:93} INFO - 26/07/20 06:26:11 INFO DAGScheduler: Submitting ResultStage 0 (MapPartitionsRDD[3] at showString at <unknown>:0), which has no missing parents
[2026-07-20T12:11:11.754+0545] {subprocess.py:93} INFO - 26/07/20 06:26:11 INFO MemoryStore: Block broadcast_0 stored as values in memory (estimated size 15.6 KiB, free 413.9 MiB)
[2026-07-20T12:11:11.947+0545] {subprocess.py:93} INFO - 26/07/20 06:26:11 INFO MemoryStore: Block broadcast_0_piece0 stored as bytes in memory (estimated size 7.2 KiB, free 413.9 MiB)
[2026-07-20T12:11:11.952+0545] {subprocess.py:93} INFO - 26/07/20 06:26:11 INFO BlockManagerInfo: Added broadcast_0_piece0 in memory on 08468655b926:38525 (size: 7.2 KiB, free: 413.9 MiB)
[2026-07-20T12:11:11.956+0545] {subprocess.py:93} INFO - 26/07/20 06:26:11 INFO SparkContext: Created broadcast 0 from broadcast at DAGScheduler.scala:1580
[2026-07-20T12:11:12.052+0545] {subprocess.py:93} INFO - 26/07/20 06:26:12 INFO DAGScheduler: Submitting 1 missing tasks from ResultStage 0 (MapPartitionsRDD[3] at showString at <unknown>:0) (first 15 tasks are for partitions Vector(0))
[2026-07-20T12:11:12.053+0545] {subprocess.py:93} INFO - 26/07/20 06:26:12 INFO TaskSchedulerImpl: Adding task set 0.0 with 1 tasks resource profile 0
[2026-07-20T12:11:12.158+0545] {subprocess.py:93} INFO - 26/07/20 06:26:12 INFO TaskSetManager: Starting task 0.0 in stage 0.0 (TID 0) (spark-worker1, executor 0, partition 0, PROCESS_LOCAL, 7634 bytes)
[2026-07-20T12:11:12.720+0545] {subprocess.py:93} INFO - 26/07/20 06:26:12 INFO BlockManagerInfo: Added broadcast_0_piece0 in memory on spark-worker1:42399 (size: 7.2 KiB, free: 413.9 MiB)
[2026-07-20T12:11:19.831+0545] {subprocess.py:93} INFO - 26/07/20 06:26:19 INFO TaskSetManager: Finished task 0.0 in stage 0.0 (TID 0) in 7685 ms on spark-worker1 (executor 0) (1/1)
[2026-07-20T12:11:19.832+0545] {subprocess.py:93} INFO - 26/07/20 06:26:19 INFO TaskSchedulerImpl: Removed TaskSet 0.0, whose tasks have all completed, from pool
[2026-07-20T12:11:19.835+0545] {subprocess.py:93} INFO - 26/07/20 06:26:19 INFO DAGScheduler: ResultStage 0 (showString at <unknown>:0) finished in 8.479 s
[2026-07-20T12:11:19.838+0545] {subprocess.py:93} INFO - 26/07/20 06:26:19 INFO DAGScheduler: Job 0 is finished. Cancelling potential speculative or zombie tasks for this job
[2026-07-20T12:11:19.838+0545] {subprocess.py:93} INFO - 26/07/20 06:26:19 INFO TaskSchedulerImpl: Killing all running tasks in stage 0: Stage finished
[2026-07-20T12:11:19.840+0545] {subprocess.py:93} INFO - 26/07/20 06:26:19 INFO DAGScheduler: Job 0 finished: showString at <unknown>:0, took 8.683707 s
[2026-07-20T12:11:20.050+0545] {subprocess.py:93} INFO - 26/07/20 06:26:20 INFO BlockManagerInfo: Removed broadcast_0_piece0 on spark-worker1:42399 in memory (size: 7.2 KiB, free: 413.9 MiB)
[2026-07-20T12:11:20.155+0545] {subprocess.py:93} INFO - 26/07/20 06:26:20 INFO CodeGenerator: Code generated in 286.831984 ms
[2026-07-20T12:11:20.248+0545] {subprocess.py:93} INFO - 26/07/20 06:26:20 INFO BlockManagerInfo: Removed broadcast_0_piece0 on 08468655b926:38525 in memory (size: 7.2 KiB, free: 413.9 MiB)
[2026-07-20T12:11:22.956+0545] {subprocess.py:93} INFO - 26/07/20 06:26:22 INFO CodeGenerator: Code generated in 89.385752 ms
[2026-07-20T12:11:23.053+0545] {subprocess.py:93} INFO - +------------+-------------+----------------+------------+-------------+----------------+
[2026-07-20T12:11:23.053+0545] {subprocess.py:93} INFO - |          ID| PIXEL_TEMP_C|LAR_PRESSURE_BAR|LV_VOLTAGE_V|HV_CURRENT_UA|COOLING_FLOW_LPM|
[2026-07-20T12:11:23.053+0545] {subprocess.py:93} INFO - +------------+-------------+----------------+------------+-------------+----------------+
[2026-07-20T12:11:23.053+0545] {subprocess.py:93} INFO - |1.0000000000|-9.7597325893|    1.3214034201|3.2927583253|40.7438324717|   11.8524055483|
[2026-07-20T12:11:23.053+0545] {subprocess.py:93} INFO - |2.0000000000|-9.9104251739|    1.3191925962|3.3026283382|40.4408897284|   11.8332562583|
[2026-07-20T12:11:23.054+0545] {subprocess.py:93} INFO - |3.0000000000|-9.8567808184|    1.3228460688|3.3012977197|40.4584988574|   11.9115686003|
[2026-07-20T12:11:23.054+0545] {subprocess.py:93} INFO - |4.0000000000|-9.9062016427|    1.3177462579|3.2974716507|40.8641386345|   11.9013798527|
[2026-07-20T12:11:23.054+0545] {subprocess.py:93} INFO - |5.0000000000|-9.6123437887|    1.3163756582|3.2953771365|40.6205192286|   11.7812616752|
[2026-07-20T12:11:23.054+0545] {subprocess.py:93} INFO - +------------+-------------+----------------+------------+-------------+----------------+
[2026-07-20T12:11:23.054+0545] {subprocess.py:93} INFO - only showing top 5 rows
[2026-07-20T12:11:23.054+0545] {subprocess.py:93} INFO - 
[2026-07-20T12:11:23.663+0545] {subprocess.py:93} INFO - 26/07/20 06:26:23 INFO SparkContext: Starting job: toPandas at /app/etl_job.py:76
[2026-07-20T12:11:23.664+0545] {subprocess.py:93} INFO - 26/07/20 06:26:23 INFO DAGScheduler: Got job 1 (toPandas at /app/etl_job.py:76) with 1 output partitions
[2026-07-20T12:11:23.664+0545] {subprocess.py:93} INFO - 26/07/20 06:26:23 INFO DAGScheduler: Final stage: ResultStage 1 (toPandas at /app/etl_job.py:76)
[2026-07-20T12:11:23.664+0545] {subprocess.py:93} INFO - 26/07/20 06:26:23 INFO DAGScheduler: Parents of final stage: List()
[2026-07-20T12:11:23.745+0545] {subprocess.py:93} INFO - 26/07/20 06:26:23 INFO DAGScheduler: Missing parents: List()
[2026-07-20T12:11:23.748+0545] {subprocess.py:93} INFO - 26/07/20 06:26:23 INFO DAGScheduler: Submitting ResultStage 1 (MapPartitionsRDD[8] at toPandas at /app/etl_job.py:76), which has no missing parents
[2026-07-20T12:11:23.753+0545] {subprocess.py:93} INFO - 26/07/20 06:26:23 INFO MemoryStore: Block broadcast_1 stored as values in memory (estimated size 15.8 KiB, free 413.9 MiB)
[2026-07-20T12:11:23.755+0545] {subprocess.py:93} INFO - 26/07/20 06:26:23 INFO MemoryStore: Block broadcast_1_piece0 stored as bytes in memory (estimated size 7.6 KiB, free 413.9 MiB)
[2026-07-20T12:11:23.756+0545] {subprocess.py:93} INFO - 26/07/20 06:26:23 INFO BlockManagerInfo: Added broadcast_1_piece0 in memory on 08468655b926:38525 (size: 7.6 KiB, free: 413.9 MiB)
[2026-07-20T12:11:23.756+0545] {subprocess.py:93} INFO - 26/07/20 06:26:23 INFO SparkContext: Created broadcast 1 from broadcast at DAGScheduler.scala:1580
[2026-07-20T12:11:23.757+0545] {subprocess.py:93} INFO - 26/07/20 06:26:23 INFO DAGScheduler: Submitting 1 missing tasks from ResultStage 1 (MapPartitionsRDD[8] at toPandas at /app/etl_job.py:76) (first 15 tasks are for partitions Vector(0))
[2026-07-20T12:11:23.757+0545] {subprocess.py:93} INFO - 26/07/20 06:26:23 INFO TaskSchedulerImpl: Adding task set 1.0 with 1 tasks resource profile 0
[2026-07-20T12:11:23.845+0545] {subprocess.py:93} INFO - 26/07/20 06:26:23 INFO TaskSetManager: Starting task 0.0 in stage 1.0 (TID 1) (spark-worker1, executor 0, partition 0, PROCESS_LOCAL, 7634 bytes)
[2026-07-20T12:11:23.864+0545] {subprocess.py:93} INFO - 26/07/20 06:26:23 INFO BlockManagerInfo: Added broadcast_1_piece0 in memory on spark-worker1:42399 (size: 7.6 KiB, free: 413.9 MiB)
[2026-07-20T12:11:24.925+0545] {subprocess.py:93} INFO - 26/07/20 06:26:24 INFO TaskSetManager: Finished task 0.0 in stage 1.0 (TID 1) in 1166 ms on spark-worker1 (executor 0) (1/1)
[2026-07-20T12:11:24.926+0545] {subprocess.py:93} INFO - 26/07/20 06:26:24 INFO TaskSchedulerImpl: Removed TaskSet 1.0, whose tasks have all completed, from pool
[2026-07-20T12:11:24.926+0545] {subprocess.py:93} INFO - 26/07/20 06:26:24 INFO DAGScheduler: ResultStage 1 (toPandas at /app/etl_job.py:76) finished in 1.177 s
[2026-07-20T12:11:24.945+0545] {subprocess.py:93} INFO - 26/07/20 06:26:24 INFO DAGScheduler: Job 1 is finished. Cancelling potential speculative or zombie tasks for this job
[2026-07-20T12:11:24.945+0545] {subprocess.py:93} INFO - 26/07/20 06:26:24 INFO TaskSchedulerImpl: Killing all running tasks in stage 1: Stage finished
[2026-07-20T12:11:24.946+0545] {subprocess.py:93} INFO - 26/07/20 06:26:24 INFO DAGScheduler: Job 1 finished: toPandas at /app/etl_job.py:76, took 1.282557 s
[2026-07-20T12:11:25.145+0545] {subprocess.py:93} INFO - 26/07/20 06:26:25 INFO DAGScheduler: Registering RDD 9 (toPandas at /app/etl_job.py:76) as input to shuffle 0
[2026-07-20T12:11:25.149+0545] {subprocess.py:93} INFO - 26/07/20 06:26:25 INFO DAGScheduler: Got map stage job 2 (toPandas at /app/etl_job.py:76) with 1 output partitions
[2026-07-20T12:11:25.150+0545] {subprocess.py:93} INFO - 26/07/20 06:26:25 INFO DAGScheduler: Final stage: ShuffleMapStage 2 (toPandas at /app/etl_job.py:76)
[2026-07-20T12:11:25.150+0545] {subprocess.py:93} INFO - 26/07/20 06:26:25 INFO DAGScheduler: Parents of final stage: List()
[2026-07-20T12:11:25.150+0545] {subprocess.py:93} INFO - 26/07/20 06:26:25 INFO DAGScheduler: Missing parents: List()
[2026-07-20T12:11:25.151+0545] {subprocess.py:93} INFO - 26/07/20 06:26:25 INFO DAGScheduler: Submitting ShuffleMapStage 2 (MapPartitionsRDD[9] at toPandas at /app/etl_job.py:76), which has no missing parents
[2026-07-20T12:11:25.252+0545] {subprocess.py:93} INFO - 26/07/20 06:26:25 INFO MemoryStore: Block broadcast_2 stored as values in memory (estimated size 27.7 KiB, free 413.9 MiB)
[2026-07-20T12:11:25.253+0545] {subprocess.py:93} INFO - 26/07/20 06:26:25 INFO MemoryStore: Block broadcast_2_piece0 stored as bytes in memory (estimated size 10.5 KiB, free 413.9 MiB)
[2026-07-20T12:11:25.254+0545] {subprocess.py:93} INFO - 26/07/20 06:26:25 INFO BlockManagerInfo: Added broadcast_2_piece0 in memory on 08468655b926:38525 (size: 10.5 KiB, free: 413.9 MiB)
[2026-07-20T12:11:25.254+0545] {subprocess.py:93} INFO - 26/07/20 06:26:25 INFO SparkContext: Created broadcast 2 from broadcast at DAGScheduler.scala:1580
[2026-07-20T12:11:25.257+0545] {subprocess.py:93} INFO - 26/07/20 06:26:25 INFO DAGScheduler: Submitting 1 missing tasks from ShuffleMapStage 2 (MapPartitionsRDD[9] at toPandas at /app/etl_job.py:76) (first 15 tasks are for partitions Vector(0))
[2026-07-20T12:11:25.258+0545] {subprocess.py:93} INFO - 26/07/20 06:26:25 INFO TaskSchedulerImpl: Adding task set 2.0 with 1 tasks resource profile 0
[2026-07-20T12:11:25.258+0545] {subprocess.py:93} INFO - 26/07/20 06:26:25 INFO TaskSetManager: Starting task 0.0 in stage 2.0 (TID 2) (spark-worker1, executor 0, partition 0, PROCESS_LOCAL, 7623 bytes)
[2026-07-20T12:11:25.273+0545] {subprocess.py:93} INFO - 26/07/20 06:26:25 INFO BlockManagerInfo: Added broadcast_2_piece0 in memory on spark-worker1:42399 (size: 10.5 KiB, free: 413.9 MiB)
[2026-07-20T12:11:26.211+0545] {subprocess.py:93} INFO - 26/07/20 06:26:26 INFO TaskSetManager: Finished task 0.0 in stage 2.0 (TID 2) in 953 ms on spark-worker1 (executor 0) (1/1)
[2026-07-20T12:11:26.211+0545] {subprocess.py:93} INFO - 26/07/20 06:26:26 INFO TaskSchedulerImpl: Removed TaskSet 2.0, whose tasks have all completed, from pool
[2026-07-20T12:11:26.214+0545] {subprocess.py:93} INFO - 26/07/20 06:26:26 INFO DAGScheduler: ShuffleMapStage 2 (toPandas at /app/etl_job.py:76) finished in 1.058 s
[2026-07-20T12:11:26.214+0545] {subprocess.py:93} INFO - 26/07/20 06:26:26 INFO DAGScheduler: looking for newly runnable stages
[2026-07-20T12:11:26.215+0545] {subprocess.py:93} INFO - 26/07/20 06:26:26 INFO DAGScheduler: running: Set()
[2026-07-20T12:11:26.216+0545] {subprocess.py:93} INFO - 26/07/20 06:26:26 INFO DAGScheduler: waiting: Set()
[2026-07-20T12:11:26.216+0545] {subprocess.py:93} INFO - 26/07/20 06:26:26 INFO DAGScheduler: failed: Set()
[2026-07-20T12:11:26.246+0545] {subprocess.py:93} INFO - 26/07/20 06:26:26 INFO BlockManagerInfo: Removed broadcast_1_piece0 on 08468655b926:38525 in memory (size: 7.6 KiB, free: 413.9 MiB)
[2026-07-20T12:11:26.247+0545] {subprocess.py:93} INFO - 26/07/20 06:26:26 INFO BlockManagerInfo: Removed broadcast_1_piece0 on spark-worker1:42399 in memory (size: 7.6 KiB, free: 413.9 MiB)
[2026-07-20T12:11:26.348+0545] {subprocess.py:93} INFO - 26/07/20 06:26:26 INFO BlockManagerInfo: Removed broadcast_2_piece0 on 08468655b926:38525 in memory (size: 10.5 KiB, free: 413.9 MiB)
[2026-07-20T12:11:26.352+0545] {subprocess.py:93} INFO - 26/07/20 06:26:26 INFO ShufflePartitionsUtil: For shuffle(0), advisory target size: 67108864, actual target size 1048576, minimum partition size: 1048576
[2026-07-20T12:11:26.445+0545] {subprocess.py:93} INFO - 26/07/20 06:26:26 INFO BlockManagerInfo: Removed broadcast_2_piece0 on spark-worker1:42399 in memory (size: 10.5 KiB, free: 413.9 MiB)
[2026-07-20T12:11:26.461+0545] {subprocess.py:93} INFO - 26/07/20 06:26:26 INFO CodeGenerator: Code generated in 9.440873 ms
[2026-07-20T12:11:26.658+0545] {subprocess.py:93} INFO - 26/07/20 06:26:26 INFO SparkContext: Starting job: toPandas at /app/etl_job.py:76
[2026-07-20T12:11:26.659+0545] {subprocess.py:93} INFO - 26/07/20 06:26:26 INFO DAGScheduler: Got job 3 (toPandas at /app/etl_job.py:76) with 1 output partitions
[2026-07-20T12:11:26.660+0545] {subprocess.py:93} INFO - 26/07/20 06:26:26 INFO DAGScheduler: Final stage: ResultStage 4 (toPandas at /app/etl_job.py:76)
[2026-07-20T12:11:26.660+0545] {subprocess.py:93} INFO - 26/07/20 06:26:26 INFO DAGScheduler: Parents of final stage: List(ShuffleMapStage 3)
[2026-07-20T12:11:26.660+0545] {subprocess.py:93} INFO - 26/07/20 06:26:26 INFO DAGScheduler: Missing parents: List()
[2026-07-20T12:11:26.661+0545] {subprocess.py:93} INFO - 26/07/20 06:26:26 INFO DAGScheduler: Submitting ResultStage 4 (MapPartitionsRDD[12] at toPandas at /app/etl_job.py:76), which has no missing parents
[2026-07-20T12:11:26.757+0545] {subprocess.py:93} INFO - 26/07/20 06:26:26 INFO MemoryStore: Block broadcast_3 stored as values in memory (estimated size 29.0 KiB, free 413.9 MiB)
[2026-07-20T12:11:26.759+0545] {subprocess.py:93} INFO - 26/07/20 06:26:26 INFO MemoryStore: Block broadcast_3_piece0 stored as bytes in memory (estimated size 14.0 KiB, free 413.9 MiB)
[2026-07-20T12:11:26.759+0545] {subprocess.py:93} INFO - 26/07/20 06:26:26 INFO BlockManagerInfo: Added broadcast_3_piece0 in memory on 08468655b926:38525 (size: 14.0 KiB, free: 413.9 MiB)
[2026-07-20T12:11:26.760+0545] {subprocess.py:93} INFO - 26/07/20 06:26:26 INFO SparkContext: Created broadcast 3 from broadcast at DAGScheduler.scala:1580
[2026-07-20T12:11:26.761+0545] {subprocess.py:93} INFO - 26/07/20 06:26:26 INFO DAGScheduler: Submitting 1 missing tasks from ResultStage 4 (MapPartitionsRDD[12] at toPandas at /app/etl_job.py:76) (first 15 tasks are for partitions Vector(0))
[2026-07-20T12:11:26.761+0545] {subprocess.py:93} INFO - 26/07/20 06:26:26 INFO TaskSchedulerImpl: Adding task set 4.0 with 1 tasks resource profile 0
[2026-07-20T12:11:26.854+0545] {subprocess.py:93} INFO - 26/07/20 06:26:26 INFO TaskSetManager: Starting task 0.0 in stage 4.0 (TID 3) (spark-worker1, executor 0, partition 0, NODE_LOCAL, 7788 bytes)
[2026-07-20T12:11:26.952+0545] {subprocess.py:93} INFO - 26/07/20 06:26:26 INFO BlockManagerInfo: Added broadcast_3_piece0 in memory on spark-worker1:42399 (size: 14.0 KiB, free: 413.9 MiB)
[2026-07-20T12:11:27.010+0545] {subprocess.py:93} INFO - 26/07/20 06:26:27 INFO MapOutputTrackerMasterEndpoint: Asked to send map output locations for shuffle 0 to 172.19.0.5:35186
[2026-07-20T12:11:27.904+0545] {subprocess.py:93} INFO - 26/07/20 06:26:27 INFO TaskSetManager: Finished task 0.0 in stage 4.0 (TID 3) in 1052 ms on spark-worker1 (executor 0) (1/1)
[2026-07-20T12:11:27.905+0545] {subprocess.py:93} INFO - 26/07/20 06:26:27 INFO TaskSchedulerImpl: Removed TaskSet 4.0, whose tasks have all completed, from pool
[2026-07-20T12:11:27.907+0545] {subprocess.py:93} INFO - 26/07/20 06:26:27 INFO DAGScheduler: ResultStage 4 (toPandas at /app/etl_job.py:76) finished in 1.151 s
[2026-07-20T12:11:27.907+0545] {subprocess.py:93} INFO - 26/07/20 06:26:27 INFO DAGScheduler: Job 3 is finished. Cancelling potential speculative or zombie tasks for this job
[2026-07-20T12:11:27.908+0545] {subprocess.py:93} INFO - 26/07/20 06:26:27 INFO TaskSchedulerImpl: Killing all running tasks in stage 4: Stage finished
[2026-07-20T12:11:27.911+0545] {subprocess.py:93} INFO - 26/07/20 06:26:27 INFO DAGScheduler: Job 3 finished: toPandas at /app/etl_job.py:76, took 1.252679 s
[2026-07-20T12:11:28.054+0545] {subprocess.py:93} INFO - 26/07/20 06:26:28 INFO BlockManagerInfo: Removed broadcast_3_piece0 on 08468655b926:38525 in memory (size: 14.0 KiB, free: 413.9 MiB)
[2026-07-20T12:11:28.057+0545] {subprocess.py:93} INFO - 26/07/20 06:26:28 INFO BlockManagerInfo: Removed broadcast_3_piece0 on spark-worker1:42399 in memory (size: 14.0 KiB, free: 413.9 MiB)
[2026-07-20T12:11:29.147+0545] {subprocess.py:93} INFO - Found 300 missing values across ['PIXEL_TEMP_C', 'LAR_PRESSURE_BAR', 'LV_VOLTAGE_V', 'HV_CURRENT_UA', 'COOLING_FLOW_LPM'] -- interpolating
[2026-07-20T12:11:29.168+0545] {subprocess.py:93} INFO - Traceback (most recent call last):
[2026-07-20T12:11:29.169+0545] {subprocess.py:93} INFO -   File "/app/etl_job.py", line 95, in <module>
[2026-07-20T12:11:29.169+0545] {subprocess.py:93} INFO -     oracle_df = spark.createDataFrame(pdf, schema=schema)
[2026-07-20T12:11:29.169+0545] {subprocess.py:93} INFO -   File "/opt/spark/python/lib/pyspark.zip/pyspark/sql/session.py", line 1440, in createDataFrame
[2026-07-20T12:11:29.169+0545] {subprocess.py:93} INFO -   File "/opt/spark/python/lib/pyspark.zip/pyspark/sql/pandas/conversion.py", line 363, in createDataFrame
[2026-07-20T12:11:29.169+0545] {subprocess.py:93} INFO -   File "/opt/spark/python/lib/pyspark.zip/pyspark/sql/session.py", line 1485, in _create_dataframe
[2026-07-20T12:11:29.169+0545] {subprocess.py:93} INFO -   File "/opt/spark/python/lib/pyspark.zip/pyspark/sql/session.py", line 1090, in _createFromLocal
[2026-07-20T12:11:29.169+0545] {subprocess.py:93} INFO -   File "/opt/spark/python/lib/pyspark.zip/pyspark/sql/session.py", line 1459, in prepare
[2026-07-20T12:11:29.169+0545] {subprocess.py:93} INFO -   File "/opt/spark/python/lib/pyspark.zip/pyspark/sql/types.py", line 2187, in verify
[2026-07-20T12:11:29.169+0545] {subprocess.py:93} INFO -   File "/opt/spark/python/lib/pyspark.zip/pyspark/sql/types.py", line 2160, in verify_struct
[2026-07-20T12:11:29.169+0545] {subprocess.py:93} INFO -   File "/opt/spark/python/lib/pyspark.zip/pyspark/sql/types.py", line 2187, in verify
[2026-07-20T12:11:29.169+0545] {subprocess.py:93} INFO -   File "/opt/spark/python/lib/pyspark.zip/pyspark/sql/types.py", line 2181, in verify_default
[2026-07-20T12:11:29.169+0545] {subprocess.py:93} INFO -   File "/opt/spark/python/lib/pyspark.zip/pyspark/sql/types.py", line 2006, in verify_acceptable_types
[2026-07-20T12:11:29.169+0545] {subprocess.py:93} INFO - pyspark.errors.exceptions.base.PySparkTypeError: [CANNOT_ACCEPT_OBJECT_IN_TYPE] `DecimalType(38,10)` can not accept object `-9.7597325893` in type `float`.
[2026-07-20T12:11:29.288+0545] {subprocess.py:93} INFO - 26/07/20 06:26:29 INFO SparkContext: Invoking stop() from shutdown hook
[2026-07-20T12:11:29.288+0545] {subprocess.py:93} INFO - 26/07/20 06:26:29 INFO SparkContext: SparkContext is stopping with exitCode 0.
[2026-07-20T12:11:29.354+0545] {subprocess.py:93} INFO - 26/07/20 06:26:29 INFO SparkUI: Stopped Spark web UI at http://08468655b926:4040
[2026-07-20T12:11:29.359+0545] {subprocess.py:93} INFO - 26/07/20 06:26:29 INFO StandaloneSchedulerBackend: Shutting down all executors
[2026-07-20T12:11:29.359+0545] {subprocess.py:93} INFO - 26/07/20 06:26:29 INFO StandaloneSchedulerBackend$StandaloneDriverEndpoint: Asking each executor to shut down
[2026-07-20T12:11:29.549+0545] {subprocess.py:93} INFO - 26/07/20 06:26:29 ERROR TransportRequestHandler: Error while invoking RpcHandler#receive() for one-way message.
[2026-07-20T12:11:29.549+0545] {subprocess.py:93} INFO - org.apache.spark.SparkException: Could not find AppClient.
[2026-07-20T12:11:29.550+0545] {subprocess.py:93} INFO - 	at org.apache.spark.rpc.netty.Dispatcher.postMessage(Dispatcher.scala:178)
[2026-07-20T12:11:29.551+0545] {subprocess.py:93} INFO - 	at org.apache.spark.rpc.netty.Dispatcher.postOneWayMessage(Dispatcher.scala:150)
[2026-07-20T12:11:29.551+0545] {subprocess.py:93} INFO - 	at org.apache.spark.rpc.netty.NettyRpcHandler.receive(NettyRpcEnv.scala:690)
[2026-07-20T12:11:29.551+0545] {subprocess.py:93} INFO - 	at org.apache.spark.network.server.TransportRequestHandler.processOneWayMessage(TransportRequestHandler.java:274)
[2026-07-20T12:11:29.551+0545] {subprocess.py:93} INFO - 	at org.apache.spark.network.server.TransportRequestHandler.handle(TransportRequestHandler.java:111)
[2026-07-20T12:11:29.551+0545] {subprocess.py:93} INFO - 	at org.apache.spark.network.server.TransportChannelHandler.channelRead0(TransportChannelHandler.java:140)
[2026-07-20T12:11:29.551+0545] {subprocess.py:93} INFO - 	at org.apache.spark.network.server.TransportChannelHandler.channelRead0(TransportChannelHandler.java:53)
[2026-07-20T12:11:29.551+0545] {subprocess.py:93} INFO - 	at io.netty.channel.SimpleChannelInboundHandler.channelRead(SimpleChannelInboundHandler.java:99)
[2026-07-20T12:11:29.551+0545] {subprocess.py:93} INFO - 	at io.netty.channel.AbstractChannelHandlerContext.invokeChannelRead(AbstractChannelHandlerContext.java:444)
[2026-07-20T12:11:29.551+0545] {subprocess.py:93} INFO - 	at io.netty.channel.AbstractChannelHandlerContext.invokeChannelRead(AbstractChannelHandlerContext.java:420)
[2026-07-20T12:11:29.551+0545] {subprocess.py:93} INFO - 	at io.netty.channel.AbstractChannelHandlerContext.fireChannelRead(AbstractChannelHandlerContext.java:412)
[2026-07-20T12:11:29.551+0545] {subprocess.py:93} INFO - 	at io.netty.handler.timeout.IdleStateHandler.channelRead(IdleStateHandler.java:286)
[2026-07-20T12:11:29.552+0545] {subprocess.py:93} INFO - 	at io.netty.channel.AbstractChannelHandlerContext.invokeChannelRead(AbstractChannelHandlerContext.java:442)
[2026-07-20T12:11:29.552+0545] {subprocess.py:93} INFO - 	at io.netty.channel.AbstractChannelHandlerContext.invokeChannelRead(AbstractChannelHandlerContext.java:420)
[2026-07-20T12:11:29.552+0545] {subprocess.py:93} INFO - 	at io.netty.channel.AbstractChannelHandlerContext.fireChannelRead(AbstractChannelHandlerContext.java:412)
[2026-07-20T12:11:29.552+0545] {subprocess.py:93} INFO - 	at io.netty.handler.codec.MessageToMessageDecoder.channelRead(MessageToMessageDecoder.java:103)
[2026-07-20T12:11:29.552+0545] {subprocess.py:93} INFO - 	at io.netty.channel.AbstractChannelHandlerContext.invokeChannelRead(AbstractChannelHandlerContext.java:444)
[2026-07-20T12:11:29.552+0545] {subprocess.py:93} INFO - 	at io.netty.channel.AbstractChannelHandlerContext.invokeChannelRead(AbstractChannelHandlerContext.java:420)
[2026-07-20T12:11:29.553+0545] {subprocess.py:93} INFO - 	at io.netty.channel.AbstractChannelHandlerContext.fireChannelRead(AbstractChannelHandlerContext.java:412)
[2026-07-20T12:11:29.553+0545] {subprocess.py:93} INFO - 	at org.apache.spark.network.util.TransportFrameDecoder.channelRead(TransportFrameDecoder.java:102)
[2026-07-20T12:11:29.553+0545] {subprocess.py:93} INFO - 	at io.netty.channel.AbstractChannelHandlerContext.invokeChannelRead(AbstractChannelHandlerContext.java:444)
[2026-07-20T12:11:29.553+0545] {subprocess.py:93} INFO - 	at io.netty.channel.AbstractChannelHandlerContext.invokeChannelRead(AbstractChannelHandlerContext.java:420)
[2026-07-20T12:11:29.553+0545] {subprocess.py:93} INFO - 	at io.netty.channel.AbstractChannelHandlerContext.fireChannelRead(AbstractChannelHandlerContext.java:412)
[2026-07-20T12:11:29.553+0545] {subprocess.py:93} INFO - 	at io.netty.channel.DefaultChannelPipeline$HeadContext.channelRead(DefaultChannelPipeline.java:1410)
[2026-07-20T12:11:29.554+0545] {subprocess.py:93} INFO - 	at io.netty.channel.AbstractChannelHandlerContext.invokeChannelRead(AbstractChannelHandlerContext.java:440)
[2026-07-20T12:11:29.554+0545] {subprocess.py:93} INFO - 	at io.netty.channel.AbstractChannelHandlerContext.invokeChannelRead(AbstractChannelHandlerContext.java:420)
[2026-07-20T12:11:29.554+0545] {subprocess.py:93} INFO - 	at io.netty.channel.DefaultChannelPipeline.fireChannelRead(DefaultChannelPipeline.java:919)
[2026-07-20T12:11:29.554+0545] {subprocess.py:93} INFO - 	at io.netty.channel.nio.AbstractNioByteChannel$NioByteUnsafe.read(AbstractNioByteChannel.java:166)
[2026-07-20T12:11:29.554+0545] {subprocess.py:93} INFO - 	at io.netty.channel.nio.NioEventLoop.processSelectedKey(NioEventLoop.java:788)
[2026-07-20T12:11:29.555+0545] {subprocess.py:93} INFO - 	at io.netty.channel.nio.NioEventLoop.processSelectedKeysOptimized(NioEventLoop.java:724)
[2026-07-20T12:11:29.555+0545] {subprocess.py:93} INFO - 	at io.netty.channel.nio.NioEventLoop.processSelectedKeys(NioEventLoop.java:650)
[2026-07-20T12:11:29.555+0545] {subprocess.py:93} INFO - 	at io.netty.channel.nio.NioEventLoop.run(NioEventLoop.java:562)
[2026-07-20T12:11:29.555+0545] {subprocess.py:93} INFO - 	at io.netty.util.concurrent.SingleThreadEventExecutor$4.run(SingleThreadEventExecutor.java:997)
[2026-07-20T12:11:29.555+0545] {subprocess.py:93} INFO - 	at io.netty.util.internal.ThreadExecutorMap$2.run(ThreadExecutorMap.java:74)
[2026-07-20T12:11:29.555+0545] {subprocess.py:93} INFO - 	at io.netty.util.concurrent.FastThreadLocalRunnable.run(FastThreadLocalRunnable.java:30)
[2026-07-20T12:11:29.556+0545] {subprocess.py:93} INFO - 	at java.base/java.lang.Thread.run(Unknown Source)
[2026-07-20T12:11:29.556+0545] {subprocess.py:93} INFO - 26/07/20 06:26:29 ERROR TransportRequestHandler: Error while invoking RpcHandler#receive() for one-way message.
[2026-07-20T12:11:29.556+0545] {subprocess.py:93} INFO - org.apache.spark.SparkException: Could not find AppClient.
[2026-07-20T12:11:29.556+0545] {subprocess.py:93} INFO - 	at org.apache.spark.rpc.netty.Dispatcher.postMessage(Dispatcher.scala:178)
[2026-07-20T12:11:29.557+0545] {subprocess.py:93} INFO - 	at org.apache.spark.rpc.netty.Dispatcher.postOneWayMessage(Dispatcher.scala:150)
[2026-07-20T12:11:29.557+0545] {subprocess.py:93} INFO - 	at org.apache.spark.rpc.netty.NettyRpcHandler.receive(NettyRpcEnv.scala:690)
[2026-07-20T12:11:29.557+0545] {subprocess.py:93} INFO - 	at org.apache.spark.network.server.TransportRequestHandler.processOneWayMessage(TransportRequestHandler.java:274)
[2026-07-20T12:11:29.558+0545] {subprocess.py:93} INFO - 	at org.apache.spark.network.server.TransportRequestHandler.handle(TransportRequestHandler.java:111)
[2026-07-20T12:11:29.558+0545] {subprocess.py:93} INFO - 	at org.apache.spark.network.server.TransportChannelHandler.channelRead0(TransportChannelHandler.java:140)
[2026-07-20T12:11:29.558+0545] {subprocess.py:93} INFO - 	at org.apache.spark.network.server.TransportChannelHandler.channelRead0(TransportChannelHandler.java:53)
[2026-07-20T12:11:29.558+0545] {subprocess.py:93} INFO - 	at io.netty.channel.SimpleChannelInboundHandler.channelRead(SimpleChannelInboundHandler.java:99)
[2026-07-20T12:11:29.559+0545] {subprocess.py:93} INFO - 	at io.netty.channel.AbstractChannelHandlerContext.invokeChannelRead(AbstractChannelHandlerContext.java:444)
[2026-07-20T12:11:29.559+0545] {subprocess.py:93} INFO - 	at io.netty.channel.AbstractChannelHandlerContext.invokeChannelRead(AbstractChannelHandlerContext.java:420)
[2026-07-20T12:11:29.559+0545] {subprocess.py:93} INFO - 	at io.netty.channel.AbstractChannelHandlerContext.fireChannelRead(AbstractChannelHandlerContext.java:412)
[2026-07-20T12:11:29.560+0545] {subprocess.py:93} INFO - 	at io.netty.handler.timeout.IdleStateHandler.channelRead(IdleStateHandler.java:286)
[2026-07-20T12:11:29.560+0545] {subprocess.py:93} INFO - 	at io.netty.channel.AbstractChannelHandlerContext.invokeChannelRead(AbstractChannelHandlerContext.java:442)
[2026-07-20T12:11:29.560+0545] {subprocess.py:93} INFO - 	at io.netty.channel.AbstractChannelHandlerContext.invokeChannelRead(AbstractChannelHandlerContext.java:420)
[2026-07-20T12:11:29.560+0545] {subprocess.py:93} INFO - 	at io.netty.channel.AbstractChannelHandlerContext.fireChannelRead(AbstractChannelHandlerContext.java:412)
[2026-07-20T12:11:29.561+0545] {subprocess.py:93} INFO - 	at io.netty.handler.codec.MessageToMessageDecoder.channelRead(MessageToMessageDecoder.java:103)
[2026-07-20T12:11:29.561+0545] {subprocess.py:93} INFO - 	at io.netty.channel.AbstractChannelHandlerContext.invokeChannelRead(AbstractChannelHandlerContext.java:444)
[2026-07-20T12:11:29.561+0545] {subprocess.py:93} INFO - 	at io.netty.channel.AbstractChannelHandlerContext.invokeChannelRead(AbstractChannelHandlerContext.java:420)
[2026-07-20T12:11:29.561+0545] {subprocess.py:93} INFO - 	at io.netty.channel.AbstractChannelHandlerContext.fireChannelRead(AbstractChannelHandlerContext.java:412)
[2026-07-20T12:11:29.561+0545] {subprocess.py:93} INFO - 	at org.apache.spark.network.util.TransportFrameDecoder.channelRead(TransportFrameDecoder.java:102)
[2026-07-20T12:11:29.561+0545] {subprocess.py:93} INFO - 	at io.netty.channel.AbstractChannelHandlerContext.invokeChannelRead(AbstractChannelHandlerContext.java:444)
[2026-07-20T12:11:29.561+0545] {subprocess.py:93} INFO - 	at io.netty.channel.AbstractChannelHandlerContext.invokeChannelRead(AbstractChannelHandlerContext.java:420)
[2026-07-20T12:11:29.561+0545] {subprocess.py:93} INFO - 	at io.netty.channel.AbstractChannelHandlerContext.fireChannelRead(AbstractChannelHandlerContext.java:412)
[2026-07-20T12:11:29.562+0545] {subprocess.py:93} INFO - 	at io.netty.channel.DefaultChannelPipeline$HeadContext.channelRead(DefaultChannelPipeline.java:1410)
[2026-07-20T12:11:29.562+0545] {subprocess.py:93} INFO - 	at io.netty.channel.AbstractChannelHandlerContext.invokeChannelRead(AbstractChannelHandlerContext.java:440)
[2026-07-20T12:11:29.562+0545] {subprocess.py:93} INFO - 	at io.netty.channel.AbstractChannelHandlerContext.invokeChannelRead(AbstractChannelHandlerContext.java:420)
[2026-07-20T12:11:29.562+0545] {subprocess.py:93} INFO - 	at io.netty.channel.DefaultChannelPipeline.fireChannelRead(DefaultChannelPipeline.java:919)
[2026-07-20T12:11:29.562+0545] {subprocess.py:93} INFO - 	at io.netty.channel.nio.AbstractNioByteChannel$NioByteUnsafe.read(AbstractNioByteChannel.java:166)
[2026-07-20T12:11:29.562+0545] {subprocess.py:93} INFO - 	at io.netty.channel.nio.NioEventLoop.processSelectedKey(NioEventLoop.java:788)
[2026-07-20T12:11:29.562+0545] {subprocess.py:93} INFO - 	at io.netty.channel.nio.NioEventLoop.processSelectedKeysOptimized(NioEventLoop.java:724)
[2026-07-20T12:11:29.562+0545] {subprocess.py:93} INFO - 	at io.netty.channel.nio.NioEventLoop.processSelectedKeys(NioEventLoop.java:650)
[2026-07-20T12:11:29.562+0545] {subprocess.py:93} INFO - 	at io.netty.channel.nio.NioEventLoop.run(NioEventLoop.java:562)
[2026-07-20T12:11:29.562+0545] {subprocess.py:93} INFO - 	at io.netty.util.concurrent.SingleThreadEventExecutor$4.run(SingleThreadEventExecutor.java:997)
[2026-07-20T12:11:29.562+0545] {subprocess.py:93} INFO - 	at io.netty.util.internal.ThreadExecutorMap$2.run(ThreadExecutorMap.java:74)
[2026-07-20T12:11:29.562+0545] {subprocess.py:93} INFO - 	at io.netty.util.concurrent.FastThreadLocalRunnable.run(FastThreadLocalRunnable.java:30)
[2026-07-20T12:11:29.562+0545] {subprocess.py:93} INFO - 	at java.base/java.lang.Thread.run(Unknown Source)
[2026-07-20T12:11:29.654+0545] {subprocess.py:93} INFO - 26/07/20 06:26:29 INFO MapOutputTrackerMasterEndpoint: MapOutputTrackerMasterEndpoint stopped!
[2026-07-20T12:11:29.755+0545] {subprocess.py:93} INFO - 26/07/20 06:26:29 INFO MemoryStore: MemoryStore cleared
[2026-07-20T12:11:29.755+0545] {subprocess.py:93} INFO - 26/07/20 06:26:29 INFO BlockManager: BlockManager stopped
[2026-07-20T12:11:29.758+0545] {subprocess.py:93} INFO - 26/07/20 06:26:29 INFO BlockManagerMaster: BlockManagerMaster stopped
[2026-07-20T12:11:29.762+0545] {subprocess.py:93} INFO - 26/07/20 06:26:29 INFO OutputCommitCoordinator$OutputCommitCoordinatorEndpoint: OutputCommitCoordinator stopped!
[2026-07-20T12:11:29.849+0545] {subprocess.py:93} INFO - 26/07/20 06:26:29 INFO SparkContext: Successfully stopped SparkContext
[2026-07-20T12:11:29.850+0545] {subprocess.py:93} INFO - 26/07/20 06:26:29 INFO ShutdownHookManager: Shutdown hook called
[2026-07-20T12:11:29.851+0545] {subprocess.py:93} INFO - 26/07/20 06:26:29 INFO ShutdownHookManager: Deleting directory /tmp/spark-123b2986-bc84-4f57-812c-c9782453cf1f
[2026-07-20T12:11:29.854+0545] {subprocess.py:93} INFO - 26/07/20 06:26:29 INFO ShutdownHookManager: Deleting directory /tmp/spark-0398779f-0ca6-4c2f-a950-424f51302a63
[2026-07-20T12:11:29.857+0545] {subprocess.py:93} INFO - 26/07/20 06:26:29 INFO ShutdownHookManager: Deleting directory /tmp/spark-123b2986-bc84-4f57-812c-c9782453cf1f/pyspark-74f7e841-7fb4-4477-93da-89027c9cab14
[2026-07-20T12:11:30.021+0545] {subprocess.py:97} INFO - Command exited with return code 1
[2026-07-20T12:11:30.022+0545] {taskinstance.py:441} INFO - ::group::Post task execution logs
[2026-07-20T12:11:30.025+0545] {taskinstance.py:2905} ERROR - Task failed with exception
Traceback (most recent call last):
  File "/home/snigdh/repos/bigData/spark_demo_env/lib/python3.12/site-packages/airflow/models/taskinstance.py", line 465, in _execute_task
    result = _execute_callable(context=context, **execute_callable_kwargs)
             ^^^^^^^^^^^^^^^^^^^^^^^^^^^^^^^^^^^^^^^^^^^^^^^^^^^^^^^^^^^^^
  File "/home/snigdh/repos/bigData/spark_demo_env/lib/python3.12/site-packages/airflow/models/taskinstance.py", line 432, in _execute_callable
    return execute_callable(context=context, **execute_callable_kwargs)
           ^^^^^^^^^^^^^^^^^^^^^^^^^^^^^^^^^^^^^^^^^^^^^^^^^^^^^^^^^^^^
  File "/home/snigdh/repos/bigData/spark_demo_env/lib/python3.12/site-packages/airflow/models/baseoperator.py", line 401, in wrapper
    return func(self, *args, **kwargs)
           ^^^^^^^^^^^^^^^^^^^^^^^^^^^
  File "/home/snigdh/repos/bigData/spark_demo_env/lib/python3.12/site-packages/airflow/operators/bash.py", line 243, in execute
    raise AirflowException(
airflow.exceptions.AirflowException: Bash command failed. The command returned a non-zero exit code 1.
[2026-07-20T12:11:30.028+0545] {taskinstance.py:1206} INFO - Marking task as FAILED. dag_id=network_traffic_pipeline, task_id=run_etl, run_id=manual__2026-07-20T06:22:21.878481+00:00, execution_date=20260720T062221, start_date=20260720T062542, end_date=20260720T062630
[2026-07-20T12:11:30.036+0545] {standard_task_runner.py:110} ERROR - Failed to execute job 100 for task run_etl (Bash command failed. The command returned a non-zero exit code 1.; 56154)
[2026-07-20T12:11:30.041+0545] {local_task_job_runner.py:243} INFO - Task exited with return code 1
[2026-07-20T12:11:30.052+0545] {taskinstance.py:3503} INFO - 0 downstream tasks scheduled from follow-on schedule check
[2026-07-20T12:11:30.057+0545] {local_task_job_runner.py:222} INFO - ::endgroup::
