[2026-07-19T19:32:46.006+0545] {local_task_job_runner.py:120} INFO - ::group::Pre task execution logs
[2026-07-19T19:32:46.022+0545] {taskinstance.py:2076} INFO - Dependencies all met for dep_context=non-requeueable deps ti=<TaskInstance: network_traffic_pipeline.write_shards.write_row_shards manual__2026-07-19T13:45:00.072255+00:00 [queued]>
[2026-07-19T19:32:46.028+0545] {taskinstance.py:2076} INFO - Dependencies all met for dep_context=requeueable deps ti=<TaskInstance: network_traffic_pipeline.write_shards.write_row_shards manual__2026-07-19T13:45:00.072255+00:00 [queued]>
[2026-07-19T19:32:46.028+0545] {taskinstance.py:2306} INFO - Starting attempt 1 of 2
[2026-07-19T19:32:46.040+0545] {taskinstance.py:2330} INFO - Executing <Task(BashOperator): write_shards.write_row_shards> on 2026-07-19 13:45:00.072255+00:00
[2026-07-19T19:32:46.044+0545] {standard_task_runner.py:64} INFO - Started process 69977 to run task
[2026-07-19T19:32:46.047+0545] {standard_task_runner.py:90} INFO - Running: ['airflow', 'tasks', 'run', 'network_traffic_pipeline', 'write_shards.write_row_shards', 'manual__2026-07-19T13:45:00.072255+00:00', '--job-id', '45', '--raw', '--subdir', 'DAGS_FOLDER/network_traffic_pipeline_dag.py', '--cfg-path', '/tmp/tmps6pg6nm2']
[2026-07-19T19:32:46.049+0545] {standard_task_runner.py:91} INFO - Job 45: Subtask write_shards.write_row_shards
[2026-07-19T19:32:46.079+0545] {task_command.py:426} INFO - Running <TaskInstance: network_traffic_pipeline.write_shards.write_row_shards manual__2026-07-19T13:45:00.072255+00:00 [running]> on host snigdh-IdeaPad-Slim-3-15IAH8
[2026-07-19T19:32:46.127+0545] {taskinstance.py:2648} INFO - Exporting env vars: AIRFLOW_CTX_DAG_OWNER='you' AIRFLOW_CTX_DAG_ID='network_traffic_pipeline' AIRFLOW_CTX_TASK_ID='write_shards.write_row_shards' AIRFLOW_CTX_EXECUTION_DATE='2026-07-19T13:45:00.072255+00:00' AIRFLOW_CTX_TRY_NUMBER='1' AIRFLOW_CTX_DAG_RUN_ID='manual__2026-07-19T13:45:00.072255+00:00'
[2026-07-19T19:32:46.128+0545] {taskinstance.py:430} INFO - ::endgroup::
[2026-07-19T19:32:46.129+0545] {subprocess.py:63} INFO - Tmp dir root location: /tmp
[2026-07-19T19:32:46.129+0545] {subprocess.py:75} INFO - Running command: ['/usr/bin/bash', '-c', 'cd /home/snigdh/repos/bigData && docker-compose exec spark-master /opt/spark/bin/spark-submit --master spark://localhost:7077 --py-files /app/common.py --conf spark.ui.port=4040 --conf spark.sql.extensions=io.delta.sql.DeltaSparkSessionExtension --conf spark.sql.catalog.spark_catalog=org.apache.spark.sql.delta.catalog.DeltaCatalog /app/task_write_row_shards.py']
[2026-07-19T19:32:46.140+0545] {subprocess.py:86} INFO - Output:
[2026-07-19T19:32:57.806+0545] {subprocess.py:93} INFO - 26/07/19 13:47:57 INFO SparkContext: Running Spark version 3.5.0
[2026-07-19T19:32:57.808+0545] {subprocess.py:93} INFO - 26/07/19 13:47:57 INFO SparkContext: OS info Linux, 6.8.0-136-generic, amd64
[2026-07-19T19:32:57.809+0545] {subprocess.py:93} INFO - 26/07/19 13:47:57 INFO SparkContext: Java version 11.0.20.1
[2026-07-19T19:32:57.918+0545] {subprocess.py:93} INFO - 26/07/19 13:47:57 INFO ResourceUtils: ==============================================================
[2026-07-19T19:32:57.918+0545] {subprocess.py:93} INFO - 26/07/19 13:47:57 INFO ResourceUtils: No custom resources configured for spark.driver.
[2026-07-19T19:32:57.918+0545] {subprocess.py:93} INFO - 26/07/19 13:47:57 INFO ResourceUtils: ==============================================================
[2026-07-19T19:32:57.918+0545] {subprocess.py:93} INFO - 26/07/19 13:47:57 INFO SparkContext: Submitted application: anomaly_write_row_shards
[2026-07-19T19:32:58.009+0545] {subprocess.py:93} INFO - 26/07/19 13:47:58 INFO ResourceProfile: Default ResourceProfile created, executor resources: Map(memory -> name: memory, amount: 1024, script: , vendor: , offHeap -> name: offHeap, amount: 0, script: , vendor: ), task resources: Map(cpus -> name: cpus, amount: 1.0)
[2026-07-19T19:32:58.017+0545] {subprocess.py:93} INFO - 26/07/19 13:47:58 INFO ResourceProfile: Limiting resource is cpu
[2026-07-19T19:32:58.018+0545] {subprocess.py:93} INFO - 26/07/19 13:47:58 INFO ResourceProfileManager: Added ResourceProfile id: 0
[2026-07-19T19:32:58.213+0545] {subprocess.py:93} INFO - 26/07/19 13:47:58 INFO SecurityManager: Changing view acls to: spark
[2026-07-19T19:32:58.213+0545] {subprocess.py:93} INFO - 26/07/19 13:47:58 INFO SecurityManager: Changing modify acls to: spark
[2026-07-19T19:32:58.213+0545] {subprocess.py:93} INFO - 26/07/19 13:47:58 INFO SecurityManager: Changing view acls groups to:
[2026-07-19T19:32:58.297+0545] {subprocess.py:93} INFO - 26/07/19 13:47:58 INFO SecurityManager: Changing modify acls groups to:
[2026-07-19T19:32:58.298+0545] {subprocess.py:93} INFO - 26/07/19 13:47:58 INFO SecurityManager: SecurityManager: authentication disabled; ui acls disabled; users with view permissions: spark; groups with view permissions: EMPTY; users with modify permissions: spark; groups with modify permissions: EMPTY
[2026-07-19T19:32:58.898+0545] {subprocess.py:93} INFO - 26/07/19 13:47:58 INFO Utils: Successfully started service 'sparkDriver' on port 41373.
[2026-07-19T19:32:59.004+0545] {subprocess.py:93} INFO - 26/07/19 13:47:59 INFO SparkEnv: Registering MapOutputTracker
[2026-07-19T19:32:59.113+0545] {subprocess.py:93} INFO - 26/07/19 13:47:59 INFO SparkEnv: Registering BlockManagerMaster
[2026-07-19T19:32:59.197+0545] {subprocess.py:93} INFO - 26/07/19 13:47:59 INFO BlockManagerMasterEndpoint: Using org.apache.spark.storage.DefaultTopologyMapper for getting topology information
[2026-07-19T19:32:59.198+0545] {subprocess.py:93} INFO - 26/07/19 13:47:59 INFO BlockManagerMasterEndpoint: BlockManagerMasterEndpoint up
[2026-07-19T19:32:59.200+0545] {subprocess.py:93} INFO - 26/07/19 13:47:59 INFO SparkEnv: Registering BlockManagerMasterHeartbeat
[2026-07-19T19:32:59.309+0545] {subprocess.py:93} INFO - 26/07/19 13:47:59 INFO DiskBlockManager: Created local directory at /tmp/blockmgr-d815ff53-eb71-4614-8cbb-e2c4c0333c14
[2026-07-19T19:32:59.320+0545] {subprocess.py:93} INFO - 26/07/19 13:47:59 INFO MemoryStore: MemoryStore started with capacity 413.9 MiB
[2026-07-19T19:32:59.408+0545] {subprocess.py:93} INFO - 26/07/19 13:47:59 INFO SparkEnv: Registering OutputCommitCoordinator
[2026-07-19T19:32:59.625+0545] {subprocess.py:93} INFO - 26/07/19 13:47:59 INFO JettyUtils: Start Jetty 0.0.0.0:4040 for SparkUI
[2026-07-19T19:32:59.802+0545] {subprocess.py:93} INFO - 26/07/19 13:47:59 INFO Utils: Successfully started service 'SparkUI' on port 4040.
[2026-07-19T19:32:59.900+0545] {subprocess.py:93} INFO - 26/07/19 13:47:59 INFO SparkContext: Added file file:///app/common.py at spark://7aa1691b5e48:41373/files/common.py with timestamp 1784468877725
[2026-07-19T19:32:59.901+0545] {subprocess.py:93} INFO - 26/07/19 13:47:59 INFO Utils: Copying /app/common.py to /tmp/spark-d58175ae-c53e-4bfc-8da5-c116c85e14db/userFiles-de098ca2-f21d-4e3b-85b3-6fe214a6ed73/common.py
[2026-07-19T19:33:00.310+0545] {subprocess.py:93} INFO - 26/07/19 13:48:00 INFO StandaloneAppClient$ClientEndpoint: Connecting to master spark://localhost:7077...
[2026-07-19T19:33:00.513+0545] {subprocess.py:93} INFO - 26/07/19 13:48:00 INFO TransportClientFactory: Successfully created connection to localhost/127.0.0.1:7077 after 104 ms (0 ms spent in bootstraps)
[2026-07-19T19:33:00.806+0545] {subprocess.py:93} INFO - 26/07/19 13:48:00 INFO StandaloneSchedulerBackend: Connected to Spark cluster with app ID app-20260719134800-0001
[2026-07-19T19:33:00.897+0545] {subprocess.py:93} INFO - 26/07/19 13:48:00 INFO StandaloneAppClient$ClientEndpoint: Executor added: app-20260719134800-0001/0 on worker-20260719134303-spark-worker2-8083 (spark-worker2:8083) with 1 core(s)
[2026-07-19T19:33:00.901+0545] {subprocess.py:93} INFO - 26/07/19 13:48:00 INFO StandaloneSchedulerBackend: Granted executor ID app-20260719134800-0001/0 on hostPort spark-worker2:8083 with 1 core(s), 1024.0 MiB RAM
[2026-07-19T19:33:00.901+0545] {subprocess.py:93} INFO - 26/07/19 13:48:00 INFO StandaloneAppClient$ClientEndpoint: Executor added: app-20260719134800-0001/1 on worker-20260719134303-spark-worker1-8081 (spark-worker1:8081) with 1 core(s)
[2026-07-19T19:33:00.902+0545] {subprocess.py:93} INFO - 26/07/19 13:48:00 INFO StandaloneSchedulerBackend: Granted executor ID app-20260719134800-0001/1 on hostPort spark-worker1:8081 with 1 core(s), 1024.0 MiB RAM
[2026-07-19T19:33:00.999+0545] {subprocess.py:93} INFO - 26/07/19 13:48:00 INFO StandaloneAppClient$ClientEndpoint: Executor updated: app-20260719134800-0001/0 is now RUNNING
[2026-07-19T19:33:00.999+0545] {subprocess.py:93} INFO - 26/07/19 13:48:00 INFO StandaloneAppClient$ClientEndpoint: Executor updated: app-20260719134800-0001/1 is now RUNNING
[2026-07-19T19:33:01.003+0545] {subprocess.py:93} INFO - 26/07/19 13:48:01 INFO Utils: Successfully started service 'org.apache.spark.network.netty.NettyBlockTransferService' on port 45461.
[2026-07-19T19:33:01.003+0545] {subprocess.py:93} INFO - 26/07/19 13:48:01 INFO NettyBlockTransferService: Server created on 7aa1691b5e48:45461
[2026-07-19T19:33:01.005+0545] {subprocess.py:93} INFO - 26/07/19 13:48:01 INFO BlockManager: Using org.apache.spark.storage.RandomBlockReplicationPolicy for block replication policy
[2026-07-19T19:33:01.017+0545] {subprocess.py:93} INFO - 26/07/19 13:48:01 INFO BlockManagerMaster: Registering BlockManager BlockManagerId(driver, 7aa1691b5e48, 45461, None)
[2026-07-19T19:33:01.020+0545] {subprocess.py:93} INFO - 26/07/19 13:48:01 INFO BlockManagerMasterEndpoint: Registering block manager 7aa1691b5e48:45461 with 413.9 MiB RAM, BlockManagerId(driver, 7aa1691b5e48, 45461, None)
[2026-07-19T19:33:01.021+0545] {subprocess.py:93} INFO - 26/07/19 13:48:01 INFO BlockManagerMaster: Registered BlockManager BlockManagerId(driver, 7aa1691b5e48, 45461, None)
[2026-07-19T19:33:01.022+0545] {subprocess.py:93} INFO - 26/07/19 13:48:01 INFO BlockManager: Initialized BlockManager: BlockManagerId(driver, 7aa1691b5e48, 45461, None)
[2026-07-19T19:33:01.615+0545] {subprocess.py:93} INFO - 26/07/19 13:48:01 INFO StandaloneSchedulerBackend: SchedulerBackend is ready for scheduling beginning after reached minRegisteredResourcesRatio: 0.0
[2026-07-19T19:33:33.600+0545] {subprocess.py:93} INFO - 26/07/19 13:48:33 WARN SparkStringUtils: Truncated the string representation of a plan since it was too large. This behavior can be adjusted by setting 'spark.sql.debug.maxToStringFields'.
[2026-07-19T19:34:15.933+0545] {subprocess.py:93} INFO - [Driver] Wrote 2 random row-wise shards -> hdfs://namenode:9000/user/demo/_torch_row_shards
[2026-07-19T19:34:17.717+0545] {subprocess.py:97} INFO - Command exited with return code 0
[2026-07-19T19:34:17.718+0545] {taskinstance.py:441} INFO - ::group::Post task execution logs
[2026-07-19T19:34:17.732+0545] {taskinstance.py:1206} INFO - Marking task as SUCCESS. dag_id=network_traffic_pipeline, task_id=write_shards.write_row_shards, run_id=manual__2026-07-19T13:45:00.072255+00:00, execution_date=20260719T134500, start_date=20260719T134746, end_date=20260719T134917
[2026-07-19T19:34:17.781+0545] {local_task_job_runner.py:243} INFO - Task exited with return code 0
[2026-07-19T19:34:17.794+0545] {taskinstance.py:3503} INFO - 5 downstream tasks scheduled from follow-on schedule check
[2026-07-19T19:34:17.797+0545] {local_task_job_runner.py:222} INFO - ::endgroup::
