[2026-07-18T21:38:28.450+0545] {processor.py:161} INFO - Started process (PID=262449) to work on /home/snigdh/repos/bigData/spark_demo_env/lib/python3.12/site-packages/airflow/example_dags/example_setup_teardown_taskflow.py
[2026-07-18T21:38:28.451+0545] {processor.py:830} INFO - Processing file /home/snigdh/repos/bigData/spark_demo_env/lib/python3.12/site-packages/airflow/example_dags/example_setup_teardown_taskflow.py for tasks to queue
[2026-07-18T21:38:28.453+0545] {logging_mixin.py:188} INFO - [2026-07-18T21:38:28.453+0545] {dagbag.py:545} INFO - Filling up the DagBag from /home/snigdh/repos/bigData/spark_demo_env/lib/python3.12/site-packages/airflow/example_dags/example_setup_teardown_taskflow.py
[2026-07-18T21:38:28.466+0545] {processor.py:840} INFO - DAG(s) 'example_setup_teardown_taskflow' retrieved from /home/snigdh/repos/bigData/spark_demo_env/lib/python3.12/site-packages/airflow/example_dags/example_setup_teardown_taskflow.py
[2026-07-18T21:38:28.575+0545] {logging_mixin.py:188} INFO - [2026-07-18T21:38:28.574+0545] {override.py:1858} INFO - Created Permission View: can delete on DAG:example_setup_teardown_taskflow
[2026-07-18T21:38:28.590+0545] {logging_mixin.py:188} INFO - [2026-07-18T21:38:28.590+0545] {override.py:1858} INFO - Created Permission View: can read on DAG:example_setup_teardown_taskflow
[2026-07-18T21:38:28.605+0545] {logging_mixin.py:188} INFO - [2026-07-18T21:38:28.605+0545] {override.py:1858} INFO - Created Permission View: can edit on DAG:example_setup_teardown_taskflow
[2026-07-18T21:38:28.606+0545] {logging_mixin.py:188} INFO - [2026-07-18T21:38:28.606+0545] {dag.py:3089} INFO - Sync 1 DAGs
[2026-07-18T21:38:28.623+0545] {logging_mixin.py:188} INFO - [2026-07-18T21:38:28.622+0545] {dag.py:3111} INFO - Creating ORM DAG for example_setup_teardown_taskflow
[2026-07-18T21:38:28.636+0545] {logging_mixin.py:188} INFO - [2026-07-18T21:38:28.636+0545] {dag.py:3947} INFO - Setting next_dagrun for example_setup_teardown_taskflow to 2026-07-17 00:00:00+00:00, run_after=2026-07-18 00:00:00+00:00
[2026-07-18T21:38:28.665+0545] {processor.py:183} INFO - Processing /home/snigdh/repos/bigData/spark_demo_env/lib/python3.12/site-packages/airflow/example_dags/example_setup_teardown_taskflow.py took 0.223 seconds
[2026-07-18T21:39:28.428+0545] {processor.py:161} INFO - Started process (PID=262765) to work on /home/snigdh/repos/bigData/spark_demo_env/lib/python3.12/site-packages/airflow/example_dags/example_setup_teardown_taskflow.py
[2026-07-18T21:39:28.430+0545] {processor.py:830} INFO - Processing file /home/snigdh/repos/bigData/spark_demo_env/lib/python3.12/site-packages/airflow/example_dags/example_setup_teardown_taskflow.py for tasks to queue
[2026-07-18T21:39:28.433+0545] {logging_mixin.py:188} INFO - [2026-07-18T21:39:28.432+0545] {dagbag.py:545} INFO - Filling up the DagBag from /home/snigdh/repos/bigData/spark_demo_env/lib/python3.12/site-packages/airflow/example_dags/example_setup_teardown_taskflow.py
[2026-07-18T21:39:28.448+0545] {processor.py:840} INFO - DAG(s) 'example_setup_teardown_taskflow' retrieved from /home/snigdh/repos/bigData/spark_demo_env/lib/python3.12/site-packages/airflow/example_dags/example_setup_teardown_taskflow.py
[2026-07-18T21:39:28.469+0545] {logging_mixin.py:188} INFO - [2026-07-18T21:39:28.469+0545] {dag.py:3089} INFO - Sync 1 DAGs
[2026-07-18T21:39:28.490+0545] {logging_mixin.py:188} INFO - [2026-07-18T21:39:28.489+0545] {dag.py:3947} INFO - Setting next_dagrun for example_setup_teardown_taskflow to 2026-07-17 00:00:00+00:00, run_after=2026-07-18 00:00:00+00:00
[2026-07-18T21:39:28.512+0545] {processor.py:183} INFO - Processing /home/snigdh/repos/bigData/spark_demo_env/lib/python3.12/site-packages/airflow/example_dags/example_setup_teardown_taskflow.py took 0.093 seconds
[2026-07-18T21:40:21.419+0545] {processor.py:161} INFO - Started process (PID=263050) to work on /home/snigdh/repos/bigData/spark_demo_env/lib/python3.12/site-packages/airflow/example_dags/example_setup_teardown_taskflow.py
[2026-07-18T21:40:21.422+0545] {processor.py:830} INFO - Processing file /home/snigdh/repos/bigData/spark_demo_env/lib/python3.12/site-packages/airflow/example_dags/example_setup_teardown_taskflow.py for tasks to queue
[2026-07-18T21:40:21.424+0545] {logging_mixin.py:188} INFO - [2026-07-18T21:40:21.423+0545] {dagbag.py:545} INFO - Filling up the DagBag from /home/snigdh/repos/bigData/spark_demo_env/lib/python3.12/site-packages/airflow/example_dags/example_setup_teardown_taskflow.py
[2026-07-18T21:40:21.434+0545] {processor.py:840} INFO - DAG(s) 'example_setup_teardown_taskflow' retrieved from /home/snigdh/repos/bigData/spark_demo_env/lib/python3.12/site-packages/airflow/example_dags/example_setup_teardown_taskflow.py
[2026-07-18T21:40:21.443+0545] {logging_mixin.py:188} INFO - [2026-07-18T21:40:21.443+0545] {dag.py:3089} INFO - Sync 1 DAGs
[2026-07-18T21:40:21.466+0545] {logging_mixin.py:188} INFO - [2026-07-18T21:40:21.466+0545] {dag.py:3947} INFO - Setting next_dagrun for example_setup_teardown_taskflow to 2026-07-17 00:00:00+00:00, run_after=2026-07-18 00:00:00+00:00
[2026-07-18T21:40:21.494+0545] {processor.py:183} INFO - Processing /home/snigdh/repos/bigData/spark_demo_env/lib/python3.12/site-packages/airflow/example_dags/example_setup_teardown_taskflow.py took 0.082 seconds
[2026-07-18T21:46:41.534+0545] {processor.py:161} INFO - Started process (PID=269892) to work on /home/snigdh/repos/bigData/spark_demo_env/lib/python3.12/site-packages/airflow/example_dags/example_setup_teardown_taskflow.py
[2026-07-18T21:46:41.538+0545] {processor.py:830} INFO - Processing file /home/snigdh/repos/bigData/spark_demo_env/lib/python3.12/site-packages/airflow/example_dags/example_setup_teardown_taskflow.py for tasks to queue
[2026-07-18T21:46:41.540+0545] {logging_mixin.py:188} INFO - [2026-07-18T21:46:41.539+0545] {dagbag.py:545} INFO - Filling up the DagBag from /home/snigdh/repos/bigData/spark_demo_env/lib/python3.12/site-packages/airflow/example_dags/example_setup_teardown_taskflow.py
[2026-07-18T21:46:41.552+0545] {processor.py:840} INFO - DAG(s) 'example_setup_teardown_taskflow' retrieved from /home/snigdh/repos/bigData/spark_demo_env/lib/python3.12/site-packages/airflow/example_dags/example_setup_teardown_taskflow.py
[2026-07-18T21:46:41.660+0545] {logging_mixin.py:188} INFO - [2026-07-18T21:46:41.659+0545] {dag.py:3089} INFO - Sync 1 DAGs
[2026-07-18T21:46:41.675+0545] {logging_mixin.py:188} INFO - [2026-07-18T21:46:41.675+0545] {dag.py:3947} INFO - Setting next_dagrun for example_setup_teardown_taskflow to 2026-07-17 00:00:00+00:00, run_after=2026-07-18 00:00:00+00:00
[2026-07-18T21:46:41.702+0545] {processor.py:183} INFO - Processing /home/snigdh/repos/bigData/spark_demo_env/lib/python3.12/site-packages/airflow/example_dags/example_setup_teardown_taskflow.py took 0.176 seconds
[2026-07-18T21:47:42.946+0545] {processor.py:161} INFO - Started process (PID=270569) to work on /home/snigdh/repos/bigData/spark_demo_env/lib/python3.12/site-packages/airflow/example_dags/example_setup_teardown_taskflow.py
[2026-07-18T21:47:42.950+0545] {processor.py:830} INFO - Processing file /home/snigdh/repos/bigData/spark_demo_env/lib/python3.12/site-packages/airflow/example_dags/example_setup_teardown_taskflow.py for tasks to queue
[2026-07-18T21:47:42.952+0545] {logging_mixin.py:188} INFO - [2026-07-18T21:47:42.951+0545] {dagbag.py:545} INFO - Filling up the DagBag from /home/snigdh/repos/bigData/spark_demo_env/lib/python3.12/site-packages/airflow/example_dags/example_setup_teardown_taskflow.py
[2026-07-18T21:47:42.964+0545] {processor.py:840} INFO - DAG(s) 'example_setup_teardown_taskflow' retrieved from /home/snigdh/repos/bigData/spark_demo_env/lib/python3.12/site-packages/airflow/example_dags/example_setup_teardown_taskflow.py
[2026-07-18T21:47:42.985+0545] {logging_mixin.py:188} INFO - [2026-07-18T21:47:42.984+0545] {dag.py:3089} INFO - Sync 1 DAGs
[2026-07-18T21:47:43.001+0545] {logging_mixin.py:188} INFO - [2026-07-18T21:47:43.001+0545] {dag.py:3947} INFO - Setting next_dagrun for example_setup_teardown_taskflow to 2026-07-17 00:00:00+00:00, run_after=2026-07-18 00:00:00+00:00
[2026-07-18T21:47:43.024+0545] {processor.py:183} INFO - Processing /home/snigdh/repos/bigData/spark_demo_env/lib/python3.12/site-packages/airflow/example_dags/example_setup_teardown_taskflow.py took 0.087 seconds
[2026-07-18T21:48:31.591+0545] {processor.py:161} INFO - Started process (PID=271524) to work on /home/snigdh/repos/bigData/spark_demo_env/lib/python3.12/site-packages/airflow/example_dags/example_setup_teardown_taskflow.py
[2026-07-18T21:48:31.595+0545] {processor.py:830} INFO - Processing file /home/snigdh/repos/bigData/spark_demo_env/lib/python3.12/site-packages/airflow/example_dags/example_setup_teardown_taskflow.py for tasks to queue
[2026-07-18T21:48:31.597+0545] {logging_mixin.py:188} INFO - [2026-07-18T21:48:31.596+0545] {dagbag.py:545} INFO - Filling up the DagBag from /home/snigdh/repos/bigData/spark_demo_env/lib/python3.12/site-packages/airflow/example_dags/example_setup_teardown_taskflow.py
[2026-07-18T21:48:31.608+0545] {processor.py:840} INFO - DAG(s) 'example_setup_teardown_taskflow' retrieved from /home/snigdh/repos/bigData/spark_demo_env/lib/python3.12/site-packages/airflow/example_dags/example_setup_teardown_taskflow.py
[2026-07-18T21:48:31.637+0545] {logging_mixin.py:188} INFO - [2026-07-18T21:48:31.636+0545] {dag.py:3089} INFO - Sync 1 DAGs
[2026-07-18T21:48:31.670+0545] {logging_mixin.py:188} INFO - [2026-07-18T21:48:31.669+0545] {dag.py:3947} INFO - Setting next_dagrun for example_setup_teardown_taskflow to 2026-07-17 00:00:00+00:00, run_after=2026-07-18 00:00:00+00:00
[2026-07-18T21:48:31.695+0545] {processor.py:183} INFO - Processing /home/snigdh/repos/bigData/spark_demo_env/lib/python3.12/site-packages/airflow/example_dags/example_setup_teardown_taskflow.py took 0.111 seconds
[2026-07-18T21:49:28.191+0545] {processor.py:161} INFO - Started process (PID=272076) to work on /home/snigdh/repos/bigData/spark_demo_env/lib/python3.12/site-packages/airflow/example_dags/example_setup_teardown_taskflow.py
[2026-07-18T21:49:28.195+0545] {processor.py:830} INFO - Processing file /home/snigdh/repos/bigData/spark_demo_env/lib/python3.12/site-packages/airflow/example_dags/example_setup_teardown_taskflow.py for tasks to queue
[2026-07-18T21:49:28.196+0545] {logging_mixin.py:188} INFO - [2026-07-18T21:49:28.196+0545] {dagbag.py:545} INFO - Filling up the DagBag from /home/snigdh/repos/bigData/spark_demo_env/lib/python3.12/site-packages/airflow/example_dags/example_setup_teardown_taskflow.py
[2026-07-18T21:49:28.210+0545] {processor.py:840} INFO - DAG(s) 'example_setup_teardown_taskflow' retrieved from /home/snigdh/repos/bigData/spark_demo_env/lib/python3.12/site-packages/airflow/example_dags/example_setup_teardown_taskflow.py
[2026-07-18T21:49:28.234+0545] {logging_mixin.py:188} INFO - [2026-07-18T21:49:28.233+0545] {dag.py:3089} INFO - Sync 1 DAGs
[2026-07-18T21:49:28.351+0545] {logging_mixin.py:188} INFO - [2026-07-18T21:49:28.350+0545] {dag.py:3947} INFO - Setting next_dagrun for example_setup_teardown_taskflow to 2026-07-17 00:00:00+00:00, run_after=2026-07-18 00:00:00+00:00
[2026-07-18T21:49:28.371+0545] {processor.py:183} INFO - Processing /home/snigdh/repos/bigData/spark_demo_env/lib/python3.12/site-packages/airflow/example_dags/example_setup_teardown_taskflow.py took 0.187 seconds
[2026-07-18T21:50:20.014+0545] {processor.py:161} INFO - Started process (PID=272729) to work on /home/snigdh/repos/bigData/spark_demo_env/lib/python3.12/site-packages/airflow/example_dags/example_setup_teardown_taskflow.py
[2026-07-18T21:50:20.018+0545] {processor.py:830} INFO - Processing file /home/snigdh/repos/bigData/spark_demo_env/lib/python3.12/site-packages/airflow/example_dags/example_setup_teardown_taskflow.py for tasks to queue
[2026-07-18T21:50:20.019+0545] {logging_mixin.py:188} INFO - [2026-07-18T21:50:20.019+0545] {dagbag.py:545} INFO - Filling up the DagBag from /home/snigdh/repos/bigData/spark_demo_env/lib/python3.12/site-packages/airflow/example_dags/example_setup_teardown_taskflow.py
[2026-07-18T21:50:20.032+0545] {processor.py:840} INFO - DAG(s) 'example_setup_teardown_taskflow' retrieved from /home/snigdh/repos/bigData/spark_demo_env/lib/python3.12/site-packages/airflow/example_dags/example_setup_teardown_taskflow.py
[2026-07-18T21:50:20.057+0545] {logging_mixin.py:188} INFO - [2026-07-18T21:50:20.056+0545] {dag.py:3089} INFO - Sync 1 DAGs
[2026-07-18T21:50:20.076+0545] {logging_mixin.py:188} INFO - [2026-07-18T21:50:20.076+0545] {dag.py:3947} INFO - Setting next_dagrun for example_setup_teardown_taskflow to 2026-07-17 00:00:00+00:00, run_after=2026-07-18 00:00:00+00:00
[2026-07-18T21:50:20.099+0545] {processor.py:183} INFO - Processing /home/snigdh/repos/bigData/spark_demo_env/lib/python3.12/site-packages/airflow/example_dags/example_setup_teardown_taskflow.py took 0.094 seconds
[2026-07-18T21:51:05.014+0545] {processor.py:161} INFO - Started process (PID=273396) to work on /home/snigdh/repos/bigData/spark_demo_env/lib/python3.12/site-packages/airflow/example_dags/example_setup_teardown_taskflow.py
[2026-07-18T21:51:05.018+0545] {processor.py:830} INFO - Processing file /home/snigdh/repos/bigData/spark_demo_env/lib/python3.12/site-packages/airflow/example_dags/example_setup_teardown_taskflow.py for tasks to queue
[2026-07-18T21:51:05.019+0545] {logging_mixin.py:188} INFO - [2026-07-18T21:51:05.019+0545] {dagbag.py:545} INFO - Filling up the DagBag from /home/snigdh/repos/bigData/spark_demo_env/lib/python3.12/site-packages/airflow/example_dags/example_setup_teardown_taskflow.py
[2026-07-18T21:51:05.030+0545] {processor.py:840} INFO - DAG(s) 'example_setup_teardown_taskflow' retrieved from /home/snigdh/repos/bigData/spark_demo_env/lib/python3.12/site-packages/airflow/example_dags/example_setup_teardown_taskflow.py
[2026-07-18T21:51:05.051+0545] {logging_mixin.py:188} INFO - [2026-07-18T21:51:05.050+0545] {dag.py:3089} INFO - Sync 1 DAGs
[2026-07-18T21:51:05.070+0545] {logging_mixin.py:188} INFO - [2026-07-18T21:51:05.069+0545] {dag.py:3947} INFO - Setting next_dagrun for example_setup_teardown_taskflow to 2026-07-17 00:00:00+00:00, run_after=2026-07-18 00:00:00+00:00
[2026-07-18T21:51:05.100+0545] {processor.py:183} INFO - Processing /home/snigdh/repos/bigData/spark_demo_env/lib/python3.12/site-packages/airflow/example_dags/example_setup_teardown_taskflow.py took 0.094 seconds
[2026-07-18T21:51:50.602+0545] {processor.py:161} INFO - Started process (PID=273972) to work on /home/snigdh/repos/bigData/spark_demo_env/lib/python3.12/site-packages/airflow/example_dags/example_setup_teardown_taskflow.py
[2026-07-18T21:51:50.607+0545] {processor.py:830} INFO - Processing file /home/snigdh/repos/bigData/spark_demo_env/lib/python3.12/site-packages/airflow/example_dags/example_setup_teardown_taskflow.py for tasks to queue
[2026-07-18T21:51:50.609+0545] {logging_mixin.py:188} INFO - [2026-07-18T21:51:50.608+0545] {dagbag.py:545} INFO - Filling up the DagBag from /home/snigdh/repos/bigData/spark_demo_env/lib/python3.12/site-packages/airflow/example_dags/example_setup_teardown_taskflow.py
[2026-07-18T21:51:50.625+0545] {processor.py:840} INFO - DAG(s) 'example_setup_teardown_taskflow' retrieved from /home/snigdh/repos/bigData/spark_demo_env/lib/python3.12/site-packages/airflow/example_dags/example_setup_teardown_taskflow.py
[2026-07-18T21:51:50.653+0545] {logging_mixin.py:188} INFO - [2026-07-18T21:51:50.653+0545] {dag.py:3089} INFO - Sync 1 DAGs
[2026-07-18T21:51:50.674+0545] {logging_mixin.py:188} INFO - [2026-07-18T21:51:50.674+0545] {dag.py:3947} INFO - Setting next_dagrun for example_setup_teardown_taskflow to 2026-07-17 00:00:00+00:00, run_after=2026-07-18 00:00:00+00:00
[2026-07-18T21:51:50.704+0545] {processor.py:183} INFO - Processing /home/snigdh/repos/bigData/spark_demo_env/lib/python3.12/site-packages/airflow/example_dags/example_setup_teardown_taskflow.py took 0.112 seconds
[2026-07-18T21:52:37.797+0545] {processor.py:161} INFO - Started process (PID=274582) to work on /home/snigdh/repos/bigData/spark_demo_env/lib/python3.12/site-packages/airflow/example_dags/example_setup_teardown_taskflow.py
[2026-07-18T21:52:37.801+0545] {processor.py:830} INFO - Processing file /home/snigdh/repos/bigData/spark_demo_env/lib/python3.12/site-packages/airflow/example_dags/example_setup_teardown_taskflow.py for tasks to queue
[2026-07-18T21:52:37.802+0545] {logging_mixin.py:188} INFO - [2026-07-18T21:52:37.802+0545] {dagbag.py:545} INFO - Filling up the DagBag from /home/snigdh/repos/bigData/spark_demo_env/lib/python3.12/site-packages/airflow/example_dags/example_setup_teardown_taskflow.py
[2026-07-18T21:52:37.815+0545] {processor.py:840} INFO - DAG(s) 'example_setup_teardown_taskflow' retrieved from /home/snigdh/repos/bigData/spark_demo_env/lib/python3.12/site-packages/airflow/example_dags/example_setup_teardown_taskflow.py
[2026-07-18T21:52:37.841+0545] {logging_mixin.py:188} INFO - [2026-07-18T21:52:37.841+0545] {dag.py:3089} INFO - Sync 1 DAGs
[2026-07-18T21:52:37.866+0545] {logging_mixin.py:188} INFO - [2026-07-18T21:52:37.865+0545] {dag.py:3947} INFO - Setting next_dagrun for example_setup_teardown_taskflow to 2026-07-17 00:00:00+00:00, run_after=2026-07-18 00:00:00+00:00
[2026-07-18T21:52:37.891+0545] {processor.py:183} INFO - Processing /home/snigdh/repos/bigData/spark_demo_env/lib/python3.12/site-packages/airflow/example_dags/example_setup_teardown_taskflow.py took 0.101 seconds
[2026-07-18T21:53:22.437+0545] {processor.py:161} INFO - Started process (PID=275179) to work on /home/snigdh/repos/bigData/spark_demo_env/lib/python3.12/site-packages/airflow/example_dags/example_setup_teardown_taskflow.py
[2026-07-18T21:53:22.441+0545] {processor.py:830} INFO - Processing file /home/snigdh/repos/bigData/spark_demo_env/lib/python3.12/site-packages/airflow/example_dags/example_setup_teardown_taskflow.py for tasks to queue
[2026-07-18T21:53:22.442+0545] {logging_mixin.py:188} INFO - [2026-07-18T21:53:22.442+0545] {dagbag.py:545} INFO - Filling up the DagBag from /home/snigdh/repos/bigData/spark_demo_env/lib/python3.12/site-packages/airflow/example_dags/example_setup_teardown_taskflow.py
[2026-07-18T21:53:22.454+0545] {processor.py:840} INFO - DAG(s) 'example_setup_teardown_taskflow' retrieved from /home/snigdh/repos/bigData/spark_demo_env/lib/python3.12/site-packages/airflow/example_dags/example_setup_teardown_taskflow.py
[2026-07-18T21:53:22.480+0545] {logging_mixin.py:188} INFO - [2026-07-18T21:53:22.480+0545] {dag.py:3089} INFO - Sync 1 DAGs
[2026-07-18T21:53:22.497+0545] {logging_mixin.py:188} INFO - [2026-07-18T21:53:22.497+0545] {dag.py:3947} INFO - Setting next_dagrun for example_setup_teardown_taskflow to 2026-07-17 00:00:00+00:00, run_after=2026-07-18 00:00:00+00:00
[2026-07-18T21:53:22.520+0545] {processor.py:183} INFO - Processing /home/snigdh/repos/bigData/spark_demo_env/lib/python3.12/site-packages/airflow/example_dags/example_setup_teardown_taskflow.py took 0.090 seconds
[2026-07-18T21:54:13.234+0545] {processor.py:161} INFO - Started process (PID=276061) to work on /home/snigdh/repos/bigData/spark_demo_env/lib/python3.12/site-packages/airflow/example_dags/example_setup_teardown_taskflow.py
[2026-07-18T21:54:13.237+0545] {processor.py:830} INFO - Processing file /home/snigdh/repos/bigData/spark_demo_env/lib/python3.12/site-packages/airflow/example_dags/example_setup_teardown_taskflow.py for tasks to queue
[2026-07-18T21:54:13.238+0545] {logging_mixin.py:188} INFO - [2026-07-18T21:54:13.238+0545] {dagbag.py:545} INFO - Filling up the DagBag from /home/snigdh/repos/bigData/spark_demo_env/lib/python3.12/site-packages/airflow/example_dags/example_setup_teardown_taskflow.py
[2026-07-18T21:54:13.251+0545] {processor.py:840} INFO - DAG(s) 'example_setup_teardown_taskflow' retrieved from /home/snigdh/repos/bigData/spark_demo_env/lib/python3.12/site-packages/airflow/example_dags/example_setup_teardown_taskflow.py
[2026-07-18T21:54:13.275+0545] {logging_mixin.py:188} INFO - [2026-07-18T21:54:13.275+0545] {dag.py:3089} INFO - Sync 1 DAGs
[2026-07-18T21:54:13.292+0545] {logging_mixin.py:188} INFO - [2026-07-18T21:54:13.292+0545] {dag.py:3947} INFO - Setting next_dagrun for example_setup_teardown_taskflow to 2026-07-17 00:00:00+00:00, run_after=2026-07-18 00:00:00+00:00
[2026-07-18T21:54:13.318+0545] {processor.py:183} INFO - Processing /home/snigdh/repos/bigData/spark_demo_env/lib/python3.12/site-packages/airflow/example_dags/example_setup_teardown_taskflow.py took 0.092 seconds
[2026-07-18T21:55:00.556+0545] {processor.py:161} INFO - Started process (PID=276704) to work on /home/snigdh/repos/bigData/spark_demo_env/lib/python3.12/site-packages/airflow/example_dags/example_setup_teardown_taskflow.py
[2026-07-18T21:55:00.558+0545] {processor.py:830} INFO - Processing file /home/snigdh/repos/bigData/spark_demo_env/lib/python3.12/site-packages/airflow/example_dags/example_setup_teardown_taskflow.py for tasks to queue
[2026-07-18T21:55:00.560+0545] {logging_mixin.py:188} INFO - [2026-07-18T21:55:00.559+0545] {dagbag.py:545} INFO - Filling up the DagBag from /home/snigdh/repos/bigData/spark_demo_env/lib/python3.12/site-packages/airflow/example_dags/example_setup_teardown_taskflow.py
[2026-07-18T21:55:00.573+0545] {processor.py:840} INFO - DAG(s) 'example_setup_teardown_taskflow' retrieved from /home/snigdh/repos/bigData/spark_demo_env/lib/python3.12/site-packages/airflow/example_dags/example_setup_teardown_taskflow.py
[2026-07-18T21:55:00.597+0545] {logging_mixin.py:188} INFO - [2026-07-18T21:55:00.597+0545] {dag.py:3089} INFO - Sync 1 DAGs
[2026-07-18T21:55:00.614+0545] {logging_mixin.py:188} INFO - [2026-07-18T21:55:00.614+0545] {dag.py:3947} INFO - Setting next_dagrun for example_setup_teardown_taskflow to 2026-07-17 00:00:00+00:00, run_after=2026-07-18 00:00:00+00:00
[2026-07-18T21:55:00.637+0545] {processor.py:183} INFO - Processing /home/snigdh/repos/bigData/spark_demo_env/lib/python3.12/site-packages/airflow/example_dags/example_setup_teardown_taskflow.py took 0.089 seconds
[2026-07-18T21:55:44.893+0545] {processor.py:161} INFO - Started process (PID=277105) to work on /home/snigdh/repos/bigData/spark_demo_env/lib/python3.12/site-packages/airflow/example_dags/example_setup_teardown_taskflow.py
[2026-07-18T21:55:44.897+0545] {processor.py:830} INFO - Processing file /home/snigdh/repos/bigData/spark_demo_env/lib/python3.12/site-packages/airflow/example_dags/example_setup_teardown_taskflow.py for tasks to queue
[2026-07-18T21:55:44.899+0545] {logging_mixin.py:188} INFO - [2026-07-18T21:55:44.898+0545] {dagbag.py:545} INFO - Filling up the DagBag from /home/snigdh/repos/bigData/spark_demo_env/lib/python3.12/site-packages/airflow/example_dags/example_setup_teardown_taskflow.py
[2026-07-18T21:55:44.913+0545] {processor.py:840} INFO - DAG(s) 'example_setup_teardown_taskflow' retrieved from /home/snigdh/repos/bigData/spark_demo_env/lib/python3.12/site-packages/airflow/example_dags/example_setup_teardown_taskflow.py
[2026-07-18T21:55:44.942+0545] {logging_mixin.py:188} INFO - [2026-07-18T21:55:44.942+0545] {dag.py:3089} INFO - Sync 1 DAGs
[2026-07-18T21:55:44.960+0545] {logging_mixin.py:188} INFO - [2026-07-18T21:55:44.960+0545] {dag.py:3947} INFO - Setting next_dagrun for example_setup_teardown_taskflow to 2026-07-17 00:00:00+00:00, run_after=2026-07-18 00:00:00+00:00
[2026-07-18T21:55:44.982+0545] {processor.py:183} INFO - Processing /home/snigdh/repos/bigData/spark_demo_env/lib/python3.12/site-packages/airflow/example_dags/example_setup_teardown_taskflow.py took 0.099 seconds
[2026-07-18T21:56:30.374+0545] {processor.py:161} INFO - Started process (PID=277563) to work on /home/snigdh/repos/bigData/spark_demo_env/lib/python3.12/site-packages/airflow/example_dags/example_setup_teardown_taskflow.py
[2026-07-18T21:56:30.377+0545] {processor.py:830} INFO - Processing file /home/snigdh/repos/bigData/spark_demo_env/lib/python3.12/site-packages/airflow/example_dags/example_setup_teardown_taskflow.py for tasks to queue
[2026-07-18T21:56:30.379+0545] {logging_mixin.py:188} INFO - [2026-07-18T21:56:30.378+0545] {dagbag.py:545} INFO - Filling up the DagBag from /home/snigdh/repos/bigData/spark_demo_env/lib/python3.12/site-packages/airflow/example_dags/example_setup_teardown_taskflow.py
[2026-07-18T21:56:30.392+0545] {processor.py:840} INFO - DAG(s) 'example_setup_teardown_taskflow' retrieved from /home/snigdh/repos/bigData/spark_demo_env/lib/python3.12/site-packages/airflow/example_dags/example_setup_teardown_taskflow.py
[2026-07-18T21:56:30.419+0545] {logging_mixin.py:188} INFO - [2026-07-18T21:56:30.418+0545] {dag.py:3089} INFO - Sync 1 DAGs
[2026-07-18T21:56:30.438+0545] {logging_mixin.py:188} INFO - [2026-07-18T21:56:30.438+0545] {dag.py:3947} INFO - Setting next_dagrun for example_setup_teardown_taskflow to 2026-07-17 00:00:00+00:00, run_after=2026-07-18 00:00:00+00:00
[2026-07-18T21:56:30.465+0545] {processor.py:183} INFO - Processing /home/snigdh/repos/bigData/spark_demo_env/lib/python3.12/site-packages/airflow/example_dags/example_setup_teardown_taskflow.py took 0.100 seconds
[2026-07-18T21:57:13.338+0545] {processor.py:161} INFO - Started process (PID=277951) to work on /home/snigdh/repos/bigData/spark_demo_env/lib/python3.12/site-packages/airflow/example_dags/example_setup_teardown_taskflow.py
[2026-07-18T21:57:13.339+0545] {processor.py:830} INFO - Processing file /home/snigdh/repos/bigData/spark_demo_env/lib/python3.12/site-packages/airflow/example_dags/example_setup_teardown_taskflow.py for tasks to queue
[2026-07-18T21:57:13.341+0545] {logging_mixin.py:188} INFO - [2026-07-18T21:57:13.340+0545] {dagbag.py:545} INFO - Filling up the DagBag from /home/snigdh/repos/bigData/spark_demo_env/lib/python3.12/site-packages/airflow/example_dags/example_setup_teardown_taskflow.py
[2026-07-18T21:57:13.353+0545] {processor.py:840} INFO - DAG(s) 'example_setup_teardown_taskflow' retrieved from /home/snigdh/repos/bigData/spark_demo_env/lib/python3.12/site-packages/airflow/example_dags/example_setup_teardown_taskflow.py
[2026-07-18T21:57:13.380+0545] {logging_mixin.py:188} INFO - [2026-07-18T21:57:13.380+0545] {dag.py:3089} INFO - Sync 1 DAGs
[2026-07-18T21:57:13.399+0545] {logging_mixin.py:188} INFO - [2026-07-18T21:57:13.398+0545] {dag.py:3947} INFO - Setting next_dagrun for example_setup_teardown_taskflow to 2026-07-17 00:00:00+00:00, run_after=2026-07-18 00:00:00+00:00
[2026-07-18T21:57:13.428+0545] {processor.py:183} INFO - Processing /home/snigdh/repos/bigData/spark_demo_env/lib/python3.12/site-packages/airflow/example_dags/example_setup_teardown_taskflow.py took 0.099 seconds
[2026-07-18T21:57:59.254+0545] {processor.py:161} INFO - Started process (PID=278363) to work on /home/snigdh/repos/bigData/spark_demo_env/lib/python3.12/site-packages/airflow/example_dags/example_setup_teardown_taskflow.py
[2026-07-18T21:57:59.258+0545] {processor.py:830} INFO - Processing file /home/snigdh/repos/bigData/spark_demo_env/lib/python3.12/site-packages/airflow/example_dags/example_setup_teardown_taskflow.py for tasks to queue
[2026-07-18T21:57:59.259+0545] {logging_mixin.py:188} INFO - [2026-07-18T21:57:59.258+0545] {dagbag.py:545} INFO - Filling up the DagBag from /home/snigdh/repos/bigData/spark_demo_env/lib/python3.12/site-packages/airflow/example_dags/example_setup_teardown_taskflow.py
[2026-07-18T21:57:59.271+0545] {processor.py:840} INFO - DAG(s) 'example_setup_teardown_taskflow' retrieved from /home/snigdh/repos/bigData/spark_demo_env/lib/python3.12/site-packages/airflow/example_dags/example_setup_teardown_taskflow.py
[2026-07-18T21:57:59.292+0545] {logging_mixin.py:188} INFO - [2026-07-18T21:57:59.291+0545] {dag.py:3089} INFO - Sync 1 DAGs
[2026-07-18T21:57:59.308+0545] {logging_mixin.py:188} INFO - [2026-07-18T21:57:59.308+0545] {dag.py:3947} INFO - Setting next_dagrun for example_setup_teardown_taskflow to 2026-07-17 00:00:00+00:00, run_after=2026-07-18 00:00:00+00:00
[2026-07-18T21:57:59.331+0545] {processor.py:183} INFO - Processing /home/snigdh/repos/bigData/spark_demo_env/lib/python3.12/site-packages/airflow/example_dags/example_setup_teardown_taskflow.py took 0.086 seconds
[2026-07-18T21:58:44.702+0545] {processor.py:161} INFO - Started process (PID=278826) to work on /home/snigdh/repos/bigData/spark_demo_env/lib/python3.12/site-packages/airflow/example_dags/example_setup_teardown_taskflow.py
[2026-07-18T21:58:44.706+0545] {processor.py:830} INFO - Processing file /home/snigdh/repos/bigData/spark_demo_env/lib/python3.12/site-packages/airflow/example_dags/example_setup_teardown_taskflow.py for tasks to queue
[2026-07-18T21:58:44.707+0545] {logging_mixin.py:188} INFO - [2026-07-18T21:58:44.707+0545] {dagbag.py:545} INFO - Filling up the DagBag from /home/snigdh/repos/bigData/spark_demo_env/lib/python3.12/site-packages/airflow/example_dags/example_setup_teardown_taskflow.py
[2026-07-18T21:58:44.720+0545] {processor.py:840} INFO - DAG(s) 'example_setup_teardown_taskflow' retrieved from /home/snigdh/repos/bigData/spark_demo_env/lib/python3.12/site-packages/airflow/example_dags/example_setup_teardown_taskflow.py
[2026-07-18T21:58:44.745+0545] {logging_mixin.py:188} INFO - [2026-07-18T21:58:44.745+0545] {dag.py:3089} INFO - Sync 1 DAGs
[2026-07-18T21:58:44.763+0545] {logging_mixin.py:188} INFO - [2026-07-18T21:58:44.763+0545] {dag.py:3947} INFO - Setting next_dagrun for example_setup_teardown_taskflow to 2026-07-17 00:00:00+00:00, run_after=2026-07-18 00:00:00+00:00
[2026-07-18T21:58:44.785+0545] {processor.py:183} INFO - Processing /home/snigdh/repos/bigData/spark_demo_env/lib/python3.12/site-packages/airflow/example_dags/example_setup_teardown_taskflow.py took 0.090 seconds
[2026-07-18T21:59:30.128+0545] {processor.py:161} INFO - Started process (PID=279247) to work on /home/snigdh/repos/bigData/spark_demo_env/lib/python3.12/site-packages/airflow/example_dags/example_setup_teardown_taskflow.py
[2026-07-18T21:59:30.132+0545] {processor.py:830} INFO - Processing file /home/snigdh/repos/bigData/spark_demo_env/lib/python3.12/site-packages/airflow/example_dags/example_setup_teardown_taskflow.py for tasks to queue
[2026-07-18T21:59:30.134+0545] {logging_mixin.py:188} INFO - [2026-07-18T21:59:30.133+0545] {dagbag.py:545} INFO - Filling up the DagBag from /home/snigdh/repos/bigData/spark_demo_env/lib/python3.12/site-packages/airflow/example_dags/example_setup_teardown_taskflow.py
[2026-07-18T21:59:30.147+0545] {processor.py:840} INFO - DAG(s) 'example_setup_teardown_taskflow' retrieved from /home/snigdh/repos/bigData/spark_demo_env/lib/python3.12/site-packages/airflow/example_dags/example_setup_teardown_taskflow.py
[2026-07-18T21:59:30.180+0545] {logging_mixin.py:188} INFO - [2026-07-18T21:59:30.179+0545] {dag.py:3089} INFO - Sync 1 DAGs
[2026-07-18T21:59:30.208+0545] {logging_mixin.py:188} INFO - [2026-07-18T21:59:30.208+0545] {dag.py:3947} INFO - Setting next_dagrun for example_setup_teardown_taskflow to 2026-07-17 00:00:00+00:00, run_after=2026-07-18 00:00:00+00:00
[2026-07-18T21:59:30.232+0545] {processor.py:183} INFO - Processing /home/snigdh/repos/bigData/spark_demo_env/lib/python3.12/site-packages/airflow/example_dags/example_setup_teardown_taskflow.py took 0.112 seconds
[2026-07-18T22:00:16.666+0545] {processor.py:161} INFO - Started process (PID=279688) to work on /home/snigdh/repos/bigData/spark_demo_env/lib/python3.12/site-packages/airflow/example_dags/example_setup_teardown_taskflow.py
[2026-07-18T22:00:16.668+0545] {processor.py:830} INFO - Processing file /home/snigdh/repos/bigData/spark_demo_env/lib/python3.12/site-packages/airflow/example_dags/example_setup_teardown_taskflow.py for tasks to queue
[2026-07-18T22:00:16.669+0545] {logging_mixin.py:188} INFO - [2026-07-18T22:00:16.668+0545] {dagbag.py:545} INFO - Filling up the DagBag from /home/snigdh/repos/bigData/spark_demo_env/lib/python3.12/site-packages/airflow/example_dags/example_setup_teardown_taskflow.py
[2026-07-18T22:00:16.678+0545] {processor.py:840} INFO - DAG(s) 'example_setup_teardown_taskflow' retrieved from /home/snigdh/repos/bigData/spark_demo_env/lib/python3.12/site-packages/airflow/example_dags/example_setup_teardown_taskflow.py
[2026-07-18T22:00:16.697+0545] {logging_mixin.py:188} INFO - [2026-07-18T22:00:16.697+0545] {dag.py:3089} INFO - Sync 1 DAGs
[2026-07-18T22:00:16.715+0545] {logging_mixin.py:188} INFO - [2026-07-18T22:00:16.715+0545] {dag.py:3947} INFO - Setting next_dagrun for example_setup_teardown_taskflow to 2026-07-17 00:00:00+00:00, run_after=2026-07-18 00:00:00+00:00
[2026-07-18T22:00:16.741+0545] {processor.py:183} INFO - Processing /home/snigdh/repos/bigData/spark_demo_env/lib/python3.12/site-packages/airflow/example_dags/example_setup_teardown_taskflow.py took 0.082 seconds
[2026-07-18T22:01:04.545+0545] {processor.py:161} INFO - Started process (PID=280147) to work on /home/snigdh/repos/bigData/spark_demo_env/lib/python3.12/site-packages/airflow/example_dags/example_setup_teardown_taskflow.py
[2026-07-18T22:01:04.549+0545] {processor.py:830} INFO - Processing file /home/snigdh/repos/bigData/spark_demo_env/lib/python3.12/site-packages/airflow/example_dags/example_setup_teardown_taskflow.py for tasks to queue
[2026-07-18T22:01:04.550+0545] {logging_mixin.py:188} INFO - [2026-07-18T22:01:04.550+0545] {dagbag.py:545} INFO - Filling up the DagBag from /home/snigdh/repos/bigData/spark_demo_env/lib/python3.12/site-packages/airflow/example_dags/example_setup_teardown_taskflow.py
[2026-07-18T22:01:04.565+0545] {processor.py:840} INFO - DAG(s) 'example_setup_teardown_taskflow' retrieved from /home/snigdh/repos/bigData/spark_demo_env/lib/python3.12/site-packages/airflow/example_dags/example_setup_teardown_taskflow.py
[2026-07-18T22:01:04.597+0545] {logging_mixin.py:188} INFO - [2026-07-18T22:01:04.596+0545] {dag.py:3089} INFO - Sync 1 DAGs
[2026-07-18T22:01:04.624+0545] {logging_mixin.py:188} INFO - [2026-07-18T22:01:04.624+0545] {dag.py:3947} INFO - Setting next_dagrun for example_setup_teardown_taskflow to 2026-07-17 00:00:00+00:00, run_after=2026-07-18 00:00:00+00:00
[2026-07-18T22:01:04.655+0545] {processor.py:183} INFO - Processing /home/snigdh/repos/bigData/spark_demo_env/lib/python3.12/site-packages/airflow/example_dags/example_setup_teardown_taskflow.py took 0.119 seconds
[2026-07-18T22:01:49.053+0545] {processor.py:161} INFO - Started process (PID=280535) to work on /home/snigdh/repos/bigData/spark_demo_env/lib/python3.12/site-packages/airflow/example_dags/example_setup_teardown_taskflow.py
[2026-07-18T22:01:49.057+0545] {processor.py:830} INFO - Processing file /home/snigdh/repos/bigData/spark_demo_env/lib/python3.12/site-packages/airflow/example_dags/example_setup_teardown_taskflow.py for tasks to queue
[2026-07-18T22:01:49.058+0545] {logging_mixin.py:188} INFO - [2026-07-18T22:01:49.058+0545] {dagbag.py:545} INFO - Filling up the DagBag from /home/snigdh/repos/bigData/spark_demo_env/lib/python3.12/site-packages/airflow/example_dags/example_setup_teardown_taskflow.py
[2026-07-18T22:01:49.068+0545] {processor.py:840} INFO - DAG(s) 'example_setup_teardown_taskflow' retrieved from /home/snigdh/repos/bigData/spark_demo_env/lib/python3.12/site-packages/airflow/example_dags/example_setup_teardown_taskflow.py
[2026-07-18T22:01:49.089+0545] {logging_mixin.py:188} INFO - [2026-07-18T22:01:49.089+0545] {dag.py:3089} INFO - Sync 1 DAGs
[2026-07-18T22:01:49.109+0545] {logging_mixin.py:188} INFO - [2026-07-18T22:01:49.108+0545] {dag.py:3947} INFO - Setting next_dagrun for example_setup_teardown_taskflow to 2026-07-17 00:00:00+00:00, run_after=2026-07-18 00:00:00+00:00
[2026-07-18T22:01:49.137+0545] {processor.py:183} INFO - Processing /home/snigdh/repos/bigData/spark_demo_env/lib/python3.12/site-packages/airflow/example_dags/example_setup_teardown_taskflow.py took 0.091 seconds
[2026-07-18T22:02:33.627+0545] {processor.py:161} INFO - Started process (PID=281013) to work on /home/snigdh/repos/bigData/spark_demo_env/lib/python3.12/site-packages/airflow/example_dags/example_setup_teardown_taskflow.py
[2026-07-18T22:02:33.631+0545] {processor.py:830} INFO - Processing file /home/snigdh/repos/bigData/spark_demo_env/lib/python3.12/site-packages/airflow/example_dags/example_setup_teardown_taskflow.py for tasks to queue
[2026-07-18T22:02:33.632+0545] {logging_mixin.py:188} INFO - [2026-07-18T22:02:33.631+0545] {dagbag.py:545} INFO - Filling up the DagBag from /home/snigdh/repos/bigData/spark_demo_env/lib/python3.12/site-packages/airflow/example_dags/example_setup_teardown_taskflow.py
[2026-07-18T22:02:33.643+0545] {processor.py:840} INFO - DAG(s) 'example_setup_teardown_taskflow' retrieved from /home/snigdh/repos/bigData/spark_demo_env/lib/python3.12/site-packages/airflow/example_dags/example_setup_teardown_taskflow.py
[2026-07-18T22:02:33.670+0545] {logging_mixin.py:188} INFO - [2026-07-18T22:02:33.669+0545] {dag.py:3089} INFO - Sync 1 DAGs
[2026-07-18T22:02:33.691+0545] {logging_mixin.py:188} INFO - [2026-07-18T22:02:33.691+0545] {dag.py:3947} INFO - Setting next_dagrun for example_setup_teardown_taskflow to 2026-07-17 00:00:00+00:00, run_after=2026-07-18 00:00:00+00:00
[2026-07-18T22:02:33.719+0545] {processor.py:183} INFO - Processing /home/snigdh/repos/bigData/spark_demo_env/lib/python3.12/site-packages/airflow/example_dags/example_setup_teardown_taskflow.py took 0.100 seconds
