[2026-07-18T21:38:27.451+0545] {processor.py:161} INFO - Started process (PID=262444) to work on /home/snigdh/repos/bigData/spark_demo_env/lib/python3.12/site-packages/airflow/example_dags/example_params_trigger_ui.py
[2026-07-18T21:38:27.452+0545] {processor.py:830} INFO - Processing file /home/snigdh/repos/bigData/spark_demo_env/lib/python3.12/site-packages/airflow/example_dags/example_params_trigger_ui.py for tasks to queue
[2026-07-18T21:38:27.454+0545] {logging_mixin.py:188} INFO - [2026-07-18T21:38:27.453+0545] {dagbag.py:545} INFO - Filling up the DagBag from /home/snigdh/repos/bigData/spark_demo_env/lib/python3.12/site-packages/airflow/example_dags/example_params_trigger_ui.py
[2026-07-18T21:38:27.466+0545] {processor.py:840} INFO - DAG(s) 'example_params_trigger_ui' retrieved from /home/snigdh/repos/bigData/spark_demo_env/lib/python3.12/site-packages/airflow/example_dags/example_params_trigger_ui.py
[2026-07-18T21:38:27.594+0545] {logging_mixin.py:188} INFO - [2026-07-18T21:38:27.593+0545] {override.py:1858} INFO - Created Permission View: can delete on DAG:example_params_trigger_ui
[2026-07-18T21:38:27.610+0545] {logging_mixin.py:188} INFO - [2026-07-18T21:38:27.609+0545] {override.py:1858} INFO - Created Permission View: can read on DAG:example_params_trigger_ui
[2026-07-18T21:38:27.620+0545] {logging_mixin.py:188} INFO - [2026-07-18T21:38:27.619+0545] {override.py:1858} INFO - Created Permission View: can edit on DAG:example_params_trigger_ui
[2026-07-18T21:38:27.620+0545] {logging_mixin.py:188} INFO - [2026-07-18T21:38:27.620+0545] {dag.py:3089} INFO - Sync 1 DAGs
[2026-07-18T21:38:27.632+0545] {logging_mixin.py:188} INFO - [2026-07-18T21:38:27.632+0545] {dag.py:3111} INFO - Creating ORM DAG for example_params_trigger_ui
[2026-07-18T21:38:27.633+0545] {logging_mixin.py:188} INFO - [2026-07-18T21:38:27.633+0545] {dag.py:3947} INFO - Setting next_dagrun for example_params_trigger_ui to None, run_after=None
[2026-07-18T21:38:27.653+0545] {processor.py:183} INFO - Processing /home/snigdh/repos/bigData/spark_demo_env/lib/python3.12/site-packages/airflow/example_dags/example_params_trigger_ui.py took 0.210 seconds
[2026-07-18T21:39:27.171+0545] {processor.py:161} INFO - Started process (PID=262759) to work on /home/snigdh/repos/bigData/spark_demo_env/lib/python3.12/site-packages/airflow/example_dags/example_params_trigger_ui.py
[2026-07-18T21:39:27.175+0545] {processor.py:830} INFO - Processing file /home/snigdh/repos/bigData/spark_demo_env/lib/python3.12/site-packages/airflow/example_dags/example_params_trigger_ui.py for tasks to queue
[2026-07-18T21:39:27.178+0545] {logging_mixin.py:188} INFO - [2026-07-18T21:39:27.177+0545] {dagbag.py:545} INFO - Filling up the DagBag from /home/snigdh/repos/bigData/spark_demo_env/lib/python3.12/site-packages/airflow/example_dags/example_params_trigger_ui.py
[2026-07-18T21:39:27.194+0545] {processor.py:840} INFO - DAG(s) 'example_params_trigger_ui' retrieved from /home/snigdh/repos/bigData/spark_demo_env/lib/python3.12/site-packages/airflow/example_dags/example_params_trigger_ui.py
[2026-07-18T21:39:27.241+0545] {logging_mixin.py:188} INFO - [2026-07-18T21:39:27.241+0545] {dag.py:3089} INFO - Sync 1 DAGs
[2026-07-18T21:39:27.256+0545] {logging_mixin.py:188} INFO - [2026-07-18T21:39:27.255+0545] {dag.py:3947} INFO - Setting next_dagrun for example_params_trigger_ui to None, run_after=None
[2026-07-18T21:39:27.282+0545] {processor.py:183} INFO - Processing /home/snigdh/repos/bigData/spark_demo_env/lib/python3.12/site-packages/airflow/example_dags/example_params_trigger_ui.py took 0.120 seconds
[2026-07-18T21:40:20.975+0545] {processor.py:161} INFO - Started process (PID=263049) to work on /home/snigdh/repos/bigData/spark_demo_env/lib/python3.12/site-packages/airflow/example_dags/example_params_trigger_ui.py
[2026-07-18T21:40:20.980+0545] {processor.py:830} INFO - Processing file /home/snigdh/repos/bigData/spark_demo_env/lib/python3.12/site-packages/airflow/example_dags/example_params_trigger_ui.py for tasks to queue
[2026-07-18T21:40:20.982+0545] {logging_mixin.py:188} INFO - [2026-07-18T21:40:20.981+0545] {dagbag.py:545} INFO - Filling up the DagBag from /home/snigdh/repos/bigData/spark_demo_env/lib/python3.12/site-packages/airflow/example_dags/example_params_trigger_ui.py
[2026-07-18T21:40:20.994+0545] {processor.py:840} INFO - DAG(s) 'example_params_trigger_ui' retrieved from /home/snigdh/repos/bigData/spark_demo_env/lib/python3.12/site-packages/airflow/example_dags/example_params_trigger_ui.py
[2026-07-18T21:40:21.006+0545] {logging_mixin.py:188} INFO - [2026-07-18T21:40:21.006+0545] {dag.py:3089} INFO - Sync 1 DAGs
[2026-07-18T21:40:21.020+0545] {logging_mixin.py:188} INFO - [2026-07-18T21:40:21.020+0545] {dag.py:3947} INFO - Setting next_dagrun for example_params_trigger_ui to None, run_after=None
[2026-07-18T21:40:21.043+0545] {processor.py:183} INFO - Processing /home/snigdh/repos/bigData/spark_demo_env/lib/python3.12/site-packages/airflow/example_dags/example_params_trigger_ui.py took 0.079 seconds
[2026-07-18T21:46:40.276+0545] {processor.py:161} INFO - Started process (PID=269884) to work on /home/snigdh/repos/bigData/spark_demo_env/lib/python3.12/site-packages/airflow/example_dags/example_params_trigger_ui.py
[2026-07-18T21:46:40.280+0545] {processor.py:830} INFO - Processing file /home/snigdh/repos/bigData/spark_demo_env/lib/python3.12/site-packages/airflow/example_dags/example_params_trigger_ui.py for tasks to queue
[2026-07-18T21:46:40.281+0545] {logging_mixin.py:188} INFO - [2026-07-18T21:46:40.281+0545] {dagbag.py:545} INFO - Filling up the DagBag from /home/snigdh/repos/bigData/spark_demo_env/lib/python3.12/site-packages/airflow/example_dags/example_params_trigger_ui.py
[2026-07-18T21:46:40.294+0545] {processor.py:840} INFO - DAG(s) 'example_params_trigger_ui' retrieved from /home/snigdh/repos/bigData/spark_demo_env/lib/python3.12/site-packages/airflow/example_dags/example_params_trigger_ui.py
[2026-07-18T21:46:40.423+0545] {logging_mixin.py:188} INFO - [2026-07-18T21:46:40.423+0545] {dag.py:3089} INFO - Sync 1 DAGs
[2026-07-18T21:46:40.432+0545] {logging_mixin.py:188} INFO - [2026-07-18T21:46:40.432+0545] {dag.py:3947} INFO - Setting next_dagrun for example_params_trigger_ui to None, run_after=None
[2026-07-18T21:46:40.459+0545] {processor.py:183} INFO - Processing /home/snigdh/repos/bigData/spark_demo_env/lib/python3.12/site-packages/airflow/example_dags/example_params_trigger_ui.py took 0.191 seconds
[2026-07-18T21:47:41.798+0545] {processor.py:161} INFO - Started process (PID=270557) to work on /home/snigdh/repos/bigData/spark_demo_env/lib/python3.12/site-packages/airflow/example_dags/example_params_trigger_ui.py
[2026-07-18T21:47:41.802+0545] {processor.py:830} INFO - Processing file /home/snigdh/repos/bigData/spark_demo_env/lib/python3.12/site-packages/airflow/example_dags/example_params_trigger_ui.py for tasks to queue
[2026-07-18T21:47:41.803+0545] {logging_mixin.py:188} INFO - [2026-07-18T21:47:41.802+0545] {dagbag.py:545} INFO - Filling up the DagBag from /home/snigdh/repos/bigData/spark_demo_env/lib/python3.12/site-packages/airflow/example_dags/example_params_trigger_ui.py
[2026-07-18T21:47:41.813+0545] {processor.py:840} INFO - DAG(s) 'example_params_trigger_ui' retrieved from /home/snigdh/repos/bigData/spark_demo_env/lib/python3.12/site-packages/airflow/example_dags/example_params_trigger_ui.py
[2026-07-18T21:47:41.855+0545] {logging_mixin.py:188} INFO - [2026-07-18T21:47:41.854+0545] {dag.py:3089} INFO - Sync 1 DAGs
[2026-07-18T21:47:41.865+0545] {logging_mixin.py:188} INFO - [2026-07-18T21:47:41.864+0545] {dag.py:3947} INFO - Setting next_dagrun for example_params_trigger_ui to None, run_after=None
[2026-07-18T21:47:41.887+0545] {processor.py:183} INFO - Processing /home/snigdh/repos/bigData/spark_demo_env/lib/python3.12/site-packages/airflow/example_dags/example_params_trigger_ui.py took 0.096 seconds
[2026-07-18T21:48:30.660+0545] {processor.py:161} INFO - Started process (PID=271514) to work on /home/snigdh/repos/bigData/spark_demo_env/lib/python3.12/site-packages/airflow/example_dags/example_params_trigger_ui.py
[2026-07-18T21:48:30.664+0545] {processor.py:830} INFO - Processing file /home/snigdh/repos/bigData/spark_demo_env/lib/python3.12/site-packages/airflow/example_dags/example_params_trigger_ui.py for tasks to queue
[2026-07-18T21:48:30.665+0545] {logging_mixin.py:188} INFO - [2026-07-18T21:48:30.665+0545] {dagbag.py:545} INFO - Filling up the DagBag from /home/snigdh/repos/bigData/spark_demo_env/lib/python3.12/site-packages/airflow/example_dags/example_params_trigger_ui.py
[2026-07-18T21:48:30.678+0545] {processor.py:840} INFO - DAG(s) 'example_params_trigger_ui' retrieved from /home/snigdh/repos/bigData/spark_demo_env/lib/python3.12/site-packages/airflow/example_dags/example_params_trigger_ui.py
[2026-07-18T21:48:30.716+0545] {logging_mixin.py:188} INFO - [2026-07-18T21:48:30.716+0545] {dag.py:3089} INFO - Sync 1 DAGs
[2026-07-18T21:48:30.728+0545] {logging_mixin.py:188} INFO - [2026-07-18T21:48:30.728+0545] {dag.py:3947} INFO - Setting next_dagrun for example_params_trigger_ui to None, run_after=None
[2026-07-18T21:48:30.755+0545] {processor.py:183} INFO - Processing /home/snigdh/repos/bigData/spark_demo_env/lib/python3.12/site-packages/airflow/example_dags/example_params_trigger_ui.py took 0.102 seconds
[2026-07-18T21:49:27.838+0545] {processor.py:161} INFO - Started process (PID=272075) to work on /home/snigdh/repos/bigData/spark_demo_env/lib/python3.12/site-packages/airflow/example_dags/example_params_trigger_ui.py
[2026-07-18T21:49:27.842+0545] {processor.py:830} INFO - Processing file /home/snigdh/repos/bigData/spark_demo_env/lib/python3.12/site-packages/airflow/example_dags/example_params_trigger_ui.py for tasks to queue
[2026-07-18T21:49:27.842+0545] {logging_mixin.py:188} INFO - [2026-07-18T21:49:27.842+0545] {dagbag.py:545} INFO - Filling up the DagBag from /home/snigdh/repos/bigData/spark_demo_env/lib/python3.12/site-packages/airflow/example_dags/example_params_trigger_ui.py
[2026-07-18T21:49:27.850+0545] {processor.py:840} INFO - DAG(s) 'example_params_trigger_ui' retrieved from /home/snigdh/repos/bigData/spark_demo_env/lib/python3.12/site-packages/airflow/example_dags/example_params_trigger_ui.py
[2026-07-18T21:49:27.985+0545] {logging_mixin.py:188} INFO - [2026-07-18T21:49:27.985+0545] {dag.py:3089} INFO - Sync 1 DAGs
[2026-07-18T21:49:27.993+0545] {logging_mixin.py:188} INFO - [2026-07-18T21:49:27.993+0545] {dag.py:3947} INFO - Setting next_dagrun for example_params_trigger_ui to None, run_after=None
[2026-07-18T21:49:28.015+0545] {processor.py:183} INFO - Processing /home/snigdh/repos/bigData/spark_demo_env/lib/python3.12/site-packages/airflow/example_dags/example_params_trigger_ui.py took 0.182 seconds
[2026-07-18T21:50:19.042+0545] {processor.py:161} INFO - Started process (PID=272714) to work on /home/snigdh/repos/bigData/spark_demo_env/lib/python3.12/site-packages/airflow/example_dags/example_params_trigger_ui.py
[2026-07-18T21:50:19.046+0545] {processor.py:830} INFO - Processing file /home/snigdh/repos/bigData/spark_demo_env/lib/python3.12/site-packages/airflow/example_dags/example_params_trigger_ui.py for tasks to queue
[2026-07-18T21:50:19.047+0545] {logging_mixin.py:188} INFO - [2026-07-18T21:50:19.046+0545] {dagbag.py:545} INFO - Filling up the DagBag from /home/snigdh/repos/bigData/spark_demo_env/lib/python3.12/site-packages/airflow/example_dags/example_params_trigger_ui.py
[2026-07-18T21:50:19.057+0545] {processor.py:840} INFO - DAG(s) 'example_params_trigger_ui' retrieved from /home/snigdh/repos/bigData/spark_demo_env/lib/python3.12/site-packages/airflow/example_dags/example_params_trigger_ui.py
[2026-07-18T21:50:19.094+0545] {logging_mixin.py:188} INFO - [2026-07-18T21:50:19.093+0545] {dag.py:3089} INFO - Sync 1 DAGs
[2026-07-18T21:50:19.106+0545] {logging_mixin.py:188} INFO - [2026-07-18T21:50:19.106+0545] {dag.py:3947} INFO - Setting next_dagrun for example_params_trigger_ui to None, run_after=None
[2026-07-18T21:50:19.133+0545] {processor.py:183} INFO - Processing /home/snigdh/repos/bigData/spark_demo_env/lib/python3.12/site-packages/airflow/example_dags/example_params_trigger_ui.py took 0.098 seconds
[2026-07-18T21:51:03.764+0545] {processor.py:161} INFO - Started process (PID=273367) to work on /home/snigdh/repos/bigData/spark_demo_env/lib/python3.12/site-packages/airflow/example_dags/example_params_trigger_ui.py
[2026-07-18T21:51:03.767+0545] {processor.py:830} INFO - Processing file /home/snigdh/repos/bigData/spark_demo_env/lib/python3.12/site-packages/airflow/example_dags/example_params_trigger_ui.py for tasks to queue
[2026-07-18T21:51:03.768+0545] {logging_mixin.py:188} INFO - [2026-07-18T21:51:03.768+0545] {dagbag.py:545} INFO - Filling up the DagBag from /home/snigdh/repos/bigData/spark_demo_env/lib/python3.12/site-packages/airflow/example_dags/example_params_trigger_ui.py
[2026-07-18T21:51:03.778+0545] {processor.py:840} INFO - DAG(s) 'example_params_trigger_ui' retrieved from /home/snigdh/repos/bigData/spark_demo_env/lib/python3.12/site-packages/airflow/example_dags/example_params_trigger_ui.py
[2026-07-18T21:51:03.820+0545] {logging_mixin.py:188} INFO - [2026-07-18T21:51:03.820+0545] {dag.py:3089} INFO - Sync 1 DAGs
[2026-07-18T21:51:03.831+0545] {logging_mixin.py:188} INFO - [2026-07-18T21:51:03.831+0545] {dag.py:3947} INFO - Setting next_dagrun for example_params_trigger_ui to None, run_after=None
[2026-07-18T21:51:03.855+0545] {processor.py:183} INFO - Processing /home/snigdh/repos/bigData/spark_demo_env/lib/python3.12/site-packages/airflow/example_dags/example_params_trigger_ui.py took 0.098 seconds
[2026-07-18T21:51:49.736+0545] {processor.py:161} INFO - Started process (PID=273965) to work on /home/snigdh/repos/bigData/spark_demo_env/lib/python3.12/site-packages/airflow/example_dags/example_params_trigger_ui.py
[2026-07-18T21:51:49.740+0545] {processor.py:830} INFO - Processing file /home/snigdh/repos/bigData/spark_demo_env/lib/python3.12/site-packages/airflow/example_dags/example_params_trigger_ui.py for tasks to queue
[2026-07-18T21:51:49.741+0545] {logging_mixin.py:188} INFO - [2026-07-18T21:51:49.741+0545] {dagbag.py:545} INFO - Filling up the DagBag from /home/snigdh/repos/bigData/spark_demo_env/lib/python3.12/site-packages/airflow/example_dags/example_params_trigger_ui.py
[2026-07-18T21:51:49.754+0545] {processor.py:840} INFO - DAG(s) 'example_params_trigger_ui' retrieved from /home/snigdh/repos/bigData/spark_demo_env/lib/python3.12/site-packages/airflow/example_dags/example_params_trigger_ui.py
[2026-07-18T21:51:49.793+0545] {logging_mixin.py:188} INFO - [2026-07-18T21:51:49.793+0545] {dag.py:3089} INFO - Sync 1 DAGs
[2026-07-18T21:51:49.803+0545] {logging_mixin.py:188} INFO - [2026-07-18T21:51:49.803+0545] {dag.py:3947} INFO - Setting next_dagrun for example_params_trigger_ui to None, run_after=None
[2026-07-18T21:51:49.826+0545] {processor.py:183} INFO - Processing /home/snigdh/repos/bigData/spark_demo_env/lib/python3.12/site-packages/airflow/example_dags/example_params_trigger_ui.py took 0.099 seconds
[2026-07-18T21:52:36.547+0545] {processor.py:161} INFO - Started process (PID=274577) to work on /home/snigdh/repos/bigData/spark_demo_env/lib/python3.12/site-packages/airflow/example_dags/example_params_trigger_ui.py
[2026-07-18T21:52:36.551+0545] {processor.py:830} INFO - Processing file /home/snigdh/repos/bigData/spark_demo_env/lib/python3.12/site-packages/airflow/example_dags/example_params_trigger_ui.py for tasks to queue
[2026-07-18T21:52:36.553+0545] {logging_mixin.py:188} INFO - [2026-07-18T21:52:36.552+0545] {dagbag.py:545} INFO - Filling up the DagBag from /home/snigdh/repos/bigData/spark_demo_env/lib/python3.12/site-packages/airflow/example_dags/example_params_trigger_ui.py
[2026-07-18T21:52:36.568+0545] {processor.py:840} INFO - DAG(s) 'example_params_trigger_ui' retrieved from /home/snigdh/repos/bigData/spark_demo_env/lib/python3.12/site-packages/airflow/example_dags/example_params_trigger_ui.py
[2026-07-18T21:52:36.608+0545] {logging_mixin.py:188} INFO - [2026-07-18T21:52:36.608+0545] {dag.py:3089} INFO - Sync 1 DAGs
[2026-07-18T21:52:36.620+0545] {logging_mixin.py:188} INFO - [2026-07-18T21:52:36.620+0545] {dag.py:3947} INFO - Setting next_dagrun for example_params_trigger_ui to None, run_after=None
[2026-07-18T21:52:36.647+0545] {processor.py:183} INFO - Processing /home/snigdh/repos/bigData/spark_demo_env/lib/python3.12/site-packages/airflow/example_dags/example_params_trigger_ui.py took 0.109 seconds
[2026-07-18T21:53:21.463+0545] {processor.py:161} INFO - Started process (PID=275151) to work on /home/snigdh/repos/bigData/spark_demo_env/lib/python3.12/site-packages/airflow/example_dags/example_params_trigger_ui.py
[2026-07-18T21:53:21.464+0545] {processor.py:830} INFO - Processing file /home/snigdh/repos/bigData/spark_demo_env/lib/python3.12/site-packages/airflow/example_dags/example_params_trigger_ui.py for tasks to queue
[2026-07-18T21:53:21.465+0545] {logging_mixin.py:188} INFO - [2026-07-18T21:53:21.465+0545] {dagbag.py:545} INFO - Filling up the DagBag from /home/snigdh/repos/bigData/spark_demo_env/lib/python3.12/site-packages/airflow/example_dags/example_params_trigger_ui.py
[2026-07-18T21:53:21.474+0545] {processor.py:840} INFO - DAG(s) 'example_params_trigger_ui' retrieved from /home/snigdh/repos/bigData/spark_demo_env/lib/python3.12/site-packages/airflow/example_dags/example_params_trigger_ui.py
[2026-07-18T21:53:21.518+0545] {logging_mixin.py:188} INFO - [2026-07-18T21:53:21.518+0545] {dag.py:3089} INFO - Sync 1 DAGs
[2026-07-18T21:53:21.529+0545] {logging_mixin.py:188} INFO - [2026-07-18T21:53:21.529+0545] {dag.py:3947} INFO - Setting next_dagrun for example_params_trigger_ui to None, run_after=None
[2026-07-18T21:53:21.552+0545] {processor.py:183} INFO - Processing /home/snigdh/repos/bigData/spark_demo_env/lib/python3.12/site-packages/airflow/example_dags/example_params_trigger_ui.py took 0.095 seconds
[2026-07-18T21:54:12.010+0545] {processor.py:161} INFO - Started process (PID=276057) to work on /home/snigdh/repos/bigData/spark_demo_env/lib/python3.12/site-packages/airflow/example_dags/example_params_trigger_ui.py
[2026-07-18T21:54:12.014+0545] {processor.py:830} INFO - Processing file /home/snigdh/repos/bigData/spark_demo_env/lib/python3.12/site-packages/airflow/example_dags/example_params_trigger_ui.py for tasks to queue
[2026-07-18T21:54:12.015+0545] {logging_mixin.py:188} INFO - [2026-07-18T21:54:12.015+0545] {dagbag.py:545} INFO - Filling up the DagBag from /home/snigdh/repos/bigData/spark_demo_env/lib/python3.12/site-packages/airflow/example_dags/example_params_trigger_ui.py
[2026-07-18T21:54:12.029+0545] {processor.py:840} INFO - DAG(s) 'example_params_trigger_ui' retrieved from /home/snigdh/repos/bigData/spark_demo_env/lib/python3.12/site-packages/airflow/example_dags/example_params_trigger_ui.py
[2026-07-18T21:54:12.074+0545] {logging_mixin.py:188} INFO - [2026-07-18T21:54:12.074+0545] {dag.py:3089} INFO - Sync 1 DAGs
[2026-07-18T21:54:12.087+0545] {logging_mixin.py:188} INFO - [2026-07-18T21:54:12.086+0545] {dag.py:3947} INFO - Setting next_dagrun for example_params_trigger_ui to None, run_after=None
[2026-07-18T21:54:12.112+0545] {processor.py:183} INFO - Processing /home/snigdh/repos/bigData/spark_demo_env/lib/python3.12/site-packages/airflow/example_dags/example_params_trigger_ui.py took 0.111 seconds
[2026-07-18T21:54:59.307+0545] {processor.py:161} INFO - Started process (PID=276653) to work on /home/snigdh/repos/bigData/spark_demo_env/lib/python3.12/site-packages/airflow/example_dags/example_params_trigger_ui.py
[2026-07-18T21:54:59.309+0545] {processor.py:830} INFO - Processing file /home/snigdh/repos/bigData/spark_demo_env/lib/python3.12/site-packages/airflow/example_dags/example_params_trigger_ui.py for tasks to queue
[2026-07-18T21:54:59.310+0545] {logging_mixin.py:188} INFO - [2026-07-18T21:54:59.309+0545] {dagbag.py:545} INFO - Filling up the DagBag from /home/snigdh/repos/bigData/spark_demo_env/lib/python3.12/site-packages/airflow/example_dags/example_params_trigger_ui.py
[2026-07-18T21:54:59.325+0545] {processor.py:840} INFO - DAG(s) 'example_params_trigger_ui' retrieved from /home/snigdh/repos/bigData/spark_demo_env/lib/python3.12/site-packages/airflow/example_dags/example_params_trigger_ui.py
[2026-07-18T21:54:59.371+0545] {logging_mixin.py:188} INFO - [2026-07-18T21:54:59.371+0545] {dag.py:3089} INFO - Sync 1 DAGs
[2026-07-18T21:54:59.382+0545] {logging_mixin.py:188} INFO - [2026-07-18T21:54:59.382+0545] {dag.py:3947} INFO - Setting next_dagrun for example_params_trigger_ui to None, run_after=None
[2026-07-18T21:54:59.408+0545] {processor.py:183} INFO - Processing /home/snigdh/repos/bigData/spark_demo_env/lib/python3.12/site-packages/airflow/example_dags/example_params_trigger_ui.py took 0.111 seconds
[2026-07-18T21:55:43.640+0545] {processor.py:161} INFO - Started process (PID=277095) to work on /home/snigdh/repos/bigData/spark_demo_env/lib/python3.12/site-packages/airflow/example_dags/example_params_trigger_ui.py
[2026-07-18T21:55:43.644+0545] {processor.py:830} INFO - Processing file /home/snigdh/repos/bigData/spark_demo_env/lib/python3.12/site-packages/airflow/example_dags/example_params_trigger_ui.py for tasks to queue
[2026-07-18T21:55:43.645+0545] {logging_mixin.py:188} INFO - [2026-07-18T21:55:43.644+0545] {dagbag.py:545} INFO - Filling up the DagBag from /home/snigdh/repos/bigData/spark_demo_env/lib/python3.12/site-packages/airflow/example_dags/example_params_trigger_ui.py
[2026-07-18T21:55:43.658+0545] {processor.py:840} INFO - DAG(s) 'example_params_trigger_ui' retrieved from /home/snigdh/repos/bigData/spark_demo_env/lib/python3.12/site-packages/airflow/example_dags/example_params_trigger_ui.py
[2026-07-18T21:55:43.702+0545] {logging_mixin.py:188} INFO - [2026-07-18T21:55:43.702+0545] {dag.py:3089} INFO - Sync 1 DAGs
[2026-07-18T21:55:43.715+0545] {logging_mixin.py:188} INFO - [2026-07-18T21:55:43.714+0545] {dag.py:3947} INFO - Setting next_dagrun for example_params_trigger_ui to None, run_after=None
[2026-07-18T21:55:43.738+0545] {processor.py:183} INFO - Processing /home/snigdh/repos/bigData/spark_demo_env/lib/python3.12/site-packages/airflow/example_dags/example_params_trigger_ui.py took 0.106 seconds
[2026-07-18T21:56:29.113+0545] {processor.py:161} INFO - Started process (PID=277514) to work on /home/snigdh/repos/bigData/spark_demo_env/lib/python3.12/site-packages/airflow/example_dags/example_params_trigger_ui.py
[2026-07-18T21:56:29.117+0545] {processor.py:830} INFO - Processing file /home/snigdh/repos/bigData/spark_demo_env/lib/python3.12/site-packages/airflow/example_dags/example_params_trigger_ui.py for tasks to queue
[2026-07-18T21:56:29.119+0545] {logging_mixin.py:188} INFO - [2026-07-18T21:56:29.118+0545] {dagbag.py:545} INFO - Filling up the DagBag from /home/snigdh/repos/bigData/spark_demo_env/lib/python3.12/site-packages/airflow/example_dags/example_params_trigger_ui.py
[2026-07-18T21:56:29.134+0545] {processor.py:840} INFO - DAG(s) 'example_params_trigger_ui' retrieved from /home/snigdh/repos/bigData/spark_demo_env/lib/python3.12/site-packages/airflow/example_dags/example_params_trigger_ui.py
[2026-07-18T21:56:29.176+0545] {logging_mixin.py:188} INFO - [2026-07-18T21:56:29.176+0545] {dag.py:3089} INFO - Sync 1 DAGs
[2026-07-18T21:56:29.186+0545] {logging_mixin.py:188} INFO - [2026-07-18T21:56:29.186+0545] {dag.py:3947} INFO - Setting next_dagrun for example_params_trigger_ui to None, run_after=None
[2026-07-18T21:56:29.210+0545] {processor.py:183} INFO - Processing /home/snigdh/repos/bigData/spark_demo_env/lib/python3.12/site-packages/airflow/example_dags/example_params_trigger_ui.py took 0.106 seconds
[2026-07-18T21:57:12.084+0545] {processor.py:161} INFO - Started process (PID=277945) to work on /home/snigdh/repos/bigData/spark_demo_env/lib/python3.12/site-packages/airflow/example_dags/example_params_trigger_ui.py
[2026-07-18T21:57:12.088+0545] {processor.py:830} INFO - Processing file /home/snigdh/repos/bigData/spark_demo_env/lib/python3.12/site-packages/airflow/example_dags/example_params_trigger_ui.py for tasks to queue
[2026-07-18T21:57:12.089+0545] {logging_mixin.py:188} INFO - [2026-07-18T21:57:12.089+0545] {dagbag.py:545} INFO - Filling up the DagBag from /home/snigdh/repos/bigData/spark_demo_env/lib/python3.12/site-packages/airflow/example_dags/example_params_trigger_ui.py
[2026-07-18T21:57:12.105+0545] {processor.py:840} INFO - DAG(s) 'example_params_trigger_ui' retrieved from /home/snigdh/repos/bigData/spark_demo_env/lib/python3.12/site-packages/airflow/example_dags/example_params_trigger_ui.py
[2026-07-18T21:57:12.163+0545] {logging_mixin.py:188} INFO - [2026-07-18T21:57:12.162+0545] {dag.py:3089} INFO - Sync 1 DAGs
[2026-07-18T21:57:12.177+0545] {logging_mixin.py:188} INFO - [2026-07-18T21:57:12.177+0545] {dag.py:3947} INFO - Setting next_dagrun for example_params_trigger_ui to None, run_after=None
[2026-07-18T21:57:12.207+0545] {processor.py:183} INFO - Processing /home/snigdh/repos/bigData/spark_demo_env/lib/python3.12/site-packages/airflow/example_dags/example_params_trigger_ui.py took 0.131 seconds
[2026-07-18T21:57:58.000+0545] {processor.py:161} INFO - Started process (PID=278353) to work on /home/snigdh/repos/bigData/spark_demo_env/lib/python3.12/site-packages/airflow/example_dags/example_params_trigger_ui.py
[2026-07-18T21:57:58.002+0545] {processor.py:830} INFO - Processing file /home/snigdh/repos/bigData/spark_demo_env/lib/python3.12/site-packages/airflow/example_dags/example_params_trigger_ui.py for tasks to queue
[2026-07-18T21:57:58.004+0545] {logging_mixin.py:188} INFO - [2026-07-18T21:57:58.003+0545] {dagbag.py:545} INFO - Filling up the DagBag from /home/snigdh/repos/bigData/spark_demo_env/lib/python3.12/site-packages/airflow/example_dags/example_params_trigger_ui.py
[2026-07-18T21:57:58.017+0545] {processor.py:840} INFO - DAG(s) 'example_params_trigger_ui' retrieved from /home/snigdh/repos/bigData/spark_demo_env/lib/python3.12/site-packages/airflow/example_dags/example_params_trigger_ui.py
[2026-07-18T21:57:58.061+0545] {logging_mixin.py:188} INFO - [2026-07-18T21:57:58.061+0545] {dag.py:3089} INFO - Sync 1 DAGs
[2026-07-18T21:57:58.071+0545] {logging_mixin.py:188} INFO - [2026-07-18T21:57:58.071+0545] {dag.py:3947} INFO - Setting next_dagrun for example_params_trigger_ui to None, run_after=None
[2026-07-18T21:57:58.094+0545] {processor.py:183} INFO - Processing /home/snigdh/repos/bigData/spark_demo_env/lib/python3.12/site-packages/airflow/example_dags/example_params_trigger_ui.py took 0.101 seconds
[2026-07-18T21:58:43.457+0545] {processor.py:161} INFO - Started process (PID=278817) to work on /home/snigdh/repos/bigData/spark_demo_env/lib/python3.12/site-packages/airflow/example_dags/example_params_trigger_ui.py
[2026-07-18T21:58:43.461+0545] {processor.py:830} INFO - Processing file /home/snigdh/repos/bigData/spark_demo_env/lib/python3.12/site-packages/airflow/example_dags/example_params_trigger_ui.py for tasks to queue
[2026-07-18T21:58:43.462+0545] {logging_mixin.py:188} INFO - [2026-07-18T21:58:43.462+0545] {dagbag.py:545} INFO - Filling up the DagBag from /home/snigdh/repos/bigData/spark_demo_env/lib/python3.12/site-packages/airflow/example_dags/example_params_trigger_ui.py
[2026-07-18T21:58:43.475+0545] {processor.py:840} INFO - DAG(s) 'example_params_trigger_ui' retrieved from /home/snigdh/repos/bigData/spark_demo_env/lib/python3.12/site-packages/airflow/example_dags/example_params_trigger_ui.py
[2026-07-18T21:58:43.520+0545] {logging_mixin.py:188} INFO - [2026-07-18T21:58:43.519+0545] {dag.py:3089} INFO - Sync 1 DAGs
[2026-07-18T21:58:43.530+0545] {logging_mixin.py:188} INFO - [2026-07-18T21:58:43.530+0545] {dag.py:3947} INFO - Setting next_dagrun for example_params_trigger_ui to None, run_after=None
[2026-07-18T21:58:43.552+0545] {processor.py:183} INFO - Processing /home/snigdh/repos/bigData/spark_demo_env/lib/python3.12/site-packages/airflow/example_dags/example_params_trigger_ui.py took 0.103 seconds
[2026-07-18T21:59:28.953+0545] {processor.py:161} INFO - Started process (PID=279221) to work on /home/snigdh/repos/bigData/spark_demo_env/lib/python3.12/site-packages/airflow/example_dags/example_params_trigger_ui.py
[2026-07-18T21:59:28.957+0545] {processor.py:830} INFO - Processing file /home/snigdh/repos/bigData/spark_demo_env/lib/python3.12/site-packages/airflow/example_dags/example_params_trigger_ui.py for tasks to queue
[2026-07-18T21:59:28.958+0545] {logging_mixin.py:188} INFO - [2026-07-18T21:59:28.958+0545] {dagbag.py:545} INFO - Filling up the DagBag from /home/snigdh/repos/bigData/spark_demo_env/lib/python3.12/site-packages/airflow/example_dags/example_params_trigger_ui.py
[2026-07-18T21:59:28.974+0545] {processor.py:840} INFO - DAG(s) 'example_params_trigger_ui' retrieved from /home/snigdh/repos/bigData/spark_demo_env/lib/python3.12/site-packages/airflow/example_dags/example_params_trigger_ui.py
[2026-07-18T21:59:29.022+0545] {logging_mixin.py:188} INFO - [2026-07-18T21:59:29.022+0545] {dag.py:3089} INFO - Sync 1 DAGs
[2026-07-18T21:59:29.033+0545] {logging_mixin.py:188} INFO - [2026-07-18T21:59:29.033+0545] {dag.py:3947} INFO - Setting next_dagrun for example_params_trigger_ui to None, run_after=None
[2026-07-18T21:59:29.055+0545] {processor.py:183} INFO - Processing /home/snigdh/repos/bigData/spark_demo_env/lib/python3.12/site-packages/airflow/example_dags/example_params_trigger_ui.py took 0.112 seconds
[2026-07-18T22:00:16.305+0545] {processor.py:161} INFO - Started process (PID=279687) to work on /home/snigdh/repos/bigData/spark_demo_env/lib/python3.12/site-packages/airflow/example_dags/example_params_trigger_ui.py
[2026-07-18T22:00:16.308+0545] {processor.py:830} INFO - Processing file /home/snigdh/repos/bigData/spark_demo_env/lib/python3.12/site-packages/airflow/example_dags/example_params_trigger_ui.py for tasks to queue
[2026-07-18T22:00:16.310+0545] {logging_mixin.py:188} INFO - [2026-07-18T22:00:16.309+0545] {dagbag.py:545} INFO - Filling up the DagBag from /home/snigdh/repos/bigData/spark_demo_env/lib/python3.12/site-packages/airflow/example_dags/example_params_trigger_ui.py
[2026-07-18T22:00:16.323+0545] {processor.py:840} INFO - DAG(s) 'example_params_trigger_ui' retrieved from /home/snigdh/repos/bigData/spark_demo_env/lib/python3.12/site-packages/airflow/example_dags/example_params_trigger_ui.py
[2026-07-18T22:00:16.361+0545] {logging_mixin.py:188} INFO - [2026-07-18T22:00:16.361+0545] {dag.py:3089} INFO - Sync 1 DAGs
[2026-07-18T22:00:16.374+0545] {logging_mixin.py:188} INFO - [2026-07-18T22:00:16.373+0545] {dag.py:3947} INFO - Setting next_dagrun for example_params_trigger_ui to None, run_after=None
[2026-07-18T22:00:16.404+0545] {processor.py:183} INFO - Processing /home/snigdh/repos/bigData/spark_demo_env/lib/python3.12/site-packages/airflow/example_dags/example_params_trigger_ui.py took 0.108 seconds
[2026-07-18T22:01:03.289+0545] {processor.py:161} INFO - Started process (PID=280137) to work on /home/snigdh/repos/bigData/spark_demo_env/lib/python3.12/site-packages/airflow/example_dags/example_params_trigger_ui.py
[2026-07-18T22:01:03.291+0545] {processor.py:830} INFO - Processing file /home/snigdh/repos/bigData/spark_demo_env/lib/python3.12/site-packages/airflow/example_dags/example_params_trigger_ui.py for tasks to queue
[2026-07-18T22:01:03.293+0545] {logging_mixin.py:188} INFO - [2026-07-18T22:01:03.292+0545] {dagbag.py:545} INFO - Filling up the DagBag from /home/snigdh/repos/bigData/spark_demo_env/lib/python3.12/site-packages/airflow/example_dags/example_params_trigger_ui.py
[2026-07-18T22:01:03.308+0545] {processor.py:840} INFO - DAG(s) 'example_params_trigger_ui' retrieved from /home/snigdh/repos/bigData/spark_demo_env/lib/python3.12/site-packages/airflow/example_dags/example_params_trigger_ui.py
[2026-07-18T22:01:03.367+0545] {logging_mixin.py:188} INFO - [2026-07-18T22:01:03.366+0545] {dag.py:3089} INFO - Sync 1 DAGs
[2026-07-18T22:01:03.383+0545] {logging_mixin.py:188} INFO - [2026-07-18T22:01:03.382+0545] {dag.py:3947} INFO - Setting next_dagrun for example_params_trigger_ui to None, run_after=None
[2026-07-18T22:01:03.416+0545] {processor.py:183} INFO - Processing /home/snigdh/repos/bigData/spark_demo_env/lib/python3.12/site-packages/airflow/example_dags/example_params_trigger_ui.py took 0.137 seconds
[2026-07-18T22:01:47.804+0545] {processor.py:161} INFO - Started process (PID=280525) to work on /home/snigdh/repos/bigData/spark_demo_env/lib/python3.12/site-packages/airflow/example_dags/example_params_trigger_ui.py
[2026-07-18T22:01:47.808+0545] {processor.py:830} INFO - Processing file /home/snigdh/repos/bigData/spark_demo_env/lib/python3.12/site-packages/airflow/example_dags/example_params_trigger_ui.py for tasks to queue
[2026-07-18T22:01:47.811+0545] {logging_mixin.py:188} INFO - [2026-07-18T22:01:47.809+0545] {dagbag.py:545} INFO - Filling up the DagBag from /home/snigdh/repos/bigData/spark_demo_env/lib/python3.12/site-packages/airflow/example_dags/example_params_trigger_ui.py
[2026-07-18T22:01:47.825+0545] {processor.py:840} INFO - DAG(s) 'example_params_trigger_ui' retrieved from /home/snigdh/repos/bigData/spark_demo_env/lib/python3.12/site-packages/airflow/example_dags/example_params_trigger_ui.py
[2026-07-18T22:01:47.883+0545] {logging_mixin.py:188} INFO - [2026-07-18T22:01:47.882+0545] {dag.py:3089} INFO - Sync 1 DAGs
[2026-07-18T22:01:47.895+0545] {logging_mixin.py:188} INFO - [2026-07-18T22:01:47.895+0545] {dag.py:3947} INFO - Setting next_dagrun for example_params_trigger_ui to None, run_after=None
[2026-07-18T22:01:47.917+0545] {processor.py:183} INFO - Processing /home/snigdh/repos/bigData/spark_demo_env/lib/python3.12/site-packages/airflow/example_dags/example_params_trigger_ui.py took 0.121 seconds
[2026-07-18T22:02:32.712+0545] {processor.py:161} INFO - Started process (PID=281005) to work on /home/snigdh/repos/bigData/spark_demo_env/lib/python3.12/site-packages/airflow/example_dags/example_params_trigger_ui.py
[2026-07-18T22:02:32.713+0545] {processor.py:830} INFO - Processing file /home/snigdh/repos/bigData/spark_demo_env/lib/python3.12/site-packages/airflow/example_dags/example_params_trigger_ui.py for tasks to queue
[2026-07-18T22:02:32.714+0545] {logging_mixin.py:188} INFO - [2026-07-18T22:02:32.713+0545] {dagbag.py:545} INFO - Filling up the DagBag from /home/snigdh/repos/bigData/spark_demo_env/lib/python3.12/site-packages/airflow/example_dags/example_params_trigger_ui.py
[2026-07-18T22:02:32.728+0545] {processor.py:840} INFO - DAG(s) 'example_params_trigger_ui' retrieved from /home/snigdh/repos/bigData/spark_demo_env/lib/python3.12/site-packages/airflow/example_dags/example_params_trigger_ui.py
[2026-07-18T22:02:32.777+0545] {logging_mixin.py:188} INFO - [2026-07-18T22:02:32.777+0545] {dag.py:3089} INFO - Sync 1 DAGs
[2026-07-18T22:02:32.788+0545] {logging_mixin.py:188} INFO - [2026-07-18T22:02:32.788+0545] {dag.py:3947} INFO - Setting next_dagrun for example_params_trigger_ui to None, run_after=None
[2026-07-18T22:02:32.814+0545] {processor.py:183} INFO - Processing /home/snigdh/repos/bigData/spark_demo_env/lib/python3.12/site-packages/airflow/example_dags/example_params_trigger_ui.py took 0.110 seconds
