[2026-07-18T21:38:52.189+0545] {processor.py:161} INFO - Started process (PID=262563) to work on /home/snigdh/repos/bigData/spark_demo_env/lib/python3.12/site-packages/airflow/example_dags/example_branch_labels.py
[2026-07-18T21:38:52.190+0545] {processor.py:830} INFO - Processing file /home/snigdh/repos/bigData/spark_demo_env/lib/python3.12/site-packages/airflow/example_dags/example_branch_labels.py for tasks to queue
[2026-07-18T21:38:52.192+0545] {logging_mixin.py:188} INFO - [2026-07-18T21:38:52.191+0545] {dagbag.py:545} INFO - Filling up the DagBag from /home/snigdh/repos/bigData/spark_demo_env/lib/python3.12/site-packages/airflow/example_dags/example_branch_labels.py
[2026-07-18T21:38:52.202+0545] {processor.py:840} INFO - DAG(s) 'example_branch_labels' retrieved from /home/snigdh/repos/bigData/spark_demo_env/lib/python3.12/site-packages/airflow/example_dags/example_branch_labels.py
[2026-07-18T21:38:52.312+0545] {logging_mixin.py:188} INFO - [2026-07-18T21:38:52.311+0545] {override.py:1858} INFO - Created Permission View: can delete on DAG:example_branch_labels
[2026-07-18T21:38:52.324+0545] {logging_mixin.py:188} INFO - [2026-07-18T21:38:52.323+0545] {override.py:1858} INFO - Created Permission View: can read on DAG:example_branch_labels
[2026-07-18T21:38:52.333+0545] {logging_mixin.py:188} INFO - [2026-07-18T21:38:52.332+0545] {override.py:1858} INFO - Created Permission View: can edit on DAG:example_branch_labels
[2026-07-18T21:38:52.333+0545] {logging_mixin.py:188} INFO - [2026-07-18T21:38:52.333+0545] {dag.py:3089} INFO - Sync 1 DAGs
[2026-07-18T21:38:52.346+0545] {logging_mixin.py:188} INFO - [2026-07-18T21:38:52.345+0545] {dag.py:3111} INFO - Creating ORM DAG for example_branch_labels
[2026-07-18T21:38:52.359+0545] {logging_mixin.py:188} INFO - [2026-07-18T21:38:52.358+0545] {dag.py:3947} INFO - Setting next_dagrun for example_branch_labels to 2026-07-17 00:00:00+00:00, run_after=2026-07-18 00:00:00+00:00
[2026-07-18T21:38:52.386+0545] {processor.py:183} INFO - Processing /home/snigdh/repos/bigData/spark_demo_env/lib/python3.12/site-packages/airflow/example_dags/example_branch_labels.py took 0.206 seconds
[2026-07-18T21:39:49.406+0545] {processor.py:161} INFO - Started process (PID=262860) to work on /home/snigdh/repos/bigData/spark_demo_env/lib/python3.12/site-packages/airflow/example_dags/example_branch_labels.py
[2026-07-18T21:39:49.410+0545] {processor.py:830} INFO - Processing file /home/snigdh/repos/bigData/spark_demo_env/lib/python3.12/site-packages/airflow/example_dags/example_branch_labels.py for tasks to queue
[2026-07-18T21:39:49.412+0545] {logging_mixin.py:188} INFO - [2026-07-18T21:39:49.412+0545] {dagbag.py:545} INFO - Filling up the DagBag from /home/snigdh/repos/bigData/spark_demo_env/lib/python3.12/site-packages/airflow/example_dags/example_branch_labels.py
[2026-07-18T21:39:49.423+0545] {processor.py:840} INFO - DAG(s) 'example_branch_labels' retrieved from /home/snigdh/repos/bigData/spark_demo_env/lib/python3.12/site-packages/airflow/example_dags/example_branch_labels.py
[2026-07-18T21:39:49.446+0545] {logging_mixin.py:188} INFO - [2026-07-18T21:39:49.446+0545] {dag.py:3089} INFO - Sync 1 DAGs
[2026-07-18T21:39:49.470+0545] {logging_mixin.py:188} INFO - [2026-07-18T21:39:49.470+0545] {dag.py:3947} INFO - Setting next_dagrun for example_branch_labels to 2026-07-17 00:00:00+00:00, run_after=2026-07-18 00:00:00+00:00
[2026-07-18T21:39:49.494+0545] {processor.py:183} INFO - Processing /home/snigdh/repos/bigData/spark_demo_env/lib/python3.12/site-packages/airflow/example_dags/example_branch_labels.py took 0.098 seconds
[2026-07-18T21:47:06.690+0545] {processor.py:161} INFO - Started process (PID=270142) to work on /home/snigdh/repos/bigData/spark_demo_env/lib/python3.12/site-packages/airflow/example_dags/example_branch_labels.py
[2026-07-18T21:47:06.693+0545] {processor.py:830} INFO - Processing file /home/snigdh/repos/bigData/spark_demo_env/lib/python3.12/site-packages/airflow/example_dags/example_branch_labels.py for tasks to queue
[2026-07-18T21:47:06.694+0545] {logging_mixin.py:188} INFO - [2026-07-18T21:47:06.693+0545] {dagbag.py:545} INFO - Filling up the DagBag from /home/snigdh/repos/bigData/spark_demo_env/lib/python3.12/site-packages/airflow/example_dags/example_branch_labels.py
[2026-07-18T21:47:06.706+0545] {processor.py:840} INFO - DAG(s) 'example_branch_labels' retrieved from /home/snigdh/repos/bigData/spark_demo_env/lib/python3.12/site-packages/airflow/example_dags/example_branch_labels.py
[2026-07-18T21:47:06.818+0545] {logging_mixin.py:188} INFO - [2026-07-18T21:47:06.818+0545] {dag.py:3089} INFO - Sync 1 DAGs
[2026-07-18T21:47:06.963+0545] {logging_mixin.py:188} INFO - [2026-07-18T21:47:06.963+0545] {dag.py:3947} INFO - Setting next_dagrun for example_branch_labels to 2026-07-17 00:00:00+00:00, run_after=2026-07-18 00:00:00+00:00
[2026-07-18T21:47:06.987+0545] {processor.py:183} INFO - Processing /home/snigdh/repos/bigData/spark_demo_env/lib/python3.12/site-packages/airflow/example_dags/example_branch_labels.py took 0.306 seconds
[2026-07-18T21:48:01.092+0545] {processor.py:161} INFO - Started process (PID=270810) to work on /home/snigdh/repos/bigData/spark_demo_env/lib/python3.12/site-packages/airflow/example_dags/example_branch_labels.py
[2026-07-18T21:48:01.094+0545] {processor.py:830} INFO - Processing file /home/snigdh/repos/bigData/spark_demo_env/lib/python3.12/site-packages/airflow/example_dags/example_branch_labels.py for tasks to queue
[2026-07-18T21:48:01.095+0545] {logging_mixin.py:188} INFO - [2026-07-18T21:48:01.094+0545] {dagbag.py:545} INFO - Filling up the DagBag from /home/snigdh/repos/bigData/spark_demo_env/lib/python3.12/site-packages/airflow/example_dags/example_branch_labels.py
[2026-07-18T21:48:01.106+0545] {processor.py:840} INFO - DAG(s) 'example_branch_labels' retrieved from /home/snigdh/repos/bigData/spark_demo_env/lib/python3.12/site-packages/airflow/example_dags/example_branch_labels.py
[2026-07-18T21:48:01.129+0545] {logging_mixin.py:188} INFO - [2026-07-18T21:48:01.129+0545] {dag.py:3089} INFO - Sync 1 DAGs
[2026-07-18T21:48:01.148+0545] {logging_mixin.py:188} INFO - [2026-07-18T21:48:01.148+0545] {dag.py:3947} INFO - Setting next_dagrun for example_branch_labels to 2026-07-17 00:00:00+00:00, run_after=2026-07-18 00:00:00+00:00
[2026-07-18T21:48:01.320+0545] {processor.py:183} INFO - Processing /home/snigdh/repos/bigData/spark_demo_env/lib/python3.12/site-packages/airflow/example_dags/example_branch_labels.py took 0.237 seconds
[2026-07-18T21:49:07.486+0545] {processor.py:161} INFO - Started process (PID=271899) to work on /home/snigdh/repos/bigData/spark_demo_env/lib/python3.12/site-packages/airflow/example_dags/example_branch_labels.py
[2026-07-18T21:49:07.490+0545] {processor.py:830} INFO - Processing file /home/snigdh/repos/bigData/spark_demo_env/lib/python3.12/site-packages/airflow/example_dags/example_branch_labels.py for tasks to queue
[2026-07-18T21:49:07.492+0545] {logging_mixin.py:188} INFO - [2026-07-18T21:49:07.491+0545] {dagbag.py:545} INFO - Filling up the DagBag from /home/snigdh/repos/bigData/spark_demo_env/lib/python3.12/site-packages/airflow/example_dags/example_branch_labels.py
[2026-07-18T21:49:07.502+0545] {processor.py:840} INFO - DAG(s) 'example_branch_labels' retrieved from /home/snigdh/repos/bigData/spark_demo_env/lib/python3.12/site-packages/airflow/example_dags/example_branch_labels.py
[2026-07-18T21:49:07.528+0545] {logging_mixin.py:188} INFO - [2026-07-18T21:49:07.527+0545] {dag.py:3089} INFO - Sync 1 DAGs
[2026-07-18T21:49:07.553+0545] {logging_mixin.py:188} INFO - [2026-07-18T21:49:07.553+0545] {dag.py:3947} INFO - Setting next_dagrun for example_branch_labels to 2026-07-17 00:00:00+00:00, run_after=2026-07-18 00:00:00+00:00
[2026-07-18T21:49:07.716+0545] {processor.py:183} INFO - Processing /home/snigdh/repos/bigData/spark_demo_env/lib/python3.12/site-packages/airflow/example_dags/example_branch_labels.py took 0.238 seconds
[2026-07-18T21:50:03.288+0545] {processor.py:161} INFO - Started process (PID=272552) to work on /home/snigdh/repos/bigData/spark_demo_env/lib/python3.12/site-packages/airflow/example_dags/example_branch_labels.py
[2026-07-18T21:50:03.292+0545] {processor.py:830} INFO - Processing file /home/snigdh/repos/bigData/spark_demo_env/lib/python3.12/site-packages/airflow/example_dags/example_branch_labels.py for tasks to queue
[2026-07-18T21:50:03.293+0545] {logging_mixin.py:188} INFO - [2026-07-18T21:50:03.293+0545] {dagbag.py:545} INFO - Filling up the DagBag from /home/snigdh/repos/bigData/spark_demo_env/lib/python3.12/site-packages/airflow/example_dags/example_branch_labels.py
[2026-07-18T21:50:03.305+0545] {processor.py:840} INFO - DAG(s) 'example_branch_labels' retrieved from /home/snigdh/repos/bigData/spark_demo_env/lib/python3.12/site-packages/airflow/example_dags/example_branch_labels.py
[2026-07-18T21:50:03.330+0545] {logging_mixin.py:188} INFO - [2026-07-18T21:50:03.329+0545] {dag.py:3089} INFO - Sync 1 DAGs
[2026-07-18T21:50:03.353+0545] {logging_mixin.py:188} INFO - [2026-07-18T21:50:03.352+0545] {dag.py:3947} INFO - Setting next_dagrun for example_branch_labels to 2026-07-17 00:00:00+00:00, run_after=2026-07-18 00:00:00+00:00
[2026-07-18T21:50:03.381+0545] {processor.py:183} INFO - Processing /home/snigdh/repos/bigData/spark_demo_env/lib/python3.12/site-packages/airflow/example_dags/example_branch_labels.py took 0.102 seconds
[2026-07-18T21:51:09.891+0545] {processor.py:161} INFO - Started process (PID=273436) to work on /home/snigdh/repos/bigData/spark_demo_env/lib/python3.12/site-packages/airflow/example_dags/example_branch_labels.py
[2026-07-18T21:51:09.893+0545] {processor.py:830} INFO - Processing file /home/snigdh/repos/bigData/spark_demo_env/lib/python3.12/site-packages/airflow/example_dags/example_branch_labels.py for tasks to queue
[2026-07-18T21:51:09.894+0545] {logging_mixin.py:188} INFO - [2026-07-18T21:51:09.893+0545] {dagbag.py:545} INFO - Filling up the DagBag from /home/snigdh/repos/bigData/spark_demo_env/lib/python3.12/site-packages/airflow/example_dags/example_branch_labels.py
[2026-07-18T21:51:09.909+0545] {processor.py:840} INFO - DAG(s) 'example_branch_labels' retrieved from /home/snigdh/repos/bigData/spark_demo_env/lib/python3.12/site-packages/airflow/example_dags/example_branch_labels.py
[2026-07-18T21:51:09.937+0545] {logging_mixin.py:188} INFO - [2026-07-18T21:51:09.936+0545] {dag.py:3089} INFO - Sync 1 DAGs
[2026-07-18T21:51:09.965+0545] {logging_mixin.py:188} INFO - [2026-07-18T21:51:09.965+0545] {dag.py:3947} INFO - Setting next_dagrun for example_branch_labels to 2026-07-17 00:00:00+00:00, run_after=2026-07-18 00:00:00+00:00
[2026-07-18T21:51:09.998+0545] {processor.py:183} INFO - Processing /home/snigdh/repos/bigData/spark_demo_env/lib/python3.12/site-packages/airflow/example_dags/example_branch_labels.py took 0.117 seconds
[2026-07-18T21:52:03.361+0545] {processor.py:161} INFO - Started process (PID=274152) to work on /home/snigdh/repos/bigData/spark_demo_env/lib/python3.12/site-packages/airflow/example_dags/example_branch_labels.py
[2026-07-18T21:52:03.365+0545] {processor.py:830} INFO - Processing file /home/snigdh/repos/bigData/spark_demo_env/lib/python3.12/site-packages/airflow/example_dags/example_branch_labels.py for tasks to queue
[2026-07-18T21:52:03.367+0545] {logging_mixin.py:188} INFO - [2026-07-18T21:52:03.366+0545] {dagbag.py:545} INFO - Filling up the DagBag from /home/snigdh/repos/bigData/spark_demo_env/lib/python3.12/site-packages/airflow/example_dags/example_branch_labels.py
[2026-07-18T21:52:03.378+0545] {processor.py:840} INFO - DAG(s) 'example_branch_labels' retrieved from /home/snigdh/repos/bigData/spark_demo_env/lib/python3.12/site-packages/airflow/example_dags/example_branch_labels.py
[2026-07-18T21:52:03.401+0545] {logging_mixin.py:188} INFO - [2026-07-18T21:52:03.401+0545] {dag.py:3089} INFO - Sync 1 DAGs
[2026-07-18T21:52:03.425+0545] {logging_mixin.py:188} INFO - [2026-07-18T21:52:03.424+0545] {dag.py:3947} INFO - Setting next_dagrun for example_branch_labels to 2026-07-17 00:00:00+00:00, run_after=2026-07-18 00:00:00+00:00
[2026-07-18T21:52:03.450+0545] {processor.py:183} INFO - Processing /home/snigdh/repos/bigData/spark_demo_env/lib/python3.12/site-packages/airflow/example_dags/example_branch_labels.py took 0.099 seconds
[2026-07-18T21:53:11.144+0545] {processor.py:161} INFO - Started process (PID=275066) to work on /home/snigdh/repos/bigData/spark_demo_env/lib/python3.12/site-packages/airflow/example_dags/example_branch_labels.py
[2026-07-18T21:53:11.148+0545] {processor.py:830} INFO - Processing file /home/snigdh/repos/bigData/spark_demo_env/lib/python3.12/site-packages/airflow/example_dags/example_branch_labels.py for tasks to queue
[2026-07-18T21:53:11.149+0545] {logging_mixin.py:188} INFO - [2026-07-18T21:53:11.148+0545] {dagbag.py:545} INFO - Filling up the DagBag from /home/snigdh/repos/bigData/spark_demo_env/lib/python3.12/site-packages/airflow/example_dags/example_branch_labels.py
[2026-07-18T21:53:11.155+0545] {processor.py:840} INFO - DAG(s) 'example_branch_labels' retrieved from /home/snigdh/repos/bigData/spark_demo_env/lib/python3.12/site-packages/airflow/example_dags/example_branch_labels.py
[2026-07-18T21:53:11.175+0545] {logging_mixin.py:188} INFO - [2026-07-18T21:53:11.174+0545] {dag.py:3089} INFO - Sync 1 DAGs
[2026-07-18T21:53:11.193+0545] {logging_mixin.py:188} INFO - [2026-07-18T21:53:11.193+0545] {dag.py:3947} INFO - Setting next_dagrun for example_branch_labels to 2026-07-17 00:00:00+00:00, run_after=2026-07-18 00:00:00+00:00
[2026-07-18T21:53:11.213+0545] {processor.py:183} INFO - Processing /home/snigdh/repos/bigData/spark_demo_env/lib/python3.12/site-packages/airflow/example_dags/example_branch_labels.py took 0.075 seconds
[2026-07-18T21:54:23.374+0545] {processor.py:161} INFO - Started process (PID=276176) to work on /home/snigdh/repos/bigData/spark_demo_env/lib/python3.12/site-packages/airflow/example_dags/example_branch_labels.py
[2026-07-18T21:54:23.376+0545] {processor.py:830} INFO - Processing file /home/snigdh/repos/bigData/spark_demo_env/lib/python3.12/site-packages/airflow/example_dags/example_branch_labels.py for tasks to queue
[2026-07-18T21:54:23.377+0545] {logging_mixin.py:188} INFO - [2026-07-18T21:54:23.377+0545] {dagbag.py:545} INFO - Filling up the DagBag from /home/snigdh/repos/bigData/spark_demo_env/lib/python3.12/site-packages/airflow/example_dags/example_branch_labels.py
[2026-07-18T21:54:23.388+0545] {processor.py:840} INFO - DAG(s) 'example_branch_labels' retrieved from /home/snigdh/repos/bigData/spark_demo_env/lib/python3.12/site-packages/airflow/example_dags/example_branch_labels.py
[2026-07-18T21:54:23.413+0545] {logging_mixin.py:188} INFO - [2026-07-18T21:54:23.413+0545] {dag.py:3089} INFO - Sync 1 DAGs
[2026-07-18T21:54:23.435+0545] {logging_mixin.py:188} INFO - [2026-07-18T21:54:23.434+0545] {dag.py:3947} INFO - Setting next_dagrun for example_branch_labels to 2026-07-17 00:00:00+00:00, run_after=2026-07-18 00:00:00+00:00
[2026-07-18T21:54:23.462+0545] {processor.py:183} INFO - Processing /home/snigdh/repos/bigData/spark_demo_env/lib/python3.12/site-packages/airflow/example_dags/example_branch_labels.py took 0.094 seconds
[2026-07-18T21:55:30.759+0545] {processor.py:161} INFO - Started process (PID=276998) to work on /home/snigdh/repos/bigData/spark_demo_env/lib/python3.12/site-packages/airflow/example_dags/example_branch_labels.py
[2026-07-18T21:55:30.760+0545] {processor.py:830} INFO - Processing file /home/snigdh/repos/bigData/spark_demo_env/lib/python3.12/site-packages/airflow/example_dags/example_branch_labels.py for tasks to queue
[2026-07-18T21:55:30.762+0545] {logging_mixin.py:188} INFO - [2026-07-18T21:55:30.761+0545] {dagbag.py:545} INFO - Filling up the DagBag from /home/snigdh/repos/bigData/spark_demo_env/lib/python3.12/site-packages/airflow/example_dags/example_branch_labels.py
[2026-07-18T21:55:30.773+0545] {processor.py:840} INFO - DAG(s) 'example_branch_labels' retrieved from /home/snigdh/repos/bigData/spark_demo_env/lib/python3.12/site-packages/airflow/example_dags/example_branch_labels.py
[2026-07-18T21:55:30.808+0545] {logging_mixin.py:188} INFO - [2026-07-18T21:55:30.807+0545] {dag.py:3089} INFO - Sync 1 DAGs
[2026-07-18T21:55:30.847+0545] {logging_mixin.py:188} INFO - [2026-07-18T21:55:30.846+0545] {dag.py:3947} INFO - Setting next_dagrun for example_branch_labels to 2026-07-17 00:00:00+00:00, run_after=2026-07-18 00:00:00+00:00
[2026-07-18T21:55:30.886+0545] {processor.py:183} INFO - Processing /home/snigdh/repos/bigData/spark_demo_env/lib/python3.12/site-packages/airflow/example_dags/example_branch_labels.py took 0.135 seconds
[2026-07-18T21:56:37.326+0545] {processor.py:161} INFO - Started process (PID=277625) to work on /home/snigdh/repos/bigData/spark_demo_env/lib/python3.12/site-packages/airflow/example_dags/example_branch_labels.py
[2026-07-18T21:56:37.326+0545] {processor.py:830} INFO - Processing file /home/snigdh/repos/bigData/spark_demo_env/lib/python3.12/site-packages/airflow/example_dags/example_branch_labels.py for tasks to queue
[2026-07-18T21:56:37.327+0545] {logging_mixin.py:188} INFO - [2026-07-18T21:56:37.327+0545] {dagbag.py:545} INFO - Filling up the DagBag from /home/snigdh/repos/bigData/spark_demo_env/lib/python3.12/site-packages/airflow/example_dags/example_branch_labels.py
[2026-07-18T21:56:37.335+0545] {processor.py:840} INFO - DAG(s) 'example_branch_labels' retrieved from /home/snigdh/repos/bigData/spark_demo_env/lib/python3.12/site-packages/airflow/example_dags/example_branch_labels.py
[2026-07-18T21:56:37.354+0545] {logging_mixin.py:188} INFO - [2026-07-18T21:56:37.354+0545] {dag.py:3089} INFO - Sync 1 DAGs
[2026-07-18T21:56:37.378+0545] {logging_mixin.py:188} INFO - [2026-07-18T21:56:37.377+0545] {dag.py:3947} INFO - Setting next_dagrun for example_branch_labels to 2026-07-17 00:00:00+00:00, run_after=2026-07-18 00:00:00+00:00
[2026-07-18T21:56:37.407+0545] {processor.py:183} INFO - Processing /home/snigdh/repos/bigData/spark_demo_env/lib/python3.12/site-packages/airflow/example_dags/example_branch_labels.py took 0.087 seconds
[2026-07-18T21:57:45.918+0545] {processor.py:161} INFO - Started process (PID=278262) to work on /home/snigdh/repos/bigData/spark_demo_env/lib/python3.12/site-packages/airflow/example_dags/example_branch_labels.py
[2026-07-18T21:57:45.921+0545] {processor.py:830} INFO - Processing file /home/snigdh/repos/bigData/spark_demo_env/lib/python3.12/site-packages/airflow/example_dags/example_branch_labels.py for tasks to queue
[2026-07-18T21:57:45.923+0545] {logging_mixin.py:188} INFO - [2026-07-18T21:57:45.922+0545] {dagbag.py:545} INFO - Filling up the DagBag from /home/snigdh/repos/bigData/spark_demo_env/lib/python3.12/site-packages/airflow/example_dags/example_branch_labels.py
[2026-07-18T21:57:45.935+0545] {processor.py:840} INFO - DAG(s) 'example_branch_labels' retrieved from /home/snigdh/repos/bigData/spark_demo_env/lib/python3.12/site-packages/airflow/example_dags/example_branch_labels.py
[2026-07-18T21:57:45.957+0545] {logging_mixin.py:188} INFO - [2026-07-18T21:57:45.957+0545] {dag.py:3089} INFO - Sync 1 DAGs
[2026-07-18T21:57:45.976+0545] {logging_mixin.py:188} INFO - [2026-07-18T21:57:45.975+0545] {dag.py:3947} INFO - Setting next_dagrun for example_branch_labels to 2026-07-17 00:00:00+00:00, run_after=2026-07-18 00:00:00+00:00
[2026-07-18T21:57:45.999+0545] {processor.py:183} INFO - Processing /home/snigdh/repos/bigData/spark_demo_env/lib/python3.12/site-packages/airflow/example_dags/example_branch_labels.py took 0.091 seconds
[2026-07-18T21:58:52.623+0545] {processor.py:161} INFO - Started process (PID=278889) to work on /home/snigdh/repos/bigData/spark_demo_env/lib/python3.12/site-packages/airflow/example_dags/example_branch_labels.py
[2026-07-18T21:58:52.627+0545] {processor.py:830} INFO - Processing file /home/snigdh/repos/bigData/spark_demo_env/lib/python3.12/site-packages/airflow/example_dags/example_branch_labels.py for tasks to queue
[2026-07-18T21:58:52.628+0545] {logging_mixin.py:188} INFO - [2026-07-18T21:58:52.628+0545] {dagbag.py:545} INFO - Filling up the DagBag from /home/snigdh/repos/bigData/spark_demo_env/lib/python3.12/site-packages/airflow/example_dags/example_branch_labels.py
[2026-07-18T21:58:52.642+0545] {processor.py:840} INFO - DAG(s) 'example_branch_labels' retrieved from /home/snigdh/repos/bigData/spark_demo_env/lib/python3.12/site-packages/airflow/example_dags/example_branch_labels.py
[2026-07-18T21:58:52.668+0545] {logging_mixin.py:188} INFO - [2026-07-18T21:58:52.667+0545] {dag.py:3089} INFO - Sync 1 DAGs
[2026-07-18T21:58:52.693+0545] {logging_mixin.py:188} INFO - [2026-07-18T21:58:52.692+0545] {dag.py:3947} INFO - Setting next_dagrun for example_branch_labels to 2026-07-17 00:00:00+00:00, run_after=2026-07-18 00:00:00+00:00
[2026-07-18T21:58:52.718+0545] {processor.py:183} INFO - Processing /home/snigdh/repos/bigData/spark_demo_env/lib/python3.12/site-packages/airflow/example_dags/example_branch_labels.py took 0.104 seconds
[2026-07-18T22:00:02.628+0545] {processor.py:161} INFO - Started process (PID=279588) to work on /home/snigdh/repos/bigData/spark_demo_env/lib/python3.12/site-packages/airflow/example_dags/example_branch_labels.py
[2026-07-18T22:00:02.632+0545] {processor.py:830} INFO - Processing file /home/snigdh/repos/bigData/spark_demo_env/lib/python3.12/site-packages/airflow/example_dags/example_branch_labels.py for tasks to queue
[2026-07-18T22:00:02.634+0545] {logging_mixin.py:188} INFO - [2026-07-18T22:00:02.633+0545] {dagbag.py:545} INFO - Filling up the DagBag from /home/snigdh/repos/bigData/spark_demo_env/lib/python3.12/site-packages/airflow/example_dags/example_branch_labels.py
[2026-07-18T22:00:02.647+0545] {processor.py:840} INFO - DAG(s) 'example_branch_labels' retrieved from /home/snigdh/repos/bigData/spark_demo_env/lib/python3.12/site-packages/airflow/example_dags/example_branch_labels.py
[2026-07-18T22:00:02.676+0545] {logging_mixin.py:188} INFO - [2026-07-18T22:00:02.676+0545] {dag.py:3089} INFO - Sync 1 DAGs
[2026-07-18T22:00:02.696+0545] {logging_mixin.py:188} INFO - [2026-07-18T22:00:02.696+0545] {dag.py:3947} INFO - Setting next_dagrun for example_branch_labels to 2026-07-17 00:00:00+00:00, run_after=2026-07-18 00:00:00+00:00
[2026-07-18T22:00:02.722+0545] {processor.py:183} INFO - Processing /home/snigdh/repos/bigData/spark_demo_env/lib/python3.12/site-packages/airflow/example_dags/example_branch_labels.py took 0.102 seconds
[2026-07-18T22:01:12.284+0545] {processor.py:161} INFO - Started process (PID=280197) to work on /home/snigdh/repos/bigData/spark_demo_env/lib/python3.12/site-packages/airflow/example_dags/example_branch_labels.py
[2026-07-18T22:01:12.288+0545] {processor.py:830} INFO - Processing file /home/snigdh/repos/bigData/spark_demo_env/lib/python3.12/site-packages/airflow/example_dags/example_branch_labels.py for tasks to queue
[2026-07-18T22:01:12.289+0545] {logging_mixin.py:188} INFO - [2026-07-18T22:01:12.288+0545] {dagbag.py:545} INFO - Filling up the DagBag from /home/snigdh/repos/bigData/spark_demo_env/lib/python3.12/site-packages/airflow/example_dags/example_branch_labels.py
[2026-07-18T22:01:12.301+0545] {processor.py:840} INFO - DAG(s) 'example_branch_labels' retrieved from /home/snigdh/repos/bigData/spark_demo_env/lib/python3.12/site-packages/airflow/example_dags/example_branch_labels.py
[2026-07-18T22:01:12.324+0545] {logging_mixin.py:188} INFO - [2026-07-18T22:01:12.323+0545] {dag.py:3089} INFO - Sync 1 DAGs
[2026-07-18T22:01:12.341+0545] {logging_mixin.py:188} INFO - [2026-07-18T22:01:12.341+0545] {dag.py:3947} INFO - Setting next_dagrun for example_branch_labels to 2026-07-17 00:00:00+00:00, run_after=2026-07-18 00:00:00+00:00
[2026-07-18T22:01:12.364+0545] {processor.py:183} INFO - Processing /home/snigdh/repos/bigData/spark_demo_env/lib/python3.12/site-packages/airflow/example_dags/example_branch_labels.py took 0.088 seconds
[2026-07-18T22:02:18.708+0545] {processor.py:161} INFO - Started process (PID=280823) to work on /home/snigdh/repos/bigData/spark_demo_env/lib/python3.12/site-packages/airflow/example_dags/example_branch_labels.py
[2026-07-18T22:02:18.710+0545] {processor.py:830} INFO - Processing file /home/snigdh/repos/bigData/spark_demo_env/lib/python3.12/site-packages/airflow/example_dags/example_branch_labels.py for tasks to queue
[2026-07-18T22:02:18.711+0545] {logging_mixin.py:188} INFO - [2026-07-18T22:02:18.710+0545] {dagbag.py:545} INFO - Filling up the DagBag from /home/snigdh/repos/bigData/spark_demo_env/lib/python3.12/site-packages/airflow/example_dags/example_branch_labels.py
[2026-07-18T22:02:18.721+0545] {processor.py:840} INFO - DAG(s) 'example_branch_labels' retrieved from /home/snigdh/repos/bigData/spark_demo_env/lib/python3.12/site-packages/airflow/example_dags/example_branch_labels.py
[2026-07-18T22:02:18.741+0545] {logging_mixin.py:188} INFO - [2026-07-18T22:02:18.741+0545] {dag.py:3089} INFO - Sync 1 DAGs
[2026-07-18T22:02:18.758+0545] {logging_mixin.py:188} INFO - [2026-07-18T22:02:18.757+0545] {dag.py:3947} INFO - Setting next_dagrun for example_branch_labels to 2026-07-17 00:00:00+00:00, run_after=2026-07-18 00:00:00+00:00
[2026-07-18T22:02:18.777+0545] {processor.py:183} INFO - Processing /home/snigdh/repos/bigData/spark_demo_env/lib/python3.12/site-packages/airflow/example_dags/example_branch_labels.py took 0.077 seconds
