[2026-07-18T21:38:38.825+0545] {processor.py:161} INFO - Started process (PID=262492) to work on /home/snigdh/repos/bigData/spark_demo_env/lib/python3.12/site-packages/airflow/example_dags/example_latest_only_with_trigger.py
[2026-07-18T21:38:38.826+0545] {processor.py:830} INFO - Processing file /home/snigdh/repos/bigData/spark_demo_env/lib/python3.12/site-packages/airflow/example_dags/example_latest_only_with_trigger.py for tasks to queue
[2026-07-18T21:38:38.828+0545] {logging_mixin.py:188} INFO - [2026-07-18T21:38:38.828+0545] {dagbag.py:545} INFO - Filling up the DagBag from /home/snigdh/repos/bigData/spark_demo_env/lib/python3.12/site-packages/airflow/example_dags/example_latest_only_with_trigger.py
[2026-07-18T21:38:38.837+0545] {processor.py:840} INFO - DAG(s) 'latest_only_with_trigger' retrieved from /home/snigdh/repos/bigData/spark_demo_env/lib/python3.12/site-packages/airflow/example_dags/example_latest_only_with_trigger.py
[2026-07-18T21:38:38.949+0545] {logging_mixin.py:188} INFO - [2026-07-18T21:38:38.948+0545] {override.py:1858} INFO - Created Permission View: can delete on DAG:latest_only_with_trigger
[2026-07-18T21:38:38.968+0545] {logging_mixin.py:188} INFO - [2026-07-18T21:38:38.967+0545] {override.py:1858} INFO - Created Permission View: can read on DAG:latest_only_with_trigger
[2026-07-18T21:38:38.980+0545] {logging_mixin.py:188} INFO - [2026-07-18T21:38:38.979+0545] {override.py:1858} INFO - Created Permission View: can edit on DAG:latest_only_with_trigger
[2026-07-18T21:38:38.981+0545] {logging_mixin.py:188} INFO - [2026-07-18T21:38:38.981+0545] {dag.py:3089} INFO - Sync 1 DAGs
[2026-07-18T21:38:38.997+0545] {logging_mixin.py:188} INFO - [2026-07-18T21:38:38.997+0545] {dag.py:3111} INFO - Creating ORM DAG for latest_only_with_trigger
[2026-07-18T21:38:39.010+0545] {logging_mixin.py:188} INFO - [2026-07-18T21:38:39.010+0545] {dag.py:3947} INFO - Setting next_dagrun for latest_only_with_trigger to 2026-07-18 08:00:00+00:00, run_after=2026-07-18 12:00:00+00:00
[2026-07-18T21:38:39.032+0545] {processor.py:183} INFO - Processing /home/snigdh/repos/bigData/spark_demo_env/lib/python3.12/site-packages/airflow/example_dags/example_latest_only_with_trigger.py took 0.215 seconds
[2026-07-18T21:39:36.440+0545] {processor.py:161} INFO - Started process (PID=262797) to work on /home/snigdh/repos/bigData/spark_demo_env/lib/python3.12/site-packages/airflow/example_dags/example_latest_only_with_trigger.py
[2026-07-18T21:39:36.444+0545] {processor.py:830} INFO - Processing file /home/snigdh/repos/bigData/spark_demo_env/lib/python3.12/site-packages/airflow/example_dags/example_latest_only_with_trigger.py for tasks to queue
[2026-07-18T21:39:36.446+0545] {logging_mixin.py:188} INFO - [2026-07-18T21:39:36.445+0545] {dagbag.py:545} INFO - Filling up the DagBag from /home/snigdh/repos/bigData/spark_demo_env/lib/python3.12/site-packages/airflow/example_dags/example_latest_only_with_trigger.py
[2026-07-18T21:39:36.454+0545] {processor.py:840} INFO - DAG(s) 'latest_only_with_trigger' retrieved from /home/snigdh/repos/bigData/spark_demo_env/lib/python3.12/site-packages/airflow/example_dags/example_latest_only_with_trigger.py
[2026-07-18T21:39:36.479+0545] {logging_mixin.py:188} INFO - [2026-07-18T21:39:36.478+0545] {dag.py:3089} INFO - Sync 1 DAGs
[2026-07-18T21:39:36.509+0545] {logging_mixin.py:188} INFO - [2026-07-18T21:39:36.509+0545] {dag.py:3947} INFO - Setting next_dagrun for latest_only_with_trigger to 2026-07-18 08:00:00+00:00, run_after=2026-07-18 12:00:00+00:00
[2026-07-18T21:39:36.536+0545] {processor.py:183} INFO - Processing /home/snigdh/repos/bigData/spark_demo_env/lib/python3.12/site-packages/airflow/example_dags/example_latest_only_with_trigger.py took 0.105 seconds
[2026-07-18T21:46:50.749+0545] {processor.py:161} INFO - Started process (PID=269956) to work on /home/snigdh/repos/bigData/spark_demo_env/lib/python3.12/site-packages/airflow/example_dags/example_latest_only_with_trigger.py
[2026-07-18T21:46:50.753+0545] {processor.py:830} INFO - Processing file /home/snigdh/repos/bigData/spark_demo_env/lib/python3.12/site-packages/airflow/example_dags/example_latest_only_with_trigger.py for tasks to queue
[2026-07-18T21:46:50.754+0545] {logging_mixin.py:188} INFO - [2026-07-18T21:46:50.754+0545] {dagbag.py:545} INFO - Filling up the DagBag from /home/snigdh/repos/bigData/spark_demo_env/lib/python3.12/site-packages/airflow/example_dags/example_latest_only_with_trigger.py
[2026-07-18T21:46:50.763+0545] {processor.py:840} INFO - DAG(s) 'latest_only_with_trigger' retrieved from /home/snigdh/repos/bigData/spark_demo_env/lib/python3.12/site-packages/airflow/example_dags/example_latest_only_with_trigger.py
[2026-07-18T21:46:50.875+0545] {logging_mixin.py:188} INFO - [2026-07-18T21:46:50.875+0545] {dag.py:3089} INFO - Sync 1 DAGs
[2026-07-18T21:46:50.894+0545] {logging_mixin.py:188} INFO - [2026-07-18T21:46:50.894+0545] {dag.py:3947} INFO - Setting next_dagrun for latest_only_with_trigger to 2026-07-18 12:00:00+00:00, run_after=2026-07-18 16:00:00+00:00
[2026-07-18T21:46:51.055+0545] {processor.py:183} INFO - Processing /home/snigdh/repos/bigData/spark_demo_env/lib/python3.12/site-packages/airflow/example_dags/example_latest_only_with_trigger.py took 0.314 seconds
[2026-07-18T21:47:48.661+0545] {processor.py:161} INFO - Started process (PID=270628) to work on /home/snigdh/repos/bigData/spark_demo_env/lib/python3.12/site-packages/airflow/example_dags/example_latest_only_with_trigger.py
[2026-07-18T21:47:48.665+0545] {processor.py:830} INFO - Processing file /home/snigdh/repos/bigData/spark_demo_env/lib/python3.12/site-packages/airflow/example_dags/example_latest_only_with_trigger.py for tasks to queue
[2026-07-18T21:47:48.666+0545] {logging_mixin.py:188} INFO - [2026-07-18T21:47:48.666+0545] {dagbag.py:545} INFO - Filling up the DagBag from /home/snigdh/repos/bigData/spark_demo_env/lib/python3.12/site-packages/airflow/example_dags/example_latest_only_with_trigger.py
[2026-07-18T21:47:48.674+0545] {processor.py:840} INFO - DAG(s) 'latest_only_with_trigger' retrieved from /home/snigdh/repos/bigData/spark_demo_env/lib/python3.12/site-packages/airflow/example_dags/example_latest_only_with_trigger.py
[2026-07-18T21:47:48.697+0545] {logging_mixin.py:188} INFO - [2026-07-18T21:47:48.697+0545] {dag.py:3089} INFO - Sync 1 DAGs
[2026-07-18T21:47:48.717+0545] {logging_mixin.py:188} INFO - [2026-07-18T21:47:48.716+0545] {dag.py:3947} INFO - Setting next_dagrun for latest_only_with_trigger to 2026-07-18 12:00:00+00:00, run_after=2026-07-18 16:00:00+00:00
[2026-07-18T21:47:48.744+0545] {processor.py:183} INFO - Processing /home/snigdh/repos/bigData/spark_demo_env/lib/python3.12/site-packages/airflow/example_dags/example_latest_only_with_trigger.py took 0.090 seconds
[2026-07-18T21:48:40.463+0545] {processor.py:161} INFO - Started process (PID=271609) to work on /home/snigdh/repos/bigData/spark_demo_env/lib/python3.12/site-packages/airflow/example_dags/example_latest_only_with_trigger.py
[2026-07-18T21:48:40.465+0545] {processor.py:830} INFO - Processing file /home/snigdh/repos/bigData/spark_demo_env/lib/python3.12/site-packages/airflow/example_dags/example_latest_only_with_trigger.py for tasks to queue
[2026-07-18T21:48:40.467+0545] {logging_mixin.py:188} INFO - [2026-07-18T21:48:40.466+0545] {dagbag.py:545} INFO - Filling up the DagBag from /home/snigdh/repos/bigData/spark_demo_env/lib/python3.12/site-packages/airflow/example_dags/example_latest_only_with_trigger.py
[2026-07-18T21:48:40.475+0545] {processor.py:840} INFO - DAG(s) 'latest_only_with_trigger' retrieved from /home/snigdh/repos/bigData/spark_demo_env/lib/python3.12/site-packages/airflow/example_dags/example_latest_only_with_trigger.py
[2026-07-18T21:48:40.497+0545] {logging_mixin.py:188} INFO - [2026-07-18T21:48:40.497+0545] {dag.py:3089} INFO - Sync 1 DAGs
[2026-07-18T21:48:40.517+0545] {logging_mixin.py:188} INFO - [2026-07-18T21:48:40.517+0545] {dag.py:3947} INFO - Setting next_dagrun for latest_only_with_trigger to 2026-07-18 12:00:00+00:00, run_after=2026-07-18 16:00:00+00:00
[2026-07-18T21:48:40.542+0545] {processor.py:183} INFO - Processing /home/snigdh/repos/bigData/spark_demo_env/lib/python3.12/site-packages/airflow/example_dags/example_latest_only_with_trigger.py took 0.086 seconds
[2026-07-18T21:49:36.927+0545] {processor.py:161} INFO - Started process (PID=272207) to work on /home/snigdh/repos/bigData/spark_demo_env/lib/python3.12/site-packages/airflow/example_dags/example_latest_only_with_trigger.py
[2026-07-18T21:49:36.931+0545] {processor.py:830} INFO - Processing file /home/snigdh/repos/bigData/spark_demo_env/lib/python3.12/site-packages/airflow/example_dags/example_latest_only_with_trigger.py for tasks to queue
[2026-07-18T21:49:36.932+0545] {logging_mixin.py:188} INFO - [2026-07-18T21:49:36.932+0545] {dagbag.py:545} INFO - Filling up the DagBag from /home/snigdh/repos/bigData/spark_demo_env/lib/python3.12/site-packages/airflow/example_dags/example_latest_only_with_trigger.py
[2026-07-18T21:49:36.940+0545] {processor.py:840} INFO - DAG(s) 'latest_only_with_trigger' retrieved from /home/snigdh/repos/bigData/spark_demo_env/lib/python3.12/site-packages/airflow/example_dags/example_latest_only_with_trigger.py
[2026-07-18T21:49:37.090+0545] {logging_mixin.py:188} INFO - [2026-07-18T21:49:37.090+0545] {dag.py:3089} INFO - Sync 1 DAGs
[2026-07-18T21:49:37.111+0545] {logging_mixin.py:188} INFO - [2026-07-18T21:49:37.111+0545] {dag.py:3947} INFO - Setting next_dagrun for latest_only_with_trigger to 2026-07-18 12:00:00+00:00, run_after=2026-07-18 16:00:00+00:00
[2026-07-18T21:49:37.140+0545] {processor.py:183} INFO - Processing /home/snigdh/repos/bigData/spark_demo_env/lib/python3.12/site-packages/airflow/example_dags/example_latest_only_with_trigger.py took 0.221 seconds
[2026-07-18T21:50:28.844+0545] {processor.py:161} INFO - Started process (PID=272874) to work on /home/snigdh/repos/bigData/spark_demo_env/lib/python3.12/site-packages/airflow/example_dags/example_latest_only_with_trigger.py
[2026-07-18T21:50:28.848+0545] {processor.py:830} INFO - Processing file /home/snigdh/repos/bigData/spark_demo_env/lib/python3.12/site-packages/airflow/example_dags/example_latest_only_with_trigger.py for tasks to queue
[2026-07-18T21:50:28.849+0545] {logging_mixin.py:188} INFO - [2026-07-18T21:50:28.849+0545] {dagbag.py:545} INFO - Filling up the DagBag from /home/snigdh/repos/bigData/spark_demo_env/lib/python3.12/site-packages/airflow/example_dags/example_latest_only_with_trigger.py
[2026-07-18T21:50:28.860+0545] {processor.py:840} INFO - DAG(s) 'latest_only_with_trigger' retrieved from /home/snigdh/repos/bigData/spark_demo_env/lib/python3.12/site-packages/airflow/example_dags/example_latest_only_with_trigger.py
[2026-07-18T21:50:28.886+0545] {logging_mixin.py:188} INFO - [2026-07-18T21:50:28.886+0545] {dag.py:3089} INFO - Sync 1 DAGs
[2026-07-18T21:50:28.905+0545] {logging_mixin.py:188} INFO - [2026-07-18T21:50:28.905+0545] {dag.py:3947} INFO - Setting next_dagrun for latest_only_with_trigger to 2026-07-18 12:00:00+00:00, run_after=2026-07-18 16:00:00+00:00
[2026-07-18T21:50:28.928+0545] {processor.py:183} INFO - Processing /home/snigdh/repos/bigData/spark_demo_env/lib/python3.12/site-packages/airflow/example_dags/example_latest_only_with_trigger.py took 0.093 seconds
[2026-07-18T21:51:35.723+0545] {processor.py:161} INFO - Started process (PID=273812) to work on /home/snigdh/repos/bigData/spark_demo_env/lib/python3.12/site-packages/airflow/example_dags/example_latest_only_with_trigger.py
[2026-07-18T21:51:35.726+0545] {processor.py:830} INFO - Processing file /home/snigdh/repos/bigData/spark_demo_env/lib/python3.12/site-packages/airflow/example_dags/example_latest_only_with_trigger.py for tasks to queue
[2026-07-18T21:51:35.728+0545] {logging_mixin.py:188} INFO - [2026-07-18T21:51:35.727+0545] {dagbag.py:545} INFO - Filling up the DagBag from /home/snigdh/repos/bigData/spark_demo_env/lib/python3.12/site-packages/airflow/example_dags/example_latest_only_with_trigger.py
[2026-07-18T21:51:35.734+0545] {processor.py:840} INFO - DAG(s) 'latest_only_with_trigger' retrieved from /home/snigdh/repos/bigData/spark_demo_env/lib/python3.12/site-packages/airflow/example_dags/example_latest_only_with_trigger.py
[2026-07-18T21:51:35.751+0545] {logging_mixin.py:188} INFO - [2026-07-18T21:51:35.750+0545] {dag.py:3089} INFO - Sync 1 DAGs
[2026-07-18T21:51:35.767+0545] {logging_mixin.py:188} INFO - [2026-07-18T21:51:35.767+0545] {dag.py:3947} INFO - Setting next_dagrun for latest_only_with_trigger to 2026-07-18 12:00:00+00:00, run_after=2026-07-18 16:00:00+00:00
[2026-07-18T21:51:35.790+0545] {processor.py:183} INFO - Processing /home/snigdh/repos/bigData/spark_demo_env/lib/python3.12/site-packages/airflow/example_dags/example_latest_only_with_trigger.py took 0.073 seconds
[2026-07-18T21:52:42.694+0545] {processor.py:161} INFO - Started process (PID=274638) to work on /home/snigdh/repos/bigData/spark_demo_env/lib/python3.12/site-packages/airflow/example_dags/example_latest_only_with_trigger.py
[2026-07-18T21:52:42.698+0545] {processor.py:830} INFO - Processing file /home/snigdh/repos/bigData/spark_demo_env/lib/python3.12/site-packages/airflow/example_dags/example_latest_only_with_trigger.py for tasks to queue
[2026-07-18T21:52:42.699+0545] {logging_mixin.py:188} INFO - [2026-07-18T21:52:42.699+0545] {dagbag.py:545} INFO - Filling up the DagBag from /home/snigdh/repos/bigData/spark_demo_env/lib/python3.12/site-packages/airflow/example_dags/example_latest_only_with_trigger.py
[2026-07-18T21:52:42.707+0545] {processor.py:840} INFO - DAG(s) 'latest_only_with_trigger' retrieved from /home/snigdh/repos/bigData/spark_demo_env/lib/python3.12/site-packages/airflow/example_dags/example_latest_only_with_trigger.py
[2026-07-18T21:52:42.730+0545] {logging_mixin.py:188} INFO - [2026-07-18T21:52:42.730+0545] {dag.py:3089} INFO - Sync 1 DAGs
[2026-07-18T21:52:42.750+0545] {logging_mixin.py:188} INFO - [2026-07-18T21:52:42.750+0545] {dag.py:3947} INFO - Setting next_dagrun for latest_only_with_trigger to 2026-07-18 12:00:00+00:00, run_after=2026-07-18 16:00:00+00:00
[2026-07-18T21:52:42.780+0545] {processor.py:183} INFO - Processing /home/snigdh/repos/bigData/spark_demo_env/lib/python3.12/site-packages/airflow/example_dags/example_latest_only_with_trigger.py took 0.094 seconds
[2026-07-18T21:53:52.911+0545] {processor.py:161} INFO - Started process (PID=275633) to work on /home/snigdh/repos/bigData/spark_demo_env/lib/python3.12/site-packages/airflow/example_dags/example_latest_only_with_trigger.py
[2026-07-18T21:53:52.915+0545] {processor.py:830} INFO - Processing file /home/snigdh/repos/bigData/spark_demo_env/lib/python3.12/site-packages/airflow/example_dags/example_latest_only_with_trigger.py for tasks to queue
[2026-07-18T21:53:52.916+0545] {logging_mixin.py:188} INFO - [2026-07-18T21:53:52.916+0545] {dagbag.py:545} INFO - Filling up the DagBag from /home/snigdh/repos/bigData/spark_demo_env/lib/python3.12/site-packages/airflow/example_dags/example_latest_only_with_trigger.py
[2026-07-18T21:53:52.926+0545] {processor.py:840} INFO - DAG(s) 'latest_only_with_trigger' retrieved from /home/snigdh/repos/bigData/spark_demo_env/lib/python3.12/site-packages/airflow/example_dags/example_latest_only_with_trigger.py
[2026-07-18T21:53:52.956+0545] {logging_mixin.py:188} INFO - [2026-07-18T21:53:52.956+0545] {dag.py:3089} INFO - Sync 1 DAGs
[2026-07-18T21:53:52.978+0545] {logging_mixin.py:188} INFO - [2026-07-18T21:53:52.978+0545] {dag.py:3947} INFO - Setting next_dagrun for latest_only_with_trigger to 2026-07-18 12:00:00+00:00, run_after=2026-07-18 16:00:00+00:00
[2026-07-18T21:53:53.010+0545] {processor.py:183} INFO - Processing /home/snigdh/repos/bigData/spark_demo_env/lib/python3.12/site-packages/airflow/example_dags/example_latest_only_with_trigger.py took 0.109 seconds
[2026-07-18T21:54:43.678+0545] {processor.py:161} INFO - Started process (PID=276494) to work on /home/snigdh/repos/bigData/spark_demo_env/lib/python3.12/site-packages/airflow/example_dags/example_latest_only_with_trigger.py
[2026-07-18T21:54:43.679+0545] {processor.py:830} INFO - Processing file /home/snigdh/repos/bigData/spark_demo_env/lib/python3.12/site-packages/airflow/example_dags/example_latest_only_with_trigger.py for tasks to queue
[2026-07-18T21:54:43.681+0545] {logging_mixin.py:188} INFO - [2026-07-18T21:54:43.680+0545] {dagbag.py:545} INFO - Filling up the DagBag from /home/snigdh/repos/bigData/spark_demo_env/lib/python3.12/site-packages/airflow/example_dags/example_latest_only_with_trigger.py
[2026-07-18T21:54:43.691+0545] {processor.py:840} INFO - DAG(s) 'latest_only_with_trigger' retrieved from /home/snigdh/repos/bigData/spark_demo_env/lib/python3.12/site-packages/airflow/example_dags/example_latest_only_with_trigger.py
[2026-07-18T21:54:43.718+0545] {logging_mixin.py:188} INFO - [2026-07-18T21:54:43.717+0545] {dag.py:3089} INFO - Sync 1 DAGs
[2026-07-18T21:54:43.739+0545] {logging_mixin.py:188} INFO - [2026-07-18T21:54:43.739+0545] {dag.py:3947} INFO - Setting next_dagrun for latest_only_with_trigger to 2026-07-18 12:00:00+00:00, run_after=2026-07-18 16:00:00+00:00
[2026-07-18T21:54:43.762+0545] {processor.py:183} INFO - Processing /home/snigdh/repos/bigData/spark_demo_env/lib/python3.12/site-packages/airflow/example_dags/example_latest_only_with_trigger.py took 0.092 seconds
[2026-07-18T21:55:51.199+0545] {processor.py:161} INFO - Started process (PID=277150) to work on /home/snigdh/repos/bigData/spark_demo_env/lib/python3.12/site-packages/airflow/example_dags/example_latest_only_with_trigger.py
[2026-07-18T21:55:51.203+0545] {processor.py:830} INFO - Processing file /home/snigdh/repos/bigData/spark_demo_env/lib/python3.12/site-packages/airflow/example_dags/example_latest_only_with_trigger.py for tasks to queue
[2026-07-18T21:55:51.204+0545] {logging_mixin.py:188} INFO - [2026-07-18T21:55:51.203+0545] {dagbag.py:545} INFO - Filling up the DagBag from /home/snigdh/repos/bigData/spark_demo_env/lib/python3.12/site-packages/airflow/example_dags/example_latest_only_with_trigger.py
[2026-07-18T21:55:51.213+0545] {processor.py:840} INFO - DAG(s) 'latest_only_with_trigger' retrieved from /home/snigdh/repos/bigData/spark_demo_env/lib/python3.12/site-packages/airflow/example_dags/example_latest_only_with_trigger.py
[2026-07-18T21:55:51.237+0545] {logging_mixin.py:188} INFO - [2026-07-18T21:55:51.237+0545] {dag.py:3089} INFO - Sync 1 DAGs
[2026-07-18T21:55:51.255+0545] {logging_mixin.py:188} INFO - [2026-07-18T21:55:51.255+0545] {dag.py:3947} INFO - Setting next_dagrun for latest_only_with_trigger to 2026-07-18 12:00:00+00:00, run_after=2026-07-18 16:00:00+00:00
[2026-07-18T21:55:51.277+0545] {processor.py:183} INFO - Processing /home/snigdh/repos/bigData/spark_demo_env/lib/python3.12/site-packages/airflow/example_dags/example_latest_only_with_trigger.py took 0.086 seconds
[2026-07-18T21:56:55.328+0545] {processor.py:161} INFO - Started process (PID=277759) to work on /home/snigdh/repos/bigData/spark_demo_env/lib/python3.12/site-packages/airflow/example_dags/example_latest_only_with_trigger.py
[2026-07-18T21:56:55.329+0545] {processor.py:830} INFO - Processing file /home/snigdh/repos/bigData/spark_demo_env/lib/python3.12/site-packages/airflow/example_dags/example_latest_only_with_trigger.py for tasks to queue
[2026-07-18T21:56:55.331+0545] {logging_mixin.py:188} INFO - [2026-07-18T21:56:55.330+0545] {dagbag.py:545} INFO - Filling up the DagBag from /home/snigdh/repos/bigData/spark_demo_env/lib/python3.12/site-packages/airflow/example_dags/example_latest_only_with_trigger.py
[2026-07-18T21:56:55.337+0545] {processor.py:840} INFO - DAG(s) 'latest_only_with_trigger' retrieved from /home/snigdh/repos/bigData/spark_demo_env/lib/python3.12/site-packages/airflow/example_dags/example_latest_only_with_trigger.py
[2026-07-18T21:56:55.354+0545] {logging_mixin.py:188} INFO - [2026-07-18T21:56:55.353+0545] {dag.py:3089} INFO - Sync 1 DAGs
[2026-07-18T21:56:55.369+0545] {logging_mixin.py:188} INFO - [2026-07-18T21:56:55.369+0545] {dag.py:3947} INFO - Setting next_dagrun for latest_only_with_trigger to 2026-07-18 12:00:00+00:00, run_after=2026-07-18 16:00:00+00:00
[2026-07-18T21:56:55.392+0545] {processor.py:183} INFO - Processing /home/snigdh/repos/bigData/spark_demo_env/lib/python3.12/site-packages/airflow/example_dags/example_latest_only_with_trigger.py took 0.071 seconds
[2026-07-18T21:57:42.245+0545] {processor.py:161} INFO - Started process (PID=278239) to work on /home/snigdh/repos/bigData/spark_demo_env/lib/python3.12/site-packages/airflow/example_dags/example_latest_only_with_trigger.py
[2026-07-18T21:57:42.248+0545] {processor.py:830} INFO - Processing file /home/snigdh/repos/bigData/spark_demo_env/lib/python3.12/site-packages/airflow/example_dags/example_latest_only_with_trigger.py for tasks to queue
[2026-07-18T21:57:42.250+0545] {logging_mixin.py:188} INFO - [2026-07-18T21:57:42.249+0545] {dagbag.py:545} INFO - Filling up the DagBag from /home/snigdh/repos/bigData/spark_demo_env/lib/python3.12/site-packages/airflow/example_dags/example_latest_only_with_trigger.py
[2026-07-18T21:57:42.258+0545] {processor.py:840} INFO - DAG(s) 'latest_only_with_trigger' retrieved from /home/snigdh/repos/bigData/spark_demo_env/lib/python3.12/site-packages/airflow/example_dags/example_latest_only_with_trigger.py
[2026-07-18T21:57:42.280+0545] {logging_mixin.py:188} INFO - [2026-07-18T21:57:42.279+0545] {dag.py:3089} INFO - Sync 1 DAGs
[2026-07-18T21:57:42.297+0545] {logging_mixin.py:188} INFO - [2026-07-18T21:57:42.296+0545] {dag.py:3947} INFO - Setting next_dagrun for latest_only_with_trigger to 2026-07-18 12:00:00+00:00, run_after=2026-07-18 16:00:00+00:00
[2026-07-18T21:57:42.319+0545] {processor.py:183} INFO - Processing /home/snigdh/repos/bigData/spark_demo_env/lib/python3.12/site-packages/airflow/example_dags/example_latest_only_with_trigger.py took 0.082 seconds
[2026-07-18T21:58:48.942+0545] {processor.py:161} INFO - Started process (PID=278861) to work on /home/snigdh/repos/bigData/spark_demo_env/lib/python3.12/site-packages/airflow/example_dags/example_latest_only_with_trigger.py
[2026-07-18T21:58:48.944+0545] {processor.py:830} INFO - Processing file /home/snigdh/repos/bigData/spark_demo_env/lib/python3.12/site-packages/airflow/example_dags/example_latest_only_with_trigger.py for tasks to queue
[2026-07-18T21:58:48.945+0545] {logging_mixin.py:188} INFO - [2026-07-18T21:58:48.944+0545] {dagbag.py:545} INFO - Filling up the DagBag from /home/snigdh/repos/bigData/spark_demo_env/lib/python3.12/site-packages/airflow/example_dags/example_latest_only_with_trigger.py
[2026-07-18T21:58:48.952+0545] {processor.py:840} INFO - DAG(s) 'latest_only_with_trigger' retrieved from /home/snigdh/repos/bigData/spark_demo_env/lib/python3.12/site-packages/airflow/example_dags/example_latest_only_with_trigger.py
[2026-07-18T21:58:48.972+0545] {logging_mixin.py:188} INFO - [2026-07-18T21:58:48.972+0545] {dag.py:3089} INFO - Sync 1 DAGs
[2026-07-18T21:58:48.991+0545] {logging_mixin.py:188} INFO - [2026-07-18T21:58:48.991+0545] {dag.py:3947} INFO - Setting next_dagrun for latest_only_with_trigger to 2026-07-18 12:00:00+00:00, run_after=2026-07-18 16:00:00+00:00
[2026-07-18T21:58:49.016+0545] {processor.py:183} INFO - Processing /home/snigdh/repos/bigData/spark_demo_env/lib/python3.12/site-packages/airflow/example_dags/example_latest_only_with_trigger.py took 0.082 seconds
[2026-07-18T21:59:36.396+0545] {processor.py:161} INFO - Started process (PID=279331) to work on /home/snigdh/repos/bigData/spark_demo_env/lib/python3.12/site-packages/airflow/example_dags/example_latest_only_with_trigger.py
[2026-07-18T21:59:36.400+0545] {processor.py:830} INFO - Processing file /home/snigdh/repos/bigData/spark_demo_env/lib/python3.12/site-packages/airflow/example_dags/example_latest_only_with_trigger.py for tasks to queue
[2026-07-18T21:59:36.401+0545] {logging_mixin.py:188} INFO - [2026-07-18T21:59:36.401+0545] {dagbag.py:545} INFO - Filling up the DagBag from /home/snigdh/repos/bigData/spark_demo_env/lib/python3.12/site-packages/airflow/example_dags/example_latest_only_with_trigger.py
[2026-07-18T21:59:36.410+0545] {processor.py:840} INFO - DAG(s) 'latest_only_with_trigger' retrieved from /home/snigdh/repos/bigData/spark_demo_env/lib/python3.12/site-packages/airflow/example_dags/example_latest_only_with_trigger.py
[2026-07-18T21:59:36.434+0545] {logging_mixin.py:188} INFO - [2026-07-18T21:59:36.434+0545] {dag.py:3089} INFO - Sync 1 DAGs
[2026-07-18T21:59:36.455+0545] {logging_mixin.py:188} INFO - [2026-07-18T21:59:36.455+0545] {dag.py:3947} INFO - Setting next_dagrun for latest_only_with_trigger to 2026-07-18 12:00:00+00:00, run_after=2026-07-18 16:00:00+00:00
[2026-07-18T21:59:36.476+0545] {processor.py:183} INFO - Processing /home/snigdh/repos/bigData/spark_demo_env/lib/python3.12/site-packages/airflow/example_dags/example_latest_only_with_trigger.py took 0.089 seconds
[2026-07-18T22:00:22.457+0545] {processor.py:161} INFO - Started process (PID=279726) to work on /home/snigdh/repos/bigData/spark_demo_env/lib/python3.12/site-packages/airflow/example_dags/example_latest_only_with_trigger.py
[2026-07-18T22:00:22.461+0545] {processor.py:830} INFO - Processing file /home/snigdh/repos/bigData/spark_demo_env/lib/python3.12/site-packages/airflow/example_dags/example_latest_only_with_trigger.py for tasks to queue
[2026-07-18T22:00:22.462+0545] {logging_mixin.py:188} INFO - [2026-07-18T22:00:22.462+0545] {dagbag.py:545} INFO - Filling up the DagBag from /home/snigdh/repos/bigData/spark_demo_env/lib/python3.12/site-packages/airflow/example_dags/example_latest_only_with_trigger.py
[2026-07-18T22:00:22.471+0545] {processor.py:840} INFO - DAG(s) 'latest_only_with_trigger' retrieved from /home/snigdh/repos/bigData/spark_demo_env/lib/python3.12/site-packages/airflow/example_dags/example_latest_only_with_trigger.py
[2026-07-18T22:00:22.496+0545] {logging_mixin.py:188} INFO - [2026-07-18T22:00:22.496+0545] {dag.py:3089} INFO - Sync 1 DAGs
[2026-07-18T22:00:22.515+0545] {logging_mixin.py:188} INFO - [2026-07-18T22:00:22.514+0545] {dag.py:3947} INFO - Setting next_dagrun for latest_only_with_trigger to 2026-07-18 12:00:00+00:00, run_after=2026-07-18 16:00:00+00:00
[2026-07-18T22:00:22.537+0545] {processor.py:183} INFO - Processing /home/snigdh/repos/bigData/spark_demo_env/lib/python3.12/site-packages/airflow/example_dags/example_latest_only_with_trigger.py took 0.088 seconds
[2026-07-18T22:01:10.251+0545] {processor.py:161} INFO - Started process (PID=280191) to work on /home/snigdh/repos/bigData/spark_demo_env/lib/python3.12/site-packages/airflow/example_dags/example_latest_only_with_trigger.py
[2026-07-18T22:01:10.255+0545] {processor.py:830} INFO - Processing file /home/snigdh/repos/bigData/spark_demo_env/lib/python3.12/site-packages/airflow/example_dags/example_latest_only_with_trigger.py for tasks to queue
[2026-07-18T22:01:10.256+0545] {logging_mixin.py:188} INFO - [2026-07-18T22:01:10.255+0545] {dagbag.py:545} INFO - Filling up the DagBag from /home/snigdh/repos/bigData/spark_demo_env/lib/python3.12/site-packages/airflow/example_dags/example_latest_only_with_trigger.py
[2026-07-18T22:01:10.262+0545] {processor.py:840} INFO - DAG(s) 'latest_only_with_trigger' retrieved from /home/snigdh/repos/bigData/spark_demo_env/lib/python3.12/site-packages/airflow/example_dags/example_latest_only_with_trigger.py
[2026-07-18T22:01:10.283+0545] {logging_mixin.py:188} INFO - [2026-07-18T22:01:10.283+0545] {dag.py:3089} INFO - Sync 1 DAGs
[2026-07-18T22:01:10.302+0545] {logging_mixin.py:188} INFO - [2026-07-18T22:01:10.302+0545] {dag.py:3947} INFO - Setting next_dagrun for latest_only_with_trigger to 2026-07-18 12:00:00+00:00, run_after=2026-07-18 16:00:00+00:00
[2026-07-18T22:01:10.329+0545] {processor.py:183} INFO - Processing /home/snigdh/repos/bigData/spark_demo_env/lib/python3.12/site-packages/airflow/example_dags/example_latest_only_with_trigger.py took 0.085 seconds
[2026-07-18T22:02:16.463+0545] {processor.py:161} INFO - Started process (PID=280804) to work on /home/snigdh/repos/bigData/spark_demo_env/lib/python3.12/site-packages/airflow/example_dags/example_latest_only_with_trigger.py
[2026-07-18T22:02:16.466+0545] {processor.py:830} INFO - Processing file /home/snigdh/repos/bigData/spark_demo_env/lib/python3.12/site-packages/airflow/example_dags/example_latest_only_with_trigger.py for tasks to queue
[2026-07-18T22:02:16.468+0545] {logging_mixin.py:188} INFO - [2026-07-18T22:02:16.467+0545] {dagbag.py:545} INFO - Filling up the DagBag from /home/snigdh/repos/bigData/spark_demo_env/lib/python3.12/site-packages/airflow/example_dags/example_latest_only_with_trigger.py
[2026-07-18T22:02:16.476+0545] {processor.py:840} INFO - DAG(s) 'latest_only_with_trigger' retrieved from /home/snigdh/repos/bigData/spark_demo_env/lib/python3.12/site-packages/airflow/example_dags/example_latest_only_with_trigger.py
[2026-07-18T22:02:16.497+0545] {logging_mixin.py:188} INFO - [2026-07-18T22:02:16.497+0545] {dag.py:3089} INFO - Sync 1 DAGs
[2026-07-18T22:02:16.518+0545] {logging_mixin.py:188} INFO - [2026-07-18T22:02:16.517+0545] {dag.py:3947} INFO - Setting next_dagrun for latest_only_with_trigger to 2026-07-18 12:00:00+00:00, run_after=2026-07-18 16:00:00+00:00
[2026-07-18T22:02:16.544+0545] {processor.py:183} INFO - Processing /home/snigdh/repos/bigData/spark_demo_env/lib/python3.12/site-packages/airflow/example_dags/example_latest_only_with_trigger.py took 0.089 seconds
