[2026-07-18T21:38:19.530+0545] {processor.py:161} INFO - Started process (PID=262414) to work on /home/snigdh/repos/bigData/spark_demo_env/lib/python3.12/site-packages/airflow/example_dags/example_trigger_controller_dag.py
[2026-07-18T21:38:19.531+0545] {processor.py:830} INFO - Processing file /home/snigdh/repos/bigData/spark_demo_env/lib/python3.12/site-packages/airflow/example_dags/example_trigger_controller_dag.py for tasks to queue
[2026-07-18T21:38:19.534+0545] {logging_mixin.py:188} INFO - [2026-07-18T21:38:19.533+0545] {dagbag.py:545} INFO - Filling up the DagBag from /home/snigdh/repos/bigData/spark_demo_env/lib/python3.12/site-packages/airflow/example_dags/example_trigger_controller_dag.py
[2026-07-18T21:38:19.540+0545] {processor.py:840} INFO - DAG(s) 'example_trigger_controller_dag' retrieved from /home/snigdh/repos/bigData/spark_demo_env/lib/python3.12/site-packages/airflow/example_dags/example_trigger_controller_dag.py
[2026-07-18T21:38:19.650+0545] {logging_mixin.py:188} INFO - [2026-07-18T21:38:19.649+0545] {override.py:1858} INFO - Created Permission View: can delete on DAG:example_trigger_controller_dag
[2026-07-18T21:38:19.661+0545] {logging_mixin.py:188} INFO - [2026-07-18T21:38:19.661+0545] {override.py:1858} INFO - Created Permission View: can read on DAG:example_trigger_controller_dag
[2026-07-18T21:38:19.672+0545] {logging_mixin.py:188} INFO - [2026-07-18T21:38:19.671+0545] {override.py:1858} INFO - Created Permission View: can edit on DAG:example_trigger_controller_dag
[2026-07-18T21:38:19.672+0545] {logging_mixin.py:188} INFO - [2026-07-18T21:38:19.672+0545] {dag.py:3089} INFO - Sync 1 DAGs
[2026-07-18T21:38:19.683+0545] {logging_mixin.py:188} INFO - [2026-07-18T21:38:19.682+0545] {dag.py:3111} INFO - Creating ORM DAG for example_trigger_controller_dag
[2026-07-18T21:38:19.693+0545] {logging_mixin.py:188} INFO - [2026-07-18T21:38:19.693+0545] {dag.py:3947} INFO - Setting next_dagrun for example_trigger_controller_dag to 2021-01-01 00:00:00+00:00, run_after=2021-01-01 00:00:00+00:00
[2026-07-18T21:38:19.718+0545] {processor.py:183} INFO - Processing /home/snigdh/repos/bigData/spark_demo_env/lib/python3.12/site-packages/airflow/example_dags/example_trigger_controller_dag.py took 0.196 seconds
[2026-07-18T21:39:20.364+0545] {processor.py:161} INFO - Started process (PID=262722) to work on /home/snigdh/repos/bigData/spark_demo_env/lib/python3.12/site-packages/airflow/example_dags/example_trigger_controller_dag.py
[2026-07-18T21:39:20.368+0545] {processor.py:830} INFO - Processing file /home/snigdh/repos/bigData/spark_demo_env/lib/python3.12/site-packages/airflow/example_dags/example_trigger_controller_dag.py for tasks to queue
[2026-07-18T21:39:20.372+0545] {logging_mixin.py:188} INFO - [2026-07-18T21:39:20.371+0545] {dagbag.py:545} INFO - Filling up the DagBag from /home/snigdh/repos/bigData/spark_demo_env/lib/python3.12/site-packages/airflow/example_dags/example_trigger_controller_dag.py
[2026-07-18T21:39:20.380+0545] {processor.py:840} INFO - DAG(s) 'example_trigger_controller_dag' retrieved from /home/snigdh/repos/bigData/spark_demo_env/lib/python3.12/site-packages/airflow/example_dags/example_trigger_controller_dag.py
[2026-07-18T21:39:20.406+0545] {logging_mixin.py:188} INFO - [2026-07-18T21:39:20.405+0545] {dag.py:3089} INFO - Sync 1 DAGs
[2026-07-18T21:39:20.430+0545] {logging_mixin.py:188} INFO - [2026-07-18T21:39:20.429+0545] {dag.py:3947} INFO - Setting next_dagrun for example_trigger_controller_dag to 2021-01-01 00:00:00+00:00, run_after=2021-01-01 00:00:00+00:00
[2026-07-18T21:39:20.455+0545] {processor.py:183} INFO - Processing /home/snigdh/repos/bigData/spark_demo_env/lib/python3.12/site-packages/airflow/example_dags/example_trigger_controller_dag.py took 0.101 seconds
[2026-07-18T21:40:14.245+0545] {processor.py:161} INFO - Started process (PID=263012) to work on /home/snigdh/repos/bigData/spark_demo_env/lib/python3.12/site-packages/airflow/example_dags/example_trigger_controller_dag.py
[2026-07-18T21:40:14.249+0545] {processor.py:830} INFO - Processing file /home/snigdh/repos/bigData/spark_demo_env/lib/python3.12/site-packages/airflow/example_dags/example_trigger_controller_dag.py for tasks to queue
[2026-07-18T21:40:14.250+0545] {logging_mixin.py:188} INFO - [2026-07-18T21:40:14.250+0545] {dagbag.py:545} INFO - Filling up the DagBag from /home/snigdh/repos/bigData/spark_demo_env/lib/python3.12/site-packages/airflow/example_dags/example_trigger_controller_dag.py
[2026-07-18T21:40:14.256+0545] {processor.py:840} INFO - DAG(s) 'example_trigger_controller_dag' retrieved from /home/snigdh/repos/bigData/spark_demo_env/lib/python3.12/site-packages/airflow/example_dags/example_trigger_controller_dag.py
[2026-07-18T21:40:14.265+0545] {logging_mixin.py:188} INFO - [2026-07-18T21:40:14.264+0545] {dag.py:3089} INFO - Sync 1 DAGs
[2026-07-18T21:40:14.286+0545] {logging_mixin.py:188} INFO - [2026-07-18T21:40:14.286+0545] {dag.py:3947} INFO - Setting next_dagrun for example_trigger_controller_dag to 2021-01-01 00:00:00+00:00, run_after=2021-01-01 00:00:00+00:00
[2026-07-18T21:40:14.312+0545] {processor.py:183} INFO - Processing /home/snigdh/repos/bigData/spark_demo_env/lib/python3.12/site-packages/airflow/example_dags/example_trigger_controller_dag.py took 0.073 seconds
[2026-07-18T21:46:33.768+0545] {processor.py:161} INFO - Started process (PID=269836) to work on /home/snigdh/repos/bigData/spark_demo_env/lib/python3.12/site-packages/airflow/example_dags/example_trigger_controller_dag.py
[2026-07-18T21:46:33.772+0545] {processor.py:830} INFO - Processing file /home/snigdh/repos/bigData/spark_demo_env/lib/python3.12/site-packages/airflow/example_dags/example_trigger_controller_dag.py for tasks to queue
[2026-07-18T21:46:33.774+0545] {logging_mixin.py:188} INFO - [2026-07-18T21:46:33.773+0545] {dagbag.py:545} INFO - Filling up the DagBag from /home/snigdh/repos/bigData/spark_demo_env/lib/python3.12/site-packages/airflow/example_dags/example_trigger_controller_dag.py
[2026-07-18T21:46:33.782+0545] {processor.py:840} INFO - DAG(s) 'example_trigger_controller_dag' retrieved from /home/snigdh/repos/bigData/spark_demo_env/lib/python3.12/site-packages/airflow/example_dags/example_trigger_controller_dag.py
[2026-07-18T21:46:33.929+0545] {logging_mixin.py:188} INFO - [2026-07-18T21:46:33.929+0545] {dag.py:3089} INFO - Sync 1 DAGs
[2026-07-18T21:46:33.948+0545] {logging_mixin.py:188} INFO - [2026-07-18T21:46:33.947+0545] {dag.py:3947} INFO - Setting next_dagrun for example_trigger_controller_dag to 2021-01-01 00:00:00+00:00, run_after=2021-01-01 00:00:00+00:00
[2026-07-18T21:46:33.973+0545] {processor.py:183} INFO - Processing /home/snigdh/repos/bigData/spark_demo_env/lib/python3.12/site-packages/airflow/example_dags/example_trigger_controller_dag.py took 0.215 seconds
[2026-07-18T21:47:35.534+0545] {processor.py:161} INFO - Started process (PID=270508) to work on /home/snigdh/repos/bigData/spark_demo_env/lib/python3.12/site-packages/airflow/example_dags/example_trigger_controller_dag.py
[2026-07-18T21:47:35.536+0545] {processor.py:830} INFO - Processing file /home/snigdh/repos/bigData/spark_demo_env/lib/python3.12/site-packages/airflow/example_dags/example_trigger_controller_dag.py for tasks to queue
[2026-07-18T21:47:35.537+0545] {logging_mixin.py:188} INFO - [2026-07-18T21:47:35.537+0545] {dagbag.py:545} INFO - Filling up the DagBag from /home/snigdh/repos/bigData/spark_demo_env/lib/python3.12/site-packages/airflow/example_dags/example_trigger_controller_dag.py
[2026-07-18T21:47:35.545+0545] {processor.py:840} INFO - DAG(s) 'example_trigger_controller_dag' retrieved from /home/snigdh/repos/bigData/spark_demo_env/lib/python3.12/site-packages/airflow/example_dags/example_trigger_controller_dag.py
[2026-07-18T21:47:35.563+0545] {logging_mixin.py:188} INFO - [2026-07-18T21:47:35.563+0545] {dag.py:3089} INFO - Sync 1 DAGs
[2026-07-18T21:47:35.584+0545] {logging_mixin.py:188} INFO - [2026-07-18T21:47:35.584+0545] {dag.py:3947} INFO - Setting next_dagrun for example_trigger_controller_dag to 2021-01-01 00:00:00+00:00, run_after=2021-01-01 00:00:00+00:00
[2026-07-18T21:47:35.605+0545] {processor.py:183} INFO - Processing /home/snigdh/repos/bigData/spark_demo_env/lib/python3.12/site-packages/airflow/example_dags/example_trigger_controller_dag.py took 0.079 seconds
[2026-07-18T21:48:25.048+0545] {processor.py:161} INFO - Started process (PID=271118) to work on /home/snigdh/repos/bigData/spark_demo_env/lib/python3.12/site-packages/airflow/example_dags/example_trigger_controller_dag.py
[2026-07-18T21:48:25.052+0545] {processor.py:830} INFO - Processing file /home/snigdh/repos/bigData/spark_demo_env/lib/python3.12/site-packages/airflow/example_dags/example_trigger_controller_dag.py for tasks to queue
[2026-07-18T21:48:25.053+0545] {logging_mixin.py:188} INFO - [2026-07-18T21:48:25.053+0545] {dagbag.py:545} INFO - Filling up the DagBag from /home/snigdh/repos/bigData/spark_demo_env/lib/python3.12/site-packages/airflow/example_dags/example_trigger_controller_dag.py
[2026-07-18T21:48:25.060+0545] {processor.py:840} INFO - DAG(s) 'example_trigger_controller_dag' retrieved from /home/snigdh/repos/bigData/spark_demo_env/lib/python3.12/site-packages/airflow/example_dags/example_trigger_controller_dag.py
[2026-07-18T21:48:25.081+0545] {logging_mixin.py:188} INFO - [2026-07-18T21:48:25.080+0545] {dag.py:3089} INFO - Sync 1 DAGs
[2026-07-18T21:48:25.100+0545] {logging_mixin.py:188} INFO - [2026-07-18T21:48:25.099+0545] {dag.py:3947} INFO - Setting next_dagrun for example_trigger_controller_dag to 2021-01-01 00:00:00+00:00, run_after=2021-01-01 00:00:00+00:00
[2026-07-18T21:48:25.123+0545] {processor.py:183} INFO - Processing /home/snigdh/repos/bigData/spark_demo_env/lib/python3.12/site-packages/airflow/example_dags/example_trigger_controller_dag.py took 0.082 seconds
[2026-07-18T21:49:20.544+0545] {processor.py:161} INFO - Started process (PID=271998) to work on /home/snigdh/repos/bigData/spark_demo_env/lib/python3.12/site-packages/airflow/example_dags/example_trigger_controller_dag.py
[2026-07-18T21:49:20.548+0545] {processor.py:830} INFO - Processing file /home/snigdh/repos/bigData/spark_demo_env/lib/python3.12/site-packages/airflow/example_dags/example_trigger_controller_dag.py for tasks to queue
[2026-07-18T21:49:20.549+0545] {logging_mixin.py:188} INFO - [2026-07-18T21:49:20.549+0545] {dagbag.py:545} INFO - Filling up the DagBag from /home/snigdh/repos/bigData/spark_demo_env/lib/python3.12/site-packages/airflow/example_dags/example_trigger_controller_dag.py
[2026-07-18T21:49:20.558+0545] {processor.py:840} INFO - DAG(s) 'example_trigger_controller_dag' retrieved from /home/snigdh/repos/bigData/spark_demo_env/lib/python3.12/site-packages/airflow/example_dags/example_trigger_controller_dag.py
[2026-07-18T21:49:20.582+0545] {logging_mixin.py:188} INFO - [2026-07-18T21:49:20.582+0545] {dag.py:3089} INFO - Sync 1 DAGs
[2026-07-18T21:49:20.737+0545] {logging_mixin.py:188} INFO - [2026-07-18T21:49:20.737+0545] {dag.py:3947} INFO - Setting next_dagrun for example_trigger_controller_dag to 2021-01-01 00:00:00+00:00, run_after=2021-01-01 00:00:00+00:00
[2026-07-18T21:49:20.759+0545] {processor.py:183} INFO - Processing /home/snigdh/repos/bigData/spark_demo_env/lib/python3.12/site-packages/airflow/example_dags/example_trigger_controller_dag.py took 0.223 seconds
[2026-07-18T21:50:14.396+0545] {processor.py:161} INFO - Started process (PID=272651) to work on /home/snigdh/repos/bigData/spark_demo_env/lib/python3.12/site-packages/airflow/example_dags/example_trigger_controller_dag.py
[2026-07-18T21:50:14.400+0545] {processor.py:830} INFO - Processing file /home/snigdh/repos/bigData/spark_demo_env/lib/python3.12/site-packages/airflow/example_dags/example_trigger_controller_dag.py for tasks to queue
[2026-07-18T21:50:14.401+0545] {logging_mixin.py:188} INFO - [2026-07-18T21:50:14.401+0545] {dagbag.py:545} INFO - Filling up the DagBag from /home/snigdh/repos/bigData/spark_demo_env/lib/python3.12/site-packages/airflow/example_dags/example_trigger_controller_dag.py
[2026-07-18T21:50:14.407+0545] {processor.py:840} INFO - DAG(s) 'example_trigger_controller_dag' retrieved from /home/snigdh/repos/bigData/spark_demo_env/lib/python3.12/site-packages/airflow/example_dags/example_trigger_controller_dag.py
[2026-07-18T21:50:14.428+0545] {logging_mixin.py:188} INFO - [2026-07-18T21:50:14.427+0545] {dag.py:3089} INFO - Sync 1 DAGs
[2026-07-18T21:50:14.446+0545] {logging_mixin.py:188} INFO - [2026-07-18T21:50:14.446+0545] {dag.py:3947} INFO - Setting next_dagrun for example_trigger_controller_dag to 2021-01-01 00:00:00+00:00, run_after=2021-01-01 00:00:00+00:00
[2026-07-18T21:50:14.474+0545] {processor.py:183} INFO - Processing /home/snigdh/repos/bigData/spark_demo_env/lib/python3.12/site-packages/airflow/example_dags/example_trigger_controller_dag.py took 0.085 seconds
[2026-07-18T21:50:57.461+0545] {processor.py:161} INFO - Started process (PID=273252) to work on /home/snigdh/repos/bigData/spark_demo_env/lib/python3.12/site-packages/airflow/example_dags/example_trigger_controller_dag.py
[2026-07-18T21:50:57.465+0545] {processor.py:830} INFO - Processing file /home/snigdh/repos/bigData/spark_demo_env/lib/python3.12/site-packages/airflow/example_dags/example_trigger_controller_dag.py for tasks to queue
[2026-07-18T21:50:57.465+0545] {logging_mixin.py:188} INFO - [2026-07-18T21:50:57.465+0545] {dagbag.py:545} INFO - Filling up the DagBag from /home/snigdh/repos/bigData/spark_demo_env/lib/python3.12/site-packages/airflow/example_dags/example_trigger_controller_dag.py
[2026-07-18T21:50:57.471+0545] {processor.py:840} INFO - DAG(s) 'example_trigger_controller_dag' retrieved from /home/snigdh/repos/bigData/spark_demo_env/lib/python3.12/site-packages/airflow/example_dags/example_trigger_controller_dag.py
[2026-07-18T21:50:57.488+0545] {logging_mixin.py:188} INFO - [2026-07-18T21:50:57.487+0545] {dag.py:3089} INFO - Sync 1 DAGs
[2026-07-18T21:50:57.505+0545] {logging_mixin.py:188} INFO - [2026-07-18T21:50:57.505+0545] {dag.py:3947} INFO - Setting next_dagrun for example_trigger_controller_dag to 2021-01-01 00:00:00+00:00, run_after=2021-01-01 00:00:00+00:00
[2026-07-18T21:50:57.529+0545] {processor.py:183} INFO - Processing /home/snigdh/repos/bigData/spark_demo_env/lib/python3.12/site-packages/airflow/example_dags/example_trigger_controller_dag.py took 0.073 seconds
[2026-07-18T21:51:43.990+0545] {processor.py:161} INFO - Started process (PID=273891) to work on /home/snigdh/repos/bigData/spark_demo_env/lib/python3.12/site-packages/airflow/example_dags/example_trigger_controller_dag.py
[2026-07-18T21:51:43.993+0545] {processor.py:830} INFO - Processing file /home/snigdh/repos/bigData/spark_demo_env/lib/python3.12/site-packages/airflow/example_dags/example_trigger_controller_dag.py for tasks to queue
[2026-07-18T21:51:43.995+0545] {logging_mixin.py:188} INFO - [2026-07-18T21:51:43.994+0545] {dagbag.py:545} INFO - Filling up the DagBag from /home/snigdh/repos/bigData/spark_demo_env/lib/python3.12/site-packages/airflow/example_dags/example_trigger_controller_dag.py
[2026-07-18T21:51:44.001+0545] {processor.py:840} INFO - DAG(s) 'example_trigger_controller_dag' retrieved from /home/snigdh/repos/bigData/spark_demo_env/lib/python3.12/site-packages/airflow/example_dags/example_trigger_controller_dag.py
[2026-07-18T21:51:44.018+0545] {logging_mixin.py:188} INFO - [2026-07-18T21:51:44.018+0545] {dag.py:3089} INFO - Sync 1 DAGs
[2026-07-18T21:51:44.033+0545] {logging_mixin.py:188} INFO - [2026-07-18T21:51:44.032+0545] {dag.py:3947} INFO - Setting next_dagrun for example_trigger_controller_dag to 2021-01-01 00:00:00+00:00, run_after=2021-01-01 00:00:00+00:00
[2026-07-18T21:51:44.052+0545] {processor.py:183} INFO - Processing /home/snigdh/repos/bigData/spark_demo_env/lib/python3.12/site-packages/airflow/example_dags/example_trigger_controller_dag.py took 0.069 seconds
[2026-07-18T21:52:30.591+0545] {processor.py:161} INFO - Started process (PID=274509) to work on /home/snigdh/repos/bigData/spark_demo_env/lib/python3.12/site-packages/airflow/example_dags/example_trigger_controller_dag.py
[2026-07-18T21:52:30.594+0545] {processor.py:830} INFO - Processing file /home/snigdh/repos/bigData/spark_demo_env/lib/python3.12/site-packages/airflow/example_dags/example_trigger_controller_dag.py for tasks to queue
[2026-07-18T21:52:30.595+0545] {logging_mixin.py:188} INFO - [2026-07-18T21:52:30.594+0545] {dagbag.py:545} INFO - Filling up the DagBag from /home/snigdh/repos/bigData/spark_demo_env/lib/python3.12/site-packages/airflow/example_dags/example_trigger_controller_dag.py
[2026-07-18T21:52:30.598+0545] {processor.py:840} INFO - DAG(s) 'example_trigger_controller_dag' retrieved from /home/snigdh/repos/bigData/spark_demo_env/lib/python3.12/site-packages/airflow/example_dags/example_trigger_controller_dag.py
[2026-07-18T21:52:30.616+0545] {logging_mixin.py:188} INFO - [2026-07-18T21:52:30.615+0545] {dag.py:3089} INFO - Sync 1 DAGs
[2026-07-18T21:52:30.637+0545] {logging_mixin.py:188} INFO - [2026-07-18T21:52:30.636+0545] {dag.py:3947} INFO - Setting next_dagrun for example_trigger_controller_dag to 2021-01-01 00:00:00+00:00, run_after=2021-01-01 00:00:00+00:00
[2026-07-18T21:52:30.666+0545] {processor.py:183} INFO - Processing /home/snigdh/repos/bigData/spark_demo_env/lib/python3.12/site-packages/airflow/example_dags/example_trigger_controller_dag.py took 0.083 seconds
[2026-07-18T21:53:15.514+0545] {processor.py:161} INFO - Started process (PID=275099) to work on /home/snigdh/repos/bigData/spark_demo_env/lib/python3.12/site-packages/airflow/example_dags/example_trigger_controller_dag.py
[2026-07-18T21:53:15.516+0545] {processor.py:830} INFO - Processing file /home/snigdh/repos/bigData/spark_demo_env/lib/python3.12/site-packages/airflow/example_dags/example_trigger_controller_dag.py for tasks to queue
[2026-07-18T21:53:15.517+0545] {logging_mixin.py:188} INFO - [2026-07-18T21:53:15.517+0545] {dagbag.py:545} INFO - Filling up the DagBag from /home/snigdh/repos/bigData/spark_demo_env/lib/python3.12/site-packages/airflow/example_dags/example_trigger_controller_dag.py
[2026-07-18T21:53:15.523+0545] {processor.py:840} INFO - DAG(s) 'example_trigger_controller_dag' retrieved from /home/snigdh/repos/bigData/spark_demo_env/lib/python3.12/site-packages/airflow/example_dags/example_trigger_controller_dag.py
[2026-07-18T21:53:15.546+0545] {logging_mixin.py:188} INFO - [2026-07-18T21:53:15.545+0545] {dag.py:3089} INFO - Sync 1 DAGs
[2026-07-18T21:53:15.568+0545] {logging_mixin.py:188} INFO - [2026-07-18T21:53:15.567+0545] {dag.py:3947} INFO - Setting next_dagrun for example_trigger_controller_dag to 2021-01-01 00:00:00+00:00, run_after=2021-01-01 00:00:00+00:00
[2026-07-18T21:53:15.605+0545] {processor.py:183} INFO - Processing /home/snigdh/repos/bigData/spark_demo_env/lib/python3.12/site-packages/airflow/example_dags/example_trigger_controller_dag.py took 0.098 seconds
[2026-07-18T21:54:05.487+0545] {processor.py:161} INFO - Started process (PID=275945) to work on /home/snigdh/repos/bigData/spark_demo_env/lib/python3.12/site-packages/airflow/example_dags/example_trigger_controller_dag.py
[2026-07-18T21:54:05.489+0545] {processor.py:830} INFO - Processing file /home/snigdh/repos/bigData/spark_demo_env/lib/python3.12/site-packages/airflow/example_dags/example_trigger_controller_dag.py for tasks to queue
[2026-07-18T21:54:05.490+0545] {logging_mixin.py:188} INFO - [2026-07-18T21:54:05.489+0545] {dagbag.py:545} INFO - Filling up the DagBag from /home/snigdh/repos/bigData/spark_demo_env/lib/python3.12/site-packages/airflow/example_dags/example_trigger_controller_dag.py
[2026-07-18T21:54:05.497+0545] {processor.py:840} INFO - DAG(s) 'example_trigger_controller_dag' retrieved from /home/snigdh/repos/bigData/spark_demo_env/lib/python3.12/site-packages/airflow/example_dags/example_trigger_controller_dag.py
[2026-07-18T21:54:05.512+0545] {logging_mixin.py:188} INFO - [2026-07-18T21:54:05.512+0545] {dag.py:3089} INFO - Sync 1 DAGs
[2026-07-18T21:54:05.531+0545] {logging_mixin.py:188} INFO - [2026-07-18T21:54:05.531+0545] {dag.py:3947} INFO - Setting next_dagrun for example_trigger_controller_dag to 2021-01-01 00:00:00+00:00, run_after=2021-01-01 00:00:00+00:00
[2026-07-18T21:54:05.557+0545] {processor.py:183} INFO - Processing /home/snigdh/repos/bigData/spark_demo_env/lib/python3.12/site-packages/airflow/example_dags/example_trigger_controller_dag.py took 0.077 seconds
[2026-07-18T21:54:53.326+0545] {processor.py:161} INFO - Started process (PID=276587) to work on /home/snigdh/repos/bigData/spark_demo_env/lib/python3.12/site-packages/airflow/example_dags/example_trigger_controller_dag.py
[2026-07-18T21:54:53.328+0545] {processor.py:830} INFO - Processing file /home/snigdh/repos/bigData/spark_demo_env/lib/python3.12/site-packages/airflow/example_dags/example_trigger_controller_dag.py for tasks to queue
[2026-07-18T21:54:53.329+0545] {logging_mixin.py:188} INFO - [2026-07-18T21:54:53.328+0545] {dagbag.py:545} INFO - Filling up the DagBag from /home/snigdh/repos/bigData/spark_demo_env/lib/python3.12/site-packages/airflow/example_dags/example_trigger_controller_dag.py
[2026-07-18T21:54:53.337+0545] {processor.py:840} INFO - DAG(s) 'example_trigger_controller_dag' retrieved from /home/snigdh/repos/bigData/spark_demo_env/lib/python3.12/site-packages/airflow/example_dags/example_trigger_controller_dag.py
[2026-07-18T21:54:53.357+0545] {logging_mixin.py:188} INFO - [2026-07-18T21:54:53.357+0545] {dag.py:3089} INFO - Sync 1 DAGs
[2026-07-18T21:54:53.373+0545] {logging_mixin.py:188} INFO - [2026-07-18T21:54:53.373+0545] {dag.py:3947} INFO - Setting next_dagrun for example_trigger_controller_dag to 2021-01-01 00:00:00+00:00, run_after=2021-01-01 00:00:00+00:00
[2026-07-18T21:54:53.397+0545] {processor.py:183} INFO - Processing /home/snigdh/repos/bigData/spark_demo_env/lib/python3.12/site-packages/airflow/example_dags/example_trigger_controller_dag.py took 0.081 seconds
[2026-07-18T21:55:37.502+0545] {processor.py:161} INFO - Started process (PID=277053) to work on /home/snigdh/repos/bigData/spark_demo_env/lib/python3.12/site-packages/airflow/example_dags/example_trigger_controller_dag.py
[2026-07-18T21:55:37.504+0545] {processor.py:830} INFO - Processing file /home/snigdh/repos/bigData/spark_demo_env/lib/python3.12/site-packages/airflow/example_dags/example_trigger_controller_dag.py for tasks to queue
[2026-07-18T21:55:37.505+0545] {logging_mixin.py:188} INFO - [2026-07-18T21:55:37.504+0545] {dagbag.py:545} INFO - Filling up the DagBag from /home/snigdh/repos/bigData/spark_demo_env/lib/python3.12/site-packages/airflow/example_dags/example_trigger_controller_dag.py
[2026-07-18T21:55:37.511+0545] {processor.py:840} INFO - DAG(s) 'example_trigger_controller_dag' retrieved from /home/snigdh/repos/bigData/spark_demo_env/lib/python3.12/site-packages/airflow/example_dags/example_trigger_controller_dag.py
[2026-07-18T21:55:37.531+0545] {logging_mixin.py:188} INFO - [2026-07-18T21:55:37.531+0545] {dag.py:3089} INFO - Sync 1 DAGs
[2026-07-18T21:55:37.551+0545] {logging_mixin.py:188} INFO - [2026-07-18T21:55:37.550+0545] {dag.py:3947} INFO - Setting next_dagrun for example_trigger_controller_dag to 2021-01-01 00:00:00+00:00, run_after=2021-01-01 00:00:00+00:00
[2026-07-18T21:55:37.571+0545] {processor.py:183} INFO - Processing /home/snigdh/repos/bigData/spark_demo_env/lib/python3.12/site-packages/airflow/example_dags/example_trigger_controller_dag.py took 0.076 seconds
[2026-07-18T21:56:23.084+0545] {processor.py:161} INFO - Started process (PID=277460) to work on /home/snigdh/repos/bigData/spark_demo_env/lib/python3.12/site-packages/airflow/example_dags/example_trigger_controller_dag.py
[2026-07-18T21:56:23.086+0545] {processor.py:830} INFO - Processing file /home/snigdh/repos/bigData/spark_demo_env/lib/python3.12/site-packages/airflow/example_dags/example_trigger_controller_dag.py for tasks to queue
[2026-07-18T21:56:23.087+0545] {logging_mixin.py:188} INFO - [2026-07-18T21:56:23.087+0545] {dagbag.py:545} INFO - Filling up the DagBag from /home/snigdh/repos/bigData/spark_demo_env/lib/python3.12/site-packages/airflow/example_dags/example_trigger_controller_dag.py
[2026-07-18T21:56:23.094+0545] {processor.py:840} INFO - DAG(s) 'example_trigger_controller_dag' retrieved from /home/snigdh/repos/bigData/spark_demo_env/lib/python3.12/site-packages/airflow/example_dags/example_trigger_controller_dag.py
[2026-07-18T21:56:23.115+0545] {logging_mixin.py:188} INFO - [2026-07-18T21:56:23.114+0545] {dag.py:3089} INFO - Sync 1 DAGs
[2026-07-18T21:56:23.134+0545] {logging_mixin.py:188} INFO - [2026-07-18T21:56:23.134+0545] {dag.py:3947} INFO - Setting next_dagrun for example_trigger_controller_dag to 2021-01-01 00:00:00+00:00, run_after=2021-01-01 00:00:00+00:00
[2026-07-18T21:56:23.155+0545] {processor.py:183} INFO - Processing /home/snigdh/repos/bigData/spark_demo_env/lib/python3.12/site-packages/airflow/example_dags/example_trigger_controller_dag.py took 0.078 seconds
[2026-07-18T21:57:05.751+0545] {processor.py:161} INFO - Started process (PID=277891) to work on /home/snigdh/repos/bigData/spark_demo_env/lib/python3.12/site-packages/airflow/example_dags/example_trigger_controller_dag.py
[2026-07-18T21:57:05.755+0545] {processor.py:830} INFO - Processing file /home/snigdh/repos/bigData/spark_demo_env/lib/python3.12/site-packages/airflow/example_dags/example_trigger_controller_dag.py for tasks to queue
[2026-07-18T21:57:05.757+0545] {logging_mixin.py:188} INFO - [2026-07-18T21:57:05.756+0545] {dagbag.py:545} INFO - Filling up the DagBag from /home/snigdh/repos/bigData/spark_demo_env/lib/python3.12/site-packages/airflow/example_dags/example_trigger_controller_dag.py
[2026-07-18T21:57:05.763+0545] {processor.py:840} INFO - DAG(s) 'example_trigger_controller_dag' retrieved from /home/snigdh/repos/bigData/spark_demo_env/lib/python3.12/site-packages/airflow/example_dags/example_trigger_controller_dag.py
[2026-07-18T21:57:05.784+0545] {logging_mixin.py:188} INFO - [2026-07-18T21:57:05.783+0545] {dag.py:3089} INFO - Sync 1 DAGs
[2026-07-18T21:57:05.805+0545] {logging_mixin.py:188} INFO - [2026-07-18T21:57:05.804+0545] {dag.py:3947} INFO - Setting next_dagrun for example_trigger_controller_dag to 2021-01-01 00:00:00+00:00, run_after=2021-01-01 00:00:00+00:00
[2026-07-18T21:57:05.826+0545] {processor.py:183} INFO - Processing /home/snigdh/repos/bigData/spark_demo_env/lib/python3.12/site-packages/airflow/example_dags/example_trigger_controller_dag.py took 0.083 seconds
[2026-07-18T21:57:52.543+0545] {processor.py:161} INFO - Started process (PID=278317) to work on /home/snigdh/repos/bigData/spark_demo_env/lib/python3.12/site-packages/airflow/example_dags/example_trigger_controller_dag.py
[2026-07-18T21:57:52.547+0545] {processor.py:830} INFO - Processing file /home/snigdh/repos/bigData/spark_demo_env/lib/python3.12/site-packages/airflow/example_dags/example_trigger_controller_dag.py for tasks to queue
[2026-07-18T21:57:52.548+0545] {logging_mixin.py:188} INFO - [2026-07-18T21:57:52.548+0545] {dagbag.py:545} INFO - Filling up the DagBag from /home/snigdh/repos/bigData/spark_demo_env/lib/python3.12/site-packages/airflow/example_dags/example_trigger_controller_dag.py
[2026-07-18T21:57:52.556+0545] {processor.py:840} INFO - DAG(s) 'example_trigger_controller_dag' retrieved from /home/snigdh/repos/bigData/spark_demo_env/lib/python3.12/site-packages/airflow/example_dags/example_trigger_controller_dag.py
[2026-07-18T21:57:52.583+0545] {logging_mixin.py:188} INFO - [2026-07-18T21:57:52.583+0545] {dag.py:3089} INFO - Sync 1 DAGs
[2026-07-18T21:57:52.612+0545] {logging_mixin.py:188} INFO - [2026-07-18T21:57:52.611+0545] {dag.py:3947} INFO - Setting next_dagrun for example_trigger_controller_dag to 2021-01-01 00:00:00+00:00, run_after=2021-01-01 00:00:00+00:00
[2026-07-18T21:57:52.644+0545] {processor.py:183} INFO - Processing /home/snigdh/repos/bigData/spark_demo_env/lib/python3.12/site-packages/airflow/example_dags/example_trigger_controller_dag.py took 0.112 seconds
[2026-07-18T21:58:37.042+0545] {processor.py:161} INFO - Started process (PID=278765) to work on /home/snigdh/repos/bigData/spark_demo_env/lib/python3.12/site-packages/airflow/example_dags/example_trigger_controller_dag.py
[2026-07-18T21:58:37.046+0545] {processor.py:830} INFO - Processing file /home/snigdh/repos/bigData/spark_demo_env/lib/python3.12/site-packages/airflow/example_dags/example_trigger_controller_dag.py for tasks to queue
[2026-07-18T21:58:37.047+0545] {logging_mixin.py:188} INFO - [2026-07-18T21:58:37.047+0545] {dagbag.py:545} INFO - Filling up the DagBag from /home/snigdh/repos/bigData/spark_demo_env/lib/python3.12/site-packages/airflow/example_dags/example_trigger_controller_dag.py
[2026-07-18T21:58:37.054+0545] {processor.py:840} INFO - DAG(s) 'example_trigger_controller_dag' retrieved from /home/snigdh/repos/bigData/spark_demo_env/lib/python3.12/site-packages/airflow/example_dags/example_trigger_controller_dag.py
[2026-07-18T21:58:37.074+0545] {logging_mixin.py:188} INFO - [2026-07-18T21:58:37.073+0545] {dag.py:3089} INFO - Sync 1 DAGs
[2026-07-18T21:58:37.092+0545] {logging_mixin.py:188} INFO - [2026-07-18T21:58:37.092+0545] {dag.py:3947} INFO - Setting next_dagrun for example_trigger_controller_dag to 2021-01-01 00:00:00+00:00, run_after=2021-01-01 00:00:00+00:00
[2026-07-18T21:58:37.118+0545] {processor.py:183} INFO - Processing /home/snigdh/repos/bigData/spark_demo_env/lib/python3.12/site-packages/airflow/example_dags/example_trigger_controller_dag.py took 0.083 seconds
[2026-07-18T21:59:22.652+0545] {processor.py:161} INFO - Started process (PID=279179) to work on /home/snigdh/repos/bigData/spark_demo_env/lib/python3.12/site-packages/airflow/example_dags/example_trigger_controller_dag.py
[2026-07-18T21:59:22.656+0545] {processor.py:830} INFO - Processing file /home/snigdh/repos/bigData/spark_demo_env/lib/python3.12/site-packages/airflow/example_dags/example_trigger_controller_dag.py for tasks to queue
[2026-07-18T21:59:22.657+0545] {logging_mixin.py:188} INFO - [2026-07-18T21:59:22.656+0545] {dagbag.py:545} INFO - Filling up the DagBag from /home/snigdh/repos/bigData/spark_demo_env/lib/python3.12/site-packages/airflow/example_dags/example_trigger_controller_dag.py
[2026-07-18T21:59:22.663+0545] {processor.py:840} INFO - DAG(s) 'example_trigger_controller_dag' retrieved from /home/snigdh/repos/bigData/spark_demo_env/lib/python3.12/site-packages/airflow/example_dags/example_trigger_controller_dag.py
[2026-07-18T21:59:22.685+0545] {logging_mixin.py:188} INFO - [2026-07-18T21:59:22.685+0545] {dag.py:3089} INFO - Sync 1 DAGs
[2026-07-18T21:59:22.705+0545] {logging_mixin.py:188} INFO - [2026-07-18T21:59:22.705+0545] {dag.py:3947} INFO - Setting next_dagrun for example_trigger_controller_dag to 2021-01-01 00:00:00+00:00, run_after=2021-01-01 00:00:00+00:00
[2026-07-18T21:59:22.730+0545] {processor.py:183} INFO - Processing /home/snigdh/repos/bigData/spark_demo_env/lib/python3.12/site-packages/airflow/example_dags/example_trigger_controller_dag.py took 0.086 seconds
[2026-07-18T22:00:10.300+0545] {processor.py:161} INFO - Started process (PID=279641) to work on /home/snigdh/repos/bigData/spark_demo_env/lib/python3.12/site-packages/airflow/example_dags/example_trigger_controller_dag.py
[2026-07-18T22:00:10.304+0545] {processor.py:830} INFO - Processing file /home/snigdh/repos/bigData/spark_demo_env/lib/python3.12/site-packages/airflow/example_dags/example_trigger_controller_dag.py for tasks to queue
[2026-07-18T22:00:10.305+0545] {logging_mixin.py:188} INFO - [2026-07-18T22:00:10.304+0545] {dagbag.py:545} INFO - Filling up the DagBag from /home/snigdh/repos/bigData/spark_demo_env/lib/python3.12/site-packages/airflow/example_dags/example_trigger_controller_dag.py
[2026-07-18T22:00:10.311+0545] {processor.py:840} INFO - DAG(s) 'example_trigger_controller_dag' retrieved from /home/snigdh/repos/bigData/spark_demo_env/lib/python3.12/site-packages/airflow/example_dags/example_trigger_controller_dag.py
[2026-07-18T22:00:10.333+0545] {logging_mixin.py:188} INFO - [2026-07-18T22:00:10.332+0545] {dag.py:3089} INFO - Sync 1 DAGs
[2026-07-18T22:00:10.352+0545] {logging_mixin.py:188} INFO - [2026-07-18T22:00:10.351+0545] {dag.py:3947} INFO - Setting next_dagrun for example_trigger_controller_dag to 2021-01-01 00:00:00+00:00, run_after=2021-01-01 00:00:00+00:00
[2026-07-18T22:00:10.382+0545] {processor.py:183} INFO - Processing /home/snigdh/repos/bigData/spark_demo_env/lib/python3.12/site-packages/airflow/example_dags/example_trigger_controller_dag.py took 0.090 seconds
[2026-07-18T22:00:56.620+0545] {processor.py:161} INFO - Started process (PID=280034) to work on /home/snigdh/repos/bigData/spark_demo_env/lib/python3.12/site-packages/airflow/example_dags/example_trigger_controller_dag.py
[2026-07-18T22:00:56.623+0545] {processor.py:830} INFO - Processing file /home/snigdh/repos/bigData/spark_demo_env/lib/python3.12/site-packages/airflow/example_dags/example_trigger_controller_dag.py for tasks to queue
[2026-07-18T22:00:56.624+0545] {logging_mixin.py:188} INFO - [2026-07-18T22:00:56.624+0545] {dagbag.py:545} INFO - Filling up the DagBag from /home/snigdh/repos/bigData/spark_demo_env/lib/python3.12/site-packages/airflow/example_dags/example_trigger_controller_dag.py
[2026-07-18T22:00:56.632+0545] {processor.py:840} INFO - DAG(s) 'example_trigger_controller_dag' retrieved from /home/snigdh/repos/bigData/spark_demo_env/lib/python3.12/site-packages/airflow/example_dags/example_trigger_controller_dag.py
[2026-07-18T22:00:56.658+0545] {logging_mixin.py:188} INFO - [2026-07-18T22:00:56.657+0545] {dag.py:3089} INFO - Sync 1 DAGs
[2026-07-18T22:00:56.679+0545] {logging_mixin.py:188} INFO - [2026-07-18T22:00:56.678+0545] {dag.py:3947} INFO - Setting next_dagrun for example_trigger_controller_dag to 2021-01-01 00:00:00+00:00, run_after=2021-01-01 00:00:00+00:00
[2026-07-18T22:00:56.707+0545] {processor.py:183} INFO - Processing /home/snigdh/repos/bigData/spark_demo_env/lib/python3.12/site-packages/airflow/example_dags/example_trigger_controller_dag.py took 0.097 seconds
[2026-07-18T22:01:42.191+0545] {processor.py:161} INFO - Started process (PID=280485) to work on /home/snigdh/repos/bigData/spark_demo_env/lib/python3.12/site-packages/airflow/example_dags/example_trigger_controller_dag.py
[2026-07-18T22:01:42.195+0545] {processor.py:830} INFO - Processing file /home/snigdh/repos/bigData/spark_demo_env/lib/python3.12/site-packages/airflow/example_dags/example_trigger_controller_dag.py for tasks to queue
[2026-07-18T22:01:42.196+0545] {logging_mixin.py:188} INFO - [2026-07-18T22:01:42.196+0545] {dagbag.py:545} INFO - Filling up the DagBag from /home/snigdh/repos/bigData/spark_demo_env/lib/python3.12/site-packages/airflow/example_dags/example_trigger_controller_dag.py
[2026-07-18T22:01:42.203+0545] {processor.py:840} INFO - DAG(s) 'example_trigger_controller_dag' retrieved from /home/snigdh/repos/bigData/spark_demo_env/lib/python3.12/site-packages/airflow/example_dags/example_trigger_controller_dag.py
[2026-07-18T22:01:42.224+0545] {logging_mixin.py:188} INFO - [2026-07-18T22:01:42.224+0545] {dag.py:3089} INFO - Sync 1 DAGs
[2026-07-18T22:01:42.242+0545] {logging_mixin.py:188} INFO - [2026-07-18T22:01:42.241+0545] {dag.py:3947} INFO - Setting next_dagrun for example_trigger_controller_dag to 2021-01-01 00:00:00+00:00, run_after=2021-01-01 00:00:00+00:00
[2026-07-18T22:01:42.266+0545] {processor.py:183} INFO - Processing /home/snigdh/repos/bigData/spark_demo_env/lib/python3.12/site-packages/airflow/example_dags/example_trigger_controller_dag.py took 0.084 seconds
[2026-07-18T22:02:25.887+0545] {processor.py:161} INFO - Started process (PID=280876) to work on /home/snigdh/repos/bigData/spark_demo_env/lib/python3.12/site-packages/airflow/example_dags/example_trigger_controller_dag.py
[2026-07-18T22:02:25.891+0545] {processor.py:830} INFO - Processing file /home/snigdh/repos/bigData/spark_demo_env/lib/python3.12/site-packages/airflow/example_dags/example_trigger_controller_dag.py for tasks to queue
[2026-07-18T22:02:25.893+0545] {logging_mixin.py:188} INFO - [2026-07-18T22:02:25.892+0545] {dagbag.py:545} INFO - Filling up the DagBag from /home/snigdh/repos/bigData/spark_demo_env/lib/python3.12/site-packages/airflow/example_dags/example_trigger_controller_dag.py
[2026-07-18T22:02:25.900+0545] {processor.py:840} INFO - DAG(s) 'example_trigger_controller_dag' retrieved from /home/snigdh/repos/bigData/spark_demo_env/lib/python3.12/site-packages/airflow/example_dags/example_trigger_controller_dag.py
[2026-07-18T22:02:25.921+0545] {logging_mixin.py:188} INFO - [2026-07-18T22:02:25.920+0545] {dag.py:3089} INFO - Sync 1 DAGs
[2026-07-18T22:02:25.940+0545] {logging_mixin.py:188} INFO - [2026-07-18T22:02:25.939+0545] {dag.py:3947} INFO - Setting next_dagrun for example_trigger_controller_dag to 2021-01-01 00:00:00+00:00, run_after=2021-01-01 00:00:00+00:00
[2026-07-18T22:02:25.960+0545] {processor.py:183} INFO - Processing /home/snigdh/repos/bigData/spark_demo_env/lib/python3.12/site-packages/airflow/example_dags/example_trigger_controller_dag.py took 0.081 seconds
