[2026-07-18T21:38:53.540+0545] {processor.py:161} INFO - Started process (PID=262574) to work on /home/snigdh/repos/bigData/spark_demo_env/lib/python3.12/site-packages/airflow/example_dags/example_branch_datetime_operator.py
[2026-07-18T21:38:53.542+0545] {processor.py:830} INFO - Processing file /home/snigdh/repos/bigData/spark_demo_env/lib/python3.12/site-packages/airflow/example_dags/example_branch_datetime_operator.py for tasks to queue
[2026-07-18T21:38:53.544+0545] {logging_mixin.py:188} INFO - [2026-07-18T21:38:53.544+0545] {dagbag.py:545} INFO - Filling up the DagBag from /home/snigdh/repos/bigData/spark_demo_env/lib/python3.12/site-packages/airflow/example_dags/example_branch_datetime_operator.py
[2026-07-18T21:38:53.560+0545] {processor.py:840} INFO - DAG(s) 'example_branch_datetime_operator_3', 'example_branch_datetime_operator_2', 'example_branch_datetime_operator' retrieved from /home/snigdh/repos/bigData/spark_demo_env/lib/python3.12/site-packages/airflow/example_dags/example_branch_datetime_operator.py
[2026-07-18T21:38:53.679+0545] {logging_mixin.py:188} INFO - [2026-07-18T21:38:53.677+0545] {override.py:1858} INFO - Created Permission View: can delete on DAG:example_branch_datetime_operator_3
[2026-07-18T21:38:53.692+0545] {logging_mixin.py:188} INFO - [2026-07-18T21:38:53.691+0545] {override.py:1858} INFO - Created Permission View: can read on DAG:example_branch_datetime_operator_3
[2026-07-18T21:38:53.702+0545] {logging_mixin.py:188} INFO - [2026-07-18T21:38:53.701+0545] {override.py:1858} INFO - Created Permission View: can edit on DAG:example_branch_datetime_operator_3
[2026-07-18T21:38:53.723+0545] {logging_mixin.py:188} INFO - [2026-07-18T21:38:53.722+0545] {override.py:1858} INFO - Created Permission View: can delete on DAG:example_branch_datetime_operator_2
[2026-07-18T21:38:53.735+0545] {logging_mixin.py:188} INFO - [2026-07-18T21:38:53.734+0545] {override.py:1858} INFO - Created Permission View: can read on DAG:example_branch_datetime_operator_2
[2026-07-18T21:38:53.749+0545] {logging_mixin.py:188} INFO - [2026-07-18T21:38:53.748+0545] {override.py:1858} INFO - Created Permission View: can edit on DAG:example_branch_datetime_operator_2
[2026-07-18T21:38:53.777+0545] {logging_mixin.py:188} INFO - [2026-07-18T21:38:53.777+0545] {override.py:1858} INFO - Created Permission View: can delete on DAG:example_branch_datetime_operator
[2026-07-18T21:38:53.792+0545] {logging_mixin.py:188} INFO - [2026-07-18T21:38:53.791+0545] {override.py:1858} INFO - Created Permission View: can read on DAG:example_branch_datetime_operator
[2026-07-18T21:38:53.808+0545] {logging_mixin.py:188} INFO - [2026-07-18T21:38:53.807+0545] {override.py:1858} INFO - Created Permission View: can edit on DAG:example_branch_datetime_operator
[2026-07-18T21:38:53.808+0545] {logging_mixin.py:188} INFO - [2026-07-18T21:38:53.808+0545] {dag.py:3089} INFO - Sync 3 DAGs
[2026-07-18T21:38:53.824+0545] {logging_mixin.py:188} INFO - [2026-07-18T21:38:53.823+0545] {dag.py:3111} INFO - Creating ORM DAG for example_branch_datetime_operator
[2026-07-18T21:38:53.824+0545] {logging_mixin.py:188} INFO - [2026-07-18T21:38:53.824+0545] {dag.py:3111} INFO - Creating ORM DAG for example_branch_datetime_operator_3
[2026-07-18T21:38:53.825+0545] {logging_mixin.py:188} INFO - [2026-07-18T21:38:53.825+0545] {dag.py:3111} INFO - Creating ORM DAG for example_branch_datetime_operator_2
[2026-07-18T21:38:53.836+0545] {logging_mixin.py:188} INFO - [2026-07-18T21:38:53.836+0545] {dag.py:3947} INFO - Setting next_dagrun for example_branch_datetime_operator to 2026-07-17 00:00:00+00:00, run_after=2026-07-18 00:00:00+00:00
[2026-07-18T21:38:53.838+0545] {logging_mixin.py:188} INFO - [2026-07-18T21:38:53.838+0545] {dag.py:3947} INFO - Setting next_dagrun for example_branch_datetime_operator_2 to 2026-07-17 00:00:00+00:00, run_after=2026-07-18 00:00:00+00:00
[2026-07-18T21:38:53.839+0545] {logging_mixin.py:188} INFO - [2026-07-18T21:38:53.839+0545] {dag.py:3947} INFO - Setting next_dagrun for example_branch_datetime_operator_3 to 2026-07-17 00:00:00+00:00, run_after=2026-07-18 00:00:00+00:00
[2026-07-18T21:38:53.865+0545] {processor.py:183} INFO - Processing /home/snigdh/repos/bigData/spark_demo_env/lib/python3.12/site-packages/airflow/example_dags/example_branch_datetime_operator.py took 0.335 seconds
[2026-07-18T21:39:50.653+0545] {processor.py:161} INFO - Started process (PID=262864) to work on /home/snigdh/repos/bigData/spark_demo_env/lib/python3.12/site-packages/airflow/example_dags/example_branch_datetime_operator.py
[2026-07-18T21:39:50.657+0545] {processor.py:830} INFO - Processing file /home/snigdh/repos/bigData/spark_demo_env/lib/python3.12/site-packages/airflow/example_dags/example_branch_datetime_operator.py for tasks to queue
[2026-07-18T21:39:50.659+0545] {logging_mixin.py:188} INFO - [2026-07-18T21:39:50.658+0545] {dagbag.py:545} INFO - Filling up the DagBag from /home/snigdh/repos/bigData/spark_demo_env/lib/python3.12/site-packages/airflow/example_dags/example_branch_datetime_operator.py
[2026-07-18T21:39:50.673+0545] {processor.py:840} INFO - DAG(s) 'example_branch_datetime_operator_3', 'example_branch_datetime_operator_2', 'example_branch_datetime_operator' retrieved from /home/snigdh/repos/bigData/spark_demo_env/lib/python3.12/site-packages/airflow/example_dags/example_branch_datetime_operator.py
[2026-07-18T21:39:50.703+0545] {logging_mixin.py:188} INFO - [2026-07-18T21:39:50.703+0545] {dag.py:3089} INFO - Sync 3 DAGs
[2026-07-18T21:39:50.735+0545] {logging_mixin.py:188} INFO - [2026-07-18T21:39:50.735+0545] {dag.py:3947} INFO - Setting next_dagrun for example_branch_datetime_operator to 2026-07-17 00:00:00+00:00, run_after=2026-07-18 00:00:00+00:00
[2026-07-18T21:39:50.742+0545] {logging_mixin.py:188} INFO - [2026-07-18T21:39:50.741+0545] {dag.py:3947} INFO - Setting next_dagrun for example_branch_datetime_operator_2 to 2026-07-17 00:00:00+00:00, run_after=2026-07-18 00:00:00+00:00
[2026-07-18T21:39:50.744+0545] {logging_mixin.py:188} INFO - [2026-07-18T21:39:50.744+0545] {dag.py:3947} INFO - Setting next_dagrun for example_branch_datetime_operator_3 to 2026-07-17 00:00:00+00:00, run_after=2026-07-18 00:00:00+00:00
[2026-07-18T21:39:50.773+0545] {processor.py:183} INFO - Processing /home/snigdh/repos/bigData/spark_demo_env/lib/python3.12/site-packages/airflow/example_dags/example_branch_datetime_operator.py took 0.127 seconds
[2026-07-18T21:47:08.156+0545] {processor.py:161} INFO - Started process (PID=270152) to work on /home/snigdh/repos/bigData/spark_demo_env/lib/python3.12/site-packages/airflow/example_dags/example_branch_datetime_operator.py
[2026-07-18T21:47:08.160+0545] {processor.py:830} INFO - Processing file /home/snigdh/repos/bigData/spark_demo_env/lib/python3.12/site-packages/airflow/example_dags/example_branch_datetime_operator.py for tasks to queue
[2026-07-18T21:47:08.161+0545] {logging_mixin.py:188} INFO - [2026-07-18T21:47:08.161+0545] {dagbag.py:545} INFO - Filling up the DagBag from /home/snigdh/repos/bigData/spark_demo_env/lib/python3.12/site-packages/airflow/example_dags/example_branch_datetime_operator.py
[2026-07-18T21:47:08.177+0545] {processor.py:840} INFO - DAG(s) 'example_branch_datetime_operator', 'example_branch_datetime_operator_3', 'example_branch_datetime_operator_2' retrieved from /home/snigdh/repos/bigData/spark_demo_env/lib/python3.12/site-packages/airflow/example_dags/example_branch_datetime_operator.py
[2026-07-18T21:47:08.465+0545] {logging_mixin.py:188} INFO - [2026-07-18T21:47:08.465+0545] {dag.py:3089} INFO - Sync 3 DAGs
[2026-07-18T21:47:08.482+0545] {logging_mixin.py:188} INFO - [2026-07-18T21:47:08.481+0545] {dag.py:3947} INFO - Setting next_dagrun for example_branch_datetime_operator to 2026-07-17 00:00:00+00:00, run_after=2026-07-18 00:00:00+00:00
[2026-07-18T21:47:08.485+0545] {logging_mixin.py:188} INFO - [2026-07-18T21:47:08.485+0545] {dag.py:3947} INFO - Setting next_dagrun for example_branch_datetime_operator_2 to 2026-07-17 00:00:00+00:00, run_after=2026-07-18 00:00:00+00:00
[2026-07-18T21:47:08.487+0545] {logging_mixin.py:188} INFO - [2026-07-18T21:47:08.487+0545] {dag.py:3947} INFO - Setting next_dagrun for example_branch_datetime_operator_3 to 2026-07-17 00:00:00+00:00, run_after=2026-07-18 00:00:00+00:00
[2026-07-18T21:47:08.510+0545] {processor.py:183} INFO - Processing /home/snigdh/repos/bigData/spark_demo_env/lib/python3.12/site-packages/airflow/example_dags/example_branch_datetime_operator.py took 0.362 seconds
[2026-07-18T21:48:02.449+0545] {processor.py:161} INFO - Started process (PID=270822) to work on /home/snigdh/repos/bigData/spark_demo_env/lib/python3.12/site-packages/airflow/example_dags/example_branch_datetime_operator.py
[2026-07-18T21:48:02.450+0545] {processor.py:830} INFO - Processing file /home/snigdh/repos/bigData/spark_demo_env/lib/python3.12/site-packages/airflow/example_dags/example_branch_datetime_operator.py for tasks to queue
[2026-07-18T21:48:02.452+0545] {logging_mixin.py:188} INFO - [2026-07-18T21:48:02.451+0545] {dagbag.py:545} INFO - Filling up the DagBag from /home/snigdh/repos/bigData/spark_demo_env/lib/python3.12/site-packages/airflow/example_dags/example_branch_datetime_operator.py
[2026-07-18T21:48:02.466+0545] {processor.py:840} INFO - DAG(s) 'example_branch_datetime_operator_2', 'example_branch_datetime_operator_3', 'example_branch_datetime_operator' retrieved from /home/snigdh/repos/bigData/spark_demo_env/lib/python3.12/site-packages/airflow/example_dags/example_branch_datetime_operator.py
[2026-07-18T21:48:02.497+0545] {logging_mixin.py:188} INFO - [2026-07-18T21:48:02.497+0545] {dag.py:3089} INFO - Sync 3 DAGs
[2026-07-18T21:48:02.525+0545] {logging_mixin.py:188} INFO - [2026-07-18T21:48:02.524+0545] {dag.py:3947} INFO - Setting next_dagrun for example_branch_datetime_operator to 2026-07-17 00:00:00+00:00, run_after=2026-07-18 00:00:00+00:00
[2026-07-18T21:48:02.683+0545] {logging_mixin.py:188} INFO - [2026-07-18T21:48:02.682+0545] {dag.py:3947} INFO - Setting next_dagrun for example_branch_datetime_operator_2 to 2026-07-17 00:00:00+00:00, run_after=2026-07-18 00:00:00+00:00
[2026-07-18T21:48:02.685+0545] {logging_mixin.py:188} INFO - [2026-07-18T21:48:02.685+0545] {dag.py:3947} INFO - Setting next_dagrun for example_branch_datetime_operator_3 to 2026-07-17 00:00:00+00:00, run_after=2026-07-18 00:00:00+00:00
[2026-07-18T21:48:02.707+0545] {processor.py:183} INFO - Processing /home/snigdh/repos/bigData/spark_demo_env/lib/python3.12/site-packages/airflow/example_dags/example_branch_datetime_operator.py took 0.266 seconds
[2026-07-18T21:49:08.848+0545] {processor.py:161} INFO - Started process (PID=271904) to work on /home/snigdh/repos/bigData/spark_demo_env/lib/python3.12/site-packages/airflow/example_dags/example_branch_datetime_operator.py
[2026-07-18T21:49:08.852+0545] {processor.py:830} INFO - Processing file /home/snigdh/repos/bigData/spark_demo_env/lib/python3.12/site-packages/airflow/example_dags/example_branch_datetime_operator.py for tasks to queue
[2026-07-18T21:49:08.853+0545] {logging_mixin.py:188} INFO - [2026-07-18T21:49:08.853+0545] {dagbag.py:545} INFO - Filling up the DagBag from /home/snigdh/repos/bigData/spark_demo_env/lib/python3.12/site-packages/airflow/example_dags/example_branch_datetime_operator.py
[2026-07-18T21:49:08.869+0545] {processor.py:840} INFO - DAG(s) 'example_branch_datetime_operator_2', 'example_branch_datetime_operator_3', 'example_branch_datetime_operator' retrieved from /home/snigdh/repos/bigData/spark_demo_env/lib/python3.12/site-packages/airflow/example_dags/example_branch_datetime_operator.py
[2026-07-18T21:49:08.899+0545] {logging_mixin.py:188} INFO - [2026-07-18T21:49:08.899+0545] {dag.py:3089} INFO - Sync 3 DAGs
[2026-07-18T21:49:08.919+0545] {logging_mixin.py:188} INFO - [2026-07-18T21:49:08.918+0545] {dag.py:3947} INFO - Setting next_dagrun for example_branch_datetime_operator to 2026-07-17 00:00:00+00:00, run_after=2026-07-18 00:00:00+00:00
[2026-07-18T21:49:08.925+0545] {logging_mixin.py:188} INFO - [2026-07-18T21:49:08.925+0545] {dag.py:3947} INFO - Setting next_dagrun for example_branch_datetime_operator_2 to 2026-07-17 00:00:00+00:00, run_after=2026-07-18 00:00:00+00:00
[2026-07-18T21:49:08.929+0545] {logging_mixin.py:188} INFO - [2026-07-18T21:49:08.928+0545] {dag.py:3947} INFO - Setting next_dagrun for example_branch_datetime_operator_3 to 2026-07-17 00:00:00+00:00, run_after=2026-07-18 00:00:00+00:00
[2026-07-18T21:49:09.116+0545] {processor.py:183} INFO - Processing /home/snigdh/repos/bigData/spark_demo_env/lib/python3.12/site-packages/airflow/example_dags/example_branch_datetime_operator.py took 0.276 seconds
[2026-07-18T21:50:04.438+0545] {processor.py:161} INFO - Started process (PID=272564) to work on /home/snigdh/repos/bigData/spark_demo_env/lib/python3.12/site-packages/airflow/example_dags/example_branch_datetime_operator.py
[2026-07-18T21:50:04.442+0545] {processor.py:830} INFO - Processing file /home/snigdh/repos/bigData/spark_demo_env/lib/python3.12/site-packages/airflow/example_dags/example_branch_datetime_operator.py for tasks to queue
[2026-07-18T21:50:04.443+0545] {logging_mixin.py:188} INFO - [2026-07-18T21:50:04.443+0545] {dagbag.py:545} INFO - Filling up the DagBag from /home/snigdh/repos/bigData/spark_demo_env/lib/python3.12/site-packages/airflow/example_dags/example_branch_datetime_operator.py
[2026-07-18T21:50:04.457+0545] {processor.py:840} INFO - DAG(s) 'example_branch_datetime_operator_3', 'example_branch_datetime_operator_2', 'example_branch_datetime_operator' retrieved from /home/snigdh/repos/bigData/spark_demo_env/lib/python3.12/site-packages/airflow/example_dags/example_branch_datetime_operator.py
[2026-07-18T21:50:04.484+0545] {logging_mixin.py:188} INFO - [2026-07-18T21:50:04.483+0545] {dag.py:3089} INFO - Sync 3 DAGs
[2026-07-18T21:50:04.503+0545] {logging_mixin.py:188} INFO - [2026-07-18T21:50:04.503+0545] {dag.py:3947} INFO - Setting next_dagrun for example_branch_datetime_operator to 2026-07-17 00:00:00+00:00, run_after=2026-07-18 00:00:00+00:00
[2026-07-18T21:50:04.507+0545] {logging_mixin.py:188} INFO - [2026-07-18T21:50:04.507+0545] {dag.py:3947} INFO - Setting next_dagrun for example_branch_datetime_operator_2 to 2026-07-17 00:00:00+00:00, run_after=2026-07-18 00:00:00+00:00
[2026-07-18T21:50:04.509+0545] {logging_mixin.py:188} INFO - [2026-07-18T21:50:04.509+0545] {dag.py:3947} INFO - Setting next_dagrun for example_branch_datetime_operator_3 to 2026-07-17 00:00:00+00:00, run_after=2026-07-18 00:00:00+00:00
[2026-07-18T21:50:04.532+0545] {processor.py:183} INFO - Processing /home/snigdh/repos/bigData/spark_demo_env/lib/python3.12/site-packages/airflow/example_dags/example_branch_datetime_operator.py took 0.102 seconds
[2026-07-18T21:51:11.150+0545] {processor.py:161} INFO - Started process (PID=273445) to work on /home/snigdh/repos/bigData/spark_demo_env/lib/python3.12/site-packages/airflow/example_dags/example_branch_datetime_operator.py
[2026-07-18T21:51:11.154+0545] {processor.py:830} INFO - Processing file /home/snigdh/repos/bigData/spark_demo_env/lib/python3.12/site-packages/airflow/example_dags/example_branch_datetime_operator.py for tasks to queue
[2026-07-18T21:51:11.156+0545] {logging_mixin.py:188} INFO - [2026-07-18T21:51:11.155+0545] {dagbag.py:545} INFO - Filling up the DagBag from /home/snigdh/repos/bigData/spark_demo_env/lib/python3.12/site-packages/airflow/example_dags/example_branch_datetime_operator.py
[2026-07-18T21:51:11.176+0545] {processor.py:840} INFO - DAG(s) 'example_branch_datetime_operator', 'example_branch_datetime_operator_2', 'example_branch_datetime_operator_3' retrieved from /home/snigdh/repos/bigData/spark_demo_env/lib/python3.12/site-packages/airflow/example_dags/example_branch_datetime_operator.py
[2026-07-18T21:51:11.216+0545] {logging_mixin.py:188} INFO - [2026-07-18T21:51:11.216+0545] {dag.py:3089} INFO - Sync 3 DAGs
[2026-07-18T21:51:11.242+0545] {logging_mixin.py:188} INFO - [2026-07-18T21:51:11.241+0545] {dag.py:3947} INFO - Setting next_dagrun for example_branch_datetime_operator to 2026-07-17 00:00:00+00:00, run_after=2026-07-18 00:00:00+00:00
[2026-07-18T21:51:11.247+0545] {logging_mixin.py:188} INFO - [2026-07-18T21:51:11.247+0545] {dag.py:3947} INFO - Setting next_dagrun for example_branch_datetime_operator_2 to 2026-07-17 00:00:00+00:00, run_after=2026-07-18 00:00:00+00:00
[2026-07-18T21:51:11.254+0545] {logging_mixin.py:188} INFO - [2026-07-18T21:51:11.253+0545] {dag.py:3947} INFO - Setting next_dagrun for example_branch_datetime_operator_3 to 2026-07-17 00:00:00+00:00, run_after=2026-07-18 00:00:00+00:00
[2026-07-18T21:51:11.287+0545] {processor.py:183} INFO - Processing /home/snigdh/repos/bigData/spark_demo_env/lib/python3.12/site-packages/airflow/example_dags/example_branch_datetime_operator.py took 0.145 seconds
[2026-07-18T21:52:21.250+0545] {processor.py:161} INFO - Started process (PID=274376) to work on /home/snigdh/repos/bigData/spark_demo_env/lib/python3.12/site-packages/airflow/example_dags/example_branch_datetime_operator.py
[2026-07-18T21:52:21.253+0545] {processor.py:830} INFO - Processing file /home/snigdh/repos/bigData/spark_demo_env/lib/python3.12/site-packages/airflow/example_dags/example_branch_datetime_operator.py for tasks to queue
[2026-07-18T21:52:21.254+0545] {logging_mixin.py:188} INFO - [2026-07-18T21:52:21.254+0545] {dagbag.py:545} INFO - Filling up the DagBag from /home/snigdh/repos/bigData/spark_demo_env/lib/python3.12/site-packages/airflow/example_dags/example_branch_datetime_operator.py
[2026-07-18T21:52:21.265+0545] {processor.py:840} INFO - DAG(s) 'example_branch_datetime_operator_3', 'example_branch_datetime_operator', 'example_branch_datetime_operator_2' retrieved from /home/snigdh/repos/bigData/spark_demo_env/lib/python3.12/site-packages/airflow/example_dags/example_branch_datetime_operator.py
[2026-07-18T21:52:21.288+0545] {logging_mixin.py:188} INFO - [2026-07-18T21:52:21.288+0545] {dag.py:3089} INFO - Sync 3 DAGs
[2026-07-18T21:52:21.307+0545] {logging_mixin.py:188} INFO - [2026-07-18T21:52:21.306+0545] {dag.py:3947} INFO - Setting next_dagrun for example_branch_datetime_operator to 2026-07-17 00:00:00+00:00, run_after=2026-07-18 00:00:00+00:00
[2026-07-18T21:52:21.311+0545] {logging_mixin.py:188} INFO - [2026-07-18T21:52:21.310+0545] {dag.py:3947} INFO - Setting next_dagrun for example_branch_datetime_operator_2 to 2026-07-17 00:00:00+00:00, run_after=2026-07-18 00:00:00+00:00
[2026-07-18T21:52:21.312+0545] {logging_mixin.py:188} INFO - [2026-07-18T21:52:21.312+0545] {dag.py:3947} INFO - Setting next_dagrun for example_branch_datetime_operator_3 to 2026-07-17 00:00:00+00:00, run_after=2026-07-18 00:00:00+00:00
[2026-07-18T21:52:21.333+0545] {processor.py:183} INFO - Processing /home/snigdh/repos/bigData/spark_demo_env/lib/python3.12/site-packages/airflow/example_dags/example_branch_datetime_operator.py took 0.089 seconds
[2026-07-18T21:53:29.047+0545] {processor.py:161} INFO - Started process (PID=275253) to work on /home/snigdh/repos/bigData/spark_demo_env/lib/python3.12/site-packages/airflow/example_dags/example_branch_datetime_operator.py
[2026-07-18T21:53:29.051+0545] {processor.py:830} INFO - Processing file /home/snigdh/repos/bigData/spark_demo_env/lib/python3.12/site-packages/airflow/example_dags/example_branch_datetime_operator.py for tasks to queue
[2026-07-18T21:53:29.053+0545] {logging_mixin.py:188} INFO - [2026-07-18T21:53:29.052+0545] {dagbag.py:545} INFO - Filling up the DagBag from /home/snigdh/repos/bigData/spark_demo_env/lib/python3.12/site-packages/airflow/example_dags/example_branch_datetime_operator.py
[2026-07-18T21:53:29.070+0545] {processor.py:840} INFO - DAG(s) 'example_branch_datetime_operator_2', 'example_branch_datetime_operator', 'example_branch_datetime_operator_3' retrieved from /home/snigdh/repos/bigData/spark_demo_env/lib/python3.12/site-packages/airflow/example_dags/example_branch_datetime_operator.py
[2026-07-18T21:53:29.108+0545] {logging_mixin.py:188} INFO - [2026-07-18T21:53:29.107+0545] {dag.py:3089} INFO - Sync 3 DAGs
[2026-07-18T21:53:29.135+0545] {logging_mixin.py:188} INFO - [2026-07-18T21:53:29.135+0545] {dag.py:3947} INFO - Setting next_dagrun for example_branch_datetime_operator to 2026-07-17 00:00:00+00:00, run_after=2026-07-18 00:00:00+00:00
[2026-07-18T21:53:29.142+0545] {logging_mixin.py:188} INFO - [2026-07-18T21:53:29.141+0545] {dag.py:3947} INFO - Setting next_dagrun for example_branch_datetime_operator_2 to 2026-07-17 00:00:00+00:00, run_after=2026-07-18 00:00:00+00:00
[2026-07-18T21:53:29.145+0545] {logging_mixin.py:188} INFO - [2026-07-18T21:53:29.145+0545] {dag.py:3947} INFO - Setting next_dagrun for example_branch_datetime_operator_3 to 2026-07-17 00:00:00+00:00, run_after=2026-07-18 00:00:00+00:00
[2026-07-18T21:53:29.176+0545] {processor.py:183} INFO - Processing /home/snigdh/repos/bigData/spark_demo_env/lib/python3.12/site-packages/airflow/example_dags/example_branch_datetime_operator.py took 0.137 seconds
[2026-07-18T21:54:23.919+0545] {processor.py:161} INFO - Started process (PID=276182) to work on /home/snigdh/repos/bigData/spark_demo_env/lib/python3.12/site-packages/airflow/example_dags/example_branch_datetime_operator.py
[2026-07-18T21:54:23.921+0545] {processor.py:830} INFO - Processing file /home/snigdh/repos/bigData/spark_demo_env/lib/python3.12/site-packages/airflow/example_dags/example_branch_datetime_operator.py for tasks to queue
[2026-07-18T21:54:23.922+0545] {logging_mixin.py:188} INFO - [2026-07-18T21:54:23.922+0545] {dagbag.py:545} INFO - Filling up the DagBag from /home/snigdh/repos/bigData/spark_demo_env/lib/python3.12/site-packages/airflow/example_dags/example_branch_datetime_operator.py
[2026-07-18T21:54:23.936+0545] {processor.py:840} INFO - DAG(s) 'example_branch_datetime_operator', 'example_branch_datetime_operator_3', 'example_branch_datetime_operator_2' retrieved from /home/snigdh/repos/bigData/spark_demo_env/lib/python3.12/site-packages/airflow/example_dags/example_branch_datetime_operator.py
[2026-07-18T21:54:23.962+0545] {logging_mixin.py:188} INFO - [2026-07-18T21:54:23.962+0545] {dag.py:3089} INFO - Sync 3 DAGs
[2026-07-18T21:54:23.980+0545] {logging_mixin.py:188} INFO - [2026-07-18T21:54:23.979+0545] {dag.py:3947} INFO - Setting next_dagrun for example_branch_datetime_operator to 2026-07-17 00:00:00+00:00, run_after=2026-07-18 00:00:00+00:00
[2026-07-18T21:54:23.984+0545] {logging_mixin.py:188} INFO - [2026-07-18T21:54:23.984+0545] {dag.py:3947} INFO - Setting next_dagrun for example_branch_datetime_operator_2 to 2026-07-17 00:00:00+00:00, run_after=2026-07-18 00:00:00+00:00
[2026-07-18T21:54:23.987+0545] {logging_mixin.py:188} INFO - [2026-07-18T21:54:23.987+0545] {dag.py:3947} INFO - Setting next_dagrun for example_branch_datetime_operator_3 to 2026-07-17 00:00:00+00:00, run_after=2026-07-18 00:00:00+00:00
[2026-07-18T21:54:24.007+0545] {processor.py:183} INFO - Processing /home/snigdh/repos/bigData/spark_demo_env/lib/python3.12/site-packages/airflow/example_dags/example_branch_datetime_operator.py took 0.097 seconds
[2026-07-18T21:55:31.949+0545] {processor.py:161} INFO - Started process (PID=277004) to work on /home/snigdh/repos/bigData/spark_demo_env/lib/python3.12/site-packages/airflow/example_dags/example_branch_datetime_operator.py
[2026-07-18T21:55:31.950+0545] {processor.py:830} INFO - Processing file /home/snigdh/repos/bigData/spark_demo_env/lib/python3.12/site-packages/airflow/example_dags/example_branch_datetime_operator.py for tasks to queue
[2026-07-18T21:55:31.951+0545] {logging_mixin.py:188} INFO - [2026-07-18T21:55:31.951+0545] {dagbag.py:545} INFO - Filling up the DagBag from /home/snigdh/repos/bigData/spark_demo_env/lib/python3.12/site-packages/airflow/example_dags/example_branch_datetime_operator.py
[2026-07-18T21:55:31.967+0545] {processor.py:840} INFO - DAG(s) 'example_branch_datetime_operator_3', 'example_branch_datetime_operator', 'example_branch_datetime_operator_2' retrieved from /home/snigdh/repos/bigData/spark_demo_env/lib/python3.12/site-packages/airflow/example_dags/example_branch_datetime_operator.py
[2026-07-18T21:55:32.002+0545] {logging_mixin.py:188} INFO - [2026-07-18T21:55:32.001+0545] {dag.py:3089} INFO - Sync 3 DAGs
[2026-07-18T21:55:32.026+0545] {logging_mixin.py:188} INFO - [2026-07-18T21:55:32.026+0545] {dag.py:3947} INFO - Setting next_dagrun for example_branch_datetime_operator to 2026-07-17 00:00:00+00:00, run_after=2026-07-18 00:00:00+00:00
[2026-07-18T21:55:32.030+0545] {logging_mixin.py:188} INFO - [2026-07-18T21:55:32.030+0545] {dag.py:3947} INFO - Setting next_dagrun for example_branch_datetime_operator_2 to 2026-07-17 00:00:00+00:00, run_after=2026-07-18 00:00:00+00:00
[2026-07-18T21:55:32.032+0545] {logging_mixin.py:188} INFO - [2026-07-18T21:55:32.032+0545] {dag.py:3947} INFO - Setting next_dagrun for example_branch_datetime_operator_3 to 2026-07-17 00:00:00+00:00, run_after=2026-07-18 00:00:00+00:00
[2026-07-18T21:55:32.051+0545] {processor.py:183} INFO - Processing /home/snigdh/repos/bigData/spark_demo_env/lib/python3.12/site-packages/airflow/example_dags/example_branch_datetime_operator.py took 0.111 seconds
[2026-07-18T21:56:38.243+0545] {processor.py:161} INFO - Started process (PID=277635) to work on /home/snigdh/repos/bigData/spark_demo_env/lib/python3.12/site-packages/airflow/example_dags/example_branch_datetime_operator.py
[2026-07-18T21:56:38.244+0545] {processor.py:830} INFO - Processing file /home/snigdh/repos/bigData/spark_demo_env/lib/python3.12/site-packages/airflow/example_dags/example_branch_datetime_operator.py for tasks to queue
[2026-07-18T21:56:38.246+0545] {logging_mixin.py:188} INFO - [2026-07-18T21:56:38.245+0545] {dagbag.py:545} INFO - Filling up the DagBag from /home/snigdh/repos/bigData/spark_demo_env/lib/python3.12/site-packages/airflow/example_dags/example_branch_datetime_operator.py
[2026-07-18T21:56:38.261+0545] {processor.py:840} INFO - DAG(s) 'example_branch_datetime_operator_2', 'example_branch_datetime_operator_3', 'example_branch_datetime_operator' retrieved from /home/snigdh/repos/bigData/spark_demo_env/lib/python3.12/site-packages/airflow/example_dags/example_branch_datetime_operator.py
[2026-07-18T21:56:38.290+0545] {logging_mixin.py:188} INFO - [2026-07-18T21:56:38.289+0545] {dag.py:3089} INFO - Sync 3 DAGs
[2026-07-18T21:56:38.311+0545] {logging_mixin.py:188} INFO - [2026-07-18T21:56:38.310+0545] {dag.py:3947} INFO - Setting next_dagrun for example_branch_datetime_operator to 2026-07-17 00:00:00+00:00, run_after=2026-07-18 00:00:00+00:00
[2026-07-18T21:56:38.315+0545] {logging_mixin.py:188} INFO - [2026-07-18T21:56:38.314+0545] {dag.py:3947} INFO - Setting next_dagrun for example_branch_datetime_operator_2 to 2026-07-17 00:00:00+00:00, run_after=2026-07-18 00:00:00+00:00
[2026-07-18T21:56:38.318+0545] {logging_mixin.py:188} INFO - [2026-07-18T21:56:38.317+0545] {dag.py:3947} INFO - Setting next_dagrun for example_branch_datetime_operator_3 to 2026-07-17 00:00:00+00:00, run_after=2026-07-18 00:00:00+00:00
[2026-07-18T21:56:38.345+0545] {processor.py:183} INFO - Processing /home/snigdh/repos/bigData/spark_demo_env/lib/python3.12/site-packages/airflow/example_dags/example_branch_datetime_operator.py took 0.111 seconds
[2026-07-18T21:57:47.061+0545] {processor.py:161} INFO - Started process (PID=278272) to work on /home/snigdh/repos/bigData/spark_demo_env/lib/python3.12/site-packages/airflow/example_dags/example_branch_datetime_operator.py
[2026-07-18T21:57:47.064+0545] {processor.py:830} INFO - Processing file /home/snigdh/repos/bigData/spark_demo_env/lib/python3.12/site-packages/airflow/example_dags/example_branch_datetime_operator.py for tasks to queue
[2026-07-18T21:57:47.066+0545] {logging_mixin.py:188} INFO - [2026-07-18T21:57:47.065+0545] {dagbag.py:545} INFO - Filling up the DagBag from /home/snigdh/repos/bigData/spark_demo_env/lib/python3.12/site-packages/airflow/example_dags/example_branch_datetime_operator.py
[2026-07-18T21:57:47.080+0545] {processor.py:840} INFO - DAG(s) 'example_branch_datetime_operator_3', 'example_branch_datetime_operator_2', 'example_branch_datetime_operator' retrieved from /home/snigdh/repos/bigData/spark_demo_env/lib/python3.12/site-packages/airflow/example_dags/example_branch_datetime_operator.py
[2026-07-18T21:57:47.111+0545] {logging_mixin.py:188} INFO - [2026-07-18T21:57:47.111+0545] {dag.py:3089} INFO - Sync 3 DAGs
[2026-07-18T21:57:47.130+0545] {logging_mixin.py:188} INFO - [2026-07-18T21:57:47.130+0545] {dag.py:3947} INFO - Setting next_dagrun for example_branch_datetime_operator to 2026-07-17 00:00:00+00:00, run_after=2026-07-18 00:00:00+00:00
[2026-07-18T21:57:47.135+0545] {logging_mixin.py:188} INFO - [2026-07-18T21:57:47.135+0545] {dag.py:3947} INFO - Setting next_dagrun for example_branch_datetime_operator_2 to 2026-07-17 00:00:00+00:00, run_after=2026-07-18 00:00:00+00:00
[2026-07-18T21:57:47.137+0545] {logging_mixin.py:188} INFO - [2026-07-18T21:57:47.137+0545] {dag.py:3947} INFO - Setting next_dagrun for example_branch_datetime_operator_3 to 2026-07-17 00:00:00+00:00, run_after=2026-07-18 00:00:00+00:00
[2026-07-18T21:57:47.159+0545] {processor.py:183} INFO - Processing /home/snigdh/repos/bigData/spark_demo_env/lib/python3.12/site-packages/airflow/example_dags/example_branch_datetime_operator.py took 0.106 seconds
[2026-07-18T21:58:53.878+0545] {processor.py:161} INFO - Started process (PID=278895) to work on /home/snigdh/repos/bigData/spark_demo_env/lib/python3.12/site-packages/airflow/example_dags/example_branch_datetime_operator.py
[2026-07-18T21:58:53.882+0545] {processor.py:830} INFO - Processing file /home/snigdh/repos/bigData/spark_demo_env/lib/python3.12/site-packages/airflow/example_dags/example_branch_datetime_operator.py for tasks to queue
[2026-07-18T21:58:53.884+0545] {logging_mixin.py:188} INFO - [2026-07-18T21:58:53.883+0545] {dagbag.py:545} INFO - Filling up the DagBag from /home/snigdh/repos/bigData/spark_demo_env/lib/python3.12/site-packages/airflow/example_dags/example_branch_datetime_operator.py
[2026-07-18T21:58:53.899+0545] {processor.py:840} INFO - DAG(s) 'example_branch_datetime_operator_2', 'example_branch_datetime_operator_3', 'example_branch_datetime_operator' retrieved from /home/snigdh/repos/bigData/spark_demo_env/lib/python3.12/site-packages/airflow/example_dags/example_branch_datetime_operator.py
[2026-07-18T21:58:53.926+0545] {logging_mixin.py:188} INFO - [2026-07-18T21:58:53.926+0545] {dag.py:3089} INFO - Sync 3 DAGs
[2026-07-18T21:58:53.946+0545] {logging_mixin.py:188} INFO - [2026-07-18T21:58:53.946+0545] {dag.py:3947} INFO - Setting next_dagrun for example_branch_datetime_operator to 2026-07-17 00:00:00+00:00, run_after=2026-07-18 00:00:00+00:00
[2026-07-18T21:58:53.951+0545] {logging_mixin.py:188} INFO - [2026-07-18T21:58:53.951+0545] {dag.py:3947} INFO - Setting next_dagrun for example_branch_datetime_operator_2 to 2026-07-17 00:00:00+00:00, run_after=2026-07-18 00:00:00+00:00
[2026-07-18T21:58:53.954+0545] {logging_mixin.py:188} INFO - [2026-07-18T21:58:53.953+0545] {dag.py:3947} INFO - Setting next_dagrun for example_branch_datetime_operator_3 to 2026-07-17 00:00:00+00:00, run_after=2026-07-18 00:00:00+00:00
[2026-07-18T21:58:53.978+0545] {processor.py:183} INFO - Processing /home/snigdh/repos/bigData/spark_demo_env/lib/python3.12/site-packages/airflow/example_dags/example_branch_datetime_operator.py took 0.108 seconds
[2026-07-18T22:00:03.899+0545] {processor.py:161} INFO - Started process (PID=279600) to work on /home/snigdh/repos/bigData/spark_demo_env/lib/python3.12/site-packages/airflow/example_dags/example_branch_datetime_operator.py
[2026-07-18T22:00:03.903+0545] {processor.py:830} INFO - Processing file /home/snigdh/repos/bigData/spark_demo_env/lib/python3.12/site-packages/airflow/example_dags/example_branch_datetime_operator.py for tasks to queue
[2026-07-18T22:00:03.905+0545] {logging_mixin.py:188} INFO - [2026-07-18T22:00:03.904+0545] {dagbag.py:545} INFO - Filling up the DagBag from /home/snigdh/repos/bigData/spark_demo_env/lib/python3.12/site-packages/airflow/example_dags/example_branch_datetime_operator.py
[2026-07-18T22:00:03.920+0545] {processor.py:840} INFO - DAG(s) 'example_branch_datetime_operator', 'example_branch_datetime_operator_2', 'example_branch_datetime_operator_3' retrieved from /home/snigdh/repos/bigData/spark_demo_env/lib/python3.12/site-packages/airflow/example_dags/example_branch_datetime_operator.py
[2026-07-18T22:00:03.948+0545] {logging_mixin.py:188} INFO - [2026-07-18T22:00:03.948+0545] {dag.py:3089} INFO - Sync 3 DAGs
[2026-07-18T22:00:03.970+0545] {logging_mixin.py:188} INFO - [2026-07-18T22:00:03.970+0545] {dag.py:3947} INFO - Setting next_dagrun for example_branch_datetime_operator to 2026-07-17 00:00:00+00:00, run_after=2026-07-18 00:00:00+00:00
[2026-07-18T22:00:03.975+0545] {logging_mixin.py:188} INFO - [2026-07-18T22:00:03.974+0545] {dag.py:3947} INFO - Setting next_dagrun for example_branch_datetime_operator_2 to 2026-07-17 00:00:00+00:00, run_after=2026-07-18 00:00:00+00:00
[2026-07-18T22:00:03.977+0545] {logging_mixin.py:188} INFO - [2026-07-18T22:00:03.977+0545] {dag.py:3947} INFO - Setting next_dagrun for example_branch_datetime_operator_3 to 2026-07-17 00:00:00+00:00, run_after=2026-07-18 00:00:00+00:00
[2026-07-18T22:00:04.001+0545] {processor.py:183} INFO - Processing /home/snigdh/repos/bigData/spark_demo_env/lib/python3.12/site-packages/airflow/example_dags/example_branch_datetime_operator.py took 0.110 seconds
[2026-07-18T22:01:13.436+0545] {processor.py:161} INFO - Started process (PID=280206) to work on /home/snigdh/repos/bigData/spark_demo_env/lib/python3.12/site-packages/airflow/example_dags/example_branch_datetime_operator.py
[2026-07-18T22:01:13.440+0545] {processor.py:830} INFO - Processing file /home/snigdh/repos/bigData/spark_demo_env/lib/python3.12/site-packages/airflow/example_dags/example_branch_datetime_operator.py for tasks to queue
[2026-07-18T22:01:13.441+0545] {logging_mixin.py:188} INFO - [2026-07-18T22:01:13.440+0545] {dagbag.py:545} INFO - Filling up the DagBag from /home/snigdh/repos/bigData/spark_demo_env/lib/python3.12/site-packages/airflow/example_dags/example_branch_datetime_operator.py
[2026-07-18T22:01:13.455+0545] {processor.py:840} INFO - DAG(s) 'example_branch_datetime_operator_2', 'example_branch_datetime_operator_3', 'example_branch_datetime_operator' retrieved from /home/snigdh/repos/bigData/spark_demo_env/lib/python3.12/site-packages/airflow/example_dags/example_branch_datetime_operator.py
[2026-07-18T22:01:13.480+0545] {logging_mixin.py:188} INFO - [2026-07-18T22:01:13.479+0545] {dag.py:3089} INFO - Sync 3 DAGs
[2026-07-18T22:01:13.496+0545] {logging_mixin.py:188} INFO - [2026-07-18T22:01:13.496+0545] {dag.py:3947} INFO - Setting next_dagrun for example_branch_datetime_operator to 2026-07-17 00:00:00+00:00, run_after=2026-07-18 00:00:00+00:00
[2026-07-18T22:01:13.500+0545] {logging_mixin.py:188} INFO - [2026-07-18T22:01:13.500+0545] {dag.py:3947} INFO - Setting next_dagrun for example_branch_datetime_operator_2 to 2026-07-17 00:00:00+00:00, run_after=2026-07-18 00:00:00+00:00
[2026-07-18T22:01:13.502+0545] {logging_mixin.py:188} INFO - [2026-07-18T22:01:13.502+0545] {dag.py:3947} INFO - Setting next_dagrun for example_branch_datetime_operator_3 to 2026-07-17 00:00:00+00:00, run_after=2026-07-18 00:00:00+00:00
[2026-07-18T22:01:13.523+0545] {processor.py:183} INFO - Processing /home/snigdh/repos/bigData/spark_demo_env/lib/python3.12/site-packages/airflow/example_dags/example_branch_datetime_operator.py took 0.096 seconds
[2026-07-18T22:02:19.855+0545] {processor.py:161} INFO - Started process (PID=280832) to work on /home/snigdh/repos/bigData/spark_demo_env/lib/python3.12/site-packages/airflow/example_dags/example_branch_datetime_operator.py
[2026-07-18T22:02:19.859+0545] {processor.py:830} INFO - Processing file /home/snigdh/repos/bigData/spark_demo_env/lib/python3.12/site-packages/airflow/example_dags/example_branch_datetime_operator.py for tasks to queue
[2026-07-18T22:02:19.861+0545] {logging_mixin.py:188} INFO - [2026-07-18T22:02:19.860+0545] {dagbag.py:545} INFO - Filling up the DagBag from /home/snigdh/repos/bigData/spark_demo_env/lib/python3.12/site-packages/airflow/example_dags/example_branch_datetime_operator.py
[2026-07-18T22:02:19.878+0545] {processor.py:840} INFO - DAG(s) 'example_branch_datetime_operator', 'example_branch_datetime_operator_2', 'example_branch_datetime_operator_3' retrieved from /home/snigdh/repos/bigData/spark_demo_env/lib/python3.12/site-packages/airflow/example_dags/example_branch_datetime_operator.py
[2026-07-18T22:02:19.912+0545] {logging_mixin.py:188} INFO - [2026-07-18T22:02:19.912+0545] {dag.py:3089} INFO - Sync 3 DAGs
[2026-07-18T22:02:19.934+0545] {logging_mixin.py:188} INFO - [2026-07-18T22:02:19.934+0545] {dag.py:3947} INFO - Setting next_dagrun for example_branch_datetime_operator to 2026-07-17 00:00:00+00:00, run_after=2026-07-18 00:00:00+00:00
[2026-07-18T22:02:19.939+0545] {logging_mixin.py:188} INFO - [2026-07-18T22:02:19.939+0545] {dag.py:3947} INFO - Setting next_dagrun for example_branch_datetime_operator_2 to 2026-07-17 00:00:00+00:00, run_after=2026-07-18 00:00:00+00:00
[2026-07-18T22:02:19.942+0545] {logging_mixin.py:188} INFO - [2026-07-18T22:02:19.942+0545] {dag.py:3947} INFO - Setting next_dagrun for example_branch_datetime_operator_3 to 2026-07-17 00:00:00+00:00, run_after=2026-07-18 00:00:00+00:00
[2026-07-18T22:02:19.967+0545] {processor.py:183} INFO - Processing /home/snigdh/repos/bigData/spark_demo_env/lib/python3.12/site-packages/airflow/example_dags/example_branch_datetime_operator.py took 0.120 seconds
