[2026-07-18T21:38:35.213+0545] {processor.py:161} INFO - Started process (PID=262474) to work on /home/snigdh/repos/bigData/spark_demo_env/lib/python3.12/site-packages/airflow/example_dags/example_params_ui_tutorial.py
[2026-07-18T21:38:35.214+0545] {processor.py:830} INFO - Processing file /home/snigdh/repos/bigData/spark_demo_env/lib/python3.12/site-packages/airflow/example_dags/example_params_ui_tutorial.py for tasks to queue
[2026-07-18T21:38:35.217+0545] {logging_mixin.py:188} INFO - [2026-07-18T21:38:35.216+0545] {dagbag.py:545} INFO - Filling up the DagBag from /home/snigdh/repos/bigData/spark_demo_env/lib/python3.12/site-packages/airflow/example_dags/example_params_ui_tutorial.py
[2026-07-18T21:38:35.227+0545] {processor.py:840} INFO - DAG(s) 'example_params_ui_tutorial' retrieved from /home/snigdh/repos/bigData/spark_demo_env/lib/python3.12/site-packages/airflow/example_dags/example_params_ui_tutorial.py
[2026-07-18T21:38:35.376+0545] {logging_mixin.py:188} INFO - [2026-07-18T21:38:35.375+0545] {override.py:1858} INFO - Created Permission View: can delete on DAG:example_params_ui_tutorial
[2026-07-18T21:38:35.388+0545] {logging_mixin.py:188} INFO - [2026-07-18T21:38:35.387+0545] {override.py:1858} INFO - Created Permission View: can read on DAG:example_params_ui_tutorial
[2026-07-18T21:38:35.397+0545] {logging_mixin.py:188} INFO - [2026-07-18T21:38:35.397+0545] {override.py:1858} INFO - Created Permission View: can edit on DAG:example_params_ui_tutorial
[2026-07-18T21:38:35.397+0545] {logging_mixin.py:188} INFO - [2026-07-18T21:38:35.397+0545] {dag.py:3089} INFO - Sync 1 DAGs
[2026-07-18T21:38:35.409+0545] {logging_mixin.py:188} INFO - [2026-07-18T21:38:35.408+0545] {dag.py:3111} INFO - Creating ORM DAG for example_params_ui_tutorial
[2026-07-18T21:38:35.409+0545] {logging_mixin.py:188} INFO - [2026-07-18T21:38:35.409+0545] {dag.py:3947} INFO - Setting next_dagrun for example_params_ui_tutorial to None, run_after=None
[2026-07-18T21:38:35.437+0545] {processor.py:183} INFO - Processing /home/snigdh/repos/bigData/spark_demo_env/lib/python3.12/site-packages/airflow/example_dags/example_params_ui_tutorial.py took 0.232 seconds
[2026-07-18T21:39:33.600+0545] {processor.py:161} INFO - Started process (PID=262787) to work on /home/snigdh/repos/bigData/spark_demo_env/lib/python3.12/site-packages/airflow/example_dags/example_params_ui_tutorial.py
[2026-07-18T21:39:33.602+0545] {processor.py:830} INFO - Processing file /home/snigdh/repos/bigData/spark_demo_env/lib/python3.12/site-packages/airflow/example_dags/example_params_ui_tutorial.py for tasks to queue
[2026-07-18T21:39:33.605+0545] {logging_mixin.py:188} INFO - [2026-07-18T21:39:33.604+0545] {dagbag.py:545} INFO - Filling up the DagBag from /home/snigdh/repos/bigData/spark_demo_env/lib/python3.12/site-packages/airflow/example_dags/example_params_ui_tutorial.py
[2026-07-18T21:39:33.617+0545] {processor.py:840} INFO - DAG(s) 'example_params_ui_tutorial' retrieved from /home/snigdh/repos/bigData/spark_demo_env/lib/python3.12/site-packages/airflow/example_dags/example_params_ui_tutorial.py
[2026-07-18T21:39:33.665+0545] {logging_mixin.py:188} INFO - [2026-07-18T21:39:33.665+0545] {dag.py:3089} INFO - Sync 1 DAGs
[2026-07-18T21:39:33.679+0545] {logging_mixin.py:188} INFO - [2026-07-18T21:39:33.678+0545] {dag.py:3947} INFO - Setting next_dagrun for example_params_ui_tutorial to None, run_after=None
[2026-07-18T21:39:33.706+0545] {processor.py:183} INFO - Processing /home/snigdh/repos/bigData/spark_demo_env/lib/python3.12/site-packages/airflow/example_dags/example_params_ui_tutorial.py took 0.115 seconds
[2026-07-18T21:46:46.797+0545] {processor.py:161} INFO - Started process (PID=269931) to work on /home/snigdh/repos/bigData/spark_demo_env/lib/python3.12/site-packages/airflow/example_dags/example_params_ui_tutorial.py
[2026-07-18T21:46:46.799+0545] {processor.py:830} INFO - Processing file /home/snigdh/repos/bigData/spark_demo_env/lib/python3.12/site-packages/airflow/example_dags/example_params_ui_tutorial.py for tasks to queue
[2026-07-18T21:46:46.800+0545] {logging_mixin.py:188} INFO - [2026-07-18T21:46:46.800+0545] {dagbag.py:545} INFO - Filling up the DagBag from /home/snigdh/repos/bigData/spark_demo_env/lib/python3.12/site-packages/airflow/example_dags/example_params_ui_tutorial.py
[2026-07-18T21:46:46.811+0545] {processor.py:840} INFO - DAG(s) 'example_params_ui_tutorial' retrieved from /home/snigdh/repos/bigData/spark_demo_env/lib/python3.12/site-packages/airflow/example_dags/example_params_ui_tutorial.py
[2026-07-18T21:46:46.983+0545] {logging_mixin.py:188} INFO - [2026-07-18T21:46:46.983+0545] {dag.py:3089} INFO - Sync 1 DAGs
[2026-07-18T21:46:46.996+0545] {logging_mixin.py:188} INFO - [2026-07-18T21:46:46.995+0545] {dag.py:3947} INFO - Setting next_dagrun for example_params_ui_tutorial to None, run_after=None
[2026-07-18T21:46:47.158+0545] {processor.py:183} INFO - Processing /home/snigdh/repos/bigData/spark_demo_env/lib/python3.12/site-packages/airflow/example_dags/example_params_ui_tutorial.py took 0.370 seconds
[2026-07-18T21:47:46.100+0545] {processor.py:161} INFO - Started process (PID=270607) to work on /home/snigdh/repos/bigData/spark_demo_env/lib/python3.12/site-packages/airflow/example_dags/example_params_ui_tutorial.py
[2026-07-18T21:47:46.103+0545] {processor.py:830} INFO - Processing file /home/snigdh/repos/bigData/spark_demo_env/lib/python3.12/site-packages/airflow/example_dags/example_params_ui_tutorial.py for tasks to queue
[2026-07-18T21:47:46.103+0545] {logging_mixin.py:188} INFO - [2026-07-18T21:47:46.103+0545] {dagbag.py:545} INFO - Filling up the DagBag from /home/snigdh/repos/bigData/spark_demo_env/lib/python3.12/site-packages/airflow/example_dags/example_params_ui_tutorial.py
[2026-07-18T21:47:46.109+0545] {processor.py:840} INFO - DAG(s) 'example_params_ui_tutorial' retrieved from /home/snigdh/repos/bigData/spark_demo_env/lib/python3.12/site-packages/airflow/example_dags/example_params_ui_tutorial.py
[2026-07-18T21:47:46.144+0545] {logging_mixin.py:188} INFO - [2026-07-18T21:47:46.144+0545] {dag.py:3089} INFO - Sync 1 DAGs
[2026-07-18T21:47:46.153+0545] {logging_mixin.py:188} INFO - [2026-07-18T21:47:46.153+0545] {dag.py:3947} INFO - Setting next_dagrun for example_params_ui_tutorial to None, run_after=None
[2026-07-18T21:47:46.172+0545] {processor.py:183} INFO - Processing /home/snigdh/repos/bigData/spark_demo_env/lib/python3.12/site-packages/airflow/example_dags/example_params_ui_tutorial.py took 0.078 seconds
[2026-07-18T21:48:36.813+0545] {processor.py:161} INFO - Started process (PID=271563) to work on /home/snigdh/repos/bigData/spark_demo_env/lib/python3.12/site-packages/airflow/example_dags/example_params_ui_tutorial.py
[2026-07-18T21:48:36.817+0545] {processor.py:830} INFO - Processing file /home/snigdh/repos/bigData/spark_demo_env/lib/python3.12/site-packages/airflow/example_dags/example_params_ui_tutorial.py for tasks to queue
[2026-07-18T21:48:36.819+0545] {logging_mixin.py:188} INFO - [2026-07-18T21:48:36.818+0545] {dagbag.py:545} INFO - Filling up the DagBag from /home/snigdh/repos/bigData/spark_demo_env/lib/python3.12/site-packages/airflow/example_dags/example_params_ui_tutorial.py
[2026-07-18T21:48:36.830+0545] {processor.py:840} INFO - DAG(s) 'example_params_ui_tutorial' retrieved from /home/snigdh/repos/bigData/spark_demo_env/lib/python3.12/site-packages/airflow/example_dags/example_params_ui_tutorial.py
[2026-07-18T21:48:36.888+0545] {logging_mixin.py:188} INFO - [2026-07-18T21:48:36.888+0545] {dag.py:3089} INFO - Sync 1 DAGs
[2026-07-18T21:48:36.900+0545] {logging_mixin.py:188} INFO - [2026-07-18T21:48:36.899+0545] {dag.py:3947} INFO - Setting next_dagrun for example_params_ui_tutorial to None, run_after=None
[2026-07-18T21:48:36.929+0545] {processor.py:183} INFO - Processing /home/snigdh/repos/bigData/spark_demo_env/lib/python3.12/site-packages/airflow/example_dags/example_params_ui_tutorial.py took 0.125 seconds
[2026-07-18T21:49:33.091+0545] {processor.py:161} INFO - Started process (PID=272178) to work on /home/snigdh/repos/bigData/spark_demo_env/lib/python3.12/site-packages/airflow/example_dags/example_params_ui_tutorial.py
[2026-07-18T21:49:33.094+0545] {processor.py:830} INFO - Processing file /home/snigdh/repos/bigData/spark_demo_env/lib/python3.12/site-packages/airflow/example_dags/example_params_ui_tutorial.py for tasks to queue
[2026-07-18T21:49:33.095+0545] {logging_mixin.py:188} INFO - [2026-07-18T21:49:33.095+0545] {dagbag.py:545} INFO - Filling up the DagBag from /home/snigdh/repos/bigData/spark_demo_env/lib/python3.12/site-packages/airflow/example_dags/example_params_ui_tutorial.py
[2026-07-18T21:49:33.101+0545] {processor.py:840} INFO - DAG(s) 'example_params_ui_tutorial' retrieved from /home/snigdh/repos/bigData/spark_demo_env/lib/python3.12/site-packages/airflow/example_dags/example_params_ui_tutorial.py
[2026-07-18T21:49:33.237+0545] {logging_mixin.py:188} INFO - [2026-07-18T21:49:33.237+0545] {dag.py:3089} INFO - Sync 1 DAGs
[2026-07-18T21:49:33.245+0545] {logging_mixin.py:188} INFO - [2026-07-18T21:49:33.245+0545] {dag.py:3947} INFO - Setting next_dagrun for example_params_ui_tutorial to None, run_after=None
[2026-07-18T21:49:33.265+0545] {processor.py:183} INFO - Processing /home/snigdh/repos/bigData/spark_demo_env/lib/python3.12/site-packages/airflow/example_dags/example_params_ui_tutorial.py took 0.179 seconds
[2026-07-18T21:50:25.173+0545] {processor.py:161} INFO - Started process (PID=272776) to work on /home/snigdh/repos/bigData/spark_demo_env/lib/python3.12/site-packages/airflow/example_dags/example_params_ui_tutorial.py
[2026-07-18T21:50:25.177+0545] {processor.py:830} INFO - Processing file /home/snigdh/repos/bigData/spark_demo_env/lib/python3.12/site-packages/airflow/example_dags/example_params_ui_tutorial.py for tasks to queue
[2026-07-18T21:50:25.179+0545] {logging_mixin.py:188} INFO - [2026-07-18T21:50:25.178+0545] {dagbag.py:545} INFO - Filling up the DagBag from /home/snigdh/repos/bigData/spark_demo_env/lib/python3.12/site-packages/airflow/example_dags/example_params_ui_tutorial.py
[2026-07-18T21:50:25.190+0545] {processor.py:840} INFO - DAG(s) 'example_params_ui_tutorial' retrieved from /home/snigdh/repos/bigData/spark_demo_env/lib/python3.12/site-packages/airflow/example_dags/example_params_ui_tutorial.py
[2026-07-18T21:50:25.247+0545] {logging_mixin.py:188} INFO - [2026-07-18T21:50:25.246+0545] {dag.py:3089} INFO - Sync 1 DAGs
[2026-07-18T21:50:25.263+0545] {logging_mixin.py:188} INFO - [2026-07-18T21:50:25.263+0545] {dag.py:3947} INFO - Setting next_dagrun for example_params_ui_tutorial to None, run_after=None
[2026-07-18T21:50:25.296+0545] {processor.py:183} INFO - Processing /home/snigdh/repos/bigData/spark_demo_env/lib/python3.12/site-packages/airflow/example_dags/example_params_ui_tutorial.py took 0.131 seconds
[2026-07-18T21:51:32.550+0545] {processor.py:161} INFO - Started process (PID=273786) to work on /home/snigdh/repos/bigData/spark_demo_env/lib/python3.12/site-packages/airflow/example_dags/example_params_ui_tutorial.py
[2026-07-18T21:51:32.554+0545] {processor.py:830} INFO - Processing file /home/snigdh/repos/bigData/spark_demo_env/lib/python3.12/site-packages/airflow/example_dags/example_params_ui_tutorial.py for tasks to queue
[2026-07-18T21:51:32.555+0545] {logging_mixin.py:188} INFO - [2026-07-18T21:51:32.555+0545] {dagbag.py:545} INFO - Filling up the DagBag from /home/snigdh/repos/bigData/spark_demo_env/lib/python3.12/site-packages/airflow/example_dags/example_params_ui_tutorial.py
[2026-07-18T21:51:32.565+0545] {processor.py:840} INFO - DAG(s) 'example_params_ui_tutorial' retrieved from /home/snigdh/repos/bigData/spark_demo_env/lib/python3.12/site-packages/airflow/example_dags/example_params_ui_tutorial.py
[2026-07-18T21:51:32.609+0545] {logging_mixin.py:188} INFO - [2026-07-18T21:51:32.608+0545] {dag.py:3089} INFO - Sync 1 DAGs
[2026-07-18T21:51:32.620+0545] {logging_mixin.py:188} INFO - [2026-07-18T21:51:32.619+0545] {dag.py:3947} INFO - Setting next_dagrun for example_params_ui_tutorial to None, run_after=None
[2026-07-18T21:51:32.643+0545] {processor.py:183} INFO - Processing /home/snigdh/repos/bigData/spark_demo_env/lib/python3.12/site-packages/airflow/example_dags/example_params_ui_tutorial.py took 0.101 seconds
[2026-07-18T21:52:18.929+0545] {processor.py:161} INFO - Started process (PID=274352) to work on /home/snigdh/repos/bigData/spark_demo_env/lib/python3.12/site-packages/airflow/example_dags/example_params_ui_tutorial.py
[2026-07-18T21:52:18.933+0545] {processor.py:830} INFO - Processing file /home/snigdh/repos/bigData/spark_demo_env/lib/python3.12/site-packages/airflow/example_dags/example_params_ui_tutorial.py for tasks to queue
[2026-07-18T21:52:18.935+0545] {logging_mixin.py:188} INFO - [2026-07-18T21:52:18.934+0545] {dagbag.py:545} INFO - Filling up the DagBag from /home/snigdh/repos/bigData/spark_demo_env/lib/python3.12/site-packages/airflow/example_dags/example_params_ui_tutorial.py
[2026-07-18T21:52:18.946+0545] {processor.py:840} INFO - DAG(s) 'example_params_ui_tutorial' retrieved from /home/snigdh/repos/bigData/spark_demo_env/lib/python3.12/site-packages/airflow/example_dags/example_params_ui_tutorial.py
[2026-07-18T21:52:18.994+0545] {logging_mixin.py:188} INFO - [2026-07-18T21:52:18.994+0545] {dag.py:3089} INFO - Sync 1 DAGs
[2026-07-18T21:52:19.007+0545] {logging_mixin.py:188} INFO - [2026-07-18T21:52:19.007+0545] {dag.py:3947} INFO - Setting next_dagrun for example_params_ui_tutorial to None, run_after=None
[2026-07-18T21:52:19.034+0545] {processor.py:183} INFO - Processing /home/snigdh/repos/bigData/spark_demo_env/lib/python3.12/site-packages/airflow/example_dags/example_params_ui_tutorial.py took 0.115 seconds
[2026-07-18T21:53:04.552+0545] {processor.py:161} INFO - Started process (PID=274965) to work on /home/snigdh/repos/bigData/spark_demo_env/lib/python3.12/site-packages/airflow/example_dags/example_params_ui_tutorial.py
[2026-07-18T21:53:04.553+0545] {processor.py:830} INFO - Processing file /home/snigdh/repos/bigData/spark_demo_env/lib/python3.12/site-packages/airflow/example_dags/example_params_ui_tutorial.py for tasks to queue
[2026-07-18T21:53:04.555+0545] {logging_mixin.py:188} INFO - [2026-07-18T21:53:04.554+0545] {dagbag.py:545} INFO - Filling up the DagBag from /home/snigdh/repos/bigData/spark_demo_env/lib/python3.12/site-packages/airflow/example_dags/example_params_ui_tutorial.py
[2026-07-18T21:53:04.565+0545] {processor.py:840} INFO - DAG(s) 'example_params_ui_tutorial' retrieved from /home/snigdh/repos/bigData/spark_demo_env/lib/python3.12/site-packages/airflow/example_dags/example_params_ui_tutorial.py
[2026-07-18T21:53:04.616+0545] {logging_mixin.py:188} INFO - [2026-07-18T21:53:04.615+0545] {dag.py:3089} INFO - Sync 1 DAGs
[2026-07-18T21:53:04.626+0545] {logging_mixin.py:188} INFO - [2026-07-18T21:53:04.626+0545] {dag.py:3947} INFO - Setting next_dagrun for example_params_ui_tutorial to None, run_after=None
[2026-07-18T21:53:04.647+0545] {processor.py:183} INFO - Processing /home/snigdh/repos/bigData/spark_demo_env/lib/python3.12/site-packages/airflow/example_dags/example_params_ui_tutorial.py took 0.104 seconds
[2026-07-18T21:53:52.405+0545] {processor.py:161} INFO - Started process (PID=275602) to work on /home/snigdh/repos/bigData/spark_demo_env/lib/python3.12/site-packages/airflow/example_dags/example_params_ui_tutorial.py
[2026-07-18T21:53:52.409+0545] {processor.py:830} INFO - Processing file /home/snigdh/repos/bigData/spark_demo_env/lib/python3.12/site-packages/airflow/example_dags/example_params_ui_tutorial.py for tasks to queue
[2026-07-18T21:53:52.411+0545] {logging_mixin.py:188} INFO - [2026-07-18T21:53:52.410+0545] {dagbag.py:545} INFO - Filling up the DagBag from /home/snigdh/repos/bigData/spark_demo_env/lib/python3.12/site-packages/airflow/example_dags/example_params_ui_tutorial.py
[2026-07-18T21:53:52.421+0545] {processor.py:840} INFO - DAG(s) 'example_params_ui_tutorial' retrieved from /home/snigdh/repos/bigData/spark_demo_env/lib/python3.12/site-packages/airflow/example_dags/example_params_ui_tutorial.py
[2026-07-18T21:53:52.475+0545] {logging_mixin.py:188} INFO - [2026-07-18T21:53:52.475+0545] {dag.py:3089} INFO - Sync 1 DAGs
[2026-07-18T21:53:52.488+0545] {logging_mixin.py:188} INFO - [2026-07-18T21:53:52.487+0545] {dag.py:3947} INFO - Setting next_dagrun for example_params_ui_tutorial to None, run_after=None
[2026-07-18T21:53:52.514+0545] {processor.py:183} INFO - Processing /home/snigdh/repos/bigData/spark_demo_env/lib/python3.12/site-packages/airflow/example_dags/example_params_ui_tutorial.py took 0.116 seconds
[2026-07-18T21:54:42.443+0545] {processor.py:161} INFO - Started process (PID=276456) to work on /home/snigdh/repos/bigData/spark_demo_env/lib/python3.12/site-packages/airflow/example_dags/example_params_ui_tutorial.py
[2026-07-18T21:54:42.445+0545] {processor.py:830} INFO - Processing file /home/snigdh/repos/bigData/spark_demo_env/lib/python3.12/site-packages/airflow/example_dags/example_params_ui_tutorial.py for tasks to queue
[2026-07-18T21:54:42.446+0545] {logging_mixin.py:188} INFO - [2026-07-18T21:54:42.446+0545] {dagbag.py:545} INFO - Filling up the DagBag from /home/snigdh/repos/bigData/spark_demo_env/lib/python3.12/site-packages/airflow/example_dags/example_params_ui_tutorial.py
[2026-07-18T21:54:42.459+0545] {processor.py:840} INFO - DAG(s) 'example_params_ui_tutorial' retrieved from /home/snigdh/repos/bigData/spark_demo_env/lib/python3.12/site-packages/airflow/example_dags/example_params_ui_tutorial.py
[2026-07-18T21:54:42.508+0545] {logging_mixin.py:188} INFO - [2026-07-18T21:54:42.507+0545] {dag.py:3089} INFO - Sync 1 DAGs
[2026-07-18T21:54:42.520+0545] {logging_mixin.py:188} INFO - [2026-07-18T21:54:42.519+0545] {dag.py:3947} INFO - Setting next_dagrun for example_params_ui_tutorial to None, run_after=None
[2026-07-18T21:54:42.543+0545] {processor.py:183} INFO - Processing /home/snigdh/repos/bigData/spark_demo_env/lib/python3.12/site-packages/airflow/example_dags/example_params_ui_tutorial.py took 0.108 seconds
[2026-07-18T21:55:48.800+0545] {processor.py:161} INFO - Started process (PID=277135) to work on /home/snigdh/repos/bigData/spark_demo_env/lib/python3.12/site-packages/airflow/example_dags/example_params_ui_tutorial.py
[2026-07-18T21:55:48.804+0545] {processor.py:830} INFO - Processing file /home/snigdh/repos/bigData/spark_demo_env/lib/python3.12/site-packages/airflow/example_dags/example_params_ui_tutorial.py for tasks to queue
[2026-07-18T21:55:48.806+0545] {logging_mixin.py:188} INFO - [2026-07-18T21:55:48.805+0545] {dagbag.py:545} INFO - Filling up the DagBag from /home/snigdh/repos/bigData/spark_demo_env/lib/python3.12/site-packages/airflow/example_dags/example_params_ui_tutorial.py
[2026-07-18T21:55:48.815+0545] {processor.py:840} INFO - DAG(s) 'example_params_ui_tutorial' retrieved from /home/snigdh/repos/bigData/spark_demo_env/lib/python3.12/site-packages/airflow/example_dags/example_params_ui_tutorial.py
[2026-07-18T21:55:48.870+0545] {logging_mixin.py:188} INFO - [2026-07-18T21:55:48.870+0545] {dag.py:3089} INFO - Sync 1 DAGs
[2026-07-18T21:55:48.880+0545] {logging_mixin.py:188} INFO - [2026-07-18T21:55:48.880+0545] {dag.py:3947} INFO - Setting next_dagrun for example_params_ui_tutorial to None, run_after=None
[2026-07-18T21:55:48.902+0545] {processor.py:183} INFO - Processing /home/snigdh/repos/bigData/spark_demo_env/lib/python3.12/site-packages/airflow/example_dags/example_params_ui_tutorial.py took 0.109 seconds
[2026-07-18T21:56:34.375+0545] {processor.py:161} INFO - Started process (PID=277604) to work on /home/snigdh/repos/bigData/spark_demo_env/lib/python3.12/site-packages/airflow/example_dags/example_params_ui_tutorial.py
[2026-07-18T21:56:34.378+0545] {processor.py:830} INFO - Processing file /home/snigdh/repos/bigData/spark_demo_env/lib/python3.12/site-packages/airflow/example_dags/example_params_ui_tutorial.py for tasks to queue
[2026-07-18T21:56:34.380+0545] {logging_mixin.py:188} INFO - [2026-07-18T21:56:34.379+0545] {dagbag.py:545} INFO - Filling up the DagBag from /home/snigdh/repos/bigData/spark_demo_env/lib/python3.12/site-packages/airflow/example_dags/example_params_ui_tutorial.py
[2026-07-18T21:56:34.389+0545] {processor.py:840} INFO - DAG(s) 'example_params_ui_tutorial' retrieved from /home/snigdh/repos/bigData/spark_demo_env/lib/python3.12/site-packages/airflow/example_dags/example_params_ui_tutorial.py
[2026-07-18T21:56:34.453+0545] {logging_mixin.py:188} INFO - [2026-07-18T21:56:34.452+0545] {dag.py:3089} INFO - Sync 1 DAGs
[2026-07-18T21:56:34.466+0545] {logging_mixin.py:188} INFO - [2026-07-18T21:56:34.466+0545] {dag.py:3947} INFO - Setting next_dagrun for example_params_ui_tutorial to None, run_after=None
[2026-07-18T21:56:34.502+0545] {processor.py:183} INFO - Processing /home/snigdh/repos/bigData/spark_demo_env/lib/python3.12/site-packages/airflow/example_dags/example_params_ui_tutorial.py took 0.134 seconds
[2026-07-18T21:57:40.199+0545] {processor.py:161} INFO - Started process (PID=278229) to work on /home/snigdh/repos/bigData/spark_demo_env/lib/python3.12/site-packages/airflow/example_dags/example_params_ui_tutorial.py
[2026-07-18T21:57:40.203+0545] {processor.py:830} INFO - Processing file /home/snigdh/repos/bigData/spark_demo_env/lib/python3.12/site-packages/airflow/example_dags/example_params_ui_tutorial.py for tasks to queue
[2026-07-18T21:57:40.205+0545] {logging_mixin.py:188} INFO - [2026-07-18T21:57:40.204+0545] {dagbag.py:545} INFO - Filling up the DagBag from /home/snigdh/repos/bigData/spark_demo_env/lib/python3.12/site-packages/airflow/example_dags/example_params_ui_tutorial.py
[2026-07-18T21:57:40.214+0545] {processor.py:840} INFO - DAG(s) 'example_params_ui_tutorial' retrieved from /home/snigdh/repos/bigData/spark_demo_env/lib/python3.12/site-packages/airflow/example_dags/example_params_ui_tutorial.py
[2026-07-18T21:57:40.261+0545] {logging_mixin.py:188} INFO - [2026-07-18T21:57:40.260+0545] {dag.py:3089} INFO - Sync 1 DAGs
[2026-07-18T21:57:40.271+0545] {logging_mixin.py:188} INFO - [2026-07-18T21:57:40.271+0545] {dag.py:3947} INFO - Setting next_dagrun for example_params_ui_tutorial to None, run_after=None
[2026-07-18T21:57:40.293+0545] {processor.py:183} INFO - Processing /home/snigdh/repos/bigData/spark_demo_env/lib/python3.12/site-packages/airflow/example_dags/example_params_ui_tutorial.py took 0.102 seconds
[2026-07-18T21:58:25.871+0545] {processor.py:161} INFO - Started process (PID=278624) to work on /home/snigdh/repos/bigData/spark_demo_env/lib/python3.12/site-packages/airflow/example_dags/example_params_ui_tutorial.py
[2026-07-18T21:58:25.874+0545] {processor.py:830} INFO - Processing file /home/snigdh/repos/bigData/spark_demo_env/lib/python3.12/site-packages/airflow/example_dags/example_params_ui_tutorial.py for tasks to queue
[2026-07-18T21:58:25.876+0545] {logging_mixin.py:188} INFO - [2026-07-18T21:58:25.875+0545] {dagbag.py:545} INFO - Filling up the DagBag from /home/snigdh/repos/bigData/spark_demo_env/lib/python3.12/site-packages/airflow/example_dags/example_params_ui_tutorial.py
[2026-07-18T21:58:25.884+0545] {processor.py:840} INFO - DAG(s) 'example_params_ui_tutorial' retrieved from /home/snigdh/repos/bigData/spark_demo_env/lib/python3.12/site-packages/airflow/example_dags/example_params_ui_tutorial.py
[2026-07-18T21:58:25.925+0545] {logging_mixin.py:188} INFO - [2026-07-18T21:58:25.925+0545] {dag.py:3089} INFO - Sync 1 DAGs
[2026-07-18T21:58:25.936+0545] {logging_mixin.py:188} INFO - [2026-07-18T21:58:25.936+0545] {dag.py:3947} INFO - Setting next_dagrun for example_params_ui_tutorial to None, run_after=None
[2026-07-18T21:58:25.959+0545] {processor.py:183} INFO - Processing /home/snigdh/repos/bigData/spark_demo_env/lib/python3.12/site-packages/airflow/example_dags/example_params_ui_tutorial.py took 0.098 seconds
[2026-07-18T21:59:12.235+0545] {processor.py:161} INFO - Started process (PID=279095) to work on /home/snigdh/repos/bigData/spark_demo_env/lib/python3.12/site-packages/airflow/example_dags/example_params_ui_tutorial.py
[2026-07-18T21:59:12.237+0545] {processor.py:830} INFO - Processing file /home/snigdh/repos/bigData/spark_demo_env/lib/python3.12/site-packages/airflow/example_dags/example_params_ui_tutorial.py for tasks to queue
[2026-07-18T21:59:12.238+0545] {logging_mixin.py:188} INFO - [2026-07-18T21:59:12.238+0545] {dagbag.py:545} INFO - Filling up the DagBag from /home/snigdh/repos/bigData/spark_demo_env/lib/python3.12/site-packages/airflow/example_dags/example_params_ui_tutorial.py
[2026-07-18T21:59:12.247+0545] {processor.py:840} INFO - DAG(s) 'example_params_ui_tutorial' retrieved from /home/snigdh/repos/bigData/spark_demo_env/lib/python3.12/site-packages/airflow/example_dags/example_params_ui_tutorial.py
[2026-07-18T21:59:12.294+0545] {logging_mixin.py:188} INFO - [2026-07-18T21:59:12.294+0545] {dag.py:3089} INFO - Sync 1 DAGs
[2026-07-18T21:59:12.304+0545] {logging_mixin.py:188} INFO - [2026-07-18T21:59:12.304+0545] {dag.py:3947} INFO - Setting next_dagrun for example_params_ui_tutorial to None, run_after=None
[2026-07-18T21:59:12.331+0545] {processor.py:183} INFO - Processing /home/snigdh/repos/bigData/spark_demo_env/lib/python3.12/site-packages/airflow/example_dags/example_params_ui_tutorial.py took 0.104 seconds
[2026-07-18T21:59:59.770+0545] {processor.py:161} INFO - Started process (PID=279498) to work on /home/snigdh/repos/bigData/spark_demo_env/lib/python3.12/site-packages/airflow/example_dags/example_params_ui_tutorial.py
[2026-07-18T21:59:59.771+0545] {processor.py:830} INFO - Processing file /home/snigdh/repos/bigData/spark_demo_env/lib/python3.12/site-packages/airflow/example_dags/example_params_ui_tutorial.py for tasks to queue
[2026-07-18T21:59:59.773+0545] {logging_mixin.py:188} INFO - [2026-07-18T21:59:59.772+0545] {dagbag.py:545} INFO - Filling up the DagBag from /home/snigdh/repos/bigData/spark_demo_env/lib/python3.12/site-packages/airflow/example_dags/example_params_ui_tutorial.py
[2026-07-18T21:59:59.783+0545] {processor.py:840} INFO - DAG(s) 'example_params_ui_tutorial' retrieved from /home/snigdh/repos/bigData/spark_demo_env/lib/python3.12/site-packages/airflow/example_dags/example_params_ui_tutorial.py
[2026-07-18T21:59:59.835+0545] {logging_mixin.py:188} INFO - [2026-07-18T21:59:59.835+0545] {dag.py:3089} INFO - Sync 1 DAGs
[2026-07-18T21:59:59.850+0545] {logging_mixin.py:188} INFO - [2026-07-18T21:59:59.850+0545] {dag.py:3947} INFO - Setting next_dagrun for example_params_ui_tutorial to None, run_after=None
[2026-07-18T22:00:00.065+0545] {processor.py:183} INFO - Processing /home/snigdh/repos/bigData/spark_demo_env/lib/python3.12/site-packages/airflow/example_dags/example_params_ui_tutorial.py took 0.303 seconds
[2026-07-18T22:00:46.762+0545] {processor.py:161} INFO - Started process (PID=279965) to work on /home/snigdh/repos/bigData/spark_demo_env/lib/python3.12/site-packages/airflow/example_dags/example_params_ui_tutorial.py
[2026-07-18T22:00:46.766+0545] {processor.py:830} INFO - Processing file /home/snigdh/repos/bigData/spark_demo_env/lib/python3.12/site-packages/airflow/example_dags/example_params_ui_tutorial.py for tasks to queue
[2026-07-18T22:00:46.768+0545] {logging_mixin.py:188} INFO - [2026-07-18T22:00:46.767+0545] {dagbag.py:545} INFO - Filling up the DagBag from /home/snigdh/repos/bigData/spark_demo_env/lib/python3.12/site-packages/airflow/example_dags/example_params_ui_tutorial.py
[2026-07-18T22:00:46.781+0545] {processor.py:840} INFO - DAG(s) 'example_params_ui_tutorial' retrieved from /home/snigdh/repos/bigData/spark_demo_env/lib/python3.12/site-packages/airflow/example_dags/example_params_ui_tutorial.py
[2026-07-18T22:00:46.832+0545] {logging_mixin.py:188} INFO - [2026-07-18T22:00:46.832+0545] {dag.py:3089} INFO - Sync 1 DAGs
[2026-07-18T22:00:46.845+0545] {logging_mixin.py:188} INFO - [2026-07-18T22:00:46.844+0545] {dag.py:3947} INFO - Setting next_dagrun for example_params_ui_tutorial to None, run_after=None
[2026-07-18T22:00:46.870+0545] {processor.py:183} INFO - Processing /home/snigdh/repos/bigData/spark_demo_env/lib/python3.12/site-packages/airflow/example_dags/example_params_ui_tutorial.py took 0.120 seconds
[2026-07-18T22:01:54.066+0545] {processor.py:161} INFO - Started process (PID=280570) to work on /home/snigdh/repos/bigData/spark_demo_env/lib/python3.12/site-packages/airflow/example_dags/example_params_ui_tutorial.py
[2026-07-18T22:01:54.070+0545] {processor.py:830} INFO - Processing file /home/snigdh/repos/bigData/spark_demo_env/lib/python3.12/site-packages/airflow/example_dags/example_params_ui_tutorial.py for tasks to queue
[2026-07-18T22:01:54.073+0545] {logging_mixin.py:188} INFO - [2026-07-18T22:01:54.072+0545] {dagbag.py:545} INFO - Filling up the DagBag from /home/snigdh/repos/bigData/spark_demo_env/lib/python3.12/site-packages/airflow/example_dags/example_params_ui_tutorial.py
[2026-07-18T22:01:54.083+0545] {processor.py:840} INFO - DAG(s) 'example_params_ui_tutorial' retrieved from /home/snigdh/repos/bigData/spark_demo_env/lib/python3.12/site-packages/airflow/example_dags/example_params_ui_tutorial.py
[2026-07-18T22:01:54.135+0545] {logging_mixin.py:188} INFO - [2026-07-18T22:01:54.135+0545] {dag.py:3089} INFO - Sync 1 DAGs
[2026-07-18T22:01:54.146+0545] {logging_mixin.py:188} INFO - [2026-07-18T22:01:54.146+0545] {dag.py:3947} INFO - Setting next_dagrun for example_params_ui_tutorial to None, run_after=None
[2026-07-18T22:01:54.171+0545] {processor.py:183} INFO - Processing /home/snigdh/repos/bigData/spark_demo_env/lib/python3.12/site-packages/airflow/example_dags/example_params_ui_tutorial.py took 0.114 seconds
