[2026-07-18T21:38:36.560+0545] {processor.py:161} INFO - Started process (PID=262478) to work on /home/snigdh/repos/bigData/spark_demo_env/lib/python3.12/site-packages/airflow/example_dags/example_python_decorator.py
[2026-07-18T21:38:36.562+0545] {processor.py:830} INFO - Processing file /home/snigdh/repos/bigData/spark_demo_env/lib/python3.12/site-packages/airflow/example_dags/example_python_decorator.py for tasks to queue
[2026-07-18T21:38:36.564+0545] {logging_mixin.py:188} INFO - [2026-07-18T21:38:36.563+0545] {dagbag.py:545} INFO - Filling up the DagBag from /home/snigdh/repos/bigData/spark_demo_env/lib/python3.12/site-packages/airflow/example_dags/example_python_decorator.py
[2026-07-18T21:38:36.576+0545] {logging_mixin.py:188} INFO - [2026-07-18T21:38:36.576+0545] {example_python_decorator.py:80} WARNING - The virtalenv_python example task requires virtualenv, please install it.
[2026-07-18T21:38:36.577+0545] {processor.py:840} INFO - DAG(s) 'example_python_decorator' retrieved from /home/snigdh/repos/bigData/spark_demo_env/lib/python3.12/site-packages/airflow/example_dags/example_python_decorator.py
[2026-07-18T21:38:36.699+0545] {logging_mixin.py:188} INFO - [2026-07-18T21:38:36.698+0545] {override.py:1858} INFO - Created Permission View: can delete on DAG:example_python_decorator
[2026-07-18T21:38:36.711+0545] {logging_mixin.py:188} INFO - [2026-07-18T21:38:36.711+0545] {override.py:1858} INFO - Created Permission View: can read on DAG:example_python_decorator
[2026-07-18T21:38:36.721+0545] {logging_mixin.py:188} INFO - [2026-07-18T21:38:36.721+0545] {override.py:1858} INFO - Created Permission View: can edit on DAG:example_python_decorator
[2026-07-18T21:38:36.722+0545] {logging_mixin.py:188} INFO - [2026-07-18T21:38:36.722+0545] {dag.py:3089} INFO - Sync 1 DAGs
[2026-07-18T21:38:36.736+0545] {logging_mixin.py:188} INFO - [2026-07-18T21:38:36.736+0545] {dag.py:3111} INFO - Creating ORM DAG for example_python_decorator
[2026-07-18T21:38:36.737+0545] {logging_mixin.py:188} INFO - [2026-07-18T21:38:36.737+0545] {dag.py:3947} INFO - Setting next_dagrun for example_python_decorator to None, run_after=None
[2026-07-18T21:38:36.767+0545] {processor.py:183} INFO - Processing /home/snigdh/repos/bigData/spark_demo_env/lib/python3.12/site-packages/airflow/example_dags/example_python_decorator.py took 0.214 seconds
[2026-07-18T21:39:34.852+0545] {processor.py:161} INFO - Started process (PID=262791) to work on /home/snigdh/repos/bigData/spark_demo_env/lib/python3.12/site-packages/airflow/example_dags/example_python_decorator.py
[2026-07-18T21:39:34.855+0545] {processor.py:830} INFO - Processing file /home/snigdh/repos/bigData/spark_demo_env/lib/python3.12/site-packages/airflow/example_dags/example_python_decorator.py for tasks to queue
[2026-07-18T21:39:34.857+0545] {logging_mixin.py:188} INFO - [2026-07-18T21:39:34.857+0545] {dagbag.py:545} INFO - Filling up the DagBag from /home/snigdh/repos/bigData/spark_demo_env/lib/python3.12/site-packages/airflow/example_dags/example_python_decorator.py
[2026-07-18T21:39:34.867+0545] {logging_mixin.py:188} INFO - [2026-07-18T21:39:34.867+0545] {example_python_decorator.py:80} WARNING - The virtalenv_python example task requires virtualenv, please install it.
[2026-07-18T21:39:34.868+0545] {processor.py:840} INFO - DAG(s) 'example_python_decorator' retrieved from /home/snigdh/repos/bigData/spark_demo_env/lib/python3.12/site-packages/airflow/example_dags/example_python_decorator.py
[2026-07-18T21:39:34.890+0545] {logging_mixin.py:188} INFO - [2026-07-18T21:39:34.890+0545] {dag.py:3089} INFO - Sync 1 DAGs
[2026-07-18T21:39:34.905+0545] {logging_mixin.py:188} INFO - [2026-07-18T21:39:34.905+0545] {dag.py:3947} INFO - Setting next_dagrun for example_python_decorator to None, run_after=None
[2026-07-18T21:39:34.932+0545] {processor.py:183} INFO - Processing /home/snigdh/repos/bigData/spark_demo_env/lib/python3.12/site-packages/airflow/example_dags/example_python_decorator.py took 0.087 seconds
[2026-07-18T21:46:48.240+0545] {processor.py:161} INFO - Started process (PID=269941) to work on /home/snigdh/repos/bigData/spark_demo_env/lib/python3.12/site-packages/airflow/example_dags/example_python_decorator.py
[2026-07-18T21:46:48.244+0545] {processor.py:830} INFO - Processing file /home/snigdh/repos/bigData/spark_demo_env/lib/python3.12/site-packages/airflow/example_dags/example_python_decorator.py for tasks to queue
[2026-07-18T21:46:48.245+0545] {logging_mixin.py:188} INFO - [2026-07-18T21:46:48.245+0545] {dagbag.py:545} INFO - Filling up the DagBag from /home/snigdh/repos/bigData/spark_demo_env/lib/python3.12/site-packages/airflow/example_dags/example_python_decorator.py
[2026-07-18T21:46:48.258+0545] {logging_mixin.py:188} INFO - [2026-07-18T21:46:48.258+0545] {example_python_decorator.py:80} WARNING - The virtalenv_python example task requires virtualenv, please install it.
[2026-07-18T21:46:48.259+0545] {processor.py:840} INFO - DAG(s) 'example_python_decorator' retrieved from /home/snigdh/repos/bigData/spark_demo_env/lib/python3.12/site-packages/airflow/example_dags/example_python_decorator.py
[2026-07-18T21:46:48.381+0545] {logging_mixin.py:188} INFO - [2026-07-18T21:46:48.381+0545] {dag.py:3089} INFO - Sync 1 DAGs
[2026-07-18T21:46:48.391+0545] {logging_mixin.py:188} INFO - [2026-07-18T21:46:48.391+0545] {dag.py:3947} INFO - Setting next_dagrun for example_python_decorator to None, run_after=None
[2026-07-18T21:46:48.428+0545] {processor.py:183} INFO - Processing /home/snigdh/repos/bigData/spark_demo_env/lib/python3.12/site-packages/airflow/example_dags/example_python_decorator.py took 0.196 seconds
[2026-07-18T21:47:47.242+0545] {processor.py:161} INFO - Started process (PID=270615) to work on /home/snigdh/repos/bigData/spark_demo_env/lib/python3.12/site-packages/airflow/example_dags/example_python_decorator.py
[2026-07-18T21:47:47.246+0545] {processor.py:830} INFO - Processing file /home/snigdh/repos/bigData/spark_demo_env/lib/python3.12/site-packages/airflow/example_dags/example_python_decorator.py for tasks to queue
[2026-07-18T21:47:47.247+0545] {logging_mixin.py:188} INFO - [2026-07-18T21:47:47.247+0545] {dagbag.py:545} INFO - Filling up the DagBag from /home/snigdh/repos/bigData/spark_demo_env/lib/python3.12/site-packages/airflow/example_dags/example_python_decorator.py
[2026-07-18T21:47:47.259+0545] {logging_mixin.py:188} INFO - [2026-07-18T21:47:47.258+0545] {example_python_decorator.py:80} WARNING - The virtalenv_python example task requires virtualenv, please install it.
[2026-07-18T21:47:47.260+0545] {processor.py:840} INFO - DAG(s) 'example_python_decorator' retrieved from /home/snigdh/repos/bigData/spark_demo_env/lib/python3.12/site-packages/airflow/example_dags/example_python_decorator.py
[2026-07-18T21:47:47.278+0545] {logging_mixin.py:188} INFO - [2026-07-18T21:47:47.278+0545] {dag.py:3089} INFO - Sync 1 DAGs
[2026-07-18T21:47:47.287+0545] {logging_mixin.py:188} INFO - [2026-07-18T21:47:47.287+0545] {dag.py:3947} INFO - Setting next_dagrun for example_python_decorator to None, run_after=None
[2026-07-18T21:47:47.307+0545] {processor.py:183} INFO - Processing /home/snigdh/repos/bigData/spark_demo_env/lib/python3.12/site-packages/airflow/example_dags/example_python_decorator.py took 0.072 seconds
[2026-07-18T21:48:38.071+0545] {processor.py:161} INFO - Started process (PID=271575) to work on /home/snigdh/repos/bigData/spark_demo_env/lib/python3.12/site-packages/airflow/example_dags/example_python_decorator.py
[2026-07-18T21:48:38.074+0545] {processor.py:830} INFO - Processing file /home/snigdh/repos/bigData/spark_demo_env/lib/python3.12/site-packages/airflow/example_dags/example_python_decorator.py for tasks to queue
[2026-07-18T21:48:38.076+0545] {logging_mixin.py:188} INFO - [2026-07-18T21:48:38.075+0545] {dagbag.py:545} INFO - Filling up the DagBag from /home/snigdh/repos/bigData/spark_demo_env/lib/python3.12/site-packages/airflow/example_dags/example_python_decorator.py
[2026-07-18T21:48:38.086+0545] {logging_mixin.py:188} INFO - [2026-07-18T21:48:38.086+0545] {example_python_decorator.py:80} WARNING - The virtalenv_python example task requires virtualenv, please install it.
[2026-07-18T21:48:38.087+0545] {processor.py:840} INFO - DAG(s) 'example_python_decorator' retrieved from /home/snigdh/repos/bigData/spark_demo_env/lib/python3.12/site-packages/airflow/example_dags/example_python_decorator.py
[2026-07-18T21:48:38.108+0545] {logging_mixin.py:188} INFO - [2026-07-18T21:48:38.108+0545] {dag.py:3089} INFO - Sync 1 DAGs
[2026-07-18T21:48:38.119+0545] {logging_mixin.py:188} INFO - [2026-07-18T21:48:38.119+0545] {dag.py:3947} INFO - Setting next_dagrun for example_python_decorator to None, run_after=None
[2026-07-18T21:48:38.146+0545] {processor.py:183} INFO - Processing /home/snigdh/repos/bigData/spark_demo_env/lib/python3.12/site-packages/airflow/example_dags/example_python_decorator.py took 0.082 seconds
[2026-07-18T21:49:34.344+0545] {processor.py:161} INFO - Started process (PID=272188) to work on /home/snigdh/repos/bigData/spark_demo_env/lib/python3.12/site-packages/airflow/example_dags/example_python_decorator.py
[2026-07-18T21:49:34.347+0545] {processor.py:830} INFO - Processing file /home/snigdh/repos/bigData/spark_demo_env/lib/python3.12/site-packages/airflow/example_dags/example_python_decorator.py for tasks to queue
[2026-07-18T21:49:34.348+0545] {logging_mixin.py:188} INFO - [2026-07-18T21:49:34.348+0545] {dagbag.py:545} INFO - Filling up the DagBag from /home/snigdh/repos/bigData/spark_demo_env/lib/python3.12/site-packages/airflow/example_dags/example_python_decorator.py
[2026-07-18T21:49:34.356+0545] {logging_mixin.py:188} INFO - [2026-07-18T21:49:34.355+0545] {example_python_decorator.py:80} WARNING - The virtalenv_python example task requires virtualenv, please install it.
[2026-07-18T21:49:34.356+0545] {processor.py:840} INFO - DAG(s) 'example_python_decorator' retrieved from /home/snigdh/repos/bigData/spark_demo_env/lib/python3.12/site-packages/airflow/example_dags/example_python_decorator.py
[2026-07-18T21:49:34.492+0545] {logging_mixin.py:188} INFO - [2026-07-18T21:49:34.491+0545] {dag.py:3089} INFO - Sync 1 DAGs
[2026-07-18T21:49:34.500+0545] {logging_mixin.py:188} INFO - [2026-07-18T21:49:34.500+0545] {dag.py:3947} INFO - Setting next_dagrun for example_python_decorator to None, run_after=None
[2026-07-18T21:49:34.521+0545] {processor.py:183} INFO - Processing /home/snigdh/repos/bigData/spark_demo_env/lib/python3.12/site-packages/airflow/example_dags/example_python_decorator.py took 0.183 seconds
[2026-07-18T21:50:26.445+0545] {processor.py:161} INFO - Started process (PID=272786) to work on /home/snigdh/repos/bigData/spark_demo_env/lib/python3.12/site-packages/airflow/example_dags/example_python_decorator.py
[2026-07-18T21:50:26.449+0545] {processor.py:830} INFO - Processing file /home/snigdh/repos/bigData/spark_demo_env/lib/python3.12/site-packages/airflow/example_dags/example_python_decorator.py for tasks to queue
[2026-07-18T21:50:26.451+0545] {logging_mixin.py:188} INFO - [2026-07-18T21:50:26.450+0545] {dagbag.py:545} INFO - Filling up the DagBag from /home/snigdh/repos/bigData/spark_demo_env/lib/python3.12/site-packages/airflow/example_dags/example_python_decorator.py
[2026-07-18T21:50:26.465+0545] {logging_mixin.py:188} INFO - [2026-07-18T21:50:26.464+0545] {example_python_decorator.py:80} WARNING - The virtalenv_python example task requires virtualenv, please install it.
[2026-07-18T21:50:26.465+0545] {processor.py:840} INFO - DAG(s) 'example_python_decorator' retrieved from /home/snigdh/repos/bigData/spark_demo_env/lib/python3.12/site-packages/airflow/example_dags/example_python_decorator.py
[2026-07-18T21:50:26.493+0545] {logging_mixin.py:188} INFO - [2026-07-18T21:50:26.493+0545] {dag.py:3089} INFO - Sync 1 DAGs
[2026-07-18T21:50:26.509+0545] {logging_mixin.py:188} INFO - [2026-07-18T21:50:26.509+0545] {dag.py:3947} INFO - Setting next_dagrun for example_python_decorator to None, run_after=None
[2026-07-18T21:50:26.533+0545] {processor.py:183} INFO - Processing /home/snigdh/repos/bigData/spark_demo_env/lib/python3.12/site-packages/airflow/example_dags/example_python_decorator.py took 0.097 seconds
[2026-07-18T21:51:33.813+0545] {processor.py:161} INFO - Started process (PID=273796) to work on /home/snigdh/repos/bigData/spark_demo_env/lib/python3.12/site-packages/airflow/example_dags/example_python_decorator.py
[2026-07-18T21:51:33.817+0545] {processor.py:830} INFO - Processing file /home/snigdh/repos/bigData/spark_demo_env/lib/python3.12/site-packages/airflow/example_dags/example_python_decorator.py for tasks to queue
[2026-07-18T21:51:33.818+0545] {logging_mixin.py:188} INFO - [2026-07-18T21:51:33.817+0545] {dagbag.py:545} INFO - Filling up the DagBag from /home/snigdh/repos/bigData/spark_demo_env/lib/python3.12/site-packages/airflow/example_dags/example_python_decorator.py
[2026-07-18T21:51:33.828+0545] {logging_mixin.py:188} INFO - [2026-07-18T21:51:33.828+0545] {example_python_decorator.py:80} WARNING - The virtalenv_python example task requires virtualenv, please install it.
[2026-07-18T21:51:33.829+0545] {processor.py:840} INFO - DAG(s) 'example_python_decorator' retrieved from /home/snigdh/repos/bigData/spark_demo_env/lib/python3.12/site-packages/airflow/example_dags/example_python_decorator.py
[2026-07-18T21:51:33.847+0545] {logging_mixin.py:188} INFO - [2026-07-18T21:51:33.847+0545] {dag.py:3089} INFO - Sync 1 DAGs
[2026-07-18T21:51:33.859+0545] {logging_mixin.py:188} INFO - [2026-07-18T21:51:33.859+0545] {dag.py:3947} INFO - Setting next_dagrun for example_python_decorator to None, run_after=None
[2026-07-18T21:51:33.882+0545] {processor.py:183} INFO - Processing /home/snigdh/repos/bigData/spark_demo_env/lib/python3.12/site-packages/airflow/example_dags/example_python_decorator.py took 0.078 seconds
[2026-07-18T21:52:20.139+0545] {processor.py:161} INFO - Started process (PID=274366) to work on /home/snigdh/repos/bigData/spark_demo_env/lib/python3.12/site-packages/airflow/example_dags/example_python_decorator.py
[2026-07-18T21:52:20.143+0545] {processor.py:830} INFO - Processing file /home/snigdh/repos/bigData/spark_demo_env/lib/python3.12/site-packages/airflow/example_dags/example_python_decorator.py for tasks to queue
[2026-07-18T21:52:20.144+0545] {logging_mixin.py:188} INFO - [2026-07-18T21:52:20.143+0545] {dagbag.py:545} INFO - Filling up the DagBag from /home/snigdh/repos/bigData/spark_demo_env/lib/python3.12/site-packages/airflow/example_dags/example_python_decorator.py
[2026-07-18T21:52:20.154+0545] {logging_mixin.py:188} INFO - [2026-07-18T21:52:20.154+0545] {example_python_decorator.py:80} WARNING - The virtalenv_python example task requires virtualenv, please install it.
[2026-07-18T21:52:20.155+0545] {processor.py:840} INFO - DAG(s) 'example_python_decorator' retrieved from /home/snigdh/repos/bigData/spark_demo_env/lib/python3.12/site-packages/airflow/example_dags/example_python_decorator.py
[2026-07-18T21:52:20.176+0545] {logging_mixin.py:188} INFO - [2026-07-18T21:52:20.176+0545] {dag.py:3089} INFO - Sync 1 DAGs
[2026-07-18T21:52:20.187+0545] {logging_mixin.py:188} INFO - [2026-07-18T21:52:20.187+0545] {dag.py:3947} INFO - Setting next_dagrun for example_python_decorator to None, run_after=None
[2026-07-18T21:52:20.211+0545] {processor.py:183} INFO - Processing /home/snigdh/repos/bigData/spark_demo_env/lib/python3.12/site-packages/airflow/example_dags/example_python_decorator.py took 0.079 seconds
[2026-07-18T21:53:26.628+0545] {processor.py:161} INFO - Started process (PID=275214) to work on /home/snigdh/repos/bigData/spark_demo_env/lib/python3.12/site-packages/airflow/example_dags/example_python_decorator.py
[2026-07-18T21:53:26.630+0545] {processor.py:830} INFO - Processing file /home/snigdh/repos/bigData/spark_demo_env/lib/python3.12/site-packages/airflow/example_dags/example_python_decorator.py for tasks to queue
[2026-07-18T21:53:26.631+0545] {logging_mixin.py:188} INFO - [2026-07-18T21:53:26.630+0545] {dagbag.py:545} INFO - Filling up the DagBag from /home/snigdh/repos/bigData/spark_demo_env/lib/python3.12/site-packages/airflow/example_dags/example_python_decorator.py
[2026-07-18T21:53:26.643+0545] {logging_mixin.py:188} INFO - [2026-07-18T21:53:26.643+0545] {example_python_decorator.py:80} WARNING - The virtalenv_python example task requires virtualenv, please install it.
[2026-07-18T21:53:26.644+0545] {processor.py:840} INFO - DAG(s) 'example_python_decorator' retrieved from /home/snigdh/repos/bigData/spark_demo_env/lib/python3.12/site-packages/airflow/example_dags/example_python_decorator.py
[2026-07-18T21:53:26.669+0545] {logging_mixin.py:188} INFO - [2026-07-18T21:53:26.668+0545] {dag.py:3089} INFO - Sync 1 DAGs
[2026-07-18T21:53:26.681+0545] {logging_mixin.py:188} INFO - [2026-07-18T21:53:26.681+0545] {dag.py:3947} INFO - Setting next_dagrun for example_python_decorator to None, run_after=None
[2026-07-18T21:53:26.704+0545] {processor.py:183} INFO - Processing /home/snigdh/repos/bigData/spark_demo_env/lib/python3.12/site-packages/airflow/example_dags/example_python_decorator.py took 0.088 seconds
[2026-07-18T21:54:16.933+0545] {processor.py:161} INFO - Started process (PID=276119) to work on /home/snigdh/repos/bigData/spark_demo_env/lib/python3.12/site-packages/airflow/example_dags/example_python_decorator.py
[2026-07-18T21:54:16.936+0545] {processor.py:830} INFO - Processing file /home/snigdh/repos/bigData/spark_demo_env/lib/python3.12/site-packages/airflow/example_dags/example_python_decorator.py for tasks to queue
[2026-07-18T21:54:16.938+0545] {logging_mixin.py:188} INFO - [2026-07-18T21:54:16.937+0545] {dagbag.py:545} INFO - Filling up the DagBag from /home/snigdh/repos/bigData/spark_demo_env/lib/python3.12/site-packages/airflow/example_dags/example_python_decorator.py
[2026-07-18T21:54:16.951+0545] {logging_mixin.py:188} INFO - [2026-07-18T21:54:16.951+0545] {example_python_decorator.py:80} WARNING - The virtalenv_python example task requires virtualenv, please install it.
[2026-07-18T21:54:16.952+0545] {processor.py:840} INFO - DAG(s) 'example_python_decorator' retrieved from /home/snigdh/repos/bigData/spark_demo_env/lib/python3.12/site-packages/airflow/example_dags/example_python_decorator.py
[2026-07-18T21:54:16.971+0545] {logging_mixin.py:188} INFO - [2026-07-18T21:54:16.970+0545] {dag.py:3089} INFO - Sync 1 DAGs
[2026-07-18T21:54:16.983+0545] {logging_mixin.py:188} INFO - [2026-07-18T21:54:16.982+0545] {dag.py:3947} INFO - Setting next_dagrun for example_python_decorator to None, run_after=None
[2026-07-18T21:54:17.004+0545] {processor.py:183} INFO - Processing /home/snigdh/repos/bigData/spark_demo_env/lib/python3.12/site-packages/airflow/example_dags/example_python_decorator.py took 0.079 seconds
[2026-07-18T21:55:03.989+0545] {processor.py:161} INFO - Started process (PID=276734) to work on /home/snigdh/repos/bigData/spark_demo_env/lib/python3.12/site-packages/airflow/example_dags/example_python_decorator.py
[2026-07-18T21:55:03.990+0545] {processor.py:830} INFO - Processing file /home/snigdh/repos/bigData/spark_demo_env/lib/python3.12/site-packages/airflow/example_dags/example_python_decorator.py for tasks to queue
[2026-07-18T21:55:03.991+0545] {logging_mixin.py:188} INFO - [2026-07-18T21:55:03.991+0545] {dagbag.py:545} INFO - Filling up the DagBag from /home/snigdh/repos/bigData/spark_demo_env/lib/python3.12/site-packages/airflow/example_dags/example_python_decorator.py
[2026-07-18T21:55:04.004+0545] {logging_mixin.py:188} INFO - [2026-07-18T21:55:04.004+0545] {example_python_decorator.py:80} WARNING - The virtalenv_python example task requires virtualenv, please install it.
[2026-07-18T21:55:04.005+0545] {processor.py:840} INFO - DAG(s) 'example_python_decorator' retrieved from /home/snigdh/repos/bigData/spark_demo_env/lib/python3.12/site-packages/airflow/example_dags/example_python_decorator.py
[2026-07-18T21:55:04.031+0545] {logging_mixin.py:188} INFO - [2026-07-18T21:55:04.030+0545] {dag.py:3089} INFO - Sync 1 DAGs
[2026-07-18T21:55:04.051+0545] {logging_mixin.py:188} INFO - [2026-07-18T21:55:04.050+0545] {dag.py:3947} INFO - Setting next_dagrun for example_python_decorator to None, run_after=None
[2026-07-18T21:55:04.083+0545] {processor.py:183} INFO - Processing /home/snigdh/repos/bigData/spark_demo_env/lib/python3.12/site-packages/airflow/example_dags/example_python_decorator.py took 0.101 seconds
[2026-07-18T21:55:50.048+0545] {processor.py:161} INFO - Started process (PID=277140) to work on /home/snigdh/repos/bigData/spark_demo_env/lib/python3.12/site-packages/airflow/example_dags/example_python_decorator.py
[2026-07-18T21:55:50.052+0545] {processor.py:830} INFO - Processing file /home/snigdh/repos/bigData/spark_demo_env/lib/python3.12/site-packages/airflow/example_dags/example_python_decorator.py for tasks to queue
[2026-07-18T21:55:50.053+0545] {logging_mixin.py:188} INFO - [2026-07-18T21:55:50.052+0545] {dagbag.py:545} INFO - Filling up the DagBag from /home/snigdh/repos/bigData/spark_demo_env/lib/python3.12/site-packages/airflow/example_dags/example_python_decorator.py
[2026-07-18T21:55:50.064+0545] {logging_mixin.py:188} INFO - [2026-07-18T21:55:50.063+0545] {example_python_decorator.py:80} WARNING - The virtalenv_python example task requires virtualenv, please install it.
[2026-07-18T21:55:50.065+0545] {processor.py:840} INFO - DAG(s) 'example_python_decorator' retrieved from /home/snigdh/repos/bigData/spark_demo_env/lib/python3.12/site-packages/airflow/example_dags/example_python_decorator.py
[2026-07-18T21:55:50.091+0545] {logging_mixin.py:188} INFO - [2026-07-18T21:55:50.090+0545] {dag.py:3089} INFO - Sync 1 DAGs
[2026-07-18T21:55:50.102+0545] {logging_mixin.py:188} INFO - [2026-07-18T21:55:50.102+0545] {dag.py:3947} INFO - Setting next_dagrun for example_python_decorator to None, run_after=None
[2026-07-18T21:55:50.124+0545] {processor.py:183} INFO - Processing /home/snigdh/repos/bigData/spark_demo_env/lib/python3.12/site-packages/airflow/example_dags/example_python_decorator.py took 0.083 seconds
[2026-07-18T21:56:54.644+0545] {processor.py:161} INFO - Started process (PID=277754) to work on /home/snigdh/repos/bigData/spark_demo_env/lib/python3.12/site-packages/airflow/example_dags/example_python_decorator.py
[2026-07-18T21:56:54.648+0545] {processor.py:830} INFO - Processing file /home/snigdh/repos/bigData/spark_demo_env/lib/python3.12/site-packages/airflow/example_dags/example_python_decorator.py for tasks to queue
[2026-07-18T21:56:54.649+0545] {logging_mixin.py:188} INFO - [2026-07-18T21:56:54.648+0545] {dagbag.py:545} INFO - Filling up the DagBag from /home/snigdh/repos/bigData/spark_demo_env/lib/python3.12/site-packages/airflow/example_dags/example_python_decorator.py
[2026-07-18T21:56:54.658+0545] {logging_mixin.py:188} INFO - [2026-07-18T21:56:54.657+0545] {example_python_decorator.py:80} WARNING - The virtalenv_python example task requires virtualenv, please install it.
[2026-07-18T21:56:54.658+0545] {processor.py:840} INFO - DAG(s) 'example_python_decorator' retrieved from /home/snigdh/repos/bigData/spark_demo_env/lib/python3.12/site-packages/airflow/example_dags/example_python_decorator.py
[2026-07-18T21:56:54.677+0545] {logging_mixin.py:188} INFO - [2026-07-18T21:56:54.677+0545] {dag.py:3089} INFO - Sync 1 DAGs
[2026-07-18T21:56:54.690+0545] {logging_mixin.py:188} INFO - [2026-07-18T21:56:54.689+0545] {dag.py:3947} INFO - Setting next_dagrun for example_python_decorator to None, run_after=None
[2026-07-18T21:56:54.716+0545] {processor.py:183} INFO - Processing /home/snigdh/repos/bigData/spark_demo_env/lib/python3.12/site-packages/airflow/example_dags/example_python_decorator.py took 0.078 seconds
[2026-07-18T21:57:41.453+0545] {processor.py:161} INFO - Started process (PID=278238) to work on /home/snigdh/repos/bigData/spark_demo_env/lib/python3.12/site-packages/airflow/example_dags/example_python_decorator.py
[2026-07-18T21:57:41.457+0545] {processor.py:830} INFO - Processing file /home/snigdh/repos/bigData/spark_demo_env/lib/python3.12/site-packages/airflow/example_dags/example_python_decorator.py for tasks to queue
[2026-07-18T21:57:41.458+0545] {logging_mixin.py:188} INFO - [2026-07-18T21:57:41.457+0545] {dagbag.py:545} INFO - Filling up the DagBag from /home/snigdh/repos/bigData/spark_demo_env/lib/python3.12/site-packages/airflow/example_dags/example_python_decorator.py
[2026-07-18T21:57:41.469+0545] {logging_mixin.py:188} INFO - [2026-07-18T21:57:41.469+0545] {example_python_decorator.py:80} WARNING - The virtalenv_python example task requires virtualenv, please install it.
[2026-07-18T21:57:41.470+0545] {processor.py:840} INFO - DAG(s) 'example_python_decorator' retrieved from /home/snigdh/repos/bigData/spark_demo_env/lib/python3.12/site-packages/airflow/example_dags/example_python_decorator.py
[2026-07-18T21:57:41.493+0545] {logging_mixin.py:188} INFO - [2026-07-18T21:57:41.492+0545] {dag.py:3089} INFO - Sync 1 DAGs
[2026-07-18T21:57:41.504+0545] {logging_mixin.py:188} INFO - [2026-07-18T21:57:41.503+0545] {dag.py:3947} INFO - Setting next_dagrun for example_python_decorator to None, run_after=None
[2026-07-18T21:57:41.528+0545] {processor.py:183} INFO - Processing /home/snigdh/repos/bigData/spark_demo_env/lib/python3.12/site-packages/airflow/example_dags/example_python_decorator.py took 0.083 seconds
[2026-07-18T21:58:27.120+0545] {processor.py:161} INFO - Started process (PID=278634) to work on /home/snigdh/repos/bigData/spark_demo_env/lib/python3.12/site-packages/airflow/example_dags/example_python_decorator.py
[2026-07-18T21:58:27.122+0545] {processor.py:830} INFO - Processing file /home/snigdh/repos/bigData/spark_demo_env/lib/python3.12/site-packages/airflow/example_dags/example_python_decorator.py for tasks to queue
[2026-07-18T21:58:27.124+0545] {logging_mixin.py:188} INFO - [2026-07-18T21:58:27.123+0545] {dagbag.py:545} INFO - Filling up the DagBag from /home/snigdh/repos/bigData/spark_demo_env/lib/python3.12/site-packages/airflow/example_dags/example_python_decorator.py
[2026-07-18T21:58:27.136+0545] {logging_mixin.py:188} INFO - [2026-07-18T21:58:27.136+0545] {example_python_decorator.py:80} WARNING - The virtalenv_python example task requires virtualenv, please install it.
[2026-07-18T21:58:27.137+0545] {processor.py:840} INFO - DAG(s) 'example_python_decorator' retrieved from /home/snigdh/repos/bigData/spark_demo_env/lib/python3.12/site-packages/airflow/example_dags/example_python_decorator.py
[2026-07-18T21:58:27.159+0545] {logging_mixin.py:188} INFO - [2026-07-18T21:58:27.159+0545] {dag.py:3089} INFO - Sync 1 DAGs
[2026-07-18T21:58:27.170+0545] {logging_mixin.py:188} INFO - [2026-07-18T21:58:27.169+0545] {dag.py:3947} INFO - Setting next_dagrun for example_python_decorator to None, run_after=None
[2026-07-18T21:58:27.192+0545] {processor.py:183} INFO - Processing /home/snigdh/repos/bigData/spark_demo_env/lib/python3.12/site-packages/airflow/example_dags/example_python_decorator.py took 0.080 seconds
[2026-07-18T21:59:34.100+0545] {processor.py:161} INFO - Started process (PID=279311) to work on /home/snigdh/repos/bigData/spark_demo_env/lib/python3.12/site-packages/airflow/example_dags/example_python_decorator.py
[2026-07-18T21:59:34.104+0545] {processor.py:830} INFO - Processing file /home/snigdh/repos/bigData/spark_demo_env/lib/python3.12/site-packages/airflow/example_dags/example_python_decorator.py for tasks to queue
[2026-07-18T21:59:34.106+0545] {logging_mixin.py:188} INFO - [2026-07-18T21:59:34.105+0545] {dagbag.py:545} INFO - Filling up the DagBag from /home/snigdh/repos/bigData/spark_demo_env/lib/python3.12/site-packages/airflow/example_dags/example_python_decorator.py
[2026-07-18T21:59:34.118+0545] {logging_mixin.py:188} INFO - [2026-07-18T21:59:34.118+0545] {example_python_decorator.py:80} WARNING - The virtalenv_python example task requires virtualenv, please install it.
[2026-07-18T21:59:34.119+0545] {processor.py:840} INFO - DAG(s) 'example_python_decorator' retrieved from /home/snigdh/repos/bigData/spark_demo_env/lib/python3.12/site-packages/airflow/example_dags/example_python_decorator.py
[2026-07-18T21:59:34.141+0545] {logging_mixin.py:188} INFO - [2026-07-18T21:59:34.141+0545] {dag.py:3089} INFO - Sync 1 DAGs
[2026-07-18T21:59:34.152+0545] {logging_mixin.py:188} INFO - [2026-07-18T21:59:34.152+0545] {dag.py:3947} INFO - Setting next_dagrun for example_python_decorator to None, run_after=None
[2026-07-18T21:59:34.175+0545] {processor.py:183} INFO - Processing /home/snigdh/repos/bigData/spark_demo_env/lib/python3.12/site-packages/airflow/example_dags/example_python_decorator.py took 0.082 seconds
[2026-07-18T22:00:20.514+0545] {processor.py:161} INFO - Started process (PID=279715) to work on /home/snigdh/repos/bigData/spark_demo_env/lib/python3.12/site-packages/airflow/example_dags/example_python_decorator.py
[2026-07-18T22:00:20.518+0545] {processor.py:830} INFO - Processing file /home/snigdh/repos/bigData/spark_demo_env/lib/python3.12/site-packages/airflow/example_dags/example_python_decorator.py for tasks to queue
[2026-07-18T22:00:20.519+0545] {logging_mixin.py:188} INFO - [2026-07-18T22:00:20.519+0545] {dagbag.py:545} INFO - Filling up the DagBag from /home/snigdh/repos/bigData/spark_demo_env/lib/python3.12/site-packages/airflow/example_dags/example_python_decorator.py
[2026-07-18T22:00:20.532+0545] {logging_mixin.py:188} INFO - [2026-07-18T22:00:20.532+0545] {example_python_decorator.py:80} WARNING - The virtalenv_python example task requires virtualenv, please install it.
[2026-07-18T22:00:20.533+0545] {processor.py:840} INFO - DAG(s) 'example_python_decorator' retrieved from /home/snigdh/repos/bigData/spark_demo_env/lib/python3.12/site-packages/airflow/example_dags/example_python_decorator.py
[2026-07-18T22:00:20.556+0545] {logging_mixin.py:188} INFO - [2026-07-18T22:00:20.556+0545] {dag.py:3089} INFO - Sync 1 DAGs
[2026-07-18T22:00:20.568+0545] {logging_mixin.py:188} INFO - [2026-07-18T22:00:20.568+0545] {dag.py:3947} INFO - Setting next_dagrun for example_python_decorator to None, run_after=None
[2026-07-18T22:00:20.594+0545] {processor.py:183} INFO - Processing /home/snigdh/repos/bigData/spark_demo_env/lib/python3.12/site-packages/airflow/example_dags/example_python_decorator.py took 0.088 seconds
[2026-07-18T22:01:08.651+0545] {processor.py:161} INFO - Started process (PID=280173) to work on /home/snigdh/repos/bigData/spark_demo_env/lib/python3.12/site-packages/airflow/example_dags/example_python_decorator.py
[2026-07-18T22:01:08.655+0545] {processor.py:830} INFO - Processing file /home/snigdh/repos/bigData/spark_demo_env/lib/python3.12/site-packages/airflow/example_dags/example_python_decorator.py for tasks to queue
[2026-07-18T22:01:08.657+0545] {logging_mixin.py:188} INFO - [2026-07-18T22:01:08.656+0545] {dagbag.py:545} INFO - Filling up the DagBag from /home/snigdh/repos/bigData/spark_demo_env/lib/python3.12/site-packages/airflow/example_dags/example_python_decorator.py
[2026-07-18T22:01:08.671+0545] {logging_mixin.py:188} INFO - [2026-07-18T22:01:08.671+0545] {example_python_decorator.py:80} WARNING - The virtalenv_python example task requires virtualenv, please install it.
[2026-07-18T22:01:08.672+0545] {processor.py:840} INFO - DAG(s) 'example_python_decorator' retrieved from /home/snigdh/repos/bigData/spark_demo_env/lib/python3.12/site-packages/airflow/example_dags/example_python_decorator.py
[2026-07-18T22:01:08.701+0545] {logging_mixin.py:188} INFO - [2026-07-18T22:01:08.700+0545] {dag.py:3089} INFO - Sync 1 DAGs
[2026-07-18T22:01:08.718+0545] {logging_mixin.py:188} INFO - [2026-07-18T22:01:08.717+0545] {dag.py:3947} INFO - Setting next_dagrun for example_python_decorator to None, run_after=None
[2026-07-18T22:01:08.746+0545] {processor.py:183} INFO - Processing /home/snigdh/repos/bigData/spark_demo_env/lib/python3.12/site-packages/airflow/example_dags/example_python_decorator.py took 0.105 seconds
[2026-07-18T22:01:55.310+0545] {processor.py:161} INFO - Started process (PID=280576) to work on /home/snigdh/repos/bigData/spark_demo_env/lib/python3.12/site-packages/airflow/example_dags/example_python_decorator.py
[2026-07-18T22:01:55.314+0545] {processor.py:830} INFO - Processing file /home/snigdh/repos/bigData/spark_demo_env/lib/python3.12/site-packages/airflow/example_dags/example_python_decorator.py for tasks to queue
[2026-07-18T22:01:55.315+0545] {logging_mixin.py:188} INFO - [2026-07-18T22:01:55.314+0545] {dagbag.py:545} INFO - Filling up the DagBag from /home/snigdh/repos/bigData/spark_demo_env/lib/python3.12/site-packages/airflow/example_dags/example_python_decorator.py
[2026-07-18T22:01:55.325+0545] {logging_mixin.py:188} INFO - [2026-07-18T22:01:55.324+0545] {example_python_decorator.py:80} WARNING - The virtalenv_python example task requires virtualenv, please install it.
[2026-07-18T22:01:55.325+0545] {processor.py:840} INFO - DAG(s) 'example_python_decorator' retrieved from /home/snigdh/repos/bigData/spark_demo_env/lib/python3.12/site-packages/airflow/example_dags/example_python_decorator.py
[2026-07-18T22:01:55.343+0545] {logging_mixin.py:188} INFO - [2026-07-18T22:01:55.343+0545] {dag.py:3089} INFO - Sync 1 DAGs
[2026-07-18T22:01:55.354+0545] {logging_mixin.py:188} INFO - [2026-07-18T22:01:55.354+0545] {dag.py:3947} INFO - Setting next_dagrun for example_python_decorator to None, run_after=None
[2026-07-18T22:01:55.380+0545] {processor.py:183} INFO - Processing /home/snigdh/repos/bigData/spark_demo_env/lib/python3.12/site-packages/airflow/example_dags/example_python_decorator.py took 0.076 seconds
