[2026-07-18T21:38:32.529+0545] {processor.py:161} INFO - Started process (PID=262465) to work on /home/snigdh/repos/bigData/spark_demo_env/lib/python3.12/site-packages/airflow/example_dags/example_setup_teardown.py
[2026-07-18T21:38:32.530+0545] {processor.py:830} INFO - Processing file /home/snigdh/repos/bigData/spark_demo_env/lib/python3.12/site-packages/airflow/example_dags/example_setup_teardown.py for tasks to queue
[2026-07-18T21:38:32.532+0545] {logging_mixin.py:188} INFO - [2026-07-18T21:38:32.532+0545] {dagbag.py:545} INFO - Filling up the DagBag from /home/snigdh/repos/bigData/spark_demo_env/lib/python3.12/site-packages/airflow/example_dags/example_setup_teardown.py
[2026-07-18T21:38:32.542+0545] {processor.py:840} INFO - DAG(s) 'example_setup_teardown' retrieved from /home/snigdh/repos/bigData/spark_demo_env/lib/python3.12/site-packages/airflow/example_dags/example_setup_teardown.py
[2026-07-18T21:38:32.665+0545] {logging_mixin.py:188} INFO - [2026-07-18T21:38:32.664+0545] {override.py:1858} INFO - Created Permission View: can delete on DAG:example_setup_teardown
[2026-07-18T21:38:32.678+0545] {logging_mixin.py:188} INFO - [2026-07-18T21:38:32.678+0545] {override.py:1858} INFO - Created Permission View: can read on DAG:example_setup_teardown
[2026-07-18T21:38:32.689+0545] {logging_mixin.py:188} INFO - [2026-07-18T21:38:32.689+0545] {override.py:1858} INFO - Created Permission View: can edit on DAG:example_setup_teardown
[2026-07-18T21:38:32.690+0545] {logging_mixin.py:188} INFO - [2026-07-18T21:38:32.690+0545] {dag.py:3089} INFO - Sync 1 DAGs
[2026-07-18T21:38:32.705+0545] {logging_mixin.py:188} INFO - [2026-07-18T21:38:32.705+0545] {dag.py:3111} INFO - Creating ORM DAG for example_setup_teardown
[2026-07-18T21:38:32.717+0545] {logging_mixin.py:188} INFO - [2026-07-18T21:38:32.717+0545] {dag.py:3947} INFO - Setting next_dagrun for example_setup_teardown to 2026-07-17 00:00:00+00:00, run_after=2026-07-18 00:00:00+00:00
[2026-07-18T21:38:32.740+0545] {processor.py:183} INFO - Processing /home/snigdh/repos/bigData/spark_demo_env/lib/python3.12/site-packages/airflow/example_dags/example_setup_teardown.py took 0.218 seconds
[2026-07-18T21:39:31.169+0545] {processor.py:161} INFO - Started process (PID=262776) to work on /home/snigdh/repos/bigData/spark_demo_env/lib/python3.12/site-packages/airflow/example_dags/example_setup_teardown.py
[2026-07-18T21:39:31.173+0545] {processor.py:830} INFO - Processing file /home/snigdh/repos/bigData/spark_demo_env/lib/python3.12/site-packages/airflow/example_dags/example_setup_teardown.py for tasks to queue
[2026-07-18T21:39:31.176+0545] {logging_mixin.py:188} INFO - [2026-07-18T21:39:31.176+0545] {dagbag.py:545} INFO - Filling up the DagBag from /home/snigdh/repos/bigData/spark_demo_env/lib/python3.12/site-packages/airflow/example_dags/example_setup_teardown.py
[2026-07-18T21:39:31.187+0545] {processor.py:840} INFO - DAG(s) 'example_setup_teardown' retrieved from /home/snigdh/repos/bigData/spark_demo_env/lib/python3.12/site-packages/airflow/example_dags/example_setup_teardown.py
[2026-07-18T21:39:31.213+0545] {logging_mixin.py:188} INFO - [2026-07-18T21:39:31.213+0545] {dag.py:3089} INFO - Sync 1 DAGs
[2026-07-18T21:39:31.239+0545] {logging_mixin.py:188} INFO - [2026-07-18T21:39:31.239+0545] {dag.py:3947} INFO - Setting next_dagrun for example_setup_teardown to 2026-07-17 00:00:00+00:00, run_after=2026-07-18 00:00:00+00:00
[2026-07-18T21:39:31.267+0545] {processor.py:183} INFO - Processing /home/snigdh/repos/bigData/spark_demo_env/lib/python3.12/site-packages/airflow/example_dags/example_setup_teardown.py took 0.107 seconds
[2026-07-18T21:40:48.982+0545] {processor.py:161} INFO - Started process (PID=265425) to work on /home/snigdh/repos/bigData/spark_demo_env/lib/python3.12/site-packages/airflow/example_dags/example_setup_teardown.py
[2026-07-18T21:40:48.995+0545] {processor.py:830} INFO - Processing file /home/snigdh/repos/bigData/spark_demo_env/lib/python3.12/site-packages/airflow/example_dags/example_setup_teardown.py for tasks to queue
[2026-07-18T21:40:48.997+0545] {logging_mixin.py:188} INFO - [2026-07-18T21:40:48.997+0545] {dagbag.py:545} INFO - Filling up the DagBag from /home/snigdh/repos/bigData/spark_demo_env/lib/python3.12/site-packages/airflow/example_dags/example_setup_teardown.py
[2026-07-18T21:40:49.006+0545] {processor.py:840} INFO - DAG(s) 'example_setup_teardown' retrieved from /home/snigdh/repos/bigData/spark_demo_env/lib/python3.12/site-packages/airflow/example_dags/example_setup_teardown.py
[2026-07-18T21:40:49.092+0545] {logging_mixin.py:188} INFO - [2026-07-18T21:40:49.092+0545] {dag.py:3089} INFO - Sync 1 DAGs
[2026-07-18T21:40:49.108+0545] {logging_mixin.py:188} INFO - [2026-07-18T21:40:49.108+0545] {dag.py:3947} INFO - Setting next_dagrun for example_setup_teardown to 2026-07-17 00:00:00+00:00, run_after=2026-07-18 00:00:00+00:00
[2026-07-18T21:40:49.133+0545] {processor.py:183} INFO - Processing /home/snigdh/repos/bigData/spark_demo_env/lib/python3.12/site-packages/airflow/example_dags/example_setup_teardown.py took 0.158 seconds
[2026-07-18T21:46:44.504+0545] {processor.py:161} INFO - Started process (PID=269911) to work on /home/snigdh/repos/bigData/spark_demo_env/lib/python3.12/site-packages/airflow/example_dags/example_setup_teardown.py
[2026-07-18T21:46:44.508+0545] {processor.py:830} INFO - Processing file /home/snigdh/repos/bigData/spark_demo_env/lib/python3.12/site-packages/airflow/example_dags/example_setup_teardown.py for tasks to queue
[2026-07-18T21:46:44.510+0545] {logging_mixin.py:188} INFO - [2026-07-18T21:46:44.509+0545] {dagbag.py:545} INFO - Filling up the DagBag from /home/snigdh/repos/bigData/spark_demo_env/lib/python3.12/site-packages/airflow/example_dags/example_setup_teardown.py
[2026-07-18T21:46:44.520+0545] {processor.py:840} INFO - DAG(s) 'example_setup_teardown' retrieved from /home/snigdh/repos/bigData/spark_demo_env/lib/python3.12/site-packages/airflow/example_dags/example_setup_teardown.py
[2026-07-18T21:46:44.556+0545] {logging_mixin.py:188} INFO - [2026-07-18T21:46:44.555+0545] {dag.py:3089} INFO - Sync 1 DAGs
[2026-07-18T21:46:44.581+0545] {logging_mixin.py:188} INFO - [2026-07-18T21:46:44.581+0545] {dag.py:3947} INFO - Setting next_dagrun for example_setup_teardown to 2026-07-17 00:00:00+00:00, run_after=2026-07-18 00:00:00+00:00
[2026-07-18T21:46:44.610+0545] {processor.py:183} INFO - Processing /home/snigdh/repos/bigData/spark_demo_env/lib/python3.12/site-packages/airflow/example_dags/example_setup_teardown.py took 0.115 seconds
[2026-07-18T21:47:45.794+0545] {processor.py:161} INFO - Started process (PID=270596) to work on /home/snigdh/repos/bigData/spark_demo_env/lib/python3.12/site-packages/airflow/example_dags/example_setup_teardown.py
[2026-07-18T21:47:45.797+0545] {processor.py:830} INFO - Processing file /home/snigdh/repos/bigData/spark_demo_env/lib/python3.12/site-packages/airflow/example_dags/example_setup_teardown.py for tasks to queue
[2026-07-18T21:47:45.798+0545] {logging_mixin.py:188} INFO - [2026-07-18T21:47:45.798+0545] {dagbag.py:545} INFO - Filling up the DagBag from /home/snigdh/repos/bigData/spark_demo_env/lib/python3.12/site-packages/airflow/example_dags/example_setup_teardown.py
[2026-07-18T21:47:45.804+0545] {processor.py:840} INFO - DAG(s) 'example_setup_teardown' retrieved from /home/snigdh/repos/bigData/spark_demo_env/lib/python3.12/site-packages/airflow/example_dags/example_setup_teardown.py
[2026-07-18T21:47:45.828+0545] {logging_mixin.py:188} INFO - [2026-07-18T21:47:45.828+0545] {dag.py:3089} INFO - Sync 1 DAGs
[2026-07-18T21:47:45.847+0545] {logging_mixin.py:188} INFO - [2026-07-18T21:47:45.847+0545] {dag.py:3947} INFO - Setting next_dagrun for example_setup_teardown to 2026-07-17 00:00:00+00:00, run_after=2026-07-18 00:00:00+00:00
[2026-07-18T21:47:45.869+0545] {processor.py:183} INFO - Processing /home/snigdh/repos/bigData/spark_demo_env/lib/python3.12/site-packages/airflow/example_dags/example_setup_teardown.py took 0.080 seconds
[2026-07-18T21:48:35.352+0545] {processor.py:161} INFO - Started process (PID=271552) to work on /home/snigdh/repos/bigData/spark_demo_env/lib/python3.12/site-packages/airflow/example_dags/example_setup_teardown.py
[2026-07-18T21:48:35.356+0545] {processor.py:830} INFO - Processing file /home/snigdh/repos/bigData/spark_demo_env/lib/python3.12/site-packages/airflow/example_dags/example_setup_teardown.py for tasks to queue
[2026-07-18T21:48:35.358+0545] {logging_mixin.py:188} INFO - [2026-07-18T21:48:35.357+0545] {dagbag.py:545} INFO - Filling up the DagBag from /home/snigdh/repos/bigData/spark_demo_env/lib/python3.12/site-packages/airflow/example_dags/example_setup_teardown.py
[2026-07-18T21:48:35.369+0545] {processor.py:840} INFO - DAG(s) 'example_setup_teardown' retrieved from /home/snigdh/repos/bigData/spark_demo_env/lib/python3.12/site-packages/airflow/example_dags/example_setup_teardown.py
[2026-07-18T21:48:35.398+0545] {logging_mixin.py:188} INFO - [2026-07-18T21:48:35.398+0545] {dag.py:3089} INFO - Sync 1 DAGs
[2026-07-18T21:48:35.416+0545] {logging_mixin.py:188} INFO - [2026-07-18T21:48:35.415+0545] {dag.py:3947} INFO - Setting next_dagrun for example_setup_teardown to 2026-07-17 00:00:00+00:00, run_after=2026-07-18 00:00:00+00:00
[2026-07-18T21:48:35.443+0545] {processor.py:183} INFO - Processing /home/snigdh/repos/bigData/spark_demo_env/lib/python3.12/site-packages/airflow/example_dags/example_setup_teardown.py took 0.100 seconds
[2026-07-18T21:49:31.918+0545] {processor.py:161} INFO - Started process (PID=272169) to work on /home/snigdh/repos/bigData/spark_demo_env/lib/python3.12/site-packages/airflow/example_dags/example_setup_teardown.py
[2026-07-18T21:49:31.921+0545] {processor.py:830} INFO - Processing file /home/snigdh/repos/bigData/spark_demo_env/lib/python3.12/site-packages/airflow/example_dags/example_setup_teardown.py for tasks to queue
[2026-07-18T21:49:31.922+0545] {logging_mixin.py:188} INFO - [2026-07-18T21:49:31.922+0545] {dagbag.py:545} INFO - Filling up the DagBag from /home/snigdh/repos/bigData/spark_demo_env/lib/python3.12/site-packages/airflow/example_dags/example_setup_teardown.py
[2026-07-18T21:49:31.927+0545] {processor.py:840} INFO - DAG(s) 'example_setup_teardown' retrieved from /home/snigdh/repos/bigData/spark_demo_env/lib/python3.12/site-packages/airflow/example_dags/example_setup_teardown.py
[2026-07-18T21:49:31.940+0545] {logging_mixin.py:188} INFO - [2026-07-18T21:49:31.940+0545] {dag.py:3089} INFO - Sync 1 DAGs
[2026-07-18T21:49:32.048+0545] {logging_mixin.py:188} INFO - [2026-07-18T21:49:32.048+0545] {dag.py:3947} INFO - Setting next_dagrun for example_setup_teardown to 2026-07-17 00:00:00+00:00, run_after=2026-07-18 00:00:00+00:00
[2026-07-18T21:49:32.065+0545] {processor.py:183} INFO - Processing /home/snigdh/repos/bigData/spark_demo_env/lib/python3.12/site-packages/airflow/example_dags/example_setup_teardown.py took 0.152 seconds
[2026-07-18T21:50:23.565+0545] {processor.py:161} INFO - Started process (PID=272763) to work on /home/snigdh/repos/bigData/spark_demo_env/lib/python3.12/site-packages/airflow/example_dags/example_setup_teardown.py
[2026-07-18T21:50:23.569+0545] {processor.py:830} INFO - Processing file /home/snigdh/repos/bigData/spark_demo_env/lib/python3.12/site-packages/airflow/example_dags/example_setup_teardown.py for tasks to queue
[2026-07-18T21:50:23.571+0545] {logging_mixin.py:188} INFO - [2026-07-18T21:50:23.570+0545] {dagbag.py:545} INFO - Filling up the DagBag from /home/snigdh/repos/bigData/spark_demo_env/lib/python3.12/site-packages/airflow/example_dags/example_setup_teardown.py
[2026-07-18T21:50:23.583+0545] {processor.py:840} INFO - DAG(s) 'example_setup_teardown' retrieved from /home/snigdh/repos/bigData/spark_demo_env/lib/python3.12/site-packages/airflow/example_dags/example_setup_teardown.py
[2026-07-18T21:50:23.607+0545] {logging_mixin.py:188} INFO - [2026-07-18T21:50:23.607+0545] {dag.py:3089} INFO - Sync 1 DAGs
[2026-07-18T21:50:23.631+0545] {logging_mixin.py:188} INFO - [2026-07-18T21:50:23.630+0545] {dag.py:3947} INFO - Setting next_dagrun for example_setup_teardown to 2026-07-17 00:00:00+00:00, run_after=2026-07-18 00:00:00+00:00
[2026-07-18T21:50:23.655+0545] {processor.py:183} INFO - Processing /home/snigdh/repos/bigData/spark_demo_env/lib/python3.12/site-packages/airflow/example_dags/example_setup_teardown.py took 0.100 seconds
[2026-07-18T21:51:07.896+0545] {processor.py:161} INFO - Started process (PID=273414) to work on /home/snigdh/repos/bigData/spark_demo_env/lib/python3.12/site-packages/airflow/example_dags/example_setup_teardown.py
[2026-07-18T21:51:07.900+0545] {processor.py:830} INFO - Processing file /home/snigdh/repos/bigData/spark_demo_env/lib/python3.12/site-packages/airflow/example_dags/example_setup_teardown.py for tasks to queue
[2026-07-18T21:51:07.901+0545] {logging_mixin.py:188} INFO - [2026-07-18T21:51:07.901+0545] {dagbag.py:545} INFO - Filling up the DagBag from /home/snigdh/repos/bigData/spark_demo_env/lib/python3.12/site-packages/airflow/example_dags/example_setup_teardown.py
[2026-07-18T21:51:07.913+0545] {processor.py:840} INFO - DAG(s) 'example_setup_teardown' retrieved from /home/snigdh/repos/bigData/spark_demo_env/lib/python3.12/site-packages/airflow/example_dags/example_setup_teardown.py
[2026-07-18T21:51:07.942+0545] {logging_mixin.py:188} INFO - [2026-07-18T21:51:07.942+0545] {dag.py:3089} INFO - Sync 1 DAGs
[2026-07-18T21:51:07.964+0545] {logging_mixin.py:188} INFO - [2026-07-18T21:51:07.964+0545] {dag.py:3947} INFO - Setting next_dagrun for example_setup_teardown to 2026-07-17 00:00:00+00:00, run_after=2026-07-18 00:00:00+00:00
[2026-07-18T21:51:07.994+0545] {processor.py:183} INFO - Processing /home/snigdh/repos/bigData/spark_demo_env/lib/python3.12/site-packages/airflow/example_dags/example_setup_teardown.py took 0.108 seconds
[2026-07-18T21:51:54.285+0545] {processor.py:161} INFO - Started process (PID=274003) to work on /home/snigdh/repos/bigData/spark_demo_env/lib/python3.12/site-packages/airflow/example_dags/example_setup_teardown.py
[2026-07-18T21:51:54.289+0545] {processor.py:830} INFO - Processing file /home/snigdh/repos/bigData/spark_demo_env/lib/python3.12/site-packages/airflow/example_dags/example_setup_teardown.py for tasks to queue
[2026-07-18T21:51:54.291+0545] {logging_mixin.py:188} INFO - [2026-07-18T21:51:54.290+0545] {dagbag.py:545} INFO - Filling up the DagBag from /home/snigdh/repos/bigData/spark_demo_env/lib/python3.12/site-packages/airflow/example_dags/example_setup_teardown.py
[2026-07-18T21:51:54.300+0545] {processor.py:840} INFO - DAG(s) 'example_setup_teardown' retrieved from /home/snigdh/repos/bigData/spark_demo_env/lib/python3.12/site-packages/airflow/example_dags/example_setup_teardown.py
[2026-07-18T21:51:54.327+0545] {logging_mixin.py:188} INFO - [2026-07-18T21:51:54.326+0545] {dag.py:3089} INFO - Sync 1 DAGs
[2026-07-18T21:51:54.346+0545] {logging_mixin.py:188} INFO - [2026-07-18T21:51:54.345+0545] {dag.py:3947} INFO - Setting next_dagrun for example_setup_teardown to 2026-07-17 00:00:00+00:00, run_after=2026-07-18 00:00:00+00:00
[2026-07-18T21:51:54.372+0545] {processor.py:183} INFO - Processing /home/snigdh/repos/bigData/spark_demo_env/lib/python3.12/site-packages/airflow/example_dags/example_setup_teardown.py took 0.096 seconds
[2026-07-18T21:52:41.382+0545] {processor.py:161} INFO - Started process (PID=274619) to work on /home/snigdh/repos/bigData/spark_demo_env/lib/python3.12/site-packages/airflow/example_dags/example_setup_teardown.py
[2026-07-18T21:52:41.384+0545] {processor.py:830} INFO - Processing file /home/snigdh/repos/bigData/spark_demo_env/lib/python3.12/site-packages/airflow/example_dags/example_setup_teardown.py for tasks to queue
[2026-07-18T21:52:41.386+0545] {logging_mixin.py:188} INFO - [2026-07-18T21:52:41.385+0545] {dagbag.py:545} INFO - Filling up the DagBag from /home/snigdh/repos/bigData/spark_demo_env/lib/python3.12/site-packages/airflow/example_dags/example_setup_teardown.py
[2026-07-18T21:52:41.394+0545] {processor.py:840} INFO - DAG(s) 'example_setup_teardown' retrieved from /home/snigdh/repos/bigData/spark_demo_env/lib/python3.12/site-packages/airflow/example_dags/example_setup_teardown.py
[2026-07-18T21:52:41.422+0545] {logging_mixin.py:188} INFO - [2026-07-18T21:52:41.421+0545] {dag.py:3089} INFO - Sync 1 DAGs
[2026-07-18T21:52:41.441+0545] {logging_mixin.py:188} INFO - [2026-07-18T21:52:41.441+0545] {dag.py:3947} INFO - Setting next_dagrun for example_setup_teardown to 2026-07-17 00:00:00+00:00, run_after=2026-07-18 00:00:00+00:00
[2026-07-18T21:52:41.466+0545] {processor.py:183} INFO - Processing /home/snigdh/repos/bigData/spark_demo_env/lib/python3.12/site-packages/airflow/example_dags/example_setup_teardown.py took 0.094 seconds
[2026-07-18T21:53:25.986+0545] {processor.py:161} INFO - Started process (PID=275199) to work on /home/snigdh/repos/bigData/spark_demo_env/lib/python3.12/site-packages/airflow/example_dags/example_setup_teardown.py
[2026-07-18T21:53:25.991+0545] {processor.py:830} INFO - Processing file /home/snigdh/repos/bigData/spark_demo_env/lib/python3.12/site-packages/airflow/example_dags/example_setup_teardown.py for tasks to queue
[2026-07-18T21:53:25.992+0545] {logging_mixin.py:188} INFO - [2026-07-18T21:53:25.992+0545] {dagbag.py:545} INFO - Filling up the DagBag from /home/snigdh/repos/bigData/spark_demo_env/lib/python3.12/site-packages/airflow/example_dags/example_setup_teardown.py
[2026-07-18T21:53:26.002+0545] {processor.py:840} INFO - DAG(s) 'example_setup_teardown' retrieved from /home/snigdh/repos/bigData/spark_demo_env/lib/python3.12/site-packages/airflow/example_dags/example_setup_teardown.py
[2026-07-18T21:53:26.025+0545] {logging_mixin.py:188} INFO - [2026-07-18T21:53:26.025+0545] {dag.py:3089} INFO - Sync 1 DAGs
[2026-07-18T21:53:26.045+0545] {logging_mixin.py:188} INFO - [2026-07-18T21:53:26.044+0545] {dag.py:3947} INFO - Setting next_dagrun for example_setup_teardown to 2026-07-17 00:00:00+00:00, run_after=2026-07-18 00:00:00+00:00
[2026-07-18T21:53:26.070+0545] {processor.py:183} INFO - Processing /home/snigdh/repos/bigData/spark_demo_env/lib/python3.12/site-packages/airflow/example_dags/example_setup_teardown.py took 0.093 seconds
[2026-07-18T21:54:15.678+0545] {processor.py:161} INFO - Started process (PID=276110) to work on /home/snigdh/repos/bigData/spark_demo_env/lib/python3.12/site-packages/airflow/example_dags/example_setup_teardown.py
[2026-07-18T21:54:15.682+0545] {processor.py:830} INFO - Processing file /home/snigdh/repos/bigData/spark_demo_env/lib/python3.12/site-packages/airflow/example_dags/example_setup_teardown.py for tasks to queue
[2026-07-18T21:54:15.683+0545] {logging_mixin.py:188} INFO - [2026-07-18T21:54:15.682+0545] {dagbag.py:545} INFO - Filling up the DagBag from /home/snigdh/repos/bigData/spark_demo_env/lib/python3.12/site-packages/airflow/example_dags/example_setup_teardown.py
[2026-07-18T21:54:15.691+0545] {processor.py:840} INFO - DAG(s) 'example_setup_teardown' retrieved from /home/snigdh/repos/bigData/spark_demo_env/lib/python3.12/site-packages/airflow/example_dags/example_setup_teardown.py
[2026-07-18T21:54:15.718+0545] {logging_mixin.py:188} INFO - [2026-07-18T21:54:15.718+0545] {dag.py:3089} INFO - Sync 1 DAGs
[2026-07-18T21:54:15.743+0545] {logging_mixin.py:188} INFO - [2026-07-18T21:54:15.743+0545] {dag.py:3947} INFO - Setting next_dagrun for example_setup_teardown to 2026-07-17 00:00:00+00:00, run_after=2026-07-18 00:00:00+00:00
[2026-07-18T21:54:15.776+0545] {processor.py:183} INFO - Processing /home/snigdh/repos/bigData/spark_demo_env/lib/python3.12/site-packages/airflow/example_dags/example_setup_teardown.py took 0.106 seconds
[2026-07-18T21:55:03.201+0545] {processor.py:161} INFO - Started process (PID=276728) to work on /home/snigdh/repos/bigData/spark_demo_env/lib/python3.12/site-packages/airflow/example_dags/example_setup_teardown.py
[2026-07-18T21:55:03.203+0545] {processor.py:830} INFO - Processing file /home/snigdh/repos/bigData/spark_demo_env/lib/python3.12/site-packages/airflow/example_dags/example_setup_teardown.py for tasks to queue
[2026-07-18T21:55:03.204+0545] {logging_mixin.py:188} INFO - [2026-07-18T21:55:03.204+0545] {dagbag.py:545} INFO - Filling up the DagBag from /home/snigdh/repos/bigData/spark_demo_env/lib/python3.12/site-packages/airflow/example_dags/example_setup_teardown.py
[2026-07-18T21:55:03.213+0545] {processor.py:840} INFO - DAG(s) 'example_setup_teardown' retrieved from /home/snigdh/repos/bigData/spark_demo_env/lib/python3.12/site-packages/airflow/example_dags/example_setup_teardown.py
[2026-07-18T21:55:03.237+0545] {logging_mixin.py:188} INFO - [2026-07-18T21:55:03.237+0545] {dag.py:3089} INFO - Sync 1 DAGs
[2026-07-18T21:55:03.259+0545] {logging_mixin.py:188} INFO - [2026-07-18T21:55:03.259+0545] {dag.py:3947} INFO - Setting next_dagrun for example_setup_teardown to 2026-07-17 00:00:00+00:00, run_after=2026-07-18 00:00:00+00:00
[2026-07-18T21:55:03.281+0545] {processor.py:183} INFO - Processing /home/snigdh/repos/bigData/spark_demo_env/lib/python3.12/site-packages/airflow/example_dags/example_setup_teardown.py took 0.091 seconds
[2026-07-18T21:55:47.641+0545] {processor.py:161} INFO - Started process (PID=277125) to work on /home/snigdh/repos/bigData/spark_demo_env/lib/python3.12/site-packages/airflow/example_dags/example_setup_teardown.py
[2026-07-18T21:55:47.642+0545] {processor.py:830} INFO - Processing file /home/snigdh/repos/bigData/spark_demo_env/lib/python3.12/site-packages/airflow/example_dags/example_setup_teardown.py for tasks to queue
[2026-07-18T21:55:47.644+0545] {logging_mixin.py:188} INFO - [2026-07-18T21:55:47.643+0545] {dagbag.py:545} INFO - Filling up the DagBag from /home/snigdh/repos/bigData/spark_demo_env/lib/python3.12/site-packages/airflow/example_dags/example_setup_teardown.py
[2026-07-18T21:55:47.652+0545] {processor.py:840} INFO - DAG(s) 'example_setup_teardown' retrieved from /home/snigdh/repos/bigData/spark_demo_env/lib/python3.12/site-packages/airflow/example_dags/example_setup_teardown.py
[2026-07-18T21:55:47.676+0545] {logging_mixin.py:188} INFO - [2026-07-18T21:55:47.675+0545] {dag.py:3089} INFO - Sync 1 DAGs
[2026-07-18T21:55:47.693+0545] {logging_mixin.py:188} INFO - [2026-07-18T21:55:47.692+0545] {dag.py:3947} INFO - Setting next_dagrun for example_setup_teardown to 2026-07-17 00:00:00+00:00, run_after=2026-07-18 00:00:00+00:00
[2026-07-18T21:55:47.714+0545] {processor.py:183} INFO - Processing /home/snigdh/repos/bigData/spark_demo_env/lib/python3.12/site-packages/airflow/example_dags/example_setup_teardown.py took 0.082 seconds
[2026-07-18T21:56:33.916+0545] {processor.py:161} INFO - Started process (PID=277603) to work on /home/snigdh/repos/bigData/spark_demo_env/lib/python3.12/site-packages/airflow/example_dags/example_setup_teardown.py
[2026-07-18T21:56:33.919+0545] {processor.py:830} INFO - Processing file /home/snigdh/repos/bigData/spark_demo_env/lib/python3.12/site-packages/airflow/example_dags/example_setup_teardown.py for tasks to queue
[2026-07-18T21:56:33.921+0545] {logging_mixin.py:188} INFO - [2026-07-18T21:56:33.920+0545] {dagbag.py:545} INFO - Filling up the DagBag from /home/snigdh/repos/bigData/spark_demo_env/lib/python3.12/site-packages/airflow/example_dags/example_setup_teardown.py
[2026-07-18T21:56:33.929+0545] {processor.py:840} INFO - DAG(s) 'example_setup_teardown' retrieved from /home/snigdh/repos/bigData/spark_demo_env/lib/python3.12/site-packages/airflow/example_dags/example_setup_teardown.py
[2026-07-18T21:56:33.949+0545] {logging_mixin.py:188} INFO - [2026-07-18T21:56:33.949+0545] {dag.py:3089} INFO - Sync 1 DAGs
[2026-07-18T21:56:33.969+0545] {logging_mixin.py:188} INFO - [2026-07-18T21:56:33.968+0545] {dag.py:3947} INFO - Setting next_dagrun for example_setup_teardown to 2026-07-17 00:00:00+00:00, run_after=2026-07-18 00:00:00+00:00
[2026-07-18T21:56:34.001+0545] {processor.py:183} INFO - Processing /home/snigdh/repos/bigData/spark_demo_env/lib/python3.12/site-packages/airflow/example_dags/example_setup_teardown.py took 0.095 seconds
[2026-07-18T21:57:39.048+0545] {processor.py:161} INFO - Started process (PID=278218) to work on /home/snigdh/repos/bigData/spark_demo_env/lib/python3.12/site-packages/airflow/example_dags/example_setup_teardown.py
[2026-07-18T21:57:39.050+0545] {processor.py:830} INFO - Processing file /home/snigdh/repos/bigData/spark_demo_env/lib/python3.12/site-packages/airflow/example_dags/example_setup_teardown.py for tasks to queue
[2026-07-18T21:57:39.051+0545] {logging_mixin.py:188} INFO - [2026-07-18T21:57:39.050+0545] {dagbag.py:545} INFO - Filling up the DagBag from /home/snigdh/repos/bigData/spark_demo_env/lib/python3.12/site-packages/airflow/example_dags/example_setup_teardown.py
[2026-07-18T21:57:39.061+0545] {processor.py:840} INFO - DAG(s) 'example_setup_teardown' retrieved from /home/snigdh/repos/bigData/spark_demo_env/lib/python3.12/site-packages/airflow/example_dags/example_setup_teardown.py
[2026-07-18T21:57:39.084+0545] {logging_mixin.py:188} INFO - [2026-07-18T21:57:39.083+0545] {dag.py:3089} INFO - Sync 1 DAGs
[2026-07-18T21:57:39.103+0545] {logging_mixin.py:188} INFO - [2026-07-18T21:57:39.103+0545] {dag.py:3947} INFO - Setting next_dagrun for example_setup_teardown to 2026-07-17 00:00:00+00:00, run_after=2026-07-18 00:00:00+00:00
[2026-07-18T21:57:39.125+0545] {processor.py:183} INFO - Processing /home/snigdh/repos/bigData/spark_demo_env/lib/python3.12/site-packages/airflow/example_dags/example_setup_teardown.py took 0.085 seconds
[2026-07-18T21:58:24.713+0545] {processor.py:161} INFO - Started process (PID=278614) to work on /home/snigdh/repos/bigData/spark_demo_env/lib/python3.12/site-packages/airflow/example_dags/example_setup_teardown.py
[2026-07-18T21:58:24.717+0545] {processor.py:830} INFO - Processing file /home/snigdh/repos/bigData/spark_demo_env/lib/python3.12/site-packages/airflow/example_dags/example_setup_teardown.py for tasks to queue
[2026-07-18T21:58:24.718+0545] {logging_mixin.py:188} INFO - [2026-07-18T21:58:24.717+0545] {dagbag.py:545} INFO - Filling up the DagBag from /home/snigdh/repos/bigData/spark_demo_env/lib/python3.12/site-packages/airflow/example_dags/example_setup_teardown.py
[2026-07-18T21:58:24.726+0545] {processor.py:840} INFO - DAG(s) 'example_setup_teardown' retrieved from /home/snigdh/repos/bigData/spark_demo_env/lib/python3.12/site-packages/airflow/example_dags/example_setup_teardown.py
[2026-07-18T21:58:24.744+0545] {logging_mixin.py:188} INFO - [2026-07-18T21:58:24.743+0545] {dag.py:3089} INFO - Sync 1 DAGs
[2026-07-18T21:58:24.760+0545] {logging_mixin.py:188} INFO - [2026-07-18T21:58:24.760+0545] {dag.py:3947} INFO - Setting next_dagrun for example_setup_teardown to 2026-07-17 00:00:00+00:00, run_after=2026-07-18 00:00:00+00:00
[2026-07-18T21:58:24.782+0545] {processor.py:183} INFO - Processing /home/snigdh/repos/bigData/spark_demo_env/lib/python3.12/site-packages/airflow/example_dags/example_setup_teardown.py took 0.076 seconds
[2026-07-18T21:59:10.966+0545] {processor.py:161} INFO - Started process (PID=279085) to work on /home/snigdh/repos/bigData/spark_demo_env/lib/python3.12/site-packages/airflow/example_dags/example_setup_teardown.py
[2026-07-18T21:59:10.970+0545] {processor.py:830} INFO - Processing file /home/snigdh/repos/bigData/spark_demo_env/lib/python3.12/site-packages/airflow/example_dags/example_setup_teardown.py for tasks to queue
[2026-07-18T21:59:10.972+0545] {logging_mixin.py:188} INFO - [2026-07-18T21:59:10.971+0545] {dagbag.py:545} INFO - Filling up the DagBag from /home/snigdh/repos/bigData/spark_demo_env/lib/python3.12/site-packages/airflow/example_dags/example_setup_teardown.py
[2026-07-18T21:59:10.983+0545] {processor.py:840} INFO - DAG(s) 'example_setup_teardown' retrieved from /home/snigdh/repos/bigData/spark_demo_env/lib/python3.12/site-packages/airflow/example_dags/example_setup_teardown.py
[2026-07-18T21:59:11.009+0545] {logging_mixin.py:188} INFO - [2026-07-18T21:59:11.009+0545] {dag.py:3089} INFO - Sync 1 DAGs
[2026-07-18T21:59:11.034+0545] {logging_mixin.py:188} INFO - [2026-07-18T21:59:11.034+0545] {dag.py:3947} INFO - Setting next_dagrun for example_setup_teardown to 2026-07-17 00:00:00+00:00, run_after=2026-07-18 00:00:00+00:00
[2026-07-18T21:59:11.075+0545] {processor.py:183} INFO - Processing /home/snigdh/repos/bigData/spark_demo_env/lib/python3.12/site-packages/airflow/example_dags/example_setup_teardown.py took 0.119 seconds
[2026-07-18T21:59:58.626+0545] {processor.py:161} INFO - Started process (PID=279487) to work on /home/snigdh/repos/bigData/spark_demo_env/lib/python3.12/site-packages/airflow/example_dags/example_setup_teardown.py
[2026-07-18T21:59:58.630+0545] {processor.py:830} INFO - Processing file /home/snigdh/repos/bigData/spark_demo_env/lib/python3.12/site-packages/airflow/example_dags/example_setup_teardown.py for tasks to queue
[2026-07-18T21:59:58.631+0545] {logging_mixin.py:188} INFO - [2026-07-18T21:59:58.630+0545] {dagbag.py:545} INFO - Filling up the DagBag from /home/snigdh/repos/bigData/spark_demo_env/lib/python3.12/site-packages/airflow/example_dags/example_setup_teardown.py
[2026-07-18T21:59:58.641+0545] {processor.py:840} INFO - DAG(s) 'example_setup_teardown' retrieved from /home/snigdh/repos/bigData/spark_demo_env/lib/python3.12/site-packages/airflow/example_dags/example_setup_teardown.py
[2026-07-18T21:59:58.664+0545] {logging_mixin.py:188} INFO - [2026-07-18T21:59:58.664+0545] {dag.py:3089} INFO - Sync 1 DAGs
[2026-07-18T21:59:58.683+0545] {logging_mixin.py:188} INFO - [2026-07-18T21:59:58.682+0545] {dag.py:3947} INFO - Setting next_dagrun for example_setup_teardown to 2026-07-17 00:00:00+00:00, run_after=2026-07-18 00:00:00+00:00
[2026-07-18T21:59:58.705+0545] {processor.py:183} INFO - Processing /home/snigdh/repos/bigData/spark_demo_env/lib/python3.12/site-packages/airflow/example_dags/example_setup_teardown.py took 0.088 seconds
[2026-07-18T22:00:45.600+0545] {processor.py:161} INFO - Started process (PID=279955) to work on /home/snigdh/repos/bigData/spark_demo_env/lib/python3.12/site-packages/airflow/example_dags/example_setup_teardown.py
[2026-07-18T22:00:45.604+0545] {processor.py:830} INFO - Processing file /home/snigdh/repos/bigData/spark_demo_env/lib/python3.12/site-packages/airflow/example_dags/example_setup_teardown.py for tasks to queue
[2026-07-18T22:00:45.605+0545] {logging_mixin.py:188} INFO - [2026-07-18T22:00:45.604+0545] {dagbag.py:545} INFO - Filling up the DagBag from /home/snigdh/repos/bigData/spark_demo_env/lib/python3.12/site-packages/airflow/example_dags/example_setup_teardown.py
[2026-07-18T22:00:45.612+0545] {processor.py:840} INFO - DAG(s) 'example_setup_teardown' retrieved from /home/snigdh/repos/bigData/spark_demo_env/lib/python3.12/site-packages/airflow/example_dags/example_setup_teardown.py
[2026-07-18T22:00:45.631+0545] {logging_mixin.py:188} INFO - [2026-07-18T22:00:45.630+0545] {dag.py:3089} INFO - Sync 1 DAGs
[2026-07-18T22:00:45.647+0545] {logging_mixin.py:188} INFO - [2026-07-18T22:00:45.647+0545] {dag.py:3947} INFO - Setting next_dagrun for example_setup_teardown to 2026-07-17 00:00:00+00:00, run_after=2026-07-18 00:00:00+00:00
[2026-07-18T22:00:45.673+0545] {processor.py:183} INFO - Processing /home/snigdh/repos/bigData/spark_demo_env/lib/python3.12/site-packages/airflow/example_dags/example_setup_teardown.py took 0.079 seconds
[2026-07-18T22:01:32.218+0545] {processor.py:161} INFO - Started process (PID=280404) to work on /home/snigdh/repos/bigData/spark_demo_env/lib/python3.12/site-packages/airflow/example_dags/example_setup_teardown.py
[2026-07-18T22:01:32.222+0545] {processor.py:830} INFO - Processing file /home/snigdh/repos/bigData/spark_demo_env/lib/python3.12/site-packages/airflow/example_dags/example_setup_teardown.py for tasks to queue
[2026-07-18T22:01:32.223+0545] {logging_mixin.py:188} INFO - [2026-07-18T22:01:32.223+0545] {dagbag.py:545} INFO - Filling up the DagBag from /home/snigdh/repos/bigData/spark_demo_env/lib/python3.12/site-packages/airflow/example_dags/example_setup_teardown.py
[2026-07-18T22:01:32.232+0545] {processor.py:840} INFO - DAG(s) 'example_setup_teardown' retrieved from /home/snigdh/repos/bigData/spark_demo_env/lib/python3.12/site-packages/airflow/example_dags/example_setup_teardown.py
[2026-07-18T22:01:32.255+0545] {logging_mixin.py:188} INFO - [2026-07-18T22:01:32.255+0545] {dag.py:3089} INFO - Sync 1 DAGs
[2026-07-18T22:01:32.275+0545] {logging_mixin.py:188} INFO - [2026-07-18T22:01:32.275+0545] {dag.py:3947} INFO - Setting next_dagrun for example_setup_teardown to 2026-07-17 00:00:00+00:00, run_after=2026-07-18 00:00:00+00:00
[2026-07-18T22:01:32.307+0545] {processor.py:183} INFO - Processing /home/snigdh/repos/bigData/spark_demo_env/lib/python3.12/site-packages/airflow/example_dags/example_setup_teardown.py took 0.097 seconds
[2026-07-18T22:02:37.172+0545] {processor.py:161} INFO - Started process (PID=281040) to work on /home/snigdh/repos/bigData/spark_demo_env/lib/python3.12/site-packages/airflow/example_dags/example_setup_teardown.py
[2026-07-18T22:02:37.174+0545] {processor.py:830} INFO - Processing file /home/snigdh/repos/bigData/spark_demo_env/lib/python3.12/site-packages/airflow/example_dags/example_setup_teardown.py for tasks to queue
[2026-07-18T22:02:37.175+0545] {logging_mixin.py:188} INFO - [2026-07-18T22:02:37.175+0545] {dagbag.py:545} INFO - Filling up the DagBag from /home/snigdh/repos/bigData/spark_demo_env/lib/python3.12/site-packages/airflow/example_dags/example_setup_teardown.py
[2026-07-18T22:02:37.184+0545] {processor.py:840} INFO - DAG(s) 'example_setup_teardown' retrieved from /home/snigdh/repos/bigData/spark_demo_env/lib/python3.12/site-packages/airflow/example_dags/example_setup_teardown.py
[2026-07-18T22:02:37.207+0545] {logging_mixin.py:188} INFO - [2026-07-18T22:02:37.206+0545] {dag.py:3089} INFO - Sync 1 DAGs
[2026-07-18T22:02:37.225+0545] {logging_mixin.py:188} INFO - [2026-07-18T22:02:37.225+0545] {dag.py:3947} INFO - Setting next_dagrun for example_setup_teardown to 2026-07-17 00:00:00+00:00, run_after=2026-07-18 00:00:00+00:00
[2026-07-18T22:02:37.248+0545] {processor.py:183} INFO - Processing /home/snigdh/repos/bigData/spark_demo_env/lib/python3.12/site-packages/airflow/example_dags/example_setup_teardown.py took 0.084 seconds
