[2026-07-18T21:38:18.155+0545] {processor.py:161} INFO - Started process (PID=262404) to work on /home/snigdh/repos/bigData/spark_demo_env/lib/python3.12/site-packages/airflow/example_dags/example_subdag_operator.py
[2026-07-18T21:38:18.156+0545] {processor.py:830} INFO - Processing file /home/snigdh/repos/bigData/spark_demo_env/lib/python3.12/site-packages/airflow/example_dags/example_subdag_operator.py for tasks to queue
[2026-07-18T21:38:18.158+0545] {logging_mixin.py:188} INFO - [2026-07-18T21:38:18.157+0545] {dagbag.py:545} INFO - Filling up the DagBag from /home/snigdh/repos/bigData/spark_demo_env/lib/python3.12/site-packages/airflow/example_dags/example_subdag_operator.py
[2026-07-18T21:38:18.185+0545] {processor.py:840} INFO - DAG(s) 'example_subdag_operator.section-1', 'example_subdag_operator.section-2', 'example_subdag_operator' retrieved from /home/snigdh/repos/bigData/spark_demo_env/lib/python3.12/site-packages/airflow/example_dags/example_subdag_operator.py
[2026-07-18T21:38:18.292+0545] {logging_mixin.py:188} INFO - [2026-07-18T21:38:18.291+0545] {override.py:1858} INFO - Created Permission View: can delete on DAG:example_subdag_operator
[2026-07-18T21:38:18.305+0545] {logging_mixin.py:188} INFO - [2026-07-18T21:38:18.305+0545] {override.py:1858} INFO - Created Permission View: can read on DAG:example_subdag_operator
[2026-07-18T21:38:18.314+0545] {logging_mixin.py:188} INFO - [2026-07-18T21:38:18.313+0545] {override.py:1858} INFO - Created Permission View: can edit on DAG:example_subdag_operator
[2026-07-18T21:38:18.314+0545] {logging_mixin.py:188} INFO - [2026-07-18T21:38:18.314+0545] {dag.py:3089} INFO - Sync 3 DAGs
[2026-07-18T21:38:18.325+0545] {logging_mixin.py:188} INFO - [2026-07-18T21:38:18.325+0545] {dag.py:3111} INFO - Creating ORM DAG for example_subdag_operator
[2026-07-18T21:38:18.326+0545] {logging_mixin.py:188} INFO - [2026-07-18T21:38:18.326+0545] {dag.py:3111} INFO - Creating ORM DAG for example_subdag_operator.section-1
[2026-07-18T21:38:18.327+0545] {logging_mixin.py:188} INFO - [2026-07-18T21:38:18.326+0545] {dag.py:3111} INFO - Creating ORM DAG for example_subdag_operator.section-2
[2026-07-18T21:38:18.338+0545] {logging_mixin.py:188} INFO - [2026-07-18T21:38:18.338+0545] {dag.py:3947} INFO - Setting next_dagrun for example_subdag_operator to 2022-01-01 00:00:00+00:00, run_after=2022-01-01 00:00:00+00:00
[2026-07-18T21:38:18.339+0545] {logging_mixin.py:188} INFO - [2026-07-18T21:38:18.339+0545] {dag.py:3947} INFO - Setting next_dagrun for example_subdag_operator.section-1 to None, run_after=None
[2026-07-18T21:38:18.340+0545] {logging_mixin.py:188} INFO - [2026-07-18T21:38:18.340+0545] {dag.py:3947} INFO - Setting next_dagrun for example_subdag_operator.section-2 to None, run_after=None
[2026-07-18T21:38:18.351+0545] {logging_mixin.py:188} INFO - [2026-07-18T21:38:18.350+0545] {dag.py:3089} INFO - Sync 2 DAGs
[2026-07-18T21:38:18.358+0545] {logging_mixin.py:188} INFO - [2026-07-18T21:38:18.358+0545] {dag.py:3947} INFO - Setting next_dagrun for example_subdag_operator.section-1 to None, run_after=None
[2026-07-18T21:38:18.362+0545] {logging_mixin.py:188} INFO - [2026-07-18T21:38:18.362+0545] {dag.py:3947} INFO - Setting next_dagrun for example_subdag_operator.section-2 to None, run_after=None
[2026-07-18T21:38:18.385+0545] {processor.py:183} INFO - Processing /home/snigdh/repos/bigData/spark_demo_env/lib/python3.12/site-packages/airflow/example_dags/example_subdag_operator.py took 0.238 seconds
[2026-07-18T21:39:19.159+0545] {processor.py:161} INFO - Started process (PID=262717) to work on /home/snigdh/repos/bigData/spark_demo_env/lib/python3.12/site-packages/airflow/example_dags/example_subdag_operator.py
[2026-07-18T21:39:19.163+0545] {processor.py:830} INFO - Processing file /home/snigdh/repos/bigData/spark_demo_env/lib/python3.12/site-packages/airflow/example_dags/example_subdag_operator.py for tasks to queue
[2026-07-18T21:39:19.167+0545] {logging_mixin.py:188} INFO - [2026-07-18T21:39:19.166+0545] {dagbag.py:545} INFO - Filling up the DagBag from /home/snigdh/repos/bigData/spark_demo_env/lib/python3.12/site-packages/airflow/example_dags/example_subdag_operator.py
[2026-07-18T21:39:19.201+0545] {processor.py:840} INFO - DAG(s) 'example_subdag_operator.section-1', 'example_subdag_operator.section-2', 'example_subdag_operator' retrieved from /home/snigdh/repos/bigData/spark_demo_env/lib/python3.12/site-packages/airflow/example_dags/example_subdag_operator.py
[2026-07-18T21:39:19.220+0545] {logging_mixin.py:188} INFO - [2026-07-18T21:39:19.219+0545] {dag.py:3089} INFO - Sync 3 DAGs
[2026-07-18T21:39:19.247+0545] {logging_mixin.py:188} INFO - [2026-07-18T21:39:19.246+0545] {dag.py:3947} INFO - Setting next_dagrun for example_subdag_operator to 2022-01-01 00:00:00+00:00, run_after=2022-01-01 00:00:00+00:00
[2026-07-18T21:39:19.250+0545] {logging_mixin.py:188} INFO - [2026-07-18T21:39:19.250+0545] {dag.py:3947} INFO - Setting next_dagrun for example_subdag_operator.section-1 to None, run_after=None
[2026-07-18T21:39:19.252+0545] {logging_mixin.py:188} INFO - [2026-07-18T21:39:19.251+0545] {dag.py:3947} INFO - Setting next_dagrun for example_subdag_operator.section-2 to None, run_after=None
[2026-07-18T21:39:19.259+0545] {logging_mixin.py:188} INFO - [2026-07-18T21:39:19.258+0545] {dag.py:3089} INFO - Sync 2 DAGs
[2026-07-18T21:39:19.264+0545] {logging_mixin.py:188} INFO - [2026-07-18T21:39:19.263+0545] {dag.py:3947} INFO - Setting next_dagrun for example_subdag_operator.section-1 to None, run_after=None
[2026-07-18T21:39:19.264+0545] {logging_mixin.py:188} INFO - [2026-07-18T21:39:19.264+0545] {dag.py:3947} INFO - Setting next_dagrun for example_subdag_operator.section-2 to None, run_after=None
[2026-07-18T21:39:19.283+0545] {processor.py:183} INFO - Processing /home/snigdh/repos/bigData/spark_demo_env/lib/python3.12/site-packages/airflow/example_dags/example_subdag_operator.py took 0.133 seconds
[2026-07-18T21:40:12.986+0545] {processor.py:161} INFO - Started process (PID=263006) to work on /home/snigdh/repos/bigData/spark_demo_env/lib/python3.12/site-packages/airflow/example_dags/example_subdag_operator.py
[2026-07-18T21:40:12.990+0545] {processor.py:830} INFO - Processing file /home/snigdh/repos/bigData/spark_demo_env/lib/python3.12/site-packages/airflow/example_dags/example_subdag_operator.py for tasks to queue
[2026-07-18T21:40:12.993+0545] {logging_mixin.py:188} INFO - [2026-07-18T21:40:12.992+0545] {dagbag.py:545} INFO - Filling up the DagBag from /home/snigdh/repos/bigData/spark_demo_env/lib/python3.12/site-packages/airflow/example_dags/example_subdag_operator.py
[2026-07-18T21:40:13.023+0545] {processor.py:840} INFO - DAG(s) 'example_subdag_operator.section-1', 'example_subdag_operator.section-2', 'example_subdag_operator' retrieved from /home/snigdh/repos/bigData/spark_demo_env/lib/python3.12/site-packages/airflow/example_dags/example_subdag_operator.py
[2026-07-18T21:40:13.029+0545] {logging_mixin.py:188} INFO - [2026-07-18T21:40:13.028+0545] {dag.py:3089} INFO - Sync 3 DAGs
[2026-07-18T21:40:13.050+0545] {logging_mixin.py:188} INFO - [2026-07-18T21:40:13.050+0545] {dag.py:3947} INFO - Setting next_dagrun for example_subdag_operator to 2022-01-01 00:00:00+00:00, run_after=2022-01-01 00:00:00+00:00
[2026-07-18T21:40:13.053+0545] {logging_mixin.py:188} INFO - [2026-07-18T21:40:13.053+0545] {dag.py:3947} INFO - Setting next_dagrun for example_subdag_operator.section-1 to None, run_after=None
[2026-07-18T21:40:13.054+0545] {logging_mixin.py:188} INFO - [2026-07-18T21:40:13.054+0545] {dag.py:3947} INFO - Setting next_dagrun for example_subdag_operator.section-2 to None, run_after=None
[2026-07-18T21:40:13.060+0545] {logging_mixin.py:188} INFO - [2026-07-18T21:40:13.059+0545] {dag.py:3089} INFO - Sync 2 DAGs
[2026-07-18T21:40:13.063+0545] {logging_mixin.py:188} INFO - [2026-07-18T21:40:13.063+0545] {dag.py:3947} INFO - Setting next_dagrun for example_subdag_operator.section-1 to None, run_after=None
[2026-07-18T21:40:13.064+0545] {logging_mixin.py:188} INFO - [2026-07-18T21:40:13.064+0545] {dag.py:3947} INFO - Setting next_dagrun for example_subdag_operator.section-2 to None, run_after=None
[2026-07-18T21:40:13.080+0545] {processor.py:183} INFO - Processing /home/snigdh/repos/bigData/spark_demo_env/lib/python3.12/site-packages/airflow/example_dags/example_subdag_operator.py took 0.102 seconds
[2026-07-18T21:46:32.403+0545] {processor.py:161} INFO - Started process (PID=269826) to work on /home/snigdh/repos/bigData/spark_demo_env/lib/python3.12/site-packages/airflow/example_dags/example_subdag_operator.py
[2026-07-18T21:46:32.406+0545] {processor.py:830} INFO - Processing file /home/snigdh/repos/bigData/spark_demo_env/lib/python3.12/site-packages/airflow/example_dags/example_subdag_operator.py for tasks to queue
[2026-07-18T21:46:32.408+0545] {logging_mixin.py:188} INFO - [2026-07-18T21:46:32.407+0545] {dagbag.py:545} INFO - Filling up the DagBag from /home/snigdh/repos/bigData/spark_demo_env/lib/python3.12/site-packages/airflow/example_dags/example_subdag_operator.py
[2026-07-18T21:46:32.440+0545] {processor.py:840} INFO - DAG(s) 'example_subdag_operator.section-1', 'example_subdag_operator.section-2', 'example_subdag_operator' retrieved from /home/snigdh/repos/bigData/spark_demo_env/lib/python3.12/site-packages/airflow/example_dags/example_subdag_operator.py
[2026-07-18T21:46:32.555+0545] {logging_mixin.py:188} INFO - [2026-07-18T21:46:32.554+0545] {dag.py:3089} INFO - Sync 3 DAGs
[2026-07-18T21:46:32.574+0545] {logging_mixin.py:188} INFO - [2026-07-18T21:46:32.574+0545] {dag.py:3947} INFO - Setting next_dagrun for example_subdag_operator to 2022-01-01 00:00:00+00:00, run_after=2022-01-01 00:00:00+00:00
[2026-07-18T21:46:32.576+0545] {logging_mixin.py:188} INFO - [2026-07-18T21:46:32.576+0545] {dag.py:3947} INFO - Setting next_dagrun for example_subdag_operator.section-1 to None, run_after=None
[2026-07-18T21:46:32.577+0545] {logging_mixin.py:188} INFO - [2026-07-18T21:46:32.577+0545] {dag.py:3947} INFO - Setting next_dagrun for example_subdag_operator.section-2 to None, run_after=None
[2026-07-18T21:46:32.585+0545] {logging_mixin.py:188} INFO - [2026-07-18T21:46:32.585+0545] {dag.py:3089} INFO - Sync 2 DAGs
[2026-07-18T21:46:32.590+0545] {logging_mixin.py:188} INFO - [2026-07-18T21:46:32.590+0545] {dag.py:3947} INFO - Setting next_dagrun for example_subdag_operator.section-1 to None, run_after=None
[2026-07-18T21:46:32.590+0545] {logging_mixin.py:188} INFO - [2026-07-18T21:46:32.590+0545] {dag.py:3947} INFO - Setting next_dagrun for example_subdag_operator.section-2 to None, run_after=None
[2026-07-18T21:46:32.614+0545] {processor.py:183} INFO - Processing /home/snigdh/repos/bigData/spark_demo_env/lib/python3.12/site-packages/airflow/example_dags/example_subdag_operator.py took 0.219 seconds
[2026-07-18T21:47:34.290+0545] {processor.py:161} INFO - Started process (PID=270501) to work on /home/snigdh/repos/bigData/spark_demo_env/lib/python3.12/site-packages/airflow/example_dags/example_subdag_operator.py
[2026-07-18T21:47:34.292+0545] {processor.py:830} INFO - Processing file /home/snigdh/repos/bigData/spark_demo_env/lib/python3.12/site-packages/airflow/example_dags/example_subdag_operator.py for tasks to queue
[2026-07-18T21:47:34.293+0545] {logging_mixin.py:188} INFO - [2026-07-18T21:47:34.293+0545] {dagbag.py:545} INFO - Filling up the DagBag from /home/snigdh/repos/bigData/spark_demo_env/lib/python3.12/site-packages/airflow/example_dags/example_subdag_operator.py
[2026-07-18T21:47:34.327+0545] {processor.py:840} INFO - DAG(s) 'example_subdag_operator.section-1', 'example_subdag_operator.section-2', 'example_subdag_operator' retrieved from /home/snigdh/repos/bigData/spark_demo_env/lib/python3.12/site-packages/airflow/example_dags/example_subdag_operator.py
[2026-07-18T21:47:34.343+0545] {logging_mixin.py:188} INFO - [2026-07-18T21:47:34.342+0545] {dag.py:3089} INFO - Sync 3 DAGs
[2026-07-18T21:47:34.360+0545] {logging_mixin.py:188} INFO - [2026-07-18T21:47:34.360+0545] {dag.py:3947} INFO - Setting next_dagrun for example_subdag_operator to 2022-01-01 00:00:00+00:00, run_after=2022-01-01 00:00:00+00:00
[2026-07-18T21:47:34.364+0545] {logging_mixin.py:188} INFO - [2026-07-18T21:47:34.363+0545] {dag.py:3947} INFO - Setting next_dagrun for example_subdag_operator.section-1 to None, run_after=None
[2026-07-18T21:47:34.365+0545] {logging_mixin.py:188} INFO - [2026-07-18T21:47:34.365+0545] {dag.py:3947} INFO - Setting next_dagrun for example_subdag_operator.section-2 to None, run_after=None
[2026-07-18T21:47:34.371+0545] {logging_mixin.py:188} INFO - [2026-07-18T21:47:34.371+0545] {dag.py:3089} INFO - Sync 2 DAGs
[2026-07-18T21:47:34.376+0545] {logging_mixin.py:188} INFO - [2026-07-18T21:47:34.375+0545] {dag.py:3947} INFO - Setting next_dagrun for example_subdag_operator.section-1 to None, run_after=None
[2026-07-18T21:47:34.376+0545] {logging_mixin.py:188} INFO - [2026-07-18T21:47:34.376+0545] {dag.py:3947} INFO - Setting next_dagrun for example_subdag_operator.section-2 to None, run_after=None
[2026-07-18T21:47:34.394+0545] {processor.py:183} INFO - Processing /home/snigdh/repos/bigData/spark_demo_env/lib/python3.12/site-packages/airflow/example_dags/example_subdag_operator.py took 0.112 seconds
[2026-07-18T21:48:23.801+0545] {processor.py:161} INFO - Started process (PID=271113) to work on /home/snigdh/repos/bigData/spark_demo_env/lib/python3.12/site-packages/airflow/example_dags/example_subdag_operator.py
[2026-07-18T21:48:23.805+0545] {processor.py:830} INFO - Processing file /home/snigdh/repos/bigData/spark_demo_env/lib/python3.12/site-packages/airflow/example_dags/example_subdag_operator.py for tasks to queue
[2026-07-18T21:48:23.806+0545] {logging_mixin.py:188} INFO - [2026-07-18T21:48:23.805+0545] {dagbag.py:545} INFO - Filling up the DagBag from /home/snigdh/repos/bigData/spark_demo_env/lib/python3.12/site-packages/airflow/example_dags/example_subdag_operator.py
[2026-07-18T21:48:23.835+0545] {processor.py:840} INFO - DAG(s) 'example_subdag_operator.section-1', 'example_subdag_operator.section-2', 'example_subdag_operator' retrieved from /home/snigdh/repos/bigData/spark_demo_env/lib/python3.12/site-packages/airflow/example_dags/example_subdag_operator.py
[2026-07-18T21:48:23.853+0545] {logging_mixin.py:188} INFO - [2026-07-18T21:48:23.853+0545] {dag.py:3089} INFO - Sync 3 DAGs
[2026-07-18T21:48:23.869+0545] {logging_mixin.py:188} INFO - [2026-07-18T21:48:23.869+0545] {dag.py:3947} INFO - Setting next_dagrun for example_subdag_operator to 2022-01-01 00:00:00+00:00, run_after=2022-01-01 00:00:00+00:00
[2026-07-18T21:48:23.871+0545] {logging_mixin.py:188} INFO - [2026-07-18T21:48:23.871+0545] {dag.py:3947} INFO - Setting next_dagrun for example_subdag_operator.section-1 to None, run_after=None
[2026-07-18T21:48:23.873+0545] {logging_mixin.py:188} INFO - [2026-07-18T21:48:23.872+0545] {dag.py:3947} INFO - Setting next_dagrun for example_subdag_operator.section-2 to None, run_after=None
[2026-07-18T21:48:23.877+0545] {logging_mixin.py:188} INFO - [2026-07-18T21:48:23.877+0545] {dag.py:3089} INFO - Sync 2 DAGs
[2026-07-18T21:48:23.881+0545] {logging_mixin.py:188} INFO - [2026-07-18T21:48:23.881+0545] {dag.py:3947} INFO - Setting next_dagrun for example_subdag_operator.section-1 to None, run_after=None
[2026-07-18T21:48:23.882+0545] {logging_mixin.py:188} INFO - [2026-07-18T21:48:23.882+0545] {dag.py:3947} INFO - Setting next_dagrun for example_subdag_operator.section-2 to None, run_after=None
[2026-07-18T21:48:23.899+0545] {processor.py:183} INFO - Processing /home/snigdh/repos/bigData/spark_demo_env/lib/python3.12/site-packages/airflow/example_dags/example_subdag_operator.py took 0.105 seconds
[2026-07-18T21:49:19.197+0545] {processor.py:161} INFO - Started process (PID=271980) to work on /home/snigdh/repos/bigData/spark_demo_env/lib/python3.12/site-packages/airflow/example_dags/example_subdag_operator.py
[2026-07-18T21:49:19.201+0545] {processor.py:830} INFO - Processing file /home/snigdh/repos/bigData/spark_demo_env/lib/python3.12/site-packages/airflow/example_dags/example_subdag_operator.py for tasks to queue
[2026-07-18T21:49:19.202+0545] {logging_mixin.py:188} INFO - [2026-07-18T21:49:19.202+0545] {dagbag.py:545} INFO - Filling up the DagBag from /home/snigdh/repos/bigData/spark_demo_env/lib/python3.12/site-packages/airflow/example_dags/example_subdag_operator.py
[2026-07-18T21:49:19.233+0545] {processor.py:840} INFO - DAG(s) 'example_subdag_operator.section-1', 'example_subdag_operator.section-2', 'example_subdag_operator' retrieved from /home/snigdh/repos/bigData/spark_demo_env/lib/python3.12/site-packages/airflow/example_dags/example_subdag_operator.py
[2026-07-18T21:49:19.257+0545] {logging_mixin.py:188} INFO - [2026-07-18T21:49:19.256+0545] {dag.py:3089} INFO - Sync 3 DAGs
[2026-07-18T21:49:19.443+0545] {logging_mixin.py:188} INFO - [2026-07-18T21:49:19.442+0545] {dag.py:3947} INFO - Setting next_dagrun for example_subdag_operator to 2022-01-01 00:00:00+00:00, run_after=2022-01-01 00:00:00+00:00
[2026-07-18T21:49:19.446+0545] {logging_mixin.py:188} INFO - [2026-07-18T21:49:19.446+0545] {dag.py:3947} INFO - Setting next_dagrun for example_subdag_operator.section-1 to None, run_after=None
[2026-07-18T21:49:19.447+0545] {logging_mixin.py:188} INFO - [2026-07-18T21:49:19.447+0545] {dag.py:3947} INFO - Setting next_dagrun for example_subdag_operator.section-2 to None, run_after=None
[2026-07-18T21:49:19.452+0545] {logging_mixin.py:188} INFO - [2026-07-18T21:49:19.452+0545] {dag.py:3089} INFO - Sync 2 DAGs
[2026-07-18T21:49:19.457+0545] {logging_mixin.py:188} INFO - [2026-07-18T21:49:19.456+0545] {dag.py:3947} INFO - Setting next_dagrun for example_subdag_operator.section-1 to None, run_after=None
[2026-07-18T21:49:19.457+0545] {logging_mixin.py:188} INFO - [2026-07-18T21:49:19.457+0545] {dag.py:3947} INFO - Setting next_dagrun for example_subdag_operator.section-2 to None, run_after=None
[2026-07-18T21:49:19.474+0545] {processor.py:183} INFO - Processing /home/snigdh/repos/bigData/spark_demo_env/lib/python3.12/site-packages/airflow/example_dags/example_subdag_operator.py took 0.285 seconds
[2026-07-18T21:50:13.152+0545] {processor.py:161} INFO - Started process (PID=272642) to work on /home/snigdh/repos/bigData/spark_demo_env/lib/python3.12/site-packages/airflow/example_dags/example_subdag_operator.py
[2026-07-18T21:50:13.156+0545] {processor.py:830} INFO - Processing file /home/snigdh/repos/bigData/spark_demo_env/lib/python3.12/site-packages/airflow/example_dags/example_subdag_operator.py for tasks to queue
[2026-07-18T21:50:13.158+0545] {logging_mixin.py:188} INFO - [2026-07-18T21:50:13.157+0545] {dagbag.py:545} INFO - Filling up the DagBag from /home/snigdh/repos/bigData/spark_demo_env/lib/python3.12/site-packages/airflow/example_dags/example_subdag_operator.py
[2026-07-18T21:50:13.187+0545] {processor.py:840} INFO - DAG(s) 'example_subdag_operator.section-1', 'example_subdag_operator.section-2', 'example_subdag_operator' retrieved from /home/snigdh/repos/bigData/spark_demo_env/lib/python3.12/site-packages/airflow/example_dags/example_subdag_operator.py
[2026-07-18T21:50:13.205+0545] {logging_mixin.py:188} INFO - [2026-07-18T21:50:13.205+0545] {dag.py:3089} INFO - Sync 3 DAGs
[2026-07-18T21:50:13.228+0545] {logging_mixin.py:188} INFO - [2026-07-18T21:50:13.227+0545] {dag.py:3947} INFO - Setting next_dagrun for example_subdag_operator to 2022-01-01 00:00:00+00:00, run_after=2022-01-01 00:00:00+00:00
[2026-07-18T21:50:13.232+0545] {logging_mixin.py:188} INFO - [2026-07-18T21:50:13.232+0545] {dag.py:3947} INFO - Setting next_dagrun for example_subdag_operator.section-1 to None, run_after=None
[2026-07-18T21:50:13.235+0545] {logging_mixin.py:188} INFO - [2026-07-18T21:50:13.235+0545] {dag.py:3947} INFO - Setting next_dagrun for example_subdag_operator.section-2 to None, run_after=None
[2026-07-18T21:50:13.242+0545] {logging_mixin.py:188} INFO - [2026-07-18T21:50:13.242+0545] {dag.py:3089} INFO - Sync 2 DAGs
[2026-07-18T21:50:13.247+0545] {logging_mixin.py:188} INFO - [2026-07-18T21:50:13.247+0545] {dag.py:3947} INFO - Setting next_dagrun for example_subdag_operator.section-1 to None, run_after=None
[2026-07-18T21:50:13.248+0545] {logging_mixin.py:188} INFO - [2026-07-18T21:50:13.247+0545] {dag.py:3947} INFO - Setting next_dagrun for example_subdag_operator.section-2 to None, run_after=None
[2026-07-18T21:50:13.269+0545] {processor.py:183} INFO - Processing /home/snigdh/repos/bigData/spark_demo_env/lib/python3.12/site-packages/airflow/example_dags/example_subdag_operator.py took 0.125 seconds
[2026-07-18T21:50:56.197+0545] {processor.py:161} INFO - Started process (PID=273240) to work on /home/snigdh/repos/bigData/spark_demo_env/lib/python3.12/site-packages/airflow/example_dags/example_subdag_operator.py
[2026-07-18T21:50:56.198+0545] {processor.py:830} INFO - Processing file /home/snigdh/repos/bigData/spark_demo_env/lib/python3.12/site-packages/airflow/example_dags/example_subdag_operator.py for tasks to queue
[2026-07-18T21:50:56.199+0545] {logging_mixin.py:188} INFO - [2026-07-18T21:50:56.199+0545] {dagbag.py:545} INFO - Filling up the DagBag from /home/snigdh/repos/bigData/spark_demo_env/lib/python3.12/site-packages/airflow/example_dags/example_subdag_operator.py
[2026-07-18T21:50:56.227+0545] {processor.py:840} INFO - DAG(s) 'example_subdag_operator.section-1', 'example_subdag_operator.section-2', 'example_subdag_operator' retrieved from /home/snigdh/repos/bigData/spark_demo_env/lib/python3.12/site-packages/airflow/example_dags/example_subdag_operator.py
[2026-07-18T21:50:56.247+0545] {logging_mixin.py:188} INFO - [2026-07-18T21:50:56.246+0545] {dag.py:3089} INFO - Sync 3 DAGs
[2026-07-18T21:50:56.273+0545] {logging_mixin.py:188} INFO - [2026-07-18T21:50:56.273+0545] {dag.py:3947} INFO - Setting next_dagrun for example_subdag_operator to 2022-01-01 00:00:00+00:00, run_after=2022-01-01 00:00:00+00:00
[2026-07-18T21:50:56.277+0545] {logging_mixin.py:188} INFO - [2026-07-18T21:50:56.277+0545] {dag.py:3947} INFO - Setting next_dagrun for example_subdag_operator.section-1 to None, run_after=None
[2026-07-18T21:50:56.278+0545] {logging_mixin.py:188} INFO - [2026-07-18T21:50:56.278+0545] {dag.py:3947} INFO - Setting next_dagrun for example_subdag_operator.section-2 to None, run_after=None
[2026-07-18T21:50:56.285+0545] {logging_mixin.py:188} INFO - [2026-07-18T21:50:56.285+0545] {dag.py:3089} INFO - Sync 2 DAGs
[2026-07-18T21:50:56.293+0545] {logging_mixin.py:188} INFO - [2026-07-18T21:50:56.293+0545] {dag.py:3947} INFO - Setting next_dagrun for example_subdag_operator.section-1 to None, run_after=None
[2026-07-18T21:50:56.294+0545] {logging_mixin.py:188} INFO - [2026-07-18T21:50:56.294+0545] {dag.py:3947} INFO - Setting next_dagrun for example_subdag_operator.section-2 to None, run_after=None
[2026-07-18T21:50:56.315+0545] {processor.py:183} INFO - Processing /home/snigdh/repos/bigData/spark_demo_env/lib/python3.12/site-packages/airflow/example_dags/example_subdag_operator.py took 0.124 seconds
[2026-07-18T21:51:42.840+0545] {processor.py:161} INFO - Started process (PID=273878) to work on /home/snigdh/repos/bigData/spark_demo_env/lib/python3.12/site-packages/airflow/example_dags/example_subdag_operator.py
[2026-07-18T21:51:42.843+0545] {processor.py:830} INFO - Processing file /home/snigdh/repos/bigData/spark_demo_env/lib/python3.12/site-packages/airflow/example_dags/example_subdag_operator.py for tasks to queue
[2026-07-18T21:51:42.844+0545] {logging_mixin.py:188} INFO - [2026-07-18T21:51:42.844+0545] {dagbag.py:545} INFO - Filling up the DagBag from /home/snigdh/repos/bigData/spark_demo_env/lib/python3.12/site-packages/airflow/example_dags/example_subdag_operator.py
[2026-07-18T21:51:42.866+0545] {processor.py:840} INFO - DAG(s) 'example_subdag_operator.section-1', 'example_subdag_operator.section-2', 'example_subdag_operator' retrieved from /home/snigdh/repos/bigData/spark_demo_env/lib/python3.12/site-packages/airflow/example_dags/example_subdag_operator.py
[2026-07-18T21:51:42.878+0545] {logging_mixin.py:188} INFO - [2026-07-18T21:51:42.878+0545] {dag.py:3089} INFO - Sync 3 DAGs
[2026-07-18T21:51:42.893+0545] {logging_mixin.py:188} INFO - [2026-07-18T21:51:42.893+0545] {dag.py:3947} INFO - Setting next_dagrun for example_subdag_operator to 2022-01-01 00:00:00+00:00, run_after=2022-01-01 00:00:00+00:00
[2026-07-18T21:51:42.895+0545] {logging_mixin.py:188} INFO - [2026-07-18T21:51:42.895+0545] {dag.py:3947} INFO - Setting next_dagrun for example_subdag_operator.section-1 to None, run_after=None
[2026-07-18T21:51:42.896+0545] {logging_mixin.py:188} INFO - [2026-07-18T21:51:42.896+0545] {dag.py:3947} INFO - Setting next_dagrun for example_subdag_operator.section-2 to None, run_after=None
[2026-07-18T21:51:42.901+0545] {logging_mixin.py:188} INFO - [2026-07-18T21:51:42.901+0545] {dag.py:3089} INFO - Sync 2 DAGs
[2026-07-18T21:51:42.905+0545] {logging_mixin.py:188} INFO - [2026-07-18T21:51:42.905+0545] {dag.py:3947} INFO - Setting next_dagrun for example_subdag_operator.section-1 to None, run_after=None
[2026-07-18T21:51:42.905+0545] {logging_mixin.py:188} INFO - [2026-07-18T21:51:42.905+0545] {dag.py:3947} INFO - Setting next_dagrun for example_subdag_operator.section-2 to None, run_after=None
[2026-07-18T21:51:42.921+0545] {processor.py:183} INFO - Processing /home/snigdh/repos/bigData/spark_demo_env/lib/python3.12/site-packages/airflow/example_dags/example_subdag_operator.py took 0.090 seconds
[2026-07-18T21:52:29.335+0545] {processor.py:161} INFO - Started process (PID=274478) to work on /home/snigdh/repos/bigData/spark_demo_env/lib/python3.12/site-packages/airflow/example_dags/example_subdag_operator.py
[2026-07-18T21:52:29.336+0545] {processor.py:830} INFO - Processing file /home/snigdh/repos/bigData/spark_demo_env/lib/python3.12/site-packages/airflow/example_dags/example_subdag_operator.py for tasks to queue
[2026-07-18T21:52:29.338+0545] {logging_mixin.py:188} INFO - [2026-07-18T21:52:29.337+0545] {dagbag.py:545} INFO - Filling up the DagBag from /home/snigdh/repos/bigData/spark_demo_env/lib/python3.12/site-packages/airflow/example_dags/example_subdag_operator.py
[2026-07-18T21:52:29.364+0545] {processor.py:840} INFO - DAG(s) 'example_subdag_operator.section-1', 'example_subdag_operator.section-2', 'example_subdag_operator' retrieved from /home/snigdh/repos/bigData/spark_demo_env/lib/python3.12/site-packages/airflow/example_dags/example_subdag_operator.py
[2026-07-18T21:52:29.384+0545] {logging_mixin.py:188} INFO - [2026-07-18T21:52:29.383+0545] {dag.py:3089} INFO - Sync 3 DAGs
[2026-07-18T21:52:29.399+0545] {logging_mixin.py:188} INFO - [2026-07-18T21:52:29.399+0545] {dag.py:3947} INFO - Setting next_dagrun for example_subdag_operator to 2022-01-01 00:00:00+00:00, run_after=2022-01-01 00:00:00+00:00
[2026-07-18T21:52:29.401+0545] {logging_mixin.py:188} INFO - [2026-07-18T21:52:29.401+0545] {dag.py:3947} INFO - Setting next_dagrun for example_subdag_operator.section-1 to None, run_after=None
[2026-07-18T21:52:29.402+0545] {logging_mixin.py:188} INFO - [2026-07-18T21:52:29.402+0545] {dag.py:3947} INFO - Setting next_dagrun for example_subdag_operator.section-2 to None, run_after=None
[2026-07-18T21:52:29.409+0545] {logging_mixin.py:188} INFO - [2026-07-18T21:52:29.409+0545] {dag.py:3089} INFO - Sync 2 DAGs
[2026-07-18T21:52:29.415+0545] {logging_mixin.py:188} INFO - [2026-07-18T21:52:29.414+0545] {dag.py:3947} INFO - Setting next_dagrun for example_subdag_operator.section-1 to None, run_after=None
[2026-07-18T21:52:29.415+0545] {logging_mixin.py:188} INFO - [2026-07-18T21:52:29.415+0545] {dag.py:3947} INFO - Setting next_dagrun for example_subdag_operator.section-2 to None, run_after=None
[2026-07-18T21:52:29.438+0545] {processor.py:183} INFO - Processing /home/snigdh/repos/bigData/spark_demo_env/lib/python3.12/site-packages/airflow/example_dags/example_subdag_operator.py took 0.111 seconds
[2026-07-18T21:53:14.585+0545] {processor.py:161} INFO - Started process (PID=275089) to work on /home/snigdh/repos/bigData/spark_demo_env/lib/python3.12/site-packages/airflow/example_dags/example_subdag_operator.py
[2026-07-18T21:53:14.589+0545] {processor.py:830} INFO - Processing file /home/snigdh/repos/bigData/spark_demo_env/lib/python3.12/site-packages/airflow/example_dags/example_subdag_operator.py for tasks to queue
[2026-07-18T21:53:14.590+0545] {logging_mixin.py:188} INFO - [2026-07-18T21:53:14.590+0545] {dagbag.py:545} INFO - Filling up the DagBag from /home/snigdh/repos/bigData/spark_demo_env/lib/python3.12/site-packages/airflow/example_dags/example_subdag_operator.py
[2026-07-18T21:53:14.622+0545] {processor.py:840} INFO - DAG(s) 'example_subdag_operator.section-1', 'example_subdag_operator.section-2', 'example_subdag_operator' retrieved from /home/snigdh/repos/bigData/spark_demo_env/lib/python3.12/site-packages/airflow/example_dags/example_subdag_operator.py
[2026-07-18T21:53:14.642+0545] {logging_mixin.py:188} INFO - [2026-07-18T21:53:14.642+0545] {dag.py:3089} INFO - Sync 3 DAGs
[2026-07-18T21:53:14.659+0545] {logging_mixin.py:188} INFO - [2026-07-18T21:53:14.659+0545] {dag.py:3947} INFO - Setting next_dagrun for example_subdag_operator to 2022-01-01 00:00:00+00:00, run_after=2022-01-01 00:00:00+00:00
[2026-07-18T21:53:14.662+0545] {logging_mixin.py:188} INFO - [2026-07-18T21:53:14.662+0545] {dag.py:3947} INFO - Setting next_dagrun for example_subdag_operator.section-1 to None, run_after=None
[2026-07-18T21:53:14.663+0545] {logging_mixin.py:188} INFO - [2026-07-18T21:53:14.663+0545] {dag.py:3947} INFO - Setting next_dagrun for example_subdag_operator.section-2 to None, run_after=None
[2026-07-18T21:53:14.668+0545] {logging_mixin.py:188} INFO - [2026-07-18T21:53:14.668+0545] {dag.py:3089} INFO - Sync 2 DAGs
[2026-07-18T21:53:14.672+0545] {logging_mixin.py:188} INFO - [2026-07-18T21:53:14.672+0545] {dag.py:3947} INFO - Setting next_dagrun for example_subdag_operator.section-1 to None, run_after=None
[2026-07-18T21:53:14.672+0545] {logging_mixin.py:188} INFO - [2026-07-18T21:53:14.672+0545] {dag.py:3947} INFO - Setting next_dagrun for example_subdag_operator.section-2 to None, run_after=None
[2026-07-18T21:53:14.689+0545] {processor.py:183} INFO - Processing /home/snigdh/repos/bigData/spark_demo_env/lib/python3.12/site-packages/airflow/example_dags/example_subdag_operator.py took 0.112 seconds
[2026-07-18T21:54:04.234+0545] {processor.py:161} INFO - Started process (PID=275935) to work on /home/snigdh/repos/bigData/spark_demo_env/lib/python3.12/site-packages/airflow/example_dags/example_subdag_operator.py
[2026-07-18T21:54:04.238+0545] {processor.py:830} INFO - Processing file /home/snigdh/repos/bigData/spark_demo_env/lib/python3.12/site-packages/airflow/example_dags/example_subdag_operator.py for tasks to queue
[2026-07-18T21:54:04.239+0545] {logging_mixin.py:188} INFO - [2026-07-18T21:54:04.239+0545] {dagbag.py:545} INFO - Filling up the DagBag from /home/snigdh/repos/bigData/spark_demo_env/lib/python3.12/site-packages/airflow/example_dags/example_subdag_operator.py
[2026-07-18T21:54:04.271+0545] {processor.py:840} INFO - DAG(s) 'example_subdag_operator.section-1', 'example_subdag_operator.section-2', 'example_subdag_operator' retrieved from /home/snigdh/repos/bigData/spark_demo_env/lib/python3.12/site-packages/airflow/example_dags/example_subdag_operator.py
[2026-07-18T21:54:04.290+0545] {logging_mixin.py:188} INFO - [2026-07-18T21:54:04.289+0545] {dag.py:3089} INFO - Sync 3 DAGs
[2026-07-18T21:54:04.307+0545] {logging_mixin.py:188} INFO - [2026-07-18T21:54:04.306+0545] {dag.py:3947} INFO - Setting next_dagrun for example_subdag_operator to 2022-01-01 00:00:00+00:00, run_after=2022-01-01 00:00:00+00:00
[2026-07-18T21:54:04.309+0545] {logging_mixin.py:188} INFO - [2026-07-18T21:54:04.309+0545] {dag.py:3947} INFO - Setting next_dagrun for example_subdag_operator.section-1 to None, run_after=None
[2026-07-18T21:54:04.310+0545] {logging_mixin.py:188} INFO - [2026-07-18T21:54:04.310+0545] {dag.py:3947} INFO - Setting next_dagrun for example_subdag_operator.section-2 to None, run_after=None
[2026-07-18T21:54:04.315+0545] {logging_mixin.py:188} INFO - [2026-07-18T21:54:04.315+0545] {dag.py:3089} INFO - Sync 2 DAGs
[2026-07-18T21:54:04.319+0545] {logging_mixin.py:188} INFO - [2026-07-18T21:54:04.319+0545] {dag.py:3947} INFO - Setting next_dagrun for example_subdag_operator.section-1 to None, run_after=None
[2026-07-18T21:54:04.320+0545] {logging_mixin.py:188} INFO - [2026-07-18T21:54:04.320+0545] {dag.py:3947} INFO - Setting next_dagrun for example_subdag_operator.section-2 to None, run_after=None
[2026-07-18T21:54:04.336+0545] {processor.py:183} INFO - Processing /home/snigdh/repos/bigData/spark_demo_env/lib/python3.12/site-packages/airflow/example_dags/example_subdag_operator.py took 0.110 seconds
[2026-07-18T21:54:52.069+0545] {processor.py:161} INFO - Started process (PID=276580) to work on /home/snigdh/repos/bigData/spark_demo_env/lib/python3.12/site-packages/airflow/example_dags/example_subdag_operator.py
[2026-07-18T21:54:52.070+0545] {processor.py:830} INFO - Processing file /home/snigdh/repos/bigData/spark_demo_env/lib/python3.12/site-packages/airflow/example_dags/example_subdag_operator.py for tasks to queue
[2026-07-18T21:54:52.071+0545] {logging_mixin.py:188} INFO - [2026-07-18T21:54:52.071+0545] {dagbag.py:545} INFO - Filling up the DagBag from /home/snigdh/repos/bigData/spark_demo_env/lib/python3.12/site-packages/airflow/example_dags/example_subdag_operator.py
[2026-07-18T21:54:52.102+0545] {processor.py:840} INFO - DAG(s) 'example_subdag_operator.section-1', 'example_subdag_operator.section-2', 'example_subdag_operator' retrieved from /home/snigdh/repos/bigData/spark_demo_env/lib/python3.12/site-packages/airflow/example_dags/example_subdag_operator.py
[2026-07-18T21:54:52.118+0545] {logging_mixin.py:188} INFO - [2026-07-18T21:54:52.118+0545] {dag.py:3089} INFO - Sync 3 DAGs
[2026-07-18T21:54:52.134+0545] {logging_mixin.py:188} INFO - [2026-07-18T21:54:52.134+0545] {dag.py:3947} INFO - Setting next_dagrun for example_subdag_operator to 2022-01-01 00:00:00+00:00, run_after=2022-01-01 00:00:00+00:00
[2026-07-18T21:54:52.137+0545] {logging_mixin.py:188} INFO - [2026-07-18T21:54:52.137+0545] {dag.py:3947} INFO - Setting next_dagrun for example_subdag_operator.section-1 to None, run_after=None
[2026-07-18T21:54:52.138+0545] {logging_mixin.py:188} INFO - [2026-07-18T21:54:52.138+0545] {dag.py:3947} INFO - Setting next_dagrun for example_subdag_operator.section-2 to None, run_after=None
[2026-07-18T21:54:52.144+0545] {logging_mixin.py:188} INFO - [2026-07-18T21:54:52.144+0545] {dag.py:3089} INFO - Sync 2 DAGs
[2026-07-18T21:54:52.148+0545] {logging_mixin.py:188} INFO - [2026-07-18T21:54:52.147+0545] {dag.py:3947} INFO - Setting next_dagrun for example_subdag_operator.section-1 to None, run_after=None
[2026-07-18T21:54:52.148+0545] {logging_mixin.py:188} INFO - [2026-07-18T21:54:52.148+0545] {dag.py:3947} INFO - Setting next_dagrun for example_subdag_operator.section-2 to None, run_after=None
[2026-07-18T21:54:52.162+0545] {processor.py:183} INFO - Processing /home/snigdh/repos/bigData/spark_demo_env/lib/python3.12/site-packages/airflow/example_dags/example_subdag_operator.py took 0.101 seconds
[2026-07-18T21:55:37.213+0545] {processor.py:161} INFO - Started process (PID=277043) to work on /home/snigdh/repos/bigData/spark_demo_env/lib/python3.12/site-packages/airflow/example_dags/example_subdag_operator.py
[2026-07-18T21:55:37.216+0545] {processor.py:830} INFO - Processing file /home/snigdh/repos/bigData/spark_demo_env/lib/python3.12/site-packages/airflow/example_dags/example_subdag_operator.py for tasks to queue
[2026-07-18T21:55:37.218+0545] {logging_mixin.py:188} INFO - [2026-07-18T21:55:37.217+0545] {dagbag.py:545} INFO - Filling up the DagBag from /home/snigdh/repos/bigData/spark_demo_env/lib/python3.12/site-packages/airflow/example_dags/example_subdag_operator.py
[2026-07-18T21:55:37.247+0545] {processor.py:840} INFO - DAG(s) 'example_subdag_operator.section-1', 'example_subdag_operator.section-2', 'example_subdag_operator' retrieved from /home/snigdh/repos/bigData/spark_demo_env/lib/python3.12/site-packages/airflow/example_dags/example_subdag_operator.py
[2026-07-18T21:55:37.263+0545] {logging_mixin.py:188} INFO - [2026-07-18T21:55:37.262+0545] {dag.py:3089} INFO - Sync 3 DAGs
[2026-07-18T21:55:37.281+0545] {logging_mixin.py:188} INFO - [2026-07-18T21:55:37.281+0545] {dag.py:3947} INFO - Setting next_dagrun for example_subdag_operator to 2022-01-01 00:00:00+00:00, run_after=2022-01-01 00:00:00+00:00
[2026-07-18T21:55:37.284+0545] {logging_mixin.py:188} INFO - [2026-07-18T21:55:37.283+0545] {dag.py:3947} INFO - Setting next_dagrun for example_subdag_operator.section-1 to None, run_after=None
[2026-07-18T21:55:37.285+0545] {logging_mixin.py:188} INFO - [2026-07-18T21:55:37.285+0545] {dag.py:3947} INFO - Setting next_dagrun for example_subdag_operator.section-2 to None, run_after=None
[2026-07-18T21:55:37.290+0545] {logging_mixin.py:188} INFO - [2026-07-18T21:55:37.290+0545] {dag.py:3089} INFO - Sync 2 DAGs
[2026-07-18T21:55:37.294+0545] {logging_mixin.py:188} INFO - [2026-07-18T21:55:37.294+0545] {dag.py:3947} INFO - Setting next_dagrun for example_subdag_operator.section-1 to None, run_after=None
[2026-07-18T21:55:37.294+0545] {logging_mixin.py:188} INFO - [2026-07-18T21:55:37.294+0545] {dag.py:3947} INFO - Setting next_dagrun for example_subdag_operator.section-2 to None, run_after=None
[2026-07-18T21:55:37.311+0545] {processor.py:183} INFO - Processing /home/snigdh/repos/bigData/spark_demo_env/lib/python3.12/site-packages/airflow/example_dags/example_subdag_operator.py took 0.106 seconds
[2026-07-18T21:56:22.033+0545] {processor.py:161} INFO - Started process (PID=277444) to work on /home/snigdh/repos/bigData/spark_demo_env/lib/python3.12/site-packages/airflow/example_dags/example_subdag_operator.py
[2026-07-18T21:56:22.037+0545] {processor.py:830} INFO - Processing file /home/snigdh/repos/bigData/spark_demo_env/lib/python3.12/site-packages/airflow/example_dags/example_subdag_operator.py for tasks to queue
[2026-07-18T21:56:22.038+0545] {logging_mixin.py:188} INFO - [2026-07-18T21:56:22.038+0545] {dagbag.py:545} INFO - Filling up the DagBag from /home/snigdh/repos/bigData/spark_demo_env/lib/python3.12/site-packages/airflow/example_dags/example_subdag_operator.py
[2026-07-18T21:56:22.067+0545] {processor.py:840} INFO - DAG(s) 'example_subdag_operator.section-1', 'example_subdag_operator.section-2', 'example_subdag_operator' retrieved from /home/snigdh/repos/bigData/spark_demo_env/lib/python3.12/site-packages/airflow/example_dags/example_subdag_operator.py
[2026-07-18T21:56:22.085+0545] {logging_mixin.py:188} INFO - [2026-07-18T21:56:22.085+0545] {dag.py:3089} INFO - Sync 3 DAGs
[2026-07-18T21:56:22.103+0545] {logging_mixin.py:188} INFO - [2026-07-18T21:56:22.103+0545] {dag.py:3947} INFO - Setting next_dagrun for example_subdag_operator to 2022-01-01 00:00:00+00:00, run_after=2022-01-01 00:00:00+00:00
[2026-07-18T21:56:22.106+0545] {logging_mixin.py:188} INFO - [2026-07-18T21:56:22.106+0545] {dag.py:3947} INFO - Setting next_dagrun for example_subdag_operator.section-1 to None, run_after=None
[2026-07-18T21:56:22.107+0545] {logging_mixin.py:188} INFO - [2026-07-18T21:56:22.107+0545] {dag.py:3947} INFO - Setting next_dagrun for example_subdag_operator.section-2 to None, run_after=None
[2026-07-18T21:56:22.112+0545] {logging_mixin.py:188} INFO - [2026-07-18T21:56:22.112+0545] {dag.py:3089} INFO - Sync 2 DAGs
[2026-07-18T21:56:22.115+0545] {logging_mixin.py:188} INFO - [2026-07-18T21:56:22.115+0545] {dag.py:3947} INFO - Setting next_dagrun for example_subdag_operator.section-1 to None, run_after=None
[2026-07-18T21:56:22.116+0545] {logging_mixin.py:188} INFO - [2026-07-18T21:56:22.115+0545] {dag.py:3947} INFO - Setting next_dagrun for example_subdag_operator.section-2 to None, run_after=None
[2026-07-18T21:56:22.136+0545] {processor.py:183} INFO - Processing /home/snigdh/repos/bigData/spark_demo_env/lib/python3.12/site-packages/airflow/example_dags/example_subdag_operator.py took 0.111 seconds
[2026-07-18T21:57:05.315+0545] {processor.py:161} INFO - Started process (PID=277890) to work on /home/snigdh/repos/bigData/spark_demo_env/lib/python3.12/site-packages/airflow/example_dags/example_subdag_operator.py
[2026-07-18T21:57:05.319+0545] {processor.py:830} INFO - Processing file /home/snigdh/repos/bigData/spark_demo_env/lib/python3.12/site-packages/airflow/example_dags/example_subdag_operator.py for tasks to queue
[2026-07-18T21:57:05.321+0545] {logging_mixin.py:188} INFO - [2026-07-18T21:57:05.320+0545] {dagbag.py:545} INFO - Filling up the DagBag from /home/snigdh/repos/bigData/spark_demo_env/lib/python3.12/site-packages/airflow/example_dags/example_subdag_operator.py
[2026-07-18T21:57:05.348+0545] {processor.py:840} INFO - DAG(s) 'example_subdag_operator.section-1', 'example_subdag_operator.section-2', 'example_subdag_operator' retrieved from /home/snigdh/repos/bigData/spark_demo_env/lib/python3.12/site-packages/airflow/example_dags/example_subdag_operator.py
[2026-07-18T21:57:05.365+0545] {logging_mixin.py:188} INFO - [2026-07-18T21:57:05.365+0545] {dag.py:3089} INFO - Sync 3 DAGs
[2026-07-18T21:57:05.382+0545] {logging_mixin.py:188} INFO - [2026-07-18T21:57:05.382+0545] {dag.py:3947} INFO - Setting next_dagrun for example_subdag_operator to 2022-01-01 00:00:00+00:00, run_after=2022-01-01 00:00:00+00:00
[2026-07-18T21:57:05.385+0545] {logging_mixin.py:188} INFO - [2026-07-18T21:57:05.385+0545] {dag.py:3947} INFO - Setting next_dagrun for example_subdag_operator.section-1 to None, run_after=None
[2026-07-18T21:57:05.386+0545] {logging_mixin.py:188} INFO - [2026-07-18T21:57:05.386+0545] {dag.py:3947} INFO - Setting next_dagrun for example_subdag_operator.section-2 to None, run_after=None
[2026-07-18T21:57:05.393+0545] {logging_mixin.py:188} INFO - [2026-07-18T21:57:05.393+0545] {dag.py:3089} INFO - Sync 2 DAGs
[2026-07-18T21:57:05.398+0545] {logging_mixin.py:188} INFO - [2026-07-18T21:57:05.398+0545] {dag.py:3947} INFO - Setting next_dagrun for example_subdag_operator.section-1 to None, run_after=None
[2026-07-18T21:57:05.399+0545] {logging_mixin.py:188} INFO - [2026-07-18T21:57:05.398+0545] {dag.py:3947} INFO - Setting next_dagrun for example_subdag_operator.section-2 to None, run_after=None
[2026-07-18T21:57:05.420+0545] {processor.py:183} INFO - Processing /home/snigdh/repos/bigData/spark_demo_env/lib/python3.12/site-packages/airflow/example_dags/example_subdag_operator.py took 0.112 seconds
[2026-07-18T21:57:51.292+0545] {processor.py:161} INFO - Started process (PID=278308) to work on /home/snigdh/repos/bigData/spark_demo_env/lib/python3.12/site-packages/airflow/example_dags/example_subdag_operator.py
[2026-07-18T21:57:51.294+0545] {processor.py:830} INFO - Processing file /home/snigdh/repos/bigData/spark_demo_env/lib/python3.12/site-packages/airflow/example_dags/example_subdag_operator.py for tasks to queue
[2026-07-18T21:57:51.295+0545] {logging_mixin.py:188} INFO - [2026-07-18T21:57:51.295+0545] {dagbag.py:545} INFO - Filling up the DagBag from /home/snigdh/repos/bigData/spark_demo_env/lib/python3.12/site-packages/airflow/example_dags/example_subdag_operator.py
[2026-07-18T21:57:51.324+0545] {processor.py:840} INFO - DAG(s) 'example_subdag_operator.section-1', 'example_subdag_operator.section-2', 'example_subdag_operator' retrieved from /home/snigdh/repos/bigData/spark_demo_env/lib/python3.12/site-packages/airflow/example_dags/example_subdag_operator.py
[2026-07-18T21:57:51.342+0545] {logging_mixin.py:188} INFO - [2026-07-18T21:57:51.341+0545] {dag.py:3089} INFO - Sync 3 DAGs
[2026-07-18T21:57:51.358+0545] {logging_mixin.py:188} INFO - [2026-07-18T21:57:51.358+0545] {dag.py:3947} INFO - Setting next_dagrun for example_subdag_operator to 2022-01-01 00:00:00+00:00, run_after=2022-01-01 00:00:00+00:00
[2026-07-18T21:57:51.361+0545] {logging_mixin.py:188} INFO - [2026-07-18T21:57:51.360+0545] {dag.py:3947} INFO - Setting next_dagrun for example_subdag_operator.section-1 to None, run_after=None
[2026-07-18T21:57:51.361+0545] {logging_mixin.py:188} INFO - [2026-07-18T21:57:51.361+0545] {dag.py:3947} INFO - Setting next_dagrun for example_subdag_operator.section-2 to None, run_after=None
[2026-07-18T21:57:51.366+0545] {logging_mixin.py:188} INFO - [2026-07-18T21:57:51.366+0545] {dag.py:3089} INFO - Sync 2 DAGs
[2026-07-18T21:57:51.370+0545] {logging_mixin.py:188} INFO - [2026-07-18T21:57:51.370+0545] {dag.py:3947} INFO - Setting next_dagrun for example_subdag_operator.section-1 to None, run_after=None
[2026-07-18T21:57:51.370+0545] {logging_mixin.py:188} INFO - [2026-07-18T21:57:51.370+0545] {dag.py:3947} INFO - Setting next_dagrun for example_subdag_operator.section-2 to None, run_after=None
[2026-07-18T21:57:51.386+0545] {processor.py:183} INFO - Processing /home/snigdh/repos/bigData/spark_demo_env/lib/python3.12/site-packages/airflow/example_dags/example_subdag_operator.py took 0.101 seconds
[2026-07-18T21:58:35.798+0545] {processor.py:161} INFO - Started process (PID=278755) to work on /home/snigdh/repos/bigData/spark_demo_env/lib/python3.12/site-packages/airflow/example_dags/example_subdag_operator.py
[2026-07-18T21:58:35.800+0545] {processor.py:830} INFO - Processing file /home/snigdh/repos/bigData/spark_demo_env/lib/python3.12/site-packages/airflow/example_dags/example_subdag_operator.py for tasks to queue
[2026-07-18T21:58:35.802+0545] {logging_mixin.py:188} INFO - [2026-07-18T21:58:35.801+0545] {dagbag.py:545} INFO - Filling up the DagBag from /home/snigdh/repos/bigData/spark_demo_env/lib/python3.12/site-packages/airflow/example_dags/example_subdag_operator.py
[2026-07-18T21:58:35.832+0545] {processor.py:840} INFO - DAG(s) 'example_subdag_operator.section-1', 'example_subdag_operator.section-2', 'example_subdag_operator' retrieved from /home/snigdh/repos/bigData/spark_demo_env/lib/python3.12/site-packages/airflow/example_dags/example_subdag_operator.py
[2026-07-18T21:58:35.849+0545] {logging_mixin.py:188} INFO - [2026-07-18T21:58:35.848+0545] {dag.py:3089} INFO - Sync 3 DAGs
[2026-07-18T21:58:35.871+0545] {logging_mixin.py:188} INFO - [2026-07-18T21:58:35.870+0545] {dag.py:3947} INFO - Setting next_dagrun for example_subdag_operator to 2022-01-01 00:00:00+00:00, run_after=2022-01-01 00:00:00+00:00
[2026-07-18T21:58:35.873+0545] {logging_mixin.py:188} INFO - [2026-07-18T21:58:35.873+0545] {dag.py:3947} INFO - Setting next_dagrun for example_subdag_operator.section-1 to None, run_after=None
[2026-07-18T21:58:35.874+0545] {logging_mixin.py:188} INFO - [2026-07-18T21:58:35.874+0545] {dag.py:3947} INFO - Setting next_dagrun for example_subdag_operator.section-2 to None, run_after=None
[2026-07-18T21:58:35.882+0545] {logging_mixin.py:188} INFO - [2026-07-18T21:58:35.881+0545] {dag.py:3089} INFO - Sync 2 DAGs
[2026-07-18T21:58:35.888+0545] {logging_mixin.py:188} INFO - [2026-07-18T21:58:35.888+0545] {dag.py:3947} INFO - Setting next_dagrun for example_subdag_operator.section-1 to None, run_after=None
[2026-07-18T21:58:35.889+0545] {logging_mixin.py:188} INFO - [2026-07-18T21:58:35.889+0545] {dag.py:3947} INFO - Setting next_dagrun for example_subdag_operator.section-2 to None, run_after=None
[2026-07-18T21:58:35.910+0545] {processor.py:183} INFO - Processing /home/snigdh/repos/bigData/spark_demo_env/lib/python3.12/site-packages/airflow/example_dags/example_subdag_operator.py took 0.121 seconds
[2026-07-18T21:59:21.389+0545] {processor.py:161} INFO - Started process (PID=279174) to work on /home/snigdh/repos/bigData/spark_demo_env/lib/python3.12/site-packages/airflow/example_dags/example_subdag_operator.py
[2026-07-18T21:59:21.393+0545] {processor.py:830} INFO - Processing file /home/snigdh/repos/bigData/spark_demo_env/lib/python3.12/site-packages/airflow/example_dags/example_subdag_operator.py for tasks to queue
[2026-07-18T21:59:21.394+0545] {logging_mixin.py:188} INFO - [2026-07-18T21:59:21.394+0545] {dagbag.py:545} INFO - Filling up the DagBag from /home/snigdh/repos/bigData/spark_demo_env/lib/python3.12/site-packages/airflow/example_dags/example_subdag_operator.py
[2026-07-18T21:59:21.423+0545] {processor.py:840} INFO - DAG(s) 'example_subdag_operator.section-1', 'example_subdag_operator.section-2', 'example_subdag_operator' retrieved from /home/snigdh/repos/bigData/spark_demo_env/lib/python3.12/site-packages/airflow/example_dags/example_subdag_operator.py
[2026-07-18T21:59:21.441+0545] {logging_mixin.py:188} INFO - [2026-07-18T21:59:21.441+0545] {dag.py:3089} INFO - Sync 3 DAGs
[2026-07-18T21:59:21.461+0545] {logging_mixin.py:188} INFO - [2026-07-18T21:59:21.461+0545] {dag.py:3947} INFO - Setting next_dagrun for example_subdag_operator to 2022-01-01 00:00:00+00:00, run_after=2022-01-01 00:00:00+00:00
[2026-07-18T21:59:21.464+0545] {logging_mixin.py:188} INFO - [2026-07-18T21:59:21.464+0545] {dag.py:3947} INFO - Setting next_dagrun for example_subdag_operator.section-1 to None, run_after=None
[2026-07-18T21:59:21.466+0545] {logging_mixin.py:188} INFO - [2026-07-18T21:59:21.466+0545] {dag.py:3947} INFO - Setting next_dagrun for example_subdag_operator.section-2 to None, run_after=None
[2026-07-18T21:59:21.473+0545] {logging_mixin.py:188} INFO - [2026-07-18T21:59:21.473+0545] {dag.py:3089} INFO - Sync 2 DAGs
[2026-07-18T21:59:21.479+0545] {logging_mixin.py:188} INFO - [2026-07-18T21:59:21.479+0545] {dag.py:3947} INFO - Setting next_dagrun for example_subdag_operator.section-1 to None, run_after=None
[2026-07-18T21:59:21.480+0545] {logging_mixin.py:188} INFO - [2026-07-18T21:59:21.479+0545] {dag.py:3947} INFO - Setting next_dagrun for example_subdag_operator.section-2 to None, run_after=None
[2026-07-18T21:59:21.501+0545] {processor.py:183} INFO - Processing /home/snigdh/repos/bigData/spark_demo_env/lib/python3.12/site-packages/airflow/example_dags/example_subdag_operator.py took 0.119 seconds
[2026-07-18T22:00:09.058+0545] {processor.py:161} INFO - Started process (PID=279636) to work on /home/snigdh/repos/bigData/spark_demo_env/lib/python3.12/site-packages/airflow/example_dags/example_subdag_operator.py
[2026-07-18T22:00:09.062+0545] {processor.py:830} INFO - Processing file /home/snigdh/repos/bigData/spark_demo_env/lib/python3.12/site-packages/airflow/example_dags/example_subdag_operator.py for tasks to queue
[2026-07-18T22:00:09.063+0545] {logging_mixin.py:188} INFO - [2026-07-18T22:00:09.063+0545] {dagbag.py:545} INFO - Filling up the DagBag from /home/snigdh/repos/bigData/spark_demo_env/lib/python3.12/site-packages/airflow/example_dags/example_subdag_operator.py
[2026-07-18T22:00:09.095+0545] {processor.py:840} INFO - DAG(s) 'example_subdag_operator.section-1', 'example_subdag_operator.section-2', 'example_subdag_operator' retrieved from /home/snigdh/repos/bigData/spark_demo_env/lib/python3.12/site-packages/airflow/example_dags/example_subdag_operator.py
[2026-07-18T22:00:09.112+0545] {logging_mixin.py:188} INFO - [2026-07-18T22:00:09.112+0545] {dag.py:3089} INFO - Sync 3 DAGs
[2026-07-18T22:00:09.127+0545] {logging_mixin.py:188} INFO - [2026-07-18T22:00:09.127+0545] {dag.py:3947} INFO - Setting next_dagrun for example_subdag_operator to 2022-01-01 00:00:00+00:00, run_after=2022-01-01 00:00:00+00:00
[2026-07-18T22:00:09.130+0545] {logging_mixin.py:188} INFO - [2026-07-18T22:00:09.129+0545] {dag.py:3947} INFO - Setting next_dagrun for example_subdag_operator.section-1 to None, run_after=None
[2026-07-18T22:00:09.131+0545] {logging_mixin.py:188} INFO - [2026-07-18T22:00:09.130+0545] {dag.py:3947} INFO - Setting next_dagrun for example_subdag_operator.section-2 to None, run_after=None
[2026-07-18T22:00:09.136+0545] {logging_mixin.py:188} INFO - [2026-07-18T22:00:09.136+0545] {dag.py:3089} INFO - Sync 2 DAGs
[2026-07-18T22:00:09.141+0545] {logging_mixin.py:188} INFO - [2026-07-18T22:00:09.141+0545] {dag.py:3947} INFO - Setting next_dagrun for example_subdag_operator.section-1 to None, run_after=None
[2026-07-18T22:00:09.141+0545] {logging_mixin.py:188} INFO - [2026-07-18T22:00:09.141+0545] {dag.py:3947} INFO - Setting next_dagrun for example_subdag_operator.section-2 to None, run_after=None
[2026-07-18T22:00:09.161+0545] {processor.py:183} INFO - Processing /home/snigdh/repos/bigData/spark_demo_env/lib/python3.12/site-packages/airflow/example_dags/example_subdag_operator.py took 0.112 seconds
[2026-07-18T22:00:55.919+0545] {processor.py:161} INFO - Started process (PID=280024) to work on /home/snigdh/repos/bigData/spark_demo_env/lib/python3.12/site-packages/airflow/example_dags/example_subdag_operator.py
[2026-07-18T22:00:55.923+0545] {processor.py:830} INFO - Processing file /home/snigdh/repos/bigData/spark_demo_env/lib/python3.12/site-packages/airflow/example_dags/example_subdag_operator.py for tasks to queue
[2026-07-18T22:00:55.925+0545] {logging_mixin.py:188} INFO - [2026-07-18T22:00:55.924+0545] {dagbag.py:545} INFO - Filling up the DagBag from /home/snigdh/repos/bigData/spark_demo_env/lib/python3.12/site-packages/airflow/example_dags/example_subdag_operator.py
[2026-07-18T22:00:55.957+0545] {processor.py:840} INFO - DAG(s) 'example_subdag_operator.section-1', 'example_subdag_operator.section-2', 'example_subdag_operator' retrieved from /home/snigdh/repos/bigData/spark_demo_env/lib/python3.12/site-packages/airflow/example_dags/example_subdag_operator.py
[2026-07-18T22:00:55.973+0545] {logging_mixin.py:188} INFO - [2026-07-18T22:00:55.973+0545] {dag.py:3089} INFO - Sync 3 DAGs
[2026-07-18T22:00:55.992+0545] {logging_mixin.py:188} INFO - [2026-07-18T22:00:55.991+0545] {dag.py:3947} INFO - Setting next_dagrun for example_subdag_operator to 2022-01-01 00:00:00+00:00, run_after=2022-01-01 00:00:00+00:00
[2026-07-18T22:00:55.995+0545] {logging_mixin.py:188} INFO - [2026-07-18T22:00:55.994+0545] {dag.py:3947} INFO - Setting next_dagrun for example_subdag_operator.section-1 to None, run_after=None
[2026-07-18T22:00:55.996+0545] {logging_mixin.py:188} INFO - [2026-07-18T22:00:55.996+0545] {dag.py:3947} INFO - Setting next_dagrun for example_subdag_operator.section-2 to None, run_after=None
[2026-07-18T22:00:56.002+0545] {logging_mixin.py:188} INFO - [2026-07-18T22:00:56.001+0545] {dag.py:3089} INFO - Sync 2 DAGs
[2026-07-18T22:00:56.006+0545] {logging_mixin.py:188} INFO - [2026-07-18T22:00:56.006+0545] {dag.py:3947} INFO - Setting next_dagrun for example_subdag_operator.section-1 to None, run_after=None
[2026-07-18T22:00:56.007+0545] {logging_mixin.py:188} INFO - [2026-07-18T22:00:56.006+0545] {dag.py:3947} INFO - Setting next_dagrun for example_subdag_operator.section-2 to None, run_after=None
[2026-07-18T22:00:56.028+0545] {processor.py:183} INFO - Processing /home/snigdh/repos/bigData/spark_demo_env/lib/python3.12/site-packages/airflow/example_dags/example_subdag_operator.py took 0.118 seconds
[2026-07-18T22:01:41.369+0545] {processor.py:161} INFO - Started process (PID=280484) to work on /home/snigdh/repos/bigData/spark_demo_env/lib/python3.12/site-packages/airflow/example_dags/example_subdag_operator.py
[2026-07-18T22:01:41.372+0545] {processor.py:830} INFO - Processing file /home/snigdh/repos/bigData/spark_demo_env/lib/python3.12/site-packages/airflow/example_dags/example_subdag_operator.py for tasks to queue
[2026-07-18T22:01:41.373+0545] {logging_mixin.py:188} INFO - [2026-07-18T22:01:41.373+0545] {dagbag.py:545} INFO - Filling up the DagBag from /home/snigdh/repos/bigData/spark_demo_env/lib/python3.12/site-packages/airflow/example_dags/example_subdag_operator.py
[2026-07-18T22:01:41.404+0545] {processor.py:840} INFO - DAG(s) 'example_subdag_operator.section-1', 'example_subdag_operator.section-2', 'example_subdag_operator' retrieved from /home/snigdh/repos/bigData/spark_demo_env/lib/python3.12/site-packages/airflow/example_dags/example_subdag_operator.py
[2026-07-18T22:01:41.420+0545] {logging_mixin.py:188} INFO - [2026-07-18T22:01:41.420+0545] {dag.py:3089} INFO - Sync 3 DAGs
[2026-07-18T22:01:41.438+0545] {logging_mixin.py:188} INFO - [2026-07-18T22:01:41.438+0545] {dag.py:3947} INFO - Setting next_dagrun for example_subdag_operator to 2022-01-01 00:00:00+00:00, run_after=2022-01-01 00:00:00+00:00
[2026-07-18T22:01:41.441+0545] {logging_mixin.py:188} INFO - [2026-07-18T22:01:41.441+0545] {dag.py:3947} INFO - Setting next_dagrun for example_subdag_operator.section-1 to None, run_after=None
[2026-07-18T22:01:41.442+0545] {logging_mixin.py:188} INFO - [2026-07-18T22:01:41.442+0545] {dag.py:3947} INFO - Setting next_dagrun for example_subdag_operator.section-2 to None, run_after=None
[2026-07-18T22:01:41.447+0545] {logging_mixin.py:188} INFO - [2026-07-18T22:01:41.447+0545] {dag.py:3089} INFO - Sync 2 DAGs
[2026-07-18T22:01:41.451+0545] {logging_mixin.py:188} INFO - [2026-07-18T22:01:41.451+0545] {dag.py:3947} INFO - Setting next_dagrun for example_subdag_operator.section-1 to None, run_after=None
[2026-07-18T22:01:41.452+0545] {logging_mixin.py:188} INFO - [2026-07-18T22:01:41.452+0545] {dag.py:3947} INFO - Setting next_dagrun for example_subdag_operator.section-2 to None, run_after=None
[2026-07-18T22:01:41.468+0545] {processor.py:183} INFO - Processing /home/snigdh/repos/bigData/spark_demo_env/lib/python3.12/site-packages/airflow/example_dags/example_subdag_operator.py took 0.107 seconds
[2026-07-18T22:02:24.628+0545] {processor.py:161} INFO - Started process (PID=280866) to work on /home/snigdh/repos/bigData/spark_demo_env/lib/python3.12/site-packages/airflow/example_dags/example_subdag_operator.py
[2026-07-18T22:02:24.630+0545] {processor.py:830} INFO - Processing file /home/snigdh/repos/bigData/spark_demo_env/lib/python3.12/site-packages/airflow/example_dags/example_subdag_operator.py for tasks to queue
[2026-07-18T22:02:24.631+0545] {logging_mixin.py:188} INFO - [2026-07-18T22:02:24.630+0545] {dagbag.py:545} INFO - Filling up the DagBag from /home/snigdh/repos/bigData/spark_demo_env/lib/python3.12/site-packages/airflow/example_dags/example_subdag_operator.py
[2026-07-18T22:02:24.662+0545] {processor.py:840} INFO - DAG(s) 'example_subdag_operator.section-1', 'example_subdag_operator.section-2', 'example_subdag_operator' retrieved from /home/snigdh/repos/bigData/spark_demo_env/lib/python3.12/site-packages/airflow/example_dags/example_subdag_operator.py
[2026-07-18T22:02:24.680+0545] {logging_mixin.py:188} INFO - [2026-07-18T22:02:24.680+0545] {dag.py:3089} INFO - Sync 3 DAGs
[2026-07-18T22:02:24.696+0545] {logging_mixin.py:188} INFO - [2026-07-18T22:02:24.695+0545] {dag.py:3947} INFO - Setting next_dagrun for example_subdag_operator to 2022-01-01 00:00:00+00:00, run_after=2022-01-01 00:00:00+00:00
[2026-07-18T22:02:24.699+0545] {logging_mixin.py:188} INFO - [2026-07-18T22:02:24.698+0545] {dag.py:3947} INFO - Setting next_dagrun for example_subdag_operator.section-1 to None, run_after=None
[2026-07-18T22:02:24.700+0545] {logging_mixin.py:188} INFO - [2026-07-18T22:02:24.699+0545] {dag.py:3947} INFO - Setting next_dagrun for example_subdag_operator.section-2 to None, run_after=None
[2026-07-18T22:02:24.706+0545] {logging_mixin.py:188} INFO - [2026-07-18T22:02:24.705+0545] {dag.py:3089} INFO - Sync 2 DAGs
[2026-07-18T22:02:24.710+0545] {logging_mixin.py:188} INFO - [2026-07-18T22:02:24.710+0545] {dag.py:3947} INFO - Setting next_dagrun for example_subdag_operator.section-1 to None, run_after=None
[2026-07-18T22:02:24.710+0545] {logging_mixin.py:188} INFO - [2026-07-18T22:02:24.710+0545] {dag.py:3947} INFO - Setting next_dagrun for example_subdag_operator.section-2 to None, run_after=None
[2026-07-18T22:02:24.728+0545] {processor.py:183} INFO - Processing /home/snigdh/repos/bigData/spark_demo_env/lib/python3.12/site-packages/airflow/example_dags/example_subdag_operator.py took 0.109 seconds
