[2026-07-18T21:38:14.451+0545] {processor.py:161} INFO - Started process (PID=262385) to work on /home/snigdh/repos/bigData/spark_demo_env/lib/python3.12/site-packages/airflow/example_dags/example_short_circuit_operator.py
[2026-07-18T21:38:14.452+0545] {processor.py:830} INFO - Processing file /home/snigdh/repos/bigData/spark_demo_env/lib/python3.12/site-packages/airflow/example_dags/example_short_circuit_operator.py for tasks to queue
[2026-07-18T21:38:14.454+0545] {logging_mixin.py:188} INFO - [2026-07-18T21:38:14.454+0545] {dagbag.py:545} INFO - Filling up the DagBag from /home/snigdh/repos/bigData/spark_demo_env/lib/python3.12/site-packages/airflow/example_dags/example_short_circuit_operator.py
[2026-07-18T21:38:14.467+0545] {processor.py:840} INFO - DAG(s) 'example_short_circuit_operator' retrieved from /home/snigdh/repos/bigData/spark_demo_env/lib/python3.12/site-packages/airflow/example_dags/example_short_circuit_operator.py
[2026-07-18T21:38:14.581+0545] {logging_mixin.py:188} INFO - [2026-07-18T21:38:14.580+0545] {override.py:1858} INFO - Created Permission View: can delete on DAG:example_short_circuit_operator
[2026-07-18T21:38:14.597+0545] {logging_mixin.py:188} INFO - [2026-07-18T21:38:14.596+0545] {override.py:1858} INFO - Created Permission View: can read on DAG:example_short_circuit_operator
[2026-07-18T21:38:14.609+0545] {logging_mixin.py:188} INFO - [2026-07-18T21:38:14.609+0545] {override.py:1858} INFO - Created Permission View: can edit on DAG:example_short_circuit_operator
[2026-07-18T21:38:14.610+0545] {logging_mixin.py:188} INFO - [2026-07-18T21:38:14.610+0545] {dag.py:3089} INFO - Sync 1 DAGs
[2026-07-18T21:38:14.627+0545] {logging_mixin.py:188} INFO - [2026-07-18T21:38:14.627+0545] {dag.py:3111} INFO - Creating ORM DAG for example_short_circuit_operator
[2026-07-18T21:38:14.639+0545] {logging_mixin.py:188} INFO - [2026-07-18T21:38:14.639+0545] {dag.py:3947} INFO - Setting next_dagrun for example_short_circuit_operator to 2026-07-17 00:00:00+00:00, run_after=2026-07-18 00:00:00+00:00
[2026-07-18T21:38:14.660+0545] {processor.py:183} INFO - Processing /home/snigdh/repos/bigData/spark_demo_env/lib/python3.12/site-packages/airflow/example_dags/example_short_circuit_operator.py took 0.217 seconds
[2026-07-18T21:39:15.367+0545] {processor.py:161} INFO - Started process (PID=262702) to work on /home/snigdh/repos/bigData/spark_demo_env/lib/python3.12/site-packages/airflow/example_dags/example_short_circuit_operator.py
[2026-07-18T21:39:15.369+0545] {processor.py:830} INFO - Processing file /home/snigdh/repos/bigData/spark_demo_env/lib/python3.12/site-packages/airflow/example_dags/example_short_circuit_operator.py for tasks to queue
[2026-07-18T21:39:15.372+0545] {logging_mixin.py:188} INFO - [2026-07-18T21:39:15.372+0545] {dagbag.py:545} INFO - Filling up the DagBag from /home/snigdh/repos/bigData/spark_demo_env/lib/python3.12/site-packages/airflow/example_dags/example_short_circuit_operator.py
[2026-07-18T21:39:15.385+0545] {processor.py:840} INFO - DAG(s) 'example_short_circuit_operator' retrieved from /home/snigdh/repos/bigData/spark_demo_env/lib/python3.12/site-packages/airflow/example_dags/example_short_circuit_operator.py
[2026-07-18T21:39:15.416+0545] {logging_mixin.py:188} INFO - [2026-07-18T21:39:15.415+0545] {dag.py:3089} INFO - Sync 1 DAGs
[2026-07-18T21:39:15.442+0545] {logging_mixin.py:188} INFO - [2026-07-18T21:39:15.442+0545] {dag.py:3947} INFO - Setting next_dagrun for example_short_circuit_operator to 2026-07-17 00:00:00+00:00, run_after=2026-07-18 00:00:00+00:00
[2026-07-18T21:39:15.467+0545] {processor.py:183} INFO - Processing /home/snigdh/repos/bigData/spark_demo_env/lib/python3.12/site-packages/airflow/example_dags/example_short_circuit_operator.py took 0.109 seconds
[2026-07-18T21:40:10.131+0545] {processor.py:161} INFO - Started process (PID=262993) to work on /home/snigdh/repos/bigData/spark_demo_env/lib/python3.12/site-packages/airflow/example_dags/example_short_circuit_operator.py
[2026-07-18T21:40:10.135+0545] {processor.py:830} INFO - Processing file /home/snigdh/repos/bigData/spark_demo_env/lib/python3.12/site-packages/airflow/example_dags/example_short_circuit_operator.py for tasks to queue
[2026-07-18T21:40:10.137+0545] {logging_mixin.py:188} INFO - [2026-07-18T21:40:10.137+0545] {dagbag.py:545} INFO - Filling up the DagBag from /home/snigdh/repos/bigData/spark_demo_env/lib/python3.12/site-packages/airflow/example_dags/example_short_circuit_operator.py
[2026-07-18T21:40:10.146+0545] {processor.py:840} INFO - DAG(s) 'example_short_circuit_operator' retrieved from /home/snigdh/repos/bigData/spark_demo_env/lib/python3.12/site-packages/airflow/example_dags/example_short_circuit_operator.py
[2026-07-18T21:40:10.157+0545] {logging_mixin.py:188} INFO - [2026-07-18T21:40:10.156+0545] {dag.py:3089} INFO - Sync 1 DAGs
[2026-07-18T21:40:10.181+0545] {logging_mixin.py:188} INFO - [2026-07-18T21:40:10.180+0545] {dag.py:3947} INFO - Setting next_dagrun for example_short_circuit_operator to 2026-07-17 00:00:00+00:00, run_after=2026-07-18 00:00:00+00:00
[2026-07-18T21:40:10.211+0545] {processor.py:183} INFO - Processing /home/snigdh/repos/bigData/spark_demo_env/lib/python3.12/site-packages/airflow/example_dags/example_short_circuit_operator.py took 0.087 seconds
[2026-07-18T21:46:29.246+0545] {processor.py:161} INFO - Started process (PID=269798) to work on /home/snigdh/repos/bigData/spark_demo_env/lib/python3.12/site-packages/airflow/example_dags/example_short_circuit_operator.py
[2026-07-18T21:46:29.249+0545] {processor.py:830} INFO - Processing file /home/snigdh/repos/bigData/spark_demo_env/lib/python3.12/site-packages/airflow/example_dags/example_short_circuit_operator.py for tasks to queue
[2026-07-18T21:46:29.251+0545] {logging_mixin.py:188} INFO - [2026-07-18T21:46:29.250+0545] {dagbag.py:545} INFO - Filling up the DagBag from /home/snigdh/repos/bigData/spark_demo_env/lib/python3.12/site-packages/airflow/example_dags/example_short_circuit_operator.py
[2026-07-18T21:46:29.259+0545] {processor.py:840} INFO - DAG(s) 'example_short_circuit_operator' retrieved from /home/snigdh/repos/bigData/spark_demo_env/lib/python3.12/site-packages/airflow/example_dags/example_short_circuit_operator.py
[2026-07-18T21:46:29.370+0545] {logging_mixin.py:188} INFO - [2026-07-18T21:46:29.370+0545] {dag.py:3089} INFO - Sync 1 DAGs
[2026-07-18T21:46:29.384+0545] {logging_mixin.py:188} INFO - [2026-07-18T21:46:29.384+0545] {dag.py:3947} INFO - Setting next_dagrun for example_short_circuit_operator to 2026-07-17 00:00:00+00:00, run_after=2026-07-18 00:00:00+00:00
[2026-07-18T21:46:29.415+0545] {processor.py:183} INFO - Processing /home/snigdh/repos/bigData/spark_demo_env/lib/python3.12/site-packages/airflow/example_dags/example_short_circuit_operator.py took 0.177 seconds
[2026-07-18T21:47:30.697+0545] {processor.py:161} INFO - Started process (PID=270457) to work on /home/snigdh/repos/bigData/spark_demo_env/lib/python3.12/site-packages/airflow/example_dags/example_short_circuit_operator.py
[2026-07-18T21:47:30.701+0545] {processor.py:830} INFO - Processing file /home/snigdh/repos/bigData/spark_demo_env/lib/python3.12/site-packages/airflow/example_dags/example_short_circuit_operator.py for tasks to queue
[2026-07-18T21:47:30.702+0545] {logging_mixin.py:188} INFO - [2026-07-18T21:47:30.702+0545] {dagbag.py:545} INFO - Filling up the DagBag from /home/snigdh/repos/bigData/spark_demo_env/lib/python3.12/site-packages/airflow/example_dags/example_short_circuit_operator.py
[2026-07-18T21:47:30.711+0545] {processor.py:840} INFO - DAG(s) 'example_short_circuit_operator' retrieved from /home/snigdh/repos/bigData/spark_demo_env/lib/python3.12/site-packages/airflow/example_dags/example_short_circuit_operator.py
[2026-07-18T21:47:30.741+0545] {logging_mixin.py:188} INFO - [2026-07-18T21:47:30.741+0545] {dag.py:3089} INFO - Sync 1 DAGs
[2026-07-18T21:47:30.764+0545] {logging_mixin.py:188} INFO - [2026-07-18T21:47:30.764+0545] {dag.py:3947} INFO - Setting next_dagrun for example_short_circuit_operator to 2026-07-17 00:00:00+00:00, run_after=2026-07-18 00:00:00+00:00
[2026-07-18T21:47:30.786+0545] {processor.py:183} INFO - Processing /home/snigdh/repos/bigData/spark_demo_env/lib/python3.12/site-packages/airflow/example_dags/example_short_circuit_operator.py took 0.096 seconds
[2026-07-18T21:48:20.246+0545] {processor.py:161} INFO - Started process (PID=271045) to work on /home/snigdh/repos/bigData/spark_demo_env/lib/python3.12/site-packages/airflow/example_dags/example_short_circuit_operator.py
[2026-07-18T21:48:20.249+0545] {processor.py:830} INFO - Processing file /home/snigdh/repos/bigData/spark_demo_env/lib/python3.12/site-packages/airflow/example_dags/example_short_circuit_operator.py for tasks to queue
[2026-07-18T21:48:20.251+0545] {logging_mixin.py:188} INFO - [2026-07-18T21:48:20.250+0545] {dagbag.py:545} INFO - Filling up the DagBag from /home/snigdh/repos/bigData/spark_demo_env/lib/python3.12/site-packages/airflow/example_dags/example_short_circuit_operator.py
[2026-07-18T21:48:20.260+0545] {processor.py:840} INFO - DAG(s) 'example_short_circuit_operator' retrieved from /home/snigdh/repos/bigData/spark_demo_env/lib/python3.12/site-packages/airflow/example_dags/example_short_circuit_operator.py
[2026-07-18T21:48:20.287+0545] {logging_mixin.py:188} INFO - [2026-07-18T21:48:20.287+0545] {dag.py:3089} INFO - Sync 1 DAGs
[2026-07-18T21:48:20.309+0545] {logging_mixin.py:188} INFO - [2026-07-18T21:48:20.309+0545] {dag.py:3947} INFO - Setting next_dagrun for example_short_circuit_operator to 2026-07-17 00:00:00+00:00, run_after=2026-07-18 00:00:00+00:00
[2026-07-18T21:48:20.338+0545] {processor.py:183} INFO - Processing /home/snigdh/repos/bigData/spark_demo_env/lib/python3.12/site-packages/airflow/example_dags/example_short_circuit_operator.py took 0.101 seconds
[2026-07-18T21:49:05.815+0545] {processor.py:161} INFO - Started process (PID=271886) to work on /home/snigdh/repos/bigData/spark_demo_env/lib/python3.12/site-packages/airflow/example_dags/example_short_circuit_operator.py
[2026-07-18T21:49:05.819+0545] {processor.py:830} INFO - Processing file /home/snigdh/repos/bigData/spark_demo_env/lib/python3.12/site-packages/airflow/example_dags/example_short_circuit_operator.py for tasks to queue
[2026-07-18T21:49:05.821+0545] {logging_mixin.py:188} INFO - [2026-07-18T21:49:05.820+0545] {dagbag.py:545} INFO - Filling up the DagBag from /home/snigdh/repos/bigData/spark_demo_env/lib/python3.12/site-packages/airflow/example_dags/example_short_circuit_operator.py
[2026-07-18T21:49:05.832+0545] {processor.py:840} INFO - DAG(s) 'example_short_circuit_operator' retrieved from /home/snigdh/repos/bigData/spark_demo_env/lib/python3.12/site-packages/airflow/example_dags/example_short_circuit_operator.py
[2026-07-18T21:49:05.862+0545] {logging_mixin.py:188} INFO - [2026-07-18T21:49:05.861+0545] {dag.py:3089} INFO - Sync 1 DAGs
[2026-07-18T21:49:05.882+0545] {logging_mixin.py:188} INFO - [2026-07-18T21:49:05.882+0545] {dag.py:3947} INFO - Setting next_dagrun for example_short_circuit_operator to 2026-07-17 00:00:00+00:00, run_after=2026-07-18 00:00:00+00:00
[2026-07-18T21:49:05.907+0545] {processor.py:183} INFO - Processing /home/snigdh/repos/bigData/spark_demo_env/lib/python3.12/site-packages/airflow/example_dags/example_short_circuit_operator.py took 0.103 seconds
[2026-07-18T21:49:58.761+0545] {processor.py:161} INFO - Started process (PID=272491) to work on /home/snigdh/repos/bigData/spark_demo_env/lib/python3.12/site-packages/airflow/example_dags/example_short_circuit_operator.py
[2026-07-18T21:49:58.765+0545] {processor.py:830} INFO - Processing file /home/snigdh/repos/bigData/spark_demo_env/lib/python3.12/site-packages/airflow/example_dags/example_short_circuit_operator.py for tasks to queue
[2026-07-18T21:49:58.767+0545] {logging_mixin.py:188} INFO - [2026-07-18T21:49:58.766+0545] {dagbag.py:545} INFO - Filling up the DagBag from /home/snigdh/repos/bigData/spark_demo_env/lib/python3.12/site-packages/airflow/example_dags/example_short_circuit_operator.py
[2026-07-18T21:49:58.776+0545] {processor.py:840} INFO - DAG(s) 'example_short_circuit_operator' retrieved from /home/snigdh/repos/bigData/spark_demo_env/lib/python3.12/site-packages/airflow/example_dags/example_short_circuit_operator.py
[2026-07-18T21:49:58.797+0545] {logging_mixin.py:188} INFO - [2026-07-18T21:49:58.797+0545] {dag.py:3089} INFO - Sync 1 DAGs
[2026-07-18T21:49:58.817+0545] {logging_mixin.py:188} INFO - [2026-07-18T21:49:58.816+0545] {dag.py:3947} INFO - Setting next_dagrun for example_short_circuit_operator to 2026-07-17 00:00:00+00:00, run_after=2026-07-18 00:00:00+00:00
[2026-07-18T21:49:58.840+0545] {processor.py:183} INFO - Processing /home/snigdh/repos/bigData/spark_demo_env/lib/python3.12/site-packages/airflow/example_dags/example_short_circuit_operator.py took 0.087 seconds
[2026-07-18T21:50:45.444+0545] {processor.py:161} INFO - Started process (PID=273100) to work on /home/snigdh/repos/bigData/spark_demo_env/lib/python3.12/site-packages/airflow/example_dags/example_short_circuit_operator.py
[2026-07-18T21:50:45.448+0545] {processor.py:830} INFO - Processing file /home/snigdh/repos/bigData/spark_demo_env/lib/python3.12/site-packages/airflow/example_dags/example_short_circuit_operator.py for tasks to queue
[2026-07-18T21:50:45.449+0545] {logging_mixin.py:188} INFO - [2026-07-18T21:50:45.448+0545] {dagbag.py:545} INFO - Filling up the DagBag from /home/snigdh/repos/bigData/spark_demo_env/lib/python3.12/site-packages/airflow/example_dags/example_short_circuit_operator.py
[2026-07-18T21:50:45.456+0545] {processor.py:840} INFO - DAG(s) 'example_short_circuit_operator' retrieved from /home/snigdh/repos/bigData/spark_demo_env/lib/python3.12/site-packages/airflow/example_dags/example_short_circuit_operator.py
[2026-07-18T21:50:45.480+0545] {logging_mixin.py:188} INFO - [2026-07-18T21:50:45.479+0545] {dag.py:3089} INFO - Sync 1 DAGs
[2026-07-18T21:50:45.497+0545] {logging_mixin.py:188} INFO - [2026-07-18T21:50:45.497+0545] {dag.py:3947} INFO - Setting next_dagrun for example_short_circuit_operator to 2026-07-17 00:00:00+00:00, run_after=2026-07-18 00:00:00+00:00
[2026-07-18T21:50:45.518+0545] {processor.py:183} INFO - Processing /home/snigdh/repos/bigData/spark_demo_env/lib/python3.12/site-packages/airflow/example_dags/example_short_circuit_operator.py took 0.079 seconds
[2026-07-18T21:51:30.297+0545] {processor.py:161} INFO - Started process (PID=273767) to work on /home/snigdh/repos/bigData/spark_demo_env/lib/python3.12/site-packages/airflow/example_dags/example_short_circuit_operator.py
[2026-07-18T21:51:30.301+0545] {processor.py:830} INFO - Processing file /home/snigdh/repos/bigData/spark_demo_env/lib/python3.12/site-packages/airflow/example_dags/example_short_circuit_operator.py for tasks to queue
[2026-07-18T21:51:30.302+0545] {logging_mixin.py:188} INFO - [2026-07-18T21:51:30.301+0545] {dagbag.py:545} INFO - Filling up the DagBag from /home/snigdh/repos/bigData/spark_demo_env/lib/python3.12/site-packages/airflow/example_dags/example_short_circuit_operator.py
[2026-07-18T21:51:30.308+0545] {processor.py:840} INFO - DAG(s) 'example_short_circuit_operator' retrieved from /home/snigdh/repos/bigData/spark_demo_env/lib/python3.12/site-packages/airflow/example_dags/example_short_circuit_operator.py
[2026-07-18T21:51:30.328+0545] {logging_mixin.py:188} INFO - [2026-07-18T21:51:30.328+0545] {dag.py:3089} INFO - Sync 1 DAGs
[2026-07-18T21:51:30.347+0545] {logging_mixin.py:188} INFO - [2026-07-18T21:51:30.347+0545] {dag.py:3947} INFO - Setting next_dagrun for example_short_circuit_operator to 2026-07-17 00:00:00+00:00, run_after=2026-07-18 00:00:00+00:00
[2026-07-18T21:51:30.376+0545] {processor.py:183} INFO - Processing /home/snigdh/repos/bigData/spark_demo_env/lib/python3.12/site-packages/airflow/example_dags/example_short_circuit_operator.py took 0.084 seconds
[2026-07-18T21:52:16.521+0545] {processor.py:161} INFO - Started process (PID=274322) to work on /home/snigdh/repos/bigData/spark_demo_env/lib/python3.12/site-packages/airflow/example_dags/example_short_circuit_operator.py
[2026-07-18T21:52:16.525+0545] {processor.py:830} INFO - Processing file /home/snigdh/repos/bigData/spark_demo_env/lib/python3.12/site-packages/airflow/example_dags/example_short_circuit_operator.py for tasks to queue
[2026-07-18T21:52:16.526+0545] {logging_mixin.py:188} INFO - [2026-07-18T21:52:16.526+0545] {dagbag.py:545} INFO - Filling up the DagBag from /home/snigdh/repos/bigData/spark_demo_env/lib/python3.12/site-packages/airflow/example_dags/example_short_circuit_operator.py
[2026-07-18T21:52:16.537+0545] {processor.py:840} INFO - DAG(s) 'example_short_circuit_operator' retrieved from /home/snigdh/repos/bigData/spark_demo_env/lib/python3.12/site-packages/airflow/example_dags/example_short_circuit_operator.py
[2026-07-18T21:52:16.567+0545] {logging_mixin.py:188} INFO - [2026-07-18T21:52:16.566+0545] {dag.py:3089} INFO - Sync 1 DAGs
[2026-07-18T21:52:16.589+0545] {logging_mixin.py:188} INFO - [2026-07-18T21:52:16.589+0545] {dag.py:3947} INFO - Setting next_dagrun for example_short_circuit_operator to 2026-07-17 00:00:00+00:00, run_after=2026-07-18 00:00:00+00:00
[2026-07-18T21:52:16.616+0545] {processor.py:183} INFO - Processing /home/snigdh/repos/bigData/spark_demo_env/lib/python3.12/site-packages/airflow/example_dags/example_short_circuit_operator.py took 0.104 seconds
[2026-07-18T21:53:02.152+0545] {processor.py:161} INFO - Started process (PID=274941) to work on /home/snigdh/repos/bigData/spark_demo_env/lib/python3.12/site-packages/airflow/example_dags/example_short_circuit_operator.py
[2026-07-18T21:53:02.154+0545] {processor.py:830} INFO - Processing file /home/snigdh/repos/bigData/spark_demo_env/lib/python3.12/site-packages/airflow/example_dags/example_short_circuit_operator.py for tasks to queue
[2026-07-18T21:53:02.156+0545] {logging_mixin.py:188} INFO - [2026-07-18T21:53:02.155+0545] {dagbag.py:545} INFO - Filling up the DagBag from /home/snigdh/repos/bigData/spark_demo_env/lib/python3.12/site-packages/airflow/example_dags/example_short_circuit_operator.py
[2026-07-18T21:53:02.169+0545] {processor.py:840} INFO - DAG(s) 'example_short_circuit_operator' retrieved from /home/snigdh/repos/bigData/spark_demo_env/lib/python3.12/site-packages/airflow/example_dags/example_short_circuit_operator.py
[2026-07-18T21:53:02.189+0545] {logging_mixin.py:188} INFO - [2026-07-18T21:53:02.189+0545] {dag.py:3089} INFO - Sync 1 DAGs
[2026-07-18T21:53:02.205+0545] {logging_mixin.py:188} INFO - [2026-07-18T21:53:02.205+0545] {dag.py:3947} INFO - Setting next_dagrun for example_short_circuit_operator to 2026-07-17 00:00:00+00:00, run_after=2026-07-18 00:00:00+00:00
[2026-07-18T21:53:02.226+0545] {processor.py:183} INFO - Processing /home/snigdh/repos/bigData/spark_demo_env/lib/python3.12/site-packages/airflow/example_dags/example_short_circuit_operator.py took 0.082 seconds
[2026-07-18T21:53:50.826+0545] {processor.py:161} INFO - Started process (PID=275508) to work on /home/snigdh/repos/bigData/spark_demo_env/lib/python3.12/site-packages/airflow/example_dags/example_short_circuit_operator.py
[2026-07-18T21:53:50.830+0545] {processor.py:830} INFO - Processing file /home/snigdh/repos/bigData/spark_demo_env/lib/python3.12/site-packages/airflow/example_dags/example_short_circuit_operator.py for tasks to queue
[2026-07-18T21:53:50.831+0545] {logging_mixin.py:188} INFO - [2026-07-18T21:53:50.831+0545] {dagbag.py:545} INFO - Filling up the DagBag from /home/snigdh/repos/bigData/spark_demo_env/lib/python3.12/site-packages/airflow/example_dags/example_short_circuit_operator.py
[2026-07-18T21:53:50.839+0545] {processor.py:840} INFO - DAG(s) 'example_short_circuit_operator' retrieved from /home/snigdh/repos/bigData/spark_demo_env/lib/python3.12/site-packages/airflow/example_dags/example_short_circuit_operator.py
[2026-07-18T21:53:50.871+0545] {logging_mixin.py:188} INFO - [2026-07-18T21:53:50.870+0545] {dag.py:3089} INFO - Sync 1 DAGs
[2026-07-18T21:53:50.887+0545] {logging_mixin.py:188} INFO - [2026-07-18T21:53:50.887+0545] {dag.py:3947} INFO - Setting next_dagrun for example_short_circuit_operator to 2026-07-17 00:00:00+00:00, run_after=2026-07-18 00:00:00+00:00
[2026-07-18T21:53:50.917+0545] {processor.py:183} INFO - Processing /home/snigdh/repos/bigData/spark_demo_env/lib/python3.12/site-packages/airflow/example_dags/example_short_circuit_operator.py took 0.098 seconds
[2026-07-18T21:54:40.021+0545] {processor.py:161} INFO - Started process (PID=276428) to work on /home/snigdh/repos/bigData/spark_demo_env/lib/python3.12/site-packages/airflow/example_dags/example_short_circuit_operator.py
[2026-07-18T21:54:40.023+0545] {processor.py:830} INFO - Processing file /home/snigdh/repos/bigData/spark_demo_env/lib/python3.12/site-packages/airflow/example_dags/example_short_circuit_operator.py for tasks to queue
[2026-07-18T21:54:40.025+0545] {logging_mixin.py:188} INFO - [2026-07-18T21:54:40.024+0545] {dagbag.py:545} INFO - Filling up the DagBag from /home/snigdh/repos/bigData/spark_demo_env/lib/python3.12/site-packages/airflow/example_dags/example_short_circuit_operator.py
[2026-07-18T21:54:40.035+0545] {processor.py:840} INFO - DAG(s) 'example_short_circuit_operator' retrieved from /home/snigdh/repos/bigData/spark_demo_env/lib/python3.12/site-packages/airflow/example_dags/example_short_circuit_operator.py
[2026-07-18T21:54:40.067+0545] {logging_mixin.py:188} INFO - [2026-07-18T21:54:40.067+0545] {dag.py:3089} INFO - Sync 1 DAGs
[2026-07-18T21:54:40.088+0545] {logging_mixin.py:188} INFO - [2026-07-18T21:54:40.088+0545] {dag.py:3947} INFO - Setting next_dagrun for example_short_circuit_operator to 2026-07-17 00:00:00+00:00, run_after=2026-07-18 00:00:00+00:00
[2026-07-18T21:54:40.113+0545] {processor.py:183} INFO - Processing /home/snigdh/repos/bigData/spark_demo_env/lib/python3.12/site-packages/airflow/example_dags/example_short_circuit_operator.py took 0.101 seconds
[2026-07-18T21:55:25.002+0545] {processor.py:161} INFO - Started process (PID=276906) to work on /home/snigdh/repos/bigData/spark_demo_env/lib/python3.12/site-packages/airflow/example_dags/example_short_circuit_operator.py
[2026-07-18T21:55:25.005+0545] {processor.py:830} INFO - Processing file /home/snigdh/repos/bigData/spark_demo_env/lib/python3.12/site-packages/airflow/example_dags/example_short_circuit_operator.py for tasks to queue
[2026-07-18T21:55:25.007+0545] {logging_mixin.py:188} INFO - [2026-07-18T21:55:25.006+0545] {dagbag.py:545} INFO - Filling up the DagBag from /home/snigdh/repos/bigData/spark_demo_env/lib/python3.12/site-packages/airflow/example_dags/example_short_circuit_operator.py
[2026-07-18T21:55:25.015+0545] {processor.py:840} INFO - DAG(s) 'example_short_circuit_operator' retrieved from /home/snigdh/repos/bigData/spark_demo_env/lib/python3.12/site-packages/airflow/example_dags/example_short_circuit_operator.py
[2026-07-18T21:55:25.040+0545] {logging_mixin.py:188} INFO - [2026-07-18T21:55:25.040+0545] {dag.py:3089} INFO - Sync 1 DAGs
[2026-07-18T21:55:25.058+0545] {logging_mixin.py:188} INFO - [2026-07-18T21:55:25.057+0545] {dag.py:3947} INFO - Setting next_dagrun for example_short_circuit_operator to 2026-07-17 00:00:00+00:00, run_after=2026-07-18 00:00:00+00:00
[2026-07-18T21:55:25.085+0545] {processor.py:183} INFO - Processing /home/snigdh/repos/bigData/spark_demo_env/lib/python3.12/site-packages/airflow/example_dags/example_short_circuit_operator.py took 0.091 seconds
[2026-07-18T21:56:10.497+0545] {processor.py:161} INFO - Started process (PID=277361) to work on /home/snigdh/repos/bigData/spark_demo_env/lib/python3.12/site-packages/airflow/example_dags/example_short_circuit_operator.py
[2026-07-18T21:56:10.501+0545] {processor.py:830} INFO - Processing file /home/snigdh/repos/bigData/spark_demo_env/lib/python3.12/site-packages/airflow/example_dags/example_short_circuit_operator.py for tasks to queue
[2026-07-18T21:56:10.502+0545] {logging_mixin.py:188} INFO - [2026-07-18T21:56:10.501+0545] {dagbag.py:545} INFO - Filling up the DagBag from /home/snigdh/repos/bigData/spark_demo_env/lib/python3.12/site-packages/airflow/example_dags/example_short_circuit_operator.py
[2026-07-18T21:56:10.510+0545] {processor.py:840} INFO - DAG(s) 'example_short_circuit_operator' retrieved from /home/snigdh/repos/bigData/spark_demo_env/lib/python3.12/site-packages/airflow/example_dags/example_short_circuit_operator.py
[2026-07-18T21:56:10.537+0545] {logging_mixin.py:188} INFO - [2026-07-18T21:56:10.536+0545] {dag.py:3089} INFO - Sync 1 DAGs
[2026-07-18T21:56:10.562+0545] {logging_mixin.py:188} INFO - [2026-07-18T21:56:10.562+0545] {dag.py:3947} INFO - Setting next_dagrun for example_short_circuit_operator to 2026-07-17 00:00:00+00:00, run_after=2026-07-18 00:00:00+00:00
[2026-07-18T21:56:10.586+0545] {processor.py:183} INFO - Processing /home/snigdh/repos/bigData/spark_demo_env/lib/python3.12/site-packages/airflow/example_dags/example_short_circuit_operator.py took 0.098 seconds
[2026-07-18T21:56:53.498+0545] {processor.py:161} INFO - Started process (PID=277748) to work on /home/snigdh/repos/bigData/spark_demo_env/lib/python3.12/site-packages/airflow/example_dags/example_short_circuit_operator.py
[2026-07-18T21:56:53.502+0545] {processor.py:830} INFO - Processing file /home/snigdh/repos/bigData/spark_demo_env/lib/python3.12/site-packages/airflow/example_dags/example_short_circuit_operator.py for tasks to queue
[2026-07-18T21:56:53.503+0545] {logging_mixin.py:188} INFO - [2026-07-18T21:56:53.503+0545] {dagbag.py:545} INFO - Filling up the DagBag from /home/snigdh/repos/bigData/spark_demo_env/lib/python3.12/site-packages/airflow/example_dags/example_short_circuit_operator.py
[2026-07-18T21:56:53.512+0545] {processor.py:840} INFO - DAG(s) 'example_short_circuit_operator' retrieved from /home/snigdh/repos/bigData/spark_demo_env/lib/python3.12/site-packages/airflow/example_dags/example_short_circuit_operator.py
[2026-07-18T21:56:53.540+0545] {logging_mixin.py:188} INFO - [2026-07-18T21:56:53.539+0545] {dag.py:3089} INFO - Sync 1 DAGs
[2026-07-18T21:56:53.556+0545] {logging_mixin.py:188} INFO - [2026-07-18T21:56:53.556+0545] {dag.py:3947} INFO - Setting next_dagrun for example_short_circuit_operator to 2026-07-17 00:00:00+00:00, run_after=2026-07-18 00:00:00+00:00
[2026-07-18T21:56:53.579+0545] {processor.py:183} INFO - Processing /home/snigdh/repos/bigData/spark_demo_env/lib/python3.12/site-packages/airflow/example_dags/example_short_circuit_operator.py took 0.091 seconds
[2026-07-18T21:57:38.649+0545] {processor.py:161} INFO - Started process (PID=278211) to work on /home/snigdh/repos/bigData/spark_demo_env/lib/python3.12/site-packages/airflow/example_dags/example_short_circuit_operator.py
[2026-07-18T21:57:38.653+0545] {processor.py:830} INFO - Processing file /home/snigdh/repos/bigData/spark_demo_env/lib/python3.12/site-packages/airflow/example_dags/example_short_circuit_operator.py for tasks to queue
[2026-07-18T21:57:38.654+0545] {logging_mixin.py:188} INFO - [2026-07-18T21:57:38.654+0545] {dagbag.py:545} INFO - Filling up the DagBag from /home/snigdh/repos/bigData/spark_demo_env/lib/python3.12/site-packages/airflow/example_dags/example_short_circuit_operator.py
[2026-07-18T21:57:38.662+0545] {processor.py:840} INFO - DAG(s) 'example_short_circuit_operator' retrieved from /home/snigdh/repos/bigData/spark_demo_env/lib/python3.12/site-packages/airflow/example_dags/example_short_circuit_operator.py
[2026-07-18T21:57:38.690+0545] {logging_mixin.py:188} INFO - [2026-07-18T21:57:38.690+0545] {dag.py:3089} INFO - Sync 1 DAGs
[2026-07-18T21:57:38.709+0545] {logging_mixin.py:188} INFO - [2026-07-18T21:57:38.708+0545] {dag.py:3947} INFO - Setting next_dagrun for example_short_circuit_operator to 2026-07-17 00:00:00+00:00, run_after=2026-07-18 00:00:00+00:00
[2026-07-18T21:57:38.730+0545] {processor.py:183} INFO - Processing /home/snigdh/repos/bigData/spark_demo_env/lib/python3.12/site-packages/airflow/example_dags/example_short_circuit_operator.py took 0.088 seconds
[2026-07-18T21:58:24.207+0545] {processor.py:161} INFO - Started process (PID=278613) to work on /home/snigdh/repos/bigData/spark_demo_env/lib/python3.12/site-packages/airflow/example_dags/example_short_circuit_operator.py
[2026-07-18T21:58:24.210+0545] {processor.py:830} INFO - Processing file /home/snigdh/repos/bigData/spark_demo_env/lib/python3.12/site-packages/airflow/example_dags/example_short_circuit_operator.py for tasks to queue
[2026-07-18T21:58:24.211+0545] {logging_mixin.py:188} INFO - [2026-07-18T21:58:24.211+0545] {dagbag.py:545} INFO - Filling up the DagBag from /home/snigdh/repos/bigData/spark_demo_env/lib/python3.12/site-packages/airflow/example_dags/example_short_circuit_operator.py
[2026-07-18T21:58:24.219+0545] {processor.py:840} INFO - DAG(s) 'example_short_circuit_operator' retrieved from /home/snigdh/repos/bigData/spark_demo_env/lib/python3.12/site-packages/airflow/example_dags/example_short_circuit_operator.py
[2026-07-18T21:58:24.245+0545] {logging_mixin.py:188} INFO - [2026-07-18T21:58:24.244+0545] {dag.py:3089} INFO - Sync 1 DAGs
[2026-07-18T21:58:24.260+0545] {logging_mixin.py:188} INFO - [2026-07-18T21:58:24.260+0545] {dag.py:3947} INFO - Setting next_dagrun for example_short_circuit_operator to 2026-07-17 00:00:00+00:00, run_after=2026-07-18 00:00:00+00:00
[2026-07-18T21:58:24.283+0545] {processor.py:183} INFO - Processing /home/snigdh/repos/bigData/spark_demo_env/lib/python3.12/site-packages/airflow/example_dags/example_short_circuit_operator.py took 0.084 seconds
[2026-07-18T21:59:10.229+0545] {processor.py:161} INFO - Started process (PID=279084) to work on /home/snigdh/repos/bigData/spark_demo_env/lib/python3.12/site-packages/airflow/example_dags/example_short_circuit_operator.py
[2026-07-18T21:59:10.233+0545] {processor.py:830} INFO - Processing file /home/snigdh/repos/bigData/spark_demo_env/lib/python3.12/site-packages/airflow/example_dags/example_short_circuit_operator.py for tasks to queue
[2026-07-18T21:59:10.235+0545] {logging_mixin.py:188} INFO - [2026-07-18T21:59:10.234+0545] {dagbag.py:545} INFO - Filling up the DagBag from /home/snigdh/repos/bigData/spark_demo_env/lib/python3.12/site-packages/airflow/example_dags/example_short_circuit_operator.py
[2026-07-18T21:59:10.244+0545] {processor.py:840} INFO - DAG(s) 'example_short_circuit_operator' retrieved from /home/snigdh/repos/bigData/spark_demo_env/lib/python3.12/site-packages/airflow/example_dags/example_short_circuit_operator.py
[2026-07-18T21:59:10.272+0545] {logging_mixin.py:188} INFO - [2026-07-18T21:59:10.272+0545] {dag.py:3089} INFO - Sync 1 DAGs
[2026-07-18T21:59:10.291+0545] {logging_mixin.py:188} INFO - [2026-07-18T21:59:10.291+0545] {dag.py:3947} INFO - Setting next_dagrun for example_short_circuit_operator to 2026-07-17 00:00:00+00:00, run_after=2026-07-18 00:00:00+00:00
[2026-07-18T21:59:10.320+0545] {processor.py:183} INFO - Processing /home/snigdh/repos/bigData/spark_demo_env/lib/python3.12/site-packages/airflow/example_dags/example_short_circuit_operator.py took 0.100 seconds
[2026-07-18T21:59:57.471+0545] {processor.py:161} INFO - Started process (PID=279477) to work on /home/snigdh/repos/bigData/spark_demo_env/lib/python3.12/site-packages/airflow/example_dags/example_short_circuit_operator.py
[2026-07-18T21:59:57.475+0545] {processor.py:830} INFO - Processing file /home/snigdh/repos/bigData/spark_demo_env/lib/python3.12/site-packages/airflow/example_dags/example_short_circuit_operator.py for tasks to queue
[2026-07-18T21:59:57.476+0545] {logging_mixin.py:188} INFO - [2026-07-18T21:59:57.476+0545] {dagbag.py:545} INFO - Filling up the DagBag from /home/snigdh/repos/bigData/spark_demo_env/lib/python3.12/site-packages/airflow/example_dags/example_short_circuit_operator.py
[2026-07-18T21:59:57.485+0545] {processor.py:840} INFO - DAG(s) 'example_short_circuit_operator' retrieved from /home/snigdh/repos/bigData/spark_demo_env/lib/python3.12/site-packages/airflow/example_dags/example_short_circuit_operator.py
[2026-07-18T21:59:57.513+0545] {logging_mixin.py:188} INFO - [2026-07-18T21:59:57.513+0545] {dag.py:3089} INFO - Sync 1 DAGs
[2026-07-18T21:59:57.532+0545] {logging_mixin.py:188} INFO - [2026-07-18T21:59:57.531+0545] {dag.py:3947} INFO - Setting next_dagrun for example_short_circuit_operator to 2026-07-17 00:00:00+00:00, run_after=2026-07-18 00:00:00+00:00
[2026-07-18T21:59:57.553+0545] {processor.py:183} INFO - Processing /home/snigdh/repos/bigData/spark_demo_env/lib/python3.12/site-packages/airflow/example_dags/example_short_circuit_operator.py took 0.091 seconds
[2026-07-18T22:00:44.437+0545] {processor.py:161} INFO - Started process (PID=279948) to work on /home/snigdh/repos/bigData/spark_demo_env/lib/python3.12/site-packages/airflow/example_dags/example_short_circuit_operator.py
[2026-07-18T22:00:44.441+0545] {processor.py:830} INFO - Processing file /home/snigdh/repos/bigData/spark_demo_env/lib/python3.12/site-packages/airflow/example_dags/example_short_circuit_operator.py for tasks to queue
[2026-07-18T22:00:44.442+0545] {logging_mixin.py:188} INFO - [2026-07-18T22:00:44.441+0545] {dagbag.py:545} INFO - Filling up the DagBag from /home/snigdh/repos/bigData/spark_demo_env/lib/python3.12/site-packages/airflow/example_dags/example_short_circuit_operator.py
[2026-07-18T22:00:44.450+0545] {processor.py:840} INFO - DAG(s) 'example_short_circuit_operator' retrieved from /home/snigdh/repos/bigData/spark_demo_env/lib/python3.12/site-packages/airflow/example_dags/example_short_circuit_operator.py
[2026-07-18T22:00:44.477+0545] {logging_mixin.py:188} INFO - [2026-07-18T22:00:44.477+0545] {dag.py:3089} INFO - Sync 1 DAGs
[2026-07-18T22:00:44.496+0545] {logging_mixin.py:188} INFO - [2026-07-18T22:00:44.495+0545] {dag.py:3947} INFO - Setting next_dagrun for example_short_circuit_operator to 2026-07-17 00:00:00+00:00, run_after=2026-07-18 00:00:00+00:00
[2026-07-18T22:00:44.521+0545] {processor.py:183} INFO - Processing /home/snigdh/repos/bigData/spark_demo_env/lib/python3.12/site-packages/airflow/example_dags/example_short_circuit_operator.py took 0.093 seconds
[2026-07-18T22:01:31.061+0545] {processor.py:161} INFO - Started process (PID=280378) to work on /home/snigdh/repos/bigData/spark_demo_env/lib/python3.12/site-packages/airflow/example_dags/example_short_circuit_operator.py
[2026-07-18T22:01:31.065+0545] {processor.py:830} INFO - Processing file /home/snigdh/repos/bigData/spark_demo_env/lib/python3.12/site-packages/airflow/example_dags/example_short_circuit_operator.py for tasks to queue
[2026-07-18T22:01:31.066+0545] {logging_mixin.py:188} INFO - [2026-07-18T22:01:31.066+0545] {dagbag.py:545} INFO - Filling up the DagBag from /home/snigdh/repos/bigData/spark_demo_env/lib/python3.12/site-packages/airflow/example_dags/example_short_circuit_operator.py
[2026-07-18T22:01:31.076+0545] {processor.py:840} INFO - DAG(s) 'example_short_circuit_operator' retrieved from /home/snigdh/repos/bigData/spark_demo_env/lib/python3.12/site-packages/airflow/example_dags/example_short_circuit_operator.py
[2026-07-18T22:01:31.097+0545] {logging_mixin.py:188} INFO - [2026-07-18T22:01:31.097+0545] {dag.py:3089} INFO - Sync 1 DAGs
[2026-07-18T22:01:31.115+0545] {logging_mixin.py:188} INFO - [2026-07-18T22:01:31.114+0545] {dag.py:3947} INFO - Setting next_dagrun for example_short_circuit_operator to 2026-07-17 00:00:00+00:00, run_after=2026-07-18 00:00:00+00:00
[2026-07-18T22:01:31.137+0545] {processor.py:183} INFO - Processing /home/snigdh/repos/bigData/spark_demo_env/lib/python3.12/site-packages/airflow/example_dags/example_short_circuit_operator.py took 0.084 seconds
[2026-07-18T22:02:14.477+0545] {processor.py:161} INFO - Started process (PID=280784) to work on /home/snigdh/repos/bigData/spark_demo_env/lib/python3.12/site-packages/airflow/example_dags/example_short_circuit_operator.py
[2026-07-18T22:02:14.479+0545] {processor.py:830} INFO - Processing file /home/snigdh/repos/bigData/spark_demo_env/lib/python3.12/site-packages/airflow/example_dags/example_short_circuit_operator.py for tasks to queue
[2026-07-18T22:02:14.481+0545] {logging_mixin.py:188} INFO - [2026-07-18T22:02:14.479+0545] {dagbag.py:545} INFO - Filling up the DagBag from /home/snigdh/repos/bigData/spark_demo_env/lib/python3.12/site-packages/airflow/example_dags/example_short_circuit_operator.py
[2026-07-18T22:02:14.490+0545] {processor.py:840} INFO - DAG(s) 'example_short_circuit_operator' retrieved from /home/snigdh/repos/bigData/spark_demo_env/lib/python3.12/site-packages/airflow/example_dags/example_short_circuit_operator.py
[2026-07-18T22:02:14.518+0545] {logging_mixin.py:188} INFO - [2026-07-18T22:02:14.518+0545] {dag.py:3089} INFO - Sync 1 DAGs
[2026-07-18T22:02:14.539+0545] {logging_mixin.py:188} INFO - [2026-07-18T22:02:14.539+0545] {dag.py:3947} INFO - Setting next_dagrun for example_short_circuit_operator to 2026-07-17 00:00:00+00:00, run_after=2026-07-18 00:00:00+00:00
[2026-07-18T22:02:14.566+0545] {processor.py:183} INFO - Processing /home/snigdh/repos/bigData/spark_demo_env/lib/python3.12/site-packages/airflow/example_dags/example_short_circuit_operator.py took 0.097 seconds
