[2026-07-18T21:38:41.730+0545] {processor.py:161} INFO - Started process (PID=262504) to work on /home/snigdh/repos/bigData/spark_demo_env/lib/python3.12/site-packages/airflow/example_dags/example_display_name.py
[2026-07-18T21:38:41.731+0545] {processor.py:830} INFO - Processing file /home/snigdh/repos/bigData/spark_demo_env/lib/python3.12/site-packages/airflow/example_dags/example_display_name.py for tasks to queue
[2026-07-18T21:38:41.734+0545] {logging_mixin.py:188} INFO - [2026-07-18T21:38:41.733+0545] {dagbag.py:545} INFO - Filling up the DagBag from /home/snigdh/repos/bigData/spark_demo_env/lib/python3.12/site-packages/airflow/example_dags/example_display_name.py
[2026-07-18T21:38:41.743+0545] {processor.py:840} INFO - DAG(s) 'example_display_name' retrieved from /home/snigdh/repos/bigData/spark_demo_env/lib/python3.12/site-packages/airflow/example_dags/example_display_name.py
[2026-07-18T21:38:41.856+0545] {logging_mixin.py:188} INFO - [2026-07-18T21:38:41.855+0545] {override.py:1858} INFO - Created Permission View: can delete on DAG:example_display_name
[2026-07-18T21:38:41.868+0545] {logging_mixin.py:188} INFO - [2026-07-18T21:38:41.867+0545] {override.py:1858} INFO - Created Permission View: can read on DAG:example_display_name
[2026-07-18T21:38:41.876+0545] {logging_mixin.py:188} INFO - [2026-07-18T21:38:41.876+0545] {override.py:1858} INFO - Created Permission View: can edit on DAG:example_display_name
[2026-07-18T21:38:41.876+0545] {logging_mixin.py:188} INFO - [2026-07-18T21:38:41.876+0545] {dag.py:3089} INFO - Sync 1 DAGs
[2026-07-18T21:38:41.886+0545] {logging_mixin.py:188} INFO - [2026-07-18T21:38:41.886+0545] {dag.py:3111} INFO - Creating ORM DAG for example_display_name
[2026-07-18T21:38:41.887+0545] {logging_mixin.py:188} INFO - [2026-07-18T21:38:41.887+0545] {dag.py:3947} INFO - Setting next_dagrun for example_display_name to None, run_after=None
[2026-07-18T21:38:41.907+0545] {processor.py:183} INFO - Processing /home/snigdh/repos/bigData/spark_demo_env/lib/python3.12/site-packages/airflow/example_dags/example_display_name.py took 0.186 seconds
[2026-07-18T21:39:40.115+0545] {processor.py:161} INFO - Started process (PID=262813) to work on /home/snigdh/repos/bigData/spark_demo_env/lib/python3.12/site-packages/airflow/example_dags/example_display_name.py
[2026-07-18T21:39:40.119+0545] {processor.py:830} INFO - Processing file /home/snigdh/repos/bigData/spark_demo_env/lib/python3.12/site-packages/airflow/example_dags/example_display_name.py for tasks to queue
[2026-07-18T21:39:40.122+0545] {logging_mixin.py:188} INFO - [2026-07-18T21:39:40.121+0545] {dagbag.py:545} INFO - Filling up the DagBag from /home/snigdh/repos/bigData/spark_demo_env/lib/python3.12/site-packages/airflow/example_dags/example_display_name.py
[2026-07-18T21:39:40.131+0545] {processor.py:840} INFO - DAG(s) 'example_display_name' retrieved from /home/snigdh/repos/bigData/spark_demo_env/lib/python3.12/site-packages/airflow/example_dags/example_display_name.py
[2026-07-18T21:39:40.158+0545] {logging_mixin.py:188} INFO - [2026-07-18T21:39:40.158+0545] {dag.py:3089} INFO - Sync 1 DAGs
[2026-07-18T21:39:40.174+0545] {logging_mixin.py:188} INFO - [2026-07-18T21:39:40.174+0545] {dag.py:3947} INFO - Setting next_dagrun for example_display_name to None, run_after=None
[2026-07-18T21:39:40.200+0545] {processor.py:183} INFO - Processing /home/snigdh/repos/bigData/spark_demo_env/lib/python3.12/site-packages/airflow/example_dags/example_display_name.py took 0.094 seconds
[2026-07-18T21:46:54.773+0545] {processor.py:161} INFO - Started process (PID=269996) to work on /home/snigdh/repos/bigData/spark_demo_env/lib/python3.12/site-packages/airflow/example_dags/example_display_name.py
[2026-07-18T21:46:54.777+0545] {processor.py:830} INFO - Processing file /home/snigdh/repos/bigData/spark_demo_env/lib/python3.12/site-packages/airflow/example_dags/example_display_name.py for tasks to queue
[2026-07-18T21:46:54.779+0545] {logging_mixin.py:188} INFO - [2026-07-18T21:46:54.778+0545] {dagbag.py:545} INFO - Filling up the DagBag from /home/snigdh/repos/bigData/spark_demo_env/lib/python3.12/site-packages/airflow/example_dags/example_display_name.py
[2026-07-18T21:46:54.788+0545] {processor.py:840} INFO - DAG(s) 'example_display_name' retrieved from /home/snigdh/repos/bigData/spark_demo_env/lib/python3.12/site-packages/airflow/example_dags/example_display_name.py
[2026-07-18T21:46:54.949+0545] {logging_mixin.py:188} INFO - [2026-07-18T21:46:54.948+0545] {dag.py:3089} INFO - Sync 1 DAGs
[2026-07-18T21:46:54.963+0545] {logging_mixin.py:188} INFO - [2026-07-18T21:46:54.963+0545] {dag.py:3947} INFO - Setting next_dagrun for example_display_name to None, run_after=None
[2026-07-18T21:46:55.151+0545] {processor.py:183} INFO - Processing /home/snigdh/repos/bigData/spark_demo_env/lib/python3.12/site-packages/airflow/example_dags/example_display_name.py took 0.386 seconds
[2026-07-18T21:47:52.096+0545] {processor.py:161} INFO - Started process (PID=270656) to work on /home/snigdh/repos/bigData/spark_demo_env/lib/python3.12/site-packages/airflow/example_dags/example_display_name.py
[2026-07-18T21:47:52.099+0545] {processor.py:830} INFO - Processing file /home/snigdh/repos/bigData/spark_demo_env/lib/python3.12/site-packages/airflow/example_dags/example_display_name.py for tasks to queue
[2026-07-18T21:47:52.101+0545] {logging_mixin.py:188} INFO - [2026-07-18T21:47:52.100+0545] {dagbag.py:545} INFO - Filling up the DagBag from /home/snigdh/repos/bigData/spark_demo_env/lib/python3.12/site-packages/airflow/example_dags/example_display_name.py
[2026-07-18T21:47:52.107+0545] {processor.py:840} INFO - DAG(s) 'example_display_name' retrieved from /home/snigdh/repos/bigData/spark_demo_env/lib/python3.12/site-packages/airflow/example_dags/example_display_name.py
[2026-07-18T21:47:52.129+0545] {logging_mixin.py:188} INFO - [2026-07-18T21:47:52.128+0545] {dag.py:3089} INFO - Sync 1 DAGs
[2026-07-18T21:47:52.142+0545] {logging_mixin.py:188} INFO - [2026-07-18T21:47:52.142+0545] {dag.py:3947} INFO - Setting next_dagrun for example_display_name to None, run_after=None
[2026-07-18T21:47:52.161+0545] {processor.py:183} INFO - Processing /home/snigdh/repos/bigData/spark_demo_env/lib/python3.12/site-packages/airflow/example_dags/example_display_name.py took 0.072 seconds
[2026-07-18T21:48:43.652+0545] {processor.py:161} INFO - Started process (PID=271647) to work on /home/snigdh/repos/bigData/spark_demo_env/lib/python3.12/site-packages/airflow/example_dags/example_display_name.py
[2026-07-18T21:48:43.654+0545] {processor.py:830} INFO - Processing file /home/snigdh/repos/bigData/spark_demo_env/lib/python3.12/site-packages/airflow/example_dags/example_display_name.py for tasks to queue
[2026-07-18T21:48:43.655+0545] {logging_mixin.py:188} INFO - [2026-07-18T21:48:43.654+0545] {dagbag.py:545} INFO - Filling up the DagBag from /home/snigdh/repos/bigData/spark_demo_env/lib/python3.12/site-packages/airflow/example_dags/example_display_name.py
[2026-07-18T21:48:43.663+0545] {processor.py:840} INFO - DAG(s) 'example_display_name' retrieved from /home/snigdh/repos/bigData/spark_demo_env/lib/python3.12/site-packages/airflow/example_dags/example_display_name.py
[2026-07-18T21:48:43.685+0545] {logging_mixin.py:188} INFO - [2026-07-18T21:48:43.685+0545] {dag.py:3089} INFO - Sync 1 DAGs
[2026-07-18T21:48:43.696+0545] {logging_mixin.py:188} INFO - [2026-07-18T21:48:43.696+0545] {dag.py:3947} INFO - Setting next_dagrun for example_display_name to None, run_after=None
[2026-07-18T21:48:43.718+0545] {processor.py:183} INFO - Processing /home/snigdh/repos/bigData/spark_demo_env/lib/python3.12/site-packages/airflow/example_dags/example_display_name.py took 0.074 seconds
[2026-07-18T21:49:40.854+0545] {processor.py:161} INFO - Started process (PID=272246) to work on /home/snigdh/repos/bigData/spark_demo_env/lib/python3.12/site-packages/airflow/example_dags/example_display_name.py
[2026-07-18T21:49:40.858+0545] {processor.py:830} INFO - Processing file /home/snigdh/repos/bigData/spark_demo_env/lib/python3.12/site-packages/airflow/example_dags/example_display_name.py for tasks to queue
[2026-07-18T21:49:40.859+0545] {logging_mixin.py:188} INFO - [2026-07-18T21:49:40.859+0545] {dagbag.py:545} INFO - Filling up the DagBag from /home/snigdh/repos/bigData/spark_demo_env/lib/python3.12/site-packages/airflow/example_dags/example_display_name.py
[2026-07-18T21:49:40.867+0545] {processor.py:840} INFO - DAG(s) 'example_display_name' retrieved from /home/snigdh/repos/bigData/spark_demo_env/lib/python3.12/site-packages/airflow/example_dags/example_display_name.py
[2026-07-18T21:49:40.895+0545] {logging_mixin.py:188} INFO - [2026-07-18T21:49:40.895+0545] {dag.py:3089} INFO - Sync 1 DAGs
[2026-07-18T21:49:40.910+0545] {logging_mixin.py:188} INFO - [2026-07-18T21:49:40.909+0545] {dag.py:3947} INFO - Setting next_dagrun for example_display_name to None, run_after=None
[2026-07-18T21:49:40.935+0545] {processor.py:183} INFO - Processing /home/snigdh/repos/bigData/spark_demo_env/lib/python3.12/site-packages/airflow/example_dags/example_display_name.py took 0.090 seconds
[2026-07-18T21:50:46.021+0545] {processor.py:161} INFO - Started process (PID=273112) to work on /home/snigdh/repos/bigData/spark_demo_env/lib/python3.12/site-packages/airflow/example_dags/example_display_name.py
[2026-07-18T21:50:46.024+0545] {processor.py:830} INFO - Processing file /home/snigdh/repos/bigData/spark_demo_env/lib/python3.12/site-packages/airflow/example_dags/example_display_name.py for tasks to queue
[2026-07-18T21:50:46.025+0545] {logging_mixin.py:188} INFO - [2026-07-18T21:50:46.025+0545] {dagbag.py:545} INFO - Filling up the DagBag from /home/snigdh/repos/bigData/spark_demo_env/lib/python3.12/site-packages/airflow/example_dags/example_display_name.py
[2026-07-18T21:50:46.031+0545] {processor.py:840} INFO - DAG(s) 'example_display_name' retrieved from /home/snigdh/repos/bigData/spark_demo_env/lib/python3.12/site-packages/airflow/example_dags/example_display_name.py
[2026-07-18T21:50:46.047+0545] {logging_mixin.py:188} INFO - [2026-07-18T21:50:46.047+0545] {dag.py:3089} INFO - Sync 1 DAGs
[2026-07-18T21:50:46.058+0545] {logging_mixin.py:188} INFO - [2026-07-18T21:50:46.058+0545] {dag.py:3947} INFO - Setting next_dagrun for example_display_name to None, run_after=None
[2026-07-18T21:50:46.084+0545] {processor.py:183} INFO - Processing /home/snigdh/repos/bigData/spark_demo_env/lib/python3.12/site-packages/airflow/example_dags/example_display_name.py took 0.070 seconds
[2026-07-18T21:51:38.956+0545] {processor.py:161} INFO - Started process (PID=273845) to work on /home/snigdh/repos/bigData/spark_demo_env/lib/python3.12/site-packages/airflow/example_dags/example_display_name.py
[2026-07-18T21:51:38.959+0545] {processor.py:830} INFO - Processing file /home/snigdh/repos/bigData/spark_demo_env/lib/python3.12/site-packages/airflow/example_dags/example_display_name.py for tasks to queue
[2026-07-18T21:51:38.960+0545] {logging_mixin.py:188} INFO - [2026-07-18T21:51:38.960+0545] {dagbag.py:545} INFO - Filling up the DagBag from /home/snigdh/repos/bigData/spark_demo_env/lib/python3.12/site-packages/airflow/example_dags/example_display_name.py
[2026-07-18T21:51:38.967+0545] {processor.py:840} INFO - DAG(s) 'example_display_name' retrieved from /home/snigdh/repos/bigData/spark_demo_env/lib/python3.12/site-packages/airflow/example_dags/example_display_name.py
[2026-07-18T21:51:38.984+0545] {logging_mixin.py:188} INFO - [2026-07-18T21:51:38.984+0545] {dag.py:3089} INFO - Sync 1 DAGs
[2026-07-18T21:51:38.997+0545] {logging_mixin.py:188} INFO - [2026-07-18T21:51:38.997+0545] {dag.py:3947} INFO - Setting next_dagrun for example_display_name to None, run_after=None
[2026-07-18T21:51:39.021+0545] {processor.py:183} INFO - Processing /home/snigdh/repos/bigData/spark_demo_env/lib/python3.12/site-packages/airflow/example_dags/example_display_name.py took 0.074 seconds
[2026-07-18T21:52:45.381+0545] {processor.py:161} INFO - Started process (PID=274678) to work on /home/snigdh/repos/bigData/spark_demo_env/lib/python3.12/site-packages/airflow/example_dags/example_display_name.py
[2026-07-18T21:52:45.385+0545] {processor.py:830} INFO - Processing file /home/snigdh/repos/bigData/spark_demo_env/lib/python3.12/site-packages/airflow/example_dags/example_display_name.py for tasks to queue
[2026-07-18T21:52:45.387+0545] {logging_mixin.py:188} INFO - [2026-07-18T21:52:45.386+0545] {dagbag.py:545} INFO - Filling up the DagBag from /home/snigdh/repos/bigData/spark_demo_env/lib/python3.12/site-packages/airflow/example_dags/example_display_name.py
[2026-07-18T21:52:45.394+0545] {processor.py:840} INFO - DAG(s) 'example_display_name' retrieved from /home/snigdh/repos/bigData/spark_demo_env/lib/python3.12/site-packages/airflow/example_dags/example_display_name.py
[2026-07-18T21:52:45.416+0545] {logging_mixin.py:188} INFO - [2026-07-18T21:52:45.416+0545] {dag.py:3089} INFO - Sync 1 DAGs
[2026-07-18T21:52:45.428+0545] {logging_mixin.py:188} INFO - [2026-07-18T21:52:45.427+0545] {dag.py:3947} INFO - Setting next_dagrun for example_display_name to None, run_after=None
[2026-07-18T21:52:45.455+0545] {processor.py:183} INFO - Processing /home/snigdh/repos/bigData/spark_demo_env/lib/python3.12/site-packages/airflow/example_dags/example_display_name.py took 0.083 seconds
[2026-07-18T21:53:56.574+0545] {processor.py:161} INFO - Started process (PID=275681) to work on /home/snigdh/repos/bigData/spark_demo_env/lib/python3.12/site-packages/airflow/example_dags/example_display_name.py
[2026-07-18T21:53:56.578+0545] {processor.py:830} INFO - Processing file /home/snigdh/repos/bigData/spark_demo_env/lib/python3.12/site-packages/airflow/example_dags/example_display_name.py for tasks to queue
[2026-07-18T21:53:56.580+0545] {logging_mixin.py:188} INFO - [2026-07-18T21:53:56.579+0545] {dagbag.py:545} INFO - Filling up the DagBag from /home/snigdh/repos/bigData/spark_demo_env/lib/python3.12/site-packages/airflow/example_dags/example_display_name.py
[2026-07-18T21:53:56.588+0545] {processor.py:840} INFO - DAG(s) 'example_display_name' retrieved from /home/snigdh/repos/bigData/spark_demo_env/lib/python3.12/site-packages/airflow/example_dags/example_display_name.py
[2026-07-18T21:53:56.610+0545] {logging_mixin.py:188} INFO - [2026-07-18T21:53:56.610+0545] {dag.py:3089} INFO - Sync 1 DAGs
[2026-07-18T21:53:56.627+0545] {logging_mixin.py:188} INFO - [2026-07-18T21:53:56.626+0545] {dag.py:3947} INFO - Setting next_dagrun for example_display_name to None, run_after=None
[2026-07-18T21:53:56.658+0545] {processor.py:183} INFO - Processing /home/snigdh/repos/bigData/spark_demo_env/lib/python3.12/site-packages/airflow/example_dags/example_display_name.py took 0.093 seconds
[2026-07-18T21:54:46.566+0545] {processor.py:161} INFO - Started process (PID=276513) to work on /home/snigdh/repos/bigData/spark_demo_env/lib/python3.12/site-packages/airflow/example_dags/example_display_name.py
[2026-07-18T21:54:46.567+0545] {processor.py:830} INFO - Processing file /home/snigdh/repos/bigData/spark_demo_env/lib/python3.12/site-packages/airflow/example_dags/example_display_name.py for tasks to queue
[2026-07-18T21:54:46.568+0545] {logging_mixin.py:188} INFO - [2026-07-18T21:54:46.568+0545] {dagbag.py:545} INFO - Filling up the DagBag from /home/snigdh/repos/bigData/spark_demo_env/lib/python3.12/site-packages/airflow/example_dags/example_display_name.py
[2026-07-18T21:54:46.575+0545] {processor.py:840} INFO - DAG(s) 'example_display_name' retrieved from /home/snigdh/repos/bigData/spark_demo_env/lib/python3.12/site-packages/airflow/example_dags/example_display_name.py
[2026-07-18T21:54:46.600+0545] {logging_mixin.py:188} INFO - [2026-07-18T21:54:46.599+0545] {dag.py:3089} INFO - Sync 1 DAGs
[2026-07-18T21:54:46.614+0545] {logging_mixin.py:188} INFO - [2026-07-18T21:54:46.613+0545] {dag.py:3947} INFO - Setting next_dagrun for example_display_name to None, run_after=None
[2026-07-18T21:54:46.647+0545] {processor.py:183} INFO - Processing /home/snigdh/repos/bigData/spark_demo_env/lib/python3.12/site-packages/airflow/example_dags/example_display_name.py took 0.089 seconds
[2026-07-18T21:55:53.932+0545] {processor.py:161} INFO - Started process (PID=277166) to work on /home/snigdh/repos/bigData/spark_demo_env/lib/python3.12/site-packages/airflow/example_dags/example_display_name.py
[2026-07-18T21:55:53.936+0545] {processor.py:830} INFO - Processing file /home/snigdh/repos/bigData/spark_demo_env/lib/python3.12/site-packages/airflow/example_dags/example_display_name.py for tasks to queue
[2026-07-18T21:55:53.937+0545] {logging_mixin.py:188} INFO - [2026-07-18T21:55:53.937+0545] {dagbag.py:545} INFO - Filling up the DagBag from /home/snigdh/repos/bigData/spark_demo_env/lib/python3.12/site-packages/airflow/example_dags/example_display_name.py
[2026-07-18T21:55:53.945+0545] {processor.py:840} INFO - DAG(s) 'example_display_name' retrieved from /home/snigdh/repos/bigData/spark_demo_env/lib/python3.12/site-packages/airflow/example_dags/example_display_name.py
[2026-07-18T21:55:53.971+0545] {logging_mixin.py:188} INFO - [2026-07-18T21:55:53.971+0545] {dag.py:3089} INFO - Sync 1 DAGs
[2026-07-18T21:55:53.986+0545] {logging_mixin.py:188} INFO - [2026-07-18T21:55:53.985+0545] {dag.py:3947} INFO - Setting next_dagrun for example_display_name to None, run_after=None
[2026-07-18T21:55:54.012+0545] {processor.py:183} INFO - Processing /home/snigdh/repos/bigData/spark_demo_env/lib/python3.12/site-packages/airflow/example_dags/example_display_name.py took 0.089 seconds
[2026-07-18T21:56:58.778+0545] {processor.py:161} INFO - Started process (PID=277783) to work on /home/snigdh/repos/bigData/spark_demo_env/lib/python3.12/site-packages/airflow/example_dags/example_display_name.py
[2026-07-18T21:56:58.779+0545] {processor.py:830} INFO - Processing file /home/snigdh/repos/bigData/spark_demo_env/lib/python3.12/site-packages/airflow/example_dags/example_display_name.py for tasks to queue
[2026-07-18T21:56:58.781+0545] {logging_mixin.py:188} INFO - [2026-07-18T21:56:58.781+0545] {dagbag.py:545} INFO - Filling up the DagBag from /home/snigdh/repos/bigData/spark_demo_env/lib/python3.12/site-packages/airflow/example_dags/example_display_name.py
[2026-07-18T21:56:58.787+0545] {processor.py:840} INFO - DAG(s) 'example_display_name' retrieved from /home/snigdh/repos/bigData/spark_demo_env/lib/python3.12/site-packages/airflow/example_dags/example_display_name.py
[2026-07-18T21:56:58.804+0545] {logging_mixin.py:188} INFO - [2026-07-18T21:56:58.804+0545] {dag.py:3089} INFO - Sync 1 DAGs
[2026-07-18T21:56:58.816+0545] {logging_mixin.py:188} INFO - [2026-07-18T21:56:58.815+0545] {dag.py:3947} INFO - Setting next_dagrun for example_display_name to None, run_after=None
[2026-07-18T21:56:58.843+0545] {processor.py:183} INFO - Processing /home/snigdh/repos/bigData/spark_demo_env/lib/python3.12/site-packages/airflow/example_dags/example_display_name.py took 0.072 seconds
[2026-07-18T21:58:06.476+0545] {processor.py:161} INFO - Started process (PID=278486) to work on /home/snigdh/repos/bigData/spark_demo_env/lib/python3.12/site-packages/airflow/example_dags/example_display_name.py
[2026-07-18T21:58:06.480+0545] {processor.py:830} INFO - Processing file /home/snigdh/repos/bigData/spark_demo_env/lib/python3.12/site-packages/airflow/example_dags/example_display_name.py for tasks to queue
[2026-07-18T21:58:06.482+0545] {logging_mixin.py:188} INFO - [2026-07-18T21:58:06.481+0545] {dagbag.py:545} INFO - Filling up the DagBag from /home/snigdh/repos/bigData/spark_demo_env/lib/python3.12/site-packages/airflow/example_dags/example_display_name.py
[2026-07-18T21:58:06.490+0545] {processor.py:840} INFO - DAG(s) 'example_display_name' retrieved from /home/snigdh/repos/bigData/spark_demo_env/lib/python3.12/site-packages/airflow/example_dags/example_display_name.py
[2026-07-18T21:58:06.517+0545] {logging_mixin.py:188} INFO - [2026-07-18T21:58:06.516+0545] {dag.py:3089} INFO - Sync 1 DAGs
[2026-07-18T21:58:06.536+0545] {logging_mixin.py:188} INFO - [2026-07-18T21:58:06.536+0545] {dag.py:3947} INFO - Setting next_dagrun for example_display_name to None, run_after=None
[2026-07-18T21:58:06.571+0545] {processor.py:183} INFO - Processing /home/snigdh/repos/bigData/spark_demo_env/lib/python3.12/site-packages/airflow/example_dags/example_display_name.py took 0.104 seconds
[2026-07-18T21:59:15.784+0545] {processor.py:161} INFO - Started process (PID=279122) to work on /home/snigdh/repos/bigData/spark_demo_env/lib/python3.12/site-packages/airflow/example_dags/example_display_name.py
[2026-07-18T21:59:15.788+0545] {processor.py:830} INFO - Processing file /home/snigdh/repos/bigData/spark_demo_env/lib/python3.12/site-packages/airflow/example_dags/example_display_name.py for tasks to queue
[2026-07-18T21:59:15.789+0545] {logging_mixin.py:188} INFO - [2026-07-18T21:59:15.789+0545] {dagbag.py:545} INFO - Filling up the DagBag from /home/snigdh/repos/bigData/spark_demo_env/lib/python3.12/site-packages/airflow/example_dags/example_display_name.py
[2026-07-18T21:59:15.799+0545] {processor.py:840} INFO - DAG(s) 'example_display_name' retrieved from /home/snigdh/repos/bigData/spark_demo_env/lib/python3.12/site-packages/airflow/example_dags/example_display_name.py
[2026-07-18T21:59:15.820+0545] {logging_mixin.py:188} INFO - [2026-07-18T21:59:15.820+0545] {dag.py:3089} INFO - Sync 1 DAGs
[2026-07-18T21:59:15.835+0545] {logging_mixin.py:188} INFO - [2026-07-18T21:59:15.834+0545] {dag.py:3947} INFO - Setting next_dagrun for example_display_name to None, run_after=None
[2026-07-18T21:59:15.858+0545] {processor.py:183} INFO - Processing /home/snigdh/repos/bigData/spark_demo_env/lib/python3.12/site-packages/airflow/example_dags/example_display_name.py took 0.082 seconds
[2026-07-18T22:00:25.686+0545] {processor.py:161} INFO - Started process (PID=279744) to work on /home/snigdh/repos/bigData/spark_demo_env/lib/python3.12/site-packages/airflow/example_dags/example_display_name.py
[2026-07-18T22:00:25.689+0545] {processor.py:830} INFO - Processing file /home/snigdh/repos/bigData/spark_demo_env/lib/python3.12/site-packages/airflow/example_dags/example_display_name.py for tasks to queue
[2026-07-18T22:00:25.690+0545] {logging_mixin.py:188} INFO - [2026-07-18T22:00:25.690+0545] {dagbag.py:545} INFO - Filling up the DagBag from /home/snigdh/repos/bigData/spark_demo_env/lib/python3.12/site-packages/airflow/example_dags/example_display_name.py
[2026-07-18T22:00:25.698+0545] {processor.py:840} INFO - DAG(s) 'example_display_name' retrieved from /home/snigdh/repos/bigData/spark_demo_env/lib/python3.12/site-packages/airflow/example_dags/example_display_name.py
[2026-07-18T22:00:25.720+0545] {logging_mixin.py:188} INFO - [2026-07-18T22:00:25.719+0545] {dag.py:3089} INFO - Sync 1 DAGs
[2026-07-18T22:00:25.736+0545] {logging_mixin.py:188} INFO - [2026-07-18T22:00:25.735+0545] {dag.py:3947} INFO - Setting next_dagrun for example_display_name to None, run_after=None
[2026-07-18T22:00:25.763+0545] {processor.py:183} INFO - Processing /home/snigdh/repos/bigData/spark_demo_env/lib/python3.12/site-packages/airflow/example_dags/example_display_name.py took 0.085 seconds
[2026-07-18T22:01:33.746+0545] {processor.py:161} INFO - Started process (PID=280418) to work on /home/snigdh/repos/bigData/spark_demo_env/lib/python3.12/site-packages/airflow/example_dags/example_display_name.py
[2026-07-18T22:01:33.747+0545] {processor.py:830} INFO - Processing file /home/snigdh/repos/bigData/spark_demo_env/lib/python3.12/site-packages/airflow/example_dags/example_display_name.py for tasks to queue
[2026-07-18T22:01:33.749+0545] {logging_mixin.py:188} INFO - [2026-07-18T22:01:33.748+0545] {dagbag.py:545} INFO - Filling up the DagBag from /home/snigdh/repos/bigData/spark_demo_env/lib/python3.12/site-packages/airflow/example_dags/example_display_name.py
[2026-07-18T22:01:33.758+0545] {processor.py:840} INFO - DAG(s) 'example_display_name' retrieved from /home/snigdh/repos/bigData/spark_demo_env/lib/python3.12/site-packages/airflow/example_dags/example_display_name.py
[2026-07-18T22:01:33.782+0545] {logging_mixin.py:188} INFO - [2026-07-18T22:01:33.781+0545] {dag.py:3089} INFO - Sync 1 DAGs
[2026-07-18T22:01:33.794+0545] {logging_mixin.py:188} INFO - [2026-07-18T22:01:33.794+0545] {dag.py:3947} INFO - Setting next_dagrun for example_display_name to None, run_after=None
[2026-07-18T22:01:33.820+0545] {processor.py:183} INFO - Processing /home/snigdh/repos/bigData/spark_demo_env/lib/python3.12/site-packages/airflow/example_dags/example_display_name.py took 0.083 seconds
[2026-07-18T22:02:39.135+0545] {processor.py:161} INFO - Started process (PID=281061) to work on /home/snigdh/repos/bigData/spark_demo_env/lib/python3.12/site-packages/airflow/example_dags/example_display_name.py
[2026-07-18T22:02:39.139+0545] {processor.py:830} INFO - Processing file /home/snigdh/repos/bigData/spark_demo_env/lib/python3.12/site-packages/airflow/example_dags/example_display_name.py for tasks to queue
[2026-07-18T22:02:39.141+0545] {logging_mixin.py:188} INFO - [2026-07-18T22:02:39.140+0545] {dagbag.py:545} INFO - Filling up the DagBag from /home/snigdh/repos/bigData/spark_demo_env/lib/python3.12/site-packages/airflow/example_dags/example_display_name.py
[2026-07-18T22:02:39.148+0545] {processor.py:840} INFO - DAG(s) 'example_display_name' retrieved from /home/snigdh/repos/bigData/spark_demo_env/lib/python3.12/site-packages/airflow/example_dags/example_display_name.py
[2026-07-18T22:02:39.168+0545] {logging_mixin.py:188} INFO - [2026-07-18T22:02:39.168+0545] {dag.py:3089} INFO - Sync 1 DAGs
[2026-07-18T22:02:39.179+0545] {logging_mixin.py:188} INFO - [2026-07-18T22:02:39.179+0545] {dag.py:3947} INFO - Setting next_dagrun for example_display_name to None, run_after=None
[2026-07-18T22:02:39.205+0545] {processor.py:183} INFO - Processing /home/snigdh/repos/bigData/spark_demo_env/lib/python3.12/site-packages/airflow/example_dags/example_display_name.py took 0.078 seconds
