[2026-07-18T21:38:07.785+0545] {processor.py:161} INFO - Started process (PID=262352) to work on /home/snigdh/repos/bigData/spark_demo_env/lib/python3.12/site-packages/airflow/example_dags/tutorial_dag.py
[2026-07-18T21:38:07.786+0545] {processor.py:830} INFO - Processing file /home/snigdh/repos/bigData/spark_demo_env/lib/python3.12/site-packages/airflow/example_dags/tutorial_dag.py for tasks to queue
[2026-07-18T21:38:07.789+0545] {logging_mixin.py:188} INFO - [2026-07-18T21:38:07.788+0545] {dagbag.py:545} INFO - Filling up the DagBag from /home/snigdh/repos/bigData/spark_demo_env/lib/python3.12/site-packages/airflow/example_dags/tutorial_dag.py
[2026-07-18T21:38:07.799+0545] {processor.py:840} INFO - DAG(s) 'tutorial_dag' retrieved from /home/snigdh/repos/bigData/spark_demo_env/lib/python3.12/site-packages/airflow/example_dags/tutorial_dag.py
[2026-07-18T21:38:07.918+0545] {logging_mixin.py:188} INFO - [2026-07-18T21:38:07.917+0545] {override.py:1858} INFO - Created Permission View: can delete on DAG:tutorial_dag
[2026-07-18T21:38:07.933+0545] {logging_mixin.py:188} INFO - [2026-07-18T21:38:07.932+0545] {override.py:1858} INFO - Created Permission View: can read on DAG:tutorial_dag
[2026-07-18T21:38:07.944+0545] {logging_mixin.py:188} INFO - [2026-07-18T21:38:07.943+0545] {override.py:1858} INFO - Created Permission View: can edit on DAG:tutorial_dag
[2026-07-18T21:38:07.944+0545] {logging_mixin.py:188} INFO - [2026-07-18T21:38:07.944+0545] {dag.py:3089} INFO - Sync 1 DAGs
[2026-07-18T21:38:07.958+0545] {logging_mixin.py:188} INFO - [2026-07-18T21:38:07.958+0545] {dag.py:3111} INFO - Creating ORM DAG for tutorial_dag
[2026-07-18T21:38:07.959+0545] {logging_mixin.py:188} INFO - [2026-07-18T21:38:07.959+0545] {dag.py:3947} INFO - Setting next_dagrun for tutorial_dag to None, run_after=None
[2026-07-18T21:38:07.983+0545] {processor.py:183} INFO - Processing /home/snigdh/repos/bigData/spark_demo_env/lib/python3.12/site-packages/airflow/example_dags/tutorial_dag.py took 0.206 seconds
[2026-07-18T21:39:10.197+0545] {processor.py:161} INFO - Started process (PID=262677) to work on /home/snigdh/repos/bigData/spark_demo_env/lib/python3.12/site-packages/airflow/example_dags/tutorial_dag.py
[2026-07-18T21:39:10.200+0545] {processor.py:830} INFO - Processing file /home/snigdh/repos/bigData/spark_demo_env/lib/python3.12/site-packages/airflow/example_dags/tutorial_dag.py for tasks to queue
[2026-07-18T21:39:10.203+0545] {logging_mixin.py:188} INFO - [2026-07-18T21:39:10.202+0545] {dagbag.py:545} INFO - Filling up the DagBag from /home/snigdh/repos/bigData/spark_demo_env/lib/python3.12/site-packages/airflow/example_dags/tutorial_dag.py
[2026-07-18T21:39:10.210+0545] {processor.py:840} INFO - DAG(s) 'tutorial_dag' retrieved from /home/snigdh/repos/bigData/spark_demo_env/lib/python3.12/site-packages/airflow/example_dags/tutorial_dag.py
[2026-07-18T21:39:10.231+0545] {logging_mixin.py:188} INFO - [2026-07-18T21:39:10.231+0545] {dag.py:3089} INFO - Sync 1 DAGs
[2026-07-18T21:39:10.243+0545] {logging_mixin.py:188} INFO - [2026-07-18T21:39:10.243+0545] {dag.py:3947} INFO - Setting next_dagrun for tutorial_dag to None, run_after=None
[2026-07-18T21:39:10.267+0545] {processor.py:183} INFO - Processing /home/snigdh/repos/bigData/spark_demo_env/lib/python3.12/site-packages/airflow/example_dags/tutorial_dag.py took 0.077 seconds
[2026-07-18T21:40:04.974+0545] {processor.py:161} INFO - Started process (PID=262969) to work on /home/snigdh/repos/bigData/spark_demo_env/lib/python3.12/site-packages/airflow/example_dags/tutorial_dag.py
[2026-07-18T21:40:04.978+0545] {processor.py:830} INFO - Processing file /home/snigdh/repos/bigData/spark_demo_env/lib/python3.12/site-packages/airflow/example_dags/tutorial_dag.py for tasks to queue
[2026-07-18T21:40:04.981+0545] {logging_mixin.py:188} INFO - [2026-07-18T21:40:04.980+0545] {dagbag.py:545} INFO - Filling up the DagBag from /home/snigdh/repos/bigData/spark_demo_env/lib/python3.12/site-packages/airflow/example_dags/tutorial_dag.py
[2026-07-18T21:40:04.989+0545] {processor.py:840} INFO - DAG(s) 'tutorial_dag' retrieved from /home/snigdh/repos/bigData/spark_demo_env/lib/python3.12/site-packages/airflow/example_dags/tutorial_dag.py
[2026-07-18T21:40:04.999+0545] {logging_mixin.py:188} INFO - [2026-07-18T21:40:04.999+0545] {dag.py:3089} INFO - Sync 1 DAGs
[2026-07-18T21:40:05.015+0545] {logging_mixin.py:188} INFO - [2026-07-18T21:40:05.014+0545] {dag.py:3947} INFO - Setting next_dagrun for tutorial_dag to None, run_after=None
[2026-07-18T21:40:05.045+0545] {processor.py:183} INFO - Processing /home/snigdh/repos/bigData/spark_demo_env/lib/python3.12/site-packages/airflow/example_dags/tutorial_dag.py took 0.080 seconds
[2026-07-18T21:46:23.975+0545] {processor.py:161} INFO - Started process (PID=269689) to work on /home/snigdh/repos/bigData/spark_demo_env/lib/python3.12/site-packages/airflow/example_dags/tutorial_dag.py
[2026-07-18T21:46:23.979+0545] {processor.py:830} INFO - Processing file /home/snigdh/repos/bigData/spark_demo_env/lib/python3.12/site-packages/airflow/example_dags/tutorial_dag.py for tasks to queue
[2026-07-18T21:46:23.981+0545] {logging_mixin.py:188} INFO - [2026-07-18T21:46:23.980+0545] {dagbag.py:545} INFO - Filling up the DagBag from /home/snigdh/repos/bigData/spark_demo_env/lib/python3.12/site-packages/airflow/example_dags/tutorial_dag.py
[2026-07-18T21:46:23.989+0545] {processor.py:840} INFO - DAG(s) 'tutorial_dag' retrieved from /home/snigdh/repos/bigData/spark_demo_env/lib/python3.12/site-packages/airflow/example_dags/tutorial_dag.py
[2026-07-18T21:46:24.179+0545] {logging_mixin.py:188} INFO - [2026-07-18T21:46:24.178+0545] {dag.py:3089} INFO - Sync 1 DAGs
[2026-07-18T21:46:24.191+0545] {logging_mixin.py:188} INFO - [2026-07-18T21:46:24.191+0545] {dag.py:3947} INFO - Setting next_dagrun for tutorial_dag to None, run_after=None
[2026-07-18T21:46:24.224+0545] {processor.py:183} INFO - Processing /home/snigdh/repos/bigData/spark_demo_env/lib/python3.12/site-packages/airflow/example_dags/tutorial_dag.py took 0.257 seconds
[2026-07-18T21:47:25.704+0545] {processor.py:161} INFO - Started process (PID=270338) to work on /home/snigdh/repos/bigData/spark_demo_env/lib/python3.12/site-packages/airflow/example_dags/tutorial_dag.py
[2026-07-18T21:47:25.708+0545] {processor.py:830} INFO - Processing file /home/snigdh/repos/bigData/spark_demo_env/lib/python3.12/site-packages/airflow/example_dags/tutorial_dag.py for tasks to queue
[2026-07-18T21:47:25.710+0545] {logging_mixin.py:188} INFO - [2026-07-18T21:47:25.709+0545] {dagbag.py:545} INFO - Filling up the DagBag from /home/snigdh/repos/bigData/spark_demo_env/lib/python3.12/site-packages/airflow/example_dags/tutorial_dag.py
[2026-07-18T21:47:25.718+0545] {processor.py:840} INFO - DAG(s) 'tutorial_dag' retrieved from /home/snigdh/repos/bigData/spark_demo_env/lib/python3.12/site-packages/airflow/example_dags/tutorial_dag.py
[2026-07-18T21:47:25.743+0545] {logging_mixin.py:188} INFO - [2026-07-18T21:47:25.743+0545] {dag.py:3089} INFO - Sync 1 DAGs
[2026-07-18T21:47:25.760+0545] {logging_mixin.py:188} INFO - [2026-07-18T21:47:25.760+0545] {dag.py:3947} INFO - Setting next_dagrun for tutorial_dag to None, run_after=None
[2026-07-18T21:47:25.794+0545] {processor.py:183} INFO - Processing /home/snigdh/repos/bigData/spark_demo_env/lib/python3.12/site-packages/airflow/example_dags/tutorial_dag.py took 0.097 seconds
[2026-07-18T21:48:16.443+0545] {processor.py:161} INFO - Started process (PID=271013) to work on /home/snigdh/repos/bigData/spark_demo_env/lib/python3.12/site-packages/airflow/example_dags/tutorial_dag.py
[2026-07-18T21:48:16.444+0545] {processor.py:830} INFO - Processing file /home/snigdh/repos/bigData/spark_demo_env/lib/python3.12/site-packages/airflow/example_dags/tutorial_dag.py for tasks to queue
[2026-07-18T21:48:16.445+0545] {logging_mixin.py:188} INFO - [2026-07-18T21:48:16.445+0545] {dagbag.py:545} INFO - Filling up the DagBag from /home/snigdh/repos/bigData/spark_demo_env/lib/python3.12/site-packages/airflow/example_dags/tutorial_dag.py
[2026-07-18T21:48:16.449+0545] {processor.py:840} INFO - DAG(s) 'tutorial_dag' retrieved from /home/snigdh/repos/bigData/spark_demo_env/lib/python3.12/site-packages/airflow/example_dags/tutorial_dag.py
[2026-07-18T21:48:16.474+0545] {logging_mixin.py:188} INFO - [2026-07-18T21:48:16.474+0545] {dag.py:3089} INFO - Sync 1 DAGs
[2026-07-18T21:48:16.487+0545] {logging_mixin.py:188} INFO - [2026-07-18T21:48:16.487+0545] {dag.py:3947} INFO - Setting next_dagrun for tutorial_dag to None, run_after=None
[2026-07-18T21:48:16.511+0545] {processor.py:183} INFO - Processing /home/snigdh/repos/bigData/spark_demo_env/lib/python3.12/site-packages/airflow/example_dags/tutorial_dag.py took 0.074 seconds
[2026-07-18T21:48:59.633+0545] {processor.py:161} INFO - Started process (PID=271847) to work on /home/snigdh/repos/bigData/spark_demo_env/lib/python3.12/site-packages/airflow/example_dags/tutorial_dag.py
[2026-07-18T21:48:59.637+0545] {processor.py:830} INFO - Processing file /home/snigdh/repos/bigData/spark_demo_env/lib/python3.12/site-packages/airflow/example_dags/tutorial_dag.py for tasks to queue
[2026-07-18T21:48:59.639+0545] {logging_mixin.py:188} INFO - [2026-07-18T21:48:59.638+0545] {dagbag.py:545} INFO - Filling up the DagBag from /home/snigdh/repos/bigData/spark_demo_env/lib/python3.12/site-packages/airflow/example_dags/tutorial_dag.py
[2026-07-18T21:48:59.645+0545] {processor.py:840} INFO - DAG(s) 'tutorial_dag' retrieved from /home/snigdh/repos/bigData/spark_demo_env/lib/python3.12/site-packages/airflow/example_dags/tutorial_dag.py
[2026-07-18T21:48:59.673+0545] {logging_mixin.py:188} INFO - [2026-07-18T21:48:59.673+0545] {dag.py:3089} INFO - Sync 1 DAGs
[2026-07-18T21:48:59.686+0545] {logging_mixin.py:188} INFO - [2026-07-18T21:48:59.686+0545] {dag.py:3947} INFO - Setting next_dagrun for tutorial_dag to None, run_after=None
[2026-07-18T21:48:59.709+0545] {processor.py:183} INFO - Processing /home/snigdh/repos/bigData/spark_demo_env/lib/python3.12/site-packages/airflow/example_dags/tutorial_dag.py took 0.084 seconds
[2026-07-18T21:49:53.467+0545] {processor.py:161} INFO - Started process (PID=272399) to work on /home/snigdh/repos/bigData/spark_demo_env/lib/python3.12/site-packages/airflow/example_dags/tutorial_dag.py
[2026-07-18T21:49:53.471+0545] {processor.py:830} INFO - Processing file /home/snigdh/repos/bigData/spark_demo_env/lib/python3.12/site-packages/airflow/example_dags/tutorial_dag.py for tasks to queue
[2026-07-18T21:49:53.472+0545] {logging_mixin.py:188} INFO - [2026-07-18T21:49:53.471+0545] {dagbag.py:545} INFO - Filling up the DagBag from /home/snigdh/repos/bigData/spark_demo_env/lib/python3.12/site-packages/airflow/example_dags/tutorial_dag.py
[2026-07-18T21:49:53.479+0545] {processor.py:840} INFO - DAG(s) 'tutorial_dag' retrieved from /home/snigdh/repos/bigData/spark_demo_env/lib/python3.12/site-packages/airflow/example_dags/tutorial_dag.py
[2026-07-18T21:49:53.496+0545] {logging_mixin.py:188} INFO - [2026-07-18T21:49:53.496+0545] {dag.py:3089} INFO - Sync 1 DAGs
[2026-07-18T21:49:53.509+0545] {logging_mixin.py:188} INFO - [2026-07-18T21:49:53.508+0545] {dag.py:3947} INFO - Setting next_dagrun for tutorial_dag to None, run_after=None
[2026-07-18T21:49:53.537+0545] {processor.py:183} INFO - Processing /home/snigdh/repos/bigData/spark_demo_env/lib/python3.12/site-packages/airflow/example_dags/tutorial_dag.py took 0.078 seconds
[2026-07-18T21:50:40.592+0545] {processor.py:161} INFO - Started process (PID=272995) to work on /home/snigdh/repos/bigData/spark_demo_env/lib/python3.12/site-packages/airflow/example_dags/tutorial_dag.py
[2026-07-18T21:50:40.595+0545] {processor.py:830} INFO - Processing file /home/snigdh/repos/bigData/spark_demo_env/lib/python3.12/site-packages/airflow/example_dags/tutorial_dag.py for tasks to queue
[2026-07-18T21:50:40.596+0545] {logging_mixin.py:188} INFO - [2026-07-18T21:50:40.595+0545] {dagbag.py:545} INFO - Filling up the DagBag from /home/snigdh/repos/bigData/spark_demo_env/lib/python3.12/site-packages/airflow/example_dags/tutorial_dag.py
[2026-07-18T21:50:40.601+0545] {processor.py:840} INFO - DAG(s) 'tutorial_dag' retrieved from /home/snigdh/repos/bigData/spark_demo_env/lib/python3.12/site-packages/airflow/example_dags/tutorial_dag.py
[2026-07-18T21:50:40.622+0545] {logging_mixin.py:188} INFO - [2026-07-18T21:50:40.621+0545] {dag.py:3089} INFO - Sync 1 DAGs
[2026-07-18T21:50:40.632+0545] {logging_mixin.py:188} INFO - [2026-07-18T21:50:40.632+0545] {dag.py:3947} INFO - Setting next_dagrun for tutorial_dag to None, run_after=None
[2026-07-18T21:50:40.657+0545] {processor.py:183} INFO - Processing /home/snigdh/repos/bigData/spark_demo_env/lib/python3.12/site-packages/airflow/example_dags/tutorial_dag.py took 0.073 seconds
[2026-07-18T21:51:25.807+0545] {processor.py:161} INFO - Started process (PID=273595) to work on /home/snigdh/repos/bigData/spark_demo_env/lib/python3.12/site-packages/airflow/example_dags/tutorial_dag.py
[2026-07-18T21:51:25.811+0545] {processor.py:830} INFO - Processing file /home/snigdh/repos/bigData/spark_demo_env/lib/python3.12/site-packages/airflow/example_dags/tutorial_dag.py for tasks to queue
[2026-07-18T21:51:25.813+0545] {logging_mixin.py:188} INFO - [2026-07-18T21:51:25.812+0545] {dagbag.py:545} INFO - Filling up the DagBag from /home/snigdh/repos/bigData/spark_demo_env/lib/python3.12/site-packages/airflow/example_dags/tutorial_dag.py
[2026-07-18T21:51:25.820+0545] {processor.py:840} INFO - DAG(s) 'tutorial_dag' retrieved from /home/snigdh/repos/bigData/spark_demo_env/lib/python3.12/site-packages/airflow/example_dags/tutorial_dag.py
[2026-07-18T21:51:25.845+0545] {logging_mixin.py:188} INFO - [2026-07-18T21:51:25.845+0545] {dag.py:3089} INFO - Sync 1 DAGs
[2026-07-18T21:51:25.859+0545] {logging_mixin.py:188} INFO - [2026-07-18T21:51:25.859+0545] {dag.py:3947} INFO - Setting next_dagrun for tutorial_dag to None, run_after=None
[2026-07-18T21:51:25.892+0545] {processor.py:183} INFO - Processing /home/snigdh/repos/bigData/spark_demo_env/lib/python3.12/site-packages/airflow/example_dags/tutorial_dag.py took 0.095 seconds
[2026-07-18T21:52:12.256+0545] {processor.py:161} INFO - Started process (PID=274242) to work on /home/snigdh/repos/bigData/spark_demo_env/lib/python3.12/site-packages/airflow/example_dags/tutorial_dag.py
[2026-07-18T21:52:12.260+0545] {processor.py:830} INFO - Processing file /home/snigdh/repos/bigData/spark_demo_env/lib/python3.12/site-packages/airflow/example_dags/tutorial_dag.py for tasks to queue
[2026-07-18T21:52:12.261+0545] {logging_mixin.py:188} INFO - [2026-07-18T21:52:12.260+0545] {dagbag.py:545} INFO - Filling up the DagBag from /home/snigdh/repos/bigData/spark_demo_env/lib/python3.12/site-packages/airflow/example_dags/tutorial_dag.py
[2026-07-18T21:52:12.266+0545] {processor.py:840} INFO - DAG(s) 'tutorial_dag' retrieved from /home/snigdh/repos/bigData/spark_demo_env/lib/python3.12/site-packages/airflow/example_dags/tutorial_dag.py
[2026-07-18T21:52:12.284+0545] {logging_mixin.py:188} INFO - [2026-07-18T21:52:12.284+0545] {dag.py:3089} INFO - Sync 1 DAGs
[2026-07-18T21:52:12.295+0545] {logging_mixin.py:188} INFO - [2026-07-18T21:52:12.295+0545] {dag.py:3947} INFO - Setting next_dagrun for tutorial_dag to None, run_after=None
[2026-07-18T21:52:12.319+0545] {processor.py:183} INFO - Processing /home/snigdh/repos/bigData/spark_demo_env/lib/python3.12/site-packages/airflow/example_dags/tutorial_dag.py took 0.070 seconds
[2026-07-18T21:52:57.991+0545] {processor.py:161} INFO - Started process (PID=274852) to work on /home/snigdh/repos/bigData/spark_demo_env/lib/python3.12/site-packages/airflow/example_dags/tutorial_dag.py
[2026-07-18T21:52:57.995+0545] {processor.py:830} INFO - Processing file /home/snigdh/repos/bigData/spark_demo_env/lib/python3.12/site-packages/airflow/example_dags/tutorial_dag.py for tasks to queue
[2026-07-18T21:52:57.996+0545] {logging_mixin.py:188} INFO - [2026-07-18T21:52:57.996+0545] {dagbag.py:545} INFO - Filling up the DagBag from /home/snigdh/repos/bigData/spark_demo_env/lib/python3.12/site-packages/airflow/example_dags/tutorial_dag.py
[2026-07-18T21:52:58.004+0545] {processor.py:840} INFO - DAG(s) 'tutorial_dag' retrieved from /home/snigdh/repos/bigData/spark_demo_env/lib/python3.12/site-packages/airflow/example_dags/tutorial_dag.py
[2026-07-18T21:52:58.027+0545] {logging_mixin.py:188} INFO - [2026-07-18T21:52:58.026+0545] {dag.py:3089} INFO - Sync 1 DAGs
[2026-07-18T21:52:58.041+0545] {logging_mixin.py:188} INFO - [2026-07-18T21:52:58.040+0545] {dag.py:3947} INFO - Setting next_dagrun for tutorial_dag to None, run_after=None
[2026-07-18T21:52:58.063+0545] {processor.py:183} INFO - Processing /home/snigdh/repos/bigData/spark_demo_env/lib/python3.12/site-packages/airflow/example_dags/tutorial_dag.py took 0.083 seconds
[2026-07-18T21:53:45.050+0545] {processor.py:161} INFO - Started process (PID=275455) to work on /home/snigdh/repos/bigData/spark_demo_env/lib/python3.12/site-packages/airflow/example_dags/tutorial_dag.py
[2026-07-18T21:53:45.054+0545] {processor.py:830} INFO - Processing file /home/snigdh/repos/bigData/spark_demo_env/lib/python3.12/site-packages/airflow/example_dags/tutorial_dag.py for tasks to queue
[2026-07-18T21:53:45.056+0545] {logging_mixin.py:188} INFO - [2026-07-18T21:53:45.055+0545] {dagbag.py:545} INFO - Filling up the DagBag from /home/snigdh/repos/bigData/spark_demo_env/lib/python3.12/site-packages/airflow/example_dags/tutorial_dag.py
[2026-07-18T21:53:45.063+0545] {processor.py:840} INFO - DAG(s) 'tutorial_dag' retrieved from /home/snigdh/repos/bigData/spark_demo_env/lib/python3.12/site-packages/airflow/example_dags/tutorial_dag.py
[2026-07-18T21:53:45.087+0545] {logging_mixin.py:188} INFO - [2026-07-18T21:53:45.086+0545] {dag.py:3089} INFO - Sync 1 DAGs
[2026-07-18T21:53:45.102+0545] {logging_mixin.py:188} INFO - [2026-07-18T21:53:45.102+0545] {dag.py:3947} INFO - Setting next_dagrun for tutorial_dag to None, run_after=None
[2026-07-18T21:53:45.128+0545] {processor.py:183} INFO - Processing /home/snigdh/repos/bigData/spark_demo_env/lib/python3.12/site-packages/airflow/example_dags/tutorial_dag.py took 0.086 seconds
[2026-07-18T21:54:34.853+0545] {processor.py:161} INFO - Started process (PID=276343) to work on /home/snigdh/repos/bigData/spark_demo_env/lib/python3.12/site-packages/airflow/example_dags/tutorial_dag.py
[2026-07-18T21:54:34.854+0545] {processor.py:830} INFO - Processing file /home/snigdh/repos/bigData/spark_demo_env/lib/python3.12/site-packages/airflow/example_dags/tutorial_dag.py for tasks to queue
[2026-07-18T21:54:34.855+0545] {logging_mixin.py:188} INFO - [2026-07-18T21:54:34.854+0545] {dagbag.py:545} INFO - Filling up the DagBag from /home/snigdh/repos/bigData/spark_demo_env/lib/python3.12/site-packages/airflow/example_dags/tutorial_dag.py
[2026-07-18T21:54:34.859+0545] {processor.py:840} INFO - DAG(s) 'tutorial_dag' retrieved from /home/snigdh/repos/bigData/spark_demo_env/lib/python3.12/site-packages/airflow/example_dags/tutorial_dag.py
[2026-07-18T21:54:34.875+0545] {logging_mixin.py:188} INFO - [2026-07-18T21:54:34.875+0545] {dag.py:3089} INFO - Sync 1 DAGs
[2026-07-18T21:54:34.885+0545] {logging_mixin.py:188} INFO - [2026-07-18T21:54:34.885+0545] {dag.py:3947} INFO - Setting next_dagrun for tutorial_dag to None, run_after=None
[2026-07-18T21:54:34.908+0545] {processor.py:183} INFO - Processing /home/snigdh/repos/bigData/spark_demo_env/lib/python3.12/site-packages/airflow/example_dags/tutorial_dag.py took 0.064 seconds
[2026-07-18T21:55:21.072+0545] {processor.py:161} INFO - Started process (PID=276869) to work on /home/snigdh/repos/bigData/spark_demo_env/lib/python3.12/site-packages/airflow/example_dags/tutorial_dag.py
[2026-07-18T21:55:21.076+0545] {processor.py:830} INFO - Processing file /home/snigdh/repos/bigData/spark_demo_env/lib/python3.12/site-packages/airflow/example_dags/tutorial_dag.py for tasks to queue
[2026-07-18T21:55:21.077+0545] {logging_mixin.py:188} INFO - [2026-07-18T21:55:21.076+0545] {dagbag.py:545} INFO - Filling up the DagBag from /home/snigdh/repos/bigData/spark_demo_env/lib/python3.12/site-packages/airflow/example_dags/tutorial_dag.py
[2026-07-18T21:55:21.084+0545] {processor.py:840} INFO - DAG(s) 'tutorial_dag' retrieved from /home/snigdh/repos/bigData/spark_demo_env/lib/python3.12/site-packages/airflow/example_dags/tutorial_dag.py
[2026-07-18T21:55:21.107+0545] {logging_mixin.py:188} INFO - [2026-07-18T21:55:21.107+0545] {dag.py:3089} INFO - Sync 1 DAGs
[2026-07-18T21:55:21.119+0545] {logging_mixin.py:188} INFO - [2026-07-18T21:55:21.119+0545] {dag.py:3947} INFO - Setting next_dagrun for tutorial_dag to None, run_after=None
[2026-07-18T21:55:21.143+0545] {processor.py:183} INFO - Processing /home/snigdh/repos/bigData/spark_demo_env/lib/python3.12/site-packages/airflow/example_dags/tutorial_dag.py took 0.080 seconds
[2026-07-18T21:56:05.721+0545] {processor.py:161} INFO - Started process (PID=277327) to work on /home/snigdh/repos/bigData/spark_demo_env/lib/python3.12/site-packages/airflow/example_dags/tutorial_dag.py
[2026-07-18T21:56:05.723+0545] {processor.py:830} INFO - Processing file /home/snigdh/repos/bigData/spark_demo_env/lib/python3.12/site-packages/airflow/example_dags/tutorial_dag.py for tasks to queue
[2026-07-18T21:56:05.725+0545] {logging_mixin.py:188} INFO - [2026-07-18T21:56:05.724+0545] {dagbag.py:545} INFO - Filling up the DagBag from /home/snigdh/repos/bigData/spark_demo_env/lib/python3.12/site-packages/airflow/example_dags/tutorial_dag.py
[2026-07-18T21:56:05.732+0545] {processor.py:840} INFO - DAG(s) 'tutorial_dag' retrieved from /home/snigdh/repos/bigData/spark_demo_env/lib/python3.12/site-packages/airflow/example_dags/tutorial_dag.py
[2026-07-18T21:56:05.758+0545] {logging_mixin.py:188} INFO - [2026-07-18T21:56:05.758+0545] {dag.py:3089} INFO - Sync 1 DAGs
[2026-07-18T21:56:05.773+0545] {logging_mixin.py:188} INFO - [2026-07-18T21:56:05.773+0545] {dag.py:3947} INFO - Setting next_dagrun for tutorial_dag to None, run_after=None
[2026-07-18T21:56:05.797+0545] {processor.py:183} INFO - Processing /home/snigdh/repos/bigData/spark_demo_env/lib/python3.12/site-packages/airflow/example_dags/tutorial_dag.py took 0.086 seconds
[2026-07-18T21:56:48.634+0545] {processor.py:161} INFO - Started process (PID=277716) to work on /home/snigdh/repos/bigData/spark_demo_env/lib/python3.12/site-packages/airflow/example_dags/tutorial_dag.py
[2026-07-18T21:56:48.636+0545] {processor.py:830} INFO - Processing file /home/snigdh/repos/bigData/spark_demo_env/lib/python3.12/site-packages/airflow/example_dags/tutorial_dag.py for tasks to queue
[2026-07-18T21:56:48.638+0545] {logging_mixin.py:188} INFO - [2026-07-18T21:56:48.637+0545] {dagbag.py:545} INFO - Filling up the DagBag from /home/snigdh/repos/bigData/spark_demo_env/lib/python3.12/site-packages/airflow/example_dags/tutorial_dag.py
[2026-07-18T21:56:48.644+0545] {processor.py:840} INFO - DAG(s) 'tutorial_dag' retrieved from /home/snigdh/repos/bigData/spark_demo_env/lib/python3.12/site-packages/airflow/example_dags/tutorial_dag.py
[2026-07-18T21:56:48.669+0545] {logging_mixin.py:188} INFO - [2026-07-18T21:56:48.669+0545] {dag.py:3089} INFO - Sync 1 DAGs
[2026-07-18T21:56:48.682+0545] {logging_mixin.py:188} INFO - [2026-07-18T21:56:48.681+0545] {dag.py:3947} INFO - Setting next_dagrun for tutorial_dag to None, run_after=None
[2026-07-18T21:56:48.708+0545] {processor.py:183} INFO - Processing /home/snigdh/repos/bigData/spark_demo_env/lib/python3.12/site-packages/airflow/example_dags/tutorial_dag.py took 0.084 seconds
[2026-07-18T21:57:34.124+0545] {processor.py:161} INFO - Started process (PID=278185) to work on /home/snigdh/repos/bigData/spark_demo_env/lib/python3.12/site-packages/airflow/example_dags/tutorial_dag.py
[2026-07-18T21:57:34.128+0545] {processor.py:830} INFO - Processing file /home/snigdh/repos/bigData/spark_demo_env/lib/python3.12/site-packages/airflow/example_dags/tutorial_dag.py for tasks to queue
[2026-07-18T21:57:34.130+0545] {logging_mixin.py:188} INFO - [2026-07-18T21:57:34.129+0545] {dagbag.py:545} INFO - Filling up the DagBag from /home/snigdh/repos/bigData/spark_demo_env/lib/python3.12/site-packages/airflow/example_dags/tutorial_dag.py
[2026-07-18T21:57:34.139+0545] {processor.py:840} INFO - DAG(s) 'tutorial_dag' retrieved from /home/snigdh/repos/bigData/spark_demo_env/lib/python3.12/site-packages/airflow/example_dags/tutorial_dag.py
[2026-07-18T21:57:34.164+0545] {logging_mixin.py:188} INFO - [2026-07-18T21:57:34.164+0545] {dag.py:3089} INFO - Sync 1 DAGs
[2026-07-18T21:57:34.181+0545] {logging_mixin.py:188} INFO - [2026-07-18T21:57:34.181+0545] {dag.py:3947} INFO - Setting next_dagrun for tutorial_dag to None, run_after=None
[2026-07-18T21:57:34.218+0545] {processor.py:183} INFO - Processing /home/snigdh/repos/bigData/spark_demo_env/lib/python3.12/site-packages/airflow/example_dags/tutorial_dag.py took 0.103 seconds
[2026-07-18T21:58:19.049+0545] {processor.py:161} INFO - Started process (PID=278580) to work on /home/snigdh/repos/bigData/spark_demo_env/lib/python3.12/site-packages/airflow/example_dags/tutorial_dag.py
[2026-07-18T21:58:19.053+0545] {processor.py:830} INFO - Processing file /home/snigdh/repos/bigData/spark_demo_env/lib/python3.12/site-packages/airflow/example_dags/tutorial_dag.py for tasks to queue
[2026-07-18T21:58:19.054+0545] {logging_mixin.py:188} INFO - [2026-07-18T21:58:19.054+0545] {dagbag.py:545} INFO - Filling up the DagBag from /home/snigdh/repos/bigData/spark_demo_env/lib/python3.12/site-packages/airflow/example_dags/tutorial_dag.py
[2026-07-18T21:58:19.061+0545] {processor.py:840} INFO - DAG(s) 'tutorial_dag' retrieved from /home/snigdh/repos/bigData/spark_demo_env/lib/python3.12/site-packages/airflow/example_dags/tutorial_dag.py
[2026-07-18T21:58:19.084+0545] {logging_mixin.py:188} INFO - [2026-07-18T21:58:19.083+0545] {dag.py:3089} INFO - Sync 1 DAGs
[2026-07-18T21:58:19.095+0545] {logging_mixin.py:188} INFO - [2026-07-18T21:58:19.095+0545] {dag.py:3947} INFO - Setting next_dagrun for tutorial_dag to None, run_after=None
[2026-07-18T21:58:19.117+0545] {processor.py:183} INFO - Processing /home/snigdh/repos/bigData/spark_demo_env/lib/python3.12/site-packages/airflow/example_dags/tutorial_dag.py took 0.077 seconds
[2026-07-18T21:59:05.786+0545] {processor.py:161} INFO - Started process (PID=279054) to work on /home/snigdh/repos/bigData/spark_demo_env/lib/python3.12/site-packages/airflow/example_dags/tutorial_dag.py
[2026-07-18T21:59:05.790+0545] {processor.py:830} INFO - Processing file /home/snigdh/repos/bigData/spark_demo_env/lib/python3.12/site-packages/airflow/example_dags/tutorial_dag.py for tasks to queue
[2026-07-18T21:59:05.792+0545] {logging_mixin.py:188} INFO - [2026-07-18T21:59:05.791+0545] {dagbag.py:545} INFO - Filling up the DagBag from /home/snigdh/repos/bigData/spark_demo_env/lib/python3.12/site-packages/airflow/example_dags/tutorial_dag.py
[2026-07-18T21:59:05.800+0545] {processor.py:840} INFO - DAG(s) 'tutorial_dag' retrieved from /home/snigdh/repos/bigData/spark_demo_env/lib/python3.12/site-packages/airflow/example_dags/tutorial_dag.py
[2026-07-18T21:59:05.826+0545] {logging_mixin.py:188} INFO - [2026-07-18T21:59:05.826+0545] {dag.py:3089} INFO - Sync 1 DAGs
[2026-07-18T21:59:05.839+0545] {logging_mixin.py:188} INFO - [2026-07-18T21:59:05.839+0545] {dag.py:3947} INFO - Setting next_dagrun for tutorial_dag to None, run_after=None
[2026-07-18T21:59:05.871+0545] {processor.py:183} INFO - Processing /home/snigdh/repos/bigData/spark_demo_env/lib/python3.12/site-packages/airflow/example_dags/tutorial_dag.py took 0.094 seconds
[2026-07-18T21:59:52.311+0545] {processor.py:161} INFO - Started process (PID=279447) to work on /home/snigdh/repos/bigData/spark_demo_env/lib/python3.12/site-packages/airflow/example_dags/tutorial_dag.py
[2026-07-18T21:59:52.315+0545] {processor.py:830} INFO - Processing file /home/snigdh/repos/bigData/spark_demo_env/lib/python3.12/site-packages/airflow/example_dags/tutorial_dag.py for tasks to queue
[2026-07-18T21:59:52.316+0545] {logging_mixin.py:188} INFO - [2026-07-18T21:59:52.315+0545] {dagbag.py:545} INFO - Filling up the DagBag from /home/snigdh/repos/bigData/spark_demo_env/lib/python3.12/site-packages/airflow/example_dags/tutorial_dag.py
[2026-07-18T21:59:52.322+0545] {processor.py:840} INFO - DAG(s) 'tutorial_dag' retrieved from /home/snigdh/repos/bigData/spark_demo_env/lib/python3.12/site-packages/airflow/example_dags/tutorial_dag.py
[2026-07-18T21:59:52.345+0545] {logging_mixin.py:188} INFO - [2026-07-18T21:59:52.345+0545] {dag.py:3089} INFO - Sync 1 DAGs
[2026-07-18T21:59:52.356+0545] {logging_mixin.py:188} INFO - [2026-07-18T21:59:52.356+0545] {dag.py:3947} INFO - Setting next_dagrun for tutorial_dag to None, run_after=None
[2026-07-18T21:59:52.378+0545] {processor.py:183} INFO - Processing /home/snigdh/repos/bigData/spark_demo_env/lib/python3.12/site-packages/airflow/example_dags/tutorial_dag.py took 0.075 seconds
[2026-07-18T22:00:40.440+0545] {processor.py:161} INFO - Started process (PID=279921) to work on /home/snigdh/repos/bigData/spark_demo_env/lib/python3.12/site-packages/airflow/example_dags/tutorial_dag.py
[2026-07-18T22:00:40.445+0545] {processor.py:830} INFO - Processing file /home/snigdh/repos/bigData/spark_demo_env/lib/python3.12/site-packages/airflow/example_dags/tutorial_dag.py for tasks to queue
[2026-07-18T22:00:40.446+0545] {logging_mixin.py:188} INFO - [2026-07-18T22:00:40.446+0545] {dagbag.py:545} INFO - Filling up the DagBag from /home/snigdh/repos/bigData/spark_demo_env/lib/python3.12/site-packages/airflow/example_dags/tutorial_dag.py
[2026-07-18T22:00:40.454+0545] {processor.py:840} INFO - DAG(s) 'tutorial_dag' retrieved from /home/snigdh/repos/bigData/spark_demo_env/lib/python3.12/site-packages/airflow/example_dags/tutorial_dag.py
[2026-07-18T22:00:40.482+0545] {logging_mixin.py:188} INFO - [2026-07-18T22:00:40.482+0545] {dag.py:3089} INFO - Sync 1 DAGs
[2026-07-18T22:00:40.495+0545] {logging_mixin.py:188} INFO - [2026-07-18T22:00:40.495+0545] {dag.py:3947} INFO - Setting next_dagrun for tutorial_dag to None, run_after=None
[2026-07-18T22:00:40.523+0545] {processor.py:183} INFO - Processing /home/snigdh/repos/bigData/spark_demo_env/lib/python3.12/site-packages/airflow/example_dags/tutorial_dag.py took 0.093 seconds
[2026-07-18T22:01:25.895+0545] {processor.py:161} INFO - Started process (PID=280301) to work on /home/snigdh/repos/bigData/spark_demo_env/lib/python3.12/site-packages/airflow/example_dags/tutorial_dag.py
[2026-07-18T22:01:25.899+0545] {processor.py:830} INFO - Processing file /home/snigdh/repos/bigData/spark_demo_env/lib/python3.12/site-packages/airflow/example_dags/tutorial_dag.py for tasks to queue
[2026-07-18T22:01:25.900+0545] {logging_mixin.py:188} INFO - [2026-07-18T22:01:25.899+0545] {dagbag.py:545} INFO - Filling up the DagBag from /home/snigdh/repos/bigData/spark_demo_env/lib/python3.12/site-packages/airflow/example_dags/tutorial_dag.py
[2026-07-18T22:01:25.907+0545] {processor.py:840} INFO - DAG(s) 'tutorial_dag' retrieved from /home/snigdh/repos/bigData/spark_demo_env/lib/python3.12/site-packages/airflow/example_dags/tutorial_dag.py
[2026-07-18T22:01:25.929+0545] {logging_mixin.py:188} INFO - [2026-07-18T22:01:25.929+0545] {dag.py:3089} INFO - Sync 1 DAGs
[2026-07-18T22:01:25.943+0545] {logging_mixin.py:188} INFO - [2026-07-18T22:01:25.942+0545] {dag.py:3947} INFO - Setting next_dagrun for tutorial_dag to None, run_after=None
[2026-07-18T22:01:25.967+0545] {processor.py:183} INFO - Processing /home/snigdh/repos/bigData/spark_demo_env/lib/python3.12/site-packages/airflow/example_dags/tutorial_dag.py took 0.080 seconds
[2026-07-18T22:02:10.587+0545] {processor.py:161} INFO - Started process (PID=280753) to work on /home/snigdh/repos/bigData/spark_demo_env/lib/python3.12/site-packages/airflow/example_dags/tutorial_dag.py
[2026-07-18T22:02:10.591+0545] {processor.py:830} INFO - Processing file /home/snigdh/repos/bigData/spark_demo_env/lib/python3.12/site-packages/airflow/example_dags/tutorial_dag.py for tasks to queue
[2026-07-18T22:02:10.593+0545] {logging_mixin.py:188} INFO - [2026-07-18T22:02:10.592+0545] {dagbag.py:545} INFO - Filling up the DagBag from /home/snigdh/repos/bigData/spark_demo_env/lib/python3.12/site-packages/airflow/example_dags/tutorial_dag.py
[2026-07-18T22:02:10.601+0545] {processor.py:840} INFO - DAG(s) 'tutorial_dag' retrieved from /home/snigdh/repos/bigData/spark_demo_env/lib/python3.12/site-packages/airflow/example_dags/tutorial_dag.py
[2026-07-18T22:02:10.622+0545] {logging_mixin.py:188} INFO - [2026-07-18T22:02:10.621+0545] {dag.py:3089} INFO - Sync 1 DAGs
[2026-07-18T22:02:10.636+0545] {logging_mixin.py:188} INFO - [2026-07-18T22:02:10.635+0545] {dag.py:3947} INFO - Setting next_dagrun for tutorial_dag to None, run_after=None
[2026-07-18T22:02:10.666+0545] {processor.py:183} INFO - Processing /home/snigdh/repos/bigData/spark_demo_env/lib/python3.12/site-packages/airflow/example_dags/tutorial_dag.py took 0.087 seconds
