[2026-07-18T21:38:06.337+0545] {processor.py:161} INFO - Started process (PID=262343) to work on /home/snigdh/repos/bigData/spark_demo_env/lib/python3.12/site-packages/airflow/example_dags/tutorial_taskflow_api.py
[2026-07-18T21:38:06.339+0545] {processor.py:830} INFO - Processing file /home/snigdh/repos/bigData/spark_demo_env/lib/python3.12/site-packages/airflow/example_dags/tutorial_taskflow_api.py for tasks to queue
[2026-07-18T21:38:06.341+0545] {logging_mixin.py:188} INFO - [2026-07-18T21:38:06.340+0545] {dagbag.py:545} INFO - Filling up the DagBag from /home/snigdh/repos/bigData/spark_demo_env/lib/python3.12/site-packages/airflow/example_dags/tutorial_taskflow_api.py
[2026-07-18T21:38:06.354+0545] {processor.py:840} INFO - DAG(s) 'tutorial_taskflow_api' retrieved from /home/snigdh/repos/bigData/spark_demo_env/lib/python3.12/site-packages/airflow/example_dags/tutorial_taskflow_api.py
[2026-07-18T21:38:06.505+0545] {logging_mixin.py:188} INFO - [2026-07-18T21:38:06.504+0545] {override.py:1858} INFO - Created Permission View: can delete on DAG:tutorial_taskflow_api
[2026-07-18T21:38:06.526+0545] {logging_mixin.py:188} INFO - [2026-07-18T21:38:06.526+0545] {override.py:1858} INFO - Created Permission View: can read on DAG:tutorial_taskflow_api
[2026-07-18T21:38:06.537+0545] {logging_mixin.py:188} INFO - [2026-07-18T21:38:06.536+0545] {override.py:1858} INFO - Created Permission View: can edit on DAG:tutorial_taskflow_api
[2026-07-18T21:38:06.537+0545] {logging_mixin.py:188} INFO - [2026-07-18T21:38:06.537+0545] {dag.py:3089} INFO - Sync 1 DAGs
[2026-07-18T21:38:06.780+0545] {logging_mixin.py:188} INFO - [2026-07-18T21:38:06.780+0545] {dag.py:3111} INFO - Creating ORM DAG for tutorial_taskflow_api
[2026-07-18T21:38:06.781+0545] {logging_mixin.py:188} INFO - [2026-07-18T21:38:06.781+0545] {dag.py:3947} INFO - Setting next_dagrun for tutorial_taskflow_api to None, run_after=None
[2026-07-18T21:38:06.817+0545] {processor.py:183} INFO - Processing /home/snigdh/repos/bigData/spark_demo_env/lib/python3.12/site-packages/airflow/example_dags/tutorial_taskflow_api.py took 0.488 seconds
[2026-07-18T21:39:09.760+0545] {processor.py:161} INFO - Started process (PID=262676) to work on /home/snigdh/repos/bigData/spark_demo_env/lib/python3.12/site-packages/airflow/example_dags/tutorial_taskflow_api.py
[2026-07-18T21:39:09.763+0545] {processor.py:830} INFO - Processing file /home/snigdh/repos/bigData/spark_demo_env/lib/python3.12/site-packages/airflow/example_dags/tutorial_taskflow_api.py for tasks to queue
[2026-07-18T21:39:09.766+0545] {logging_mixin.py:188} INFO - [2026-07-18T21:39:09.765+0545] {dagbag.py:545} INFO - Filling up the DagBag from /home/snigdh/repos/bigData/spark_demo_env/lib/python3.12/site-packages/airflow/example_dags/tutorial_taskflow_api.py
[2026-07-18T21:39:09.776+0545] {processor.py:840} INFO - DAG(s) 'tutorial_taskflow_api' retrieved from /home/snigdh/repos/bigData/spark_demo_env/lib/python3.12/site-packages/airflow/example_dags/tutorial_taskflow_api.py
[2026-07-18T21:39:09.798+0545] {logging_mixin.py:188} INFO - [2026-07-18T21:39:09.797+0545] {dag.py:3089} INFO - Sync 1 DAGs
[2026-07-18T21:39:09.814+0545] {logging_mixin.py:188} INFO - [2026-07-18T21:39:09.813+0545] {dag.py:3947} INFO - Setting next_dagrun for tutorial_taskflow_api to None, run_after=None
[2026-07-18T21:39:09.844+0545] {processor.py:183} INFO - Processing /home/snigdh/repos/bigData/spark_demo_env/lib/python3.12/site-packages/airflow/example_dags/tutorial_taskflow_api.py took 0.093 seconds
[2026-07-18T21:40:03.821+0545] {processor.py:161} INFO - Started process (PID=262965) to work on /home/snigdh/repos/bigData/spark_demo_env/lib/python3.12/site-packages/airflow/example_dags/tutorial_taskflow_api.py
[2026-07-18T21:40:03.825+0545] {processor.py:830} INFO - Processing file /home/snigdh/repos/bigData/spark_demo_env/lib/python3.12/site-packages/airflow/example_dags/tutorial_taskflow_api.py for tasks to queue
[2026-07-18T21:40:03.827+0545] {logging_mixin.py:188} INFO - [2026-07-18T21:40:03.827+0545] {dagbag.py:545} INFO - Filling up the DagBag from /home/snigdh/repos/bigData/spark_demo_env/lib/python3.12/site-packages/airflow/example_dags/tutorial_taskflow_api.py
[2026-07-18T21:40:03.837+0545] {processor.py:840} INFO - DAG(s) 'tutorial_taskflow_api' retrieved from /home/snigdh/repos/bigData/spark_demo_env/lib/python3.12/site-packages/airflow/example_dags/tutorial_taskflow_api.py
[2026-07-18T21:40:03.850+0545] {logging_mixin.py:188} INFO - [2026-07-18T21:40:03.849+0545] {dag.py:3089} INFO - Sync 1 DAGs
[2026-07-18T21:40:03.864+0545] {logging_mixin.py:188} INFO - [2026-07-18T21:40:03.864+0545] {dag.py:3947} INFO - Setting next_dagrun for tutorial_taskflow_api to None, run_after=None
[2026-07-18T21:40:03.889+0545] {processor.py:183} INFO - Processing /home/snigdh/repos/bigData/spark_demo_env/lib/python3.12/site-packages/airflow/example_dags/tutorial_taskflow_api.py took 0.077 seconds
[2026-07-18T21:46:22.725+0545] {processor.py:161} INFO - Started process (PID=269684) to work on /home/snigdh/repos/bigData/spark_demo_env/lib/python3.12/site-packages/airflow/example_dags/tutorial_taskflow_api.py
[2026-07-18T21:46:22.727+0545] {processor.py:830} INFO - Processing file /home/snigdh/repos/bigData/spark_demo_env/lib/python3.12/site-packages/airflow/example_dags/tutorial_taskflow_api.py for tasks to queue
[2026-07-18T21:46:22.728+0545] {logging_mixin.py:188} INFO - [2026-07-18T21:46:22.728+0545] {dagbag.py:545} INFO - Filling up the DagBag from /home/snigdh/repos/bigData/spark_demo_env/lib/python3.12/site-packages/airflow/example_dags/tutorial_taskflow_api.py
[2026-07-18T21:46:22.739+0545] {processor.py:840} INFO - DAG(s) 'tutorial_taskflow_api' retrieved from /home/snigdh/repos/bigData/spark_demo_env/lib/python3.12/site-packages/airflow/example_dags/tutorial_taskflow_api.py
[2026-07-18T21:46:22.839+0545] {logging_mixin.py:188} INFO - [2026-07-18T21:46:22.839+0545] {dag.py:3089} INFO - Sync 1 DAGs
[2026-07-18T21:46:22.849+0545] {logging_mixin.py:188} INFO - [2026-07-18T21:46:22.849+0545] {dag.py:3947} INFO - Setting next_dagrun for tutorial_taskflow_api to None, run_after=None
[2026-07-18T21:46:22.879+0545] {processor.py:183} INFO - Processing /home/snigdh/repos/bigData/spark_demo_env/lib/python3.12/site-packages/airflow/example_dags/tutorial_taskflow_api.py took 0.165 seconds
[2026-07-18T21:47:25.013+0545] {processor.py:161} INFO - Started process (PID=270329) to work on /home/snigdh/repos/bigData/spark_demo_env/lib/python3.12/site-packages/airflow/example_dags/tutorial_taskflow_api.py
[2026-07-18T21:47:25.017+0545] {processor.py:830} INFO - Processing file /home/snigdh/repos/bigData/spark_demo_env/lib/python3.12/site-packages/airflow/example_dags/tutorial_taskflow_api.py for tasks to queue
[2026-07-18T21:47:25.019+0545] {logging_mixin.py:188} INFO - [2026-07-18T21:47:25.018+0545] {dagbag.py:545} INFO - Filling up the DagBag from /home/snigdh/repos/bigData/spark_demo_env/lib/python3.12/site-packages/airflow/example_dags/tutorial_taskflow_api.py
[2026-07-18T21:47:25.028+0545] {processor.py:840} INFO - DAG(s) 'tutorial_taskflow_api' retrieved from /home/snigdh/repos/bigData/spark_demo_env/lib/python3.12/site-packages/airflow/example_dags/tutorial_taskflow_api.py
[2026-07-18T21:47:25.051+0545] {logging_mixin.py:188} INFO - [2026-07-18T21:47:25.051+0545] {dag.py:3089} INFO - Sync 1 DAGs
[2026-07-18T21:47:25.064+0545] {logging_mixin.py:188} INFO - [2026-07-18T21:47:25.064+0545] {dag.py:3947} INFO - Setting next_dagrun for tutorial_taskflow_api to None, run_after=None
[2026-07-18T21:47:25.091+0545] {processor.py:183} INFO - Processing /home/snigdh/repos/bigData/spark_demo_env/lib/python3.12/site-packages/airflow/example_dags/tutorial_taskflow_api.py took 0.085 seconds
[2026-07-18T21:48:16.249+0545] {processor.py:161} INFO - Started process (PID=271012) to work on /home/snigdh/repos/bigData/spark_demo_env/lib/python3.12/site-packages/airflow/example_dags/tutorial_taskflow_api.py
[2026-07-18T21:48:16.253+0545] {processor.py:830} INFO - Processing file /home/snigdh/repos/bigData/spark_demo_env/lib/python3.12/site-packages/airflow/example_dags/tutorial_taskflow_api.py for tasks to queue
[2026-07-18T21:48:16.254+0545] {logging_mixin.py:188} INFO - [2026-07-18T21:48:16.253+0545] {dagbag.py:545} INFO - Filling up the DagBag from /home/snigdh/repos/bigData/spark_demo_env/lib/python3.12/site-packages/airflow/example_dags/tutorial_taskflow_api.py
[2026-07-18T21:48:16.263+0545] {processor.py:840} INFO - DAG(s) 'tutorial_taskflow_api' retrieved from /home/snigdh/repos/bigData/spark_demo_env/lib/python3.12/site-packages/airflow/example_dags/tutorial_taskflow_api.py
[2026-07-18T21:48:16.286+0545] {logging_mixin.py:188} INFO - [2026-07-18T21:48:16.285+0545] {dag.py:3089} INFO - Sync 1 DAGs
[2026-07-18T21:48:16.298+0545] {logging_mixin.py:188} INFO - [2026-07-18T21:48:16.298+0545] {dag.py:3947} INFO - Setting next_dagrun for tutorial_taskflow_api to None, run_after=None
[2026-07-18T21:48:16.328+0545] {processor.py:183} INFO - Processing /home/snigdh/repos/bigData/spark_demo_env/lib/python3.12/site-packages/airflow/example_dags/tutorial_taskflow_api.py took 0.087 seconds
[2026-07-18T21:48:58.489+0545] {processor.py:161} INFO - Started process (PID=271797) to work on /home/snigdh/repos/bigData/spark_demo_env/lib/python3.12/site-packages/airflow/example_dags/tutorial_taskflow_api.py
[2026-07-18T21:48:58.492+0545] {processor.py:830} INFO - Processing file /home/snigdh/repos/bigData/spark_demo_env/lib/python3.12/site-packages/airflow/example_dags/tutorial_taskflow_api.py for tasks to queue
[2026-07-18T21:48:58.494+0545] {logging_mixin.py:188} INFO - [2026-07-18T21:48:58.493+0545] {dagbag.py:545} INFO - Filling up the DagBag from /home/snigdh/repos/bigData/spark_demo_env/lib/python3.12/site-packages/airflow/example_dags/tutorial_taskflow_api.py
[2026-07-18T21:48:58.501+0545] {processor.py:840} INFO - DAG(s) 'tutorial_taskflow_api' retrieved from /home/snigdh/repos/bigData/spark_demo_env/lib/python3.12/site-packages/airflow/example_dags/tutorial_taskflow_api.py
[2026-07-18T21:48:58.525+0545] {logging_mixin.py:188} INFO - [2026-07-18T21:48:58.524+0545] {dag.py:3089} INFO - Sync 1 DAGs
[2026-07-18T21:48:58.542+0545] {logging_mixin.py:188} INFO - [2026-07-18T21:48:58.541+0545] {dag.py:3947} INFO - Setting next_dagrun for tutorial_taskflow_api to None, run_after=None
[2026-07-18T21:48:58.568+0545] {processor.py:183} INFO - Processing /home/snigdh/repos/bigData/spark_demo_env/lib/python3.12/site-packages/airflow/example_dags/tutorial_taskflow_api.py took 0.088 seconds
[2026-07-18T21:49:52.336+0545] {processor.py:161} INFO - Started process (PID=272389) to work on /home/snigdh/repos/bigData/spark_demo_env/lib/python3.12/site-packages/airflow/example_dags/tutorial_taskflow_api.py
[2026-07-18T21:49:52.340+0545] {processor.py:830} INFO - Processing file /home/snigdh/repos/bigData/spark_demo_env/lib/python3.12/site-packages/airflow/example_dags/tutorial_taskflow_api.py for tasks to queue
[2026-07-18T21:49:52.342+0545] {logging_mixin.py:188} INFO - [2026-07-18T21:49:52.341+0545] {dagbag.py:545} INFO - Filling up the DagBag from /home/snigdh/repos/bigData/spark_demo_env/lib/python3.12/site-packages/airflow/example_dags/tutorial_taskflow_api.py
[2026-07-18T21:49:52.350+0545] {processor.py:840} INFO - DAG(s) 'tutorial_taskflow_api' retrieved from /home/snigdh/repos/bigData/spark_demo_env/lib/python3.12/site-packages/airflow/example_dags/tutorial_taskflow_api.py
[2026-07-18T21:49:52.372+0545] {logging_mixin.py:188} INFO - [2026-07-18T21:49:52.371+0545] {dag.py:3089} INFO - Sync 1 DAGs
[2026-07-18T21:49:52.385+0545] {logging_mixin.py:188} INFO - [2026-07-18T21:49:52.385+0545] {dag.py:3947} INFO - Setting next_dagrun for tutorial_taskflow_api to None, run_after=None
[2026-07-18T21:49:52.410+0545] {processor.py:183} INFO - Processing /home/snigdh/repos/bigData/spark_demo_env/lib/python3.12/site-packages/airflow/example_dags/tutorial_taskflow_api.py took 0.085 seconds
[2026-07-18T21:50:39.447+0545] {processor.py:161} INFO - Started process (PID=272981) to work on /home/snigdh/repos/bigData/spark_demo_env/lib/python3.12/site-packages/airflow/example_dags/tutorial_taskflow_api.py
[2026-07-18T21:50:39.451+0545] {processor.py:830} INFO - Processing file /home/snigdh/repos/bigData/spark_demo_env/lib/python3.12/site-packages/airflow/example_dags/tutorial_taskflow_api.py for tasks to queue
[2026-07-18T21:50:39.453+0545] {logging_mixin.py:188} INFO - [2026-07-18T21:50:39.452+0545] {dagbag.py:545} INFO - Filling up the DagBag from /home/snigdh/repos/bigData/spark_demo_env/lib/python3.12/site-packages/airflow/example_dags/tutorial_taskflow_api.py
[2026-07-18T21:50:39.460+0545] {processor.py:840} INFO - DAG(s) 'tutorial_taskflow_api' retrieved from /home/snigdh/repos/bigData/spark_demo_env/lib/python3.12/site-packages/airflow/example_dags/tutorial_taskflow_api.py
[2026-07-18T21:50:39.476+0545] {logging_mixin.py:188} INFO - [2026-07-18T21:50:39.476+0545] {dag.py:3089} INFO - Sync 1 DAGs
[2026-07-18T21:50:39.487+0545] {logging_mixin.py:188} INFO - [2026-07-18T21:50:39.487+0545] {dag.py:3947} INFO - Setting next_dagrun for tutorial_taskflow_api to None, run_after=None
[2026-07-18T21:50:39.510+0545] {processor.py:183} INFO - Processing /home/snigdh/repos/bigData/spark_demo_env/lib/python3.12/site-packages/airflow/example_dags/tutorial_taskflow_api.py took 0.070 seconds
[2026-07-18T21:51:24.549+0545] {processor.py:161} INFO - Started process (PID=273586) to work on /home/snigdh/repos/bigData/spark_demo_env/lib/python3.12/site-packages/airflow/example_dags/tutorial_taskflow_api.py
[2026-07-18T21:51:24.553+0545] {processor.py:830} INFO - Processing file /home/snigdh/repos/bigData/spark_demo_env/lib/python3.12/site-packages/airflow/example_dags/tutorial_taskflow_api.py for tasks to queue
[2026-07-18T21:51:24.555+0545] {logging_mixin.py:188} INFO - [2026-07-18T21:51:24.554+0545] {dagbag.py:545} INFO - Filling up the DagBag from /home/snigdh/repos/bigData/spark_demo_env/lib/python3.12/site-packages/airflow/example_dags/tutorial_taskflow_api.py
[2026-07-18T21:51:24.566+0545] {processor.py:840} INFO - DAG(s) 'tutorial_taskflow_api' retrieved from /home/snigdh/repos/bigData/spark_demo_env/lib/python3.12/site-packages/airflow/example_dags/tutorial_taskflow_api.py
[2026-07-18T21:51:24.594+0545] {logging_mixin.py:188} INFO - [2026-07-18T21:51:24.594+0545] {dag.py:3089} INFO - Sync 1 DAGs
[2026-07-18T21:51:24.608+0545] {logging_mixin.py:188} INFO - [2026-07-18T21:51:24.608+0545] {dag.py:3947} INFO - Setting next_dagrun for tutorial_taskflow_api to None, run_after=None
[2026-07-18T21:51:24.641+0545] {processor.py:183} INFO - Processing /home/snigdh/repos/bigData/spark_demo_env/lib/python3.12/site-packages/airflow/example_dags/tutorial_taskflow_api.py took 0.100 seconds
[2026-07-18T21:52:11.107+0545] {processor.py:161} INFO - Started process (PID=274233) to work on /home/snigdh/repos/bigData/spark_demo_env/lib/python3.12/site-packages/airflow/example_dags/tutorial_taskflow_api.py
[2026-07-18T21:52:11.111+0545] {processor.py:830} INFO - Processing file /home/snigdh/repos/bigData/spark_demo_env/lib/python3.12/site-packages/airflow/example_dags/tutorial_taskflow_api.py for tasks to queue
[2026-07-18T21:52:11.112+0545] {logging_mixin.py:188} INFO - [2026-07-18T21:52:11.111+0545] {dagbag.py:545} INFO - Filling up the DagBag from /home/snigdh/repos/bigData/spark_demo_env/lib/python3.12/site-packages/airflow/example_dags/tutorial_taskflow_api.py
[2026-07-18T21:52:11.121+0545] {processor.py:840} INFO - DAG(s) 'tutorial_taskflow_api' retrieved from /home/snigdh/repos/bigData/spark_demo_env/lib/python3.12/site-packages/airflow/example_dags/tutorial_taskflow_api.py
[2026-07-18T21:52:11.145+0545] {logging_mixin.py:188} INFO - [2026-07-18T21:52:11.145+0545] {dag.py:3089} INFO - Sync 1 DAGs
[2026-07-18T21:52:11.157+0545] {logging_mixin.py:188} INFO - [2026-07-18T21:52:11.156+0545] {dag.py:3947} INFO - Setting next_dagrun for tutorial_taskflow_api to None, run_after=None
[2026-07-18T21:52:11.182+0545] {processor.py:183} INFO - Processing /home/snigdh/repos/bigData/spark_demo_env/lib/python3.12/site-packages/airflow/example_dags/tutorial_taskflow_api.py took 0.081 seconds
[2026-07-18T21:52:56.836+0545] {processor.py:161} INFO - Started process (PID=274846) to work on /home/snigdh/repos/bigData/spark_demo_env/lib/python3.12/site-packages/airflow/example_dags/tutorial_taskflow_api.py
[2026-07-18T21:52:56.840+0545] {processor.py:830} INFO - Processing file /home/snigdh/repos/bigData/spark_demo_env/lib/python3.12/site-packages/airflow/example_dags/tutorial_taskflow_api.py for tasks to queue
[2026-07-18T21:52:56.841+0545] {logging_mixin.py:188} INFO - [2026-07-18T21:52:56.841+0545] {dagbag.py:545} INFO - Filling up the DagBag from /home/snigdh/repos/bigData/spark_demo_env/lib/python3.12/site-packages/airflow/example_dags/tutorial_taskflow_api.py
[2026-07-18T21:52:56.851+0545] {processor.py:840} INFO - DAG(s) 'tutorial_taskflow_api' retrieved from /home/snigdh/repos/bigData/spark_demo_env/lib/python3.12/site-packages/airflow/example_dags/tutorial_taskflow_api.py
[2026-07-18T21:52:56.873+0545] {logging_mixin.py:188} INFO - [2026-07-18T21:52:56.873+0545] {dag.py:3089} INFO - Sync 1 DAGs
[2026-07-18T21:52:56.889+0545] {logging_mixin.py:188} INFO - [2026-07-18T21:52:56.889+0545] {dag.py:3947} INFO - Setting next_dagrun for tutorial_taskflow_api to None, run_after=None
[2026-07-18T21:52:56.920+0545] {processor.py:183} INFO - Processing /home/snigdh/repos/bigData/spark_demo_env/lib/python3.12/site-packages/airflow/example_dags/tutorial_taskflow_api.py took 0.092 seconds
[2026-07-18T21:53:43.903+0545] {processor.py:161} INFO - Started process (PID=275444) to work on /home/snigdh/repos/bigData/spark_demo_env/lib/python3.12/site-packages/airflow/example_dags/tutorial_taskflow_api.py
[2026-07-18T21:53:43.907+0545] {processor.py:830} INFO - Processing file /home/snigdh/repos/bigData/spark_demo_env/lib/python3.12/site-packages/airflow/example_dags/tutorial_taskflow_api.py for tasks to queue
[2026-07-18T21:53:43.908+0545] {logging_mixin.py:188} INFO - [2026-07-18T21:53:43.908+0545] {dagbag.py:545} INFO - Filling up the DagBag from /home/snigdh/repos/bigData/spark_demo_env/lib/python3.12/site-packages/airflow/example_dags/tutorial_taskflow_api.py
[2026-07-18T21:53:43.918+0545] {processor.py:840} INFO - DAG(s) 'tutorial_taskflow_api' retrieved from /home/snigdh/repos/bigData/spark_demo_env/lib/python3.12/site-packages/airflow/example_dags/tutorial_taskflow_api.py
[2026-07-18T21:53:43.937+0545] {logging_mixin.py:188} INFO - [2026-07-18T21:53:43.936+0545] {dag.py:3089} INFO - Sync 1 DAGs
[2026-07-18T21:53:43.947+0545] {logging_mixin.py:188} INFO - [2026-07-18T21:53:43.946+0545] {dag.py:3947} INFO - Setting next_dagrun for tutorial_taskflow_api to None, run_after=None
[2026-07-18T21:53:43.972+0545] {processor.py:183} INFO - Processing /home/snigdh/repos/bigData/spark_demo_env/lib/python3.12/site-packages/airflow/example_dags/tutorial_taskflow_api.py took 0.076 seconds
[2026-07-18T21:54:34.679+0545] {processor.py:161} INFO - Started process (PID=276337) to work on /home/snigdh/repos/bigData/spark_demo_env/lib/python3.12/site-packages/airflow/example_dags/tutorial_taskflow_api.py
[2026-07-18T21:54:34.680+0545] {processor.py:830} INFO - Processing file /home/snigdh/repos/bigData/spark_demo_env/lib/python3.12/site-packages/airflow/example_dags/tutorial_taskflow_api.py for tasks to queue
[2026-07-18T21:54:34.682+0545] {logging_mixin.py:188} INFO - [2026-07-18T21:54:34.681+0545] {dagbag.py:545} INFO - Filling up the DagBag from /home/snigdh/repos/bigData/spark_demo_env/lib/python3.12/site-packages/airflow/example_dags/tutorial_taskflow_api.py
[2026-07-18T21:54:34.690+0545] {processor.py:840} INFO - DAG(s) 'tutorial_taskflow_api' retrieved from /home/snigdh/repos/bigData/spark_demo_env/lib/python3.12/site-packages/airflow/example_dags/tutorial_taskflow_api.py
[2026-07-18T21:54:34.715+0545] {logging_mixin.py:188} INFO - [2026-07-18T21:54:34.714+0545] {dag.py:3089} INFO - Sync 1 DAGs
[2026-07-18T21:54:34.729+0545] {logging_mixin.py:188} INFO - [2026-07-18T21:54:34.729+0545] {dag.py:3947} INFO - Setting next_dagrun for tutorial_taskflow_api to None, run_after=None
[2026-07-18T21:54:34.764+0545] {processor.py:183} INFO - Processing /home/snigdh/repos/bigData/spark_demo_env/lib/python3.12/site-packages/airflow/example_dags/tutorial_taskflow_api.py took 0.094 seconds
[2026-07-18T21:55:19.925+0545] {processor.py:161} INFO - Started process (PID=276868) to work on /home/snigdh/repos/bigData/spark_demo_env/lib/python3.12/site-packages/airflow/example_dags/tutorial_taskflow_api.py
[2026-07-18T21:55:19.929+0545] {processor.py:830} INFO - Processing file /home/snigdh/repos/bigData/spark_demo_env/lib/python3.12/site-packages/airflow/example_dags/tutorial_taskflow_api.py for tasks to queue
[2026-07-18T21:55:19.930+0545] {logging_mixin.py:188} INFO - [2026-07-18T21:55:19.930+0545] {dagbag.py:545} INFO - Filling up the DagBag from /home/snigdh/repos/bigData/spark_demo_env/lib/python3.12/site-packages/airflow/example_dags/tutorial_taskflow_api.py
[2026-07-18T21:55:19.939+0545] {processor.py:840} INFO - DAG(s) 'tutorial_taskflow_api' retrieved from /home/snigdh/repos/bigData/spark_demo_env/lib/python3.12/site-packages/airflow/example_dags/tutorial_taskflow_api.py
[2026-07-18T21:55:19.962+0545] {logging_mixin.py:188} INFO - [2026-07-18T21:55:19.962+0545] {dag.py:3089} INFO - Sync 1 DAGs
[2026-07-18T21:55:19.974+0545] {logging_mixin.py:188} INFO - [2026-07-18T21:55:19.974+0545] {dag.py:3947} INFO - Setting next_dagrun for tutorial_taskflow_api to None, run_after=None
[2026-07-18T21:55:19.999+0545] {processor.py:183} INFO - Processing /home/snigdh/repos/bigData/spark_demo_env/lib/python3.12/site-packages/airflow/example_dags/tutorial_taskflow_api.py took 0.083 seconds
[2026-07-18T21:56:05.342+0545] {processor.py:161} INFO - Started process (PID=277326) to work on /home/snigdh/repos/bigData/spark_demo_env/lib/python3.12/site-packages/airflow/example_dags/tutorial_taskflow_api.py
[2026-07-18T21:56:05.345+0545] {processor.py:830} INFO - Processing file /home/snigdh/repos/bigData/spark_demo_env/lib/python3.12/site-packages/airflow/example_dags/tutorial_taskflow_api.py for tasks to queue
[2026-07-18T21:56:05.347+0545] {logging_mixin.py:188} INFO - [2026-07-18T21:56:05.346+0545] {dagbag.py:545} INFO - Filling up the DagBag from /home/snigdh/repos/bigData/spark_demo_env/lib/python3.12/site-packages/airflow/example_dags/tutorial_taskflow_api.py
[2026-07-18T21:56:05.355+0545] {processor.py:840} INFO - DAG(s) 'tutorial_taskflow_api' retrieved from /home/snigdh/repos/bigData/spark_demo_env/lib/python3.12/site-packages/airflow/example_dags/tutorial_taskflow_api.py
[2026-07-18T21:56:05.378+0545] {logging_mixin.py:188} INFO - [2026-07-18T21:56:05.378+0545] {dag.py:3089} INFO - Sync 1 DAGs
[2026-07-18T21:56:05.394+0545] {logging_mixin.py:188} INFO - [2026-07-18T21:56:05.393+0545] {dag.py:3947} INFO - Setting next_dagrun for tutorial_taskflow_api to None, run_after=None
[2026-07-18T21:56:05.425+0545] {processor.py:183} INFO - Processing /home/snigdh/repos/bigData/spark_demo_env/lib/python3.12/site-packages/airflow/example_dags/tutorial_taskflow_api.py took 0.092 seconds
[2026-07-18T21:56:47.480+0545] {processor.py:161} INFO - Started process (PID=277715) to work on /home/snigdh/repos/bigData/spark_demo_env/lib/python3.12/site-packages/airflow/example_dags/tutorial_taskflow_api.py
[2026-07-18T21:56:47.482+0545] {processor.py:830} INFO - Processing file /home/snigdh/repos/bigData/spark_demo_env/lib/python3.12/site-packages/airflow/example_dags/tutorial_taskflow_api.py for tasks to queue
[2026-07-18T21:56:47.483+0545] {logging_mixin.py:188} INFO - [2026-07-18T21:56:47.482+0545] {dagbag.py:545} INFO - Filling up the DagBag from /home/snigdh/repos/bigData/spark_demo_env/lib/python3.12/site-packages/airflow/example_dags/tutorial_taskflow_api.py
[2026-07-18T21:56:47.489+0545] {processor.py:840} INFO - DAG(s) 'tutorial_taskflow_api' retrieved from /home/snigdh/repos/bigData/spark_demo_env/lib/python3.12/site-packages/airflow/example_dags/tutorial_taskflow_api.py
[2026-07-18T21:56:47.508+0545] {logging_mixin.py:188} INFO - [2026-07-18T21:56:47.508+0545] {dag.py:3089} INFO - Sync 1 DAGs
[2026-07-18T21:56:47.523+0545] {logging_mixin.py:188} INFO - [2026-07-18T21:56:47.523+0545] {dag.py:3947} INFO - Setting next_dagrun for tutorial_taskflow_api to None, run_after=None
[2026-07-18T21:56:47.550+0545] {processor.py:183} INFO - Processing /home/snigdh/repos/bigData/spark_demo_env/lib/python3.12/site-packages/airflow/example_dags/tutorial_taskflow_api.py took 0.076 seconds
[2026-07-18T21:57:32.978+0545] {processor.py:161} INFO - Started process (PID=278175) to work on /home/snigdh/repos/bigData/spark_demo_env/lib/python3.12/site-packages/airflow/example_dags/tutorial_taskflow_api.py
[2026-07-18T21:57:32.982+0545] {processor.py:830} INFO - Processing file /home/snigdh/repos/bigData/spark_demo_env/lib/python3.12/site-packages/airflow/example_dags/tutorial_taskflow_api.py for tasks to queue
[2026-07-18T21:57:32.984+0545] {logging_mixin.py:188} INFO - [2026-07-18T21:57:32.983+0545] {dagbag.py:545} INFO - Filling up the DagBag from /home/snigdh/repos/bigData/spark_demo_env/lib/python3.12/site-packages/airflow/example_dags/tutorial_taskflow_api.py
[2026-07-18T21:57:32.992+0545] {processor.py:840} INFO - DAG(s) 'tutorial_taskflow_api' retrieved from /home/snigdh/repos/bigData/spark_demo_env/lib/python3.12/site-packages/airflow/example_dags/tutorial_taskflow_api.py
[2026-07-18T21:57:33.017+0545] {logging_mixin.py:188} INFO - [2026-07-18T21:57:33.017+0545] {dag.py:3089} INFO - Sync 1 DAGs
[2026-07-18T21:57:33.030+0545] {logging_mixin.py:188} INFO - [2026-07-18T21:57:33.029+0545] {dag.py:3947} INFO - Setting next_dagrun for tutorial_taskflow_api to None, run_after=None
[2026-07-18T21:57:33.054+0545] {processor.py:183} INFO - Processing /home/snigdh/repos/bigData/spark_demo_env/lib/python3.12/site-packages/airflow/example_dags/tutorial_taskflow_api.py took 0.085 seconds
[2026-07-18T21:58:18.479+0545] {processor.py:161} INFO - Started process (PID=278575) to work on /home/snigdh/repos/bigData/spark_demo_env/lib/python3.12/site-packages/airflow/example_dags/tutorial_taskflow_api.py
[2026-07-18T21:58:18.483+0545] {processor.py:830} INFO - Processing file /home/snigdh/repos/bigData/spark_demo_env/lib/python3.12/site-packages/airflow/example_dags/tutorial_taskflow_api.py for tasks to queue
[2026-07-18T21:58:18.485+0545] {logging_mixin.py:188} INFO - [2026-07-18T21:58:18.484+0545] {dagbag.py:545} INFO - Filling up the DagBag from /home/snigdh/repos/bigData/spark_demo_env/lib/python3.12/site-packages/airflow/example_dags/tutorial_taskflow_api.py
[2026-07-18T21:58:18.493+0545] {processor.py:840} INFO - DAG(s) 'tutorial_taskflow_api' retrieved from /home/snigdh/repos/bigData/spark_demo_env/lib/python3.12/site-packages/airflow/example_dags/tutorial_taskflow_api.py
[2026-07-18T21:58:18.514+0545] {logging_mixin.py:188} INFO - [2026-07-18T21:58:18.514+0545] {dag.py:3089} INFO - Sync 1 DAGs
[2026-07-18T21:58:18.525+0545] {logging_mixin.py:188} INFO - [2026-07-18T21:58:18.525+0545] {dag.py:3947} INFO - Setting next_dagrun for tutorial_taskflow_api to None, run_after=None
[2026-07-18T21:58:18.558+0545] {processor.py:183} INFO - Processing /home/snigdh/repos/bigData/spark_demo_env/lib/python3.12/site-packages/airflow/example_dags/tutorial_taskflow_api.py took 0.087 seconds
[2026-07-18T21:59:05.244+0545] {processor.py:161} INFO - Started process (PID=279053) to work on /home/snigdh/repos/bigData/spark_demo_env/lib/python3.12/site-packages/airflow/example_dags/tutorial_taskflow_api.py
[2026-07-18T21:59:05.248+0545] {processor.py:830} INFO - Processing file /home/snigdh/repos/bigData/spark_demo_env/lib/python3.12/site-packages/airflow/example_dags/tutorial_taskflow_api.py for tasks to queue
[2026-07-18T21:59:05.250+0545] {logging_mixin.py:188} INFO - [2026-07-18T21:59:05.249+0545] {dagbag.py:545} INFO - Filling up the DagBag from /home/snigdh/repos/bigData/spark_demo_env/lib/python3.12/site-packages/airflow/example_dags/tutorial_taskflow_api.py
[2026-07-18T21:59:05.259+0545] {processor.py:840} INFO - DAG(s) 'tutorial_taskflow_api' retrieved from /home/snigdh/repos/bigData/spark_demo_env/lib/python3.12/site-packages/airflow/example_dags/tutorial_taskflow_api.py
[2026-07-18T21:59:05.285+0545] {logging_mixin.py:188} INFO - [2026-07-18T21:59:05.285+0545] {dag.py:3089} INFO - Sync 1 DAGs
[2026-07-18T21:59:05.297+0545] {logging_mixin.py:188} INFO - [2026-07-18T21:59:05.297+0545] {dag.py:3947} INFO - Setting next_dagrun for tutorial_taskflow_api to None, run_after=None
[2026-07-18T21:59:05.326+0545] {processor.py:183} INFO - Processing /home/snigdh/repos/bigData/spark_demo_env/lib/python3.12/site-packages/airflow/example_dags/tutorial_taskflow_api.py took 0.090 seconds
[2026-07-18T21:59:51.693+0545] {processor.py:161} INFO - Started process (PID=279446) to work on /home/snigdh/repos/bigData/spark_demo_env/lib/python3.12/site-packages/airflow/example_dags/tutorial_taskflow_api.py
[2026-07-18T21:59:51.696+0545] {processor.py:830} INFO - Processing file /home/snigdh/repos/bigData/spark_demo_env/lib/python3.12/site-packages/airflow/example_dags/tutorial_taskflow_api.py for tasks to queue
[2026-07-18T21:59:51.698+0545] {logging_mixin.py:188} INFO - [2026-07-18T21:59:51.697+0545] {dagbag.py:545} INFO - Filling up the DagBag from /home/snigdh/repos/bigData/spark_demo_env/lib/python3.12/site-packages/airflow/example_dags/tutorial_taskflow_api.py
[2026-07-18T21:59:51.706+0545] {processor.py:840} INFO - DAG(s) 'tutorial_taskflow_api' retrieved from /home/snigdh/repos/bigData/spark_demo_env/lib/python3.12/site-packages/airflow/example_dags/tutorial_taskflow_api.py
[2026-07-18T21:59:51.727+0545] {logging_mixin.py:188} INFO - [2026-07-18T21:59:51.727+0545] {dag.py:3089} INFO - Sync 1 DAGs
[2026-07-18T21:59:51.739+0545] {logging_mixin.py:188} INFO - [2026-07-18T21:59:51.738+0545] {dag.py:3947} INFO - Setting next_dagrun for tutorial_taskflow_api to None, run_after=None
[2026-07-18T21:59:51.763+0545] {processor.py:183} INFO - Processing /home/snigdh/repos/bigData/spark_demo_env/lib/python3.12/site-packages/airflow/example_dags/tutorial_taskflow_api.py took 0.078 seconds
[2026-07-18T22:00:39.271+0545] {processor.py:161} INFO - Started process (PID=279910) to work on /home/snigdh/repos/bigData/spark_demo_env/lib/python3.12/site-packages/airflow/example_dags/tutorial_taskflow_api.py
[2026-07-18T22:00:39.276+0545] {processor.py:830} INFO - Processing file /home/snigdh/repos/bigData/spark_demo_env/lib/python3.12/site-packages/airflow/example_dags/tutorial_taskflow_api.py for tasks to queue
[2026-07-18T22:00:39.277+0545] {logging_mixin.py:188} INFO - [2026-07-18T22:00:39.276+0545] {dagbag.py:545} INFO - Filling up the DagBag from /home/snigdh/repos/bigData/spark_demo_env/lib/python3.12/site-packages/airflow/example_dags/tutorial_taskflow_api.py
[2026-07-18T22:00:39.285+0545] {processor.py:840} INFO - DAG(s) 'tutorial_taskflow_api' retrieved from /home/snigdh/repos/bigData/spark_demo_env/lib/python3.12/site-packages/airflow/example_dags/tutorial_taskflow_api.py
[2026-07-18T22:00:39.306+0545] {logging_mixin.py:188} INFO - [2026-07-18T22:00:39.306+0545] {dag.py:3089} INFO - Sync 1 DAGs
[2026-07-18T22:00:39.320+0545] {logging_mixin.py:188} INFO - [2026-07-18T22:00:39.320+0545] {dag.py:3947} INFO - Setting next_dagrun for tutorial_taskflow_api to None, run_after=None
[2026-07-18T22:00:39.348+0545] {processor.py:183} INFO - Processing /home/snigdh/repos/bigData/spark_demo_env/lib/python3.12/site-packages/airflow/example_dags/tutorial_taskflow_api.py took 0.086 seconds
[2026-07-18T22:01:24.761+0545] {processor.py:161} INFO - Started process (PID=280291) to work on /home/snigdh/repos/bigData/spark_demo_env/lib/python3.12/site-packages/airflow/example_dags/tutorial_taskflow_api.py
[2026-07-18T22:01:24.763+0545] {processor.py:830} INFO - Processing file /home/snigdh/repos/bigData/spark_demo_env/lib/python3.12/site-packages/airflow/example_dags/tutorial_taskflow_api.py for tasks to queue
[2026-07-18T22:01:24.764+0545] {logging_mixin.py:188} INFO - [2026-07-18T22:01:24.763+0545] {dagbag.py:545} INFO - Filling up the DagBag from /home/snigdh/repos/bigData/spark_demo_env/lib/python3.12/site-packages/airflow/example_dags/tutorial_taskflow_api.py
[2026-07-18T22:01:24.771+0545] {processor.py:840} INFO - DAG(s) 'tutorial_taskflow_api' retrieved from /home/snigdh/repos/bigData/spark_demo_env/lib/python3.12/site-packages/airflow/example_dags/tutorial_taskflow_api.py
[2026-07-18T22:01:24.794+0545] {logging_mixin.py:188} INFO - [2026-07-18T22:01:24.793+0545] {dag.py:3089} INFO - Sync 1 DAGs
[2026-07-18T22:01:24.808+0545] {logging_mixin.py:188} INFO - [2026-07-18T22:01:24.808+0545] {dag.py:3947} INFO - Setting next_dagrun for tutorial_taskflow_api to None, run_after=None
[2026-07-18T22:01:24.839+0545] {processor.py:183} INFO - Processing /home/snigdh/repos/bigData/spark_demo_env/lib/python3.12/site-packages/airflow/example_dags/tutorial_taskflow_api.py took 0.087 seconds
[2026-07-18T22:02:09.436+0545] {processor.py:161} INFO - Started process (PID=280743) to work on /home/snigdh/repos/bigData/spark_demo_env/lib/python3.12/site-packages/airflow/example_dags/tutorial_taskflow_api.py
[2026-07-18T22:02:09.440+0545] {processor.py:830} INFO - Processing file /home/snigdh/repos/bigData/spark_demo_env/lib/python3.12/site-packages/airflow/example_dags/tutorial_taskflow_api.py for tasks to queue
[2026-07-18T22:02:09.441+0545] {logging_mixin.py:188} INFO - [2026-07-18T22:02:09.441+0545] {dagbag.py:545} INFO - Filling up the DagBag from /home/snigdh/repos/bigData/spark_demo_env/lib/python3.12/site-packages/airflow/example_dags/tutorial_taskflow_api.py
[2026-07-18T22:02:09.450+0545] {processor.py:840} INFO - DAG(s) 'tutorial_taskflow_api' retrieved from /home/snigdh/repos/bigData/spark_demo_env/lib/python3.12/site-packages/airflow/example_dags/tutorial_taskflow_api.py
[2026-07-18T22:02:09.472+0545] {logging_mixin.py:188} INFO - [2026-07-18T22:02:09.472+0545] {dag.py:3089} INFO - Sync 1 DAGs
[2026-07-18T22:02:09.484+0545] {logging_mixin.py:188} INFO - [2026-07-18T22:02:09.483+0545] {dag.py:3947} INFO - Setting next_dagrun for tutorial_taskflow_api to None, run_after=None
[2026-07-18T22:02:09.509+0545] {processor.py:183} INFO - Processing /home/snigdh/repos/bigData/spark_demo_env/lib/python3.12/site-packages/airflow/example_dags/tutorial_taskflow_api.py took 0.082 seconds
[2026-07-18T22:02:53.080+0545] {processor.py:161} INFO - Started process (PID=281193) to work on /home/snigdh/repos/bigData/spark_demo_env/lib/python3.12/site-packages/airflow/example_dags/tutorial_taskflow_api.py
[2026-07-18T22:02:53.084+0545] {processor.py:830} INFO - Processing file /home/snigdh/repos/bigData/spark_demo_env/lib/python3.12/site-packages/airflow/example_dags/tutorial_taskflow_api.py for tasks to queue
[2026-07-18T22:02:53.085+0545] {logging_mixin.py:188} INFO - [2026-07-18T22:02:53.085+0545] {dagbag.py:545} INFO - Filling up the DagBag from /home/snigdh/repos/bigData/spark_demo_env/lib/python3.12/site-packages/airflow/example_dags/tutorial_taskflow_api.py
[2026-07-18T22:02:53.094+0545] {processor.py:840} INFO - DAG(s) 'tutorial_taskflow_api' retrieved from /home/snigdh/repos/bigData/spark_demo_env/lib/python3.12/site-packages/airflow/example_dags/tutorial_taskflow_api.py
[2026-07-18T22:02:53.117+0545] {logging_mixin.py:188} INFO - [2026-07-18T22:02:53.117+0545] {dag.py:3089} INFO - Sync 1 DAGs
[2026-07-18T22:02:53.128+0545] {logging_mixin.py:188} INFO - [2026-07-18T22:02:53.128+0545] {dag.py:3947} INFO - Setting next_dagrun for tutorial_taskflow_api to None, run_after=None
[2026-07-18T22:02:53.151+0545] {processor.py:183} INFO - Processing /home/snigdh/repos/bigData/spark_demo_env/lib/python3.12/site-packages/airflow/example_dags/tutorial_taskflow_api.py took 0.079 seconds
