[2026-07-18T21:38:09.201+0545] {processor.py:161} INFO - Started process (PID=262357) to work on /home/snigdh/repos/bigData/spark_demo_env/lib/python3.12/site-packages/airflow/example_dags/tutorial_objectstorage.py
[2026-07-18T21:38:09.202+0545] {processor.py:830} INFO - Processing file /home/snigdh/repos/bigData/spark_demo_env/lib/python3.12/site-packages/airflow/example_dags/tutorial_objectstorage.py for tasks to queue
[2026-07-18T21:38:09.205+0545] {logging_mixin.py:188} INFO - [2026-07-18T21:38:09.204+0545] {dagbag.py:545} INFO - Filling up the DagBag from /home/snigdh/repos/bigData/spark_demo_env/lib/python3.12/site-packages/airflow/example_dags/tutorial_objectstorage.py
[2026-07-18T21:38:09.218+0545] {processor.py:840} INFO - DAG(s) 'tutorial_objectstorage' retrieved from /home/snigdh/repos/bigData/spark_demo_env/lib/python3.12/site-packages/airflow/example_dags/tutorial_objectstorage.py
[2026-07-18T21:38:09.345+0545] {logging_mixin.py:188} INFO - [2026-07-18T21:38:09.344+0545] {override.py:1858} INFO - Created Permission View: can delete on DAG:tutorial_objectstorage
[2026-07-18T21:38:09.360+0545] {logging_mixin.py:188} INFO - [2026-07-18T21:38:09.359+0545] {override.py:1858} INFO - Created Permission View: can read on DAG:tutorial_objectstorage
[2026-07-18T21:38:09.372+0545] {logging_mixin.py:188} INFO - [2026-07-18T21:38:09.372+0545] {override.py:1858} INFO - Created Permission View: can edit on DAG:tutorial_objectstorage
[2026-07-18T21:38:09.373+0545] {logging_mixin.py:188} INFO - [2026-07-18T21:38:09.372+0545] {dag.py:3089} INFO - Sync 1 DAGs
[2026-07-18T21:38:09.387+0545] {logging_mixin.py:188} INFO - [2026-07-18T21:38:09.386+0545] {dag.py:3111} INFO - Creating ORM DAG for tutorial_objectstorage
[2026-07-18T21:38:09.387+0545] {logging_mixin.py:188} INFO - [2026-07-18T21:38:09.387+0545] {dag.py:3947} INFO - Setting next_dagrun for tutorial_objectstorage to None, run_after=None
[2026-07-18T21:38:09.421+0545] {processor.py:183} INFO - Processing /home/snigdh/repos/bigData/spark_demo_env/lib/python3.12/site-packages/airflow/example_dags/tutorial_objectstorage.py took 0.228 seconds
[2026-07-18T21:39:11.364+0545] {processor.py:161} INFO - Started process (PID=262686) to work on /home/snigdh/repos/bigData/spark_demo_env/lib/python3.12/site-packages/airflow/example_dags/tutorial_objectstorage.py
[2026-07-18T21:39:11.368+0545] {processor.py:830} INFO - Processing file /home/snigdh/repos/bigData/spark_demo_env/lib/python3.12/site-packages/airflow/example_dags/tutorial_objectstorage.py for tasks to queue
[2026-07-18T21:39:11.370+0545] {logging_mixin.py:188} INFO - [2026-07-18T21:39:11.370+0545] {dagbag.py:545} INFO - Filling up the DagBag from /home/snigdh/repos/bigData/spark_demo_env/lib/python3.12/site-packages/airflow/example_dags/tutorial_objectstorage.py
[2026-07-18T21:39:11.381+0545] {processor.py:840} INFO - DAG(s) 'tutorial_objectstorage' retrieved from /home/snigdh/repos/bigData/spark_demo_env/lib/python3.12/site-packages/airflow/example_dags/tutorial_objectstorage.py
[2026-07-18T21:39:11.403+0545] {logging_mixin.py:188} INFO - [2026-07-18T21:39:11.402+0545] {dag.py:3089} INFO - Sync 1 DAGs
[2026-07-18T21:39:11.417+0545] {logging_mixin.py:188} INFO - [2026-07-18T21:39:11.417+0545] {dag.py:3947} INFO - Setting next_dagrun for tutorial_objectstorage to None, run_after=None
[2026-07-18T21:39:11.441+0545] {processor.py:183} INFO - Processing /home/snigdh/repos/bigData/spark_demo_env/lib/python3.12/site-packages/airflow/example_dags/tutorial_objectstorage.py took 0.086 seconds
[2026-07-18T21:40:06.126+0545] {processor.py:161} INFO - Started process (PID=262973) to work on /home/snigdh/repos/bigData/spark_demo_env/lib/python3.12/site-packages/airflow/example_dags/tutorial_objectstorage.py
[2026-07-18T21:40:06.130+0545] {processor.py:830} INFO - Processing file /home/snigdh/repos/bigData/spark_demo_env/lib/python3.12/site-packages/airflow/example_dags/tutorial_objectstorage.py for tasks to queue
[2026-07-18T21:40:06.133+0545] {logging_mixin.py:188} INFO - [2026-07-18T21:40:06.132+0545] {dagbag.py:545} INFO - Filling up the DagBag from /home/snigdh/repos/bigData/spark_demo_env/lib/python3.12/site-packages/airflow/example_dags/tutorial_objectstorage.py
[2026-07-18T21:40:06.147+0545] {processor.py:840} INFO - DAG(s) 'tutorial_objectstorage' retrieved from /home/snigdh/repos/bigData/spark_demo_env/lib/python3.12/site-packages/airflow/example_dags/tutorial_objectstorage.py
[2026-07-18T21:40:06.160+0545] {logging_mixin.py:188} INFO - [2026-07-18T21:40:06.159+0545] {dag.py:3089} INFO - Sync 1 DAGs
[2026-07-18T21:40:06.177+0545] {logging_mixin.py:188} INFO - [2026-07-18T21:40:06.177+0545] {dag.py:3947} INFO - Setting next_dagrun for tutorial_objectstorage to None, run_after=None
[2026-07-18T21:40:06.209+0545] {processor.py:183} INFO - Processing /home/snigdh/repos/bigData/spark_demo_env/lib/python3.12/site-packages/airflow/example_dags/tutorial_objectstorage.py took 0.093 seconds
[2026-07-18T21:46:24.473+0545] {processor.py:161} INFO - Started process (PID=269690) to work on /home/snigdh/repos/bigData/spark_demo_env/lib/python3.12/site-packages/airflow/example_dags/tutorial_objectstorage.py
[2026-07-18T21:46:24.477+0545] {processor.py:830} INFO - Processing file /home/snigdh/repos/bigData/spark_demo_env/lib/python3.12/site-packages/airflow/example_dags/tutorial_objectstorage.py for tasks to queue
[2026-07-18T21:46:24.478+0545] {logging_mixin.py:188} INFO - [2026-07-18T21:46:24.477+0545] {dagbag.py:545} INFO - Filling up the DagBag from /home/snigdh/repos/bigData/spark_demo_env/lib/python3.12/site-packages/airflow/example_dags/tutorial_objectstorage.py
[2026-07-18T21:46:24.486+0545] {processor.py:840} INFO - DAG(s) 'tutorial_objectstorage' retrieved from /home/snigdh/repos/bigData/spark_demo_env/lib/python3.12/site-packages/airflow/example_dags/tutorial_objectstorage.py
[2026-07-18T21:46:24.646+0545] {logging_mixin.py:188} INFO - [2026-07-18T21:46:24.646+0545] {dag.py:3089} INFO - Sync 1 DAGs
[2026-07-18T21:46:24.657+0545] {logging_mixin.py:188} INFO - [2026-07-18T21:46:24.656+0545] {dag.py:3947} INFO - Setting next_dagrun for tutorial_objectstorage to None, run_after=None
[2026-07-18T21:46:24.685+0545] {processor.py:183} INFO - Processing /home/snigdh/repos/bigData/spark_demo_env/lib/python3.12/site-packages/airflow/example_dags/tutorial_objectstorage.py took 0.218 seconds
[2026-07-18T21:47:26.963+0545] {processor.py:161} INFO - Started process (PID=270366) to work on /home/snigdh/repos/bigData/spark_demo_env/lib/python3.12/site-packages/airflow/example_dags/tutorial_objectstorage.py
[2026-07-18T21:47:26.965+0545] {processor.py:830} INFO - Processing file /home/snigdh/repos/bigData/spark_demo_env/lib/python3.12/site-packages/airflow/example_dags/tutorial_objectstorage.py for tasks to queue
[2026-07-18T21:47:26.967+0545] {logging_mixin.py:188} INFO - [2026-07-18T21:47:26.966+0545] {dagbag.py:545} INFO - Filling up the DagBag from /home/snigdh/repos/bigData/spark_demo_env/lib/python3.12/site-packages/airflow/example_dags/tutorial_objectstorage.py
[2026-07-18T21:47:26.980+0545] {processor.py:840} INFO - DAG(s) 'tutorial_objectstorage' retrieved from /home/snigdh/repos/bigData/spark_demo_env/lib/python3.12/site-packages/airflow/example_dags/tutorial_objectstorage.py
[2026-07-18T21:47:27.011+0545] {logging_mixin.py:188} INFO - [2026-07-18T21:47:27.011+0545] {dag.py:3089} INFO - Sync 1 DAGs
[2026-07-18T21:47:27.030+0545] {logging_mixin.py:188} INFO - [2026-07-18T21:47:27.029+0545] {dag.py:3947} INFO - Setting next_dagrun for tutorial_objectstorage to None, run_after=None
[2026-07-18T21:47:27.063+0545] {processor.py:183} INFO - Processing /home/snigdh/repos/bigData/spark_demo_env/lib/python3.12/site-packages/airflow/example_dags/tutorial_objectstorage.py took 0.112 seconds
[2026-07-18T21:48:16.622+0545] {processor.py:161} INFO - Started process (PID=271014) to work on /home/snigdh/repos/bigData/spark_demo_env/lib/python3.12/site-packages/airflow/example_dags/tutorial_objectstorage.py
[2026-07-18T21:48:16.624+0545] {processor.py:830} INFO - Processing file /home/snigdh/repos/bigData/spark_demo_env/lib/python3.12/site-packages/airflow/example_dags/tutorial_objectstorage.py for tasks to queue
[2026-07-18T21:48:16.625+0545] {logging_mixin.py:188} INFO - [2026-07-18T21:48:16.625+0545] {dagbag.py:545} INFO - Filling up the DagBag from /home/snigdh/repos/bigData/spark_demo_env/lib/python3.12/site-packages/airflow/example_dags/tutorial_objectstorage.py
[2026-07-18T21:48:16.633+0545] {processor.py:840} INFO - DAG(s) 'tutorial_objectstorage' retrieved from /home/snigdh/repos/bigData/spark_demo_env/lib/python3.12/site-packages/airflow/example_dags/tutorial_objectstorage.py
[2026-07-18T21:48:16.651+0545] {logging_mixin.py:188} INFO - [2026-07-18T21:48:16.651+0545] {dag.py:3089} INFO - Sync 1 DAGs
[2026-07-18T21:48:16.662+0545] {logging_mixin.py:188} INFO - [2026-07-18T21:48:16.662+0545] {dag.py:3947} INFO - Setting next_dagrun for tutorial_objectstorage to None, run_after=None
[2026-07-18T21:48:16.686+0545] {processor.py:183} INFO - Processing /home/snigdh/repos/bigData/spark_demo_env/lib/python3.12/site-packages/airflow/example_dags/tutorial_objectstorage.py took 0.068 seconds
[2026-07-18T21:49:00.774+0545] {processor.py:161} INFO - Started process (PID=271848) to work on /home/snigdh/repos/bigData/spark_demo_env/lib/python3.12/site-packages/airflow/example_dags/tutorial_objectstorage.py
[2026-07-18T21:49:00.778+0545] {processor.py:830} INFO - Processing file /home/snigdh/repos/bigData/spark_demo_env/lib/python3.12/site-packages/airflow/example_dags/tutorial_objectstorage.py for tasks to queue
[2026-07-18T21:49:00.779+0545] {logging_mixin.py:188} INFO - [2026-07-18T21:49:00.778+0545] {dagbag.py:545} INFO - Filling up the DagBag from /home/snigdh/repos/bigData/spark_demo_env/lib/python3.12/site-packages/airflow/example_dags/tutorial_objectstorage.py
[2026-07-18T21:49:00.789+0545] {processor.py:840} INFO - DAG(s) 'tutorial_objectstorage' retrieved from /home/snigdh/repos/bigData/spark_demo_env/lib/python3.12/site-packages/airflow/example_dags/tutorial_objectstorage.py
[2026-07-18T21:49:00.809+0545] {logging_mixin.py:188} INFO - [2026-07-18T21:49:00.808+0545] {dag.py:3089} INFO - Sync 1 DAGs
[2026-07-18T21:49:00.820+0545] {logging_mixin.py:188} INFO - [2026-07-18T21:49:00.819+0545] {dag.py:3947} INFO - Setting next_dagrun for tutorial_objectstorage to None, run_after=None
[2026-07-18T21:49:00.851+0545] {processor.py:183} INFO - Processing /home/snigdh/repos/bigData/spark_demo_env/lib/python3.12/site-packages/airflow/example_dags/tutorial_objectstorage.py took 0.085 seconds
[2026-07-18T21:49:54.024+0545] {processor.py:161} INFO - Started process (PID=272400) to work on /home/snigdh/repos/bigData/spark_demo_env/lib/python3.12/site-packages/airflow/example_dags/tutorial_objectstorage.py
[2026-07-18T21:49:54.028+0545] {processor.py:830} INFO - Processing file /home/snigdh/repos/bigData/spark_demo_env/lib/python3.12/site-packages/airflow/example_dags/tutorial_objectstorage.py for tasks to queue
[2026-07-18T21:49:54.029+0545] {logging_mixin.py:188} INFO - [2026-07-18T21:49:54.028+0545] {dagbag.py:545} INFO - Filling up the DagBag from /home/snigdh/repos/bigData/spark_demo_env/lib/python3.12/site-packages/airflow/example_dags/tutorial_objectstorage.py
[2026-07-18T21:49:54.039+0545] {processor.py:840} INFO - DAG(s) 'tutorial_objectstorage' retrieved from /home/snigdh/repos/bigData/spark_demo_env/lib/python3.12/site-packages/airflow/example_dags/tutorial_objectstorage.py
[2026-07-18T21:49:54.055+0545] {logging_mixin.py:188} INFO - [2026-07-18T21:49:54.055+0545] {dag.py:3089} INFO - Sync 1 DAGs
[2026-07-18T21:49:54.064+0545] {logging_mixin.py:188} INFO - [2026-07-18T21:49:54.064+0545] {dag.py:3947} INFO - Setting next_dagrun for tutorial_objectstorage to None, run_after=None
[2026-07-18T21:49:54.084+0545] {processor.py:183} INFO - Processing /home/snigdh/repos/bigData/spark_demo_env/lib/python3.12/site-packages/airflow/example_dags/tutorial_objectstorage.py took 0.067 seconds
[2026-07-18T21:50:40.876+0545] {processor.py:161} INFO - Started process (PID=273032) to work on /home/snigdh/repos/bigData/spark_demo_env/lib/python3.12/site-packages/airflow/example_dags/tutorial_objectstorage.py
[2026-07-18T21:50:40.877+0545] {processor.py:830} INFO - Processing file /home/snigdh/repos/bigData/spark_demo_env/lib/python3.12/site-packages/airflow/example_dags/tutorial_objectstorage.py for tasks to queue
[2026-07-18T21:50:40.879+0545] {logging_mixin.py:188} INFO - [2026-07-18T21:50:40.878+0545] {dagbag.py:545} INFO - Filling up the DagBag from /home/snigdh/repos/bigData/spark_demo_env/lib/python3.12/site-packages/airflow/example_dags/tutorial_objectstorage.py
[2026-07-18T21:50:40.891+0545] {processor.py:840} INFO - DAG(s) 'tutorial_objectstorage' retrieved from /home/snigdh/repos/bigData/spark_demo_env/lib/python3.12/site-packages/airflow/example_dags/tutorial_objectstorage.py
[2026-07-18T21:50:40.914+0545] {logging_mixin.py:188} INFO - [2026-07-18T21:50:40.914+0545] {dag.py:3089} INFO - Sync 1 DAGs
[2026-07-18T21:50:40.931+0545] {logging_mixin.py:188} INFO - [2026-07-18T21:50:40.931+0545] {dag.py:3947} INFO - Setting next_dagrun for tutorial_objectstorage to None, run_after=None
[2026-07-18T21:50:40.957+0545] {processor.py:183} INFO - Processing /home/snigdh/repos/bigData/spark_demo_env/lib/python3.12/site-packages/airflow/example_dags/tutorial_objectstorage.py took 0.091 seconds
[2026-07-18T21:51:26.950+0545] {processor.py:161} INFO - Started process (PID=273605) to work on /home/snigdh/repos/bigData/spark_demo_env/lib/python3.12/site-packages/airflow/example_dags/tutorial_objectstorage.py
[2026-07-18T21:51:26.953+0545] {processor.py:830} INFO - Processing file /home/snigdh/repos/bigData/spark_demo_env/lib/python3.12/site-packages/airflow/example_dags/tutorial_objectstorage.py for tasks to queue
[2026-07-18T21:51:26.954+0545] {logging_mixin.py:188} INFO - [2026-07-18T21:51:26.953+0545] {dagbag.py:545} INFO - Filling up the DagBag from /home/snigdh/repos/bigData/spark_demo_env/lib/python3.12/site-packages/airflow/example_dags/tutorial_objectstorage.py
[2026-07-18T21:51:26.962+0545] {processor.py:840} INFO - DAG(s) 'tutorial_objectstorage' retrieved from /home/snigdh/repos/bigData/spark_demo_env/lib/python3.12/site-packages/airflow/example_dags/tutorial_objectstorage.py
[2026-07-18T21:51:26.982+0545] {logging_mixin.py:188} INFO - [2026-07-18T21:51:26.982+0545] {dag.py:3089} INFO - Sync 1 DAGs
[2026-07-18T21:51:26.994+0545] {logging_mixin.py:188} INFO - [2026-07-18T21:51:26.994+0545] {dag.py:3947} INFO - Setting next_dagrun for tutorial_objectstorage to None, run_after=None
[2026-07-18T21:51:27.014+0545] {processor.py:183} INFO - Processing /home/snigdh/repos/bigData/spark_demo_env/lib/python3.12/site-packages/airflow/example_dags/tutorial_objectstorage.py took 0.070 seconds
[2026-07-18T21:52:13.392+0545] {processor.py:161} INFO - Started process (PID=274243) to work on /home/snigdh/repos/bigData/spark_demo_env/lib/python3.12/site-packages/airflow/example_dags/tutorial_objectstorage.py
[2026-07-18T21:52:13.394+0545] {processor.py:830} INFO - Processing file /home/snigdh/repos/bigData/spark_demo_env/lib/python3.12/site-packages/airflow/example_dags/tutorial_objectstorage.py for tasks to queue
[2026-07-18T21:52:13.394+0545] {logging_mixin.py:188} INFO - [2026-07-18T21:52:13.394+0545] {dagbag.py:545} INFO - Filling up the DagBag from /home/snigdh/repos/bigData/spark_demo_env/lib/python3.12/site-packages/airflow/example_dags/tutorial_objectstorage.py
[2026-07-18T21:52:13.401+0545] {processor.py:840} INFO - DAG(s) 'tutorial_objectstorage' retrieved from /home/snigdh/repos/bigData/spark_demo_env/lib/python3.12/site-packages/airflow/example_dags/tutorial_objectstorage.py
[2026-07-18T21:52:13.420+0545] {logging_mixin.py:188} INFO - [2026-07-18T21:52:13.420+0545] {dag.py:3089} INFO - Sync 1 DAGs
[2026-07-18T21:52:13.432+0545] {logging_mixin.py:188} INFO - [2026-07-18T21:52:13.432+0545] {dag.py:3947} INFO - Setting next_dagrun for tutorial_objectstorage to None, run_after=None
[2026-07-18T21:52:13.452+0545] {processor.py:183} INFO - Processing /home/snigdh/repos/bigData/spark_demo_env/lib/python3.12/site-packages/airflow/example_dags/tutorial_objectstorage.py took 0.066 seconds
[2026-07-18T21:52:59.130+0545] {processor.py:161} INFO - Started process (PID=274882) to work on /home/snigdh/repos/bigData/spark_demo_env/lib/python3.12/site-packages/airflow/example_dags/tutorial_objectstorage.py
[2026-07-18T21:52:59.133+0545] {processor.py:830} INFO - Processing file /home/snigdh/repos/bigData/spark_demo_env/lib/python3.12/site-packages/airflow/example_dags/tutorial_objectstorage.py for tasks to queue
[2026-07-18T21:52:59.135+0545] {logging_mixin.py:188} INFO - [2026-07-18T21:52:59.134+0545] {dagbag.py:545} INFO - Filling up the DagBag from /home/snigdh/repos/bigData/spark_demo_env/lib/python3.12/site-packages/airflow/example_dags/tutorial_objectstorage.py
[2026-07-18T21:52:59.143+0545] {processor.py:840} INFO - DAG(s) 'tutorial_objectstorage' retrieved from /home/snigdh/repos/bigData/spark_demo_env/lib/python3.12/site-packages/airflow/example_dags/tutorial_objectstorage.py
[2026-07-18T21:52:59.160+0545] {logging_mixin.py:188} INFO - [2026-07-18T21:52:59.160+0545] {dag.py:3089} INFO - Sync 1 DAGs
[2026-07-18T21:52:59.172+0545] {logging_mixin.py:188} INFO - [2026-07-18T21:52:59.172+0545] {dag.py:3947} INFO - Setting next_dagrun for tutorial_objectstorage to None, run_after=None
[2026-07-18T21:52:59.200+0545] {processor.py:183} INFO - Processing /home/snigdh/repos/bigData/spark_demo_env/lib/python3.12/site-packages/airflow/example_dags/tutorial_objectstorage.py took 0.078 seconds
[2026-07-18T21:53:46.191+0545] {processor.py:161} INFO - Started process (PID=275476) to work on /home/snigdh/repos/bigData/spark_demo_env/lib/python3.12/site-packages/airflow/example_dags/tutorial_objectstorage.py
[2026-07-18T21:53:46.195+0545] {processor.py:830} INFO - Processing file /home/snigdh/repos/bigData/spark_demo_env/lib/python3.12/site-packages/airflow/example_dags/tutorial_objectstorage.py for tasks to queue
[2026-07-18T21:53:46.196+0545] {logging_mixin.py:188} INFO - [2026-07-18T21:53:46.195+0545] {dagbag.py:545} INFO - Filling up the DagBag from /home/snigdh/repos/bigData/spark_demo_env/lib/python3.12/site-packages/airflow/example_dags/tutorial_objectstorage.py
[2026-07-18T21:53:46.205+0545] {processor.py:840} INFO - DAG(s) 'tutorial_objectstorage' retrieved from /home/snigdh/repos/bigData/spark_demo_env/lib/python3.12/site-packages/airflow/example_dags/tutorial_objectstorage.py
[2026-07-18T21:53:46.224+0545] {logging_mixin.py:188} INFO - [2026-07-18T21:53:46.224+0545] {dag.py:3089} INFO - Sync 1 DAGs
[2026-07-18T21:53:46.236+0545] {logging_mixin.py:188} INFO - [2026-07-18T21:53:46.236+0545] {dag.py:3947} INFO - Setting next_dagrun for tutorial_objectstorage to None, run_after=None
[2026-07-18T21:53:46.265+0545] {processor.py:183} INFO - Processing /home/snigdh/repos/bigData/spark_demo_env/lib/python3.12/site-packages/airflow/example_dags/tutorial_objectstorage.py took 0.083 seconds
[2026-07-18T21:54:36.017+0545] {processor.py:161} INFO - Started process (PID=276354) to work on /home/snigdh/repos/bigData/spark_demo_env/lib/python3.12/site-packages/airflow/example_dags/tutorial_objectstorage.py
[2026-07-18T21:54:36.019+0545] {processor.py:830} INFO - Processing file /home/snigdh/repos/bigData/spark_demo_env/lib/python3.12/site-packages/airflow/example_dags/tutorial_objectstorage.py for tasks to queue
[2026-07-18T21:54:36.021+0545] {logging_mixin.py:188} INFO - [2026-07-18T21:54:36.020+0545] {dagbag.py:545} INFO - Filling up the DagBag from /home/snigdh/repos/bigData/spark_demo_env/lib/python3.12/site-packages/airflow/example_dags/tutorial_objectstorage.py
[2026-07-18T21:54:36.034+0545] {processor.py:840} INFO - DAG(s) 'tutorial_objectstorage' retrieved from /home/snigdh/repos/bigData/spark_demo_env/lib/python3.12/site-packages/airflow/example_dags/tutorial_objectstorage.py
[2026-07-18T21:54:36.059+0545] {logging_mixin.py:188} INFO - [2026-07-18T21:54:36.059+0545] {dag.py:3089} INFO - Sync 1 DAGs
[2026-07-18T21:54:36.074+0545] {logging_mixin.py:188} INFO - [2026-07-18T21:54:36.074+0545] {dag.py:3947} INFO - Setting next_dagrun for tutorial_objectstorage to None, run_after=None
[2026-07-18T21:54:36.098+0545] {processor.py:183} INFO - Processing /home/snigdh/repos/bigData/spark_demo_env/lib/python3.12/site-packages/airflow/example_dags/tutorial_objectstorage.py took 0.088 seconds
[2026-07-18T21:55:21.627+0545] {processor.py:161} INFO - Started process (PID=276878) to work on /home/snigdh/repos/bigData/spark_demo_env/lib/python3.12/site-packages/airflow/example_dags/tutorial_objectstorage.py
[2026-07-18T21:55:21.629+0545] {processor.py:830} INFO - Processing file /home/snigdh/repos/bigData/spark_demo_env/lib/python3.12/site-packages/airflow/example_dags/tutorial_objectstorage.py for tasks to queue
[2026-07-18T21:55:21.630+0545] {logging_mixin.py:188} INFO - [2026-07-18T21:55:21.630+0545] {dagbag.py:545} INFO - Filling up the DagBag from /home/snigdh/repos/bigData/spark_demo_env/lib/python3.12/site-packages/airflow/example_dags/tutorial_objectstorage.py
[2026-07-18T21:55:21.640+0545] {processor.py:840} INFO - DAG(s) 'tutorial_objectstorage' retrieved from /home/snigdh/repos/bigData/spark_demo_env/lib/python3.12/site-packages/airflow/example_dags/tutorial_objectstorage.py
[2026-07-18T21:55:21.663+0545] {logging_mixin.py:188} INFO - [2026-07-18T21:55:21.662+0545] {dag.py:3089} INFO - Sync 1 DAGs
[2026-07-18T21:55:21.676+0545] {logging_mixin.py:188} INFO - [2026-07-18T21:55:21.676+0545] {dag.py:3947} INFO - Setting next_dagrun for tutorial_objectstorage to None, run_after=None
[2026-07-18T21:55:21.701+0545] {processor.py:183} INFO - Processing /home/snigdh/repos/bigData/spark_demo_env/lib/python3.12/site-packages/airflow/example_dags/tutorial_objectstorage.py took 0.082 seconds
[2026-07-18T21:56:06.874+0545] {processor.py:161} INFO - Started process (PID=277333) to work on /home/snigdh/repos/bigData/spark_demo_env/lib/python3.12/site-packages/airflow/example_dags/tutorial_objectstorage.py
[2026-07-18T21:56:06.878+0545] {processor.py:830} INFO - Processing file /home/snigdh/repos/bigData/spark_demo_env/lib/python3.12/site-packages/airflow/example_dags/tutorial_objectstorage.py for tasks to queue
[2026-07-18T21:56:06.879+0545] {logging_mixin.py:188} INFO - [2026-07-18T21:56:06.879+0545] {dagbag.py:545} INFO - Filling up the DagBag from /home/snigdh/repos/bigData/spark_demo_env/lib/python3.12/site-packages/airflow/example_dags/tutorial_objectstorage.py
[2026-07-18T21:56:06.890+0545] {processor.py:840} INFO - DAG(s) 'tutorial_objectstorage' retrieved from /home/snigdh/repos/bigData/spark_demo_env/lib/python3.12/site-packages/airflow/example_dags/tutorial_objectstorage.py
[2026-07-18T21:56:06.910+0545] {logging_mixin.py:188} INFO - [2026-07-18T21:56:06.910+0545] {dag.py:3089} INFO - Sync 1 DAGs
[2026-07-18T21:56:06.926+0545] {logging_mixin.py:188} INFO - [2026-07-18T21:56:06.925+0545] {dag.py:3947} INFO - Setting next_dagrun for tutorial_objectstorage to None, run_after=None
[2026-07-18T21:56:06.955+0545] {processor.py:183} INFO - Processing /home/snigdh/repos/bigData/spark_demo_env/lib/python3.12/site-packages/airflow/example_dags/tutorial_objectstorage.py took 0.088 seconds
[2026-07-18T21:56:49.774+0545] {processor.py:161} INFO - Started process (PID=277725) to work on /home/snigdh/repos/bigData/spark_demo_env/lib/python3.12/site-packages/airflow/example_dags/tutorial_objectstorage.py
[2026-07-18T21:56:49.778+0545] {processor.py:830} INFO - Processing file /home/snigdh/repos/bigData/spark_demo_env/lib/python3.12/site-packages/airflow/example_dags/tutorial_objectstorage.py for tasks to queue
[2026-07-18T21:56:49.780+0545] {logging_mixin.py:188} INFO - [2026-07-18T21:56:49.779+0545] {dagbag.py:545} INFO - Filling up the DagBag from /home/snigdh/repos/bigData/spark_demo_env/lib/python3.12/site-packages/airflow/example_dags/tutorial_objectstorage.py
[2026-07-18T21:56:49.789+0545] {processor.py:840} INFO - DAG(s) 'tutorial_objectstorage' retrieved from /home/snigdh/repos/bigData/spark_demo_env/lib/python3.12/site-packages/airflow/example_dags/tutorial_objectstorage.py
[2026-07-18T21:56:49.810+0545] {logging_mixin.py:188} INFO - [2026-07-18T21:56:49.809+0545] {dag.py:3089} INFO - Sync 1 DAGs
[2026-07-18T21:56:49.821+0545] {logging_mixin.py:188} INFO - [2026-07-18T21:56:49.820+0545] {dag.py:3947} INFO - Setting next_dagrun for tutorial_objectstorage to None, run_after=None
[2026-07-18T21:56:49.841+0545] {processor.py:183} INFO - Processing /home/snigdh/repos/bigData/spark_demo_env/lib/python3.12/site-packages/airflow/example_dags/tutorial_objectstorage.py took 0.074 seconds
[2026-07-18T21:57:35.378+0545] {processor.py:161} INFO - Started process (PID=278193) to work on /home/snigdh/repos/bigData/spark_demo_env/lib/python3.12/site-packages/airflow/example_dags/tutorial_objectstorage.py
[2026-07-18T21:57:35.382+0545] {processor.py:830} INFO - Processing file /home/snigdh/repos/bigData/spark_demo_env/lib/python3.12/site-packages/airflow/example_dags/tutorial_objectstorage.py for tasks to queue
[2026-07-18T21:57:35.383+0545] {logging_mixin.py:188} INFO - [2026-07-18T21:57:35.382+0545] {dagbag.py:545} INFO - Filling up the DagBag from /home/snigdh/repos/bigData/spark_demo_env/lib/python3.12/site-packages/airflow/example_dags/tutorial_objectstorage.py
[2026-07-18T21:57:35.391+0545] {processor.py:840} INFO - DAG(s) 'tutorial_objectstorage' retrieved from /home/snigdh/repos/bigData/spark_demo_env/lib/python3.12/site-packages/airflow/example_dags/tutorial_objectstorage.py
[2026-07-18T21:57:35.409+0545] {logging_mixin.py:188} INFO - [2026-07-18T21:57:35.409+0545] {dag.py:3089} INFO - Sync 1 DAGs
[2026-07-18T21:57:35.420+0545] {logging_mixin.py:188} INFO - [2026-07-18T21:57:35.419+0545] {dag.py:3947} INFO - Setting next_dagrun for tutorial_objectstorage to None, run_after=None
[2026-07-18T21:57:35.450+0545] {processor.py:183} INFO - Processing /home/snigdh/repos/bigData/spark_demo_env/lib/python3.12/site-packages/airflow/example_dags/tutorial_objectstorage.py took 0.080 seconds
[2026-07-18T21:58:20.210+0545] {processor.py:161} INFO - Started process (PID=278588) to work on /home/snigdh/repos/bigData/spark_demo_env/lib/python3.12/site-packages/airflow/example_dags/tutorial_objectstorage.py
[2026-07-18T21:58:20.214+0545] {processor.py:830} INFO - Processing file /home/snigdh/repos/bigData/spark_demo_env/lib/python3.12/site-packages/airflow/example_dags/tutorial_objectstorage.py for tasks to queue
[2026-07-18T21:58:20.215+0545] {logging_mixin.py:188} INFO - [2026-07-18T21:58:20.215+0545] {dagbag.py:545} INFO - Filling up the DagBag from /home/snigdh/repos/bigData/spark_demo_env/lib/python3.12/site-packages/airflow/example_dags/tutorial_objectstorage.py
[2026-07-18T21:58:20.226+0545] {processor.py:840} INFO - DAG(s) 'tutorial_objectstorage' retrieved from /home/snigdh/repos/bigData/spark_demo_env/lib/python3.12/site-packages/airflow/example_dags/tutorial_objectstorage.py
[2026-07-18T21:58:20.249+0545] {logging_mixin.py:188} INFO - [2026-07-18T21:58:20.248+0545] {dag.py:3089} INFO - Sync 1 DAGs
[2026-07-18T21:58:20.261+0545] {logging_mixin.py:188} INFO - [2026-07-18T21:58:20.261+0545] {dag.py:3947} INFO - Setting next_dagrun for tutorial_objectstorage to None, run_after=None
[2026-07-18T21:58:20.286+0545] {processor.py:183} INFO - Processing /home/snigdh/repos/bigData/spark_demo_env/lib/python3.12/site-packages/airflow/example_dags/tutorial_objectstorage.py took 0.084 seconds
[2026-07-18T21:59:06.961+0545] {processor.py:161} INFO - Started process (PID=279060) to work on /home/snigdh/repos/bigData/spark_demo_env/lib/python3.12/site-packages/airflow/example_dags/tutorial_objectstorage.py
[2026-07-18T21:59:06.964+0545] {processor.py:830} INFO - Processing file /home/snigdh/repos/bigData/spark_demo_env/lib/python3.12/site-packages/airflow/example_dags/tutorial_objectstorage.py for tasks to queue
[2026-07-18T21:59:06.966+0545] {logging_mixin.py:188} INFO - [2026-07-18T21:59:06.965+0545] {dagbag.py:545} INFO - Filling up the DagBag from /home/snigdh/repos/bigData/spark_demo_env/lib/python3.12/site-packages/airflow/example_dags/tutorial_objectstorage.py
[2026-07-18T21:59:06.976+0545] {processor.py:840} INFO - DAG(s) 'tutorial_objectstorage' retrieved from /home/snigdh/repos/bigData/spark_demo_env/lib/python3.12/site-packages/airflow/example_dags/tutorial_objectstorage.py
[2026-07-18T21:59:06.997+0545] {logging_mixin.py:188} INFO - [2026-07-18T21:59:06.997+0545] {dag.py:3089} INFO - Sync 1 DAGs
[2026-07-18T21:59:07.009+0545] {logging_mixin.py:188} INFO - [2026-07-18T21:59:07.009+0545] {dag.py:3947} INFO - Setting next_dagrun for tutorial_objectstorage to None, run_after=None
[2026-07-18T21:59:07.036+0545] {processor.py:183} INFO - Processing /home/snigdh/repos/bigData/spark_demo_env/lib/python3.12/site-packages/airflow/example_dags/tutorial_objectstorage.py took 0.083 seconds
[2026-07-18T21:59:53.472+0545] {processor.py:161} INFO - Started process (PID=279454) to work on /home/snigdh/repos/bigData/spark_demo_env/lib/python3.12/site-packages/airflow/example_dags/tutorial_objectstorage.py
[2026-07-18T21:59:53.476+0545] {processor.py:830} INFO - Processing file /home/snigdh/repos/bigData/spark_demo_env/lib/python3.12/site-packages/airflow/example_dags/tutorial_objectstorage.py for tasks to queue
[2026-07-18T21:59:53.477+0545] {logging_mixin.py:188} INFO - [2026-07-18T21:59:53.477+0545] {dagbag.py:545} INFO - Filling up the DagBag from /home/snigdh/repos/bigData/spark_demo_env/lib/python3.12/site-packages/airflow/example_dags/tutorial_objectstorage.py
[2026-07-18T21:59:53.487+0545] {processor.py:840} INFO - DAG(s) 'tutorial_objectstorage' retrieved from /home/snigdh/repos/bigData/spark_demo_env/lib/python3.12/site-packages/airflow/example_dags/tutorial_objectstorage.py
[2026-07-18T21:59:53.508+0545] {logging_mixin.py:188} INFO - [2026-07-18T21:59:53.508+0545] {dag.py:3089} INFO - Sync 1 DAGs
[2026-07-18T21:59:53.519+0545] {logging_mixin.py:188} INFO - [2026-07-18T21:59:53.519+0545] {dag.py:3947} INFO - Setting next_dagrun for tutorial_objectstorage to None, run_after=None
[2026-07-18T21:59:53.539+0545] {processor.py:183} INFO - Processing /home/snigdh/repos/bigData/spark_demo_env/lib/python3.12/site-packages/airflow/example_dags/tutorial_objectstorage.py took 0.075 seconds
[2026-07-18T22:00:41.462+0545] {processor.py:161} INFO - Started process (PID=279930) to work on /home/snigdh/repos/bigData/spark_demo_env/lib/python3.12/site-packages/airflow/example_dags/tutorial_objectstorage.py
[2026-07-18T22:00:41.465+0545] {processor.py:830} INFO - Processing file /home/snigdh/repos/bigData/spark_demo_env/lib/python3.12/site-packages/airflow/example_dags/tutorial_objectstorage.py for tasks to queue
[2026-07-18T22:00:41.467+0545] {logging_mixin.py:188} INFO - [2026-07-18T22:00:41.466+0545] {dagbag.py:545} INFO - Filling up the DagBag from /home/snigdh/repos/bigData/spark_demo_env/lib/python3.12/site-packages/airflow/example_dags/tutorial_objectstorage.py
[2026-07-18T22:00:41.477+0545] {processor.py:840} INFO - DAG(s) 'tutorial_objectstorage' retrieved from /home/snigdh/repos/bigData/spark_demo_env/lib/python3.12/site-packages/airflow/example_dags/tutorial_objectstorage.py
[2026-07-18T22:00:41.498+0545] {logging_mixin.py:188} INFO - [2026-07-18T22:00:41.498+0545] {dag.py:3089} INFO - Sync 1 DAGs
[2026-07-18T22:00:41.512+0545] {logging_mixin.py:188} INFO - [2026-07-18T22:00:41.512+0545] {dag.py:3947} INFO - Setting next_dagrun for tutorial_objectstorage to None, run_after=None
[2026-07-18T22:00:41.539+0545] {processor.py:183} INFO - Processing /home/snigdh/repos/bigData/spark_demo_env/lib/python3.12/site-packages/airflow/example_dags/tutorial_objectstorage.py took 0.085 seconds
[2026-07-18T22:01:27.034+0545] {processor.py:161} INFO - Started process (PID=280311) to work on /home/snigdh/repos/bigData/spark_demo_env/lib/python3.12/site-packages/airflow/example_dags/tutorial_objectstorage.py
[2026-07-18T22:01:27.038+0545] {processor.py:830} INFO - Processing file /home/snigdh/repos/bigData/spark_demo_env/lib/python3.12/site-packages/airflow/example_dags/tutorial_objectstorage.py for tasks to queue
[2026-07-18T22:01:27.039+0545] {logging_mixin.py:188} INFO - [2026-07-18T22:01:27.039+0545] {dagbag.py:545} INFO - Filling up the DagBag from /home/snigdh/repos/bigData/spark_demo_env/lib/python3.12/site-packages/airflow/example_dags/tutorial_objectstorage.py
[2026-07-18T22:01:27.049+0545] {processor.py:840} INFO - DAG(s) 'tutorial_objectstorage' retrieved from /home/snigdh/repos/bigData/spark_demo_env/lib/python3.12/site-packages/airflow/example_dags/tutorial_objectstorage.py
[2026-07-18T22:01:27.070+0545] {logging_mixin.py:188} INFO - [2026-07-18T22:01:27.070+0545] {dag.py:3089} INFO - Sync 1 DAGs
[2026-07-18T22:01:27.082+0545] {logging_mixin.py:188} INFO - [2026-07-18T22:01:27.082+0545] {dag.py:3947} INFO - Setting next_dagrun for tutorial_objectstorage to None, run_after=None
[2026-07-18T22:01:27.104+0545] {processor.py:183} INFO - Processing /home/snigdh/repos/bigData/spark_demo_env/lib/python3.12/site-packages/airflow/example_dags/tutorial_objectstorage.py took 0.077 seconds
[2026-07-18T22:02:11.731+0545] {processor.py:161} INFO - Started process (PID=280763) to work on /home/snigdh/repos/bigData/spark_demo_env/lib/python3.12/site-packages/airflow/example_dags/tutorial_objectstorage.py
[2026-07-18T22:02:11.735+0545] {processor.py:830} INFO - Processing file /home/snigdh/repos/bigData/spark_demo_env/lib/python3.12/site-packages/airflow/example_dags/tutorial_objectstorage.py for tasks to queue
[2026-07-18T22:02:11.736+0545] {logging_mixin.py:188} INFO - [2026-07-18T22:02:11.736+0545] {dagbag.py:545} INFO - Filling up the DagBag from /home/snigdh/repos/bigData/spark_demo_env/lib/python3.12/site-packages/airflow/example_dags/tutorial_objectstorage.py
[2026-07-18T22:02:11.746+0545] {processor.py:840} INFO - DAG(s) 'tutorial_objectstorage' retrieved from /home/snigdh/repos/bigData/spark_demo_env/lib/python3.12/site-packages/airflow/example_dags/tutorial_objectstorage.py
[2026-07-18T22:02:11.769+0545] {logging_mixin.py:188} INFO - [2026-07-18T22:02:11.768+0545] {dag.py:3089} INFO - Sync 1 DAGs
[2026-07-18T22:02:11.784+0545] {logging_mixin.py:188} INFO - [2026-07-18T22:02:11.783+0545] {dag.py:3947} INFO - Setting next_dagrun for tutorial_objectstorage to None, run_after=None
[2026-07-18T22:02:11.808+0545] {processor.py:183} INFO - Processing /home/snigdh/repos/bigData/spark_demo_env/lib/python3.12/site-packages/airflow/example_dags/tutorial_objectstorage.py took 0.085 seconds
