[2026-07-19T19:30:48.353+0545] {local_task_job_runner.py:120} INFO - ::group::Pre task execution logs
[2026-07-19T19:30:48.371+0545] {taskinstance.py:2076} INFO - Dependencies all met for dep_context=non-requeueable deps ti=<TaskInstance: network_traffic_pipeline.prepare_features manual__2026-07-19T13:45:00.072255+00:00 [queued]>
[2026-07-19T19:30:48.377+0545] {taskinstance.py:2076} INFO - Dependencies all met for dep_context=requeueable deps ti=<TaskInstance: network_traffic_pipeline.prepare_features manual__2026-07-19T13:45:00.072255+00:00 [queued]>
[2026-07-19T19:30:48.377+0545] {taskinstance.py:2306} INFO - Starting attempt 1 of 2
[2026-07-19T19:30:48.390+0545] {taskinstance.py:2330} INFO - Executing <Task(BashOperator): prepare_features> on 2026-07-19 13:45:00.072255+00:00
[2026-07-19T19:30:48.394+0545] {standard_task_runner.py:64} INFO - Started process 68524 to run task
[2026-07-19T19:30:48.396+0545] {standard_task_runner.py:90} INFO - Running: ['airflow', 'tasks', 'run', 'network_traffic_pipeline', 'prepare_features', 'manual__2026-07-19T13:45:00.072255+00:00', '--job-id', '44', '--raw', '--subdir', 'DAGS_FOLDER/network_traffic_pipeline_dag.py', '--cfg-path', '/tmp/tmpt3uas98w']
[2026-07-19T19:30:48.398+0545] {standard_task_runner.py:91} INFO - Job 44: Subtask prepare_features
[2026-07-19T19:30:48.429+0545] {task_command.py:426} INFO - Running <TaskInstance: network_traffic_pipeline.prepare_features manual__2026-07-19T13:45:00.072255+00:00 [running]> on host snigdh-IdeaPad-Slim-3-15IAH8
[2026-07-19T19:30:48.480+0545] {taskinstance.py:2648} INFO - Exporting env vars: AIRFLOW_CTX_DAG_OWNER='you' AIRFLOW_CTX_DAG_ID='network_traffic_pipeline' AIRFLOW_CTX_TASK_ID='prepare_features' AIRFLOW_CTX_EXECUTION_DATE='2026-07-19T13:45:00.072255+00:00' AIRFLOW_CTX_TRY_NUMBER='1' AIRFLOW_CTX_DAG_RUN_ID='manual__2026-07-19T13:45:00.072255+00:00'
[2026-07-19T19:30:48.481+0545] {taskinstance.py:430} INFO - ::endgroup::
[2026-07-19T19:30:48.482+0545] {subprocess.py:63} INFO - Tmp dir root location: /tmp
[2026-07-19T19:30:48.482+0545] {subprocess.py:75} INFO - Running command: ['/usr/bin/bash', '-c', 'cd /home/snigdh/repos/bigData && docker-compose exec spark-master /opt/spark/bin/spark-submit --master spark://localhost:7077 --py-files /app/common.py --conf spark.ui.port=4040 --conf spark.sql.extensions=io.delta.sql.DeltaSparkSessionExtension --conf spark.sql.catalog.spark_catalog=org.apache.spark.sql.delta.catalog.DeltaCatalog /app/task_prepare_features.py']
[2026-07-19T19:30:48.492+0545] {subprocess.py:86} INFO - Output:
[2026-07-19T19:31:01.135+0545] {subprocess.py:93} INFO - 26/07/19 13:46:01 INFO SparkContext: Running Spark version 3.5.0
[2026-07-19T19:31:01.137+0545] {subprocess.py:93} INFO - 26/07/19 13:46:01 INFO SparkContext: OS info Linux, 6.8.0-136-generic, amd64
[2026-07-19T19:31:01.138+0545] {subprocess.py:93} INFO - 26/07/19 13:46:01 INFO SparkContext: Java version 11.0.20.1
[2026-07-19T19:31:01.306+0545] {subprocess.py:93} INFO - 26/07/19 13:46:01 INFO ResourceUtils: ==============================================================
[2026-07-19T19:31:01.306+0545] {subprocess.py:93} INFO - 26/07/19 13:46:01 INFO ResourceUtils: No custom resources configured for spark.driver.
[2026-07-19T19:31:01.307+0545] {subprocess.py:93} INFO - 26/07/19 13:46:01 INFO ResourceUtils: ==============================================================
[2026-07-19T19:31:01.307+0545] {subprocess.py:93} INFO - 26/07/19 13:46:01 INFO SparkContext: Submitted application: anomaly_prepare_features
[2026-07-19T19:31:01.408+0545] {subprocess.py:93} INFO - 26/07/19 13:46:01 INFO ResourceProfile: Default ResourceProfile created, executor resources: Map(memory -> name: memory, amount: 1024, script: , vendor: , offHeap -> name: offHeap, amount: 0, script: , vendor: ), task resources: Map(cpus -> name: cpus, amount: 1.0)
[2026-07-19T19:31:01.417+0545] {subprocess.py:93} INFO - 26/07/19 13:46:01 INFO ResourceProfile: Limiting resource is cpu
[2026-07-19T19:31:01.417+0545] {subprocess.py:93} INFO - 26/07/19 13:46:01 INFO ResourceProfileManager: Added ResourceProfile id: 0
[2026-07-19T19:31:01.617+0545] {subprocess.py:93} INFO - 26/07/19 13:46:01 INFO SecurityManager: Changing view acls to: spark
[2026-07-19T19:31:01.618+0545] {subprocess.py:93} INFO - 26/07/19 13:46:01 INFO SecurityManager: Changing modify acls to: spark
[2026-07-19T19:31:01.618+0545] {subprocess.py:93} INFO - 26/07/19 13:46:01 INFO SecurityManager: Changing view acls groups to:
[2026-07-19T19:31:01.618+0545] {subprocess.py:93} INFO - 26/07/19 13:46:01 INFO SecurityManager: Changing modify acls groups to:
[2026-07-19T19:31:01.618+0545] {subprocess.py:93} INFO - 26/07/19 13:46:01 INFO SecurityManager: SecurityManager: authentication disabled; ui acls disabled; users with view permissions: spark; groups with view permissions: EMPTY; users with modify permissions: spark; groups with modify permissions: EMPTY
[2026-07-19T19:31:02.219+0545] {subprocess.py:93} INFO - 26/07/19 13:46:02 INFO Utils: Successfully started service 'sparkDriver' on port 46613.
[2026-07-19T19:31:02.325+0545] {subprocess.py:93} INFO - 26/07/19 13:46:02 INFO SparkEnv: Registering MapOutputTracker
[2026-07-19T19:31:02.502+0545] {subprocess.py:93} INFO - 26/07/19 13:46:02 INFO SparkEnv: Registering BlockManagerMaster
[2026-07-19T19:31:02.517+0545] {subprocess.py:93} INFO - 26/07/19 13:46:02 INFO BlockManagerMasterEndpoint: Using org.apache.spark.storage.DefaultTopologyMapper for getting topology information
[2026-07-19T19:31:02.517+0545] {subprocess.py:93} INFO - 26/07/19 13:46:02 INFO BlockManagerMasterEndpoint: BlockManagerMasterEndpoint up
[2026-07-19T19:31:02.520+0545] {subprocess.py:93} INFO - 26/07/19 13:46:02 INFO SparkEnv: Registering BlockManagerMasterHeartbeat
[2026-07-19T19:31:02.618+0545] {subprocess.py:93} INFO - 26/07/19 13:46:02 INFO DiskBlockManager: Created local directory at /tmp/blockmgr-730f0b6d-d7bf-438a-9f12-1d87ae5e7289
[2026-07-19T19:31:02.705+0545] {subprocess.py:93} INFO - 26/07/19 13:46:02 INFO MemoryStore: MemoryStore started with capacity 413.9 MiB
[2026-07-19T19:31:02.717+0545] {subprocess.py:93} INFO - 26/07/19 13:46:02 INFO SparkEnv: Registering OutputCommitCoordinator
[2026-07-19T19:31:03.012+0545] {subprocess.py:93} INFO - 26/07/19 13:46:03 INFO JettyUtils: Start Jetty 0.0.0.0:4040 for SparkUI
[2026-07-19T19:31:03.124+0545] {subprocess.py:93} INFO - 26/07/19 13:46:03 INFO Utils: Successfully started service 'SparkUI' on port 4040.
[2026-07-19T19:31:03.224+0545] {subprocess.py:93} INFO - 26/07/19 13:46:03 INFO SparkContext: Added file file:///app/common.py at spark://7aa1691b5e48:46613/files/common.py with timestamp 1784468761120
[2026-07-19T19:31:03.297+0545] {subprocess.py:93} INFO - 26/07/19 13:46:03 INFO Utils: Copying /app/common.py to /tmp/spark-e3f3a22b-748d-48bf-9d4b-b140171e61f3/userFiles-bb109e15-2664-401c-931e-17455fb4da7c/common.py
[2026-07-19T19:31:03.705+0545] {subprocess.py:93} INFO - 26/07/19 13:46:03 INFO StandaloneAppClient$ClientEndpoint: Connecting to master spark://localhost:7077...
[2026-07-19T19:31:03.904+0545] {subprocess.py:93} INFO - 26/07/19 13:46:03 INFO TransportClientFactory: Successfully created connection to localhost/127.0.0.1:7077 after 100 ms (0 ms spent in bootstraps)
[2026-07-19T19:31:04.500+0545] {subprocess.py:93} INFO - 26/07/19 13:46:04 INFO StandaloneSchedulerBackend: Connected to Spark cluster with app ID app-20260719134604-0000
[2026-07-19T19:31:04.598+0545] {subprocess.py:93} INFO - 26/07/19 13:46:04 INFO Utils: Successfully started service 'org.apache.spark.network.netty.NettyBlockTransferService' on port 41753.
[2026-07-19T19:31:04.599+0545] {subprocess.py:93} INFO - 26/07/19 13:46:04 INFO NettyBlockTransferService: Server created on 7aa1691b5e48:41753
[2026-07-19T19:31:04.602+0545] {subprocess.py:93} INFO - 26/07/19 13:46:04 INFO BlockManager: Using org.apache.spark.storage.RandomBlockReplicationPolicy for block replication policy
[2026-07-19T19:31:04.698+0545] {subprocess.py:93} INFO - 26/07/19 13:46:04 INFO StandaloneAppClient$ClientEndpoint: Executor added: app-20260719134604-0000/0 on worker-20260719134303-spark-worker2-8083 (spark-worker2:8083) with 1 core(s)
[2026-07-19T19:31:04.700+0545] {subprocess.py:93} INFO - 26/07/19 13:46:04 INFO StandaloneSchedulerBackend: Granted executor ID app-20260719134604-0000/0 on hostPort spark-worker2:8083 with 1 core(s), 1024.0 MiB RAM
[2026-07-19T19:31:04.701+0545] {subprocess.py:93} INFO - 26/07/19 13:46:04 INFO BlockManagerMaster: Registering BlockManager BlockManagerId(driver, 7aa1691b5e48, 41753, None)
[2026-07-19T19:31:04.701+0545] {subprocess.py:93} INFO - 26/07/19 13:46:04 INFO StandaloneAppClient$ClientEndpoint: Executor added: app-20260719134604-0000/1 on worker-20260719134303-spark-worker1-8081 (spark-worker1:8081) with 1 core(s)
[2026-07-19T19:31:04.702+0545] {subprocess.py:93} INFO - 26/07/19 13:46:04 INFO StandaloneSchedulerBackend: Granted executor ID app-20260719134604-0000/1 on hostPort spark-worker1:8081 with 1 core(s), 1024.0 MiB RAM
[2026-07-19T19:31:04.705+0545] {subprocess.py:93} INFO - 26/07/19 13:46:04 INFO BlockManagerMasterEndpoint: Registering block manager 7aa1691b5e48:41753 with 413.9 MiB RAM, BlockManagerId(driver, 7aa1691b5e48, 41753, None)
[2026-07-19T19:31:04.707+0545] {subprocess.py:93} INFO - 26/07/19 13:46:04 INFO BlockManagerMaster: Registered BlockManager BlockManagerId(driver, 7aa1691b5e48, 41753, None)
[2026-07-19T19:31:04.709+0545] {subprocess.py:93} INFO - 26/07/19 13:46:04 INFO BlockManager: Initialized BlockManager: BlockManagerId(driver, 7aa1691b5e48, 41753, None)
[2026-07-19T19:31:05.204+0545] {subprocess.py:93} INFO - 26/07/19 13:46:05 INFO StandaloneAppClient$ClientEndpoint: Executor updated: app-20260719134604-0000/1 is now RUNNING
[2026-07-19T19:31:05.206+0545] {subprocess.py:93} INFO - 26/07/19 13:46:05 INFO StandaloneAppClient$ClientEndpoint: Executor updated: app-20260719134604-0000/0 is now RUNNING
[2026-07-19T19:31:05.619+0545] {subprocess.py:93} INFO - 26/07/19 13:46:05 INFO StandaloneSchedulerBackend: SchedulerBackend is ready for scheduling beginning after reached minRegisteredResourcesRatio: 0.0
[2026-07-19T19:31:39.509+0545] {subprocess.py:93} INFO - 26/07/19 13:46:39 WARN SparkStringUtils: Truncated the string representation of a plan since it was too large. This behavior can be adjusted by setting 'spark.sql.debug.maxToStringFields'.
[2026-07-19T19:32:13.007+0545] {subprocess.py:93} INFO - [Driver] Loaded 10000 rows from hdfs://namenode:9000/user/demo/network_data.
[2026-07-19T19:32:41.700+0545] {subprocess.py:93} INFO - [Driver] Wrote 10000 rows of engineered features -> hdfs://namenode:9000/user/demo/_features
[2026-07-19T19:32:43.708+0545] {subprocess.py:97} INFO - Command exited with return code 0
[2026-07-19T19:32:43.708+0545] {taskinstance.py:441} INFO - ::group::Post task execution logs
[2026-07-19T19:32:43.722+0545] {taskinstance.py:1206} INFO - Marking task as SUCCESS. dag_id=network_traffic_pipeline, task_id=prepare_features, run_id=manual__2026-07-19T13:45:00.072255+00:00, execution_date=20260719T134500, start_date=20260719T134548, end_date=20260719T134743
[2026-07-19T19:32:43.753+0545] {local_task_job_runner.py:243} INFO - Task exited with return code 0
[2026-07-19T19:32:43.770+0545] {taskinstance.py:3503} INFO - 8 downstream tasks scheduled from follow-on schedule check
[2026-07-19T19:32:43.774+0545] {local_task_job_runner.py:222} INFO - ::endgroup::
