[2026-07-19T19:47:15.017+0545] {local_task_job_runner.py:120} INFO - ::group::Pre task execution logs
[2026-07-19T19:47:15.035+0545] {taskinstance.py:2076} INFO - Dependencies all met for dep_context=non-requeueable deps ti=<TaskInstance: network_traffic_pipeline.rl_adaptive_threshold manual__2026-07-19T13:45:00.072255+00:00 [queued]>
[2026-07-19T19:47:15.041+0545] {taskinstance.py:2076} INFO - Dependencies all met for dep_context=requeueable deps ti=<TaskInstance: network_traffic_pipeline.rl_adaptive_threshold manual__2026-07-19T13:45:00.072255+00:00 [queued]>
[2026-07-19T19:47:15.041+0545] {taskinstance.py:2306} INFO - Starting attempt 1 of 2
[2026-07-19T19:47:15.053+0545] {taskinstance.py:2330} INFO - Executing <Task(BashOperator): rl_adaptive_threshold> on 2026-07-19 13:45:00.072255+00:00
[2026-07-19T19:47:15.057+0545] {standard_task_runner.py:64} INFO - Started process 81858 to run task
[2026-07-19T19:47:15.060+0545] {standard_task_runner.py:90} INFO - Running: ['airflow', 'tasks', 'run', 'network_traffic_pipeline', 'rl_adaptive_threshold', 'manual__2026-07-19T13:45:00.072255+00:00', '--job-id', '52', '--raw', '--subdir', 'DAGS_FOLDER/network_traffic_pipeline_dag.py', '--cfg-path', '/tmp/tmp7lo3fss_']
[2026-07-19T19:47:15.061+0545] {standard_task_runner.py:91} INFO - Job 52: Subtask rl_adaptive_threshold
[2026-07-19T19:47:15.092+0545] {task_command.py:426} INFO - Running <TaskInstance: network_traffic_pipeline.rl_adaptive_threshold manual__2026-07-19T13:45:00.072255+00:00 [running]> on host snigdh-IdeaPad-Slim-3-15IAH8
[2026-07-19T19:47:15.141+0545] {taskinstance.py:2648} INFO - Exporting env vars: AIRFLOW_CTX_DAG_OWNER='you' AIRFLOW_CTX_DAG_ID='network_traffic_pipeline' AIRFLOW_CTX_TASK_ID='rl_adaptive_threshold' AIRFLOW_CTX_EXECUTION_DATE='2026-07-19T13:45:00.072255+00:00' AIRFLOW_CTX_TRY_NUMBER='1' AIRFLOW_CTX_DAG_RUN_ID='manual__2026-07-19T13:45:00.072255+00:00'
[2026-07-19T19:47:15.142+0545] {taskinstance.py:430} INFO - ::endgroup::
[2026-07-19T19:47:15.143+0545] {subprocess.py:63} INFO - Tmp dir root location: /tmp
[2026-07-19T19:47:15.143+0545] {subprocess.py:75} INFO - Running command: ['/usr/bin/bash', '-c', 'cd /home/snigdh/repos/bigData && docker-compose exec spark-master /opt/spark/bin/spark-submit --master spark://localhost:7077 --py-files /app/common.py --conf spark.ui.port=4040 --conf spark.sql.extensions=io.delta.sql.DeltaSparkSessionExtension --conf spark.sql.catalog.spark_catalog=org.apache.spark.sql.delta.catalog.DeltaCatalog /app/task_rl_adaptive_threshold.py']
[2026-07-19T19:47:15.154+0545] {subprocess.py:86} INFO - Output:
[2026-07-19T19:47:27.099+0545] {subprocess.py:93} INFO - 26/07/19 14:02:27 INFO SparkContext: Running Spark version 3.5.0
[2026-07-19T19:47:27.102+0545] {subprocess.py:93} INFO - 26/07/19 14:02:27 INFO SparkContext: OS info Linux, 6.8.0-136-generic, amd64
[2026-07-19T19:47:27.103+0545] {subprocess.py:93} INFO - 26/07/19 14:02:27 INFO SparkContext: Java version 11.0.20.1
[2026-07-19T19:47:27.209+0545] {subprocess.py:93} INFO - 26/07/19 14:02:27 INFO ResourceUtils: ==============================================================
[2026-07-19T19:47:27.209+0545] {subprocess.py:93} INFO - 26/07/19 14:02:27 INFO ResourceUtils: No custom resources configured for spark.driver.
[2026-07-19T19:47:27.209+0545] {subprocess.py:93} INFO - 26/07/19 14:02:27 INFO ResourceUtils: ==============================================================
[2026-07-19T19:47:27.209+0545] {subprocess.py:93} INFO - 26/07/19 14:02:27 INFO SparkContext: Submitted application: anomaly_rl_adaptive_threshold
[2026-07-19T19:47:27.306+0545] {subprocess.py:93} INFO - 26/07/19 14:02:27 INFO ResourceProfile: Default ResourceProfile created, executor resources: Map(memory -> name: memory, amount: 1024, script: , vendor: , offHeap -> name: offHeap, amount: 0, script: , vendor: ), task resources: Map(cpus -> name: cpus, amount: 1.0)
[2026-07-19T19:47:27.316+0545] {subprocess.py:93} INFO - 26/07/19 14:02:27 INFO ResourceProfile: Limiting resource is cpu
[2026-07-19T19:47:27.316+0545] {subprocess.py:93} INFO - 26/07/19 14:02:27 INFO ResourceProfileManager: Added ResourceProfile id: 0
[2026-07-19T19:47:27.516+0545] {subprocess.py:93} INFO - 26/07/19 14:02:27 INFO SecurityManager: Changing view acls to: spark
[2026-07-19T19:47:27.516+0545] {subprocess.py:93} INFO - 26/07/19 14:02:27 INFO SecurityManager: Changing modify acls to: spark
[2026-07-19T19:47:27.516+0545] {subprocess.py:93} INFO - 26/07/19 14:02:27 INFO SecurityManager: Changing view acls groups to:
[2026-07-19T19:47:27.516+0545] {subprocess.py:93} INFO - 26/07/19 14:02:27 INFO SecurityManager: Changing modify acls groups to:
[2026-07-19T19:47:27.516+0545] {subprocess.py:93} INFO - 26/07/19 14:02:27 INFO SecurityManager: SecurityManager: authentication disabled; ui acls disabled; users with view permissions: spark; groups with view permissions: EMPTY; users with modify permissions: spark; groups with modify permissions: EMPTY
[2026-07-19T19:47:28.218+0545] {subprocess.py:93} INFO - 26/07/19 14:02:28 INFO Utils: Successfully started service 'sparkDriver' on port 42513.
[2026-07-19T19:47:28.317+0545] {subprocess.py:93} INFO - 26/07/19 14:02:28 INFO SparkEnv: Registering MapOutputTracker
[2026-07-19T19:47:28.513+0545] {subprocess.py:93} INFO - 26/07/19 14:02:28 INFO SparkEnv: Registering BlockManagerMaster
[2026-07-19T19:47:28.527+0545] {subprocess.py:93} INFO - 26/07/19 14:02:28 INFO BlockManagerMasterEndpoint: Using org.apache.spark.storage.DefaultTopologyMapper for getting topology information
[2026-07-19T19:47:28.597+0545] {subprocess.py:93} INFO - 26/07/19 14:02:28 INFO BlockManagerMasterEndpoint: BlockManagerMasterEndpoint up
[2026-07-19T19:47:28.603+0545] {subprocess.py:93} INFO - 26/07/19 14:02:28 INFO SparkEnv: Registering BlockManagerMasterHeartbeat
[2026-07-19T19:47:28.618+0545] {subprocess.py:93} INFO - 26/07/19 14:02:28 INFO DiskBlockManager: Created local directory at /tmp/blockmgr-b64cb9be-d923-49e8-bc6e-4216023be638
[2026-07-19T19:47:28.706+0545] {subprocess.py:93} INFO - 26/07/19 14:02:28 INFO MemoryStore: MemoryStore started with capacity 413.9 MiB
[2026-07-19T19:47:28.719+0545] {subprocess.py:93} INFO - 26/07/19 14:02:28 INFO SparkEnv: Registering OutputCommitCoordinator
[2026-07-19T19:47:29.019+0545] {subprocess.py:93} INFO - 26/07/19 14:02:29 INFO JettyUtils: Start Jetty 0.0.0.0:4040 for SparkUI
[2026-07-19T19:47:29.128+0545] {subprocess.py:93} INFO - 26/07/19 14:02:29 INFO Utils: Successfully started service 'SparkUI' on port 4040.
[2026-07-19T19:47:29.225+0545] {subprocess.py:93} INFO - 26/07/19 14:02:29 INFO SparkContext: Added file file:///app/common.py at spark://7aa1691b5e48:42513/files/common.py with timestamp 1784469747023
[2026-07-19T19:47:29.225+0545] {subprocess.py:93} INFO - 26/07/19 14:02:29 INFO Utils: Copying /app/common.py to /tmp/spark-006413a7-1250-4ff3-a343-efd9fdb7b202/userFiles-fc55f560-f5ee-4858-ae4c-71c965ded240/common.py
[2026-07-19T19:47:29.608+0545] {subprocess.py:93} INFO - 26/07/19 14:02:29 INFO StandaloneAppClient$ClientEndpoint: Connecting to master spark://localhost:7077...
[2026-07-19T19:47:29.812+0545] {subprocess.py:93} INFO - 26/07/19 14:02:29 INFO TransportClientFactory: Successfully created connection to localhost/127.0.0.1:7077 after 98 ms (0 ms spent in bootstraps)
[2026-07-19T19:47:30.198+0545] {subprocess.py:93} INFO - 26/07/19 14:02:30 INFO StandaloneSchedulerBackend: Connected to Spark cluster with app ID app-20260719140230-0008
[2026-07-19T19:47:30.199+0545] {subprocess.py:93} INFO - 26/07/19 14:02:30 INFO StandaloneAppClient$ClientEndpoint: Executor added: app-20260719140230-0008/0 on worker-20260719134303-spark-worker2-8083 (spark-worker2:8083) with 1 core(s)
[2026-07-19T19:47:30.201+0545] {subprocess.py:93} INFO - 26/07/19 14:02:30 INFO StandaloneSchedulerBackend: Granted executor ID app-20260719140230-0008/0 on hostPort spark-worker2:8083 with 1 core(s), 1024.0 MiB RAM
[2026-07-19T19:47:30.201+0545] {subprocess.py:93} INFO - 26/07/19 14:02:30 INFO StandaloneAppClient$ClientEndpoint: Executor added: app-20260719140230-0008/1 on worker-20260719134303-spark-worker1-8081 (spark-worker1:8081) with 1 core(s)
[2026-07-19T19:47:30.201+0545] {subprocess.py:93} INFO - 26/07/19 14:02:30 INFO StandaloneSchedulerBackend: Granted executor ID app-20260719140230-0008/1 on hostPort spark-worker1:8081 with 1 core(s), 1024.0 MiB RAM
[2026-07-19T19:47:30.299+0545] {subprocess.py:93} INFO - 26/07/19 14:02:30 INFO Utils: Successfully started service 'org.apache.spark.network.netty.NettyBlockTransferService' on port 35667.
[2026-07-19T19:47:30.299+0545] {subprocess.py:93} INFO - 26/07/19 14:02:30 INFO NettyBlockTransferService: Server created on 7aa1691b5e48:35667
[2026-07-19T19:47:30.301+0545] {subprocess.py:93} INFO - 26/07/19 14:02:30 INFO BlockManager: Using org.apache.spark.storage.RandomBlockReplicationPolicy for block replication policy
[2026-07-19T19:47:30.303+0545] {subprocess.py:93} INFO - 26/07/19 14:02:30 INFO StandaloneAppClient$ClientEndpoint: Executor updated: app-20260719140230-0008/0 is now RUNNING
[2026-07-19T19:47:30.304+0545] {subprocess.py:93} INFO - 26/07/19 14:02:30 INFO StandaloneAppClient$ClientEndpoint: Executor updated: app-20260719140230-0008/1 is now RUNNING
[2026-07-19T19:47:30.308+0545] {subprocess.py:93} INFO - 26/07/19 14:02:30 INFO BlockManagerMaster: Registering BlockManager BlockManagerId(driver, 7aa1691b5e48, 35667, None)
[2026-07-19T19:47:30.310+0545] {subprocess.py:93} INFO - 26/07/19 14:02:30 INFO BlockManagerMasterEndpoint: Registering block manager 7aa1691b5e48:35667 with 413.9 MiB RAM, BlockManagerId(driver, 7aa1691b5e48, 35667, None)
[2026-07-19T19:47:30.313+0545] {subprocess.py:93} INFO - 26/07/19 14:02:30 INFO BlockManagerMaster: Registered BlockManager BlockManagerId(driver, 7aa1691b5e48, 35667, None)
[2026-07-19T19:47:30.314+0545] {subprocess.py:93} INFO - 26/07/19 14:02:30 INFO BlockManager: Initialized BlockManager: BlockManagerId(driver, 7aa1691b5e48, 35667, None)
[2026-07-19T19:47:31.014+0545] {subprocess.py:93} INFO - 26/07/19 14:02:31 INFO StandaloneSchedulerBackend: SchedulerBackend is ready for scheduling beginning after reached minRegisteredResourcesRatio: 0.0
[2026-07-19T19:48:03.901+0545] {subprocess.py:93} INFO - 26/07/19 14:03:03 WARN SparkStringUtils: Truncated the string representation of a plan since it was too large. This behavior can be adjusted by setting 'spark.sql.debug.maxToStringFields'.
[2026-07-19T19:48:53.105+0545] {subprocess.py:93} INFO - [RL] Adaptive-threshold agent converged: threshold=2.3 (observed flag-rate=0.0195, target=0.02)
[2026-07-19T19:49:02.111+0545] {subprocess.py:93} INFO - [Driver] Wrote 'rl_adaptive_threshold' output -> hdfs://namenode:9000/user/demo/_scores/rl_adaptive_threshold
[2026-07-19T19:49:04.329+0545] {subprocess.py:97} INFO - Command exited with return code 0
[2026-07-19T19:49:04.330+0545] {taskinstance.py:441} INFO - ::group::Post task execution logs
[2026-07-19T19:49:04.345+0545] {taskinstance.py:1206} INFO - Marking task as SUCCESS. dag_id=network_traffic_pipeline, task_id=rl_adaptive_threshold, run_id=manual__2026-07-19T13:45:00.072255+00:00, execution_date=20260719T134500, start_date=20260719T140215, end_date=20260719T140404
[2026-07-19T19:49:04.373+0545] {local_task_job_runner.py:243} INFO - Task exited with return code 0
[2026-07-19T19:49:04.388+0545] {taskinstance.py:3503} INFO - 0 downstream tasks scheduled from follow-on schedule check
[2026-07-19T19:49:04.389+0545] {local_task_job_runner.py:222} INFO - ::endgroup::
