[2026-07-19T18:39:27.934+0545] {local_task_job_runner.py:120} INFO - ::group::Pre task execution logs
[2026-07-19T18:39:27.944+0545] {taskinstance.py:2076} INFO - Dependencies all met for dep_context=non-requeueable deps ti=<TaskInstance: network_traffic_pipeline.start_containers manual__2026-07-19T12:54:25.194239+00:00 [queued]>
[2026-07-19T18:39:27.947+0545] {taskinstance.py:2076} INFO - Dependencies all met for dep_context=requeueable deps ti=<TaskInstance: network_traffic_pipeline.start_containers manual__2026-07-19T12:54:25.194239+00:00 [queued]>
[2026-07-19T18:39:27.947+0545] {taskinstance.py:2306} INFO - Starting attempt 1 of 2
[2026-07-19T18:39:27.959+0545] {taskinstance.py:2330} INFO - Executing <Task(BashOperator): start_containers> on 2026-07-19 12:54:25.194239+00:00
[2026-07-19T18:39:27.962+0545] {standard_task_runner.py:64} INFO - Started process 24180 to run task
[2026-07-19T18:39:27.964+0545] {standard_task_runner.py:90} INFO - Running: ['airflow', 'tasks', 'run', 'network_traffic_pipeline', 'start_containers', 'manual__2026-07-19T12:54:25.194239+00:00', '--job-id', '7', '--raw', '--subdir', 'DAGS_FOLDER/network_traffic_pipeline_dag.py', '--cfg-path', '/tmp/tmp5y_vsdtd']
[2026-07-19T18:39:27.965+0545] {standard_task_runner.py:91} INFO - Job 7: Subtask start_containers
[2026-07-19T18:39:27.986+0545] {task_command.py:426} INFO - Running <TaskInstance: network_traffic_pipeline.start_containers manual__2026-07-19T12:54:25.194239+00:00 [running]> on host snigdh-IdeaPad-Slim-3-15IAH8
[2026-07-19T18:39:28.022+0545] {taskinstance.py:2648} INFO - Exporting env vars: AIRFLOW_CTX_DAG_OWNER='you' AIRFLOW_CTX_DAG_ID='network_traffic_pipeline' AIRFLOW_CTX_TASK_ID='start_containers' AIRFLOW_CTX_EXECUTION_DATE='2026-07-19T12:54:25.194239+00:00' AIRFLOW_CTX_TRY_NUMBER='1' AIRFLOW_CTX_DAG_RUN_ID='manual__2026-07-19T12:54:25.194239+00:00'
[2026-07-19T18:39:28.023+0545] {taskinstance.py:430} INFO - ::endgroup::
[2026-07-19T18:39:28.023+0545] {subprocess.py:63} INFO - Tmp dir root location: /tmp
[2026-07-19T18:39:28.024+0545] {subprocess.py:75} INFO - Running command: ['/usr/bin/bash', '-c', 'cd /home/snigdh/repos/bigData && docker-compose up -d && sleep 15']
[2026-07-19T18:39:28.029+0545] {subprocess.py:86} INFO - Output:
[2026-07-19T18:39:28.236+0545] {subprocess.py:93} INFO - Creating network "bigdata_bigdata-net" with driver "bridge"
[2026-07-19T18:39:28.450+0545] {subprocess.py:93} INFO - Creating bigdata_namenode_1 ...
[2026-07-19T18:39:28.452+0545] {subprocess.py:93} INFO - Creating bigdata_oracle_1   ...
[2026-07-19T18:39:28.453+0545] {subprocess.py:93} INFO - Creating bigdata_spark-master_1 ...
[2026-07-19T18:39:28.788+0545] {subprocess.py:93} INFO - Creating bigdata_spark-master_1 ... done
[2026-07-19T18:39:28.791+0545] {subprocess.py:93} INFO - Creating bigdata_spark-worker1_1 ...
[2026-07-19T18:39:28.792+0545] {subprocess.py:93} INFO - Creating bigdata_spark-worker2_1 ...
[2026-07-19T18:39:28.822+0545] {subprocess.py:93} INFO - Creating bigdata_namenode_1      ... done
[2026-07-19T18:39:28.827+0545] {subprocess.py:93} INFO - Creating bigdata_datanode2_1     ...
[2026-07-19T18:39:28.828+0545] {subprocess.py:93} INFO - Creating bigdata_datanode1_1     ...
[2026-07-19T18:39:28.846+0545] {subprocess.py:93} INFO - Creating bigdata_oracle_1        ... done
[2026-07-19T18:39:29.208+0545] {subprocess.py:93} INFO - Creating bigdata_spark-worker2_1 ... done
[2026-07-19T18:39:29.269+0545] {subprocess.py:93} INFO - Creating bigdata_spark-worker1_1 ... done
[2026-07-19T18:39:29.276+0545] {subprocess.py:93} INFO - Creating bigdata_datanode1_1     ... done
[2026-07-19T18:39:29.284+0545] {subprocess.py:93} INFO - Creating bigdata_datanode2_1     ... done
[2026-07-19T18:39:44.343+0545] {subprocess.py:97} INFO - Command exited with return code 0
[2026-07-19T18:39:44.344+0545] {taskinstance.py:441} INFO - ::group::Post task execution logs
[2026-07-19T18:39:44.377+0545] {taskinstance.py:1206} INFO - Marking task as SUCCESS. dag_id=network_traffic_pipeline, task_id=start_containers, run_id=manual__2026-07-19T12:54:25.194239+00:00, execution_date=20260719T125425, start_date=20260719T125427, end_date=20260719T125444
[2026-07-19T18:39:44.419+0545] {local_task_job_runner.py:243} INFO - Task exited with return code 0
[2026-07-19T18:39:44.459+0545] {taskinstance.py:3503} INFO - 1 downstream tasks scheduled from follow-on schedule check
[2026-07-19T18:39:44.467+0545] {local_task_job_runner.py:222} INFO - ::endgroup::
