[2026-07-20T13:14:10.741+0545] {local_task_job_runner.py:120} INFO - ::group::Pre task execution logs
[2026-07-20T13:14:10.758+0545] {taskinstance.py:2076} INFO - Dependencies all met for dep_context=non-requeueable deps ti=<TaskInstance: network_traffic_pipeline.autoencoder_family.dagmm manual__2026-07-20T06:51:36.359976+00:00 [queued]>
[2026-07-20T13:14:10.764+0545] {taskinstance.py:2076} INFO - Dependencies all met for dep_context=requeueable deps ti=<TaskInstance: network_traffic_pipeline.autoencoder_family.dagmm manual__2026-07-20T06:51:36.359976+00:00 [queued]>
[2026-07-20T13:14:10.765+0545] {taskinstance.py:2306} INFO - Starting attempt 1 of 2
[2026-07-20T13:14:10.776+0545] {taskinstance.py:2330} INFO - Executing <Task(BashOperator): autoencoder_family.dagmm> on 2026-07-20 06:51:36.359976+00:00
[2026-07-20T13:14:10.780+0545] {standard_task_runner.py:64} INFO - Started process 103171 to run task
[2026-07-20T13:14:10.783+0545] {standard_task_runner.py:90} INFO - Running: ['airflow', 'tasks', 'run', 'network_traffic_pipeline', 'autoencoder_family.dagmm', 'manual__2026-07-20T06:51:36.359976+00:00', '--job-id', '122', '--raw', '--subdir', 'DAGS_FOLDER/network_traffic_pipeline_dag.py', '--cfg-path', '/tmp/tmpu4tzu4ap']
[2026-07-20T13:14:10.785+0545] {standard_task_runner.py:91} INFO - Job 122: Subtask autoencoder_family.dagmm
[2026-07-20T13:14:10.814+0545] {task_command.py:426} INFO - Running <TaskInstance: network_traffic_pipeline.autoencoder_family.dagmm manual__2026-07-20T06:51:36.359976+00:00 [running]> on host snigdh-IdeaPad-Slim-3-15IAH8
[2026-07-20T13:14:10.868+0545] {taskinstance.py:2648} INFO - Exporting env vars: AIRFLOW_CTX_DAG_OWNER='you' AIRFLOW_CTX_DAG_ID='network_traffic_pipeline' AIRFLOW_CTX_TASK_ID='autoencoder_family.dagmm' AIRFLOW_CTX_EXECUTION_DATE='2026-07-20T06:51:36.359976+00:00' AIRFLOW_CTX_TRY_NUMBER='1' AIRFLOW_CTX_DAG_RUN_ID='manual__2026-07-20T06:51:36.359976+00:00'
[2026-07-20T13:14:10.870+0545] {taskinstance.py:430} INFO - ::endgroup::
[2026-07-20T13:14:10.870+0545] {subprocess.py:63} INFO - Tmp dir root location: /tmp
[2026-07-20T13:14:10.871+0545] {subprocess.py:75} INFO - Running command: ['/usr/bin/bash', '-c', 'cd /home/snigdh/repos/bigData && docker-compose exec spark-master /opt/spark/bin/spark-submit --master spark://localhost:7077 --py-files /app/common.py --conf spark.ui.port=4040 --conf spark.sql.extensions=io.delta.sql.DeltaSparkSessionExtension --conf spark.sql.catalog.spark_catalog=org.apache.spark.sql.delta.catalog.DeltaCatalog /app/task_dagmm.py']
[2026-07-20T13:14:10.880+0545] {subprocess.py:86} INFO - Output:
[2026-07-20T13:14:23.065+0545] {subprocess.py:93} INFO - 26/07/20 07:29:23 INFO SparkContext: Running Spark version 3.5.0
[2026-07-20T13:14:23.067+0545] {subprocess.py:93} INFO - 26/07/20 07:29:23 INFO SparkContext: OS info Linux, 6.8.0-136-generic, amd64
[2026-07-20T13:14:23.067+0545] {subprocess.py:93} INFO - 26/07/20 07:29:23 INFO SparkContext: Java version 11.0.20.1
[2026-07-20T13:14:23.244+0545] {subprocess.py:93} INFO - 26/07/20 07:29:23 INFO ResourceUtils: ==============================================================
[2026-07-20T13:14:23.245+0545] {subprocess.py:93} INFO - 26/07/20 07:29:23 INFO ResourceUtils: No custom resources configured for spark.driver.
[2026-07-20T13:14:23.245+0545] {subprocess.py:93} INFO - 26/07/20 07:29:23 INFO ResourceUtils: ==============================================================
[2026-07-20T13:14:23.246+0545] {subprocess.py:93} INFO - 26/07/20 07:29:23 INFO SparkContext: Submitted application: anomaly_dagmm
[2026-07-20T13:14:23.351+0545] {subprocess.py:93} INFO - 26/07/20 07:29:23 INFO ResourceProfile: Default ResourceProfile created, executor resources: Map(memory -> name: memory, amount: 1024, script: , vendor: , offHeap -> name: offHeap, amount: 0, script: , vendor: ), task resources: Map(cpus -> name: cpus, amount: 1.0)
[2026-07-20T13:14:23.360+0545] {subprocess.py:93} INFO - 26/07/20 07:29:23 INFO ResourceProfile: Limiting resource is cpu
[2026-07-20T13:14:23.360+0545] {subprocess.py:93} INFO - 26/07/20 07:29:23 INFO ResourceProfileManager: Added ResourceProfile id: 0
[2026-07-20T13:14:23.554+0545] {subprocess.py:93} INFO - 26/07/20 07:29:23 INFO SecurityManager: Changing view acls to: spark
[2026-07-20T13:14:23.554+0545] {subprocess.py:93} INFO - 26/07/20 07:29:23 INFO SecurityManager: Changing modify acls to: spark
[2026-07-20T13:14:23.554+0545] {subprocess.py:93} INFO - 26/07/20 07:29:23 INFO SecurityManager: Changing view acls groups to:
[2026-07-20T13:14:23.555+0545] {subprocess.py:93} INFO - 26/07/20 07:29:23 INFO SecurityManager: Changing modify acls groups to:
[2026-07-20T13:14:23.555+0545] {subprocess.py:93} INFO - 26/07/20 07:29:23 INFO SecurityManager: SecurityManager: authentication disabled; ui acls disabled; users with view permissions: spark; groups with view permissions: EMPTY; users with modify permissions: spark; groups with modify permissions: EMPTY
[2026-07-20T13:14:24.154+0545] {subprocess.py:93} INFO - 26/07/20 07:29:24 INFO Utils: Successfully started service 'sparkDriver' on port 35507.
[2026-07-20T13:14:24.245+0545] {subprocess.py:93} INFO - 26/07/20 07:29:24 INFO SparkEnv: Registering MapOutputTracker
[2026-07-20T13:14:24.366+0545] {subprocess.py:93} INFO - 26/07/20 07:29:24 INFO SparkEnv: Registering BlockManagerMaster
[2026-07-20T13:14:24.449+0545] {subprocess.py:93} INFO - 26/07/20 07:29:24 INFO BlockManagerMasterEndpoint: Using org.apache.spark.storage.DefaultTopologyMapper for getting topology information
[2026-07-20T13:14:24.449+0545] {subprocess.py:93} INFO - 26/07/20 07:29:24 INFO BlockManagerMasterEndpoint: BlockManagerMasterEndpoint up
[2026-07-20T13:14:24.452+0545] {subprocess.py:93} INFO - 26/07/20 07:29:24 INFO SparkEnv: Registering BlockManagerMasterHeartbeat
[2026-07-20T13:14:24.467+0545] {subprocess.py:93} INFO - 26/07/20 07:29:24 INFO DiskBlockManager: Created local directory at /tmp/blockmgr-37e8a94f-2369-42fc-b911-81940011fd78
[2026-07-20T13:14:24.551+0545] {subprocess.py:93} INFO - 26/07/20 07:29:24 INFO MemoryStore: MemoryStore started with capacity 413.9 MiB
[2026-07-20T13:14:24.646+0545] {subprocess.py:93} INFO - 26/07/20 07:29:24 INFO SparkEnv: Registering OutputCommitCoordinator
[2026-07-20T13:14:25.038+0545] {subprocess.py:93} INFO - 26/07/20 07:29:25 INFO JettyUtils: Start Jetty 0.0.0.0:4040 for SparkUI
[2026-07-20T13:14:25.075+0545] {subprocess.py:93} INFO - 26/07/20 07:29:25 INFO Utils: Successfully started service 'SparkUI' on port 4040.
[2026-07-20T13:14:25.245+0545] {subprocess.py:93} INFO - 26/07/20 07:29:25 INFO SparkContext: Added file file:///app/common.py at spark://e6ba47dbf3fb:35507/files/common.py with timestamp 1784532563056
[2026-07-20T13:14:25.246+0545] {subprocess.py:93} INFO - 26/07/20 07:29:25 INFO Utils: Copying /app/common.py to /tmp/spark-26f2a024-ecf1-4d64-a9da-369cd2393f42/userFiles-448a5d96-738e-4026-a52e-f20e47d589a9/common.py
[2026-07-20T13:14:25.741+0545] {subprocess.py:93} INFO - 26/07/20 07:29:25 INFO StandaloneAppClient$ClientEndpoint: Connecting to master spark://localhost:7077...
[2026-07-20T13:14:25.951+0545] {subprocess.py:93} INFO - 26/07/20 07:29:25 INFO TransportClientFactory: Successfully created connection to localhost/127.0.0.1:7077 after 103 ms (0 ms spent in bootstraps)
[2026-07-20T13:14:26.241+0545] {subprocess.py:93} INFO - 26/07/20 07:29:26 INFO StandaloneSchedulerBackend: Connected to Spark cluster with app ID app-20260720072926-0018
[2026-07-20T13:14:26.243+0545] {subprocess.py:93} INFO - 26/07/20 07:29:26 INFO StandaloneAppClient$ClientEndpoint: Executor added: app-20260720072926-0018/0 on worker-20260720065158-spark-worker1-8081 (spark-worker1:8081) with 1 core(s)
[2026-07-20T13:14:26.244+0545] {subprocess.py:93} INFO - 26/07/20 07:29:26 INFO StandaloneSchedulerBackend: Granted executor ID app-20260720072926-0018/0 on hostPort spark-worker1:8081 with 1 core(s), 1024.0 MiB RAM
[2026-07-20T13:14:26.245+0545] {subprocess.py:93} INFO - 26/07/20 07:29:26 INFO StandaloneAppClient$ClientEndpoint: Executor added: app-20260720072926-0018/1 on worker-20260720065158-spark-worker2-8083 (spark-worker2:8083) with 1 core(s)
[2026-07-20T13:14:26.245+0545] {subprocess.py:93} INFO - 26/07/20 07:29:26 INFO StandaloneSchedulerBackend: Granted executor ID app-20260720072926-0018/1 on hostPort spark-worker2:8083 with 1 core(s), 1024.0 MiB RAM
[2026-07-20T13:14:26.340+0545] {subprocess.py:93} INFO - 26/07/20 07:29:26 INFO Utils: Successfully started service 'org.apache.spark.network.netty.NettyBlockTransferService' on port 41773.
[2026-07-20T13:14:26.340+0545] {subprocess.py:93} INFO - 26/07/20 07:29:26 INFO NettyBlockTransferService: Server created on e6ba47dbf3fb:41773
[2026-07-20T13:14:26.343+0545] {subprocess.py:93} INFO - 26/07/20 07:29:26 INFO BlockManager: Using org.apache.spark.storage.RandomBlockReplicationPolicy for block replication policy
[2026-07-20T13:14:26.348+0545] {subprocess.py:93} INFO - 26/07/20 07:29:26 INFO StandaloneAppClient$ClientEndpoint: Executor updated: app-20260720072926-0018/0 is now RUNNING
[2026-07-20T13:14:26.437+0545] {subprocess.py:93} INFO - 26/07/20 07:29:26 INFO StandaloneAppClient$ClientEndpoint: Executor updated: app-20260720072926-0018/1 is now RUNNING
[2026-07-20T13:14:26.441+0545] {subprocess.py:93} INFO - 26/07/20 07:29:26 INFO BlockManagerMaster: Registering BlockManager BlockManagerId(driver, e6ba47dbf3fb, 41773, None)
[2026-07-20T13:14:26.445+0545] {subprocess.py:93} INFO - 26/07/20 07:29:26 INFO BlockManagerMasterEndpoint: Registering block manager e6ba47dbf3fb:41773 with 413.9 MiB RAM, BlockManagerId(driver, e6ba47dbf3fb, 41773, None)
[2026-07-20T13:14:26.447+0545] {subprocess.py:93} INFO - 26/07/20 07:29:26 INFO BlockManagerMaster: Registered BlockManager BlockManagerId(driver, e6ba47dbf3fb, 41773, None)
[2026-07-20T13:14:26.448+0545] {subprocess.py:93} INFO - 26/07/20 07:29:26 INFO BlockManager: Initialized BlockManager: BlockManagerId(driver, e6ba47dbf3fb, 41773, None)
[2026-07-20T13:14:27.161+0545] {subprocess.py:93} INFO - 26/07/20 07:29:27 INFO StandaloneSchedulerBackend: SchedulerBackend is ready for scheduling beginning after reached minRegisteredResourcesRatio: 0.0
[2026-07-20T13:15:08.151+0545] {subprocess.py:93} INFO - 26/07/20 07:30:08 WARN SparkStringUtils: Truncated the string representation of a plan since it was too large. This behavior can be adjusted by setting 'spark.sql.debug.maxToStringFields'.
[2026-07-20T13:16:13.240+0545] {subprocess.py:93} INFO - 26/07/20 07:31:13 WARN InstanceBuilder: Failed to load implementation from:dev.ludovic.netlib.blas.JNIBLAS
[2026-07-20T13:19:27.235+0545] {subprocess.py:93} INFO - [Driver] dagmm_flag threshold on dagmm_energy: 0.6193
[2026-07-20T13:19:35.647+0545] {subprocess.py:93} INFO - [Driver] Wrote 'dagmm' output -> hdfs://namenode:9000/user/demo/_scores/dagmm
[2026-07-20T13:19:37.522+0545] {subprocess.py:97} INFO - Command exited with return code 0
[2026-07-20T13:19:37.522+0545] {taskinstance.py:441} INFO - ::group::Post task execution logs
[2026-07-20T13:19:37.538+0545] {taskinstance.py:1206} INFO - Marking task as SUCCESS. dag_id=network_traffic_pipeline, task_id=autoencoder_family.dagmm, run_id=manual__2026-07-20T06:51:36.359976+00:00, execution_date=20260720T065136, start_date=20260720T072910, end_date=20260720T073437
[2026-07-20T13:19:37.575+0545] {local_task_job_runner.py:243} INFO - Task exited with return code 0
[2026-07-20T13:19:37.586+0545] {taskinstance.py:3503} INFO - 1 downstream tasks scheduled from follow-on schedule check
[2026-07-20T13:19:37.590+0545] {local_task_job_runner.py:222} INFO - ::endgroup::
