[2026-07-20T08:49:36.647+0545] {local_task_job_runner.py:120} INFO - ::group::Pre task execution logs
[2026-07-20T08:49:36.666+0545] {taskinstance.py:2076} INFO - Dependencies all met for dep_context=non-requeueable deps ti=<TaskInstance: network_traffic_pipeline.autoencoder_family.train_autoencoder manual__2026-07-20T02:23:05.960611+00:00 [queued]>
[2026-07-20T08:49:36.672+0545] {taskinstance.py:2076} INFO - Dependencies all met for dep_context=requeueable deps ti=<TaskInstance: network_traffic_pipeline.autoencoder_family.train_autoencoder manual__2026-07-20T02:23:05.960611+00:00 [queued]>
[2026-07-20T08:49:36.673+0545] {taskinstance.py:2306} INFO - Starting attempt 1 of 3
[2026-07-20T08:49:36.686+0545] {taskinstance.py:2330} INFO - Executing <Task(BashOperator): autoencoder_family.train_autoencoder> on 2026-07-20 02:23:05.960611+00:00
[2026-07-20T08:49:36.692+0545] {standard_task_runner.py:64} INFO - Started process 60276 to run task
[2026-07-20T08:49:36.695+0545] {standard_task_runner.py:90} INFO - Running: ['airflow', 'tasks', 'run', 'network_traffic_pipeline', 'autoencoder_family.train_autoencoder', 'manual__2026-07-20T02:23:05.960611+00:00', '--job-id', '76', '--raw', '--subdir', 'DAGS_FOLDER/network_traffic_pipeline_dag.py', '--cfg-path', '/tmp/tmpwj0924av']
[2026-07-20T08:49:36.697+0545] {standard_task_runner.py:91} INFO - Job 76: Subtask autoencoder_family.train_autoencoder
[2026-07-20T08:49:36.731+0545] {task_command.py:426} INFO - Running <TaskInstance: network_traffic_pipeline.autoencoder_family.train_autoencoder manual__2026-07-20T02:23:05.960611+00:00 [running]> on host snigdh-IdeaPad-Slim-3-15IAH8
[2026-07-20T08:49:36.790+0545] {taskinstance.py:2648} INFO - Exporting env vars: AIRFLOW_CTX_DAG_OWNER='you' AIRFLOW_CTX_DAG_ID='network_traffic_pipeline' AIRFLOW_CTX_TASK_ID='autoencoder_family.train_autoencoder' AIRFLOW_CTX_EXECUTION_DATE='2026-07-20T02:23:05.960611+00:00' AIRFLOW_CTX_TRY_NUMBER='1' AIRFLOW_CTX_DAG_RUN_ID='manual__2026-07-20T02:23:05.960611+00:00'
[2026-07-20T08:49:36.792+0545] {taskinstance.py:430} INFO - ::endgroup::
[2026-07-20T08:49:36.792+0545] {subprocess.py:63} INFO - Tmp dir root location: /tmp
[2026-07-20T08:49:36.793+0545] {subprocess.py:75} INFO - Running command: ['/usr/bin/bash', '-c', 'cd /home/snigdh/repos/bigData && docker-compose exec spark-master /opt/spark/bin/spark-submit --master spark://localhost:7077 --py-files /app/common.py --conf spark.ui.port=4040 --conf spark.sql.extensions=io.delta.sql.DeltaSparkSessionExtension --conf spark.sql.catalog.spark_catalog=org.apache.spark.sql.delta.catalog.DeltaCatalog /app/task_train_autoencoder.py']
[2026-07-20T08:49:36.808+0545] {subprocess.py:86} INFO - Output:
[2026-07-20T08:49:59.816+0545] {subprocess.py:93} INFO - 26/07/20 03:04:59 INFO SparkContext: Running Spark version 3.5.0
[2026-07-20T08:49:59.819+0545] {subprocess.py:93} INFO - 26/07/20 03:04:59 INFO SparkContext: OS info Linux, 6.8.0-136-generic, amd64
[2026-07-20T08:49:59.820+0545] {subprocess.py:93} INFO - 26/07/20 03:04:59 INFO SparkContext: Java version 11.0.20.1
[2026-07-20T08:50:00.019+0545] {subprocess.py:93} INFO - 26/07/20 03:05:00 INFO ResourceUtils: ==============================================================
[2026-07-20T08:50:00.020+0545] {subprocess.py:93} INFO - 26/07/20 03:05:00 INFO ResourceUtils: No custom resources configured for spark.driver.
[2026-07-20T08:50:00.020+0545] {subprocess.py:93} INFO - 26/07/20 03:05:00 INFO ResourceUtils: ==============================================================
[2026-07-20T08:50:00.021+0545] {subprocess.py:93} INFO - 26/07/20 03:05:00 INFO SparkContext: Submitted application: anomaly_train_autoencoder
[2026-07-20T08:50:00.209+0545] {subprocess.py:93} INFO - 26/07/20 03:05:00 INFO ResourceProfile: Default ResourceProfile created, executor resources: Map(memory -> name: memory, amount: 1024, script: , vendor: , offHeap -> name: offHeap, amount: 0, script: , vendor: ), task resources: Map(cpus -> name: cpus, amount: 1.0)
[2026-07-20T08:50:00.230+0545] {subprocess.py:93} INFO - 26/07/20 03:05:00 INFO ResourceProfile: Limiting resource is cpu
[2026-07-20T08:50:00.231+0545] {subprocess.py:93} INFO - 26/07/20 03:05:00 INFO ResourceProfileManager: Added ResourceProfile id: 0
[2026-07-20T08:50:00.510+0545] {subprocess.py:93} INFO - 26/07/20 03:05:00 INFO SecurityManager: Changing view acls to: spark
[2026-07-20T08:50:00.511+0545] {subprocess.py:93} INFO - 26/07/20 03:05:00 INFO SecurityManager: Changing modify acls to: spark
[2026-07-20T08:50:00.511+0545] {subprocess.py:93} INFO - 26/07/20 03:05:00 INFO SecurityManager: Changing view acls groups to:
[2026-07-20T08:50:00.512+0545] {subprocess.py:93} INFO - 26/07/20 03:05:00 INFO SecurityManager: Changing modify acls groups to:
[2026-07-20T08:50:00.512+0545] {subprocess.py:93} INFO - 26/07/20 03:05:00 INFO SecurityManager: SecurityManager: authentication disabled; ui acls disabled; users with view permissions: spark; groups with view permissions: EMPTY; users with modify permissions: spark; groups with modify permissions: EMPTY
[2026-07-20T08:50:01.620+0545] {subprocess.py:93} INFO - 26/07/20 03:05:01 INFO Utils: Successfully started service 'sparkDriver' on port 42749.
[2026-07-20T08:50:01.822+0545] {subprocess.py:93} INFO - 26/07/20 03:05:01 INFO SparkEnv: Registering MapOutputTracker
[2026-07-20T08:50:02.117+0545] {subprocess.py:93} INFO - 26/07/20 03:05:02 INFO SparkEnv: Registering BlockManagerMaster
[2026-07-20T08:50:02.309+0545] {subprocess.py:93} INFO - 26/07/20 03:05:02 INFO BlockManagerMasterEndpoint: Using org.apache.spark.storage.DefaultTopologyMapper for getting topology information
[2026-07-20T08:50:02.310+0545] {subprocess.py:93} INFO - 26/07/20 03:05:02 INFO BlockManagerMasterEndpoint: BlockManagerMasterEndpoint up
[2026-07-20T08:50:02.317+0545] {subprocess.py:93} INFO - 26/07/20 03:05:02 INFO SparkEnv: Registering BlockManagerMasterHeartbeat
[2026-07-20T08:50:02.508+0545] {subprocess.py:93} INFO - 26/07/20 03:05:02 INFO DiskBlockManager: Created local directory at /tmp/blockmgr-48e3519f-7b4f-454e-81ce-7fe67b6ae11b
[2026-07-20T08:50:02.610+0545] {subprocess.py:93} INFO - 26/07/20 03:05:02 INFO MemoryStore: MemoryStore started with capacity 413.9 MiB
[2026-07-20T08:50:02.716+0545] {subprocess.py:93} INFO - 26/07/20 03:05:02 INFO SparkEnv: Registering OutputCommitCoordinator
[2026-07-20T08:50:03.509+0545] {subprocess.py:93} INFO - 26/07/20 03:05:03 INFO JettyUtils: Start Jetty 0.0.0.0:4040 for SparkUI
[2026-07-20T08:50:03.739+0545] {subprocess.py:93} INFO - 26/07/20 03:05:03 INFO Utils: Successfully started service 'SparkUI' on port 4040.
[2026-07-20T08:50:03.931+0545] {subprocess.py:93} INFO - 26/07/20 03:05:03 INFO SparkContext: Added file file:///app/common.py at spark://bfe6d2784474:42749/files/common.py with timestamp 1784516699741
[2026-07-20T08:50:03.933+0545] {subprocess.py:93} INFO - 26/07/20 03:05:03 INFO Utils: Copying /app/common.py to /tmp/spark-bdde50c0-a056-450f-a7a6-e5626a4e61d3/userFiles-894fa639-965f-495a-a134-ac806215c0b3/common.py
[2026-07-20T08:50:04.813+0545] {subprocess.py:93} INFO - 26/07/20 03:05:04 INFO StandaloneAppClient$ClientEndpoint: Connecting to master spark://localhost:7077...
[2026-07-20T08:50:05.113+0545] {subprocess.py:93} INFO - 26/07/20 03:05:05 INFO TransportClientFactory: Successfully created connection to localhost/127.0.0.1:7077 after 123 ms (0 ms spent in bootstraps)
[2026-07-20T08:50:05.721+0545] {subprocess.py:93} INFO - 26/07/20 03:05:05 INFO StandaloneSchedulerBackend: Connected to Spark cluster with app ID app-20260720030505-0010
[2026-07-20T08:50:05.722+0545] {subprocess.py:93} INFO - 26/07/20 03:05:05 INFO StandaloneAppClient$ClientEndpoint: Executor added: app-20260720030505-0010/0 on worker-20260720022328-spark-worker2-8083 (spark-worker2:8083) with 1 core(s)
[2026-07-20T08:50:05.807+0545] {subprocess.py:93} INFO - 26/07/20 03:05:05 INFO StandaloneSchedulerBackend: Granted executor ID app-20260720030505-0010/0 on hostPort spark-worker2:8083 with 1 core(s), 1024.0 MiB RAM
[2026-07-20T08:50:05.807+0545] {subprocess.py:93} INFO - 26/07/20 03:05:05 INFO StandaloneAppClient$ClientEndpoint: Executor added: app-20260720030505-0010/1 on worker-20260720022328-spark-worker1-8081 (spark-worker1:8081) with 1 core(s)
[2026-07-20T08:50:05.810+0545] {subprocess.py:93} INFO - 26/07/20 03:05:05 INFO StandaloneSchedulerBackend: Granted executor ID app-20260720030505-0010/1 on hostPort spark-worker1:8081 with 1 core(s), 1024.0 MiB RAM
[2026-07-20T08:50:05.913+0545] {subprocess.py:93} INFO - 26/07/20 03:05:05 INFO Utils: Successfully started service 'org.apache.spark.network.netty.NettyBlockTransferService' on port 38745.
[2026-07-20T08:50:05.914+0545] {subprocess.py:93} INFO - 26/07/20 03:05:05 INFO NettyBlockTransferService: Server created on bfe6d2784474:38745
[2026-07-20T08:50:05.918+0545] {subprocess.py:93} INFO - 26/07/20 03:05:05 INFO BlockManager: Using org.apache.spark.storage.RandomBlockReplicationPolicy for block replication policy
[2026-07-20T08:50:06.013+0545] {subprocess.py:93} INFO - 26/07/20 03:05:06 INFO StandaloneAppClient$ClientEndpoint: Executor updated: app-20260720030505-0010/1 is now RUNNING
[2026-07-20T08:50:06.014+0545] {subprocess.py:93} INFO - 26/07/20 03:05:06 INFO StandaloneAppClient$ClientEndpoint: Executor updated: app-20260720030505-0010/0 is now RUNNING
[2026-07-20T08:50:06.111+0545] {subprocess.py:93} INFO - 26/07/20 03:05:06 INFO BlockManagerMaster: Registering BlockManager BlockManagerId(driver, bfe6d2784474, 38745, None)
[2026-07-20T08:50:06.118+0545] {subprocess.py:93} INFO - 26/07/20 03:05:06 INFO BlockManagerMasterEndpoint: Registering block manager bfe6d2784474:38745 with 413.9 MiB RAM, BlockManagerId(driver, bfe6d2784474, 38745, None)
[2026-07-20T08:50:06.122+0545] {subprocess.py:93} INFO - 26/07/20 03:05:06 INFO BlockManagerMaster: Registered BlockManager BlockManagerId(driver, bfe6d2784474, 38745, None)
[2026-07-20T08:50:06.124+0545] {subprocess.py:93} INFO - 26/07/20 03:05:06 INFO BlockManager: Initialized BlockManager: BlockManagerId(driver, bfe6d2784474, 38745, None)
[2026-07-20T08:50:07.508+0545] {subprocess.py:93} INFO - 26/07/20 03:05:07 INFO StandaloneSchedulerBackend: SchedulerBackend is ready for scheduling beginning after reached minRegisteredResourcesRatio: 0.0
[2026-07-20T08:50:08.718+0545] {subprocess.py:93} INFO - [TorchDistributor] AE: launching 2-way DDP (across cluster executors)...
[2026-07-20T08:50:13.732+0545] {subprocess.py:93} INFO - Started distributed training with 2 executor processes
[2026-07-20T08:51:29.086+0545] {subprocess.py:93} INFO - 2026-07-20 03:06:29,081 INFO sasl.SaslDataTransferClient: SASL encryption trust check: localHostTrusted = false, remoteHostTrusted = false
[2026-07-20T08:51:29.269+0545] {subprocess.py:93} INFO - 2026-07-20 03:06:29,263 INFO sasl.SaslDataTransferClient: SASL encryption trust check: localHostTrusted = false, remoteHostTrusted = false
[2026-07-20T08:51:29.488+0545] {subprocess.py:93} INFO - 2026-07-20 03:06:29,402 INFO sasl.SaslDataTransferClient: SASL encryption trust check: localHostTrusted = false, remoteHostTrusted = false
[2026-07-20T08:51:29.588+0545] {subprocess.py:93} INFO - 2026-07-20 03:06:29,488 INFO sasl.SaslDataTransferClient: SASL encryption trust check: localHostTrusted = false, remoteHostTrusted = false
[2026-07-20T08:51:29.588+0545] {subprocess.py:93} INFO - 2026-07-20 03:06:29,498 INFO sasl.SaslDataTransferClient: SASL encryption trust check: localHostTrusted = false, remoteHostTrusted = false
[2026-07-20T08:51:29.589+0545] {subprocess.py:93} INFO - 2026-07-20 03:06:29,583 INFO sasl.SaslDataTransferClient: SASL encryption trust check: localHostTrusted = false, remoteHostTrusted = false
[2026-07-20T08:51:29.671+0545] {subprocess.py:93} INFO - 2026-07-20 03:06:29,666 INFO sasl.SaslDataTransferClient: SASL encryption trust check: localHostTrusted = false, remoteHostTrusted = false
[2026-07-20T08:51:29.871+0545] {subprocess.py:93} INFO - 2026-07-20 03:06:29,863 INFO sasl.SaslDataTransferClient: SASL encryption trust check: localHostTrusted = false, remoteHostTrusted = false
[2026-07-20T08:51:29.871+0545] {subprocess.py:93} INFO - 2026-07-20 03:06:29,869 INFO sasl.SaslDataTransferClient: SASL encryption trust check: localHostTrusted = false, remoteHostTrusted = false
[2026-07-20T08:51:29.971+0545] {subprocess.py:93} INFO - 2026-07-20 03:06:29,962 INFO sasl.SaslDataTransferClient: SASL encryption trust check: localHostTrusted = false, remoteHostTrusted = false
[2026-07-20T08:51:30.973+0545] {subprocess.py:93} INFO -     [AE][rank0/2] epoch 5/30 loss=0.65593
[2026-07-20T08:51:31.575+0545] {subprocess.py:93} INFO -     [AE][rank0/2] epoch 10/30 loss=0.37772
[2026-07-20T08:51:32.277+0545] {subprocess.py:93} INFO -     [AE][rank0/2] epoch 15/30 loss=0.32056
[2026-07-20T08:51:32.978+0545] {subprocess.py:93} INFO -     [AE][rank0/2] epoch 20/30 loss=0.28122
[2026-07-20T08:51:33.580+0545] {subprocess.py:93} INFO -     [AE][rank0/2] epoch 25/30 loss=0.24422
[2026-07-20T08:51:34.282+0545] {subprocess.py:93} INFO -     [AE][rank0/2] epoch 30/30 loss=0.19426
[2026-07-20T08:51:38.410+0545] {subprocess.py:93} INFO - Finished distributed training with 2 executor processes
[2026-07-20T08:51:55.407+0545] {subprocess.py:93} INFO - [Driver] Saved model state -> hdfs://namenode:9000/user/demo/_models/autoencoder
[2026-07-20T08:51:59.097+0545] {subprocess.py:97} INFO - Command exited with return code 0
[2026-07-20T08:51:59.098+0545] {taskinstance.py:441} INFO - ::group::Post task execution logs
[2026-07-20T08:51:59.119+0545] {taskinstance.py:1206} INFO - Marking task as SUCCESS. dag_id=network_traffic_pipeline, task_id=autoencoder_family.train_autoencoder, run_id=manual__2026-07-20T02:23:05.960611+00:00, execution_date=20260720T022305, start_date=20260720T030436, end_date=20260720T030659
[2026-07-20T08:51:59.174+0545] {local_task_job_runner.py:243} INFO - Task exited with return code 0
[2026-07-20T08:51:59.206+0545] {taskinstance.py:3503} INFO - 2 downstream tasks scheduled from follow-on schedule check
[2026-07-20T08:51:59.211+0545] {local_task_job_runner.py:222} INFO - ::endgroup::
