[2026-07-20T08:19:11.871+0545] {local_task_job_runner.py:120} INFO - ::group::Pre task execution logs
[2026-07-20T08:19:11.890+0545] {taskinstance.py:2076} INFO - Dependencies all met for dep_context=non-requeueable deps ti=<TaskInstance: network_traffic_pipeline.write_shards.write_seq_shards manual__2026-07-20T02:23:05.960611+00:00 [queued]>
[2026-07-20T08:19:11.899+0545] {taskinstance.py:2076} INFO - Dependencies all met for dep_context=requeueable deps ti=<TaskInstance: network_traffic_pipeline.write_shards.write_seq_shards manual__2026-07-20T02:23:05.960611+00:00 [queued]>
[2026-07-20T08:19:11.899+0545] {taskinstance.py:2306} INFO - Starting attempt 1 of 2
[2026-07-20T08:19:11.913+0545] {taskinstance.py:2330} INFO - Executing <Task(BashOperator): write_shards.write_seq_shards> on 2026-07-20 02:23:05.960611+00:00
[2026-07-20T08:19:11.919+0545] {standard_task_runner.py:64} INFO - Started process 39557 to run task
[2026-07-20T08:19:11.922+0545] {standard_task_runner.py:90} INFO - Running: ['airflow', 'tasks', 'run', 'network_traffic_pipeline', 'write_shards.write_seq_shards', 'manual__2026-07-20T02:23:05.960611+00:00', '--job-id', '69', '--raw', '--subdir', 'DAGS_FOLDER/network_traffic_pipeline_dag.py', '--cfg-path', '/tmp/tmpx9uyn59u']
[2026-07-20T08:19:11.924+0545] {standard_task_runner.py:91} INFO - Job 69: Subtask write_shards.write_seq_shards
[2026-07-20T08:19:11.967+0545] {task_command.py:426} INFO - Running <TaskInstance: network_traffic_pipeline.write_shards.write_seq_shards manual__2026-07-20T02:23:05.960611+00:00 [running]> on host snigdh-IdeaPad-Slim-3-15IAH8
[2026-07-20T08:19:12.048+0545] {taskinstance.py:2648} INFO - Exporting env vars: AIRFLOW_CTX_DAG_OWNER='you' AIRFLOW_CTX_DAG_ID='network_traffic_pipeline' AIRFLOW_CTX_TASK_ID='write_shards.write_seq_shards' AIRFLOW_CTX_EXECUTION_DATE='2026-07-20T02:23:05.960611+00:00' AIRFLOW_CTX_TRY_NUMBER='1' AIRFLOW_CTX_DAG_RUN_ID='manual__2026-07-20T02:23:05.960611+00:00'
[2026-07-20T08:19:12.050+0545] {taskinstance.py:430} INFO - ::endgroup::
[2026-07-20T08:19:12.051+0545] {subprocess.py:63} INFO - Tmp dir root location: /tmp
[2026-07-20T08:19:12.052+0545] {subprocess.py:75} INFO - Running command: ['/usr/bin/bash', '-c', 'cd /home/snigdh/repos/bigData && docker-compose exec spark-master /opt/spark/bin/spark-submit --master spark://localhost:7077 --py-files /app/common.py --conf spark.ui.port=4040 --conf spark.sql.extensions=io.delta.sql.DeltaSparkSessionExtension --conf spark.sql.catalog.spark_catalog=org.apache.spark.sql.delta.catalog.DeltaCatalog /app/task_write_seq_shards.py']
[2026-07-20T08:19:12.066+0545] {subprocess.py:86} INFO - Output:
[2026-07-20T08:19:37.109+0545] {subprocess.py:93} INFO - 26/07/20 02:34:37 INFO SparkContext: Running Spark version 3.5.0
[2026-07-20T08:19:37.112+0545] {subprocess.py:93} INFO - 26/07/20 02:34:37 INFO SparkContext: OS info Linux, 6.8.0-136-generic, amd64
[2026-07-20T08:19:37.113+0545] {subprocess.py:93} INFO - 26/07/20 02:34:37 INFO SparkContext: Java version 11.0.20.1
[2026-07-20T08:19:37.411+0545] {subprocess.py:93} INFO - 26/07/20 02:34:37 INFO ResourceUtils: ==============================================================
[2026-07-20T08:19:37.412+0545] {subprocess.py:93} INFO - 26/07/20 02:34:37 INFO ResourceUtils: No custom resources configured for spark.driver.
[2026-07-20T08:19:37.412+0545] {subprocess.py:93} INFO - 26/07/20 02:34:37 INFO ResourceUtils: ==============================================================
[2026-07-20T08:19:37.413+0545] {subprocess.py:93} INFO - 26/07/20 02:34:37 INFO SparkContext: Submitted application: anomaly_write_seq_shards
[2026-07-20T08:19:37.532+0545] {subprocess.py:93} INFO - 26/07/20 02:34:37 INFO ResourceProfile: Default ResourceProfile created, executor resources: Map(memory -> name: memory, amount: 1024, script: , vendor: , offHeap -> name: offHeap, amount: 0, script: , vendor: ), task resources: Map(cpus -> name: cpus, amount: 1.0)
[2026-07-20T08:19:37.625+0545] {subprocess.py:93} INFO - 26/07/20 02:34:37 INFO ResourceProfile: Limiting resource is cpu
[2026-07-20T08:19:37.626+0545] {subprocess.py:93} INFO - 26/07/20 02:34:37 INFO ResourceProfileManager: Added ResourceProfile id: 0
[2026-07-20T08:19:38.017+0545] {subprocess.py:93} INFO - 26/07/20 02:34:38 INFO SecurityManager: Changing view acls to: spark
[2026-07-20T08:19:38.018+0545] {subprocess.py:93} INFO - 26/07/20 02:34:38 INFO SecurityManager: Changing modify acls to: spark
[2026-07-20T08:19:38.018+0545] {subprocess.py:93} INFO - 26/07/20 02:34:38 INFO SecurityManager: Changing view acls groups to:
[2026-07-20T08:19:38.019+0545] {subprocess.py:93} INFO - 26/07/20 02:34:38 INFO SecurityManager: Changing modify acls groups to:
[2026-07-20T08:19:38.019+0545] {subprocess.py:93} INFO - 26/07/20 02:34:38 INFO SecurityManager: SecurityManager: authentication disabled; ui acls disabled; users with view permissions: spark; groups with view permissions: EMPTY; users with modify permissions: spark; groups with modify permissions: EMPTY
[2026-07-20T08:19:39.310+0545] {subprocess.py:93} INFO - 26/07/20 02:34:39 INFO Utils: Successfully started service 'sparkDriver' on port 33861.
[2026-07-20T08:19:39.510+0545] {subprocess.py:93} INFO - 26/07/20 02:34:39 INFO SparkEnv: Registering MapOutputTracker
[2026-07-20T08:19:39.737+0545] {subprocess.py:93} INFO - 26/07/20 02:34:39 INFO SparkEnv: Registering BlockManagerMaster
[2026-07-20T08:19:39.916+0545] {subprocess.py:93} INFO - 26/07/20 02:34:39 INFO BlockManagerMasterEndpoint: Using org.apache.spark.storage.DefaultTopologyMapper for getting topology information
[2026-07-20T08:19:39.917+0545] {subprocess.py:93} INFO - 26/07/20 02:34:39 INFO BlockManagerMasterEndpoint: BlockManagerMasterEndpoint up
[2026-07-20T08:19:39.924+0545] {subprocess.py:93} INFO - 26/07/20 02:34:39 INFO SparkEnv: Registering BlockManagerMasterHeartbeat
[2026-07-20T08:19:40.030+0545] {subprocess.py:93} INFO - 26/07/20 02:34:40 INFO DiskBlockManager: Created local directory at /tmp/blockmgr-ac1360c1-304d-433f-bb8c-6262abe36da0
[2026-07-20T08:19:40.123+0545] {subprocess.py:93} INFO - 26/07/20 02:34:40 INFO MemoryStore: MemoryStore started with capacity 413.9 MiB
[2026-07-20T08:19:40.306+0545] {subprocess.py:93} INFO - 26/07/20 02:34:40 INFO SparkEnv: Registering OutputCommitCoordinator
[2026-07-20T08:19:40.906+0545] {subprocess.py:93} INFO - 26/07/20 02:34:40 INFO JettyUtils: Start Jetty 0.0.0.0:4040 for SparkUI
[2026-07-20T08:19:41.209+0545] {subprocess.py:93} INFO - 26/07/20 02:34:41 INFO Utils: Successfully started service 'SparkUI' on port 4040.
[2026-07-20T08:19:41.412+0545] {subprocess.py:93} INFO - 26/07/20 02:34:41 INFO SparkContext: Added file file:///app/common.py at spark://bfe6d2784474:33861/files/common.py with timestamp 1784514877011
[2026-07-20T08:19:41.413+0545] {subprocess.py:93} INFO - 26/07/20 02:34:41 INFO Utils: Copying /app/common.py to /tmp/spark-41250b3e-4a89-4654-9c90-6b35030b2362/userFiles-e624191c-995b-44fc-a139-436f0718e3c9/common.py
[2026-07-20T08:19:42.223+0545] {subprocess.py:93} INFO - 26/07/20 02:34:42 INFO StandaloneAppClient$ClientEndpoint: Connecting to master spark://localhost:7077...
[2026-07-20T08:19:42.610+0545] {subprocess.py:93} INFO - 26/07/20 02:34:42 INFO TransportClientFactory: Successfully created connection to localhost/127.0.0.1:7077 after 115 ms (0 ms spent in bootstraps)
[2026-07-20T08:19:43.216+0545] {subprocess.py:93} INFO - 26/07/20 02:34:43 INFO StandaloneSchedulerBackend: Connected to Spark cluster with app ID app-20260720023443-0003
[2026-07-20T08:19:43.307+0545] {subprocess.py:93} INFO - 26/07/20 02:34:43 INFO StandaloneAppClient$ClientEndpoint: Executor added: app-20260720023443-0003/0 on worker-20260720022328-spark-worker2-8083 (spark-worker2:8083) with 1 core(s)
[2026-07-20T08:19:43.311+0545] {subprocess.py:93} INFO - 26/07/20 02:34:43 INFO StandaloneSchedulerBackend: Granted executor ID app-20260720023443-0003/0 on hostPort spark-worker2:8083 with 1 core(s), 1024.0 MiB RAM
[2026-07-20T08:19:43.311+0545] {subprocess.py:93} INFO - 26/07/20 02:34:43 INFO StandaloneAppClient$ClientEndpoint: Executor added: app-20260720023443-0003/1 on worker-20260720022328-spark-worker1-8081 (spark-worker1:8081) with 1 core(s)
[2026-07-20T08:19:43.312+0545] {subprocess.py:93} INFO - 26/07/20 02:34:43 INFO StandaloneSchedulerBackend: Granted executor ID app-20260720023443-0003/1 on hostPort spark-worker1:8081 with 1 core(s), 1024.0 MiB RAM
[2026-07-20T08:19:43.408+0545] {subprocess.py:93} INFO - 26/07/20 02:34:43 INFO Utils: Successfully started service 'org.apache.spark.network.netty.NettyBlockTransferService' on port 45889.
[2026-07-20T08:19:43.408+0545] {subprocess.py:93} INFO - 26/07/20 02:34:43 INFO NettyBlockTransferService: Server created on bfe6d2784474:45889
[2026-07-20T08:19:43.412+0545] {subprocess.py:93} INFO - 26/07/20 02:34:43 INFO BlockManager: Using org.apache.spark.storage.RandomBlockReplicationPolicy for block replication policy
[2026-07-20T08:19:43.506+0545] {subprocess.py:93} INFO - 26/07/20 02:34:43 INFO StandaloneAppClient$ClientEndpoint: Executor updated: app-20260720023443-0003/0 is now RUNNING
[2026-07-20T08:19:43.508+0545] {subprocess.py:93} INFO - 26/07/20 02:34:43 INFO StandaloneAppClient$ClientEndpoint: Executor updated: app-20260720023443-0003/1 is now RUNNING
[2026-07-20T08:19:43.511+0545] {subprocess.py:93} INFO - 26/07/20 02:34:43 INFO BlockManagerMaster: Registering BlockManager BlockManagerId(driver, bfe6d2784474, 45889, None)
[2026-07-20T08:19:43.516+0545] {subprocess.py:93} INFO - 26/07/20 02:34:43 INFO BlockManagerMasterEndpoint: Registering block manager bfe6d2784474:45889 with 413.9 MiB RAM, BlockManagerId(driver, bfe6d2784474, 45889, None)
[2026-07-20T08:19:43.519+0545] {subprocess.py:93} INFO - 26/07/20 02:34:43 INFO BlockManagerMaster: Registered BlockManager BlockManagerId(driver, bfe6d2784474, 45889, None)
[2026-07-20T08:19:43.521+0545] {subprocess.py:93} INFO - 26/07/20 02:34:43 INFO BlockManager: Initialized BlockManager: BlockManagerId(driver, bfe6d2784474, 45889, None)
[2026-07-20T08:19:44.912+0545] {subprocess.py:93} INFO - 26/07/20 02:34:44 INFO StandaloneSchedulerBackend: SchedulerBackend is ready for scheduling beginning after reached minRegisteredResourcesRatio: 0.0
[2026-07-20T08:20:50.113+0545] {subprocess.py:93} INFO - 26/07/20 02:35:50 WARN SparkStringUtils: Truncated the string representation of a plan since it was too large. This behavior can be adjusted by setting 'spark.sql.debug.maxToStringFields'.
[2026-07-20T08:22:27.707+0545] {subprocess.py:93} INFO - 26/07/20 02:37:27 WARN WindowExec: No Partition Defined for Window operation! Moving all data to a single partition, this can cause serious performance degradation.
[2026-07-20T08:22:27.709+0545] {subprocess.py:93} INFO - 26/07/20 02:37:27 WARN WindowExec: No Partition Defined for Window operation! Moving all data to a single partition, this can cause serious performance degradation.
[2026-07-20T08:22:27.713+0545] {subprocess.py:93} INFO - 26/07/20 02:37:27 WARN WindowExec: No Partition Defined for Window operation! Moving all data to a single partition, this can cause serious performance degradation.
[2026-07-20T08:22:33.176+0545] {subprocess.py:93} INFO - 26/07/20 02:37:33 WARN WindowExec: No Partition Defined for Window operation! Moving all data to a single partition, this can cause serious performance degradation.
[2026-07-20T08:22:33.178+0545] {subprocess.py:93} INFO - 26/07/20 02:37:33 WARN WindowExec: No Partition Defined for Window operation! Moving all data to a single partition, this can cause serious performance degradation.
[2026-07-20T08:22:40.112+0545] {subprocess.py:93} INFO - [Driver] Wrote 2 contiguous ID-ordered shards (10000 rows) -> hdfs://namenode:9000/user/demo/_torch_seq_shards
[2026-07-20T08:22:43.917+0545] {subprocess.py:97} INFO - Command exited with return code 0
[2026-07-20T08:22:43.918+0545] {taskinstance.py:441} INFO - ::group::Post task execution logs
[2026-07-20T08:22:43.945+0545] {taskinstance.py:1206} INFO - Marking task as SUCCESS. dag_id=network_traffic_pipeline, task_id=write_shards.write_seq_shards, run_id=manual__2026-07-20T02:23:05.960611+00:00, execution_date=20260720T022305, start_date=20260720T023411, end_date=20260720T023743
[2026-07-20T08:22:44.013+0545] {local_task_job_runner.py:243} INFO - Task exited with return code 0
[2026-07-20T08:22:44.049+0545] {taskinstance.py:3503} INFO - 2 downstream tasks scheduled from follow-on schedule check
[2026-07-20T08:22:44.057+0545] {local_task_job_runner.py:222} INFO - ::endgroup::
