[2026-07-20T08:22:47.086+0545] {local_task_job_runner.py:120} INFO - ::group::Pre task execution logs
[2026-07-20T08:22:47.111+0545] {taskinstance.py:2076} INFO - Dependencies all met for dep_context=non-requeueable deps ti=<TaskInstance: network_traffic_pipeline.native_clustering.kmeans manual__2026-07-20T02:23:05.960611+00:00 [queued]>
[2026-07-20T08:22:47.118+0545] {taskinstance.py:2076} INFO - Dependencies all met for dep_context=requeueable deps ti=<TaskInstance: network_traffic_pipeline.native_clustering.kmeans manual__2026-07-20T02:23:05.960611+00:00 [queued]>
[2026-07-20T08:22:47.118+0545] {taskinstance.py:2306} INFO - Starting attempt 1 of 2
[2026-07-20T08:22:47.133+0545] {taskinstance.py:2330} INFO - Executing <Task(BashOperator): native_clustering.kmeans> on 2026-07-20 02:23:05.960611+00:00
[2026-07-20T08:22:47.138+0545] {standard_task_runner.py:64} INFO - Started process 41981 to run task
[2026-07-20T08:22:47.141+0545] {standard_task_runner.py:90} INFO - Running: ['airflow', 'tasks', 'run', 'network_traffic_pipeline', 'native_clustering.kmeans', 'manual__2026-07-20T02:23:05.960611+00:00', '--job-id', '70', '--raw', '--subdir', 'DAGS_FOLDER/network_traffic_pipeline_dag.py', '--cfg-path', '/tmp/tmpy_6ra3ca']
[2026-07-20T08:22:47.143+0545] {standard_task_runner.py:91} INFO - Job 70: Subtask native_clustering.kmeans
[2026-07-20T08:22:47.180+0545] {task_command.py:426} INFO - Running <TaskInstance: network_traffic_pipeline.native_clustering.kmeans manual__2026-07-20T02:23:05.960611+00:00 [running]> on host snigdh-IdeaPad-Slim-3-15IAH8
[2026-07-20T08:22:47.242+0545] {taskinstance.py:2648} INFO - Exporting env vars: AIRFLOW_CTX_DAG_OWNER='you' AIRFLOW_CTX_DAG_ID='network_traffic_pipeline' AIRFLOW_CTX_TASK_ID='native_clustering.kmeans' AIRFLOW_CTX_EXECUTION_DATE='2026-07-20T02:23:05.960611+00:00' AIRFLOW_CTX_TRY_NUMBER='1' AIRFLOW_CTX_DAG_RUN_ID='manual__2026-07-20T02:23:05.960611+00:00'
[2026-07-20T08:22:47.244+0545] {taskinstance.py:430} INFO - ::endgroup::
[2026-07-20T08:22:47.244+0545] {subprocess.py:63} INFO - Tmp dir root location: /tmp
[2026-07-20T08:22:47.245+0545] {subprocess.py:75} INFO - Running command: ['/usr/bin/bash', '-c', 'cd /home/snigdh/repos/bigData && docker-compose exec spark-master /opt/spark/bin/spark-submit --master spark://localhost:7077 --py-files /app/common.py --conf spark.ui.port=4040 --conf spark.sql.extensions=io.delta.sql.DeltaSparkSessionExtension --conf spark.sql.catalog.spark_catalog=org.apache.spark.sql.delta.catalog.DeltaCatalog /app/task_kmeans.py']
[2026-07-20T08:22:47.258+0545] {subprocess.py:86} INFO - Output:
[2026-07-20T08:23:14.015+0545] {subprocess.py:93} INFO - 26/07/20 02:38:14 INFO SparkContext: Running Spark version 3.5.0
[2026-07-20T08:23:14.019+0545] {subprocess.py:93} INFO - 26/07/20 02:38:14 INFO SparkContext: OS info Linux, 6.8.0-136-generic, amd64
[2026-07-20T08:23:14.020+0545] {subprocess.py:93} INFO - 26/07/20 02:38:14 INFO SparkContext: Java version 11.0.20.1
[2026-07-20T08:23:14.136+0545] {subprocess.py:93} INFO - 26/07/20 02:38:14 INFO ResourceUtils: ==============================================================
[2026-07-20T08:23:14.137+0545] {subprocess.py:93} INFO - 26/07/20 02:38:14 INFO ResourceUtils: No custom resources configured for spark.driver.
[2026-07-20T08:23:14.137+0545] {subprocess.py:93} INFO - 26/07/20 02:38:14 INFO ResourceUtils: ==============================================================
[2026-07-20T08:23:14.137+0545] {subprocess.py:93} INFO - 26/07/20 02:38:14 INFO SparkContext: Submitted application: anomaly_kmeans
[2026-07-20T08:23:14.319+0545] {subprocess.py:93} INFO - 26/07/20 02:38:14 INFO ResourceProfile: Default ResourceProfile created, executor resources: Map(memory -> name: memory, amount: 1024, script: , vendor: , offHeap -> name: offHeap, amount: 0, script: , vendor: ), task resources: Map(cpus -> name: cpus, amount: 1.0)
[2026-07-20T08:23:14.410+0545] {subprocess.py:93} INFO - 26/07/20 02:38:14 INFO ResourceProfile: Limiting resource is cpu
[2026-07-20T08:23:14.411+0545] {subprocess.py:93} INFO - 26/07/20 02:38:14 INFO ResourceProfileManager: Added ResourceProfile id: 0
[2026-07-20T08:23:14.723+0545] {subprocess.py:93} INFO - 26/07/20 02:38:14 INFO SecurityManager: Changing view acls to: spark
[2026-07-20T08:23:14.724+0545] {subprocess.py:93} INFO - 26/07/20 02:38:14 INFO SecurityManager: Changing modify acls to: spark
[2026-07-20T08:23:14.725+0545] {subprocess.py:93} INFO - 26/07/20 02:38:14 INFO SecurityManager: Changing view acls groups to:
[2026-07-20T08:23:14.726+0545] {subprocess.py:93} INFO - 26/07/20 02:38:14 INFO SecurityManager: Changing modify acls groups to:
[2026-07-20T08:23:14.727+0545] {subprocess.py:93} INFO - 26/07/20 02:38:14 INFO SecurityManager: SecurityManager: authentication disabled; ui acls disabled; users with view permissions: spark; groups with view permissions: EMPTY; users with modify permissions: spark; groups with modify permissions: EMPTY
[2026-07-20T08:23:16.219+0545] {subprocess.py:93} INFO - 26/07/20 02:38:16 INFO Utils: Successfully started service 'sparkDriver' on port 46177.
[2026-07-20T08:23:16.429+0545] {subprocess.py:93} INFO - 26/07/20 02:38:16 INFO SparkEnv: Registering MapOutputTracker
[2026-07-20T08:23:16.812+0545] {subprocess.py:93} INFO - 26/07/20 02:38:16 INFO SparkEnv: Registering BlockManagerMaster
[2026-07-20T08:23:16.931+0545] {subprocess.py:93} INFO - 26/07/20 02:38:16 INFO BlockManagerMasterEndpoint: Using org.apache.spark.storage.DefaultTopologyMapper for getting topology information
[2026-07-20T08:23:16.931+0545] {subprocess.py:93} INFO - 26/07/20 02:38:16 INFO BlockManagerMasterEndpoint: BlockManagerMasterEndpoint up
[2026-07-20T08:23:16.940+0545] {subprocess.py:93} INFO - 26/07/20 02:38:16 INFO SparkEnv: Registering BlockManagerMasterHeartbeat
[2026-07-20T08:23:17.039+0545] {subprocess.py:93} INFO - 26/07/20 02:38:17 INFO DiskBlockManager: Created local directory at /tmp/blockmgr-0253c758-26ff-4817-8912-b7c60d541abe
[2026-07-20T08:23:17.206+0545] {subprocess.py:93} INFO - 26/07/20 02:38:17 INFO MemoryStore: MemoryStore started with capacity 413.9 MiB
[2026-07-20T08:23:17.233+0545] {subprocess.py:93} INFO - 26/07/20 02:38:17 INFO SparkEnv: Registering OutputCommitCoordinator
[2026-07-20T08:23:18.015+0545] {subprocess.py:93} INFO - 26/07/20 02:38:18 INFO JettyUtils: Start Jetty 0.0.0.0:4040 for SparkUI
[2026-07-20T08:23:18.310+0545] {subprocess.py:93} INFO - 26/07/20 02:38:18 INFO Utils: Successfully started service 'SparkUI' on port 4040.
[2026-07-20T08:23:18.525+0545] {subprocess.py:93} INFO - 26/07/20 02:38:18 INFO SparkContext: Added file file:///app/common.py at spark://bfe6d2784474:46177/files/common.py with timestamp 1784515093916
[2026-07-20T08:23:18.527+0545] {subprocess.py:93} INFO - 26/07/20 02:38:18 INFO Utils: Copying /app/common.py to /tmp/spark-6f739657-cdad-4674-8913-0c52f2dcbc83/userFiles-45aab249-5e82-4e7e-9726-4a0dcf253f97/common.py
[2026-07-20T08:23:19.223+0545] {subprocess.py:93} INFO - 26/07/20 02:38:19 INFO StandaloneAppClient$ClientEndpoint: Connecting to master spark://localhost:7077...
[2026-07-20T08:23:19.706+0545] {subprocess.py:93} INFO - 26/07/20 02:38:19 INFO TransportClientFactory: Successfully created connection to localhost/127.0.0.1:7077 after 204 ms (0 ms spent in bootstraps)
[2026-07-20T08:23:20.318+0545] {subprocess.py:93} INFO - 26/07/20 02:38:20 INFO StandaloneSchedulerBackend: Connected to Spark cluster with app ID app-20260720023820-0004
[2026-07-20T08:23:20.408+0545] {subprocess.py:93} INFO - 26/07/20 02:38:20 INFO StandaloneAppClient$ClientEndpoint: Executor added: app-20260720023820-0004/0 on worker-20260720022328-spark-worker2-8083 (spark-worker2:8083) with 1 core(s)
[2026-07-20T08:23:20.412+0545] {subprocess.py:93} INFO - 26/07/20 02:38:20 INFO StandaloneSchedulerBackend: Granted executor ID app-20260720023820-0004/0 on hostPort spark-worker2:8083 with 1 core(s), 1024.0 MiB RAM
[2026-07-20T08:23:20.412+0545] {subprocess.py:93} INFO - 26/07/20 02:38:20 INFO StandaloneAppClient$ClientEndpoint: Executor added: app-20260720023820-0004/1 on worker-20260720022328-spark-worker1-8081 (spark-worker1:8081) with 1 core(s)
[2026-07-20T08:23:20.413+0545] {subprocess.py:93} INFO - 26/07/20 02:38:20 INFO StandaloneSchedulerBackend: Granted executor ID app-20260720023820-0004/1 on hostPort spark-worker1:8081 with 1 core(s), 1024.0 MiB RAM
[2026-07-20T08:23:20.514+0545] {subprocess.py:93} INFO - 26/07/20 02:38:20 INFO Utils: Successfully started service 'org.apache.spark.network.netty.NettyBlockTransferService' on port 44141.
[2026-07-20T08:23:20.606+0545] {subprocess.py:93} INFO - 26/07/20 02:38:20 INFO NettyBlockTransferService: Server created on bfe6d2784474:44141
[2026-07-20T08:23:20.610+0545] {subprocess.py:93} INFO - 26/07/20 02:38:20 INFO BlockManager: Using org.apache.spark.storage.RandomBlockReplicationPolicy for block replication policy
[2026-07-20T08:23:20.709+0545] {subprocess.py:93} INFO - 26/07/20 02:38:20 INFO StandaloneAppClient$ClientEndpoint: Executor updated: app-20260720023820-0004/0 is now RUNNING
[2026-07-20T08:23:20.709+0545] {subprocess.py:93} INFO - 26/07/20 02:38:20 INFO StandaloneAppClient$ClientEndpoint: Executor updated: app-20260720023820-0004/1 is now RUNNING
[2026-07-20T08:23:20.714+0545] {subprocess.py:93} INFO - 26/07/20 02:38:20 INFO BlockManagerMaster: Registering BlockManager BlockManagerId(driver, bfe6d2784474, 44141, None)
[2026-07-20T08:23:20.806+0545] {subprocess.py:93} INFO - 26/07/20 02:38:20 INFO BlockManagerMasterEndpoint: Registering block manager bfe6d2784474:44141 with 413.9 MiB RAM, BlockManagerId(driver, bfe6d2784474, 44141, None)
[2026-07-20T08:23:20.812+0545] {subprocess.py:93} INFO - 26/07/20 02:38:20 INFO BlockManagerMaster: Registered BlockManager BlockManagerId(driver, bfe6d2784474, 44141, None)
[2026-07-20T08:23:20.814+0545] {subprocess.py:93} INFO - 26/07/20 02:38:20 INFO BlockManager: Initialized BlockManager: BlockManagerId(driver, bfe6d2784474, 44141, None)
[2026-07-20T08:23:22.115+0545] {subprocess.py:93} INFO - 26/07/20 02:38:22 INFO StandaloneSchedulerBackend: SchedulerBackend is ready for scheduling beginning after reached minRegisteredResourcesRatio: 0.0
[2026-07-20T08:24:29.215+0545] {subprocess.py:93} INFO - 26/07/20 02:39:29 WARN SparkStringUtils: Truncated the string representation of a plan since it was too large. This behavior can be adjusted by setting 'spark.sql.debug.maxToStringFields'.
[2026-07-20T08:26:27.441+0545] {subprocess.py:93} INFO - 26/07/20 02:41:27 WARN InstanceBuilder: Failed to load implementation from:dev.ludovic.netlib.blas.JNIBLAS
[2026-07-20T08:26:58.517+0545] {subprocess.py:93} INFO - [Driver] kmeans_flag threshold on kmeans_dist: 3.2139
[2026-07-20T08:27:14.623+0545] {subprocess.py:93} INFO - [Driver] Wrote 'kmeans' output -> hdfs://namenode:9000/user/demo/_scores/kmeans
[2026-07-20T08:27:18.501+0545] {subprocess.py:97} INFO - Command exited with return code 0
[2026-07-20T08:27:18.502+0545] {taskinstance.py:441} INFO - ::group::Post task execution logs
[2026-07-20T08:27:18.533+0545] {taskinstance.py:1206} INFO - Marking task as SUCCESS. dag_id=network_traffic_pipeline, task_id=native_clustering.kmeans, run_id=manual__2026-07-20T02:23:05.960611+00:00, execution_date=20260720T022305, start_date=20260720T023747, end_date=20260720T024218
[2026-07-20T08:27:18.561+0545] {local_task_job_runner.py:243} INFO - Task exited with return code 0
[2026-07-20T08:27:18.590+0545] {taskinstance.py:3503} INFO - 0 downstream tasks scheduled from follow-on schedule check
[2026-07-20T08:27:18.591+0545] {local_task_job_runner.py:222} INFO - ::endgroup::
