[2026-07-20T11:48:03.621+0545] {local_task_job_runner.py:120} INFO - ::group::Pre task execution logs
[2026-07-20T11:48:03.640+0545] {taskinstance.py:2076} INFO - Dependencies all met for dep_context=non-requeueable deps ti=<TaskInstance: network_traffic_pipeline.start_containers manual__2026-07-20T06:03:00.668614+00:00 [queued]>
[2026-07-20T11:48:03.646+0545] {taskinstance.py:2076} INFO - Dependencies all met for dep_context=requeueable deps ti=<TaskInstance: network_traffic_pipeline.start_containers manual__2026-07-20T06:03:00.668614+00:00 [queued]>
[2026-07-20T11:48:03.646+0545] {taskinstance.py:2306} INFO - Starting attempt 1 of 2
[2026-07-20T11:48:03.661+0545] {taskinstance.py:2330} INFO - Executing <Task(BashOperator): start_containers> on 2026-07-20 06:03:00.668614+00:00
[2026-07-20T11:48:03.665+0545] {standard_task_runner.py:64} INFO - Started process 38984 to run task
[2026-07-20T11:48:03.668+0545] {standard_task_runner.py:90} INFO - Running: ['airflow', 'tasks', 'run', 'network_traffic_pipeline', 'start_containers', 'manual__2026-07-20T06:03:00.668614+00:00', '--job-id', '92', '--raw', '--subdir', 'DAGS_FOLDER/network_traffic_pipeline_dag.py', '--cfg-path', '/tmp/tmp96qow8ia']
[2026-07-20T11:48:03.670+0545] {standard_task_runner.py:91} INFO - Job 92: Subtask start_containers
[2026-07-20T11:48:03.703+0545] {task_command.py:426} INFO - Running <TaskInstance: network_traffic_pipeline.start_containers manual__2026-07-20T06:03:00.668614+00:00 [running]> on host snigdh-IdeaPad-Slim-3-15IAH8
[2026-07-20T11:48:03.765+0545] {taskinstance.py:2648} INFO - Exporting env vars: AIRFLOW_CTX_DAG_OWNER='you' AIRFLOW_CTX_DAG_ID='network_traffic_pipeline' AIRFLOW_CTX_TASK_ID='start_containers' AIRFLOW_CTX_EXECUTION_DATE='2026-07-20T06:03:00.668614+00:00' AIRFLOW_CTX_TRY_NUMBER='1' AIRFLOW_CTX_DAG_RUN_ID='manual__2026-07-20T06:03:00.668614+00:00'
[2026-07-20T11:48:03.767+0545] {taskinstance.py:430} INFO - ::endgroup::
[2026-07-20T11:48:03.767+0545] {subprocess.py:63} INFO - Tmp dir root location: /tmp
[2026-07-20T11:48:03.768+0545] {subprocess.py:75} INFO - Running command: ['/usr/bin/bash', '-c', 'cd /home/snigdh/repos/bigData && docker-compose up -d && sleep 15']
[2026-07-20T11:48:03.778+0545] {subprocess.py:86} INFO - Output:
[2026-07-20T11:48:04.180+0545] {subprocess.py:93} INFO - Creating network "bigdata_bigdata-net" with driver "bridge"
[2026-07-20T11:48:04.686+0545] {subprocess.py:93} INFO - Creating bigdata_spark-master_1 ...
[2026-07-20T11:48:04.688+0545] {subprocess.py:93} INFO - Creating bigdata_namenode_1     ...
[2026-07-20T11:48:04.690+0545] {subprocess.py:93} INFO - Creating bigdata_oracle_1       ...
[2026-07-20T11:48:05.407+0545] {subprocess.py:93} INFO - Creating bigdata_oracle_1       ... done
[2026-07-20T11:48:05.460+0545] {subprocess.py:93} INFO - Creating bigdata_namenode_1     ... done
[2026-07-20T11:48:05.469+0545] {subprocess.py:93} INFO - Creating bigdata_datanode1_1    ...
[2026-07-20T11:48:05.471+0545] {subprocess.py:93} INFO - Creating bigdata_datanode2_1    ...
[2026-07-20T11:48:05.523+0545] {subprocess.py:93} INFO - Creating bigdata_spark-master_1 ... done
[2026-07-20T11:48:05.530+0545] {subprocess.py:93} INFO - Creating bigdata_spark-worker2_1 ...
[2026-07-20T11:48:05.536+0545] {subprocess.py:93} INFO - Creating bigdata_spark-worker1_1 ...
[2026-07-20T11:48:05.889+0545] {subprocess.py:93} INFO - Creating bigdata_datanode2_1     ... done
[2026-07-20T11:48:05.932+0545] {subprocess.py:93} INFO - Creating bigdata_datanode1_1     ... done
[2026-07-20T11:48:06.059+0545] {subprocess.py:93} INFO - Creating bigdata_spark-worker1_1 ... done
[2026-07-20T11:48:06.072+0545] {subprocess.py:93} INFO - Creating bigdata_spark-worker2_1 ... done
[2026-07-20T11:48:21.160+0545] {subprocess.py:97} INFO - Command exited with return code 0
[2026-07-20T11:48:21.161+0545] {taskinstance.py:441} INFO - ::group::Post task execution logs
[2026-07-20T11:48:21.185+0545] {taskinstance.py:1206} INFO - Marking task as SUCCESS. dag_id=network_traffic_pipeline, task_id=start_containers, run_id=manual__2026-07-20T06:03:00.668614+00:00, execution_date=20260720T060300, start_date=20260720T060303, end_date=20260720T060321
[2026-07-20T11:48:21.215+0545] {local_task_job_runner.py:243} INFO - Task exited with return code 0
[2026-07-20T11:48:21.238+0545] {taskinstance.py:3503} INFO - 1 downstream tasks scheduled from follow-on schedule check
[2026-07-20T11:48:21.258+0545] {local_task_job_runner.py:222} INFO - ::endgroup::
