[2026-07-19T18:56:31.328+0545] {local_task_job_runner.py:120} INFO - ::group::Pre task execution logs
[2026-07-19T18:56:31.347+0545] {taskinstance.py:2076} INFO - Dependencies all met for dep_context=non-requeueable deps ti=<TaskInstance: network_traffic_pipeline.rl_adaptive_threshold manual__2026-07-19T12:54:25.194239+00:00 [queued]>
[2026-07-19T18:56:31.354+0545] {taskinstance.py:2076} INFO - Dependencies all met for dep_context=requeueable deps ti=<TaskInstance: network_traffic_pipeline.rl_adaptive_threshold manual__2026-07-19T12:54:25.194239+00:00 [queued]>
[2026-07-19T18:56:31.355+0545] {taskinstance.py:2306} INFO - Starting attempt 1 of 2
[2026-07-19T18:56:31.367+0545] {taskinstance.py:2330} INFO - Executing <Task(BashOperator): rl_adaptive_threshold> on 2026-07-19 12:54:25.194239+00:00
[2026-07-19T18:56:31.372+0545] {standard_task_runner.py:64} INFO - Started process 40176 to run task
[2026-07-19T18:56:31.375+0545] {standard_task_runner.py:90} INFO - Running: ['airflow', 'tasks', 'run', 'network_traffic_pipeline', 'rl_adaptive_threshold', 'manual__2026-07-19T12:54:25.194239+00:00', '--job-id', '18', '--raw', '--subdir', 'DAGS_FOLDER/network_traffic_pipeline_dag.py', '--cfg-path', '/tmp/tmp7bxgdmog']
[2026-07-19T18:56:31.377+0545] {standard_task_runner.py:91} INFO - Job 18: Subtask rl_adaptive_threshold
[2026-07-19T18:56:31.408+0545] {task_command.py:426} INFO - Running <TaskInstance: network_traffic_pipeline.rl_adaptive_threshold manual__2026-07-19T12:54:25.194239+00:00 [running]> on host snigdh-IdeaPad-Slim-3-15IAH8
[2026-07-19T18:56:31.465+0545] {taskinstance.py:2648} INFO - Exporting env vars: AIRFLOW_CTX_DAG_OWNER='you' AIRFLOW_CTX_DAG_ID='network_traffic_pipeline' AIRFLOW_CTX_TASK_ID='rl_adaptive_threshold' AIRFLOW_CTX_EXECUTION_DATE='2026-07-19T12:54:25.194239+00:00' AIRFLOW_CTX_TRY_NUMBER='1' AIRFLOW_CTX_DAG_RUN_ID='manual__2026-07-19T12:54:25.194239+00:00'
[2026-07-19T18:56:31.467+0545] {taskinstance.py:430} INFO - ::endgroup::
[2026-07-19T18:56:31.467+0545] {subprocess.py:63} INFO - Tmp dir root location: /tmp
[2026-07-19T18:56:31.468+0545] {subprocess.py:75} INFO - Running command: ['/usr/bin/bash', '-c', 'cd /home/snigdh/repos/bigData && docker-compose exec spark-master /opt/spark/bin/spark-submit --master spark://localhost:7077 --py-files /app/common.py --conf spark.ui.port=4040 --conf spark.sql.extensions=io.delta.sql.DeltaSparkSessionExtension --conf spark.sql.catalog.spark_catalog=org.apache.spark.sql.delta.catalog.DeltaCatalog /app/task_rl_adaptive_threshold.py']
[2026-07-19T18:56:31.479+0545] {subprocess.py:86} INFO - Output:
[2026-07-19T18:56:44.421+0545] {subprocess.py:93} INFO - 26/07/19 13:11:44 INFO SparkContext: Running Spark version 3.5.0
[2026-07-19T18:56:44.423+0545] {subprocess.py:93} INFO - 26/07/19 13:11:44 INFO SparkContext: OS info Linux, 6.8.0-136-generic, amd64
[2026-07-19T18:56:44.423+0545] {subprocess.py:93} INFO - 26/07/19 13:11:44 INFO SparkContext: Java version 11.0.20.1
[2026-07-19T18:56:44.517+0545] {subprocess.py:93} INFO - 26/07/19 13:11:44 INFO ResourceUtils: ==============================================================
[2026-07-19T18:56:44.517+0545] {subprocess.py:93} INFO - 26/07/19 13:11:44 INFO ResourceUtils: No custom resources configured for spark.driver.
[2026-07-19T18:56:44.517+0545] {subprocess.py:93} INFO - 26/07/19 13:11:44 INFO ResourceUtils: ==============================================================
[2026-07-19T18:56:44.517+0545] {subprocess.py:93} INFO - 26/07/19 13:11:44 INFO SparkContext: Submitted application: anomaly_rl_adaptive_threshold
[2026-07-19T18:56:44.612+0545] {subprocess.py:93} INFO - 26/07/19 13:11:44 INFO ResourceProfile: Default ResourceProfile created, executor resources: Map(memory -> name: memory, amount: 1024, script: , vendor: , offHeap -> name: offHeap, amount: 0, script: , vendor: ), task resources: Map(cpus -> name: cpus, amount: 1.0)
[2026-07-19T18:56:44.707+0545] {subprocess.py:93} INFO - 26/07/19 13:11:44 INFO ResourceProfile: Limiting resource is cpu
[2026-07-19T18:56:44.708+0545] {subprocess.py:93} INFO - 26/07/19 13:11:44 INFO ResourceProfileManager: Added ResourceProfile id: 0
[2026-07-19T18:56:44.824+0545] {subprocess.py:93} INFO - 26/07/19 13:11:44 INFO SecurityManager: Changing view acls to: spark
[2026-07-19T18:56:44.825+0545] {subprocess.py:93} INFO - 26/07/19 13:11:44 INFO SecurityManager: Changing modify acls to: spark
[2026-07-19T18:56:44.825+0545] {subprocess.py:93} INFO - 26/07/19 13:11:44 INFO SecurityManager: Changing view acls groups to:
[2026-07-19T18:56:44.825+0545] {subprocess.py:93} INFO - 26/07/19 13:11:44 INFO SecurityManager: Changing modify acls groups to:
[2026-07-19T18:56:44.825+0545] {subprocess.py:93} INFO - 26/07/19 13:11:44 INFO SecurityManager: SecurityManager: authentication disabled; ui acls disabled; users with view permissions: spark; groups with view permissions: EMPTY; users with modify permissions: spark; groups with modify permissions: EMPTY
[2026-07-19T18:56:45.508+0545] {subprocess.py:93} INFO - 26/07/19 13:11:45 INFO Utils: Successfully started service 'sparkDriver' on port 35321.
[2026-07-19T18:56:45.525+0545] {subprocess.py:93} INFO - 26/07/19 13:11:45 INFO SparkEnv: Registering MapOutputTracker
[2026-07-19T18:56:45.714+0545] {subprocess.py:93} INFO - 26/07/19 13:11:45 INFO SparkEnv: Registering BlockManagerMaster
[2026-07-19T18:56:45.807+0545] {subprocess.py:93} INFO - 26/07/19 13:11:45 INFO BlockManagerMasterEndpoint: Using org.apache.spark.storage.DefaultTopologyMapper for getting topology information
[2026-07-19T18:56:45.808+0545] {subprocess.py:93} INFO - 26/07/19 13:11:45 INFO BlockManagerMasterEndpoint: BlockManagerMasterEndpoint up
[2026-07-19T18:56:45.811+0545] {subprocess.py:93} INFO - 26/07/19 13:11:45 INFO SparkEnv: Registering BlockManagerMasterHeartbeat
[2026-07-19T18:56:45.825+0545] {subprocess.py:93} INFO - 26/07/19 13:11:45 INFO DiskBlockManager: Created local directory at /tmp/blockmgr-136e71b8-eff8-4b69-943a-b7b299602460
[2026-07-19T18:56:45.910+0545] {subprocess.py:93} INFO - 26/07/19 13:11:45 INFO MemoryStore: MemoryStore started with capacity 413.9 MiB
[2026-07-19T18:56:45.922+0545] {subprocess.py:93} INFO - 26/07/19 13:11:45 INFO SparkEnv: Registering OutputCommitCoordinator
[2026-07-19T18:56:46.304+0545] {subprocess.py:93} INFO - 26/07/19 13:11:46 INFO JettyUtils: Start Jetty 0.0.0.0:4040 for SparkUI
[2026-07-19T18:56:46.421+0545] {subprocess.py:93} INFO - 26/07/19 13:11:46 INFO Utils: Successfully started service 'SparkUI' on port 4040.
[2026-07-19T18:56:46.521+0545] {subprocess.py:93} INFO - 26/07/19 13:11:46 INFO SparkContext: Added file file:///app/common.py at spark://4ea06c45d400:35321/files/common.py with timestamp 1784466704412
[2026-07-19T18:56:46.522+0545] {subprocess.py:93} INFO - 26/07/19 13:11:46 INFO Utils: Copying /app/common.py to /tmp/spark-846a1e64-930f-46d5-9dd0-140021e3ead5/userFiles-1346e101-a805-4bf1-a3d2-76b0808155e8/common.py
[2026-07-19T18:56:46.917+0545] {subprocess.py:93} INFO - 26/07/19 13:11:46 INFO StandaloneAppClient$ClientEndpoint: Connecting to master spark://localhost:7077...
[2026-07-19T18:56:47.123+0545] {subprocess.py:93} INFO - 26/07/19 13:11:47 INFO TransportClientFactory: Successfully created connection to localhost/127.0.0.1:7077 after 103 ms (0 ms spent in bootstraps)
[2026-07-19T18:56:47.504+0545] {subprocess.py:93} INFO - 26/07/19 13:11:47 INFO StandaloneSchedulerBackend: Connected to Spark cluster with app ID app-20260719131147-0008
[2026-07-19T18:56:47.505+0545] {subprocess.py:93} INFO - 26/07/19 13:11:47 INFO StandaloneAppClient$ClientEndpoint: Executor added: app-20260719131147-0008/0 on worker-20260719125443-spark-worker2-8083 (spark-worker2:8083) with 1 core(s)
[2026-07-19T18:56:47.507+0545] {subprocess.py:93} INFO - 26/07/19 13:11:47 INFO StandaloneSchedulerBackend: Granted executor ID app-20260719131147-0008/0 on hostPort spark-worker2:8083 with 1 core(s), 1024.0 MiB RAM
[2026-07-19T18:56:47.507+0545] {subprocess.py:93} INFO - 26/07/19 13:11:47 INFO StandaloneAppClient$ClientEndpoint: Executor added: app-20260719131147-0008/1 on worker-20260719125443-spark-worker1-8081 (spark-worker1:8081) with 1 core(s)
[2026-07-19T18:56:47.507+0545] {subprocess.py:93} INFO - 26/07/19 13:11:47 INFO StandaloneSchedulerBackend: Granted executor ID app-20260719131147-0008/1 on hostPort spark-worker1:8081 with 1 core(s), 1024.0 MiB RAM
[2026-07-19T18:56:47.605+0545] {subprocess.py:93} INFO - 26/07/19 13:11:47 INFO StandaloneAppClient$ClientEndpoint: Executor updated: app-20260719131147-0008/0 is now RUNNING
[2026-07-19T18:56:47.606+0545] {subprocess.py:93} INFO - 26/07/19 13:11:47 INFO StandaloneAppClient$ClientEndpoint: Executor updated: app-20260719131147-0008/1 is now RUNNING
[2026-07-19T18:56:47.607+0545] {subprocess.py:93} INFO - 26/07/19 13:11:47 INFO Utils: Successfully started service 'org.apache.spark.network.netty.NettyBlockTransferService' on port 34651.
[2026-07-19T18:56:47.607+0545] {subprocess.py:93} INFO - 26/07/19 13:11:47 INFO NettyBlockTransferService: Server created on 4ea06c45d400:34651
[2026-07-19T18:56:47.609+0545] {subprocess.py:93} INFO - 26/07/19 13:11:47 INFO BlockManager: Using org.apache.spark.storage.RandomBlockReplicationPolicy for block replication policy
[2026-07-19T18:56:47.616+0545] {subprocess.py:93} INFO - 26/07/19 13:11:47 INFO BlockManagerMaster: Registering BlockManager BlockManagerId(driver, 4ea06c45d400, 34651, None)
[2026-07-19T18:56:47.619+0545] {subprocess.py:93} INFO - 26/07/19 13:11:47 INFO BlockManagerMasterEndpoint: Registering block manager 4ea06c45d400:34651 with 413.9 MiB RAM, BlockManagerId(driver, 4ea06c45d400, 34651, None)
[2026-07-19T18:56:47.703+0545] {subprocess.py:93} INFO - 26/07/19 13:11:47 INFO BlockManagerMaster: Registered BlockManager BlockManagerId(driver, 4ea06c45d400, 34651, None)
[2026-07-19T18:56:47.704+0545] {subprocess.py:93} INFO - 26/07/19 13:11:47 INFO BlockManager: Initialized BlockManager: BlockManagerId(driver, 4ea06c45d400, 34651, None)
[2026-07-19T18:56:48.419+0545] {subprocess.py:93} INFO - 26/07/19 13:11:48 INFO StandaloneSchedulerBackend: SchedulerBackend is ready for scheduling beginning after reached minRegisteredResourcesRatio: 0.0
[2026-07-19T18:57:19.619+0545] {subprocess.py:93} INFO - 26/07/19 13:12:19 WARN SparkStringUtils: Truncated the string representation of a plan since it was too large. This behavior can be adjusted by setting 'spark.sql.debug.maxToStringFields'.
[2026-07-19T18:58:09.715+0545] {subprocess.py:93} INFO - [RL] Adaptive-threshold agent converged: threshold=2.3 (observed flag-rate=0.0195, target=0.02)
[2026-07-19T18:58:18.016+0545] {subprocess.py:93} INFO - [Driver] Wrote 'rl_adaptive_threshold' output -> hdfs://namenode:9000/user/demo/_scores/rl_adaptive_threshold
[2026-07-19T18:58:19.927+0545] {subprocess.py:97} INFO - Command exited with return code 0
[2026-07-19T18:58:19.928+0545] {taskinstance.py:441} INFO - ::group::Post task execution logs
[2026-07-19T18:58:19.943+0545] {taskinstance.py:1206} INFO - Marking task as SUCCESS. dag_id=network_traffic_pipeline, task_id=rl_adaptive_threshold, run_id=manual__2026-07-19T12:54:25.194239+00:00, execution_date=20260719T125425, start_date=20260719T131131, end_date=20260719T131319
[2026-07-19T18:58:19.957+0545] {local_task_job_runner.py:243} INFO - Task exited with return code 0
[2026-07-19T18:58:19.967+0545] {taskinstance.py:3503} INFO - 0 downstream tasks scheduled from follow-on schedule check
[2026-07-19T18:58:19.967+0545] {local_task_job_runner.py:222} INFO - ::endgroup::
