[2026-07-19T19:49:07.275+0545] {local_task_job_runner.py:120} INFO - ::group::Pre task execution logs
[2026-07-19T19:49:07.294+0545] {taskinstance.py:2076} INFO - Dependencies all met for dep_context=non-requeueable deps ti=<TaskInstance: network_traffic_pipeline.autoencoder_family.train_autoencoder manual__2026-07-19T13:45:00.072255+00:00 [queued]>
[2026-07-19T19:49:07.300+0545] {taskinstance.py:2076} INFO - Dependencies all met for dep_context=requeueable deps ti=<TaskInstance: network_traffic_pipeline.autoencoder_family.train_autoencoder manual__2026-07-19T13:45:00.072255+00:00 [queued]>
[2026-07-19T19:49:07.301+0545] {taskinstance.py:2306} INFO - Starting attempt 1 of 3
[2026-07-19T19:49:07.313+0545] {taskinstance.py:2330} INFO - Executing <Task(BashOperator): autoencoder_family.train_autoencoder> on 2026-07-19 13:45:00.072255+00:00
[2026-07-19T19:49:07.318+0545] {standard_task_runner.py:64} INFO - Started process 83383 to run task
[2026-07-19T19:49:07.321+0545] {standard_task_runner.py:90} INFO - Running: ['airflow', 'tasks', 'run', 'network_traffic_pipeline', 'autoencoder_family.train_autoencoder', 'manual__2026-07-19T13:45:00.072255+00:00', '--job-id', '53', '--raw', '--subdir', 'DAGS_FOLDER/network_traffic_pipeline_dag.py', '--cfg-path', '/tmp/tmp0z9zxajk']
[2026-07-19T19:49:07.322+0545] {standard_task_runner.py:91} INFO - Job 53: Subtask autoencoder_family.train_autoencoder
[2026-07-19T19:49:07.357+0545] {task_command.py:426} INFO - Running <TaskInstance: network_traffic_pipeline.autoencoder_family.train_autoencoder manual__2026-07-19T13:45:00.072255+00:00 [running]> on host snigdh-IdeaPad-Slim-3-15IAH8
[2026-07-19T19:49:07.408+0545] {taskinstance.py:2648} INFO - Exporting env vars: AIRFLOW_CTX_DAG_OWNER='you' AIRFLOW_CTX_DAG_ID='network_traffic_pipeline' AIRFLOW_CTX_TASK_ID='autoencoder_family.train_autoencoder' AIRFLOW_CTX_EXECUTION_DATE='2026-07-19T13:45:00.072255+00:00' AIRFLOW_CTX_TRY_NUMBER='1' AIRFLOW_CTX_DAG_RUN_ID='manual__2026-07-19T13:45:00.072255+00:00'
[2026-07-19T19:49:07.410+0545] {taskinstance.py:430} INFO - ::endgroup::
[2026-07-19T19:49:07.411+0545] {subprocess.py:63} INFO - Tmp dir root location: /tmp
[2026-07-19T19:49:07.411+0545] {subprocess.py:75} INFO - Running command: ['/usr/bin/bash', '-c', 'cd /home/snigdh/repos/bigData && docker-compose exec spark-master /opt/spark/bin/spark-submit --master spark://localhost:7077 --py-files /app/common.py --conf spark.ui.port=4040 --conf spark.sql.extensions=io.delta.sql.DeltaSparkSessionExtension --conf spark.sql.catalog.spark_catalog=org.apache.spark.sql.delta.catalog.DeltaCatalog /app/task_train_autoencoder.py']
[2026-07-19T19:49:07.421+0545] {subprocess.py:86} INFO - Output:
[2026-07-19T19:49:19.131+0545] {subprocess.py:93} INFO - 26/07/19 14:04:19 INFO SparkContext: Running Spark version 3.5.0
[2026-07-19T19:49:19.133+0545] {subprocess.py:93} INFO - 26/07/19 14:04:19 INFO SparkContext: OS info Linux, 6.8.0-136-generic, amd64
[2026-07-19T19:49:19.133+0545] {subprocess.py:93} INFO - 26/07/19 14:04:19 INFO SparkContext: Java version 11.0.20.1
[2026-07-19T19:49:19.218+0545] {subprocess.py:93} INFO - 26/07/19 14:04:19 INFO ResourceUtils: ==============================================================
[2026-07-19T19:49:19.218+0545] {subprocess.py:93} INFO - 26/07/19 14:04:19 INFO ResourceUtils: No custom resources configured for spark.driver.
[2026-07-19T19:49:19.218+0545] {subprocess.py:93} INFO - 26/07/19 14:04:19 INFO ResourceUtils: ==============================================================
[2026-07-19T19:49:19.297+0545] {subprocess.py:93} INFO - 26/07/19 14:04:19 INFO SparkContext: Submitted application: anomaly_train_autoencoder
[2026-07-19T19:49:19.321+0545] {subprocess.py:93} INFO - 26/07/19 14:04:19 INFO ResourceProfile: Default ResourceProfile created, executor resources: Map(memory -> name: memory, amount: 1024, script: , vendor: , offHeap -> name: offHeap, amount: 0, script: , vendor: ), task resources: Map(cpus -> name: cpus, amount: 1.0)
[2026-07-19T19:49:19.400+0545] {subprocess.py:93} INFO - 26/07/19 14:04:19 INFO ResourceProfile: Limiting resource is cpu
[2026-07-19T19:49:19.401+0545] {subprocess.py:93} INFO - 26/07/19 14:04:19 INFO ResourceProfileManager: Added ResourceProfile id: 0
[2026-07-19T19:49:19.514+0545] {subprocess.py:93} INFO - 26/07/19 14:04:19 INFO SecurityManager: Changing view acls to: spark
[2026-07-19T19:49:19.515+0545] {subprocess.py:93} INFO - 26/07/19 14:04:19 INFO SecurityManager: Changing modify acls to: spark
[2026-07-19T19:49:19.515+0545] {subprocess.py:93} INFO - 26/07/19 14:04:19 INFO SecurityManager: Changing view acls groups to:
[2026-07-19T19:49:19.515+0545] {subprocess.py:93} INFO - 26/07/19 14:04:19 INFO SecurityManager: Changing modify acls groups to:
[2026-07-19T19:49:19.515+0545] {subprocess.py:93} INFO - 26/07/19 14:04:19 INFO SecurityManager: SecurityManager: authentication disabled; ui acls disabled; users with view permissions: spark; groups with view permissions: EMPTY; users with modify permissions: spark; groups with modify permissions: EMPTY
[2026-07-19T19:49:20.197+0545] {subprocess.py:93} INFO - 26/07/19 14:04:20 INFO Utils: Successfully started service 'sparkDriver' on port 36977.
[2026-07-19T19:49:20.309+0545] {subprocess.py:93} INFO - 26/07/19 14:04:20 INFO SparkEnv: Registering MapOutputTracker
[2026-07-19T19:49:20.508+0545] {subprocess.py:93} INFO - 26/07/19 14:04:20 INFO SparkEnv: Registering BlockManagerMaster
[2026-07-19T19:49:20.521+0545] {subprocess.py:93} INFO - 26/07/19 14:04:20 INFO BlockManagerMasterEndpoint: Using org.apache.spark.storage.DefaultTopologyMapper for getting topology information
[2026-07-19T19:49:20.521+0545] {subprocess.py:93} INFO - 26/07/19 14:04:20 INFO BlockManagerMasterEndpoint: BlockManagerMasterEndpoint up
[2026-07-19T19:49:20.602+0545] {subprocess.py:93} INFO - 26/07/19 14:04:20 INFO SparkEnv: Registering BlockManagerMasterHeartbeat
[2026-07-19T19:49:20.617+0545] {subprocess.py:93} INFO - 26/07/19 14:04:20 INFO DiskBlockManager: Created local directory at /tmp/blockmgr-ee0eb893-5f9d-4869-96fb-e4ed43c15065
[2026-07-19T19:49:20.628+0545] {subprocess.py:93} INFO - 26/07/19 14:04:20 INFO MemoryStore: MemoryStore started with capacity 413.9 MiB
[2026-07-19T19:49:20.713+0545] {subprocess.py:93} INFO - 26/07/19 14:04:20 INFO SparkEnv: Registering OutputCommitCoordinator
[2026-07-19T19:49:21.011+0545] {subprocess.py:93} INFO - 26/07/19 14:04:21 INFO JettyUtils: Start Jetty 0.0.0.0:4040 for SparkUI
[2026-07-19T19:49:21.117+0545] {subprocess.py:93} INFO - 26/07/19 14:04:21 INFO Utils: Successfully started service 'SparkUI' on port 4040.
[2026-07-19T19:49:21.300+0545] {subprocess.py:93} INFO - 26/07/19 14:04:21 INFO SparkContext: Added file file:///app/common.py at spark://7aa1691b5e48:36977/files/common.py with timestamp 1784469859121
[2026-07-19T19:49:21.303+0545] {subprocess.py:93} INFO - 26/07/19 14:04:21 INFO Utils: Copying /app/common.py to /tmp/spark-8ce4c5ff-e107-4f1b-a808-a82327b55e81/userFiles-04dd225a-8e77-4f7a-beae-43ec03b9f3f2/common.py
[2026-07-19T19:49:21.897+0545] {subprocess.py:93} INFO - 26/07/19 14:04:21 INFO StandaloneAppClient$ClientEndpoint: Connecting to master spark://localhost:7077...
[2026-07-19T19:49:22.112+0545] {subprocess.py:93} INFO - 26/07/19 14:04:22 INFO TransportClientFactory: Successfully created connection to localhost/127.0.0.1:7077 after 190 ms (0 ms spent in bootstraps)
[2026-07-19T19:49:22.503+0545] {subprocess.py:93} INFO - 26/07/19 14:04:22 INFO StandaloneSchedulerBackend: Connected to Spark cluster with app ID app-20260719140422-0009
[2026-07-19T19:49:22.505+0545] {subprocess.py:93} INFO - 26/07/19 14:04:22 INFO StandaloneAppClient$ClientEndpoint: Executor added: app-20260719140422-0009/0 on worker-20260719134303-spark-worker2-8083 (spark-worker2:8083) with 1 core(s)
[2026-07-19T19:49:22.507+0545] {subprocess.py:93} INFO - 26/07/19 14:04:22 INFO StandaloneSchedulerBackend: Granted executor ID app-20260719140422-0009/0 on hostPort spark-worker2:8083 with 1 core(s), 1024.0 MiB RAM
[2026-07-19T19:49:22.507+0545] {subprocess.py:93} INFO - 26/07/19 14:04:22 INFO StandaloneAppClient$ClientEndpoint: Executor added: app-20260719140422-0009/1 on worker-20260719134303-spark-worker1-8081 (spark-worker1:8081) with 1 core(s)
[2026-07-19T19:49:22.507+0545] {subprocess.py:93} INFO - 26/07/19 14:04:22 INFO StandaloneSchedulerBackend: Granted executor ID app-20260719140422-0009/1 on hostPort spark-worker1:8081 with 1 core(s), 1024.0 MiB RAM
[2026-07-19T19:49:22.602+0545] {subprocess.py:93} INFO - 26/07/19 14:04:22 INFO Utils: Successfully started service 'org.apache.spark.network.netty.NettyBlockTransferService' on port 43639.
[2026-07-19T19:49:22.602+0545] {subprocess.py:93} INFO - 26/07/19 14:04:22 INFO NettyBlockTransferService: Server created on 7aa1691b5e48:43639
[2026-07-19T19:49:22.605+0545] {subprocess.py:93} INFO - 26/07/19 14:04:22 INFO BlockManager: Using org.apache.spark.storage.RandomBlockReplicationPolicy for block replication policy
[2026-07-19T19:49:22.699+0545] {subprocess.py:93} INFO - 26/07/19 14:04:22 INFO StandaloneAppClient$ClientEndpoint: Executor updated: app-20260719140422-0009/0 is now RUNNING
[2026-07-19T19:49:22.700+0545] {subprocess.py:93} INFO - 26/07/19 14:04:22 INFO StandaloneAppClient$ClientEndpoint: Executor updated: app-20260719140422-0009/1 is now RUNNING
[2026-07-19T19:49:22.703+0545] {subprocess.py:93} INFO - 26/07/19 14:04:22 INFO BlockManagerMaster: Registering BlockManager BlockManagerId(driver, 7aa1691b5e48, 43639, None)
[2026-07-19T19:49:22.706+0545] {subprocess.py:93} INFO - 26/07/19 14:04:22 INFO BlockManagerMasterEndpoint: Registering block manager 7aa1691b5e48:43639 with 413.9 MiB RAM, BlockManagerId(driver, 7aa1691b5e48, 43639, None)
[2026-07-19T19:49:22.708+0545] {subprocess.py:93} INFO - 26/07/19 14:04:22 INFO BlockManagerMaster: Registered BlockManager BlockManagerId(driver, 7aa1691b5e48, 43639, None)
[2026-07-19T19:49:22.709+0545] {subprocess.py:93} INFO - 26/07/19 14:04:22 INFO BlockManager: Initialized BlockManager: BlockManagerId(driver, 7aa1691b5e48, 43639, None)
[2026-07-19T19:49:23.315+0545] {subprocess.py:93} INFO - 26/07/19 14:04:23 INFO StandaloneSchedulerBackend: SchedulerBackend is ready for scheduling beginning after reached minRegisteredResourcesRatio: 0.0
[2026-07-19T19:49:24.202+0545] {subprocess.py:93} INFO - [TorchDistributor] AE: launching 2-way DDP (across cluster executors)...
[2026-07-19T19:49:27.419+0545] {subprocess.py:93} INFO - Started distributed training with 2 executor processes
[2026-07-19T19:50:05.690+0545] {subprocess.py:93} INFO - 2026-07-19 14:05:05,688 INFO sasl.SaslDataTransferClient: SASL encryption trust check: localHostTrusted = false, remoteHostTrusted = false
[2026-07-19T19:50:05.891+0545] {subprocess.py:93} INFO - 2026-07-19 14:05:05,803 INFO sasl.SaslDataTransferClient: SASL encryption trust check: localHostTrusted = false, remoteHostTrusted = false
[2026-07-19T19:50:05.891+0545] {subprocess.py:93} INFO - 2026-07-19 14:05:05,885 INFO sasl.SaslDataTransferClient: SASL encryption trust check: localHostTrusted = false, remoteHostTrusted = false
[2026-07-19T19:50:05.891+0545] {subprocess.py:93} INFO - 2026-07-19 14:05:05,890 INFO sasl.SaslDataTransferClient: SASL encryption trust check: localHostTrusted = false, remoteHostTrusted = false
[2026-07-19T19:50:05.941+0545] {subprocess.py:93} INFO - 2026-07-19 14:05:05,878 INFO sasl.SaslDataTransferClient: SASL encryption trust check: localHostTrusted = false, remoteHostTrusted = false
[2026-07-19T19:50:05.991+0545] {subprocess.py:93} INFO - 2026-07-19 14:05:05,896 INFO sasl.SaslDataTransferClient: SASL encryption trust check: localHostTrusted = false, remoteHostTrusted = false
[2026-07-19T19:50:06.142+0545] {subprocess.py:93} INFO - 2026-07-19 14:05:06,063 INFO sasl.SaslDataTransferClient: SASL encryption trust check: localHostTrusted = false, remoteHostTrusted = false
[2026-07-19T19:50:06.242+0545] {subprocess.py:93} INFO - 2026-07-19 14:05:06,157 INFO sasl.SaslDataTransferClient: SASL encryption trust check: localHostTrusted = false, remoteHostTrusted = false
[2026-07-19T19:50:06.243+0545] {subprocess.py:93} INFO - 2026-07-19 14:05:06,163 INFO sasl.SaslDataTransferClient: SASL encryption trust check: localHostTrusted = false, remoteHostTrusted = false
[2026-07-19T19:50:06.343+0545] {subprocess.py:93} INFO - 2026-07-19 14:05:06,250 INFO sasl.SaslDataTransferClient: SASL encryption trust check: localHostTrusted = false, remoteHostTrusted = false
[2026-07-19T19:50:06.443+0545] {subprocess.py:93} INFO - 2026-07-19 14:05:06,347 INFO sasl.SaslDataTransferClient: SASL encryption trust check: localHostTrusted = false, remoteHostTrusted = false
[2026-07-19T19:50:06.793+0545] {subprocess.py:93} INFO -     [AE][rank0/2] epoch 5/30 loss=0.65593
[2026-07-19T19:50:07.194+0545] {subprocess.py:93} INFO -     [AE][rank0/2] epoch 10/30 loss=0.37772
[2026-07-19T19:50:07.594+0545] {subprocess.py:93} INFO -     [AE][rank0/2] epoch 15/30 loss=0.32056
[2026-07-19T19:50:07.895+0545] {subprocess.py:93} INFO -     [AE][rank0/2] epoch 20/30 loss=0.28122
[2026-07-19T19:50:08.195+0545] {subprocess.py:93} INFO -     [AE][rank0/2] epoch 25/30 loss=0.24422
[2026-07-19T19:50:08.596+0545] {subprocess.py:93} INFO -     [AE][rank0/2] epoch 30/30 loss=0.19426
[2026-07-19T19:50:11.154+0545] {subprocess.py:93} INFO - Finished distributed training with 2 executor processes
[2026-07-19T19:50:21.013+0545] {subprocess.py:93} INFO - [Driver] Saved model state -> hdfs://namenode:9000/user/demo/_models/autoencoder
[2026-07-19T19:50:23.115+0545] {subprocess.py:97} INFO - Command exited with return code 0
[2026-07-19T19:50:23.115+0545] {taskinstance.py:441} INFO - ::group::Post task execution logs
[2026-07-19T19:50:23.130+0545] {taskinstance.py:1206} INFO - Marking task as SUCCESS. dag_id=network_traffic_pipeline, task_id=autoencoder_family.train_autoencoder, run_id=manual__2026-07-19T13:45:00.072255+00:00, execution_date=20260719T134500, start_date=20260719T140407, end_date=20260719T140523
[2026-07-19T19:50:23.178+0545] {local_task_job_runner.py:243} INFO - Task exited with return code 0
[2026-07-19T19:50:23.194+0545] {taskinstance.py:3503} INFO - 2 downstream tasks scheduled from follow-on schedule check
[2026-07-19T19:50:23.198+0545] {local_task_job_runner.py:222} INFO - ::endgroup::
