[2026-07-19T18:47:57.534+0545] {local_task_job_runner.py:120} INFO - ::group::Pre task execution logs
[2026-07-19T18:47:57.551+0545] {taskinstance.py:2076} INFO - Dependencies all met for dep_context=non-requeueable deps ti=<TaskInstance: network_traffic_pipeline.native_clustering.gmm manual__2026-07-19T12:54:25.194239+00:00 [queued]>
[2026-07-19T18:47:57.556+0545] {taskinstance.py:2076} INFO - Dependencies all met for dep_context=requeueable deps ti=<TaskInstance: network_traffic_pipeline.native_clustering.gmm manual__2026-07-19T12:54:25.194239+00:00 [queued]>
[2026-07-19T18:47:57.557+0545] {taskinstance.py:2306} INFO - Starting attempt 1 of 2
[2026-07-19T18:47:57.570+0545] {taskinstance.py:2330} INFO - Executing <Task(BashOperator): native_clustering.gmm> on 2026-07-19 12:54:25.194239+00:00
[2026-07-19T18:47:57.574+0545] {standard_task_runner.py:64} INFO - Started process 33297 to run task
[2026-07-19T18:47:57.577+0545] {standard_task_runner.py:90} INFO - Running: ['airflow', 'tasks', 'run', 'network_traffic_pipeline', 'native_clustering.gmm', 'manual__2026-07-19T12:54:25.194239+00:00', '--job-id', '14', '--raw', '--subdir', 'DAGS_FOLDER/network_traffic_pipeline_dag.py', '--cfg-path', '/tmp/tmp01kmss_6']
[2026-07-19T18:47:57.579+0545] {standard_task_runner.py:91} INFO - Job 14: Subtask native_clustering.gmm
[2026-07-19T18:47:57.607+0545] {task_command.py:426} INFO - Running <TaskInstance: network_traffic_pipeline.native_clustering.gmm manual__2026-07-19T12:54:25.194239+00:00 [running]> on host snigdh-IdeaPad-Slim-3-15IAH8
[2026-07-19T18:47:57.661+0545] {taskinstance.py:2648} INFO - Exporting env vars: AIRFLOW_CTX_DAG_OWNER='you' AIRFLOW_CTX_DAG_ID='network_traffic_pipeline' AIRFLOW_CTX_TASK_ID='native_clustering.gmm' AIRFLOW_CTX_EXECUTION_DATE='2026-07-19T12:54:25.194239+00:00' AIRFLOW_CTX_TRY_NUMBER='1' AIRFLOW_CTX_DAG_RUN_ID='manual__2026-07-19T12:54:25.194239+00:00'
[2026-07-19T18:47:57.662+0545] {taskinstance.py:430} INFO - ::endgroup::
[2026-07-19T18:47:57.663+0545] {subprocess.py:63} INFO - Tmp dir root location: /tmp
[2026-07-19T18:47:57.663+0545] {subprocess.py:75} INFO - Running command: ['/usr/bin/bash', '-c', 'cd /home/snigdh/repos/bigData && docker-compose exec spark-master /opt/spark/bin/spark-submit --master spark://localhost:7077 --py-files /app/common.py --conf spark.ui.port=4040 --conf spark.sql.extensions=io.delta.sql.DeltaSparkSessionExtension --conf spark.sql.catalog.spark_catalog=org.apache.spark.sql.delta.catalog.DeltaCatalog /app/task_gmm.py']
[2026-07-19T18:47:57.673+0545] {subprocess.py:86} INFO - Output:
[2026-07-19T18:48:09.529+0545] {subprocess.py:93} INFO - 26/07/19 13:03:09 INFO SparkContext: Running Spark version 3.5.0
[2026-07-19T18:48:09.604+0545] {subprocess.py:93} INFO - 26/07/19 13:03:09 INFO SparkContext: OS info Linux, 6.8.0-136-generic, amd64
[2026-07-19T18:48:09.604+0545] {subprocess.py:93} INFO - 26/07/19 13:03:09 INFO SparkContext: Java version 11.0.20.1
[2026-07-19T18:48:09.703+0545] {subprocess.py:93} INFO - 26/07/19 13:03:09 INFO ResourceUtils: ==============================================================
[2026-07-19T18:48:09.704+0545] {subprocess.py:93} INFO - 26/07/19 13:03:09 INFO ResourceUtils: No custom resources configured for spark.driver.
[2026-07-19T18:48:09.704+0545] {subprocess.py:93} INFO - 26/07/19 13:03:09 INFO ResourceUtils: ==============================================================
[2026-07-19T18:48:09.705+0545] {subprocess.py:93} INFO - 26/07/19 13:03:09 INFO SparkContext: Submitted application: anomaly_gmm
[2026-07-19T18:48:09.721+0545] {subprocess.py:93} INFO - 26/07/19 13:03:09 INFO ResourceProfile: Default ResourceProfile created, executor resources: Map(memory -> name: memory, amount: 1024, script: , vendor: , offHeap -> name: offHeap, amount: 0, script: , vendor: ), task resources: Map(cpus -> name: cpus, amount: 1.0)
[2026-07-19T18:48:09.814+0545] {subprocess.py:93} INFO - 26/07/19 13:03:09 INFO ResourceProfile: Limiting resource is cpu
[2026-07-19T18:48:09.814+0545] {subprocess.py:93} INFO - 26/07/19 13:03:09 INFO ResourceProfileManager: Added ResourceProfile id: 0
[2026-07-19T18:48:09.930+0545] {subprocess.py:93} INFO - 26/07/19 13:03:09 INFO SecurityManager: Changing view acls to: spark
[2026-07-19T18:48:09.931+0545] {subprocess.py:93} INFO - 26/07/19 13:03:09 INFO SecurityManager: Changing modify acls to: spark
[2026-07-19T18:48:09.931+0545] {subprocess.py:93} INFO - 26/07/19 13:03:09 INFO SecurityManager: Changing view acls groups to:
[2026-07-19T18:48:09.931+0545] {subprocess.py:93} INFO - 26/07/19 13:03:09 INFO SecurityManager: Changing modify acls groups to:
[2026-07-19T18:48:09.931+0545] {subprocess.py:93} INFO - 26/07/19 13:03:09 INFO SecurityManager: SecurityManager: authentication disabled; ui acls disabled; users with view permissions: spark; groups with view permissions: EMPTY; users with modify permissions: spark; groups with modify permissions: EMPTY
[2026-07-19T18:48:10.530+0545] {subprocess.py:93} INFO - 26/07/19 13:03:10 INFO Utils: Successfully started service 'sparkDriver' on port 36017.
[2026-07-19T18:48:10.625+0545] {subprocess.py:93} INFO - 26/07/19 13:03:10 INFO SparkEnv: Registering MapOutputTracker
[2026-07-19T18:48:10.821+0545] {subprocess.py:93} INFO - 26/07/19 13:03:10 INFO SparkEnv: Registering BlockManagerMaster
[2026-07-19T18:48:10.912+0545] {subprocess.py:93} INFO - 26/07/19 13:03:10 INFO BlockManagerMasterEndpoint: Using org.apache.spark.storage.DefaultTopologyMapper for getting topology information
[2026-07-19T18:48:10.913+0545] {subprocess.py:93} INFO - 26/07/19 13:03:10 INFO BlockManagerMasterEndpoint: BlockManagerMasterEndpoint up
[2026-07-19T18:48:10.916+0545] {subprocess.py:93} INFO - 26/07/19 13:03:10 INFO SparkEnv: Registering BlockManagerMasterHeartbeat
[2026-07-19T18:48:11.013+0545] {subprocess.py:93} INFO - 26/07/19 13:03:11 INFO DiskBlockManager: Created local directory at /tmp/blockmgr-e92f5c8a-14cf-42f2-883f-3313846ad130
[2026-07-19T18:48:11.023+0545] {subprocess.py:93} INFO - 26/07/19 13:03:11 INFO MemoryStore: MemoryStore started with capacity 413.9 MiB
[2026-07-19T18:48:11.116+0545] {subprocess.py:93} INFO - 26/07/19 13:03:11 INFO SparkEnv: Registering OutputCommitCoordinator
[2026-07-19T18:48:11.703+0545] {subprocess.py:93} INFO - 26/07/19 13:03:11 INFO JettyUtils: Start Jetty 0.0.0.0:4040 for SparkUI
[2026-07-19T18:48:11.824+0545] {subprocess.py:93} INFO - 26/07/19 13:03:11 INFO Utils: Successfully started service 'SparkUI' on port 4040.
[2026-07-19T18:48:11.931+0545] {subprocess.py:93} INFO - 26/07/19 13:03:11 INFO SparkContext: Added file file:///app/common.py at spark://4ea06c45d400:36017/files/common.py with timestamp 1784466189521
[2026-07-19T18:48:11.932+0545] {subprocess.py:93} INFO - 26/07/19 13:03:11 INFO Utils: Copying /app/common.py to /tmp/spark-71fe77b9-c075-48c4-b802-a7184d63f0f5/userFiles-56ee5bcb-b410-4a6c-b758-f177290ec2c2/common.py
[2026-07-19T18:48:12.419+0545] {subprocess.py:93} INFO - 26/07/19 13:03:12 INFO StandaloneAppClient$ClientEndpoint: Connecting to master spark://localhost:7077...
[2026-07-19T18:48:12.622+0545] {subprocess.py:93} INFO - 26/07/19 13:03:12 INFO TransportClientFactory: Successfully created connection to localhost/127.0.0.1:7077 after 103 ms (0 ms spent in bootstraps)
[2026-07-19T18:48:12.912+0545] {subprocess.py:93} INFO - 26/07/19 13:03:12 INFO StandaloneSchedulerBackend: Connected to Spark cluster with app ID app-20260719130312-0004
[2026-07-19T18:48:12.914+0545] {subprocess.py:93} INFO - 26/07/19 13:03:12 INFO StandaloneAppClient$ClientEndpoint: Executor added: app-20260719130312-0004/0 on worker-20260719125443-spark-worker2-8083 (spark-worker2:8083) with 1 core(s)
[2026-07-19T18:48:12.915+0545] {subprocess.py:93} INFO - 26/07/19 13:03:12 INFO StandaloneSchedulerBackend: Granted executor ID app-20260719130312-0004/0 on hostPort spark-worker2:8083 with 1 core(s), 1024.0 MiB RAM
[2026-07-19T18:48:12.915+0545] {subprocess.py:93} INFO - 26/07/19 13:03:12 INFO StandaloneAppClient$ClientEndpoint: Executor added: app-20260719130312-0004/1 on worker-20260719125443-spark-worker1-8081 (spark-worker1:8081) with 1 core(s)
[2026-07-19T18:48:12.916+0545] {subprocess.py:93} INFO - 26/07/19 13:03:12 INFO StandaloneSchedulerBackend: Granted executor ID app-20260719130312-0004/1 on hostPort spark-worker1:8081 with 1 core(s), 1024.0 MiB RAM
[2026-07-19T18:48:13.002+0545] {subprocess.py:93} INFO - 26/07/19 13:03:13 INFO Utils: Successfully started service 'org.apache.spark.network.netty.NettyBlockTransferService' on port 34585.
[2026-07-19T18:48:13.003+0545] {subprocess.py:93} INFO - 26/07/19 13:03:13 INFO NettyBlockTransferService: Server created on 4ea06c45d400:34585
[2026-07-19T18:48:13.004+0545] {subprocess.py:93} INFO - 26/07/19 13:03:13 INFO BlockManager: Using org.apache.spark.storage.RandomBlockReplicationPolicy for block replication policy
[2026-07-19T18:48:13.011+0545] {subprocess.py:93} INFO - 26/07/19 13:03:13 INFO BlockManagerMaster: Registering BlockManager BlockManagerId(driver, 4ea06c45d400, 34585, None)
[2026-07-19T18:48:13.013+0545] {subprocess.py:93} INFO - 26/07/19 13:03:13 INFO StandaloneAppClient$ClientEndpoint: Executor updated: app-20260719130312-0004/0 is now RUNNING
[2026-07-19T18:48:13.013+0545] {subprocess.py:93} INFO - 26/07/19 13:03:13 INFO StandaloneAppClient$ClientEndpoint: Executor updated: app-20260719130312-0004/1 is now RUNNING
[2026-07-19T18:48:13.014+0545] {subprocess.py:93} INFO - 26/07/19 13:03:13 INFO BlockManagerMasterEndpoint: Registering block manager 4ea06c45d400:34585 with 413.9 MiB RAM, BlockManagerId(driver, 4ea06c45d400, 34585, None)
[2026-07-19T18:48:13.016+0545] {subprocess.py:93} INFO - 26/07/19 13:03:13 INFO BlockManagerMaster: Registered BlockManager BlockManagerId(driver, 4ea06c45d400, 34585, None)
[2026-07-19T18:48:13.017+0545] {subprocess.py:93} INFO - 26/07/19 13:03:13 INFO BlockManager: Initialized BlockManager: BlockManagerId(driver, 4ea06c45d400, 34585, None)
[2026-07-19T18:48:13.702+0545] {subprocess.py:93} INFO - 26/07/19 13:03:13 INFO StandaloneSchedulerBackend: SchedulerBackend is ready for scheduling beginning after reached minRegisteredResourcesRatio: 0.0
[2026-07-19T18:48:46.323+0545] {subprocess.py:93} INFO - 26/07/19 13:03:46 WARN SparkStringUtils: Truncated the string representation of a plan since it was too large. This behavior can be adjusted by setting 'spark.sql.debug.maxToStringFields'.
[2026-07-19T18:49:40.417+0545] {subprocess.py:93} INFO - 26/07/19 13:04:40 WARN InstanceBuilder: Failed to load implementation from:dev.ludovic.netlib.blas.JNIBLAS
[2026-07-19T18:50:22.410+0545] {subprocess.py:93} INFO - [Driver] gmm_cluster counts: {1: 3139, 3: 65, 5: 2288, 4: 66, 2: 2315, 0: 2127}, minority=3
[2026-07-19T18:50:28.716+0545] {subprocess.py:93} INFO - [Driver] Wrote 'gmm' output -> hdfs://namenode:9000/user/demo/_scores/gmm
[2026-07-19T18:50:30.324+0545] {subprocess.py:97} INFO - Command exited with return code 0
[2026-07-19T18:50:30.327+0545] {taskinstance.py:441} INFO - ::group::Post task execution logs
[2026-07-19T18:50:30.341+0545] {taskinstance.py:1206} INFO - Marking task as SUCCESS. dag_id=network_traffic_pipeline, task_id=native_clustering.gmm, run_id=manual__2026-07-19T12:54:25.194239+00:00, execution_date=20260719T125425, start_date=20260719T130257, end_date=20260719T130530
[2026-07-19T18:50:30.364+0545] {local_task_job_runner.py:243} INFO - Task exited with return code 0
[2026-07-19T18:50:30.377+0545] {taskinstance.py:3503} INFO - 0 downstream tasks scheduled from follow-on schedule check
[2026-07-19T18:50:30.378+0545] {local_task_job_runner.py:222} INFO - ::endgroup::
