[2026-07-19T18:58:22.021+0545] {local_task_job_runner.py:120} INFO - ::group::Pre task execution logs
[2026-07-19T18:58:22.038+0545] {taskinstance.py:2076} INFO - Dependencies all met for dep_context=non-requeueable deps ti=<TaskInstance: network_traffic_pipeline.autoencoder_family.train_autoencoder manual__2026-07-19T12:54:25.194239+00:00 [queued]>
[2026-07-19T18:58:22.043+0545] {taskinstance.py:2076} INFO - Dependencies all met for dep_context=requeueable deps ti=<TaskInstance: network_traffic_pipeline.autoencoder_family.train_autoencoder manual__2026-07-19T12:54:25.194239+00:00 [queued]>
[2026-07-19T18:58:22.043+0545] {taskinstance.py:2306} INFO - Starting attempt 1 of 3
[2026-07-19T18:58:22.055+0545] {taskinstance.py:2330} INFO - Executing <Task(BashOperator): autoencoder_family.train_autoencoder> on 2026-07-19 12:54:25.194239+00:00
[2026-07-19T18:58:22.060+0545] {standard_task_runner.py:64} INFO - Started process 41624 to run task
[2026-07-19T18:58:22.062+0545] {standard_task_runner.py:90} INFO - Running: ['airflow', 'tasks', 'run', 'network_traffic_pipeline', 'autoencoder_family.train_autoencoder', 'manual__2026-07-19T12:54:25.194239+00:00', '--job-id', '19', '--raw', '--subdir', 'DAGS_FOLDER/network_traffic_pipeline_dag.py', '--cfg-path', '/tmp/tmp51jgejnh']
[2026-07-19T18:58:22.064+0545] {standard_task_runner.py:91} INFO - Job 19: Subtask autoencoder_family.train_autoencoder
[2026-07-19T18:58:22.093+0545] {task_command.py:426} INFO - Running <TaskInstance: network_traffic_pipeline.autoencoder_family.train_autoencoder manual__2026-07-19T12:54:25.194239+00:00 [running]> on host snigdh-IdeaPad-Slim-3-15IAH8
[2026-07-19T18:58:22.143+0545] {taskinstance.py:2648} INFO - Exporting env vars: AIRFLOW_CTX_DAG_OWNER='you' AIRFLOW_CTX_DAG_ID='network_traffic_pipeline' AIRFLOW_CTX_TASK_ID='autoencoder_family.train_autoencoder' AIRFLOW_CTX_EXECUTION_DATE='2026-07-19T12:54:25.194239+00:00' AIRFLOW_CTX_TRY_NUMBER='1' AIRFLOW_CTX_DAG_RUN_ID='manual__2026-07-19T12:54:25.194239+00:00'
[2026-07-19T18:58:22.144+0545] {taskinstance.py:430} INFO - ::endgroup::
[2026-07-19T18:58:22.145+0545] {subprocess.py:63} INFO - Tmp dir root location: /tmp
[2026-07-19T18:58:22.145+0545] {subprocess.py:75} INFO - Running command: ['/usr/bin/bash', '-c', 'cd /home/snigdh/repos/bigData && docker-compose exec spark-master /opt/spark/bin/spark-submit --master spark://localhost:7077 --py-files /app/common.py --conf spark.ui.port=4040 --conf spark.sql.extensions=io.delta.sql.DeltaSparkSessionExtension --conf spark.sql.catalog.spark_catalog=org.apache.spark.sql.delta.catalog.DeltaCatalog /app/task_train_autoencoder.py']
[2026-07-19T18:58:22.155+0545] {subprocess.py:86} INFO - Output:
[2026-07-19T18:58:34.118+0545] {subprocess.py:93} INFO - 26/07/19 13:13:34 INFO SparkContext: Running Spark version 3.5.0
[2026-07-19T18:58:34.120+0545] {subprocess.py:93} INFO - 26/07/19 13:13:34 INFO SparkContext: OS info Linux, 6.8.0-136-generic, amd64
[2026-07-19T18:58:34.120+0545] {subprocess.py:93} INFO - 26/07/19 13:13:34 INFO SparkContext: Java version 11.0.20.1
[2026-07-19T18:58:34.217+0545] {subprocess.py:93} INFO - 26/07/19 13:13:34 INFO ResourceUtils: ==============================================================
[2026-07-19T18:58:34.217+0545] {subprocess.py:93} INFO - 26/07/19 13:13:34 INFO ResourceUtils: No custom resources configured for spark.driver.
[2026-07-19T18:58:34.217+0545] {subprocess.py:93} INFO - 26/07/19 13:13:34 INFO ResourceUtils: ==============================================================
[2026-07-19T18:58:34.217+0545] {subprocess.py:93} INFO - 26/07/19 13:13:34 INFO SparkContext: Submitted application: anomaly_train_autoencoder
[2026-07-19T18:58:34.310+0545] {subprocess.py:93} INFO - 26/07/19 13:13:34 INFO ResourceProfile: Default ResourceProfile created, executor resources: Map(memory -> name: memory, amount: 1024, script: , vendor: , offHeap -> name: offHeap, amount: 0, script: , vendor: ), task resources: Map(cpus -> name: cpus, amount: 1.0)
[2026-07-19T18:58:34.320+0545] {subprocess.py:93} INFO - 26/07/19 13:13:34 INFO ResourceProfile: Limiting resource is cpu
[2026-07-19T18:58:34.320+0545] {subprocess.py:93} INFO - 26/07/19 13:13:34 INFO ResourceProfileManager: Added ResourceProfile id: 0
[2026-07-19T18:58:34.524+0545] {subprocess.py:93} INFO - 26/07/19 13:13:34 INFO SecurityManager: Changing view acls to: spark
[2026-07-19T18:58:34.524+0545] {subprocess.py:93} INFO - 26/07/19 13:13:34 INFO SecurityManager: Changing modify acls to: spark
[2026-07-19T18:58:34.524+0545] {subprocess.py:93} INFO - 26/07/19 13:13:34 INFO SecurityManager: Changing view acls groups to:
[2026-07-19T18:58:34.524+0545] {subprocess.py:93} INFO - 26/07/19 13:13:34 INFO SecurityManager: Changing modify acls groups to:
[2026-07-19T18:58:34.524+0545] {subprocess.py:93} INFO - 26/07/19 13:13:34 INFO SecurityManager: SecurityManager: authentication disabled; ui acls disabled; users with view permissions: spark; groups with view permissions: EMPTY; users with modify permissions: spark; groups with modify permissions: EMPTY
[2026-07-19T18:58:35.124+0545] {subprocess.py:93} INFO - 26/07/19 13:13:35 INFO Utils: Successfully started service 'sparkDriver' on port 46871.
[2026-07-19T18:58:35.218+0545] {subprocess.py:93} INFO - 26/07/19 13:13:35 INFO SparkEnv: Registering MapOutputTracker
[2026-07-19T18:58:35.333+0545] {subprocess.py:93} INFO - 26/07/19 13:13:35 INFO SparkEnv: Registering BlockManagerMaster
[2026-07-19T18:58:35.418+0545] {subprocess.py:93} INFO - 26/07/19 13:13:35 INFO BlockManagerMasterEndpoint: Using org.apache.spark.storage.DefaultTopologyMapper for getting topology information
[2026-07-19T18:58:35.418+0545] {subprocess.py:93} INFO - 26/07/19 13:13:35 INFO BlockManagerMasterEndpoint: BlockManagerMasterEndpoint up
[2026-07-19T18:58:35.421+0545] {subprocess.py:93} INFO - 26/07/19 13:13:35 INFO SparkEnv: Registering BlockManagerMasterHeartbeat
[2026-07-19T18:58:35.508+0545] {subprocess.py:93} INFO - 26/07/19 13:13:35 INFO DiskBlockManager: Created local directory at /tmp/blockmgr-18d0e531-9595-495c-9369-97ba705cd67b
[2026-07-19T18:58:35.519+0545] {subprocess.py:93} INFO - 26/07/19 13:13:35 INFO MemoryStore: MemoryStore started with capacity 413.9 MiB
[2026-07-19T18:58:35.529+0545] {subprocess.py:93} INFO - 26/07/19 13:13:35 INFO SparkEnv: Registering OutputCommitCoordinator
[2026-07-19T18:58:36.018+0545] {subprocess.py:93} INFO - 26/07/19 13:13:36 INFO JettyUtils: Start Jetty 0.0.0.0:4040 for SparkUI
[2026-07-19T18:58:36.138+0545] {subprocess.py:93} INFO - 26/07/19 13:13:36 INFO Utils: Successfully started service 'SparkUI' on port 4040.
[2026-07-19T18:58:36.311+0545] {subprocess.py:93} INFO - 26/07/19 13:13:36 INFO SparkContext: Added file file:///app/common.py at spark://4ea06c45d400:46871/files/common.py with timestamp 1784466814104
[2026-07-19T18:58:36.312+0545] {subprocess.py:93} INFO - 26/07/19 13:13:36 INFO Utils: Copying /app/common.py to /tmp/spark-bb00a548-b7ea-436a-ae57-a8941ecd6be1/userFiles-e318bfd5-111f-40a0-bb61-7eb94871e821/common.py
[2026-07-19T18:58:36.818+0545] {subprocess.py:93} INFO - 26/07/19 13:13:36 INFO StandaloneAppClient$ClientEndpoint: Connecting to master spark://localhost:7077...
[2026-07-19T18:58:37.016+0545] {subprocess.py:93} INFO - 26/07/19 13:13:37 INFO TransportClientFactory: Successfully created connection to localhost/127.0.0.1:7077 after 97 ms (0 ms spent in bootstraps)
[2026-07-19T18:58:37.308+0545] {subprocess.py:93} INFO - 26/07/19 13:13:37 INFO StandaloneSchedulerBackend: Connected to Spark cluster with app ID app-20260719131337-0009
[2026-07-19T18:58:37.310+0545] {subprocess.py:93} INFO - 26/07/19 13:13:37 INFO StandaloneAppClient$ClientEndpoint: Executor added: app-20260719131337-0009/0 on worker-20260719125443-spark-worker2-8083 (spark-worker2:8083) with 1 core(s)
[2026-07-19T18:58:37.313+0545] {subprocess.py:93} INFO - 26/07/19 13:13:37 INFO StandaloneSchedulerBackend: Granted executor ID app-20260719131337-0009/0 on hostPort spark-worker2:8083 with 1 core(s), 1024.0 MiB RAM
[2026-07-19T18:58:37.314+0545] {subprocess.py:93} INFO - 26/07/19 13:13:37 INFO StandaloneAppClient$ClientEndpoint: Executor added: app-20260719131337-0009/1 on worker-20260719125443-spark-worker1-8081 (spark-worker1:8081) with 1 core(s)
[2026-07-19T18:58:37.314+0545] {subprocess.py:93} INFO - 26/07/19 13:13:37 INFO StandaloneSchedulerBackend: Granted executor ID app-20260719131337-0009/1 on hostPort spark-worker1:8081 with 1 core(s), 1024.0 MiB RAM
[2026-07-19T18:58:37.406+0545] {subprocess.py:93} INFO - 26/07/19 13:13:37 INFO Utils: Successfully started service 'org.apache.spark.network.netty.NettyBlockTransferService' on port 44103.
[2026-07-19T18:58:37.406+0545] {subprocess.py:93} INFO - 26/07/19 13:13:37 INFO NettyBlockTransferService: Server created on 4ea06c45d400:44103
[2026-07-19T18:58:37.408+0545] {subprocess.py:93} INFO - 26/07/19 13:13:37 INFO BlockManager: Using org.apache.spark.storage.RandomBlockReplicationPolicy for block replication policy
[2026-07-19T18:58:37.506+0545] {subprocess.py:93} INFO - 26/07/19 13:13:37 INFO BlockManagerMaster: Registering BlockManager BlockManagerId(driver, 4ea06c45d400, 44103, None)
[2026-07-19T18:58:37.509+0545] {subprocess.py:93} INFO - 26/07/19 13:13:37 INFO BlockManagerMasterEndpoint: Registering block manager 4ea06c45d400:44103 with 413.9 MiB RAM, BlockManagerId(driver, 4ea06c45d400, 44103, None)
[2026-07-19T18:58:37.602+0545] {subprocess.py:93} INFO - 26/07/19 13:13:37 INFO StandaloneAppClient$ClientEndpoint: Executor updated: app-20260719131337-0009/0 is now RUNNING
[2026-07-19T18:58:37.602+0545] {subprocess.py:93} INFO - 26/07/19 13:13:37 INFO BlockManagerMaster: Registered BlockManager BlockManagerId(driver, 4ea06c45d400, 44103, None)
[2026-07-19T18:58:37.604+0545] {subprocess.py:93} INFO - 26/07/19 13:13:37 INFO StandaloneAppClient$ClientEndpoint: Executor updated: app-20260719131337-0009/1 is now RUNNING
[2026-07-19T18:58:37.604+0545] {subprocess.py:93} INFO - 26/07/19 13:13:37 INFO BlockManager: Initialized BlockManager: BlockManagerId(driver, 4ea06c45d400, 44103, None)
[2026-07-19T18:58:38.703+0545] {subprocess.py:93} INFO - 26/07/19 13:13:38 INFO StandaloneSchedulerBackend: SchedulerBackend is ready for scheduling beginning after reached minRegisteredResourcesRatio: 0.0
[2026-07-19T18:58:39.422+0545] {subprocess.py:93} INFO - [TorchDistributor] AE: launching 2-way DDP (across cluster executors)...
[2026-07-19T18:58:42.535+0545] {subprocess.py:93} INFO - Started distributed training with 2 executor processes
[2026-07-19T18:59:10.655+0545] {subprocess.py:93} INFO - Traceback (most recent call last):
[2026-07-19T18:59:10.656+0545] {subprocess.py:93} INFO -   File "/tmp/tmpax312wrh/train.py", line 7, in <module>
[2026-07-19T18:59:10.656+0545] {subprocess.py:93} INFO -     train_fn, args, kwargs = cloudpickle.load(f)
[2026-07-19T18:59:10.656+0545] {subprocess.py:93} INFO - ModuleNotFoundError: No module named 'common'
[2026-07-19T18:59:10.690+0545] {subprocess.py:93} INFO - Traceback (most recent call last):
[2026-07-19T18:59:10.690+0545] {subprocess.py:93} INFO -   File "/tmp/tmpea8ah4ky/train.py", line 7, in <module>
[2026-07-19T18:59:10.690+0545] {subprocess.py:93} INFO -     train_fn, args, kwargs = cloudpickle.load(f)
[2026-07-19T18:59:10.690+0545] {subprocess.py:93} INFO - ModuleNotFoundError: No module named 'common'
[2026-07-19T18:59:11.257+0545] {subprocess.py:93} INFO - E0719 13:14:11.245669 127179510871872 torch/distributed/elastic/multiprocessing/api.py:833] failed (exitcode: 1) local_rank: 0 (pid: 1289) of binary: /usr/bin/python3
[2026-07-19T18:59:11.257+0545] {subprocess.py:93} INFO - Traceback (most recent call last):
[2026-07-19T18:59:11.257+0545] {subprocess.py:93} INFO -   File "/usr/lib/python3.8/runpy.py", line 194, in _run_module_as_main
[2026-07-19T18:59:11.257+0545] {subprocess.py:93} INFO -     return _run_code(code, main_globals, None,
[2026-07-19T18:59:11.258+0545] {subprocess.py:93} INFO -   File "/usr/lib/python3.8/runpy.py", line 87, in _run_code
[2026-07-19T18:59:11.258+0545] {subprocess.py:93} INFO -     exec(code, run_globals)
[2026-07-19T18:59:11.258+0545] {subprocess.py:93} INFO -   File "/usr/local/lib/python3.8/dist-packages/torch/distributed/run.py", line 905, in <module>
[2026-07-19T18:59:11.258+0545] {subprocess.py:93} INFO -     main()
[2026-07-19T18:59:11.258+0545] {subprocess.py:93} INFO -   File "/usr/local/lib/python3.8/dist-packages/torch/distributed/elastic/multiprocessing/errors/__init__.py", line 348, in wrapper
[2026-07-19T18:59:11.258+0545] {subprocess.py:93} INFO -     return f(*args, **kwargs)
[2026-07-19T18:59:11.258+0545] {subprocess.py:93} INFO -   File "/usr/local/lib/python3.8/dist-packages/torch/distributed/run.py", line 901, in main
[2026-07-19T18:59:11.258+0545] {subprocess.py:93} INFO -     run(args)
[2026-07-19T18:59:11.258+0545] {subprocess.py:93} INFO -   File "/usr/local/lib/python3.8/dist-packages/torch/distributed/run.py", line 892, in run
[2026-07-19T18:59:11.259+0545] {subprocess.py:93} INFO -     elastic_launch(
[2026-07-19T18:59:11.259+0545] {subprocess.py:93} INFO -   File "/usr/local/lib/python3.8/dist-packages/torch/distributed/launcher/api.py", line 133, in __call__
[2026-07-19T18:59:11.259+0545] {subprocess.py:93} INFO -     return launch_agent(self._config, self._entrypoint, list(args))
[2026-07-19T18:59:11.259+0545] {subprocess.py:93} INFO -   File "/usr/local/lib/python3.8/dist-packages/torch/distributed/launcher/api.py", line 264, in launch_agent
[2026-07-19T18:59:11.259+0545] {subprocess.py:93} INFO -     raise ChildFailedError(
[2026-07-19T18:59:11.259+0545] {subprocess.py:93} INFO - torch.distributed.elastic.multiprocessing.errors.ChildFailedError:
[2026-07-19T18:59:11.259+0545] {subprocess.py:93} INFO - ============================================================
[2026-07-19T18:59:11.259+0545] {subprocess.py:93} INFO - /tmp/tmpax312wrh/train.py FAILED
[2026-07-19T18:59:11.259+0545] {subprocess.py:93} INFO - ------------------------------------------------------------
[2026-07-19T18:59:11.259+0545] {subprocess.py:93} INFO - Failures:
[2026-07-19T18:59:11.259+0545] {subprocess.py:93} INFO -   <NO_OTHER_FAILURES>
[2026-07-19T18:59:11.260+0545] {subprocess.py:93} INFO - ------------------------------------------------------------
[2026-07-19T18:59:11.260+0545] {subprocess.py:93} INFO - Root Cause (first observed failure):
[2026-07-19T18:59:11.260+0545] {subprocess.py:93} INFO - [0]:
[2026-07-19T18:59:11.260+0545] {subprocess.py:93} INFO -   time      : 2026-07-19_13:14:11
[2026-07-19T18:59:11.260+0545] {subprocess.py:93} INFO -   host      : 47397ef711f3
[2026-07-19T18:59:11.260+0545] {subprocess.py:93} INFO -   rank      : 1 (local_rank: 0)
[2026-07-19T18:59:11.260+0545] {subprocess.py:93} INFO -   exitcode  : 1 (pid: 1289)
[2026-07-19T18:59:11.260+0545] {subprocess.py:93} INFO -   error_file: <N/A>
[2026-07-19T18:59:11.260+0545] {subprocess.py:93} INFO -   traceback : To enable traceback see: https://pytorch.org/docs/stable/elastic/errors.html
[2026-07-19T18:59:11.260+0545] {subprocess.py:93} INFO - ============================================================
[2026-07-19T18:59:11.392+0545] {subprocess.py:93} INFO - E0719 13:14:11.292309 129430287968064 torch/distributed/elastic/multiprocessing/api.py:833] failed (exitcode: 1) local_rank: 0 (pid: 1297) of binary: /usr/bin/python3
[2026-07-19T18:59:11.392+0545] {subprocess.py:93} INFO - Traceback (most recent call last):
[2026-07-19T18:59:11.392+0545] {subprocess.py:93} INFO -   File "/usr/lib/python3.8/runpy.py", line 194, in _run_module_as_main
[2026-07-19T18:59:11.392+0545] {subprocess.py:93} INFO -     return _run_code(code, main_globals, None,
[2026-07-19T18:59:11.392+0545] {subprocess.py:93} INFO -   File "/usr/lib/python3.8/runpy.py", line 87, in _run_code
[2026-07-19T18:59:11.392+0545] {subprocess.py:93} INFO -     exec(code, run_globals)
[2026-07-19T18:59:11.393+0545] {subprocess.py:93} INFO -   File "/usr/local/lib/python3.8/dist-packages/torch/distributed/run.py", line 905, in <module>
[2026-07-19T18:59:11.393+0545] {subprocess.py:93} INFO -     main()
[2026-07-19T18:59:11.393+0545] {subprocess.py:93} INFO -   File "/usr/local/lib/python3.8/dist-packages/torch/distributed/elastic/multiprocessing/errors/__init__.py", line 348, in wrapper
[2026-07-19T18:59:11.393+0545] {subprocess.py:93} INFO -     return f(*args, **kwargs)
[2026-07-19T18:59:11.393+0545] {subprocess.py:93} INFO -   File "/usr/local/lib/python3.8/dist-packages/torch/distributed/run.py", line 901, in main
[2026-07-19T18:59:11.393+0545] {subprocess.py:93} INFO -     run(args)
[2026-07-19T18:59:11.393+0545] {subprocess.py:93} INFO -   File "/usr/local/lib/python3.8/dist-packages/torch/distributed/run.py", line 892, in run
[2026-07-19T18:59:11.393+0545] {subprocess.py:93} INFO -     elastic_launch(
[2026-07-19T18:59:11.393+0545] {subprocess.py:93} INFO -   File "/usr/local/lib/python3.8/dist-packages/torch/distributed/launcher/api.py", line 133, in __call__
[2026-07-19T18:59:11.393+0545] {subprocess.py:93} INFO -     return launch_agent(self._config, self._entrypoint, list(args))
[2026-07-19T18:59:11.394+0545] {subprocess.py:93} INFO -   File "/usr/local/lib/python3.8/dist-packages/torch/distributed/launcher/api.py", line 264, in launch_agent
[2026-07-19T18:59:11.394+0545] {subprocess.py:93} INFO -     raise ChildFailedError(
[2026-07-19T18:59:11.394+0545] {subprocess.py:93} INFO - torch.distributed.elastic.multiprocessing.errors.ChildFailedError:
[2026-07-19T18:59:11.394+0545] {subprocess.py:93} INFO - ============================================================
[2026-07-19T18:59:11.394+0545] {subprocess.py:93} INFO - /tmp/tmpea8ah4ky/train.py FAILED
[2026-07-19T18:59:11.394+0545] {subprocess.py:93} INFO - ------------------------------------------------------------
[2026-07-19T18:59:11.394+0545] {subprocess.py:93} INFO - Failures:
[2026-07-19T18:59:11.394+0545] {subprocess.py:93} INFO -   <NO_OTHER_FAILURES>
[2026-07-19T18:59:11.394+0545] {subprocess.py:93} INFO - ------------------------------------------------------------
[2026-07-19T18:59:11.394+0545] {subprocess.py:93} INFO - Root Cause (first observed failure):
[2026-07-19T18:59:11.394+0545] {subprocess.py:93} INFO - [0]:
[2026-07-19T18:59:11.394+0545] {subprocess.py:93} INFO -   time      : 2026-07-19_13:14:11
[2026-07-19T18:59:11.394+0545] {subprocess.py:93} INFO -   host      : c76ddd275e63
[2026-07-19T18:59:11.394+0545] {subprocess.py:93} INFO -   rank      : 0 (local_rank: 0)
[2026-07-19T18:59:11.394+0545] {subprocess.py:93} INFO -   exitcode  : 1 (pid: 1297)
[2026-07-19T18:59:11.394+0545] {subprocess.py:93} INFO -   error_file: <N/A>
[2026-07-19T18:59:11.395+0545] {subprocess.py:93} INFO -   traceback : To enable traceback see: https://pytorch.org/docs/stable/elastic/errors.html
[2026-07-19T18:59:11.395+0545] {subprocess.py:93} INFO - ============================================================
[2026-07-19T18:59:11.969+0545] {subprocess.py:93} INFO - 26/07/19 13:14:11 WARN TaskSetManager: Lost task 1.0 in stage 0.0 (TID 0) (spark-worker1 executor 1): org.apache.spark.api.python.PythonException: Traceback (most recent call last):
[2026-07-19T18:59:11.969+0545] {subprocess.py:93} INFO -   File "/opt/spark/python/lib/pyspark.zip/pyspark/worker.py", line 1247, in main
[2026-07-19T18:59:11.969+0545] {subprocess.py:93} INFO -     process()
[2026-07-19T18:59:11.969+0545] {subprocess.py:93} INFO -   File "/opt/spark/python/lib/pyspark.zip/pyspark/worker.py", line 1239, in process
[2026-07-19T18:59:11.969+0545] {subprocess.py:93} INFO -     serializer.dump_stream(out_iter, outfile)
[2026-07-19T18:59:11.970+0545] {subprocess.py:93} INFO -   File "/opt/spark/python/lib/pyspark.zip/pyspark/sql/pandas/serializers.py", line 161, in dump_stream
[2026-07-19T18:59:11.970+0545] {subprocess.py:93} INFO -     return super(ArrowStreamUDFSerializer, self).dump_stream(wrap_and_init_stream(), stream)
[2026-07-19T18:59:11.970+0545] {subprocess.py:93} INFO -   File "/opt/spark/python/lib/pyspark.zip/pyspark/sql/pandas/serializers.py", line 100, in dump_stream
[2026-07-19T18:59:11.970+0545] {subprocess.py:93} INFO -     for batch in iterator:
[2026-07-19T18:59:11.970+0545] {subprocess.py:93} INFO -   File "/opt/spark/python/lib/pyspark.zip/pyspark/sql/pandas/serializers.py", line 146, in wrap_and_init_stream
[2026-07-19T18:59:11.970+0545] {subprocess.py:93} INFO -     for batch, _ in iterator:
[2026-07-19T18:59:11.970+0545] {subprocess.py:93} INFO -   File "/opt/spark/python/lib/pyspark.zip/pyspark/worker.py", line 931, in func
[2026-07-19T18:59:11.970+0545] {subprocess.py:93} INFO -     for result_batch, result_type in result_iter:
[2026-07-19T18:59:11.970+0545] {subprocess.py:93} INFO -   File "/opt/spark/python/lib/pyspark.zip/pyspark/ml/torch/distributor.py", line 720, in wrapped_train_fn
[2026-07-19T18:59:11.971+0545] {subprocess.py:93} INFO -     output = TorchDistributor._get_output_from_framework_wrapper(
[2026-07-19T18:59:11.971+0545] {subprocess.py:93} INFO -   File "/opt/spark/python/lib/pyspark.zip/pyspark/ml/torch/distributor.py", line 566, in _get_output_from_framework_wrapper
[2026-07-19T18:59:11.971+0545] {subprocess.py:93} INFO -     return framework_wrapper(
[2026-07-19T18:59:11.971+0545] {subprocess.py:93} INFO -   File "/opt/spark/python/lib/pyspark.zip/pyspark/ml/torch/distributor.py", line 907, in _run_training_on_pytorch_function
[2026-07-19T18:59:11.971+0545] {subprocess.py:93} INFO -     raise RuntimeError(
[2026-07-19T18:59:11.971+0545] {subprocess.py:93} INFO - RuntimeError: TorchDistributor failed during training.View stdout logs for detailed error message.
[2026-07-19T18:59:11.971+0545] {subprocess.py:93} INFO - 
[2026-07-19T18:59:11.971+0545] {subprocess.py:93} INFO - 	at org.apache.spark.api.python.BasePythonRunner$ReaderIterator.handlePythonException(PythonRunner.scala:572)
[2026-07-19T18:59:11.971+0545] {subprocess.py:93} INFO - 	at org.apache.spark.sql.execution.python.PythonArrowOutput$$anon$1.read(PythonArrowOutput.scala:118)
[2026-07-19T18:59:11.971+0545] {subprocess.py:93} INFO - 	at org.apache.spark.api.python.BasePythonRunner$ReaderIterator.hasNext(PythonRunner.scala:525)
[2026-07-19T18:59:11.971+0545] {subprocess.py:93} INFO - 	at org.apache.spark.InterruptibleIterator.hasNext(InterruptibleIterator.scala:37)
[2026-07-19T18:59:11.971+0545] {subprocess.py:93} INFO - 	at scala.collection.Iterator$$anon$11.hasNext(Iterator.scala:491)
[2026-07-19T18:59:11.971+0545] {subprocess.py:93} INFO - 	at scala.collection.Iterator$$anon$10.hasNext(Iterator.scala:460)
[2026-07-19T18:59:11.971+0545] {subprocess.py:93} INFO - 	at org.apache.spark.sql.execution.SparkPlan.$anonfun$getByteArrayRdd$1(SparkPlan.scala:388)
[2026-07-19T18:59:11.971+0545] {subprocess.py:93} INFO - 	at org.apache.spark.rdd.RDD.$anonfun$mapPartitionsInternal$2(RDD.scala:890)
[2026-07-19T18:59:11.971+0545] {subprocess.py:93} INFO - 	at org.apache.spark.rdd.RDD.$anonfun$mapPartitionsInternal$2$adapted(RDD.scala:890)
[2026-07-19T18:59:11.972+0545] {subprocess.py:93} INFO - 	at org.apache.spark.rdd.MapPartitionsRDD.compute(MapPartitionsRDD.scala:52)
[2026-07-19T18:59:11.972+0545] {subprocess.py:93} INFO - 	at org.apache.spark.rdd.RDD.computeOrReadCheckpoint(RDD.scala:364)
[2026-07-19T18:59:11.972+0545] {subprocess.py:93} INFO - 	at org.apache.spark.rdd.RDD.iterator(RDD.scala:328)
[2026-07-19T18:59:11.972+0545] {subprocess.py:93} INFO - 	at org.apache.spark.scheduler.ResultTask.runTask(ResultTask.scala:93)
[2026-07-19T18:59:11.972+0545] {subprocess.py:93} INFO - 	at org.apache.spark.TaskContext.runTaskWithListeners(TaskContext.scala:161)
[2026-07-19T18:59:11.972+0545] {subprocess.py:93} INFO - 	at org.apache.spark.scheduler.Task.run(Task.scala:141)
[2026-07-19T18:59:11.972+0545] {subprocess.py:93} INFO - 	at org.apache.spark.executor.Executor$TaskRunner.$anonfun$run$4(Executor.scala:620)
[2026-07-19T18:59:11.972+0545] {subprocess.py:93} INFO - 	at org.apache.spark.util.SparkErrorUtils.tryWithSafeFinally(SparkErrorUtils.scala:64)
[2026-07-19T18:59:11.972+0545] {subprocess.py:93} INFO - 	at org.apache.spark.util.SparkErrorUtils.tryWithSafeFinally$(SparkErrorUtils.scala:61)
[2026-07-19T18:59:11.972+0545] {subprocess.py:93} INFO - 	at org.apache.spark.util.Utils$.tryWithSafeFinally(Utils.scala:94)
[2026-07-19T18:59:11.972+0545] {subprocess.py:93} INFO - 	at org.apache.spark.executor.Executor$TaskRunner.run(Executor.scala:623)
[2026-07-19T18:59:11.972+0545] {subprocess.py:93} INFO - 	at java.base/java.util.concurrent.ThreadPoolExecutor.runWorker(Unknown Source)
[2026-07-19T18:59:11.972+0545] {subprocess.py:93} INFO - 	at java.base/java.util.concurrent.ThreadPoolExecutor$Worker.run(Unknown Source)
[2026-07-19T18:59:11.972+0545] {subprocess.py:93} INFO - 	at java.base/java.lang.Thread.run(Unknown Source)
[2026-07-19T18:59:11.972+0545] {subprocess.py:93} INFO - 
[2026-07-19T18:59:13.207+0545] {subprocess.py:93} INFO - Traceback (most recent call last):
[2026-07-19T18:59:13.207+0545] {subprocess.py:93} INFO -   File "/app/task_train_autoencoder.py", line 31, in <module>
[2026-07-19T18:59:13.207+0545] {subprocess.py:93} INFO -     main()
[2026-07-19T18:59:13.207+0545] {subprocess.py:93} INFO -   File "/app/task_train_autoencoder.py", line 24, in main
[2026-07-19T18:59:13.208+0545] {subprocess.py:93} INFO -     ae = distributed_train(TorchAE, ae_loss, ROW_SHARD_PATH, Z_COLS, label="AE")
[2026-07-19T18:59:13.208+0545] {subprocess.py:93} INFO -   File "/app/common.py", line 357, in distributed_train
[2026-07-19T18:59:13.208+0545] {subprocess.py:93} INFO -     state_dict = TorchDistributor(num_processes=num_processes, local_mode=local_mode, use_gpu=USE_GPU).run(train_fn)
[2026-07-19T18:59:13.208+0545] {subprocess.py:93} INFO -   File "/opt/spark/python/lib/pyspark.zip/pyspark/ml/torch/distributor.py", line 1005, in run
[2026-07-19T18:59:13.208+0545] {subprocess.py:93} INFO -   File "/opt/spark/python/lib/pyspark.zip/pyspark/ml/torch/distributor.py", line 1025, in _run
[2026-07-19T18:59:13.208+0545] {subprocess.py:93} INFO -   File "/opt/spark/python/lib/pyspark.zip/pyspark/ml/torch/distributor.py", line 801, in _run_distributed_training
[2026-07-19T18:59:13.208+0545] {subprocess.py:93} INFO -   File "/opt/spark/python/lib/pyspark.zip/pyspark/sql/dataframe.py", line 1257, in collect
[2026-07-19T18:59:13.209+0545] {subprocess.py:93} INFO -   File "/opt/spark/python/lib/py4j-0.10.9.7-src.zip/py4j/java_gateway.py", line 1322, in __call__
[2026-07-19T18:59:13.209+0545] {subprocess.py:93} INFO -   File "/opt/spark/python/lib/pyspark.zip/pyspark/errors/exceptions/captured.py", line 179, in deco
[2026-07-19T18:59:13.209+0545] {subprocess.py:93} INFO -   File "/opt/spark/python/lib/py4j-0.10.9.7-src.zip/py4j/protocol.py", line 326, in get_return_value
[2026-07-19T18:59:13.209+0545] {subprocess.py:93} INFO - py4j.protocol.Py4JJavaError: An error occurred while calling o53.collectToPython.
[2026-07-19T18:59:13.209+0545] {subprocess.py:93} INFO - : org.apache.spark.SparkException: Job aborted due to stage failure: Could not recover from a failed barrier ResultStage. Most recent failure reason: Stage failed because barrier task ResultTask(0, 1) finished unsuccessfully.
[2026-07-19T18:59:13.209+0545] {subprocess.py:93} INFO - org.apache.spark.api.python.PythonException: Traceback (most recent call last):
[2026-07-19T18:59:13.209+0545] {subprocess.py:93} INFO -   File "/opt/spark/python/lib/pyspark.zip/pyspark/worker.py", line 1247, in main
[2026-07-19T18:59:13.209+0545] {subprocess.py:93} INFO -     process()
[2026-07-19T18:59:13.209+0545] {subprocess.py:93} INFO -   File "/opt/spark/python/lib/pyspark.zip/pyspark/worker.py", line 1239, in process
[2026-07-19T18:59:13.210+0545] {subprocess.py:93} INFO -     serializer.dump_stream(out_iter, outfile)
[2026-07-19T18:59:13.210+0545] {subprocess.py:93} INFO -   File "/opt/spark/python/lib/pyspark.zip/pyspark/sql/pandas/serializers.py", line 161, in dump_stream
[2026-07-19T18:59:13.210+0545] {subprocess.py:93} INFO -     return super(ArrowStreamUDFSerializer, self).dump_stream(wrap_and_init_stream(), stream)
[2026-07-19T18:59:13.210+0545] {subprocess.py:93} INFO -   File "/opt/spark/python/lib/pyspark.zip/pyspark/sql/pandas/serializers.py", line 100, in dump_stream
[2026-07-19T18:59:13.210+0545] {subprocess.py:93} INFO -     for batch in iterator:
[2026-07-19T18:59:13.210+0545] {subprocess.py:93} INFO -   File "/opt/spark/python/lib/pyspark.zip/pyspark/sql/pandas/serializers.py", line 146, in wrap_and_init_stream
[2026-07-19T18:59:13.210+0545] {subprocess.py:93} INFO -     for batch, _ in iterator:
[2026-07-19T18:59:13.210+0545] {subprocess.py:93} INFO -   File "/opt/spark/python/lib/pyspark.zip/pyspark/worker.py", line 931, in func
[2026-07-19T18:59:13.210+0545] {subprocess.py:93} INFO -     for result_batch, result_type in result_iter:
[2026-07-19T18:59:13.211+0545] {subprocess.py:93} INFO -   File "/opt/spark/python/lib/pyspark.zip/pyspark/ml/torch/distributor.py", line 720, in wrapped_train_fn
[2026-07-19T18:59:13.211+0545] {subprocess.py:93} INFO -     output = TorchDistributor._get_output_from_framework_wrapper(
[2026-07-19T18:59:13.211+0545] {subprocess.py:93} INFO -   File "/opt/spark/python/lib/pyspark.zip/pyspark/ml/torch/distributor.py", line 566, in _get_output_from_framework_wrapper
[2026-07-19T18:59:13.211+0545] {subprocess.py:93} INFO -     return framework_wrapper(
[2026-07-19T18:59:13.211+0545] {subprocess.py:93} INFO -   File "/opt/spark/python/lib/pyspark.zip/pyspark/ml/torch/distributor.py", line 907, in _run_training_on_pytorch_function
[2026-07-19T18:59:13.211+0545] {subprocess.py:93} INFO -     raise RuntimeError(
[2026-07-19T18:59:13.211+0545] {subprocess.py:93} INFO - RuntimeError: TorchDistributor failed during training.View stdout logs for detailed error message.
[2026-07-19T18:59:13.211+0545] {subprocess.py:93} INFO - 
[2026-07-19T18:59:13.211+0545] {subprocess.py:93} INFO - 	at org.apache.spark.api.python.BasePythonRunner$ReaderIterator.handlePythonException(PythonRunner.scala:572)
[2026-07-19T18:59:13.212+0545] {subprocess.py:93} INFO - 	at org.apache.spark.sql.execution.python.PythonArrowOutput$$anon$1.read(PythonArrowOutput.scala:118)
[2026-07-19T18:59:13.212+0545] {subprocess.py:93} INFO - 	at org.apache.spark.api.python.BasePythonRunner$ReaderIterator.hasNext(PythonRunner.scala:525)
[2026-07-19T18:59:13.212+0545] {subprocess.py:93} INFO - 	at org.apache.spark.InterruptibleIterator.hasNext(InterruptibleIterator.scala:37)
[2026-07-19T18:59:13.212+0545] {subprocess.py:93} INFO - 	at scala.collection.Iterator$$anon$11.hasNext(Iterator.scala:491)
[2026-07-19T18:59:13.212+0545] {subprocess.py:93} INFO - 	at scala.collection.Iterator$$anon$10.hasNext(Iterator.scala:460)
[2026-07-19T18:59:13.212+0545] {subprocess.py:93} INFO - 	at org.apache.spark.sql.execution.SparkPlan.$anonfun$getByteArrayRdd$1(SparkPlan.scala:388)
[2026-07-19T18:59:13.212+0545] {subprocess.py:93} INFO - 	at org.apache.spark.rdd.RDD.$anonfun$mapPartitionsInternal$2(RDD.scala:890)
[2026-07-19T18:59:13.212+0545] {subprocess.py:93} INFO - 	at org.apache.spark.rdd.RDD.$anonfun$mapPartitionsInternal$2$adapted(RDD.scala:890)
[2026-07-19T18:59:13.212+0545] {subprocess.py:93} INFO - 	at org.apache.spark.rdd.MapPartitionsRDD.compute(MapPartitionsRDD.scala:52)
[2026-07-19T18:59:13.213+0545] {subprocess.py:93} INFO - 	at org.apache.spark.rdd.RDD.computeOrReadCheckpoint(RDD.scala:364)
[2026-07-19T18:59:13.213+0545] {subprocess.py:93} INFO - 	at org.apache.spark.rdd.RDD.iterator(RDD.scala:328)
[2026-07-19T18:59:13.213+0545] {subprocess.py:93} INFO - 	at org.apache.spark.scheduler.ResultTask.runTask(ResultTask.scala:93)
[2026-07-19T18:59:13.213+0545] {subprocess.py:93} INFO - 	at org.apache.spark.TaskContext.runTaskWithListeners(TaskContext.scala:161)
[2026-07-19T18:59:13.213+0545] {subprocess.py:93} INFO - 	at org.apache.spark.scheduler.Task.run(Task.scala:141)
[2026-07-19T18:59:13.213+0545] {subprocess.py:93} INFO - 	at org.apache.spark.executor.Executor$TaskRunner.$anonfun$run$4(Executor.scala:620)
[2026-07-19T18:59:13.213+0545] {subprocess.py:93} INFO - 	at org.apache.spark.util.SparkErrorUtils.tryWithSafeFinally(SparkErrorUtils.scala:64)
[2026-07-19T18:59:13.213+0545] {subprocess.py:93} INFO - 	at org.apache.spark.util.SparkErrorUtils.tryWithSafeFinally$(SparkErrorUtils.scala:61)
[2026-07-19T18:59:13.213+0545] {subprocess.py:93} INFO - 	at org.apache.spark.util.Utils$.tryWithSafeFinally(Utils.scala:94)
[2026-07-19T18:59:13.213+0545] {subprocess.py:93} INFO - 	at org.apache.spark.executor.Executor$TaskRunner.run(Executor.scala:623)
[2026-07-19T18:59:13.214+0545] {subprocess.py:93} INFO - 	at java.base/java.util.concurrent.ThreadPoolExecutor.runWorker(Unknown Source)
[2026-07-19T18:59:13.214+0545] {subprocess.py:93} INFO - 	at java.base/java.util.concurrent.ThreadPoolExecutor$Worker.run(Unknown Source)
[2026-07-19T18:59:13.214+0545] {subprocess.py:93} INFO - 	at java.base/java.lang.Thread.run(Unknown Source)
[2026-07-19T18:59:13.214+0545] {subprocess.py:93} INFO - 
[2026-07-19T18:59:13.214+0545] {subprocess.py:93} INFO - 	at org.apache.spark.scheduler.DAGScheduler.failJobAndIndependentStages(DAGScheduler.scala:2844)
[2026-07-19T18:59:13.214+0545] {subprocess.py:93} INFO - 	at org.apache.spark.scheduler.DAGScheduler.$anonfun$abortStage$2(DAGScheduler.scala:2780)
[2026-07-19T18:59:13.214+0545] {subprocess.py:93} INFO - 	at org.apache.spark.scheduler.DAGScheduler.$anonfun$abortStage$2$adapted(DAGScheduler.scala:2779)
[2026-07-19T18:59:13.214+0545] {subprocess.py:93} INFO - 	at scala.collection.mutable.ResizableArray.foreach(ResizableArray.scala:62)
[2026-07-19T18:59:13.214+0545] {subprocess.py:93} INFO - 	at scala.collection.mutable.ResizableArray.foreach$(ResizableArray.scala:55)
[2026-07-19T18:59:13.215+0545] {subprocess.py:93} INFO - 	at scala.collection.mutable.ArrayBuffer.foreach(ArrayBuffer.scala:49)
[2026-07-19T18:59:13.215+0545] {subprocess.py:93} INFO - 	at org.apache.spark.scheduler.DAGScheduler.abortStage(DAGScheduler.scala:2779)
[2026-07-19T18:59:13.215+0545] {subprocess.py:93} INFO - 	at org.apache.spark.scheduler.DAGScheduler.handleTaskCompletion(DAGScheduler.scala:2216)
[2026-07-19T18:59:13.215+0545] {subprocess.py:93} INFO - 	at org.apache.spark.scheduler.DAGSchedulerEventProcessLoop.doOnReceive(DAGScheduler.scala:3042)
[2026-07-19T18:59:13.215+0545] {subprocess.py:93} INFO - 	at org.apache.spark.scheduler.DAGSchedulerEventProcessLoop.onReceive(DAGScheduler.scala:2982)
[2026-07-19T18:59:13.215+0545] {subprocess.py:93} INFO - 	at org.apache.spark.scheduler.DAGSchedulerEventProcessLoop.onReceive(DAGScheduler.scala:2971)
[2026-07-19T18:59:13.215+0545] {subprocess.py:93} INFO - 	at org.apache.spark.util.EventLoop$$anon$1.run(EventLoop.scala:49)
[2026-07-19T18:59:13.215+0545] {subprocess.py:93} INFO - 	at org.apache.spark.scheduler.DAGScheduler.runJob(DAGScheduler.scala:984)
[2026-07-19T18:59:13.215+0545] {subprocess.py:93} INFO - 	at org.apache.spark.SparkContext.runJob(SparkContext.scala:2398)
[2026-07-19T18:59:13.215+0545] {subprocess.py:93} INFO - 	at org.apache.spark.SparkContext.runJob(SparkContext.scala:2419)
[2026-07-19T18:59:13.216+0545] {subprocess.py:93} INFO - 	at org.apache.spark.SparkContext.runJob(SparkContext.scala:2438)
[2026-07-19T18:59:13.216+0545] {subprocess.py:93} INFO - 	at org.apache.spark.SparkContext.runJob(SparkContext.scala:2463)
[2026-07-19T18:59:13.216+0545] {subprocess.py:93} INFO - 	at org.apache.spark.rdd.RDD.$anonfun$collect$1(RDD.scala:1046)
[2026-07-19T18:59:13.216+0545] {subprocess.py:93} INFO - 	at org.apache.spark.rdd.RDDOperationScope$.withScope(RDDOperationScope.scala:151)
[2026-07-19T18:59:13.216+0545] {subprocess.py:93} INFO - 	at org.apache.spark.rdd.RDDOperationScope$.withScope(RDDOperationScope.scala:112)
[2026-07-19T18:59:13.216+0545] {subprocess.py:93} INFO - 	at org.apache.spark.rdd.RDD.withScope(RDD.scala:407)
[2026-07-19T18:59:13.216+0545] {subprocess.py:93} INFO - 	at org.apache.spark.rdd.RDD.collect(RDD.scala:1045)
[2026-07-19T18:59:13.216+0545] {subprocess.py:93} INFO - 	at org.apache.spark.sql.execution.SparkPlan.executeCollect(SparkPlan.scala:448)
[2026-07-19T18:59:13.216+0545] {subprocess.py:93} INFO - 	at org.apache.spark.sql.Dataset.$anonfun$collectToPython$1(Dataset.scala:4160)
[2026-07-19T18:59:13.216+0545] {subprocess.py:93} INFO - 	at org.apache.spark.sql.Dataset.$anonfun$withAction$2(Dataset.scala:4334)
[2026-07-19T18:59:13.216+0545] {subprocess.py:93} INFO - 	at org.apache.spark.sql.execution.QueryExecution$.withInternalError(QueryExecution.scala:546)
[2026-07-19T18:59:13.216+0545] {subprocess.py:93} INFO - 	at org.apache.spark.sql.Dataset.$anonfun$withAction$1(Dataset.scala:4332)
[2026-07-19T18:59:13.216+0545] {subprocess.py:93} INFO - 	at org.apache.spark.sql.execution.SQLExecution$.$anonfun$withNewExecutionId$6(SQLExecution.scala:125)
[2026-07-19T18:59:13.216+0545] {subprocess.py:93} INFO - 	at org.apache.spark.sql.execution.SQLExecution$.withSQLConfPropagated(SQLExecution.scala:201)
[2026-07-19T18:59:13.217+0545] {subprocess.py:93} INFO - 	at org.apache.spark.sql.execution.SQLExecution$.$anonfun$withNewExecutionId$1(SQLExecution.scala:108)
[2026-07-19T18:59:13.217+0545] {subprocess.py:93} INFO - 	at org.apache.spark.sql.SparkSession.withActive(SparkSession.scala:900)
[2026-07-19T18:59:13.217+0545] {subprocess.py:93} INFO - 	at org.apache.spark.sql.execution.SQLExecution$.withNewExecutionId(SQLExecution.scala:66)
[2026-07-19T18:59:13.217+0545] {subprocess.py:93} INFO - 	at org.apache.spark.sql.Dataset.withAction(Dataset.scala:4332)
[2026-07-19T18:59:13.217+0545] {subprocess.py:93} INFO - 	at org.apache.spark.sql.Dataset.collectToPython(Dataset.scala:4157)
[2026-07-19T18:59:13.217+0545] {subprocess.py:93} INFO - 	at java.base/jdk.internal.reflect.NativeMethodAccessorImpl.invoke0(Native Method)
[2026-07-19T18:59:13.217+0545] {subprocess.py:93} INFO - 	at java.base/jdk.internal.reflect.NativeMethodAccessorImpl.invoke(Unknown Source)
[2026-07-19T18:59:13.217+0545] {subprocess.py:93} INFO - 	at java.base/jdk.internal.reflect.DelegatingMethodAccessorImpl.invoke(Unknown Source)
[2026-07-19T18:59:13.217+0545] {subprocess.py:93} INFO - 	at java.base/java.lang.reflect.Method.invoke(Unknown Source)
[2026-07-19T18:59:13.217+0545] {subprocess.py:93} INFO - 	at py4j.reflection.MethodInvoker.invoke(MethodInvoker.java:244)
[2026-07-19T18:59:13.217+0545] {subprocess.py:93} INFO - 	at py4j.reflection.ReflectionEngine.invoke(ReflectionEngine.java:374)
[2026-07-19T18:59:13.217+0545] {subprocess.py:93} INFO - 	at py4j.Gateway.invoke(Gateway.java:282)
[2026-07-19T18:59:13.217+0545] {subprocess.py:93} INFO - 	at py4j.commands.AbstractCommand.invokeMethod(AbstractCommand.java:132)
[2026-07-19T18:59:13.217+0545] {subprocess.py:93} INFO - 	at py4j.commands.CallCommand.execute(CallCommand.java:79)
[2026-07-19T18:59:13.217+0545] {subprocess.py:93} INFO - 	at py4j.ClientServerConnection.waitForCommands(ClientServerConnection.java:182)
[2026-07-19T18:59:13.218+0545] {subprocess.py:93} INFO - 	at py4j.ClientServerConnection.run(ClientServerConnection.java:106)
[2026-07-19T18:59:13.218+0545] {subprocess.py:93} INFO - 	at java.base/java.lang.Thread.run(Unknown Source)
[2026-07-19T18:59:13.218+0545] {subprocess.py:93} INFO - 
[2026-07-19T18:59:14.461+0545] {subprocess.py:97} INFO - Command exited with return code 1
[2026-07-19T18:59:14.462+0545] {taskinstance.py:441} INFO - ::group::Post task execution logs
[2026-07-19T18:59:14.465+0545] {taskinstance.py:2905} ERROR - Task failed with exception
Traceback (most recent call last):
  File "/home/snigdh/repos/bigData/spark_demo_env/lib/python3.12/site-packages/airflow/models/taskinstance.py", line 465, in _execute_task
    result = _execute_callable(context=context, **execute_callable_kwargs)
             ^^^^^^^^^^^^^^^^^^^^^^^^^^^^^^^^^^^^^^^^^^^^^^^^^^^^^^^^^^^^^
  File "/home/snigdh/repos/bigData/spark_demo_env/lib/python3.12/site-packages/airflow/models/taskinstance.py", line 432, in _execute_callable
    return execute_callable(context=context, **execute_callable_kwargs)
           ^^^^^^^^^^^^^^^^^^^^^^^^^^^^^^^^^^^^^^^^^^^^^^^^^^^^^^^^^^^^
  File "/home/snigdh/repos/bigData/spark_demo_env/lib/python3.12/site-packages/airflow/models/baseoperator.py", line 401, in wrapper
    return func(self, *args, **kwargs)
           ^^^^^^^^^^^^^^^^^^^^^^^^^^^
  File "/home/snigdh/repos/bigData/spark_demo_env/lib/python3.12/site-packages/airflow/operators/bash.py", line 243, in execute
    raise AirflowException(
airflow.exceptions.AirflowException: Bash command failed. The command returned a non-zero exit code 1.
[2026-07-19T18:59:14.470+0545] {taskinstance.py:1206} INFO - Marking task as UP_FOR_RETRY. dag_id=network_traffic_pipeline, task_id=autoencoder_family.train_autoencoder, run_id=manual__2026-07-19T12:54:25.194239+00:00, execution_date=20260719T125425, start_date=20260719T131322, end_date=20260719T131414
[2026-07-19T18:59:14.478+0545] {standard_task_runner.py:110} ERROR - Failed to execute job 19 for task autoencoder_family.train_autoencoder (Bash command failed. The command returned a non-zero exit code 1.; 41624)
[2026-07-19T18:59:14.500+0545] {local_task_job_runner.py:243} INFO - Task exited with return code 1
[2026-07-19T18:59:14.517+0545] {taskinstance.py:3503} INFO - 0 downstream tasks scheduled from follow-on schedule check
[2026-07-19T18:59:14.517+0545] {local_task_job_runner.py:222} INFO - ::endgroup::
