[2026-07-19T20:00:24.653+0545] {local_task_job_runner.py:120} INFO - ::group::Pre task execution logs
[2026-07-19T20:00:24.676+0545] {taskinstance.py:2076} INFO - Dependencies all met for dep_context=non-requeueable deps ti=<TaskInstance: network_traffic_pipeline.sequential_ddp_models.lstm manual__2026-07-19T13:45:00.072255+00:00 [queued]>
[2026-07-19T20:00:24.685+0545] {taskinstance.py:2076} INFO - Dependencies all met for dep_context=requeueable deps ti=<TaskInstance: network_traffic_pipeline.sequential_ddp_models.lstm manual__2026-07-19T13:45:00.072255+00:00 [queued]>
[2026-07-19T20:00:24.685+0545] {taskinstance.py:2306} INFO - Starting attempt 1 of 3
[2026-07-19T20:00:24.700+0545] {taskinstance.py:2330} INFO - Executing <Task(BashOperator): sequential_ddp_models.lstm> on 2026-07-19 13:45:00.072255+00:00
[2026-07-19T20:00:24.707+0545] {standard_task_runner.py:64} INFO - Started process 92392 to run task
[2026-07-19T20:00:24.710+0545] {standard_task_runner.py:90} INFO - Running: ['airflow', 'tasks', 'run', 'network_traffic_pipeline', 'sequential_ddp_models.lstm', 'manual__2026-07-19T13:45:00.072255+00:00', '--job-id', '58', '--raw', '--subdir', 'DAGS_FOLDER/network_traffic_pipeline_dag.py', '--cfg-path', '/tmp/tmp6vxenc4b']
[2026-07-19T20:00:24.712+0545] {standard_task_runner.py:91} INFO - Job 58: Subtask sequential_ddp_models.lstm
[2026-07-19T20:00:24.751+0545] {task_command.py:426} INFO - Running <TaskInstance: network_traffic_pipeline.sequential_ddp_models.lstm manual__2026-07-19T13:45:00.072255+00:00 [running]> on host snigdh-IdeaPad-Slim-3-15IAH8
[2026-07-19T20:00:24.811+0545] {taskinstance.py:2648} INFO - Exporting env vars: AIRFLOW_CTX_DAG_OWNER='you' AIRFLOW_CTX_DAG_ID='network_traffic_pipeline' AIRFLOW_CTX_TASK_ID='sequential_ddp_models.lstm' AIRFLOW_CTX_EXECUTION_DATE='2026-07-19T13:45:00.072255+00:00' AIRFLOW_CTX_TRY_NUMBER='1' AIRFLOW_CTX_DAG_RUN_ID='manual__2026-07-19T13:45:00.072255+00:00'
[2026-07-19T20:00:24.812+0545] {taskinstance.py:430} INFO - ::endgroup::
[2026-07-19T20:00:24.813+0545] {subprocess.py:63} INFO - Tmp dir root location: /tmp
[2026-07-19T20:00:24.814+0545] {subprocess.py:75} INFO - Running command: ['/usr/bin/bash', '-c', 'cd /home/snigdh/repos/bigData && docker-compose exec spark-master /opt/spark/bin/spark-submit --master spark://localhost:7077 --py-files /app/common.py --conf spark.ui.port=4040 --conf spark.sql.extensions=io.delta.sql.DeltaSparkSessionExtension --conf spark.sql.catalog.spark_catalog=org.apache.spark.sql.delta.catalog.DeltaCatalog /app/task_lstm.py']
[2026-07-19T20:00:24.824+0545] {subprocess.py:86} INFO - Output:
[2026-07-19T20:00:38.111+0545] {subprocess.py:93} INFO - 26/07/19 14:15:38 INFO SparkContext: Running Spark version 3.5.0
[2026-07-19T20:00:38.113+0545] {subprocess.py:93} INFO - 26/07/19 14:15:38 INFO SparkContext: OS info Linux, 6.8.0-136-generic, amd64
[2026-07-19T20:00:38.114+0545] {subprocess.py:93} INFO - 26/07/19 14:15:38 INFO SparkContext: Java version 11.0.20.1
[2026-07-19T20:00:38.303+0545] {subprocess.py:93} INFO - 26/07/19 14:15:38 INFO ResourceUtils: ==============================================================
[2026-07-19T20:00:38.303+0545] {subprocess.py:93} INFO - 26/07/19 14:15:38 INFO ResourceUtils: No custom resources configured for spark.driver.
[2026-07-19T20:00:38.304+0545] {subprocess.py:93} INFO - 26/07/19 14:15:38 INFO ResourceUtils: ==============================================================
[2026-07-19T20:00:38.304+0545] {subprocess.py:93} INFO - 26/07/19 14:15:38 INFO SparkContext: Submitted application: anomaly_lstm
[2026-07-19T20:00:38.410+0545] {subprocess.py:93} INFO - 26/07/19 14:15:38 INFO ResourceProfile: Default ResourceProfile created, executor resources: Map(memory -> name: memory, amount: 1024, script: , vendor: , offHeap -> name: offHeap, amount: 0, script: , vendor: ), task resources: Map(cpus -> name: cpus, amount: 1.0)
[2026-07-19T20:00:38.420+0545] {subprocess.py:93} INFO - 26/07/19 14:15:38 INFO ResourceProfile: Limiting resource is cpu
[2026-07-19T20:00:38.421+0545] {subprocess.py:93} INFO - 26/07/19 14:15:38 INFO ResourceProfileManager: Added ResourceProfile id: 0
[2026-07-19T20:00:38.705+0545] {subprocess.py:93} INFO - 26/07/19 14:15:38 INFO SecurityManager: Changing view acls to: spark
[2026-07-19T20:00:38.706+0545] {subprocess.py:93} INFO - 26/07/19 14:15:38 INFO SecurityManager: Changing modify acls to: spark
[2026-07-19T20:00:38.706+0545] {subprocess.py:93} INFO - 26/07/19 14:15:38 INFO SecurityManager: Changing view acls groups to:
[2026-07-19T20:00:38.707+0545] {subprocess.py:93} INFO - 26/07/19 14:15:38 INFO SecurityManager: Changing modify acls groups to:
[2026-07-19T20:00:38.708+0545] {subprocess.py:93} INFO - 26/07/19 14:15:38 INFO SecurityManager: SecurityManager: authentication disabled; ui acls disabled; users with view permissions: spark; groups with view permissions: EMPTY; users with modify permissions: spark; groups with modify permissions: EMPTY
[2026-07-19T20:00:39.512+0545] {subprocess.py:93} INFO - 26/07/19 14:15:39 INFO Utils: Successfully started service 'sparkDriver' on port 46789.
[2026-07-19T20:00:39.702+0545] {subprocess.py:93} INFO - 26/07/19 14:15:39 INFO SparkEnv: Registering MapOutputTracker
[2026-07-19T20:00:39.898+0545] {subprocess.py:93} INFO - 26/07/19 14:15:39 INFO SparkEnv: Registering BlockManagerMaster
[2026-07-19T20:00:39.917+0545] {subprocess.py:93} INFO - 26/07/19 14:15:39 INFO BlockManagerMasterEndpoint: Using org.apache.spark.storage.DefaultTopologyMapper for getting topology information
[2026-07-19T20:00:39.917+0545] {subprocess.py:93} INFO - 26/07/19 14:15:39 INFO BlockManagerMasterEndpoint: BlockManagerMasterEndpoint up
[2026-07-19T20:00:39.921+0545] {subprocess.py:93} INFO - 26/07/19 14:15:39 INFO SparkEnv: Registering BlockManagerMasterHeartbeat
[2026-07-19T20:00:40.018+0545] {subprocess.py:93} INFO - 26/07/19 14:15:40 INFO DiskBlockManager: Created local directory at /tmp/blockmgr-e28f3ff3-8258-4b71-9383-7e939a1841e3
[2026-07-19T20:00:40.113+0545] {subprocess.py:93} INFO - 26/07/19 14:15:40 INFO MemoryStore: MemoryStore started with capacity 413.9 MiB
[2026-07-19T20:00:40.207+0545] {subprocess.py:93} INFO - 26/07/19 14:15:40 INFO SparkEnv: Registering OutputCommitCoordinator
[2026-07-19T20:00:40.701+0545] {subprocess.py:93} INFO - 26/07/19 14:15:40 INFO JettyUtils: Start Jetty 0.0.0.0:4040 for SparkUI
[2026-07-19T20:00:40.818+0545] {subprocess.py:93} INFO - 26/07/19 14:15:40 INFO Utils: Successfully started service 'SparkUI' on port 4040.
[2026-07-19T20:00:40.915+0545] {subprocess.py:93} INFO - 26/07/19 14:15:40 INFO SparkContext: Added file file:///app/common.py at spark://7aa1691b5e48:46789/files/common.py with timestamp 1784470538035
[2026-07-19T20:00:40.916+0545] {subprocess.py:93} INFO - 26/07/19 14:15:40 INFO Utils: Copying /app/common.py to /tmp/spark-31dfcae3-8adb-42fb-9cbf-8e12e51ee37f/userFiles-8246a640-70a1-4819-aeab-6b6d7a6a6468/common.py
[2026-07-19T20:00:41.411+0545] {subprocess.py:93} INFO - 26/07/19 14:15:41 INFO StandaloneAppClient$ClientEndpoint: Connecting to master spark://localhost:7077...
[2026-07-19T20:00:41.626+0545] {subprocess.py:93} INFO - 26/07/19 14:15:41 INFO TransportClientFactory: Successfully created connection to localhost/127.0.0.1:7077 after 108 ms (0 ms spent in bootstraps)
[2026-07-19T20:00:41.923+0545] {subprocess.py:93} INFO - 26/07/19 14:15:41 INFO StandaloneSchedulerBackend: Connected to Spark cluster with app ID app-20260719141541-0014
[2026-07-19T20:00:42.005+0545] {subprocess.py:93} INFO - 26/07/19 14:15:42 INFO StandaloneAppClient$ClientEndpoint: Executor added: app-20260719141541-0014/0 on worker-20260719134303-spark-worker2-8083 (spark-worker2:8083) with 1 core(s)
[2026-07-19T20:00:42.010+0545] {subprocess.py:93} INFO - 26/07/19 14:15:42 INFO Utils: Successfully started service 'org.apache.spark.network.netty.NettyBlockTransferService' on port 36129.
[2026-07-19T20:00:42.010+0545] {subprocess.py:93} INFO - 26/07/19 14:15:42 INFO NettyBlockTransferService: Server created on 7aa1691b5e48:36129
[2026-07-19T20:00:42.014+0545] {subprocess.py:93} INFO - 26/07/19 14:15:42 INFO BlockManager: Using org.apache.spark.storage.RandomBlockReplicationPolicy for block replication policy
[2026-07-19T20:00:42.097+0545] {subprocess.py:93} INFO - 26/07/19 14:15:42 INFO StandaloneSchedulerBackend: Granted executor ID app-20260719141541-0014/0 on hostPort spark-worker2:8083 with 1 core(s), 1024.0 MiB RAM
[2026-07-19T20:00:42.098+0545] {subprocess.py:93} INFO - 26/07/19 14:15:42 INFO StandaloneAppClient$ClientEndpoint: Executor added: app-20260719141541-0014/1 on worker-20260719134303-spark-worker1-8081 (spark-worker1:8081) with 1 core(s)
[2026-07-19T20:00:42.098+0545] {subprocess.py:93} INFO - 26/07/19 14:15:42 INFO StandaloneSchedulerBackend: Granted executor ID app-20260719141541-0014/1 on hostPort spark-worker1:8081 with 1 core(s), 1024.0 MiB RAM
[2026-07-19T20:00:42.106+0545] {subprocess.py:93} INFO - 26/07/19 14:15:42 INFO BlockManagerMaster: Registering BlockManager BlockManagerId(driver, 7aa1691b5e48, 36129, None)
[2026-07-19T20:00:42.198+0545] {subprocess.py:93} INFO - 26/07/19 14:15:42 INFO BlockManagerMasterEndpoint: Registering block manager 7aa1691b5e48:36129 with 413.9 MiB RAM, BlockManagerId(driver, 7aa1691b5e48, 36129, None)
[2026-07-19T20:00:42.199+0545] {subprocess.py:93} INFO - 26/07/19 14:15:42 INFO StandaloneAppClient$ClientEndpoint: Executor updated: app-20260719141541-0014/0 is now RUNNING
[2026-07-19T20:00:42.201+0545] {subprocess.py:93} INFO - 26/07/19 14:15:42 INFO StandaloneAppClient$ClientEndpoint: Executor updated: app-20260719141541-0014/1 is now RUNNING
[2026-07-19T20:00:42.202+0545] {subprocess.py:93} INFO - 26/07/19 14:15:42 INFO BlockManagerMaster: Registered BlockManager BlockManagerId(driver, 7aa1691b5e48, 36129, None)
[2026-07-19T20:00:42.203+0545] {subprocess.py:93} INFO - 26/07/19 14:15:42 INFO BlockManager: Initialized BlockManager: BlockManagerId(driver, 7aa1691b5e48, 36129, None)
[2026-07-19T20:00:42.915+0545] {subprocess.py:93} INFO - 26/07/19 14:15:42 INFO StandaloneSchedulerBackend: SchedulerBackend is ready for scheduling beginning after reached minRegisteredResourcesRatio: 0.0
[2026-07-19T20:00:48.899+0545] {subprocess.py:93} INFO - 26/07/19 14:15:48 WARN DataSource: All paths were ignored:
[2026-07-19T20:00:48.899+0545] {subprocess.py:93} INFO -   hdfs://namenode:9000/user/demo/_torch_seq_shards
[2026-07-19T20:01:01.505+0545] {subprocess.py:93} INFO - [TorchDistributor] LSTM: launching 2-way DDP over contiguous shards (across cluster executors)...
[2026-07-19T20:01:02.520+0545] {subprocess.py:93} INFO - Started distributed training with 2 executor processes
[2026-07-19T20:01:36.888+0545] {subprocess.py:93} INFO - 2026-07-19 14:16:36,886 INFO sasl.SaslDataTransferClient: SASL encryption trust check: localHostTrusted = false, remoteHostTrusted = false
[2026-07-19T20:01:37.088+0545] {subprocess.py:93} INFO - 2026-07-19 14:16:37,063 INFO sasl.SaslDataTransferClient: SASL encryption trust check: localHostTrusted = false, remoteHostTrusted = false
[2026-07-19T20:01:37.088+0545] {subprocess.py:93} INFO - 2026-07-19 14:16:37,074 INFO sasl.SaslDataTransferClient: SASL encryption trust check: localHostTrusted = false, remoteHostTrusted = false
[2026-07-19T20:01:37.089+0545] {subprocess.py:93} INFO - 2026-07-19 14:16:37,079 INFO sasl.SaslDataTransferClient: SASL encryption trust check: localHostTrusted = false, remoteHostTrusted = false
[2026-07-19T20:01:37.570+0545] {subprocess.py:93} INFO - 2026-07-19 14:16:37,568 INFO sasl.SaslDataTransferClient: SASL encryption trust check: localHostTrusted = false, remoteHostTrusted = false
[2026-07-19T20:01:37.771+0545] {subprocess.py:93} INFO - 2026-07-19 14:16:37,746 INFO sasl.SaslDataTransferClient: SASL encryption trust check: localHostTrusted = false, remoteHostTrusted = false
[2026-07-19T20:01:37.771+0545] {subprocess.py:93} INFO - 2026-07-19 14:16:37,760 INFO sasl.SaslDataTransferClient: SASL encryption trust check: localHostTrusted = false, remoteHostTrusted = false
[2026-07-19T20:01:38.372+0545] {subprocess.py:93} INFO -     [LSTM][rank0/2] epoch 5/30 loss=0.65275
[2026-07-19T20:01:38.973+0545] {subprocess.py:93} INFO -     [LSTM][rank0/2] epoch 10/30 loss=0.42232
[2026-07-19T20:01:39.474+0545] {subprocess.py:93} INFO -     [LSTM][rank0/2] epoch 15/30 loss=0.34038
[2026-07-19T20:01:40.075+0545] {subprocess.py:93} INFO -     [LSTM][rank0/2] epoch 20/30 loss=0.29395
[2026-07-19T20:01:40.676+0545] {subprocess.py:93} INFO -     [LSTM][rank0/2] epoch 25/30 loss=0.26535
[2026-07-19T20:01:41.377+0545] {subprocess.py:93} INFO -     [LSTM][rank0/2] epoch 30/30 loss=0.23397
[2026-07-19T20:01:43.502+0545] {subprocess.py:93} INFO - Finished distributed training with 2 executor processes
[2026-07-19T20:02:13.404+0545] {subprocess.py:93} INFO - [Driver] Wrote 'lstm' output -> hdfs://namenode:9000/user/demo/_scores/lstm
[2026-07-19T20:02:13.698+0545] {subprocess.py:93} INFO - 26/07/19 14:17:13 ERROR Inbox: Ignoring error
[2026-07-19T20:02:13.699+0545] {subprocess.py:93} INFO - java.util.concurrent.RejectedExecutionException: Task java.util.concurrent.ScheduledThreadPoolExecutor$ScheduledFutureTask@52f8a792[Not completed, task = java.util.concurrent.Executors$RunnableAdapter@5a070e3e[Wrapped task = org.apache.spark.scheduler.cluster.StandaloneSchedulerBackend$StandaloneDriverEndpoint$$anon$2@1c6d34e7]] rejected from java.util.concurrent.ScheduledThreadPoolExecutor@79fc9919[Terminated, pool size = 0, active threads = 0, queued tasks = 0, completed tasks = 0]
[2026-07-19T20:02:13.699+0545] {subprocess.py:93} INFO - 	at java.base/java.util.concurrent.ThreadPoolExecutor$AbortPolicy.rejectedExecution(Unknown Source)
[2026-07-19T20:02:13.699+0545] {subprocess.py:93} INFO - 	at java.base/java.util.concurrent.ThreadPoolExecutor.reject(Unknown Source)
[2026-07-19T20:02:13.700+0545] {subprocess.py:93} INFO - 	at java.base/java.util.concurrent.ScheduledThreadPoolExecutor.delayedExecute(Unknown Source)
[2026-07-19T20:02:13.700+0545] {subprocess.py:93} INFO - 	at java.base/java.util.concurrent.ScheduledThreadPoolExecutor.schedule(Unknown Source)
[2026-07-19T20:02:13.700+0545] {subprocess.py:93} INFO - 	at org.apache.spark.scheduler.cluster.StandaloneSchedulerBackend$StandaloneDriverEndpoint.$anonfun$onDisconnected$1(StandaloneSchedulerBackend.scala:346)
[2026-07-19T20:02:13.700+0545] {subprocess.py:93} INFO - 	at scala.Option.foreach(Option.scala:407)
[2026-07-19T20:02:13.701+0545] {subprocess.py:93} INFO - 	at org.apache.spark.scheduler.cluster.StandaloneSchedulerBackend$StandaloneDriverEndpoint.onDisconnected(StandaloneSchedulerBackend.scala:313)
[2026-07-19T20:02:13.701+0545] {subprocess.py:93} INFO - 	at org.apache.spark.rpc.netty.Inbox.$anonfun$process$1(Inbox.scala:141)
[2026-07-19T20:02:13.701+0545] {subprocess.py:93} INFO - 	at org.apache.spark.rpc.netty.Inbox.safelyCall(Inbox.scala:213)
[2026-07-19T20:02:13.701+0545] {subprocess.py:93} INFO - 	at org.apache.spark.rpc.netty.Inbox.process(Inbox.scala:100)
[2026-07-19T20:02:13.701+0545] {subprocess.py:93} INFO - 	at org.apache.spark.rpc.netty.MessageLoop.org$apache$spark$rpc$netty$MessageLoop$$receiveLoop(MessageLoop.scala:75)
[2026-07-19T20:02:13.702+0545] {subprocess.py:93} INFO - 	at org.apache.spark.rpc.netty.MessageLoop$$anon$1.run(MessageLoop.scala:41)
[2026-07-19T20:02:13.702+0545] {subprocess.py:93} INFO - 	at java.base/java.util.concurrent.ThreadPoolExecutor.runWorker(Unknown Source)
[2026-07-19T20:02:13.702+0545] {subprocess.py:93} INFO - 	at java.base/java.util.concurrent.ThreadPoolExecutor$Worker.run(Unknown Source)
[2026-07-19T20:02:13.702+0545] {subprocess.py:93} INFO - 	at java.base/java.lang.Thread.run(Unknown Source)
[2026-07-19T20:02:13.702+0545] {subprocess.py:93} INFO - 26/07/19 14:17:13 ERROR Inbox: Ignoring error
[2026-07-19T20:02:13.702+0545] {subprocess.py:93} INFO - java.util.concurrent.RejectedExecutionException: Task java.util.concurrent.ScheduledThreadPoolExecutor$ScheduledFutureTask@6fb5a2fc[Not completed, task = java.util.concurrent.Executors$RunnableAdapter@642d4f67[Wrapped task = org.apache.spark.scheduler.cluster.StandaloneSchedulerBackend$StandaloneDriverEndpoint$$anon$2@3f69e23a]] rejected from java.util.concurrent.ScheduledThreadPoolExecutor@79fc9919[Terminated, pool size = 0, active threads = 0, queued tasks = 0, completed tasks = 0]
[2026-07-19T20:02:13.702+0545] {subprocess.py:93} INFO - 	at java.base/java.util.concurrent.ThreadPoolExecutor$AbortPolicy.rejectedExecution(Unknown Source)
[2026-07-19T20:02:13.702+0545] {subprocess.py:93} INFO - 	at java.base/java.util.concurrent.ThreadPoolExecutor.reject(Unknown Source)
[2026-07-19T20:02:13.702+0545] {subprocess.py:93} INFO - 	at java.base/java.util.concurrent.ScheduledThreadPoolExecutor.delayedExecute(Unknown Source)
[2026-07-19T20:02:13.702+0545] {subprocess.py:93} INFO - 	at java.base/java.util.concurrent.ScheduledThreadPoolExecutor.schedule(Unknown Source)
[2026-07-19T20:02:13.703+0545] {subprocess.py:93} INFO - 	at org.apache.spark.scheduler.cluster.StandaloneSchedulerBackend$StandaloneDriverEndpoint.$anonfun$onDisconnected$1(StandaloneSchedulerBackend.scala:346)
[2026-07-19T20:02:13.703+0545] {subprocess.py:93} INFO - 	at scala.Option.foreach(Option.scala:407)
[2026-07-19T20:02:13.703+0545] {subprocess.py:93} INFO - 	at org.apache.spark.scheduler.cluster.StandaloneSchedulerBackend$StandaloneDriverEndpoint.onDisconnected(StandaloneSchedulerBackend.scala:313)
[2026-07-19T20:02:13.703+0545] {subprocess.py:93} INFO - 	at org.apache.spark.rpc.netty.Inbox.$anonfun$process$1(Inbox.scala:141)
[2026-07-19T20:02:13.703+0545] {subprocess.py:93} INFO - 	at org.apache.spark.rpc.netty.Inbox.safelyCall(Inbox.scala:213)
[2026-07-19T20:02:13.703+0545] {subprocess.py:93} INFO - 	at org.apache.spark.rpc.netty.Inbox.process(Inbox.scala:100)
[2026-07-19T20:02:13.703+0545] {subprocess.py:93} INFO - 	at org.apache.spark.rpc.netty.MessageLoop.org$apache$spark$rpc$netty$MessageLoop$$receiveLoop(MessageLoop.scala:75)
[2026-07-19T20:02:13.703+0545] {subprocess.py:93} INFO - 	at org.apache.spark.rpc.netty.MessageLoop$$anon$1.run(MessageLoop.scala:41)
[2026-07-19T20:02:13.703+0545] {subprocess.py:93} INFO - 	at java.base/java.util.concurrent.ThreadPoolExecutor.runWorker(Unknown Source)
[2026-07-19T20:02:13.703+0545] {subprocess.py:93} INFO - 	at java.base/java.util.concurrent.ThreadPoolExecutor$Worker.run(Unknown Source)
[2026-07-19T20:02:13.704+0545] {subprocess.py:93} INFO - 	at java.base/java.lang.Thread.run(Unknown Source)
[2026-07-19T20:02:15.706+0545] {subprocess.py:97} INFO - Command exited with return code 0
[2026-07-19T20:02:15.706+0545] {taskinstance.py:441} INFO - ::group::Post task execution logs
[2026-07-19T20:02:15.720+0545] {taskinstance.py:1206} INFO - Marking task as SUCCESS. dag_id=network_traffic_pipeline, task_id=sequential_ddp_models.lstm, run_id=manual__2026-07-19T13:45:00.072255+00:00, execution_date=20260719T134500, start_date=20260719T141524, end_date=20260719T141715
[2026-07-19T20:02:15.753+0545] {local_task_job_runner.py:243} INFO - Task exited with return code 0
[2026-07-19T20:02:15.766+0545] {taskinstance.py:3503} INFO - 0 downstream tasks scheduled from follow-on schedule check
[2026-07-19T20:02:15.767+0545] {local_task_job_runner.py:222} INFO - ::endgroup::
