[2026-07-19T19:52:47.317+0545] {local_task_job_runner.py:120} INFO - ::group::Pre task execution logs
[2026-07-19T19:52:47.340+0545] {taskinstance.py:2076} INFO - Dependencies all met for dep_context=non-requeueable deps ti=<TaskInstance: network_traffic_pipeline.row_wise_ddp_models.gan manual__2026-07-19T13:45:00.072255+00:00 [queued]>
[2026-07-19T19:52:47.348+0545] {taskinstance.py:2076} INFO - Dependencies all met for dep_context=requeueable deps ti=<TaskInstance: network_traffic_pipeline.row_wise_ddp_models.gan manual__2026-07-19T13:45:00.072255+00:00 [queued]>
[2026-07-19T19:52:47.349+0545] {taskinstance.py:2306} INFO - Starting attempt 1 of 3
[2026-07-19T19:52:47.364+0545] {taskinstance.py:2330} INFO - Executing <Task(BashOperator): row_wise_ddp_models.gan> on 2026-07-19 13:45:00.072255+00:00
[2026-07-19T19:52:47.370+0545] {standard_task_runner.py:64} INFO - Started process 86185 to run task
[2026-07-19T19:52:47.373+0545] {standard_task_runner.py:90} INFO - Running: ['airflow', 'tasks', 'run', 'network_traffic_pipeline', 'row_wise_ddp_models.gan', 'manual__2026-07-19T13:45:00.072255+00:00', '--job-id', '55', '--raw', '--subdir', 'DAGS_FOLDER/network_traffic_pipeline_dag.py', '--cfg-path', '/tmp/tmpnabxjcag']
[2026-07-19T19:52:47.374+0545] {standard_task_runner.py:91} INFO - Job 55: Subtask row_wise_ddp_models.gan
[2026-07-19T19:52:47.407+0545] {task_command.py:426} INFO - Running <TaskInstance: network_traffic_pipeline.row_wise_ddp_models.gan manual__2026-07-19T13:45:00.072255+00:00 [running]> on host snigdh-IdeaPad-Slim-3-15IAH8
[2026-07-19T19:52:47.469+0545] {taskinstance.py:2648} INFO - Exporting env vars: AIRFLOW_CTX_DAG_OWNER='you' AIRFLOW_CTX_DAG_ID='network_traffic_pipeline' AIRFLOW_CTX_TASK_ID='row_wise_ddp_models.gan' AIRFLOW_CTX_EXECUTION_DATE='2026-07-19T13:45:00.072255+00:00' AIRFLOW_CTX_TRY_NUMBER='1' AIRFLOW_CTX_DAG_RUN_ID='manual__2026-07-19T13:45:00.072255+00:00'
[2026-07-19T19:52:47.470+0545] {taskinstance.py:430} INFO - ::endgroup::
[2026-07-19T19:52:47.471+0545] {subprocess.py:63} INFO - Tmp dir root location: /tmp
[2026-07-19T19:52:47.471+0545] {subprocess.py:75} INFO - Running command: ['/usr/bin/bash', '-c', 'cd /home/snigdh/repos/bigData && docker-compose exec spark-master /opt/spark/bin/spark-submit --master spark://localhost:7077 --py-files /app/common.py --conf spark.ui.port=4040 --conf spark.sql.extensions=io.delta.sql.DeltaSparkSessionExtension --conf spark.sql.catalog.spark_catalog=org.apache.spark.sql.delta.catalog.DeltaCatalog /app/task_gan.py']
[2026-07-19T19:52:47.483+0545] {subprocess.py:86} INFO - Output:
[2026-07-19T19:53:01.101+0545] {subprocess.py:93} INFO - 26/07/19 14:08:01 INFO SparkContext: Running Spark version 3.5.0
[2026-07-19T19:53:01.103+0545] {subprocess.py:93} INFO - 26/07/19 14:08:01 INFO SparkContext: OS info Linux, 6.8.0-136-generic, amd64
[2026-07-19T19:53:01.104+0545] {subprocess.py:93} INFO - 26/07/19 14:08:01 INFO SparkContext: Java version 11.0.20.1
[2026-07-19T19:53:01.212+0545] {subprocess.py:93} INFO - 26/07/19 14:08:01 INFO ResourceUtils: ==============================================================
[2026-07-19T19:53:01.212+0545] {subprocess.py:93} INFO - 26/07/19 14:08:01 INFO ResourceUtils: No custom resources configured for spark.driver.
[2026-07-19T19:53:01.212+0545] {subprocess.py:93} INFO - 26/07/19 14:08:01 INFO ResourceUtils: ==============================================================
[2026-07-19T19:53:01.212+0545] {subprocess.py:93} INFO - 26/07/19 14:08:01 INFO SparkContext: Submitted application: anomaly_gan
[2026-07-19T19:53:01.304+0545] {subprocess.py:93} INFO - 26/07/19 14:08:01 INFO ResourceProfile: Default ResourceProfile created, executor resources: Map(memory -> name: memory, amount: 1024, script: , vendor: , offHeap -> name: offHeap, amount: 0, script: , vendor: ), task resources: Map(cpus -> name: cpus, amount: 1.0)
[2026-07-19T19:53:01.315+0545] {subprocess.py:93} INFO - 26/07/19 14:08:01 INFO ResourceProfile: Limiting resource is cpu
[2026-07-19T19:53:01.316+0545] {subprocess.py:93} INFO - 26/07/19 14:08:01 INFO ResourceProfileManager: Added ResourceProfile id: 0
[2026-07-19T19:53:01.508+0545] {subprocess.py:93} INFO - 26/07/19 14:08:01 INFO SecurityManager: Changing view acls to: spark
[2026-07-19T19:53:01.508+0545] {subprocess.py:93} INFO - 26/07/19 14:08:01 INFO SecurityManager: Changing modify acls to: spark
[2026-07-19T19:53:01.509+0545] {subprocess.py:93} INFO - 26/07/19 14:08:01 INFO SecurityManager: Changing view acls groups to:
[2026-07-19T19:53:01.509+0545] {subprocess.py:93} INFO - 26/07/19 14:08:01 INFO SecurityManager: Changing modify acls groups to:
[2026-07-19T19:53:01.510+0545] {subprocess.py:93} INFO - 26/07/19 14:08:01 INFO SecurityManager: SecurityManager: authentication disabled; ui acls disabled; users with view permissions: spark; groups with view permissions: EMPTY; users with modify permissions: spark; groups with modify permissions: EMPTY
[2026-07-19T19:53:02.319+0545] {subprocess.py:93} INFO - 26/07/19 14:08:02 INFO Utils: Successfully started service 'sparkDriver' on port 46457.
[2026-07-19T19:53:02.414+0545] {subprocess.py:93} INFO - 26/07/19 14:08:02 INFO SparkEnv: Registering MapOutputTracker
[2026-07-19T19:53:02.525+0545] {subprocess.py:93} INFO - 26/07/19 14:08:02 INFO SparkEnv: Registering BlockManagerMaster
[2026-07-19T19:53:02.608+0545] {subprocess.py:93} INFO - 26/07/19 14:08:02 INFO BlockManagerMasterEndpoint: Using org.apache.spark.storage.DefaultTopologyMapper for getting topology information
[2026-07-19T19:53:02.608+0545] {subprocess.py:93} INFO - 26/07/19 14:08:02 INFO BlockManagerMasterEndpoint: BlockManagerMasterEndpoint up
[2026-07-19T19:53:02.613+0545] {subprocess.py:93} INFO - 26/07/19 14:08:02 INFO SparkEnv: Registering BlockManagerMasterHeartbeat
[2026-07-19T19:53:02.703+0545] {subprocess.py:93} INFO - 26/07/19 14:08:02 INFO DiskBlockManager: Created local directory at /tmp/blockmgr-114bb2b5-2d7b-4c84-a213-1006e1d8d01f
[2026-07-19T19:53:02.714+0545] {subprocess.py:93} INFO - 26/07/19 14:08:02 INFO MemoryStore: MemoryStore started with capacity 413.9 MiB
[2026-07-19T19:53:02.800+0545] {subprocess.py:93} INFO - 26/07/19 14:08:02 INFO SparkEnv: Registering OutputCommitCoordinator
[2026-07-19T19:53:03.104+0545] {subprocess.py:93} INFO - 26/07/19 14:08:03 INFO JettyUtils: Start Jetty 0.0.0.0:4040 for SparkUI
[2026-07-19T19:53:03.217+0545] {subprocess.py:93} INFO - 26/07/19 14:08:03 INFO Utils: Successfully started service 'SparkUI' on port 4040.
[2026-07-19T19:53:03.326+0545] {subprocess.py:93} INFO - 26/07/19 14:08:03 INFO SparkContext: Added file file:///app/common.py at spark://7aa1691b5e48:46457/files/common.py with timestamp 1784470081026
[2026-07-19T19:53:03.327+0545] {subprocess.py:93} INFO - 26/07/19 14:08:03 INFO Utils: Copying /app/common.py to /tmp/spark-e19e446f-ee73-4d90-99c2-9739a51622b8/userFiles-70e31ffb-72e1-4a96-8ef5-295434c033b7/common.py
[2026-07-19T19:53:03.899+0545] {subprocess.py:93} INFO - 26/07/19 14:08:03 INFO StandaloneAppClient$ClientEndpoint: Connecting to master spark://localhost:7077...
[2026-07-19T19:53:04.098+0545] {subprocess.py:93} INFO - 26/07/19 14:08:04 INFO TransportClientFactory: Successfully created connection to localhost/127.0.0.1:7077 after 104 ms (0 ms spent in bootstraps)
[2026-07-19T19:53:04.406+0545] {subprocess.py:93} INFO - 26/07/19 14:08:04 INFO StandaloneSchedulerBackend: Connected to Spark cluster with app ID app-20260719140804-0011
[2026-07-19T19:53:04.498+0545] {subprocess.py:93} INFO - 26/07/19 14:08:04 INFO StandaloneAppClient$ClientEndpoint: Executor added: app-20260719140804-0011/0 on worker-20260719134303-spark-worker2-8083 (spark-worker2:8083) with 1 core(s)
[2026-07-19T19:53:04.501+0545] {subprocess.py:93} INFO - 26/07/19 14:08:04 INFO StandaloneSchedulerBackend: Granted executor ID app-20260719140804-0011/0 on hostPort spark-worker2:8083 with 1 core(s), 1024.0 MiB RAM
[2026-07-19T19:53:04.501+0545] {subprocess.py:93} INFO - 26/07/19 14:08:04 INFO StandaloneAppClient$ClientEndpoint: Executor added: app-20260719140804-0011/1 on worker-20260719134303-spark-worker1-8081 (spark-worker1:8081) with 1 core(s)
[2026-07-19T19:53:04.502+0545] {subprocess.py:93} INFO - 26/07/19 14:08:04 INFO StandaloneSchedulerBackend: Granted executor ID app-20260719140804-0011/1 on hostPort spark-worker1:8081 with 1 core(s), 1024.0 MiB RAM
[2026-07-19T19:53:04.508+0545] {subprocess.py:93} INFO - 26/07/19 14:08:04 INFO Utils: Successfully started service 'org.apache.spark.network.netty.NettyBlockTransferService' on port 36023.
[2026-07-19T19:53:04.509+0545] {subprocess.py:93} INFO - 26/07/19 14:08:04 INFO NettyBlockTransferService: Server created on 7aa1691b5e48:36023
[2026-07-19T19:53:04.511+0545] {subprocess.py:93} INFO - 26/07/19 14:08:04 INFO BlockManager: Using org.apache.spark.storage.RandomBlockReplicationPolicy for block replication policy
[2026-07-19T19:53:04.603+0545] {subprocess.py:93} INFO - 26/07/19 14:08:04 INFO BlockManagerMaster: Registering BlockManager BlockManagerId(driver, 7aa1691b5e48, 36023, None)
[2026-07-19T19:53:04.605+0545] {subprocess.py:93} INFO - 26/07/19 14:08:04 INFO StandaloneAppClient$ClientEndpoint: Executor updated: app-20260719140804-0011/1 is now RUNNING
[2026-07-19T19:53:04.607+0545] {subprocess.py:93} INFO - 26/07/19 14:08:04 INFO BlockManagerMasterEndpoint: Registering block manager 7aa1691b5e48:36023 with 413.9 MiB RAM, BlockManagerId(driver, 7aa1691b5e48, 36023, None)
[2026-07-19T19:53:04.607+0545] {subprocess.py:93} INFO - 26/07/19 14:08:04 INFO StandaloneAppClient$ClientEndpoint: Executor updated: app-20260719140804-0011/0 is now RUNNING
[2026-07-19T19:53:04.609+0545] {subprocess.py:93} INFO - 26/07/19 14:08:04 INFO BlockManagerMaster: Registered BlockManager BlockManagerId(driver, 7aa1691b5e48, 36023, None)
[2026-07-19T19:53:04.697+0545] {subprocess.py:93} INFO - 26/07/19 14:08:04 INFO BlockManager: Initialized BlockManager: BlockManagerId(driver, 7aa1691b5e48, 36023, None)
[2026-07-19T19:53:05.401+0545] {subprocess.py:93} INFO - 26/07/19 14:08:05 INFO StandaloneSchedulerBackend: SchedulerBackend is ready for scheduling beginning after reached minRegisteredResourcesRatio: 0.0
[2026-07-19T19:53:35.516+0545] {subprocess.py:93} INFO - [TorchDistributor] GAN: launching 2-way DDP (across cluster executors)...
[2026-07-19T19:53:36.603+0545] {subprocess.py:93} INFO - Started distributed training with 2 executor processes
[2026-07-19T19:54:07.292+0545] {subprocess.py:93} INFO - 2026-07-19 14:09:07,289 INFO sasl.SaslDataTransferClient: SASL encryption trust check: localHostTrusted = false, remoteHostTrusted = false
[2026-07-19T19:54:07.570+0545] {subprocess.py:93} INFO - 2026-07-19 14:09:07,567 INFO sasl.SaslDataTransferClient: SASL encryption trust check: localHostTrusted = false, remoteHostTrusted = false
[2026-07-19T19:54:07.593+0545] {subprocess.py:93} INFO - 2026-07-19 14:09:07,568 INFO sasl.SaslDataTransferClient: SASL encryption trust check: localHostTrusted = false, remoteHostTrusted = false
[2026-07-19T19:54:07.693+0545] {subprocess.py:93} INFO - 2026-07-19 14:09:07,670 INFO sasl.SaslDataTransferClient: SASL encryption trust check: localHostTrusted = false, remoteHostTrusted = false
[2026-07-19T19:54:07.693+0545] {subprocess.py:93} INFO - 2026-07-19 14:09:07,677 INFO sasl.SaslDataTransferClient: SASL encryption trust check: localHostTrusted = false, remoteHostTrusted = false
[2026-07-19T19:54:07.793+0545] {subprocess.py:93} INFO - 2026-07-19 14:09:07,766 INFO sasl.SaslDataTransferClient: SASL encryption trust check: localHostTrusted = false, remoteHostTrusted = false
[2026-07-19T19:54:07.870+0545] {subprocess.py:93} INFO - 2026-07-19 14:09:07,850 INFO sasl.SaslDataTransferClient: SASL encryption trust check: localHostTrusted = false, remoteHostTrusted = false
[2026-07-19T19:54:07.971+0545] {subprocess.py:93} INFO - 2026-07-19 14:09:07,945 INFO sasl.SaslDataTransferClient: SASL encryption trust check: localHostTrusted = false, remoteHostTrusted = false
[2026-07-19T19:54:07.971+0545] {subprocess.py:93} INFO - 2026-07-19 14:09:07,952 INFO sasl.SaslDataTransferClient: SASL encryption trust check: localHostTrusted = false, remoteHostTrusted = false
[2026-07-19T19:54:07.971+0545] {subprocess.py:93} INFO - 2026-07-19 14:09:07,958 INFO sasl.SaslDataTransferClient: SASL encryption trust check: localHostTrusted = false, remoteHostTrusted = false
[2026-07-19T19:54:08.071+0545] {subprocess.py:93} INFO - 2026-07-19 14:09:08,046 INFO sasl.SaslDataTransferClient: SASL encryption trust check: localHostTrusted = false, remoteHostTrusted = false
[2026-07-19T19:54:09.396+0545] {subprocess.py:93} INFO -     [GAN][rank0/2] epoch 5/30 D=1.4609 G=0.8636
[2026-07-19T19:54:10.398+0545] {subprocess.py:93} INFO -     [GAN][rank0/2] epoch 10/30 D=1.4442 G=0.8494
[2026-07-19T19:54:11.200+0545] {subprocess.py:93} INFO -     [GAN][rank0/2] epoch 15/30 D=1.4545 G=0.8251
[2026-07-19T19:54:11.901+0545] {subprocess.py:93} INFO -     [GAN][rank0/2] epoch 20/30 D=1.4631 G=0.8118
[2026-07-19T19:54:12.703+0545] {subprocess.py:93} INFO -     [GAN][rank0/2] epoch 25/30 D=1.4313 G=0.7935
[2026-07-19T19:54:13.404+0545] {subprocess.py:93} INFO -     [GAN][rank0/2] epoch 30/30 D=1.4330 G=0.7859
[2026-07-19T19:54:15.886+0545] {subprocess.py:93} INFO - Finished distributed training with 2 executor processes
[2026-07-19T19:54:19.606+0545] {subprocess.py:93} INFO - 26/07/19 14:09:19 WARN SparkStringUtils: Truncated the string representation of a plan since it was too large. This behavior can be adjusted by setting 'spark.sql.debug.maxToStringFields'.
[2026-07-19T19:55:02.602+0545] {subprocess.py:93} INFO - [Driver] gan_flag threshold on gan_score: 0.6764
[2026-07-19T19:55:12.812+0545] {subprocess.py:93} INFO - [Driver] Wrote 'gan' output -> hdfs://namenode:9000/user/demo/_scores/gan
[2026-07-19T19:55:14.992+0545] {subprocess.py:97} INFO - Command exited with return code 0
[2026-07-19T19:55:14.992+0545] {taskinstance.py:441} INFO - ::group::Post task execution logs
[2026-07-19T19:55:15.006+0545] {taskinstance.py:1206} INFO - Marking task as SUCCESS. dag_id=network_traffic_pipeline, task_id=row_wise_ddp_models.gan, run_id=manual__2026-07-19T13:45:00.072255+00:00, execution_date=20260719T134500, start_date=20260719T140747, end_date=20260719T141015
[2026-07-19T19:55:15.041+0545] {local_task_job_runner.py:243} INFO - Task exited with return code 0
[2026-07-19T19:55:15.053+0545] {taskinstance.py:3503} INFO - 0 downstream tasks scheduled from follow-on schedule check
[2026-07-19T19:55:15.054+0545] {local_task_job_runner.py:222} INFO - ::endgroup::
