[2026-07-18T21:40:51.151+0545] {local_task_job_runner.py:120} INFO - ::group::Pre task execution logs
[2026-07-18T21:40:51.170+0545] {taskinstance.py:2076} INFO - Dependencies all met for dep_context=non-requeueable deps ti=<TaskInstance: network_traffic_pipeline.run_etl manual__2026-07-18T15:55:21.131080+00:00 [queued]>
[2026-07-18T21:40:51.177+0545] {taskinstance.py:2076} INFO - Dependencies all met for dep_context=requeueable deps ti=<TaskInstance: network_traffic_pipeline.run_etl manual__2026-07-18T15:55:21.131080+00:00 [queued]>
[2026-07-18T21:40:51.178+0545] {taskinstance.py:2306} INFO - Starting attempt 1 of 2
[2026-07-18T21:40:51.201+0545] {taskinstance.py:2330} INFO - Executing <Task(BashOperator): run_etl> on 2026-07-18 15:55:21.131080+00:00
[2026-07-18T21:40:51.205+0545] {standard_task_runner.py:64} INFO - Started process 265449 to run task
[2026-07-18T21:40:51.208+0545] {standard_task_runner.py:90} INFO - Running: ['airflow', 'tasks', 'run', 'network_traffic_pipeline', 'run_etl', 'manual__2026-07-18T15:55:21.131080+00:00', '--job-id', '4', '--raw', '--subdir', 'DAGS_FOLDER/network_traffic_pipeline_dag.py', '--cfg-path', '/tmp/tmp9w1jxrjz']
[2026-07-18T21:40:51.209+0545] {standard_task_runner.py:91} INFO - Job 4: Subtask run_etl
[2026-07-18T21:40:51.267+0545] {task_command.py:426} INFO - Running <TaskInstance: network_traffic_pipeline.run_etl manual__2026-07-18T15:55:21.131080+00:00 [running]> on host snigdh-IdeaPad-Slim-3-15IAH8
[2026-07-18T21:40:51.342+0545] {taskinstance.py:2648} INFO - Exporting env vars: AIRFLOW_CTX_DAG_OWNER='you' AIRFLOW_CTX_DAG_ID='network_traffic_pipeline' AIRFLOW_CTX_TASK_ID='run_etl' AIRFLOW_CTX_EXECUTION_DATE='2026-07-18T15:55:21.131080+00:00' AIRFLOW_CTX_TRY_NUMBER='1' AIRFLOW_CTX_DAG_RUN_ID='manual__2026-07-18T15:55:21.131080+00:00'
[2026-07-18T21:40:51.344+0545] {taskinstance.py:430} INFO - ::endgroup::
[2026-07-18T21:40:51.345+0545] {subprocess.py:63} INFO - Tmp dir root location: /tmp
[2026-07-18T21:40:51.346+0545] {subprocess.py:75} INFO - Running command: ['/usr/bin/bash', '-c', 'cd /home/snigdh/repos/bigData && python etl_job.py']
[2026-07-18T21:40:51.358+0545] {subprocess.py:86} INFO - Output:
[2026-07-18T21:40:52.004+0545] {subprocess.py:93} INFO - WARNING: Using incubator modules: jdk.incubator.vector
[2026-07-18T21:40:53.225+0545] {subprocess.py:93} INFO - Using Spark's default log4j profile: org/apache/spark/log4j2-defaults.properties
[2026-07-18T21:40:53.267+0545] {subprocess.py:93} INFO - 26/07/18 21:40:53 WARN Utils: Your hostname, snigdh-IdeaPad-Slim-3-15IAH8, resolves to a loopback address: 127.0.1.1; using 192.168.18.4 instead (on interface wlp0s20f3)
[2026-07-18T21:40:53.270+0545] {subprocess.py:93} INFO - 26/07/18 21:40:53 WARN Utils: Set SPARK_LOCAL_IP if you need to bind to another address
[2026-07-18T21:40:53.529+0545] {subprocess.py:93} INFO - :: loading settings :: url = jar:file:/home/snigdh/repos/bigData/spark_demo_env/lib/python3.12/site-packages/pyspark/jars/ivy-2.5.3.jar!/org/apache/ivy/core/settings/ivysettings.xml
[2026-07-18T21:40:53.659+0545] {subprocess.py:93} INFO - Ivy Default Cache set to: /home/snigdh/.ivy2.5.2/cache
[2026-07-18T21:40:53.659+0545] {subprocess.py:93} INFO - The jars for the packages stored in: /home/snigdh/.ivy2.5.2/jars
[2026-07-18T21:40:53.664+0545] {subprocess.py:93} INFO - io.delta#delta-spark_4.1_2.13 added as a dependency
[2026-07-18T21:40:53.666+0545] {subprocess.py:93} INFO - :: resolving dependencies :: org.apache.spark#spark-submit-parent-0eab4565-e395-47a4-82f2-f7f2230fe873;1.0
[2026-07-18T21:40:53.666+0545] {subprocess.py:93} INFO - 	confs: [default]
[2026-07-18T21:40:53.802+0545] {subprocess.py:93} INFO - 	found io.delta#delta-spark_4.1_2.13;4.3.1 in central
[2026-07-18T21:40:53.837+0545] {subprocess.py:93} INFO - 	found io.delta#delta-storage;4.3.1 in central
[2026-07-18T21:40:53.866+0545] {subprocess.py:93} INFO - 	found io.unitycatalog#unitycatalog-client;0.5.0 in central
[2026-07-18T21:40:53.896+0545] {subprocess.py:93} INFO - 	found org.slf4j#slf4j-api;2.0.13 in central
[2026-07-18T21:40:53.943+0545] {subprocess.py:93} INFO - 	found org.apache.logging.log4j#log4j-slf4j2-impl;2.25.3 in central
[2026-07-18T21:40:53.977+0545] {subprocess.py:93} INFO - 	found org.apache.logging.log4j#log4j-api;2.25.3 in central
[2026-07-18T21:40:53.997+0545] {subprocess.py:93} INFO - 	found com.google.code.findbugs#jsr305;3.0.2 in central
[2026-07-18T21:40:54.015+0545] {subprocess.py:93} INFO - 	found io.unitycatalog#unitycatalog-hadoop;0.5.0 in central
[2026-07-18T21:40:54.053+0545] {subprocess.py:93} INFO - 	found org.apache.logging.log4j#log4j-core;2.25.3 in central
[2026-07-18T21:40:54.070+0545] {subprocess.py:93} INFO - 	found io.delta#delta-kernel-api;4.3.1 in central
[2026-07-18T21:40:54.086+0545] {subprocess.py:93} INFO - 	found org.roaringbitmap#RoaringBitmap;0.9.25 in central
[2026-07-18T21:40:54.106+0545] {subprocess.py:93} INFO - 	found com.fasterxml.jackson.core#jackson-databind;2.13.5 in central
[2026-07-18T21:40:54.120+0545] {subprocess.py:93} INFO - 	found com.fasterxml.jackson.core#jackson-annotations;2.13.5 in central
[2026-07-18T21:40:54.138+0545] {subprocess.py:93} INFO - 	found com.fasterxml.jackson.core#jackson-core;2.13.5 in central
[2026-07-18T21:40:54.153+0545] {subprocess.py:93} INFO - 	found com.fasterxml.jackson.datatype#jackson-datatype-jdk8;2.13.5 in central
[2026-07-18T21:40:54.168+0545] {subprocess.py:93} INFO - 	found org.roaringbitmap#shims;0.9.25 in central
[2026-07-18T21:40:54.182+0545] {subprocess.py:93} INFO - 	found io.delta#delta-kernel-defaults;4.3.1 in central
[2026-07-18T21:40:54.202+0545] {subprocess.py:93} INFO - 	found org.apache.hadoop#hadoop-client-runtime;3.4.2 in central
[2026-07-18T21:40:54.218+0545] {subprocess.py:93} INFO - 	found org.apache.parquet#parquet-hadoop;1.16.0 in central
[2026-07-18T21:40:54.233+0545] {subprocess.py:93} INFO - 	found org.apache.parquet#parquet-column;1.16.0 in central
[2026-07-18T21:40:54.247+0545] {subprocess.py:93} INFO - 	found org.apache.parquet#parquet-common;1.16.0 in central
[2026-07-18T21:40:54.260+0545] {subprocess.py:93} INFO - 	found org.apache.parquet#parquet-format-structures;1.16.0 in central
[2026-07-18T21:40:54.273+0545] {subprocess.py:93} INFO - 	found javax.annotation#javax.annotation-api;1.3.2 in central
[2026-07-18T21:40:54.297+0545] {subprocess.py:93} INFO - 	found org.apache.parquet#parquet-encoding;1.16.0 in central
[2026-07-18T21:40:54.311+0545] {subprocess.py:93} INFO - 	found org.locationtech.jts#jts-core;1.20.0 in central
[2026-07-18T21:40:54.326+0545] {subprocess.py:93} INFO - 	found org.xerial.snappy#snappy-java;1.1.10.7 in central
[2026-07-18T21:40:54.340+0545] {subprocess.py:93} INFO - 	found io.airlift#aircompressor;2.0.2 in central
[2026-07-18T21:40:54.351+0545] {subprocess.py:93} INFO - 	found commons-pool#commons-pool;1.6 in central
[2026-07-18T21:40:54.361+0545] {subprocess.py:93} INFO - 	found com.github.luben#zstd-jni;1.5.7-3 in central
[2026-07-18T21:40:54.378+0545] {subprocess.py:93} INFO - 	found org.apache.hadoop#hadoop-client-api;3.4.2 in central
[2026-07-18T21:40:54.392+0545] {subprocess.py:93} INFO - 	found commons-logging#commons-logging;1.3.0 in central
[2026-07-18T21:40:54.408+0545] {subprocess.py:93} INFO - 	found org.apache.parquet#parquet-jackson;1.16.0 in central
[2026-07-18T21:40:54.417+0545] {subprocess.py:93} INFO - 	found io.delta#delta-kernel-unitycatalog;4.3.1 in central
[2026-07-18T21:40:54.449+0545] {subprocess.py:93} INFO - :: resolution report :: resolve 765ms :: artifacts dl 18ms
[2026-07-18T21:40:54.449+0545] {subprocess.py:93} INFO - 	:: modules in use:
[2026-07-18T21:40:54.458+0545] {subprocess.py:93} INFO - 	com.fasterxml.jackson.core#jackson-annotations;2.13.5 from central in [default]
[2026-07-18T21:40:54.458+0545] {subprocess.py:93} INFO - 	com.fasterxml.jackson.core#jackson-core;2.13.5 from central in [default]
[2026-07-18T21:40:54.458+0545] {subprocess.py:93} INFO - 	com.fasterxml.jackson.core#jackson-databind;2.13.5 from central in [default]
[2026-07-18T21:40:54.459+0545] {subprocess.py:93} INFO - 	com.fasterxml.jackson.datatype#jackson-datatype-jdk8;2.13.5 from central in [default]
[2026-07-18T21:40:54.459+0545] {subprocess.py:93} INFO - 	com.github.luben#zstd-jni;1.5.7-3 from central in [default]
[2026-07-18T21:40:54.459+0545] {subprocess.py:93} INFO - 	com.google.code.findbugs#jsr305;3.0.2 from central in [default]
[2026-07-18T21:40:54.459+0545] {subprocess.py:93} INFO - 	commons-logging#commons-logging;1.3.0 from central in [default]
[2026-07-18T21:40:54.459+0545] {subprocess.py:93} INFO - 	commons-pool#commons-pool;1.6 from central in [default]
[2026-07-18T21:40:54.459+0545] {subprocess.py:93} INFO - 	io.airlift#aircompressor;2.0.2 from central in [default]
[2026-07-18T21:40:54.459+0545] {subprocess.py:93} INFO - 	io.delta#delta-kernel-api;4.3.1 from central in [default]
[2026-07-18T21:40:54.459+0545] {subprocess.py:93} INFO - 	io.delta#delta-kernel-defaults;4.3.1 from central in [default]
[2026-07-18T21:40:54.459+0545] {subprocess.py:93} INFO - 	io.delta#delta-kernel-unitycatalog;4.3.1 from central in [default]
[2026-07-18T21:40:54.459+0545] {subprocess.py:93} INFO - 	io.delta#delta-spark_4.1_2.13;4.3.1 from central in [default]
[2026-07-18T21:40:54.459+0545] {subprocess.py:93} INFO - 	io.delta#delta-storage;4.3.1 from central in [default]
[2026-07-18T21:40:54.459+0545] {subprocess.py:93} INFO - 	io.unitycatalog#unitycatalog-client;0.5.0 from central in [default]
[2026-07-18T21:40:54.460+0545] {subprocess.py:93} INFO - 	io.unitycatalog#unitycatalog-hadoop;0.5.0 from central in [default]
[2026-07-18T21:40:54.460+0545] {subprocess.py:93} INFO - 	javax.annotation#javax.annotation-api;1.3.2 from central in [default]
[2026-07-18T21:40:54.460+0545] {subprocess.py:93} INFO - 	org.apache.hadoop#hadoop-client-api;3.4.2 from central in [default]
[2026-07-18T21:40:54.460+0545] {subprocess.py:93} INFO - 	org.apache.hadoop#hadoop-client-runtime;3.4.2 from central in [default]
[2026-07-18T21:40:54.460+0545] {subprocess.py:93} INFO - 	org.apache.logging.log4j#log4j-api;2.25.3 from central in [default]
[2026-07-18T21:40:54.460+0545] {subprocess.py:93} INFO - 	org.apache.logging.log4j#log4j-core;2.25.3 from central in [default]
[2026-07-18T21:40:54.460+0545] {subprocess.py:93} INFO - 	org.apache.logging.log4j#log4j-slf4j2-impl;2.25.3 from central in [default]
[2026-07-18T21:40:54.460+0545] {subprocess.py:93} INFO - 	org.apache.parquet#parquet-column;1.16.0 from central in [default]
[2026-07-18T21:40:54.460+0545] {subprocess.py:93} INFO - 	org.apache.parquet#parquet-common;1.16.0 from central in [default]
[2026-07-18T21:40:54.460+0545] {subprocess.py:93} INFO - 	org.apache.parquet#parquet-encoding;1.16.0 from central in [default]
[2026-07-18T21:40:54.460+0545] {subprocess.py:93} INFO - 	org.apache.parquet#parquet-format-structures;1.16.0 from central in [default]
[2026-07-18T21:40:54.461+0545] {subprocess.py:93} INFO - 	org.apache.parquet#parquet-hadoop;1.16.0 from central in [default]
[2026-07-18T21:40:54.461+0545] {subprocess.py:93} INFO - 	org.apache.parquet#parquet-jackson;1.16.0 from central in [default]
[2026-07-18T21:40:54.461+0545] {subprocess.py:93} INFO - 	org.locationtech.jts#jts-core;1.20.0 from central in [default]
[2026-07-18T21:40:54.461+0545] {subprocess.py:93} INFO - 	org.roaringbitmap#RoaringBitmap;0.9.25 from central in [default]
[2026-07-18T21:40:54.461+0545] {subprocess.py:93} INFO - 	org.roaringbitmap#shims;0.9.25 from central in [default]
[2026-07-18T21:40:54.461+0545] {subprocess.py:93} INFO - 	org.slf4j#slf4j-api;2.0.13 from central in [default]
[2026-07-18T21:40:54.461+0545] {subprocess.py:93} INFO - 	org.xerial.snappy#snappy-java;1.1.10.7 from central in [default]
[2026-07-18T21:40:54.461+0545] {subprocess.py:93} INFO - 	:: evicted modules:
[2026-07-18T21:40:54.461+0545] {subprocess.py:93} INFO - 	org.slf4j#slf4j-api;2.0.17 by [org.slf4j#slf4j-api;2.0.13] in [default]
[2026-07-18T21:40:54.461+0545] {subprocess.py:93} INFO - 	org.slf4j#slf4j-api;1.7.36 by [org.slf4j#slf4j-api;2.0.13] in [default]
[2026-07-18T21:40:54.461+0545] {subprocess.py:93} INFO - 	org.slf4j#slf4j-api;1.7.33 by [org.slf4j#slf4j-api;2.0.13] in [default]
[2026-07-18T21:40:54.461+0545] {subprocess.py:93} INFO - 	org.xerial.snappy#snappy-java;1.1.10.4 by [org.xerial.snappy#snappy-java;1.1.10.7] in [default]
[2026-07-18T21:40:54.461+0545] {subprocess.py:93} INFO - 	---------------------------------------------------------------------
[2026-07-18T21:40:54.461+0545] {subprocess.py:93} INFO - 	|                  |            modules            ||   artifacts   |
[2026-07-18T21:40:54.461+0545] {subprocess.py:93} INFO - 	|       conf       | number| search|dwnlded|evicted|| number|dwnlded|
[2026-07-18T21:40:54.462+0545] {subprocess.py:93} INFO - 	---------------------------------------------------------------------
[2026-07-18T21:40:54.462+0545] {subprocess.py:93} INFO - 	|      default     |   37  |   0   |   0   |   4   ||   33  |   0   |
[2026-07-18T21:40:54.462+0545] {subprocess.py:93} INFO - 	---------------------------------------------------------------------
[2026-07-18T21:40:54.468+0545] {subprocess.py:93} INFO - :: retrieving :: org.apache.spark#spark-submit-parent-0eab4565-e395-47a4-82f2-f7f2230fe873
[2026-07-18T21:40:54.468+0545] {subprocess.py:93} INFO - 	confs: [default]
[2026-07-18T21:40:54.478+0545] {subprocess.py:93} INFO - 	0 artifacts copied, 33 already retrieved (0kB/10ms)
[2026-07-18T21:40:54.738+0545] {subprocess.py:93} INFO - 26/07/18 21:40:54 WARN NativeCodeLoader: Unable to load native-hadoop library for your platform... using builtin-java classes where applicable
[2026-07-18T21:40:54.985+0545] {subprocess.py:93} INFO - Using Spark's default log4j profile: org/apache/spark/log4j2-defaults.properties
[2026-07-18T21:40:54.985+0545] {subprocess.py:93} INFO - Setting default log level to "WARN".
[2026-07-18T21:40:54.985+0545] {subprocess.py:93} INFO - To adjust logging level use sc.setLogLevel(newLevel). For SparkR, use setLogLevel(newLevel).
[2026-07-18T21:40:56.202+0545] {subprocess.py:93} INFO - 26/07/18 21:40:56 WARN Utils: Service 'SparkUI' could not bind on port 4040. Attempting port 4041.
[2026-07-18T21:41:03.178+0545] {subprocess.py:93} INFO - 26/07/18 21:41:03 WARN WindowExec: No Partition Defined for Window operation! Moving all data to a single partition, this can cause serious performance degradation.
[2026-07-18T21:41:03.231+0545] {subprocess.py:93} INFO - 26/07/18 21:41:03 WARN WindowExec: No Partition Defined for Window operation! Moving all data to a single partition, this can cause serious performance degradation.
[2026-07-18T21:41:03.248+0545] {subprocess.py:93} INFO - 26/07/18 21:41:03 WARN WindowExec: No Partition Defined for Window operation! Moving all data to a single partition, this can cause serious performance degradation.
[2026-07-18T21:41:04.529+0545] {subprocess.py:93} INFO - [Stage 0:===========================================================(1 + 0) / 1]26/07/18 21:41:04 WARN WindowExec: No Partition Defined for Window operation! Moving all data to a single partition, this can cause serious performance degradation.
[2026-07-18T21:41:04.530+0545] {subprocess.py:93} INFO - 26/07/18 21:41:04 WARN WindowExec: No Partition Defined for Window operation! Moving all data to a single partition, this can cause serious performance degradation.
[2026-07-18T21:41:06.524+0545] {subprocess.py:93} INFO -                                                                                 26/07/18 21:41:06 WARN WindowExec: No Partition Defined for Window operation! Moving all data to a single partition, this can cause serious performance degradation.
[2026-07-18T21:41:06.526+0545] {subprocess.py:93} INFO - 26/07/18 21:41:06 WARN WindowExec: No Partition Defined for Window operation! Moving all data to a single partition, this can cause serious performance degradation.
[2026-07-18T21:41:07.244+0545] {subprocess.py:93} INFO - 26/07/18 21:41:07 WARN WindowExec: No Partition Defined for Window operation! Moving all data to a single partition, this can cause serious performance degradation.
[2026-07-18T21:41:07.245+0545] {subprocess.py:93} INFO - 26/07/18 21:41:07 WARN WindowExec: No Partition Defined for Window operation! Moving all data to a single partition, this can cause serious performance degradation.
[2026-07-18T21:41:12.663+0545] {subprocess.py:93} INFO - [Stage 8:>                                                          (0 + 4) / 4]                                                                                26/07/18 21:41:12 WARN SparkStringUtils: Truncated the string representation of a plan since it was too large. This behavior can be adjusted by setting 'spark.sql.debug.maxToStringFields'.
[2026-07-18T21:41:15.527+0545] {subprocess.py:93} INFO - [Stage 11:>                                                       (0 + 12) / 50][Stage 11:=================>                                     (16 + 11) / 50][Stage 11:===================================>                   (32 + 12) / 50]                                                                                Data extracted from Oracle (first 5 rows):
[2026-07-18T21:41:15.527+0545] {subprocess.py:93} INFO - +---+-------------+----------------+------------+-------------+----------------+
[2026-07-18T21:41:15.527+0545] {subprocess.py:93} INFO - | ID| PIXEL_TEMP_C|LAR_PRESSURE_BAR|LV_VOLTAGE_V|HV_CURRENT_UA|COOLING_FLOW_LPM|
[2026-07-18T21:41:15.527+0545] {subprocess.py:93} INFO - +---+-------------+----------------+------------+-------------+----------------+
[2026-07-18T21:41:15.528+0545] {subprocess.py:93} INFO - |  1|-9.7597325893|    1.3214034201|3.2927583253|40.7438324717|   11.8524055483|
[2026-07-18T21:41:15.528+0545] {subprocess.py:93} INFO - |  2|-9.9104251739|    1.3191925962|3.3026283382|40.4408897284|   11.8332562583|
[2026-07-18T21:41:15.528+0545] {subprocess.py:93} INFO - |  3|-9.8567808184|    1.3228460688|3.3012977197|40.4584988574|   11.9115686003|
[2026-07-18T21:41:15.528+0545] {subprocess.py:93} INFO - |  4|-9.9062016427|    1.3177462579|3.2974716507|40.8641386345|   11.9013798527|
[2026-07-18T21:41:15.528+0545] {subprocess.py:93} INFO - |  5|-9.6123437887|    1.3163756582|3.2953771365|40.6205192286|   11.7812616752|
[2026-07-18T21:41:15.528+0545] {subprocess.py:93} INFO - +---+-------------+----------------+------------+-------------+----------------+
[2026-07-18T21:41:15.528+0545] {subprocess.py:93} INFO - only showing top 5 rows
[2026-07-18T21:41:15.528+0545] {subprocess.py:93} INFO - Data successfully written to hdfs://localhost:9000/user/demo/network_data
[2026-07-18T21:41:16.019+0545] {subprocess.py:97} INFO - Command exited with return code 0
[2026-07-18T21:41:16.020+0545] {taskinstance.py:441} INFO - ::group::Post task execution logs
[2026-07-18T21:41:16.060+0545] {taskinstance.py:1206} INFO - Marking task as SUCCESS. dag_id=network_traffic_pipeline, task_id=run_etl, run_id=manual__2026-07-18T15:55:21.131080+00:00, execution_date=20260718T155521, start_date=20260718T155551, end_date=20260718T155616
[2026-07-18T21:41:16.100+0545] {local_task_job_runner.py:243} INFO - Task exited with return code 0
[2026-07-18T21:41:16.121+0545] {taskinstance.py:3503} INFO - 1 downstream tasks scheduled from follow-on schedule check
[2026-07-18T21:41:16.133+0545] {local_task_job_runner.py:222} INFO - ::endgroup::
