[2026-07-19T18:44:01.127+0545] {local_task_job_runner.py:120} INFO - ::group::Pre task execution logs
[2026-07-19T18:44:01.146+0545] {taskinstance.py:2076} INFO - Dependencies all met for dep_context=non-requeueable deps ti=<TaskInstance: network_traffic_pipeline.write_shards.write_seq_shards manual__2026-07-19T12:54:25.194239+00:00 [queued]>
[2026-07-19T18:44:01.151+0545] {taskinstance.py:2076} INFO - Dependencies all met for dep_context=requeueable deps ti=<TaskInstance: network_traffic_pipeline.write_shards.write_seq_shards manual__2026-07-19T12:54:25.194239+00:00 [queued]>
[2026-07-19T18:44:01.152+0545] {taskinstance.py:2306} INFO - Starting attempt 1 of 2
[2026-07-19T18:44:01.165+0545] {taskinstance.py:2330} INFO - Executing <Task(BashOperator): write_shards.write_seq_shards> on 2026-07-19 12:54:25.194239+00:00
[2026-07-19T18:44:01.169+0545] {standard_task_runner.py:64} INFO - Started process 30069 to run task
[2026-07-19T18:44:01.173+0545] {standard_task_runner.py:90} INFO - Running: ['airflow', 'tasks', 'run', 'network_traffic_pipeline', 'write_shards.write_seq_shards', 'manual__2026-07-19T12:54:25.194239+00:00', '--job-id', '12', '--raw', '--subdir', 'DAGS_FOLDER/network_traffic_pipeline_dag.py', '--cfg-path', '/tmp/tmp1vw3xuwf']
[2026-07-19T18:44:01.174+0545] {standard_task_runner.py:91} INFO - Job 12: Subtask write_shards.write_seq_shards
[2026-07-19T18:44:01.206+0545] {task_command.py:426} INFO - Running <TaskInstance: network_traffic_pipeline.write_shards.write_seq_shards manual__2026-07-19T12:54:25.194239+00:00 [running]> on host snigdh-IdeaPad-Slim-3-15IAH8
[2026-07-19T18:44:01.262+0545] {taskinstance.py:2648} INFO - Exporting env vars: AIRFLOW_CTX_DAG_OWNER='you' AIRFLOW_CTX_DAG_ID='network_traffic_pipeline' AIRFLOW_CTX_TASK_ID='write_shards.write_seq_shards' AIRFLOW_CTX_EXECUTION_DATE='2026-07-19T12:54:25.194239+00:00' AIRFLOW_CTX_TRY_NUMBER='1' AIRFLOW_CTX_DAG_RUN_ID='manual__2026-07-19T12:54:25.194239+00:00'
[2026-07-19T18:44:01.263+0545] {taskinstance.py:430} INFO - ::endgroup::
[2026-07-19T18:44:01.264+0545] {subprocess.py:63} INFO - Tmp dir root location: /tmp
[2026-07-19T18:44:01.264+0545] {subprocess.py:75} INFO - Running command: ['/usr/bin/bash', '-c', 'cd /home/snigdh/repos/bigData && docker-compose exec spark-master /opt/spark/bin/spark-submit --master spark://localhost:7077 --py-files /app/common.py --conf spark.ui.port=4040 --conf spark.sql.extensions=io.delta.sql.DeltaSparkSessionExtension --conf spark.sql.catalog.spark_catalog=org.apache.spark.sql.delta.catalog.DeltaCatalog /app/task_write_seq_shards.py']
[2026-07-19T18:44:01.275+0545] {subprocess.py:86} INFO - Output:
[2026-07-19T18:44:13.820+0545] {subprocess.py:93} INFO - 26/07/19 12:59:13 INFO SparkContext: Running Spark version 3.5.0
[2026-07-19T18:44:13.823+0545] {subprocess.py:93} INFO - 26/07/19 12:59:13 INFO SparkContext: OS info Linux, 6.8.0-136-generic, amd64
[2026-07-19T18:44:13.824+0545] {subprocess.py:93} INFO - 26/07/19 12:59:13 INFO SparkContext: Java version 11.0.20.1
[2026-07-19T18:44:13.924+0545] {subprocess.py:93} INFO - 26/07/19 12:59:13 INFO ResourceUtils: ==============================================================
[2026-07-19T18:44:13.925+0545] {subprocess.py:93} INFO - 26/07/19 12:59:13 INFO ResourceUtils: No custom resources configured for spark.driver.
[2026-07-19T18:44:13.925+0545] {subprocess.py:93} INFO - 26/07/19 12:59:13 INFO ResourceUtils: ==============================================================
[2026-07-19T18:44:14.002+0545] {subprocess.py:93} INFO - 26/07/19 12:59:14 INFO SparkContext: Submitted application: anomaly_write_seq_shards
[2026-07-19T18:44:14.026+0545] {subprocess.py:93} INFO - 26/07/19 12:59:14 INFO ResourceProfile: Default ResourceProfile created, executor resources: Map(memory -> name: memory, amount: 1024, script: , vendor: , offHeap -> name: offHeap, amount: 0, script: , vendor: ), task resources: Map(cpus -> name: cpus, amount: 1.0)
[2026-07-19T18:44:14.111+0545] {subprocess.py:93} INFO - 26/07/19 12:59:14 INFO ResourceProfile: Limiting resource is cpu
[2026-07-19T18:44:14.112+0545] {subprocess.py:93} INFO - 26/07/19 12:59:14 INFO ResourceProfileManager: Added ResourceProfile id: 0
[2026-07-19T18:44:14.302+0545] {subprocess.py:93} INFO - 26/07/19 12:59:14 INFO SecurityManager: Changing view acls to: spark
[2026-07-19T18:44:14.303+0545] {subprocess.py:93} INFO - 26/07/19 12:59:14 INFO SecurityManager: Changing modify acls to: spark
[2026-07-19T18:44:14.304+0545] {subprocess.py:93} INFO - 26/07/19 12:59:14 INFO SecurityManager: Changing view acls groups to:
[2026-07-19T18:44:14.305+0545] {subprocess.py:93} INFO - 26/07/19 12:59:14 INFO SecurityManager: Changing modify acls groups to:
[2026-07-19T18:44:14.306+0545] {subprocess.py:93} INFO - 26/07/19 12:59:14 INFO SecurityManager: SecurityManager: authentication disabled; ui acls disabled; users with view permissions: spark; groups with view permissions: EMPTY; users with modify permissions: spark; groups with modify permissions: EMPTY
[2026-07-19T18:44:15.021+0545] {subprocess.py:93} INFO - 26/07/19 12:59:15 INFO Utils: Successfully started service 'sparkDriver' on port 41853.
[2026-07-19T18:44:15.124+0545] {subprocess.py:93} INFO - 26/07/19 12:59:15 INFO SparkEnv: Registering MapOutputTracker
[2026-07-19T18:44:15.310+0545] {subprocess.py:93} INFO - 26/07/19 12:59:15 INFO SparkEnv: Registering BlockManagerMaster
[2026-07-19T18:44:15.404+0545] {subprocess.py:93} INFO - 26/07/19 12:59:15 INFO BlockManagerMasterEndpoint: Using org.apache.spark.storage.DefaultTopologyMapper for getting topology information
[2026-07-19T18:44:15.405+0545] {subprocess.py:93} INFO - 26/07/19 12:59:15 INFO BlockManagerMasterEndpoint: BlockManagerMasterEndpoint up
[2026-07-19T18:44:15.412+0545] {subprocess.py:93} INFO - 26/07/19 12:59:15 INFO SparkEnv: Registering BlockManagerMasterHeartbeat
[2026-07-19T18:44:15.509+0545] {subprocess.py:93} INFO - 26/07/19 12:59:15 INFO DiskBlockManager: Created local directory at /tmp/blockmgr-15b5c7e4-b22e-4802-894e-67d17cd45df0
[2026-07-19T18:44:15.521+0545] {subprocess.py:93} INFO - 26/07/19 12:59:15 INFO MemoryStore: MemoryStore started with capacity 413.9 MiB
[2026-07-19T18:44:15.618+0545] {subprocess.py:93} INFO - 26/07/19 12:59:15 INFO SparkEnv: Registering OutputCommitCoordinator
[2026-07-19T18:44:16.016+0545] {subprocess.py:93} INFO - 26/07/19 12:59:16 INFO JettyUtils: Start Jetty 0.0.0.0:4040 for SparkUI
[2026-07-19T18:44:16.118+0545] {subprocess.py:93} INFO - 26/07/19 12:59:16 INFO Utils: Successfully started service 'SparkUI' on port 4040.
[2026-07-19T18:44:16.219+0545] {subprocess.py:93} INFO - 26/07/19 12:59:16 INFO SparkContext: Added file file:///app/common.py at spark://4ea06c45d400:41853/files/common.py with timestamp 1784465953806
[2026-07-19T18:44:16.219+0545] {subprocess.py:93} INFO - 26/07/19 12:59:16 INFO Utils: Copying /app/common.py to /tmp/spark-bf613ec6-e9f7-46a2-9385-7de6ab4553ad/userFiles-c57d7282-3dd8-43e3-b21d-5afe2121a7f6/common.py
[2026-07-19T18:44:16.714+0545] {subprocess.py:93} INFO - 26/07/19 12:59:16 INFO StandaloneAppClient$ClientEndpoint: Connecting to master spark://localhost:7077...
[2026-07-19T18:44:16.920+0545] {subprocess.py:93} INFO - 26/07/19 12:59:16 INFO TransportClientFactory: Successfully created connection to localhost/127.0.0.1:7077 after 102 ms (0 ms spent in bootstraps)
[2026-07-19T18:44:17.403+0545] {subprocess.py:93} INFO - 26/07/19 12:59:17 INFO StandaloneSchedulerBackend: Connected to Spark cluster with app ID app-20260719125917-0002
[2026-07-19T18:44:17.406+0545] {subprocess.py:93} INFO - 26/07/19 12:59:17 INFO StandaloneAppClient$ClientEndpoint: Executor added: app-20260719125917-0002/0 on worker-20260719125443-spark-worker2-8083 (spark-worker2:8083) with 1 core(s)
[2026-07-19T18:44:17.407+0545] {subprocess.py:93} INFO - 26/07/19 12:59:17 INFO StandaloneSchedulerBackend: Granted executor ID app-20260719125917-0002/0 on hostPort spark-worker2:8083 with 1 core(s), 1024.0 MiB RAM
[2026-07-19T18:44:17.408+0545] {subprocess.py:93} INFO - 26/07/19 12:59:17 INFO StandaloneAppClient$ClientEndpoint: Executor added: app-20260719125917-0002/1 on worker-20260719125443-spark-worker1-8081 (spark-worker1:8081) with 1 core(s)
[2026-07-19T18:44:17.408+0545] {subprocess.py:93} INFO - 26/07/19 12:59:17 INFO StandaloneSchedulerBackend: Granted executor ID app-20260719125917-0002/1 on hostPort spark-worker1:8081 with 1 core(s), 1024.0 MiB RAM
[2026-07-19T18:44:17.507+0545] {subprocess.py:93} INFO - 26/07/19 12:59:17 INFO Utils: Successfully started service 'org.apache.spark.network.netty.NettyBlockTransferService' on port 43721.
[2026-07-19T18:44:17.507+0545] {subprocess.py:93} INFO - 26/07/19 12:59:17 INFO NettyBlockTransferService: Server created on 4ea06c45d400:43721
[2026-07-19T18:44:17.509+0545] {subprocess.py:93} INFO - 26/07/19 12:59:17 INFO BlockManager: Using org.apache.spark.storage.RandomBlockReplicationPolicy for block replication policy
[2026-07-19T18:44:17.602+0545] {subprocess.py:93} INFO - 26/07/19 12:59:17 INFO StandaloneAppClient$ClientEndpoint: Executor updated: app-20260719125917-0002/0 is now RUNNING
[2026-07-19T18:44:17.602+0545] {subprocess.py:93} INFO - 26/07/19 12:59:17 INFO StandaloneAppClient$ClientEndpoint: Executor updated: app-20260719125917-0002/1 is now RUNNING
[2026-07-19T18:44:17.607+0545] {subprocess.py:93} INFO - 26/07/19 12:59:17 INFO BlockManagerMaster: Registering BlockManager BlockManagerId(driver, 4ea06c45d400, 43721, None)
[2026-07-19T18:44:17.611+0545] {subprocess.py:93} INFO - 26/07/19 12:59:17 INFO BlockManagerMasterEndpoint: Registering block manager 4ea06c45d400:43721 with 413.9 MiB RAM, BlockManagerId(driver, 4ea06c45d400, 43721, None)
[2026-07-19T18:44:17.614+0545] {subprocess.py:93} INFO - 26/07/19 12:59:17 INFO BlockManagerMaster: Registered BlockManager BlockManagerId(driver, 4ea06c45d400, 43721, None)
[2026-07-19T18:44:17.615+0545] {subprocess.py:93} INFO - 26/07/19 12:59:17 INFO BlockManager: Initialized BlockManager: BlockManagerId(driver, 4ea06c45d400, 43721, None)
[2026-07-19T18:44:18.414+0545] {subprocess.py:93} INFO - 26/07/19 12:59:18 INFO StandaloneSchedulerBackend: SchedulerBackend is ready for scheduling beginning after reached minRegisteredResourcesRatio: 0.0
[2026-07-19T18:44:50.619+0545] {subprocess.py:93} INFO - 26/07/19 12:59:50 WARN SparkStringUtils: Truncated the string representation of a plan since it was too large. This behavior can be adjusted by setting 'spark.sql.debug.maxToStringFields'.
[2026-07-19T18:45:28.817+0545] {subprocess.py:93} INFO - 26/07/19 13:00:28 WARN WindowExec: No Partition Defined for Window operation! Moving all data to a single partition, this can cause serious performance degradation.
[2026-07-19T18:45:28.818+0545] {subprocess.py:93} INFO - 26/07/19 13:00:28 WARN WindowExec: No Partition Defined for Window operation! Moving all data to a single partition, this can cause serious performance degradation.
[2026-07-19T18:45:28.819+0545] {subprocess.py:93} INFO - 26/07/19 13:00:28 WARN WindowExec: No Partition Defined for Window operation! Moving all data to a single partition, this can cause serious performance degradation.
[2026-07-19T18:45:34.097+0545] {subprocess.py:93} INFO - 26/07/19 13:00:34 WARN WindowExec: No Partition Defined for Window operation! Moving all data to a single partition, this can cause serious performance degradation.
[2026-07-19T18:45:34.098+0545] {subprocess.py:93} INFO - 26/07/19 13:00:34 WARN WindowExec: No Partition Defined for Window operation! Moving all data to a single partition, this can cause serious performance degradation.
[2026-07-19T18:45:37.921+0545] {subprocess.py:93} INFO - [Driver] Wrote 2 contiguous ID-ordered shards (10000 rows) -> hdfs://namenode:9000/user/demo/_torch_seq_shards
[2026-07-19T18:45:39.718+0545] {subprocess.py:97} INFO - Command exited with return code 0
[2026-07-19T18:45:39.719+0545] {taskinstance.py:441} INFO - ::group::Post task execution logs
[2026-07-19T18:45:39.733+0545] {taskinstance.py:1206} INFO - Marking task as SUCCESS. dag_id=network_traffic_pipeline, task_id=write_shards.write_seq_shards, run_id=manual__2026-07-19T12:54:25.194239+00:00, execution_date=20260719T125425, start_date=20260719T125901, end_date=20260719T130039
[2026-07-19T18:45:39.783+0545] {local_task_job_runner.py:243} INFO - Task exited with return code 0
[2026-07-19T18:45:39.798+0545] {taskinstance.py:3503} INFO - 2 downstream tasks scheduled from follow-on schedule check
[2026-07-19T18:45:39.802+0545] {local_task_job_runner.py:222} INFO - ::endgroup::
