[2026-07-19T19:43:22.170+0545] {local_task_job_runner.py:120} INFO - ::group::Pre task execution logs
[2026-07-19T19:43:22.188+0545] {taskinstance.py:2076} INFO - Dependencies all met for dep_context=non-requeueable deps ti=<TaskInstance: network_traffic_pipeline.partition_local_models.dbscan manual__2026-07-19T13:45:00.072255+00:00 [queued]>
[2026-07-19T19:43:22.193+0545] {taskinstance.py:2076} INFO - Dependencies all met for dep_context=requeueable deps ti=<TaskInstance: network_traffic_pipeline.partition_local_models.dbscan manual__2026-07-19T13:45:00.072255+00:00 [queued]>
[2026-07-19T19:43:22.194+0545] {taskinstance.py:2306} INFO - Starting attempt 1 of 2
[2026-07-19T19:43:22.205+0545] {taskinstance.py:2330} INFO - Executing <Task(BashOperator): partition_local_models.dbscan> on 2026-07-19 13:45:00.072255+00:00
[2026-07-19T19:43:22.210+0545] {standard_task_runner.py:64} INFO - Started process 78262 to run task
[2026-07-19T19:43:22.212+0545] {standard_task_runner.py:90} INFO - Running: ['airflow', 'tasks', 'run', 'network_traffic_pipeline', 'partition_local_models.dbscan', 'manual__2026-07-19T13:45:00.072255+00:00', '--job-id', '50', '--raw', '--subdir', 'DAGS_FOLDER/network_traffic_pipeline_dag.py', '--cfg-path', '/tmp/tmpbh725bn4']
[2026-07-19T19:43:22.214+0545] {standard_task_runner.py:91} INFO - Job 50: Subtask partition_local_models.dbscan
[2026-07-19T19:43:22.247+0545] {task_command.py:426} INFO - Running <TaskInstance: network_traffic_pipeline.partition_local_models.dbscan manual__2026-07-19T13:45:00.072255+00:00 [running]> on host snigdh-IdeaPad-Slim-3-15IAH8
[2026-07-19T19:43:22.297+0545] {taskinstance.py:2648} INFO - Exporting env vars: AIRFLOW_CTX_DAG_OWNER='you' AIRFLOW_CTX_DAG_ID='network_traffic_pipeline' AIRFLOW_CTX_TASK_ID='partition_local_models.dbscan' AIRFLOW_CTX_EXECUTION_DATE='2026-07-19T13:45:00.072255+00:00' AIRFLOW_CTX_TRY_NUMBER='1' AIRFLOW_CTX_DAG_RUN_ID='manual__2026-07-19T13:45:00.072255+00:00'
[2026-07-19T19:43:22.298+0545] {taskinstance.py:430} INFO - ::endgroup::
[2026-07-19T19:43:22.299+0545] {subprocess.py:63} INFO - Tmp dir root location: /tmp
[2026-07-19T19:43:22.299+0545] {subprocess.py:75} INFO - Running command: ['/usr/bin/bash', '-c', 'cd /home/snigdh/repos/bigData && docker-compose exec spark-master /opt/spark/bin/spark-submit --master spark://localhost:7077 --py-files /app/common.py --conf spark.ui.port=4040 --conf spark.sql.extensions=io.delta.sql.DeltaSparkSessionExtension --conf spark.sql.catalog.spark_catalog=org.apache.spark.sql.delta.catalog.DeltaCatalog /app/task_dbscan.py']
[2026-07-19T19:43:22.310+0545] {subprocess.py:86} INFO - Output:
[2026-07-19T19:43:34.421+0545] {subprocess.py:93} INFO - 26/07/19 13:58:34 INFO SparkContext: Running Spark version 3.5.0
[2026-07-19T19:43:34.422+0545] {subprocess.py:93} INFO - 26/07/19 13:58:34 INFO SparkContext: OS info Linux, 6.8.0-136-generic, amd64
[2026-07-19T19:43:34.422+0545] {subprocess.py:93} INFO - 26/07/19 13:58:34 INFO SparkContext: Java version 11.0.20.1
[2026-07-19T19:43:34.598+0545] {subprocess.py:93} INFO - 26/07/19 13:58:34 INFO ResourceUtils: ==============================================================
[2026-07-19T19:43:34.599+0545] {subprocess.py:93} INFO - 26/07/19 13:58:34 INFO ResourceUtils: No custom resources configured for spark.driver.
[2026-07-19T19:43:34.600+0545] {subprocess.py:93} INFO - 26/07/19 13:58:34 INFO ResourceUtils: ==============================================================
[2026-07-19T19:43:34.601+0545] {subprocess.py:93} INFO - 26/07/19 13:58:34 INFO SparkContext: Submitted application: anomaly_dbscan
[2026-07-19T19:43:34.697+0545] {subprocess.py:93} INFO - 26/07/19 13:58:34 INFO ResourceProfile: Default ResourceProfile created, executor resources: Map(memory -> name: memory, amount: 1024, script: , vendor: , offHeap -> name: offHeap, amount: 0, script: , vendor: ), task resources: Map(cpus -> name: cpus, amount: 1.0)
[2026-07-19T19:43:34.711+0545] {subprocess.py:93} INFO - 26/07/19 13:58:34 INFO ResourceProfile: Limiting resource is cpu
[2026-07-19T19:43:34.711+0545] {subprocess.py:93} INFO - 26/07/19 13:58:34 INFO ResourceProfileManager: Added ResourceProfile id: 0
[2026-07-19T19:43:34.907+0545] {subprocess.py:93} INFO - 26/07/19 13:58:34 INFO SecurityManager: Changing view acls to: spark
[2026-07-19T19:43:34.908+0545] {subprocess.py:93} INFO - 26/07/19 13:58:34 INFO SecurityManager: Changing modify acls to: spark
[2026-07-19T19:43:34.908+0545] {subprocess.py:93} INFO - 26/07/19 13:58:34 INFO SecurityManager: Changing view acls groups to:
[2026-07-19T19:43:34.909+0545] {subprocess.py:93} INFO - 26/07/19 13:58:34 INFO SecurityManager: Changing modify acls groups to:
[2026-07-19T19:43:34.909+0545] {subprocess.py:93} INFO - 26/07/19 13:58:34 INFO SecurityManager: SecurityManager: authentication disabled; ui acls disabled; users with view permissions: spark; groups with view permissions: EMPTY; users with modify permissions: spark; groups with modify permissions: EMPTY
[2026-07-19T19:43:35.526+0545] {subprocess.py:93} INFO - 26/07/19 13:58:35 INFO Utils: Successfully started service 'sparkDriver' on port 34689.
[2026-07-19T19:43:35.620+0545] {subprocess.py:93} INFO - 26/07/19 13:58:35 INFO SparkEnv: Registering MapOutputTracker
[2026-07-19T19:43:35.820+0545] {subprocess.py:93} INFO - 26/07/19 13:58:35 INFO SparkEnv: Registering BlockManagerMaster
[2026-07-19T19:43:35.907+0545] {subprocess.py:93} INFO - 26/07/19 13:58:35 INFO BlockManagerMasterEndpoint: Using org.apache.spark.storage.DefaultTopologyMapper for getting topology information
[2026-07-19T19:43:35.907+0545] {subprocess.py:93} INFO - 26/07/19 13:58:35 INFO BlockManagerMasterEndpoint: BlockManagerMasterEndpoint up
[2026-07-19T19:43:35.910+0545] {subprocess.py:93} INFO - 26/07/19 13:58:35 INFO SparkEnv: Registering BlockManagerMasterHeartbeat
[2026-07-19T19:43:36.009+0545] {subprocess.py:93} INFO - 26/07/19 13:58:36 INFO DiskBlockManager: Created local directory at /tmp/blockmgr-cac5649a-3c95-4f17-8240-b968f2c1df5d
[2026-07-19T19:43:36.098+0545] {subprocess.py:93} INFO - 26/07/19 13:58:36 INFO MemoryStore: MemoryStore started with capacity 413.9 MiB
[2026-07-19T19:43:36.115+0545] {subprocess.py:93} INFO - 26/07/19 13:58:36 INFO SparkEnv: Registering OutputCommitCoordinator
[2026-07-19T19:43:36.511+0545] {subprocess.py:93} INFO - 26/07/19 13:58:36 INFO JettyUtils: Start Jetty 0.0.0.0:4040 for SparkUI
[2026-07-19T19:43:36.620+0545] {subprocess.py:93} INFO - 26/07/19 13:58:36 INFO Utils: Successfully started service 'SparkUI' on port 4040.
[2026-07-19T19:43:36.724+0545] {subprocess.py:93} INFO - 26/07/19 13:58:36 INFO SparkContext: Added file file:///app/common.py at spark://7aa1691b5e48:34689/files/common.py with timestamp 1784469514407
[2026-07-19T19:43:36.725+0545] {subprocess.py:93} INFO - 26/07/19 13:58:36 INFO Utils: Copying /app/common.py to /tmp/spark-c0643860-107d-4f20-98d5-a8dbabb281ea/userFiles-45901e6a-6ea3-48d2-9b84-64642d7d79a6/common.py
[2026-07-19T19:43:37.311+0545] {subprocess.py:93} INFO - 26/07/19 13:58:37 INFO StandaloneAppClient$ClientEndpoint: Connecting to master spark://localhost:7077...
[2026-07-19T19:43:37.518+0545] {subprocess.py:93} INFO - 26/07/19 13:58:37 INFO TransportClientFactory: Successfully created connection to localhost/127.0.0.1:7077 after 107 ms (0 ms spent in bootstraps)
[2026-07-19T19:43:37.810+0545] {subprocess.py:93} INFO - 26/07/19 13:58:37 INFO StandaloneSchedulerBackend: Connected to Spark cluster with app ID app-20260719135837-0006
[2026-07-19T19:43:37.897+0545] {subprocess.py:93} INFO - 26/07/19 13:58:37 INFO StandaloneAppClient$ClientEndpoint: Executor added: app-20260719135837-0006/0 on worker-20260719134303-spark-worker2-8083 (spark-worker2:8083) with 1 core(s)
[2026-07-19T19:43:37.901+0545] {subprocess.py:93} INFO - 26/07/19 13:58:37 INFO StandaloneSchedulerBackend: Granted executor ID app-20260719135837-0006/0 on hostPort spark-worker2:8083 with 1 core(s), 1024.0 MiB RAM
[2026-07-19T19:43:37.902+0545] {subprocess.py:93} INFO - 26/07/19 13:58:37 INFO StandaloneAppClient$ClientEndpoint: Executor added: app-20260719135837-0006/1 on worker-20260719134303-spark-worker1-8081 (spark-worker1:8081) with 1 core(s)
[2026-07-19T19:43:37.902+0545] {subprocess.py:93} INFO - 26/07/19 13:58:37 INFO StandaloneSchedulerBackend: Granted executor ID app-20260719135837-0006/1 on hostPort spark-worker1:8081 with 1 core(s), 1024.0 MiB RAM
[2026-07-19T19:43:37.998+0545] {subprocess.py:93} INFO - 26/07/19 13:58:37 INFO Utils: Successfully started service 'org.apache.spark.network.netty.NettyBlockTransferService' on port 39213.
[2026-07-19T19:43:37.999+0545] {subprocess.py:93} INFO - 26/07/19 13:58:37 INFO NettyBlockTransferService: Server created on 7aa1691b5e48:39213
[2026-07-19T19:43:37.999+0545] {subprocess.py:93} INFO - 26/07/19 13:58:37 INFO StandaloneAppClient$ClientEndpoint: Executor updated: app-20260719135837-0006/1 is now RUNNING
[2026-07-19T19:43:37.999+0545] {subprocess.py:93} INFO - 26/07/19 13:58:37 INFO StandaloneAppClient$ClientEndpoint: Executor updated: app-20260719135837-0006/0 is now RUNNING
[2026-07-19T19:43:38.001+0545] {subprocess.py:93} INFO - 26/07/19 13:58:38 INFO BlockManager: Using org.apache.spark.storage.RandomBlockReplicationPolicy for block replication policy
[2026-07-19T19:43:38.006+0545] {subprocess.py:93} INFO - 26/07/19 13:58:38 INFO BlockManagerMaster: Registering BlockManager BlockManagerId(driver, 7aa1691b5e48, 39213, None)
[2026-07-19T19:43:38.009+0545] {subprocess.py:93} INFO - 26/07/19 13:58:38 INFO BlockManagerMasterEndpoint: Registering block manager 7aa1691b5e48:39213 with 413.9 MiB RAM, BlockManagerId(driver, 7aa1691b5e48, 39213, None)
[2026-07-19T19:43:38.011+0545] {subprocess.py:93} INFO - 26/07/19 13:58:38 INFO BlockManagerMaster: Registered BlockManager BlockManagerId(driver, 7aa1691b5e48, 39213, None)
[2026-07-19T19:43:38.012+0545] {subprocess.py:93} INFO - 26/07/19 13:58:38 INFO BlockManager: Initialized BlockManager: BlockManagerId(driver, 7aa1691b5e48, 39213, None)
[2026-07-19T19:43:38.704+0545] {subprocess.py:93} INFO - 26/07/19 13:58:38 INFO StandaloneSchedulerBackend: SchedulerBackend is ready for scheduling beginning after reached minRegisteredResourcesRatio: 0.0
[2026-07-19T19:44:11.514+0545] {subprocess.py:93} INFO - 26/07/19 13:59:11 WARN SparkStringUtils: Truncated the string representation of a plan since it was too large. This behavior can be adjusted by setting 'spark.sql.debug.maxToStringFields'.
[2026-07-19T19:44:52.709+0545] {subprocess.py:93} INFO - [Driver] DBSCAN eps=0.8907 (from a 5000-row sample), min_samples=15
[2026-07-19T19:44:52.719+0545] {subprocess.py:93} INFO - [Spark] Fitting 2 local DBSCAN models in parallel across the cluster...
[2026-07-19T19:45:01.717+0545] {subprocess.py:93} INFO - [Driver] Merged 9708 core points from 2 parallel partitions.
[2026-07-19T19:45:13.207+0545] {subprocess.py:93} INFO - [Driver] Wrote 'dbscan' output -> hdfs://namenode:9000/user/demo/_scores/dbscan
[2026-07-19T19:45:15.894+0545] {subprocess.py:97} INFO - Command exited with return code 0
[2026-07-19T19:45:15.895+0545] {taskinstance.py:441} INFO - ::group::Post task execution logs
[2026-07-19T19:45:15.909+0545] {taskinstance.py:1206} INFO - Marking task as SUCCESS. dag_id=network_traffic_pipeline, task_id=partition_local_models.dbscan, run_id=manual__2026-07-19T13:45:00.072255+00:00, execution_date=20260719T134500, start_date=20260719T135822, end_date=20260719T140015
[2026-07-19T19:45:15.951+0545] {local_task_job_runner.py:243} INFO - Task exited with return code 0
[2026-07-19T19:45:15.967+0545] {taskinstance.py:3503} INFO - 0 downstream tasks scheduled from follow-on schedule check
[2026-07-19T19:45:15.967+0545] {local_task_job_runner.py:222} INFO - ::endgroup::
