[2026-07-20T20:47:08.485+0545] {local_task_job_runner.py:120} INFO - ::group::Pre task execution logs
[2026-07-20T20:47:08.501+0545] {taskinstance.py:2076} INFO - Dependencies all met for dep_context=non-requeueable deps ti=<TaskInstance: network_traffic_pipeline.ensemble_report manual__2026-07-20T02:23:05.960611+00:00 [queued]>
[2026-07-20T20:47:08.507+0545] {taskinstance.py:2076} INFO - Dependencies all met for dep_context=requeueable deps ti=<TaskInstance: network_traffic_pipeline.ensemble_report manual__2026-07-20T02:23:05.960611+00:00 [queued]>
[2026-07-20T20:47:08.507+0545] {taskinstance.py:2306} INFO - Starting attempt 1 of 2
[2026-07-20T20:47:08.519+0545] {taskinstance.py:2330} INFO - Executing <Task(BashOperator): ensemble_report> on 2026-07-20 02:23:05.960611+00:00
[2026-07-20T20:47:08.523+0545] {standard_task_runner.py:64} INFO - Started process 82332 to run task
[2026-07-20T20:47:08.526+0545] {standard_task_runner.py:90} INFO - Running: ['airflow', 'tasks', 'run', 'network_traffic_pipeline', 'ensemble_report', 'manual__2026-07-20T02:23:05.960611+00:00', '--job-id', '85', '--raw', '--subdir', 'DAGS_FOLDER/network_traffic_pipeline_dag.py', '--cfg-path', '/tmp/tmp4drr7qfe']
[2026-07-20T20:47:08.527+0545] {standard_task_runner.py:91} INFO - Job 85: Subtask ensemble_report
[2026-07-20T20:47:08.556+0545] {task_command.py:426} INFO - Running <TaskInstance: network_traffic_pipeline.ensemble_report manual__2026-07-20T02:23:05.960611+00:00 [running]> on host snigdh-IdeaPad-Slim-3-15IAH8
[2026-07-20T20:47:08.606+0545] {taskinstance.py:2648} INFO - Exporting env vars: AIRFLOW_CTX_DAG_OWNER='you' AIRFLOW_CTX_DAG_ID='network_traffic_pipeline' AIRFLOW_CTX_TASK_ID='ensemble_report' AIRFLOW_CTX_EXECUTION_DATE='2026-07-20T02:23:05.960611+00:00' AIRFLOW_CTX_TRY_NUMBER='1' AIRFLOW_CTX_DAG_RUN_ID='manual__2026-07-20T02:23:05.960611+00:00'
[2026-07-20T20:47:08.607+0545] {taskinstance.py:430} INFO - ::endgroup::
[2026-07-20T20:47:08.607+0545] {subprocess.py:63} INFO - Tmp dir root location: /tmp
[2026-07-20T20:47:08.608+0545] {subprocess.py:75} INFO - Running command: ['/usr/bin/bash', '-c', 'cd /home/snigdh/repos/bigData && docker-compose exec spark-master /opt/spark/bin/spark-submit --master spark://localhost:7077 --py-files /app/common.py --conf spark.ui.port=4040 --conf spark.sql.extensions=io.delta.sql.DeltaSparkSessionExtension --conf spark.sql.catalog.spark_catalog=org.apache.spark.sql.delta.catalog.DeltaCatalog /app/task_ensemble_report.py']
[2026-07-20T20:47:08.618+0545] {subprocess.py:86} INFO - Output:
[2026-07-20T20:47:19.874+0545] {subprocess.py:93} INFO - 26/07/20 15:02:19 INFO SparkContext: Running Spark version 3.5.0
[2026-07-20T20:47:19.876+0545] {subprocess.py:93} INFO - 26/07/20 15:02:19 INFO SparkContext: OS info Linux, 6.8.0-136-generic, amd64
[2026-07-20T20:47:19.876+0545] {subprocess.py:93} INFO - 26/07/20 15:02:19 INFO SparkContext: Java version 11.0.20.1
[2026-07-20T20:47:19.966+0545] {subprocess.py:93} INFO - 26/07/20 15:02:19 INFO ResourceUtils: ==============================================================
[2026-07-20T20:47:19.966+0545] {subprocess.py:93} INFO - 26/07/20 15:02:19 INFO ResourceUtils: No custom resources configured for spark.driver.
[2026-07-20T20:47:19.966+0545] {subprocess.py:93} INFO - 26/07/20 15:02:19 INFO ResourceUtils: ==============================================================
[2026-07-20T20:47:19.967+0545] {subprocess.py:93} INFO - 26/07/20 15:02:19 INFO SparkContext: Submitted application: anomaly_ensemble_report
[2026-07-20T20:47:20.070+0545] {subprocess.py:93} INFO - 26/07/20 15:02:20 INFO ResourceProfile: Default ResourceProfile created, executor resources: Map(memory -> name: memory, amount: 1024, script: , vendor: , offHeap -> name: offHeap, amount: 0, script: , vendor: ), task resources: Map(cpus -> name: cpus, amount: 1.0)
[2026-07-20T20:47:20.079+0545] {subprocess.py:93} INFO - 26/07/20 15:02:20 INFO ResourceProfile: Limiting resource is cpu
[2026-07-20T20:47:20.080+0545] {subprocess.py:93} INFO - 26/07/20 15:02:20 INFO ResourceProfileManager: Added ResourceProfile id: 0
[2026-07-20T20:47:20.270+0545] {subprocess.py:93} INFO - 26/07/20 15:02:20 INFO SecurityManager: Changing view acls to: spark
[2026-07-20T20:47:20.270+0545] {subprocess.py:93} INFO - 26/07/20 15:02:20 INFO SecurityManager: Changing modify acls to: spark
[2026-07-20T20:47:20.270+0545] {subprocess.py:93} INFO - 26/07/20 15:02:20 INFO SecurityManager: Changing view acls groups to:
[2026-07-20T20:47:20.270+0545] {subprocess.py:93} INFO - 26/07/20 15:02:20 INFO SecurityManager: Changing modify acls groups to:
[2026-07-20T20:47:20.270+0545] {subprocess.py:93} INFO - 26/07/20 15:02:20 INFO SecurityManager: SecurityManager: authentication disabled; ui acls disabled; users with view permissions: spark; groups with view permissions: EMPTY; users with modify permissions: spark; groups with modify permissions: EMPTY
[2026-07-20T20:47:20.962+0545] {subprocess.py:93} INFO - 26/07/20 15:02:20 INFO Utils: Successfully started service 'sparkDriver' on port 36603.
[2026-07-20T20:47:21.064+0545] {subprocess.py:93} INFO - 26/07/20 15:02:21 INFO SparkEnv: Registering MapOutputTracker
[2026-07-20T20:47:21.183+0545] {subprocess.py:93} INFO - 26/07/20 15:02:21 INFO SparkEnv: Registering BlockManagerMaster
[2026-07-20T20:47:21.263+0545] {subprocess.py:93} INFO - 26/07/20 15:02:21 INFO BlockManagerMasterEndpoint: Using org.apache.spark.storage.DefaultTopologyMapper for getting topology information
[2026-07-20T20:47:21.264+0545] {subprocess.py:93} INFO - 26/07/20 15:02:21 INFO BlockManagerMasterEndpoint: BlockManagerMasterEndpoint up
[2026-07-20T20:47:21.266+0545] {subprocess.py:93} INFO - 26/07/20 15:02:21 INFO SparkEnv: Registering BlockManagerMasterHeartbeat
[2026-07-20T20:47:21.276+0545] {subprocess.py:93} INFO - 26/07/20 15:02:21 INFO DiskBlockManager: Created local directory at /tmp/blockmgr-a5d088c7-ab8b-4abd-a377-dc1fa09260c5
[2026-07-20T20:47:21.354+0545] {subprocess.py:93} INFO - 26/07/20 15:02:21 INFO MemoryStore: MemoryStore started with capacity 413.9 MiB
[2026-07-20T20:47:21.363+0545] {subprocess.py:93} INFO - 26/07/20 15:02:21 INFO SparkEnv: Registering OutputCommitCoordinator
[2026-07-20T20:47:21.655+0545] {subprocess.py:93} INFO - 26/07/20 15:02:21 INFO JettyUtils: Start Jetty 0.0.0.0:4040 for SparkUI
[2026-07-20T20:47:21.768+0545] {subprocess.py:93} INFO - 26/07/20 15:02:21 INFO Utils: Successfully started service 'SparkUI' on port 4040.
[2026-07-20T20:47:21.867+0545] {subprocess.py:93} INFO - 26/07/20 15:02:21 INFO SparkContext: Added file file:///app/common.py at spark://bfe6d2784474:36603/files/common.py with timestamp 1784559739862
[2026-07-20T20:47:21.867+0545] {subprocess.py:93} INFO - 26/07/20 15:02:21 INFO Utils: Copying /app/common.py to /tmp/spark-f94b940b-6ac4-4257-a18f-a45f81706ec7/userFiles-7d0205ec-5dd7-4bb3-9f24-1d10a6b2769b/common.py
[2026-07-20T20:47:22.168+0545] {subprocess.py:93} INFO - 26/07/20 15:02:22 INFO StandaloneAppClient$ClientEndpoint: Connecting to master spark://localhost:7077...
[2026-07-20T20:47:22.373+0545] {subprocess.py:93} INFO - 26/07/20 15:02:22 INFO TransportClientFactory: Successfully created connection to localhost/127.0.0.1:7077 after 106 ms (0 ms spent in bootstraps)
[2026-07-20T20:47:22.654+0545] {subprocess.py:93} INFO - 26/07/20 15:02:22 INFO StandaloneSchedulerBackend: Connected to Spark cluster with app ID app-20260720150222-0019
[2026-07-20T20:47:22.655+0545] {subprocess.py:93} INFO - 26/07/20 15:02:22 INFO StandaloneAppClient$ClientEndpoint: Executor added: app-20260720150222-0019/0 on worker-20260720022328-spark-worker2-8083 (spark-worker2:8083) with 1 core(s)
[2026-07-20T20:47:22.657+0545] {subprocess.py:93} INFO - 26/07/20 15:02:22 INFO StandaloneSchedulerBackend: Granted executor ID app-20260720150222-0019/0 on hostPort spark-worker2:8083 with 1 core(s), 1024.0 MiB RAM
[2026-07-20T20:47:22.657+0545] {subprocess.py:93} INFO - 26/07/20 15:02:22 INFO StandaloneAppClient$ClientEndpoint: Executor added: app-20260720150222-0019/1 on worker-20260720022328-spark-worker1-8081 (spark-worker1:8081) with 1 core(s)
[2026-07-20T20:47:22.657+0545] {subprocess.py:93} INFO - 26/07/20 15:02:22 INFO StandaloneSchedulerBackend: Granted executor ID app-20260720150222-0019/1 on hostPort spark-worker1:8081 with 1 core(s), 1024.0 MiB RAM
[2026-07-20T20:47:22.663+0545] {subprocess.py:93} INFO - 26/07/20 15:02:22 INFO Utils: Successfully started service 'org.apache.spark.network.netty.NettyBlockTransferService' on port 42291.
[2026-07-20T20:47:22.664+0545] {subprocess.py:93} INFO - 26/07/20 15:02:22 INFO NettyBlockTransferService: Server created on bfe6d2784474:42291
[2026-07-20T20:47:22.752+0545] {subprocess.py:93} INFO - 26/07/20 15:02:22 INFO BlockManager: Using org.apache.spark.storage.RandomBlockReplicationPolicy for block replication policy
[2026-07-20T20:47:22.754+0545] {subprocess.py:93} INFO - 26/07/20 15:02:22 INFO StandaloneAppClient$ClientEndpoint: Executor updated: app-20260720150222-0019/1 is now RUNNING
[2026-07-20T20:47:22.754+0545] {subprocess.py:93} INFO - 26/07/20 15:02:22 INFO StandaloneAppClient$ClientEndpoint: Executor updated: app-20260720150222-0019/0 is now RUNNING
[2026-07-20T20:47:22.758+0545] {subprocess.py:93} INFO - 26/07/20 15:02:22 INFO BlockManagerMaster: Registering BlockManager BlockManagerId(driver, bfe6d2784474, 42291, None)
[2026-07-20T20:47:22.762+0545] {subprocess.py:93} INFO - 26/07/20 15:02:22 INFO BlockManagerMasterEndpoint: Registering block manager bfe6d2784474:42291 with 413.9 MiB RAM, BlockManagerId(driver, bfe6d2784474, 42291, None)
[2026-07-20T20:47:22.764+0545] {subprocess.py:93} INFO - 26/07/20 15:02:22 INFO BlockManagerMaster: Registered BlockManager BlockManagerId(driver, bfe6d2784474, 42291, None)
[2026-07-20T20:47:22.765+0545] {subprocess.py:93} INFO - 26/07/20 15:02:22 INFO BlockManager: Initialized BlockManager: BlockManagerId(driver, bfe6d2784474, 42291, None)
[2026-07-20T20:47:23.263+0545] {subprocess.py:93} INFO - 26/07/20 15:02:23 INFO StandaloneSchedulerBackend: SchedulerBackend is ready for scheduling beginning after reached minRegisteredResourcesRatio: 0.0
[2026-07-20T20:48:11.471+0545] {subprocess.py:93} INFO - 26/07/20 15:03:11 WARN SparkStringUtils: Truncated the string representation of a plan since it was too large. This behavior can be adjusted by setting 'spark.sql.debug.maxToStringFields'.
[2026-07-20T20:49:50.153+0545] {subprocess.py:93} INFO - 
[2026-07-20T20:49:50.153+0545] {subprocess.py:93} INFO - [Driver] 14 algorithms in the ensemble; flagging anomaly at vote >= 4.
[2026-07-20T20:49:50.153+0545] {subprocess.py:93} INFO - 
[2026-07-20T20:49:50.153+0545] {subprocess.py:93} INFO - --- Top 10 Most Anomalous Rows (Highest Votes) ---
[2026-07-20T20:50:01.951+0545] {subprocess.py:93} INFO - +----+-------------+----------------+------------+-------------+----------------+----+--------+
[2026-07-20T20:50:01.951+0545] {subprocess.py:93} INFO - |ID  |pixel_temp_C |lar_pressure_bar|lv_voltage_V|hv_current_uA|cooling_flow_lpm|vote|ensemble|
[2026-07-20T20:50:01.952+0545] {subprocess.py:93} INFO - +----+-------------+----------------+------------+-------------+----------------+----+--------+
[2026-07-20T20:50:01.952+0545] {subprocess.py:93} INFO - |8001|-9.9026181966|1.3093283045    |3.2970923000|55.3406634875|12.1824334536   |12  |1       |
[2026-07-20T20:50:01.952+0545] {subprocess.py:93} INFO - |2567|-7.9692907102|1.2836829035    |3.2739674746|43.6598600660|9.9568039732    |12  |1       |
[2026-07-20T20:50:01.953+0545] {subprocess.py:93} INFO - |2565|-8.0918146697|1.2831961242    |3.2590614384|43.7728165038|10.1358964469   |12  |1       |
[2026-07-20T20:50:01.953+0545] {subprocess.py:93} INFO - |2563|-8.1782290935|1.2816058945    |3.2779343891|43.2767414174|10.2162768675   |12  |1       |
[2026-07-20T20:50:01.953+0545] {subprocess.py:93} INFO - |2560|-8.2184975055|1.2834537102    |3.2827255151|43.6399808344|10.3176596018   |11  |1       |
[2026-07-20T20:50:01.953+0545] {subprocess.py:93} INFO - |2558|-8.4027034355|1.2825817752    |3.2744055977|43.1940618474|10.4825235050   |11  |1       |
[2026-07-20T20:50:01.953+0545] {subprocess.py:93} INFO - |2575|-7.6872143862|1.2810807190    |3.2598857273|45.3366766732|9.4737050591    |11  |1       |
[2026-07-20T20:50:01.954+0545] {subprocess.py:93} INFO - |2579|-7.5573138233|1.2836476515    |3.2501343982|45.2561564781|9.3442242484    |11  |1       |
[2026-07-20T20:50:01.954+0545] {subprocess.py:93} INFO - |2572|-7.8656574976|1.2833503072    |3.2647866942|44.2364316501|9.6893690911    |11  |1       |
[2026-07-20T20:50:01.954+0545] {subprocess.py:93} INFO - |2571|-7.8036413133|1.2851359776    |3.2563029257|44.8233081139|9.7550193639    |11  |1       |
[2026-07-20T20:50:01.954+0545] {subprocess.py:93} INFO - +----+-------------+----------------+------------+-------------+----------------+----+--------+
[2026-07-20T20:50:01.954+0545] {subprocess.py:93} INFO - 
[2026-07-20T20:50:01.955+0545] {subprocess.py:93} INFO - 
[2026-07-20T20:50:01.955+0545] {subprocess.py:93} INFO - --- Algorithm Performance Summary ---
[2026-07-20T20:50:03.269+0545] {subprocess.py:93} INFO - {'kmeans_flag': 81, 'gmm_flag': 65, 'pca_flag': 30, 'dbscan_flag': 120, 'iso_flag': 136, 'deepemb_flag': 29, 'dagmm_flag': 359, 'vae_flag': 176, 'gan_flag': 53, 'usad_flag': 98, 'transformer_flag': 50, 'lstm_flag': 158, 'omni_flag': 155, 'adaptive_flag': 195, 'Ensemble_Final': 143}
[2026-07-20T20:50:03.270+0545] {subprocess.py:93} INFO - 
[2026-07-20T20:50:03.270+0545] {subprocess.py:93} INFO - --- Cluster Sizes (Ensemble) ---
[2026-07-20T20:50:04.741+0545] {subprocess.py:93} INFO - +--------+-----+
[2026-07-20T20:50:04.741+0545] {subprocess.py:93} INFO - |ensemble|count|
[2026-07-20T20:50:04.741+0545] {subprocess.py:93} INFO - +--------+-----+
[2026-07-20T20:50:04.741+0545] {subprocess.py:93} INFO - |       1|  143|
[2026-07-20T20:50:04.741+0545] {subprocess.py:93} INFO - |       0| 9857|
[2026-07-20T20:50:04.741+0545] {subprocess.py:93} INFO - +--------+-----+
[2026-07-20T20:50:04.742+0545] {subprocess.py:93} INFO - 
[2026-07-20T20:50:07.064+0545] {subprocess.py:93} INFO - 
[2026-07-20T20:50:07.064+0545] {subprocess.py:93} INFO - --- Active Exploration Queue (top 25 rows for analyst review) ---
[2026-07-20T20:50:09.261+0545] {subprocess.py:93} INFO - +----+--------------+----------------+------------+-------------+----------------+----+-----------------+
[2026-07-20T20:50:09.261+0545] {subprocess.py:93} INFO - |ID  |pixel_temp_C  |lar_pressure_bar|lv_voltage_V|hv_current_uA|cooling_flow_lpm|vote|boundary_distance|
[2026-07-20T20:50:09.261+0545] {subprocess.py:93} INFO - +----+--------------+----------------+------------+-------------+----------------+----+-----------------+
[2026-07-20T20:50:09.261+0545] {subprocess.py:93} INFO - |2542|-8.8374956601 |1.2797901387    |3.2921833180|42.8383671332|11.1472978996   |7   |0.0              |
[2026-07-20T20:50:09.261+0545] {subprocess.py:93} INFO - |8915|-10.5445683546|1.2827931987    |3.2864505145|38.6454009802|11.6130810638   |7   |0.0              |
[2026-07-20T20:50:09.261+0545] {subprocess.py:93} INFO - |9038|-10.6381931238|1.3351993632    |3.2994254024|38.9253011749|11.7073025373   |7   |0.0              |
[2026-07-20T20:50:09.261+0545] {subprocess.py:93} INFO - |7026|-9.3903773785 |1.3030619763    |3.3031827336|43.4888544925|12.1194550776   |7   |0.0              |
[2026-07-20T20:50:09.262+0545] {subprocess.py:93} INFO - |6071|-10.5771832864|1.2805276629    |3.2844474315|39.1957073204|11.6952378261   |7   |0.0              |
[2026-07-20T20:50:09.262+0545] {subprocess.py:93} INFO - |2536|-9.0473455332 |1.2832086714    |3.3014699931|41.6326714653|11.3586838624   |7   |0.0              |
[2026-07-20T20:50:09.262+0545] {subprocess.py:93} INFO - |9040|-10.5788733165|1.3356979653    |3.3081564106|39.0258819716|11.7018496502   |7   |0.0              |
[2026-07-20T20:50:09.262+0545] {subprocess.py:93} INFO - |7028|-9.4992656814 |1.3036606702    |3.3011954540|43.3543759483|12.1855977869   |7   |0.0              |
[2026-07-20T20:50:09.262+0545] {subprocess.py:93} INFO - |1360|-9.6161708971 |1.3162102919    |3.3161133875|40.4788283932|11.9533161717   |7   |0.0              |
[2026-07-20T20:50:09.262+0545] {subprocess.py:93} INFO - |2545|-8.7707438882 |1.2800442940    |3.2940757127|42.1388398235|11.0490076346   |7   |0.0              |
[2026-07-20T20:50:09.262+0545] {subprocess.py:93} INFO - |5531|-10.7002646993|1.2962939898    |3.2930499293|41.0064019989|12.1633936408   |7   |0.0              |
[2026-07-20T20:50:09.262+0545] {subprocess.py:93} INFO - |5503|-10.9132646332|1.2925002822    |3.3069541057|41.2591743620|12.2005272059   |7   |0.0              |
[2026-07-20T20:50:09.262+0545] {subprocess.py:93} INFO - |9041|-10.6663257737|1.3389808536    |3.3013381767|39.0003264989|11.7575425603   |7   |0.0              |
[2026-07-20T20:50:09.262+0545] {subprocess.py:93} INFO - |2540|-9.0216911418 |1.2773841916    |3.2975187017|41.8945649898|11.3312837703   |7   |0.0              |
[2026-07-20T20:50:09.262+0545] {subprocess.py:93} INFO - |7010|-9.4010700188 |1.3027628284    |3.2998073603|43.8006729532|12.2635324700   |7   |0.0              |
[2026-07-20T20:50:09.262+0545] {subprocess.py:93} INFO - |9042|-10.6804250180|1.3394472826    |3.3019248355|38.3008564367|11.8083101170   |7   |0.0              |
[2026-07-20T20:50:09.262+0545] {subprocess.py:93} INFO - |2543|-8.8788044620 |1.2804323364    |3.2953476581|41.5040788325|11.1665624502   |7   |0.0              |
[2026-07-20T20:50:09.262+0545] {subprocess.py:93} INFO - |2546|-8.7587204804 |1.2837140274    |3.2931542089|42.5421425749|11.0381988565   |7   |0.0              |
[2026-07-20T20:50:09.262+0545] {subprocess.py:93} INFO - |5532|-10.7882162311|1.2925470593    |3.2925027131|41.6299014172|12.1486075410   |8   |1.0              |
[2026-07-20T20:50:09.262+0545] {subprocess.py:93} INFO - |9045|-10.6337237100|1.3422387869    |3.2974820244|38.8939655374|11.7181779615   |8   |1.0              |
[2026-07-20T20:50:09.263+0545] {subprocess.py:93} INFO - +----+--------------+----------------+------------+-------------+----------------+----+-----------------+
[2026-07-20T20:50:09.263+0545] {subprocess.py:93} INFO - only showing top 20 rows
[2026-07-20T20:50:09.263+0545] {subprocess.py:93} INFO - 
[2026-07-20T20:50:15.367+0545] {subprocess.py:93} INFO - [Driver] Wrote final ensemble table -> hdfs://namenode:9000/user/demo/_final_ensemble
[2026-07-20T20:50:17.239+0545] {subprocess.py:97} INFO - Command exited with return code 0
[2026-07-20T20:50:17.240+0545] {taskinstance.py:441} INFO - ::group::Post task execution logs
[2026-07-20T20:50:17.253+0545] {taskinstance.py:1206} INFO - Marking task as SUCCESS. dag_id=network_traffic_pipeline, task_id=ensemble_report, run_id=manual__2026-07-20T02:23:05.960611+00:00, execution_date=20260720T022305, start_date=20260720T150208, end_date=20260720T150517
[2026-07-20T20:50:17.263+0545] {local_task_job_runner.py:243} INFO - Task exited with return code 0
[2026-07-20T20:50:17.268+0545] {taskinstance.py:3503} INFO - 0 downstream tasks scheduled from follow-on schedule check
[2026-07-20T20:50:17.268+0545] {local_task_job_runner.py:222} INFO - ::endgroup::
