[2026-07-19T18:50:32.136+0545] {local_task_job_runner.py:120} INFO - ::group::Pre task execution logs
[2026-07-19T18:50:32.152+0545] {taskinstance.py:2076} INFO - Dependencies all met for dep_context=non-requeueable deps ti=<TaskInstance: network_traffic_pipeline.native_clustering.pca_kmeans manual__2026-07-19T12:54:25.194239+00:00 [queued]>
[2026-07-19T18:50:32.157+0545] {taskinstance.py:2076} INFO - Dependencies all met for dep_context=requeueable deps ti=<TaskInstance: network_traffic_pipeline.native_clustering.pca_kmeans manual__2026-07-19T12:54:25.194239+00:00 [queued]>
[2026-07-19T18:50:32.157+0545] {taskinstance.py:2306} INFO - Starting attempt 1 of 2
[2026-07-19T18:50:32.169+0545] {taskinstance.py:2330} INFO - Executing <Task(BashOperator): native_clustering.pca_kmeans> on 2026-07-19 12:54:25.194239+00:00
[2026-07-19T18:50:32.173+0545] {standard_task_runner.py:64} INFO - Started process 35430 to run task
[2026-07-19T18:50:32.175+0545] {standard_task_runner.py:90} INFO - Running: ['airflow', 'tasks', 'run', 'network_traffic_pipeline', 'native_clustering.pca_kmeans', 'manual__2026-07-19T12:54:25.194239+00:00', '--job-id', '15', '--raw', '--subdir', 'DAGS_FOLDER/network_traffic_pipeline_dag.py', '--cfg-path', '/tmp/tmpip4egmb1']
[2026-07-19T18:50:32.176+0545] {standard_task_runner.py:91} INFO - Job 15: Subtask native_clustering.pca_kmeans
[2026-07-19T18:50:32.202+0545] {task_command.py:426} INFO - Running <TaskInstance: network_traffic_pipeline.native_clustering.pca_kmeans manual__2026-07-19T12:54:25.194239+00:00 [running]> on host snigdh-IdeaPad-Slim-3-15IAH8
[2026-07-19T18:50:32.250+0545] {taskinstance.py:2648} INFO - Exporting env vars: AIRFLOW_CTX_DAG_OWNER='you' AIRFLOW_CTX_DAG_ID='network_traffic_pipeline' AIRFLOW_CTX_TASK_ID='native_clustering.pca_kmeans' AIRFLOW_CTX_EXECUTION_DATE='2026-07-19T12:54:25.194239+00:00' AIRFLOW_CTX_TRY_NUMBER='1' AIRFLOW_CTX_DAG_RUN_ID='manual__2026-07-19T12:54:25.194239+00:00'
[2026-07-19T18:50:32.251+0545] {taskinstance.py:430} INFO - ::endgroup::
[2026-07-19T18:50:32.252+0545] {subprocess.py:63} INFO - Tmp dir root location: /tmp
[2026-07-19T18:50:32.252+0545] {subprocess.py:75} INFO - Running command: ['/usr/bin/bash', '-c', 'cd /home/snigdh/repos/bigData && docker-compose exec spark-master /opt/spark/bin/spark-submit --master spark://localhost:7077 --py-files /app/common.py --conf spark.ui.port=4040 --conf spark.sql.extensions=io.delta.sql.DeltaSparkSessionExtension --conf spark.sql.catalog.spark_catalog=org.apache.spark.sql.delta.catalog.DeltaCatalog /app/task_pca_kmeans.py']
[2026-07-19T18:50:32.261+0545] {subprocess.py:86} INFO - Output:
[2026-07-19T18:50:44.923+0545] {subprocess.py:93} INFO - 26/07/19 13:05:44 INFO SparkContext: Running Spark version 3.5.0
[2026-07-19T18:50:44.925+0545] {subprocess.py:93} INFO - 26/07/19 13:05:44 INFO SparkContext: OS info Linux, 6.8.0-136-generic, amd64
[2026-07-19T18:50:44.926+0545] {subprocess.py:93} INFO - 26/07/19 13:05:44 INFO SparkContext: Java version 11.0.20.1
[2026-07-19T18:50:45.104+0545] {subprocess.py:93} INFO - 26/07/19 13:05:45 INFO ResourceUtils: ==============================================================
[2026-07-19T18:50:45.104+0545] {subprocess.py:93} INFO - 26/07/19 13:05:45 INFO ResourceUtils: No custom resources configured for spark.driver.
[2026-07-19T18:50:45.105+0545] {subprocess.py:93} INFO - 26/07/19 13:05:45 INFO ResourceUtils: ==============================================================
[2026-07-19T18:50:45.105+0545] {subprocess.py:93} INFO - 26/07/19 13:05:45 INFO SparkContext: Submitted application: anomaly_pca_kmeans
[2026-07-19T18:50:45.123+0545] {subprocess.py:93} INFO - 26/07/19 13:05:45 INFO ResourceProfile: Default ResourceProfile created, executor resources: Map(memory -> name: memory, amount: 1024, script: , vendor: , offHeap -> name: offHeap, amount: 0, script: , vendor: ), task resources: Map(cpus -> name: cpus, amount: 1.0)
[2026-07-19T18:50:45.204+0545] {subprocess.py:93} INFO - 26/07/19 13:05:45 INFO ResourceProfile: Limiting resource is cpu
[2026-07-19T18:50:45.205+0545] {subprocess.py:93} INFO - 26/07/19 13:05:45 INFO ResourceProfileManager: Added ResourceProfile id: 0
[2026-07-19T18:50:45.320+0545] {subprocess.py:93} INFO - 26/07/19 13:05:45 INFO SecurityManager: Changing view acls to: spark
[2026-07-19T18:50:45.321+0545] {subprocess.py:93} INFO - 26/07/19 13:05:45 INFO SecurityManager: Changing modify acls to: spark
[2026-07-19T18:50:45.321+0545] {subprocess.py:93} INFO - 26/07/19 13:05:45 INFO SecurityManager: Changing view acls groups to:
[2026-07-19T18:50:45.321+0545] {subprocess.py:93} INFO - 26/07/19 13:05:45 INFO SecurityManager: Changing modify acls groups to:
[2026-07-19T18:50:45.321+0545] {subprocess.py:93} INFO - 26/07/19 13:05:45 INFO SecurityManager: SecurityManager: authentication disabled; ui acls disabled; users with view permissions: spark; groups with view permissions: EMPTY; users with modify permissions: spark; groups with modify permissions: EMPTY
[2026-07-19T18:50:46.115+0545] {subprocess.py:93} INFO - 26/07/19 13:05:46 INFO Utils: Successfully started service 'sparkDriver' on port 45881.
[2026-07-19T18:50:46.224+0545] {subprocess.py:93} INFO - 26/07/19 13:05:46 INFO SparkEnv: Registering MapOutputTracker
[2026-07-19T18:50:46.418+0545] {subprocess.py:93} INFO - 26/07/19 13:05:46 INFO SparkEnv: Registering BlockManagerMaster
[2026-07-19T18:50:46.513+0545] {subprocess.py:93} INFO - 26/07/19 13:05:46 INFO BlockManagerMasterEndpoint: Using org.apache.spark.storage.DefaultTopologyMapper for getting topology information
[2026-07-19T18:50:46.513+0545] {subprocess.py:93} INFO - 26/07/19 13:05:46 INFO BlockManagerMasterEndpoint: BlockManagerMasterEndpoint up
[2026-07-19T18:50:46.516+0545] {subprocess.py:93} INFO - 26/07/19 13:05:46 INFO SparkEnv: Registering BlockManagerMasterHeartbeat
[2026-07-19T18:50:46.530+0545] {subprocess.py:93} INFO - 26/07/19 13:05:46 INFO DiskBlockManager: Created local directory at /tmp/blockmgr-85083f02-bd68-4ded-ba0d-bab76f855cba
[2026-07-19T18:50:46.612+0545] {subprocess.py:93} INFO - 26/07/19 13:05:46 INFO MemoryStore: MemoryStore started with capacity 413.9 MiB
[2026-07-19T18:50:46.623+0545] {subprocess.py:93} INFO - 26/07/19 13:05:46 INFO SparkEnv: Registering OutputCommitCoordinator
[2026-07-19T18:50:46.926+0545] {subprocess.py:93} INFO - 26/07/19 13:05:46 INFO JettyUtils: Start Jetty 0.0.0.0:4040 for SparkUI
[2026-07-19T18:50:47.038+0545] {subprocess.py:93} INFO - 26/07/19 13:05:47 INFO Utils: Successfully started service 'SparkUI' on port 4040.
[2026-07-19T18:50:47.130+0545] {subprocess.py:93} INFO - 26/07/19 13:05:47 INFO SparkContext: Added file file:///app/common.py at spark://4ea06c45d400:45881/files/common.py with timestamp 1784466344913
[2026-07-19T18:50:47.131+0545] {subprocess.py:93} INFO - 26/07/19 13:05:47 INFO Utils: Copying /app/common.py to /tmp/spark-f372139e-9872-48a7-9b9e-215653d5adff/userFiles-033220e4-0c22-4e7e-80a5-f926d7702b8e/common.py
[2026-07-19T18:50:47.619+0545] {subprocess.py:93} INFO - 26/07/19 13:05:47 INFO StandaloneAppClient$ClientEndpoint: Connecting to master spark://localhost:7077...
[2026-07-19T18:50:47.818+0545] {subprocess.py:93} INFO - 26/07/19 13:05:47 INFO TransportClientFactory: Successfully created connection to localhost/127.0.0.1:7077 after 101 ms (0 ms spent in bootstraps)
[2026-07-19T18:50:48.119+0545] {subprocess.py:93} INFO - 26/07/19 13:05:48 INFO StandaloneSchedulerBackend: Connected to Spark cluster with app ID app-20260719130548-0005
[2026-07-19T18:50:48.203+0545] {subprocess.py:93} INFO - 26/07/19 13:05:48 INFO StandaloneAppClient$ClientEndpoint: Executor added: app-20260719130548-0005/0 on worker-20260719125443-spark-worker2-8083 (spark-worker2:8083) with 1 core(s)
[2026-07-19T18:50:48.205+0545] {subprocess.py:93} INFO - 26/07/19 13:05:48 INFO StandaloneSchedulerBackend: Granted executor ID app-20260719130548-0005/0 on hostPort spark-worker2:8083 with 1 core(s), 1024.0 MiB RAM
[2026-07-19T18:50:48.205+0545] {subprocess.py:93} INFO - 26/07/19 13:05:48 INFO StandaloneAppClient$ClientEndpoint: Executor added: app-20260719130548-0005/1 on worker-20260719125443-spark-worker1-8081 (spark-worker1:8081) with 1 core(s)
[2026-07-19T18:50:48.205+0545] {subprocess.py:93} INFO - 26/07/19 13:05:48 INFO StandaloneSchedulerBackend: Granted executor ID app-20260719130548-0005/1 on hostPort spark-worker1:8081 with 1 core(s), 1024.0 MiB RAM
[2026-07-19T18:50:48.209+0545] {subprocess.py:93} INFO - 26/07/19 13:05:48 INFO Utils: Successfully started service 'org.apache.spark.network.netty.NettyBlockTransferService' on port 46523.
[2026-07-19T18:50:48.209+0545] {subprocess.py:93} INFO - 26/07/19 13:05:48 INFO NettyBlockTransferService: Server created on 4ea06c45d400:46523
[2026-07-19T18:50:48.302+0545] {subprocess.py:93} INFO - 26/07/19 13:05:48 INFO BlockManager: Using org.apache.spark.storage.RandomBlockReplicationPolicy for block replication policy
[2026-07-19T18:50:48.304+0545] {subprocess.py:93} INFO - 26/07/19 13:05:48 INFO StandaloneAppClient$ClientEndpoint: Executor updated: app-20260719130548-0005/1 is now RUNNING
[2026-07-19T18:50:48.305+0545] {subprocess.py:93} INFO - 26/07/19 13:05:48 INFO StandaloneAppClient$ClientEndpoint: Executor updated: app-20260719130548-0005/0 is now RUNNING
[2026-07-19T18:50:48.309+0545] {subprocess.py:93} INFO - 26/07/19 13:05:48 INFO BlockManagerMaster: Registering BlockManager BlockManagerId(driver, 4ea06c45d400, 46523, None)
[2026-07-19T18:50:48.313+0545] {subprocess.py:93} INFO - 26/07/19 13:05:48 INFO BlockManagerMasterEndpoint: Registering block manager 4ea06c45d400:46523 with 413.9 MiB RAM, BlockManagerId(driver, 4ea06c45d400, 46523, None)
[2026-07-19T18:50:48.315+0545] {subprocess.py:93} INFO - 26/07/19 13:05:48 INFO BlockManagerMaster: Registered BlockManager BlockManagerId(driver, 4ea06c45d400, 46523, None)
[2026-07-19T18:50:48.316+0545] {subprocess.py:93} INFO - 26/07/19 13:05:48 INFO BlockManager: Initialized BlockManager: BlockManagerId(driver, 4ea06c45d400, 46523, None)
[2026-07-19T18:50:49.115+0545] {subprocess.py:93} INFO - 26/07/19 13:05:49 INFO StandaloneSchedulerBackend: SchedulerBackend is ready for scheduling beginning after reached minRegisteredResourcesRatio: 0.0
[2026-07-19T18:51:22.415+0545] {subprocess.py:93} INFO - 26/07/19 13:06:22 WARN SparkStringUtils: Truncated the string representation of a plan since it was too large. This behavior can be adjusted by setting 'spark.sql.debug.maxToStringFields'.
[2026-07-19T18:52:12.006+0545] {subprocess.py:93} INFO - 26/07/19 13:07:12 WARN InstanceBuilder: Failed to load implementation from:dev.ludovic.netlib.lapack.JNILAPACK
[2026-07-19T18:52:28.320+0545] {subprocess.py:93} INFO - 26/07/19 13:07:28 WARN InstanceBuilder: Failed to load implementation from:dev.ludovic.netlib.blas.JNIBLAS
[2026-07-19T18:52:42.607+0545] {subprocess.py:93} INFO - [Driver] pca_cluster counts: {1: 3646, 3: 2584, 2: 30, 0: 3740}, minority=2
[2026-07-19T18:52:49.620+0545] {subprocess.py:93} INFO - [Driver] Wrote 'pca_kmeans' output -> hdfs://namenode:9000/user/demo/_scores/pca_kmeans
[2026-07-19T18:52:51.332+0545] {subprocess.py:97} INFO - Command exited with return code 0
[2026-07-19T18:52:51.333+0545] {taskinstance.py:441} INFO - ::group::Post task execution logs
[2026-07-19T18:52:51.348+0545] {taskinstance.py:1206} INFO - Marking task as SUCCESS. dag_id=network_traffic_pipeline, task_id=native_clustering.pca_kmeans, run_id=manual__2026-07-19T12:54:25.194239+00:00, execution_date=20260719T125425, start_date=20260719T130532, end_date=20260719T130751
[2026-07-19T18:52:51.393+0545] {local_task_job_runner.py:243} INFO - Task exited with return code 0
[2026-07-19T18:52:51.406+0545] {taskinstance.py:3503} INFO - 0 downstream tasks scheduled from follow-on schedule check
[2026-07-19T18:52:51.406+0545] {local_task_job_runner.py:222} INFO - ::endgroup::
