[2026-07-20T08:37:53.588+0545] {local_task_job_runner.py:120} INFO - ::group::Pre task execution logs
[2026-07-20T08:37:53.609+0545] {taskinstance.py:2076} INFO - Dependencies all met for dep_context=non-requeueable deps ti=<TaskInstance: network_traffic_pipeline.partition_local_models.dbscan manual__2026-07-20T02:23:05.960611+00:00 [queued]>
[2026-07-20T08:37:53.616+0545] {taskinstance.py:2076} INFO - Dependencies all met for dep_context=requeueable deps ti=<TaskInstance: network_traffic_pipeline.partition_local_models.dbscan manual__2026-07-20T02:23:05.960611+00:00 [queued]>
[2026-07-20T08:37:53.616+0545] {taskinstance.py:2306} INFO - Starting attempt 1 of 2
[2026-07-20T08:37:53.631+0545] {taskinstance.py:2330} INFO - Executing <Task(BashOperator): partition_local_models.dbscan> on 2026-07-20 02:23:05.960611+00:00
[2026-07-20T08:37:53.637+0545] {standard_task_runner.py:64} INFO - Started process 52476 to run task
[2026-07-20T08:37:53.640+0545] {standard_task_runner.py:90} INFO - Running: ['airflow', 'tasks', 'run', 'network_traffic_pipeline', 'partition_local_models.dbscan', 'manual__2026-07-20T02:23:05.960611+00:00', '--job-id', '73', '--raw', '--subdir', 'DAGS_FOLDER/network_traffic_pipeline_dag.py', '--cfg-path', '/tmp/tmpn1h6mk9i']
[2026-07-20T08:37:53.642+0545] {standard_task_runner.py:91} INFO - Job 73: Subtask partition_local_models.dbscan
[2026-07-20T08:37:53.683+0545] {task_command.py:426} INFO - Running <TaskInstance: network_traffic_pipeline.partition_local_models.dbscan manual__2026-07-20T02:23:05.960611+00:00 [running]> on host snigdh-IdeaPad-Slim-3-15IAH8
[2026-07-20T08:37:53.765+0545] {taskinstance.py:2648} INFO - Exporting env vars: AIRFLOW_CTX_DAG_OWNER='you' AIRFLOW_CTX_DAG_ID='network_traffic_pipeline' AIRFLOW_CTX_TASK_ID='partition_local_models.dbscan' AIRFLOW_CTX_EXECUTION_DATE='2026-07-20T02:23:05.960611+00:00' AIRFLOW_CTX_TRY_NUMBER='1' AIRFLOW_CTX_DAG_RUN_ID='manual__2026-07-20T02:23:05.960611+00:00'
[2026-07-20T08:37:53.766+0545] {taskinstance.py:430} INFO - ::endgroup::
[2026-07-20T08:37:53.768+0545] {subprocess.py:63} INFO - Tmp dir root location: /tmp
[2026-07-20T08:37:53.768+0545] {subprocess.py:75} INFO - Running command: ['/usr/bin/bash', '-c', 'cd /home/snigdh/repos/bigData && docker-compose exec spark-master /opt/spark/bin/spark-submit --master spark://localhost:7077 --py-files /app/common.py --conf spark.ui.port=4040 --conf spark.sql.extensions=io.delta.sql.DeltaSparkSessionExtension --conf spark.sql.catalog.spark_catalog=org.apache.spark.sql.delta.catalog.DeltaCatalog /app/task_dbscan.py']
[2026-07-20T08:37:53.779+0545] {subprocess.py:86} INFO - Output:
[2026-07-20T08:38:21.507+0545] {subprocess.py:93} INFO - 26/07/20 02:53:21 INFO SparkContext: Running Spark version 3.5.0
[2026-07-20T08:38:21.511+0545] {subprocess.py:93} INFO - 26/07/20 02:53:21 INFO SparkContext: OS info Linux, 6.8.0-136-generic, amd64
[2026-07-20T08:38:21.512+0545] {subprocess.py:93} INFO - 26/07/20 02:53:21 INFO SparkContext: Java version 11.0.20.1
[2026-07-20T08:38:21.718+0545] {subprocess.py:93} INFO - 26/07/20 02:53:21 INFO ResourceUtils: ==============================================================
[2026-07-20T08:38:21.719+0545] {subprocess.py:93} INFO - 26/07/20 02:53:21 INFO ResourceUtils: No custom resources configured for spark.driver.
[2026-07-20T08:38:21.719+0545] {subprocess.py:93} INFO - 26/07/20 02:53:21 INFO ResourceUtils: ==============================================================
[2026-07-20T08:38:21.720+0545] {subprocess.py:93} INFO - 26/07/20 02:53:21 INFO SparkContext: Submitted application: anomaly_dbscan
[2026-07-20T08:38:22.008+0545] {subprocess.py:93} INFO - 26/07/20 02:53:22 INFO ResourceProfile: Default ResourceProfile created, executor resources: Map(memory -> name: memory, amount: 1024, script: , vendor: , offHeap -> name: offHeap, amount: 0, script: , vendor: ), task resources: Map(cpus -> name: cpus, amount: 1.0)
[2026-07-20T08:38:22.024+0545] {subprocess.py:93} INFO - 26/07/20 02:53:22 INFO ResourceProfile: Limiting resource is cpu
[2026-07-20T08:38:22.025+0545] {subprocess.py:93} INFO - 26/07/20 02:53:22 INFO ResourceProfileManager: Added ResourceProfile id: 0
[2026-07-20T08:38:22.424+0545] {subprocess.py:93} INFO - 26/07/20 02:53:22 INFO SecurityManager: Changing view acls to: spark
[2026-07-20T08:38:22.425+0545] {subprocess.py:93} INFO - 26/07/20 02:53:22 INFO SecurityManager: Changing modify acls to: spark
[2026-07-20T08:38:22.426+0545] {subprocess.py:93} INFO - 26/07/20 02:53:22 INFO SecurityManager: Changing view acls groups to:
[2026-07-20T08:38:22.426+0545] {subprocess.py:93} INFO - 26/07/20 02:53:22 INFO SecurityManager: Changing modify acls groups to:
[2026-07-20T08:38:22.427+0545] {subprocess.py:93} INFO - 26/07/20 02:53:22 INFO SecurityManager: SecurityManager: authentication disabled; ui acls disabled; users with view permissions: spark; groups with view permissions: EMPTY; users with modify permissions: spark; groups with modify permissions: EMPTY
[2026-07-20T08:38:24.116+0545] {subprocess.py:93} INFO - 26/07/20 02:53:24 INFO Utils: Successfully started service 'sparkDriver' on port 40179.
[2026-07-20T08:38:24.308+0545] {subprocess.py:93} INFO - 26/07/20 02:53:24 INFO SparkEnv: Registering MapOutputTracker
[2026-07-20T08:38:24.706+0545] {subprocess.py:93} INFO - 26/07/20 02:53:24 INFO SparkEnv: Registering BlockManagerMaster
[2026-07-20T08:38:24.738+0545] {subprocess.py:93} INFO - 26/07/20 02:53:24 INFO BlockManagerMasterEndpoint: Using org.apache.spark.storage.DefaultTopologyMapper for getting topology information
[2026-07-20T08:38:24.738+0545] {subprocess.py:93} INFO - 26/07/20 02:53:24 INFO BlockManagerMasterEndpoint: BlockManagerMasterEndpoint up
[2026-07-20T08:38:24.813+0545] {subprocess.py:93} INFO - 26/07/20 02:53:24 INFO SparkEnv: Registering BlockManagerMasterHeartbeat
[2026-07-20T08:38:24.927+0545] {subprocess.py:93} INFO - 26/07/20 02:53:24 INFO DiskBlockManager: Created local directory at /tmp/blockmgr-26e3dd75-d7e5-4b20-9951-9a3127c89f77
[2026-07-20T08:38:25.029+0545] {subprocess.py:93} INFO - 26/07/20 02:53:25 INFO MemoryStore: MemoryStore started with capacity 413.9 MiB
[2026-07-20T08:38:25.126+0545] {subprocess.py:93} INFO - 26/07/20 02:53:25 INFO SparkEnv: Registering OutputCommitCoordinator
[2026-07-20T08:38:25.825+0545] {subprocess.py:93} INFO - 26/07/20 02:53:25 INFO JettyUtils: Start Jetty 0.0.0.0:4040 for SparkUI
[2026-07-20T08:38:26.409+0545] {subprocess.py:93} INFO - 26/07/20 02:53:26 INFO Utils: Successfully started service 'SparkUI' on port 4040.
[2026-07-20T08:38:26.721+0545] {subprocess.py:93} INFO - 26/07/20 02:53:26 INFO SparkContext: Added file file:///app/common.py at spark://bfe6d2784474:40179/files/common.py with timestamp 1784516001409
[2026-07-20T08:38:26.724+0545] {subprocess.py:93} INFO - 26/07/20 02:53:26 INFO Utils: Copying /app/common.py to /tmp/spark-52fcad26-6a50-43df-ba7d-44ec3bc65d33/userFiles-d03e080b-355d-4508-a0f4-0e2acead69e8/common.py
[2026-07-20T08:38:27.820+0545] {subprocess.py:93} INFO - 26/07/20 02:53:27 INFO StandaloneAppClient$ClientEndpoint: Connecting to master spark://localhost:7077...
[2026-07-20T08:38:28.223+0545] {subprocess.py:93} INFO - 26/07/20 02:53:28 INFO TransportClientFactory: Successfully created connection to localhost/127.0.0.1:7077 after 288 ms (0 ms spent in bootstraps)
[2026-07-20T08:38:29.119+0545] {subprocess.py:93} INFO - 26/07/20 02:53:29 INFO StandaloneSchedulerBackend: Connected to Spark cluster with app ID app-20260720025329-0007
[2026-07-20T08:38:29.209+0545] {subprocess.py:93} INFO - 26/07/20 02:53:29 INFO StandaloneAppClient$ClientEndpoint: Executor added: app-20260720025329-0007/0 on worker-20260720022328-spark-worker2-8083 (spark-worker2:8083) with 1 core(s)
[2026-07-20T08:38:29.213+0545] {subprocess.py:93} INFO - 26/07/20 02:53:29 INFO StandaloneSchedulerBackend: Granted executor ID app-20260720025329-0007/0 on hostPort spark-worker2:8083 with 1 core(s), 1024.0 MiB RAM
[2026-07-20T08:38:29.214+0545] {subprocess.py:93} INFO - 26/07/20 02:53:29 INFO Utils: Successfully started service 'org.apache.spark.network.netty.NettyBlockTransferService' on port 34841.
[2026-07-20T08:38:29.214+0545] {subprocess.py:93} INFO - 26/07/20 02:53:29 INFO NettyBlockTransferService: Server created on bfe6d2784474:34841
[2026-07-20T08:38:29.214+0545] {subprocess.py:93} INFO - 26/07/20 02:53:29 INFO StandaloneAppClient$ClientEndpoint: Executor added: app-20260720025329-0007/1 on worker-20260720022328-spark-worker1-8081 (spark-worker1:8081) with 1 core(s)
[2026-07-20T08:38:29.306+0545] {subprocess.py:93} INFO - 26/07/20 02:53:29 INFO StandaloneSchedulerBackend: Granted executor ID app-20260720025329-0007/1 on hostPort spark-worker1:8081 with 1 core(s), 1024.0 MiB RAM
[2026-07-20T08:38:29.310+0545] {subprocess.py:93} INFO - 26/07/20 02:53:29 INFO BlockManager: Using org.apache.spark.storage.RandomBlockReplicationPolicy for block replication policy
[2026-07-20T08:38:29.412+0545] {subprocess.py:93} INFO - 26/07/20 02:53:29 INFO StandaloneAppClient$ClientEndpoint: Executor updated: app-20260720025329-0007/1 is now RUNNING
[2026-07-20T08:38:29.413+0545] {subprocess.py:93} INFO - 26/07/20 02:53:29 INFO BlockManagerMaster: Registering BlockManager BlockManagerId(driver, bfe6d2784474, 34841, None)
[2026-07-20T08:38:29.414+0545] {subprocess.py:93} INFO - 26/07/20 02:53:29 INFO StandaloneAppClient$ClientEndpoint: Executor updated: app-20260720025329-0007/0 is now RUNNING
[2026-07-20T08:38:29.506+0545] {subprocess.py:93} INFO - 26/07/20 02:53:29 INFO BlockManagerMasterEndpoint: Registering block manager bfe6d2784474:34841 with 413.9 MiB RAM, BlockManagerId(driver, bfe6d2784474, 34841, None)
[2026-07-20T08:38:29.513+0545] {subprocess.py:93} INFO - 26/07/20 02:53:29 INFO BlockManagerMaster: Registered BlockManager BlockManagerId(driver, bfe6d2784474, 34841, None)
[2026-07-20T08:38:29.517+0545] {subprocess.py:93} INFO - 26/07/20 02:53:29 INFO BlockManager: Initialized BlockManager: BlockManagerId(driver, bfe6d2784474, 34841, None)
[2026-07-20T08:38:31.018+0545] {subprocess.py:93} INFO - 26/07/20 02:53:31 INFO StandaloneSchedulerBackend: SchedulerBackend is ready for scheduling beginning after reached minRegisteredResourcesRatio: 0.0
[2026-07-20T08:39:37.116+0545] {subprocess.py:93} INFO - 26/07/20 02:54:37 WARN SparkStringUtils: Truncated the string representation of a plan since it was too large. This behavior can be adjusted by setting 'spark.sql.debug.maxToStringFields'.
[2026-07-20T08:41:06.008+0545] {subprocess.py:93} INFO - [Driver] DBSCAN eps=0.8907 (from a 5000-row sample), min_samples=15
[2026-07-20T08:41:06.120+0545] {subprocess.py:93} INFO - [Spark] Fitting 2 local DBSCAN models in parallel across the cluster...
[2026-07-20T08:41:24.911+0545] {subprocess.py:93} INFO - [Driver] Merged 9708 core points from 2 parallel partitions.
[2026-07-20T08:41:45.923+0545] {subprocess.py:93} INFO - [Driver] Wrote 'dbscan' output -> hdfs://namenode:9000/user/demo/_scores/dbscan
[2026-07-20T08:41:49.923+0545] {subprocess.py:97} INFO - Command exited with return code 0
[2026-07-20T08:41:49.924+0545] {taskinstance.py:441} INFO - ::group::Post task execution logs
[2026-07-20T08:41:49.957+0545] {taskinstance.py:1206} INFO - Marking task as SUCCESS. dag_id=network_traffic_pipeline, task_id=partition_local_models.dbscan, run_id=manual__2026-07-20T02:23:05.960611+00:00, execution_date=20260720T022305, start_date=20260720T025253, end_date=20260720T025649
[2026-07-20T08:41:49.992+0545] {local_task_job_runner.py:243} INFO - Task exited with return code 0
[2026-07-20T08:41:50.021+0545] {taskinstance.py:3503} INFO - 0 downstream tasks scheduled from follow-on schedule check
[2026-07-20T08:41:50.022+0545] {local_task_job_runner.py:222} INFO - ::endgroup::
