[2026-07-19T20:04:01.028+0545] {local_task_job_runner.py:120} INFO - ::group::Pre task execution logs
[2026-07-19T20:04:01.045+0545] {taskinstance.py:2076} INFO - Dependencies all met for dep_context=non-requeueable deps ti=<TaskInstance: network_traffic_pipeline.autoencoder_family.deep_embedding manual__2026-07-19T13:45:00.072255+00:00 [queued]>
[2026-07-19T20:04:01.050+0545] {taskinstance.py:2076} INFO - Dependencies all met for dep_context=requeueable deps ti=<TaskInstance: network_traffic_pipeline.autoencoder_family.deep_embedding manual__2026-07-19T13:45:00.072255+00:00 [queued]>
[2026-07-19T20:04:01.051+0545] {taskinstance.py:2306} INFO - Starting attempt 1 of 2
[2026-07-19T20:04:01.062+0545] {taskinstance.py:2330} INFO - Executing <Task(BashOperator): autoencoder_family.deep_embedding> on 2026-07-19 13:45:00.072255+00:00
[2026-07-19T20:04:01.066+0545] {standard_task_runner.py:64} INFO - Started process 95232 to run task
[2026-07-19T20:04:01.069+0545] {standard_task_runner.py:90} INFO - Running: ['airflow', 'tasks', 'run', 'network_traffic_pipeline', 'autoencoder_family.deep_embedding', 'manual__2026-07-19T13:45:00.072255+00:00', '--job-id', '60', '--raw', '--subdir', 'DAGS_FOLDER/network_traffic_pipeline_dag.py', '--cfg-path', '/tmp/tmp5a9pn_xx']
[2026-07-19T20:04:01.070+0545] {standard_task_runner.py:91} INFO - Job 60: Subtask autoencoder_family.deep_embedding
[2026-07-19T20:04:01.101+0545] {task_command.py:426} INFO - Running <TaskInstance: network_traffic_pipeline.autoencoder_family.deep_embedding manual__2026-07-19T13:45:00.072255+00:00 [running]> on host snigdh-IdeaPad-Slim-3-15IAH8
[2026-07-19T20:04:01.146+0545] {taskinstance.py:2648} INFO - Exporting env vars: AIRFLOW_CTX_DAG_OWNER='you' AIRFLOW_CTX_DAG_ID='network_traffic_pipeline' AIRFLOW_CTX_TASK_ID='autoencoder_family.deep_embedding' AIRFLOW_CTX_EXECUTION_DATE='2026-07-19T13:45:00.072255+00:00' AIRFLOW_CTX_TRY_NUMBER='1' AIRFLOW_CTX_DAG_RUN_ID='manual__2026-07-19T13:45:00.072255+00:00'
[2026-07-19T20:04:01.147+0545] {taskinstance.py:430} INFO - ::endgroup::
[2026-07-19T20:04:01.148+0545] {subprocess.py:63} INFO - Tmp dir root location: /tmp
[2026-07-19T20:04:01.148+0545] {subprocess.py:75} INFO - Running command: ['/usr/bin/bash', '-c', 'cd /home/snigdh/repos/bigData && docker-compose exec spark-master /opt/spark/bin/spark-submit --master spark://localhost:7077 --py-files /app/common.py --conf spark.ui.port=4040 --conf spark.sql.extensions=io.delta.sql.DeltaSparkSessionExtension --conf spark.sql.catalog.spark_catalog=org.apache.spark.sql.delta.catalog.DeltaCatalog /app/task_deep_embedding.py']
[2026-07-19T20:04:01.157+0545] {subprocess.py:86} INFO - Output:
[2026-07-19T20:04:12.530+0545] {subprocess.py:93} INFO - 26/07/19 14:19:12 INFO SparkContext: Running Spark version 3.5.0
[2026-07-19T20:04:12.599+0545] {subprocess.py:93} INFO - 26/07/19 14:19:12 INFO SparkContext: OS info Linux, 6.8.0-136-generic, amd64
[2026-07-19T20:04:12.599+0545] {subprocess.py:93} INFO - 26/07/19 14:19:12 INFO SparkContext: Java version 11.0.20.1
[2026-07-19T20:04:12.621+0545] {subprocess.py:93} INFO - 26/07/19 14:19:12 INFO ResourceUtils: ==============================================================
[2026-07-19T20:04:12.621+0545] {subprocess.py:93} INFO - 26/07/19 14:19:12 INFO ResourceUtils: No custom resources configured for spark.driver.
[2026-07-19T20:04:12.621+0545] {subprocess.py:93} INFO - 26/07/19 14:19:12 INFO ResourceUtils: ==============================================================
[2026-07-19T20:04:12.622+0545] {subprocess.py:93} INFO - 26/07/19 14:19:12 INFO SparkContext: Submitted application: anomaly_deep_embedding
[2026-07-19T20:04:12.711+0545] {subprocess.py:93} INFO - 26/07/19 14:19:12 INFO ResourceProfile: Default ResourceProfile created, executor resources: Map(memory -> name: memory, amount: 1024, script: , vendor: , offHeap -> name: offHeap, amount: 0, script: , vendor: ), task resources: Map(cpus -> name: cpus, amount: 1.0)
[2026-07-19T20:04:12.808+0545] {subprocess.py:93} INFO - 26/07/19 14:19:12 INFO ResourceProfile: Limiting resource is cpu
[2026-07-19T20:04:12.808+0545] {subprocess.py:93} INFO - 26/07/19 14:19:12 INFO ResourceProfileManager: Added ResourceProfile id: 0
[2026-07-19T20:04:12.923+0545] {subprocess.py:93} INFO - 26/07/19 14:19:12 INFO SecurityManager: Changing view acls to: spark
[2026-07-19T20:04:12.997+0545] {subprocess.py:93} INFO - 26/07/19 14:19:12 INFO SecurityManager: Changing modify acls to: spark
[2026-07-19T20:04:12.998+0545] {subprocess.py:93} INFO - 26/07/19 14:19:12 INFO SecurityManager: Changing view acls groups to:
[2026-07-19T20:04:13.000+0545] {subprocess.py:93} INFO - 26/07/19 14:19:12 INFO SecurityManager: Changing modify acls groups to:
[2026-07-19T20:04:13.001+0545] {subprocess.py:93} INFO - 26/07/19 14:19:13 INFO SecurityManager: SecurityManager: authentication disabled; ui acls disabled; users with view permissions: spark; groups with view permissions: EMPTY; users with modify permissions: spark; groups with modify permissions: EMPTY
[2026-07-19T20:04:13.523+0545] {subprocess.py:93} INFO - 26/07/19 14:19:13 INFO Utils: Successfully started service 'sparkDriver' on port 41605.
[2026-07-19T20:04:13.612+0545] {subprocess.py:93} INFO - 26/07/19 14:19:13 INFO SparkEnv: Registering MapOutputTracker
[2026-07-19T20:04:13.720+0545] {subprocess.py:93} INFO - 26/07/19 14:19:13 INFO SparkEnv: Registering BlockManagerMaster
[2026-07-19T20:04:13.803+0545] {subprocess.py:93} INFO - 26/07/19 14:19:13 INFO BlockManagerMasterEndpoint: Using org.apache.spark.storage.DefaultTopologyMapper for getting topology information
[2026-07-19T20:04:13.804+0545] {subprocess.py:93} INFO - 26/07/19 14:19:13 INFO BlockManagerMasterEndpoint: BlockManagerMasterEndpoint up
[2026-07-19T20:04:13.807+0545] {subprocess.py:93} INFO - 26/07/19 14:19:13 INFO SparkEnv: Registering BlockManagerMasterHeartbeat
[2026-07-19T20:04:13.903+0545] {subprocess.py:93} INFO - 26/07/19 14:19:13 INFO DiskBlockManager: Created local directory at /tmp/blockmgr-871ff894-2cf8-44d4-aca8-11b217a74263
[2026-07-19T20:04:13.913+0545] {subprocess.py:93} INFO - 26/07/19 14:19:13 INFO MemoryStore: MemoryStore started with capacity 413.9 MiB
[2026-07-19T20:04:14.006+0545] {subprocess.py:93} INFO - 26/07/19 14:19:14 INFO SparkEnv: Registering OutputCommitCoordinator
[2026-07-19T20:04:14.217+0545] {subprocess.py:93} INFO - 26/07/19 14:19:14 INFO JettyUtils: Start Jetty 0.0.0.0:4040 for SparkUI
[2026-07-19T20:04:14.326+0545] {subprocess.py:93} INFO - 26/07/19 14:19:14 INFO Utils: Successfully started service 'SparkUI' on port 4040.
[2026-07-19T20:04:14.424+0545] {subprocess.py:93} INFO - 26/07/19 14:19:14 INFO SparkContext: Added file file:///app/common.py at spark://7aa1691b5e48:41605/files/common.py with timestamp 1784470752522
[2026-07-19T20:04:14.425+0545] {subprocess.py:93} INFO - 26/07/19 14:19:14 INFO Utils: Copying /app/common.py to /tmp/spark-7c94a47b-be56-44ef-b4ca-8b57c6188d38/userFiles-ae6fb140-7627-45b4-8bd7-25458859c729/common.py
[2026-07-19T20:04:14.714+0545] {subprocess.py:93} INFO - 26/07/19 14:19:14 INFO StandaloneAppClient$ClientEndpoint: Connecting to master spark://localhost:7077...
[2026-07-19T20:04:14.920+0545] {subprocess.py:93} INFO - 26/07/19 14:19:14 INFO TransportClientFactory: Successfully created connection to localhost/127.0.0.1:7077 after 105 ms (0 ms spent in bootstraps)
[2026-07-19T20:04:15.220+0545] {subprocess.py:93} INFO - 26/07/19 14:19:15 INFO StandaloneSchedulerBackend: Connected to Spark cluster with app ID app-20260719141915-0016
[2026-07-19T20:04:15.221+0545] {subprocess.py:93} INFO - 26/07/19 14:19:15 INFO StandaloneAppClient$ClientEndpoint: Executor added: app-20260719141915-0016/0 on worker-20260719134303-spark-worker2-8083 (spark-worker2:8083) with 1 core(s)
[2026-07-19T20:04:15.223+0545] {subprocess.py:93} INFO - 26/07/19 14:19:15 INFO StandaloneSchedulerBackend: Granted executor ID app-20260719141915-0016/0 on hostPort spark-worker2:8083 with 1 core(s), 1024.0 MiB RAM
[2026-07-19T20:04:15.224+0545] {subprocess.py:93} INFO - 26/07/19 14:19:15 INFO StandaloneAppClient$ClientEndpoint: Executor added: app-20260719141915-0016/1 on worker-20260719134303-spark-worker1-8081 (spark-worker1:8081) with 1 core(s)
[2026-07-19T20:04:15.224+0545] {subprocess.py:93} INFO - 26/07/19 14:19:15 INFO StandaloneSchedulerBackend: Granted executor ID app-20260719141915-0016/1 on hostPort spark-worker1:8081 with 1 core(s), 1024.0 MiB RAM
[2026-07-19T20:04:15.304+0545] {subprocess.py:93} INFO - 26/07/19 14:19:15 INFO Utils: Successfully started service 'org.apache.spark.network.netty.NettyBlockTransferService' on port 45743.
[2026-07-19T20:04:15.305+0545] {subprocess.py:93} INFO - 26/07/19 14:19:15 INFO NettyBlockTransferService: Server created on 7aa1691b5e48:45743
[2026-07-19T20:04:15.308+0545] {subprocess.py:93} INFO - 26/07/19 14:19:15 INFO StandaloneAppClient$ClientEndpoint: Executor updated: app-20260719141915-0016/0 is now RUNNING
[2026-07-19T20:04:15.308+0545] {subprocess.py:93} INFO - 26/07/19 14:19:15 INFO StandaloneAppClient$ClientEndpoint: Executor updated: app-20260719141915-0016/1 is now RUNNING
[2026-07-19T20:04:15.397+0545] {subprocess.py:93} INFO - 26/07/19 14:19:15 INFO BlockManager: Using org.apache.spark.storage.RandomBlockReplicationPolicy for block replication policy
[2026-07-19T20:04:15.405+0545] {subprocess.py:93} INFO - 26/07/19 14:19:15 INFO BlockManagerMaster: Registering BlockManager BlockManagerId(driver, 7aa1691b5e48, 45743, None)
[2026-07-19T20:04:15.408+0545] {subprocess.py:93} INFO - 26/07/19 14:19:15 INFO BlockManagerMasterEndpoint: Registering block manager 7aa1691b5e48:45743 with 413.9 MiB RAM, BlockManagerId(driver, 7aa1691b5e48, 45743, None)
[2026-07-19T20:04:15.410+0545] {subprocess.py:93} INFO - 26/07/19 14:19:15 INFO BlockManagerMaster: Registered BlockManager BlockManagerId(driver, 7aa1691b5e48, 45743, None)
[2026-07-19T20:04:15.411+0545] {subprocess.py:93} INFO - 26/07/19 14:19:15 INFO BlockManager: Initialized BlockManager: BlockManagerId(driver, 7aa1691b5e48, 45743, None)
[2026-07-19T20:04:16.115+0545] {subprocess.py:93} INFO - 26/07/19 14:19:16 INFO StandaloneSchedulerBackend: SchedulerBackend is ready for scheduling beginning after reached minRegisteredResourcesRatio: 0.0
[2026-07-19T20:04:52.701+0545] {subprocess.py:93} INFO - 26/07/19 14:19:52 WARN SparkStringUtils: Truncated the string representation of a plan since it was too large. This behavior can be adjusted by setting 'spark.sql.debug.maxToStringFields'.
[2026-07-19T20:05:57.113+0545] {subprocess.py:93} INFO - 26/07/19 14:20:57 WARN InstanceBuilder: Failed to load implementation from:dev.ludovic.netlib.blas.JNIBLAS
[2026-07-19T20:06:13.298+0545] {subprocess.py:93} INFO - [Driver] deepemb_cluster counts: {1: 1036, 6: 1149, 3: 29, 5: 865, 4: 1238, 7: 1878, 2: 2112, 0: 1693}, minority=3
[2026-07-19T20:06:20.712+0545] {subprocess.py:93} INFO - [Driver] Wrote 'deep_embedding' output -> hdfs://namenode:9000/user/demo/_scores/deep_embedding
[2026-07-19T20:06:22.713+0545] {subprocess.py:97} INFO - Command exited with return code 0
[2026-07-19T20:06:22.713+0545] {taskinstance.py:441} INFO - ::group::Post task execution logs
[2026-07-19T20:06:22.724+0545] {taskinstance.py:1206} INFO - Marking task as SUCCESS. dag_id=network_traffic_pipeline, task_id=autoencoder_family.deep_embedding, run_id=manual__2026-07-19T13:45:00.072255+00:00, execution_date=20260719T134500, start_date=20260719T141901, end_date=20260719T142122
[2026-07-19T20:06:22.776+0545] {local_task_job_runner.py:243} INFO - Task exited with return code 0
[2026-07-19T20:06:22.788+0545] {taskinstance.py:3503} INFO - 0 downstream tasks scheduled from follow-on schedule check
[2026-07-19T20:06:22.788+0545] {local_task_job_runner.py:222} INFO - ::endgroup::
