[2026-07-20T11:48:25.161+0545] {local_task_job_runner.py:120} INFO - ::group::Pre task execution logs
[2026-07-20T11:48:25.186+0545] {taskinstance.py:2076} INFO - Dependencies all met for dep_context=non-requeueable deps ti=<TaskInstance: network_traffic_pipeline.load_csv_to_oracle manual__2026-07-20T06:03:00.668614+00:00 [queued]>
[2026-07-20T11:48:25.195+0545] {taskinstance.py:2076} INFO - Dependencies all met for dep_context=requeueable deps ti=<TaskInstance: network_traffic_pipeline.load_csv_to_oracle manual__2026-07-20T06:03:00.668614+00:00 [queued]>
[2026-07-20T11:48:25.195+0545] {taskinstance.py:2306} INFO - Starting attempt 1 of 2
[2026-07-20T11:48:25.231+0545] {taskinstance.py:2330} INFO - Executing <Task(BashOperator): load_csv_to_oracle> on 2026-07-20 06:03:00.668614+00:00
[2026-07-20T11:48:25.236+0545] {standard_task_runner.py:64} INFO - Started process 41266 to run task
[2026-07-20T11:48:25.239+0545] {standard_task_runner.py:90} INFO - Running: ['airflow', 'tasks', 'run', 'network_traffic_pipeline', 'load_csv_to_oracle', 'manual__2026-07-20T06:03:00.668614+00:00', '--job-id', '93', '--raw', '--subdir', 'DAGS_FOLDER/network_traffic_pipeline_dag.py', '--cfg-path', '/tmp/tmpsuhtpmi6']
[2026-07-20T11:48:25.241+0545] {standard_task_runner.py:91} INFO - Job 93: Subtask load_csv_to_oracle
[2026-07-20T11:48:25.275+0545] {task_command.py:426} INFO - Running <TaskInstance: network_traffic_pipeline.load_csv_to_oracle manual__2026-07-20T06:03:00.668614+00:00 [running]> on host snigdh-IdeaPad-Slim-3-15IAH8
[2026-07-20T11:48:25.342+0545] {taskinstance.py:2648} INFO - Exporting env vars: AIRFLOW_CTX_DAG_OWNER='you' AIRFLOW_CTX_DAG_ID='network_traffic_pipeline' AIRFLOW_CTX_TASK_ID='load_csv_to_oracle' AIRFLOW_CTX_EXECUTION_DATE='2026-07-20T06:03:00.668614+00:00' AIRFLOW_CTX_TRY_NUMBER='1' AIRFLOW_CTX_DAG_RUN_ID='manual__2026-07-20T06:03:00.668614+00:00'
[2026-07-20T11:48:25.343+0545] {taskinstance.py:430} INFO - ::endgroup::
[2026-07-20T11:48:25.344+0545] {subprocess.py:63} INFO - Tmp dir root location: /tmp
[2026-07-20T11:48:25.344+0545] {subprocess.py:75} INFO - Running command: ['/usr/bin/bash', '-c', "cd /home/snigdh/repos/bigData && docker-compose exec -T oracle bash -c 'cat > /tmp/dcs_test.csv' < dcs_test.csv && cat init.sql | docker-compose exec -T oracle sqlplus system/demo_password@localhost/XE"]
[2026-07-20T11:48:25.352+0545] {subprocess.py:86} INFO - Output:
[2026-07-20T11:48:26.404+0545] {subprocess.py:93} INFO - 
[2026-07-20T11:48:26.405+0545] {subprocess.py:93} INFO - SQL*Plus: Release 21.0.0.0.0 - Production on Mon Jul 20 06:03:26 2026
[2026-07-20T11:48:26.405+0545] {subprocess.py:93} INFO - Version 21.3.0.0.0
[2026-07-20T11:48:26.405+0545] {subprocess.py:93} INFO - 
[2026-07-20T11:48:26.405+0545] {subprocess.py:93} INFO - Copyright (c) 1982, 2021, Oracle.  All rights reserved.
[2026-07-20T11:48:26.406+0545] {subprocess.py:93} INFO - 
[2026-07-20T11:48:26.469+0545] {subprocess.py:93} INFO - Last Successful login time: Mon Sep 30 2024 01:54:37 +00:00
[2026-07-20T11:48:26.469+0545] {subprocess.py:93} INFO - 
[2026-07-20T11:48:26.470+0545] {subprocess.py:93} INFO - Connected to:
[2026-07-20T11:48:26.470+0545] {subprocess.py:93} INFO - Oracle Database 21c Express Edition Release 21.0.0.0.0 - Production
[2026-07-20T11:48:26.470+0545] {subprocess.py:93} INFO - Version 21.3.0.0.0
[2026-07-20T11:48:26.470+0545] {subprocess.py:93} INFO - 
[2026-07-20T11:48:26.502+0545] {subprocess.py:93} INFO - SQL> SQL> SQL> DROP TABLE network_traffic PURGE
[2026-07-20T11:48:26.502+0545] {subprocess.py:93} INFO -            *
[2026-07-20T11:48:26.502+0545] {subprocess.py:93} INFO - ERROR at line 1:
[2026-07-20T11:48:26.502+0545] {subprocess.py:93} INFO - ORA-00942: table or view does not exist
[2026-07-20T11:48:26.502+0545] {subprocess.py:93} INFO - 
[2026-07-20T11:48:26.503+0545] {subprocess.py:93} INFO - 
[2026-07-20T11:48:26.535+0545] {subprocess.py:93} INFO - SQL> SQL> SQL> SQL>
[2026-07-20T11:48:26.536+0545] {subprocess.py:93} INFO - Directory created.
[2026-07-20T11:48:26.536+0545] {subprocess.py:93} INFO - 
[2026-07-20T11:48:26.651+0545] {subprocess.py:93} INFO - SQL> SQL> SQL>   2    3    4    5    6    7    8
[2026-07-20T11:48:26.651+0545] {subprocess.py:93} INFO - Table created.
[2026-07-20T11:48:26.652+0545] {subprocess.py:93} INFO - 
[2026-07-20T11:48:27.301+0545] {subprocess.py:93} INFO - SQL> SQL> SQL>   2    3    4    5    6    7    8    9   10   11   12   13   14   15   16   17   18   19   20   21   22   23   24   25   26   27   28   29   30   31   32   33   34   35   36   37   38   39   40   41   42   43   44   45   46   47   48   49   50   51   52
[2026-07-20T11:48:27.301+0545] {subprocess.py:93} INFO - PL/SQL procedure successfully completed.
[2026-07-20T11:48:27.302+0545] {subprocess.py:93} INFO - 
[2026-07-20T11:48:27.303+0545] {subprocess.py:93} INFO - SQL> Disconnected from Oracle Database 21c Express Edition Release 21.0.0.0.0 - Production
[2026-07-20T11:48:27.304+0545] {subprocess.py:93} INFO - Version 21.3.0.0.0
[2026-07-20T11:48:27.388+0545] {subprocess.py:97} INFO - Command exited with return code 0
[2026-07-20T11:48:27.389+0545] {taskinstance.py:441} INFO - ::group::Post task execution logs
[2026-07-20T11:48:27.424+0545] {taskinstance.py:1206} INFO - Marking task as SUCCESS. dag_id=network_traffic_pipeline, task_id=load_csv_to_oracle, run_id=manual__2026-07-20T06:03:00.668614+00:00, execution_date=20260720T060300, start_date=20260720T060325, end_date=20260720T060327
[2026-07-20T11:48:27.458+0545] {local_task_job_runner.py:243} INFO - Task exited with return code 0
[2026-07-20T11:48:27.495+0545] {taskinstance.py:3503} INFO - 1 downstream tasks scheduled from follow-on schedule check
[2026-07-20T11:48:27.510+0545] {local_task_job_runner.py:222} INFO - ::endgroup::
