[2026-07-20T20:42:18.862+0545] {local_task_job_runner.py:120} INFO - ::group::Pre task execution logs
[2026-07-20T20:42:18.873+0545] {taskinstance.py:2076} INFO - Dependencies all met for dep_context=non-requeueable deps ti=<TaskInstance: network_traffic_pipeline.autoencoder_family.deep_embedding manual__2026-07-20T02:23:05.960611+00:00 [queued]>
[2026-07-20T20:42:18.876+0545] {taskinstance.py:2076} INFO - Dependencies all met for dep_context=requeueable deps ti=<TaskInstance: network_traffic_pipeline.autoencoder_family.deep_embedding manual__2026-07-20T02:23:05.960611+00:00 [queued]>
[2026-07-20T20:42:18.877+0545] {taskinstance.py:2306} INFO - Starting attempt 1 of 2
[2026-07-20T20:42:18.885+0545] {taskinstance.py:2330} INFO - Executing <Task(BashOperator): autoencoder_family.deep_embedding> on 2026-07-20 02:23:05.960611+00:00
[2026-07-20T20:42:18.889+0545] {standard_task_runner.py:64} INFO - Started process 78236 to run task
[2026-07-20T20:42:18.891+0545] {standard_task_runner.py:90} INFO - Running: ['airflow', 'tasks', 'run', 'network_traffic_pipeline', 'autoencoder_family.deep_embedding', 'manual__2026-07-20T02:23:05.960611+00:00', '--job-id', '83', '--raw', '--subdir', 'DAGS_FOLDER/network_traffic_pipeline_dag.py', '--cfg-path', '/tmp/tmpv1slr5j3']
[2026-07-20T20:42:18.892+0545] {standard_task_runner.py:91} INFO - Job 83: Subtask autoencoder_family.deep_embedding
[2026-07-20T20:42:18.914+0545] {task_command.py:426} INFO - Running <TaskInstance: network_traffic_pipeline.autoencoder_family.deep_embedding manual__2026-07-20T02:23:05.960611+00:00 [running]> on host snigdh-IdeaPad-Slim-3-15IAH8
[2026-07-20T20:42:18.949+0545] {taskinstance.py:2648} INFO - Exporting env vars: AIRFLOW_CTX_DAG_OWNER='you' AIRFLOW_CTX_DAG_ID='network_traffic_pipeline' AIRFLOW_CTX_TASK_ID='autoencoder_family.deep_embedding' AIRFLOW_CTX_EXECUTION_DATE='2026-07-20T02:23:05.960611+00:00' AIRFLOW_CTX_TRY_NUMBER='1' AIRFLOW_CTX_DAG_RUN_ID='manual__2026-07-20T02:23:05.960611+00:00'
[2026-07-20T20:42:18.950+0545] {taskinstance.py:430} INFO - ::endgroup::
[2026-07-20T20:42:18.951+0545] {subprocess.py:63} INFO - Tmp dir root location: /tmp
[2026-07-20T20:42:18.951+0545] {subprocess.py:75} INFO - Running command: ['/usr/bin/bash', '-c', 'cd /home/snigdh/repos/bigData && docker-compose exec spark-master /opt/spark/bin/spark-submit --master spark://localhost:7077 --py-files /app/common.py --conf spark.ui.port=4040 --conf spark.sql.extensions=io.delta.sql.DeltaSparkSessionExtension --conf spark.sql.catalog.spark_catalog=org.apache.spark.sql.delta.catalog.DeltaCatalog /app/task_deep_embedding.py']
[2026-07-20T20:42:18.958+0545] {subprocess.py:86} INFO - Output:
[2026-07-20T20:42:29.967+0545] {subprocess.py:93} INFO - 26/07/20 14:57:29 INFO SparkContext: Running Spark version 3.5.0
[2026-07-20T20:42:29.968+0545] {subprocess.py:93} INFO - 26/07/20 14:57:29 INFO SparkContext: OS info Linux, 6.8.0-136-generic, amd64
[2026-07-20T20:42:29.969+0545] {subprocess.py:93} INFO - 26/07/20 14:57:29 INFO SparkContext: Java version 11.0.20.1
[2026-07-20T20:42:30.067+0545] {subprocess.py:93} INFO - 26/07/20 14:57:30 INFO ResourceUtils: ==============================================================
[2026-07-20T20:42:30.067+0545] {subprocess.py:93} INFO - 26/07/20 14:57:30 INFO ResourceUtils: No custom resources configured for spark.driver.
[2026-07-20T20:42:30.067+0545] {subprocess.py:93} INFO - 26/07/20 14:57:30 INFO ResourceUtils: ==============================================================
[2026-07-20T20:42:30.151+0545] {subprocess.py:93} INFO - 26/07/20 14:57:30 INFO SparkContext: Submitted application: anomaly_deep_embedding
[2026-07-20T20:42:30.170+0545] {subprocess.py:93} INFO - 26/07/20 14:57:30 INFO ResourceProfile: Default ResourceProfile created, executor resources: Map(memory -> name: memory, amount: 1024, script: , vendor: , offHeap -> name: offHeap, amount: 0, script: , vendor: ), task resources: Map(cpus -> name: cpus, amount: 1.0)
[2026-07-20T20:42:30.178+0545] {subprocess.py:93} INFO - 26/07/20 14:57:30 INFO ResourceProfile: Limiting resource is cpu
[2026-07-20T20:42:30.178+0545] {subprocess.py:93} INFO - 26/07/20 14:57:30 INFO ResourceProfileManager: Added ResourceProfile id: 0
[2026-07-20T20:42:30.364+0545] {subprocess.py:93} INFO - 26/07/20 14:57:30 INFO SecurityManager: Changing view acls to: spark
[2026-07-20T20:42:30.364+0545] {subprocess.py:93} INFO - 26/07/20 14:57:30 INFO SecurityManager: Changing modify acls to: spark
[2026-07-20T20:42:30.364+0545] {subprocess.py:93} INFO - 26/07/20 14:57:30 INFO SecurityManager: Changing view acls groups to:
[2026-07-20T20:42:30.365+0545] {subprocess.py:93} INFO - 26/07/20 14:57:30 INFO SecurityManager: Changing modify acls groups to:
[2026-07-20T20:42:30.365+0545] {subprocess.py:93} INFO - 26/07/20 14:57:30 INFO SecurityManager: SecurityManager: authentication disabled; ui acls disabled; users with view permissions: spark; groups with view permissions: EMPTY; users with modify permissions: spark; groups with modify permissions: EMPTY
[2026-07-20T20:42:31.053+0545] {subprocess.py:93} INFO - 26/07/20 14:57:31 INFO Utils: Successfully started service 'sparkDriver' on port 44175.
[2026-07-20T20:42:31.160+0545] {subprocess.py:93} INFO - 26/07/20 14:57:31 INFO SparkEnv: Registering MapOutputTracker
[2026-07-20T20:42:31.277+0545] {subprocess.py:93} INFO - 26/07/20 14:57:31 INFO SparkEnv: Registering BlockManagerMaster
[2026-07-20T20:42:31.358+0545] {subprocess.py:93} INFO - 26/07/20 14:57:31 INFO BlockManagerMasterEndpoint: Using org.apache.spark.storage.DefaultTopologyMapper for getting topology information
[2026-07-20T20:42:31.358+0545] {subprocess.py:93} INFO - 26/07/20 14:57:31 INFO BlockManagerMasterEndpoint: BlockManagerMasterEndpoint up
[2026-07-20T20:42:31.361+0545] {subprocess.py:93} INFO - 26/07/20 14:57:31 INFO SparkEnv: Registering BlockManagerMasterHeartbeat
[2026-07-20T20:42:31.455+0545] {subprocess.py:93} INFO - 26/07/20 14:57:31 INFO DiskBlockManager: Created local directory at /tmp/blockmgr-1addfc72-1a6c-4341-9cc3-264124a25aac
[2026-07-20T20:42:31.465+0545] {subprocess.py:93} INFO - 26/07/20 14:57:31 INFO MemoryStore: MemoryStore started with capacity 413.9 MiB
[2026-07-20T20:42:31.560+0545] {subprocess.py:93} INFO - 26/07/20 14:57:31 INFO SparkEnv: Registering OutputCommitCoordinator
[2026-07-20T20:42:31.963+0545] {subprocess.py:93} INFO - 26/07/20 14:57:31 INFO JettyUtils: Start Jetty 0.0.0.0:4040 for SparkUI
[2026-07-20T20:42:32.082+0545] {subprocess.py:93} INFO - 26/07/20 14:57:32 INFO Utils: Successfully started service 'SparkUI' on port 4040.
[2026-07-20T20:42:32.178+0545] {subprocess.py:93} INFO - 26/07/20 14:57:32 INFO SparkContext: Added file file:///app/common.py at spark://bfe6d2784474:44175/files/common.py with timestamp 1784559449958
[2026-07-20T20:42:32.178+0545] {subprocess.py:93} INFO - 26/07/20 14:57:32 INFO Utils: Copying /app/common.py to /tmp/spark-1dcf8a29-ea04-4af9-b113-d50df00f39bb/userFiles-17da4625-6eea-4196-ab54-3795de84c6c9/common.py
[2026-07-20T20:42:32.556+0545] {subprocess.py:93} INFO - 26/07/20 14:57:32 INFO StandaloneAppClient$ClientEndpoint: Connecting to master spark://localhost:7077...
[2026-07-20T20:42:32.771+0545] {subprocess.py:93} INFO - 26/07/20 14:57:32 INFO TransportClientFactory: Successfully created connection to localhost/127.0.0.1:7077 after 111 ms (0 ms spent in bootstraps)
[2026-07-20T20:42:33.153+0545] {subprocess.py:93} INFO - 26/07/20 14:57:33 INFO StandaloneSchedulerBackend: Connected to Spark cluster with app ID app-20260720145733-0017
[2026-07-20T20:42:33.157+0545] {subprocess.py:93} INFO - 26/07/20 14:57:33 INFO StandaloneAppClient$ClientEndpoint: Executor added: app-20260720145733-0017/0 on worker-20260720022328-spark-worker2-8083 (spark-worker2:8083) with 1 core(s)
[2026-07-20T20:42:33.252+0545] {subprocess.py:93} INFO - 26/07/20 14:57:33 INFO StandaloneSchedulerBackend: Granted executor ID app-20260720145733-0017/0 on hostPort spark-worker2:8083 with 1 core(s), 1024.0 MiB RAM
[2026-07-20T20:42:33.253+0545] {subprocess.py:93} INFO - 26/07/20 14:57:33 INFO StandaloneAppClient$ClientEndpoint: Executor added: app-20260720145733-0017/1 on worker-20260720022328-spark-worker1-8081 (spark-worker1:8081) with 1 core(s)
[2026-07-20T20:42:33.253+0545] {subprocess.py:93} INFO - 26/07/20 14:57:33 INFO StandaloneSchedulerBackend: Granted executor ID app-20260720145733-0017/1 on hostPort spark-worker1:8081 with 1 core(s), 1024.0 MiB RAM
[2026-07-20T20:42:33.257+0545] {subprocess.py:93} INFO - 26/07/20 14:57:33 INFO Utils: Successfully started service 'org.apache.spark.network.netty.NettyBlockTransferService' on port 35037.
[2026-07-20T20:42:33.257+0545] {subprocess.py:93} INFO - 26/07/20 14:57:33 INFO NettyBlockTransferService: Server created on bfe6d2784474:35037
[2026-07-20T20:42:33.352+0545] {subprocess.py:93} INFO - 26/07/20 14:57:33 INFO BlockManager: Using org.apache.spark.storage.RandomBlockReplicationPolicy for block replication policy
[2026-07-20T20:42:33.358+0545] {subprocess.py:93} INFO - 26/07/20 14:57:33 INFO StandaloneAppClient$ClientEndpoint: Executor updated: app-20260720145733-0017/1 is now RUNNING
[2026-07-20T20:42:33.451+0545] {subprocess.py:93} INFO - 26/07/20 14:57:33 INFO StandaloneAppClient$ClientEndpoint: Executor updated: app-20260720145733-0017/0 is now RUNNING
[2026-07-20T20:42:33.459+0545] {subprocess.py:93} INFO - 26/07/20 14:57:33 INFO BlockManagerMaster: Registering BlockManager BlockManagerId(driver, bfe6d2784474, 35037, None)
[2026-07-20T20:42:33.463+0545] {subprocess.py:93} INFO - 26/07/20 14:57:33 INFO BlockManagerMasterEndpoint: Registering block manager bfe6d2784474:35037 with 413.9 MiB RAM, BlockManagerId(driver, bfe6d2784474, 35037, None)
[2026-07-20T20:42:33.465+0545] {subprocess.py:93} INFO - 26/07/20 14:57:33 INFO BlockManagerMaster: Registered BlockManager BlockManagerId(driver, bfe6d2784474, 35037, None)
[2026-07-20T20:42:33.466+0545] {subprocess.py:93} INFO - 26/07/20 14:57:33 INFO BlockManager: Initialized BlockManager: BlockManagerId(driver, bfe6d2784474, 35037, None)
[2026-07-20T20:42:34.266+0545] {subprocess.py:93} INFO - 26/07/20 14:57:34 INFO StandaloneSchedulerBackend: SchedulerBackend is ready for scheduling beginning after reached minRegisteredResourcesRatio: 0.0
[2026-07-20T20:43:10.167+0545] {subprocess.py:93} INFO - 26/07/20 14:58:10 WARN SparkStringUtils: Truncated the string representation of a plan since it was too large. This behavior can be adjusted by setting 'spark.sql.debug.maxToStringFields'.
[2026-07-20T20:44:09.546+0545] {subprocess.py:93} INFO - 26/07/20 14:59:09 WARN InstanceBuilder: Failed to load implementation from:dev.ludovic.netlib.blas.JNIBLAS
[2026-07-20T20:44:23.669+0545] {subprocess.py:93} INFO - [Driver] deepemb_cluster counts: {1: 1036, 6: 1149, 3: 29, 5: 865, 4: 1238, 7: 1878, 2: 2112, 0: 1693}, minority=3
[2026-07-20T20:44:30.853+0545] {subprocess.py:93} INFO - [Driver] Wrote 'deep_embedding' output -> hdfs://namenode:9000/user/demo/_scores/deep_embedding
[2026-07-20T20:44:32.869+0545] {subprocess.py:97} INFO - Command exited with return code 0
[2026-07-20T20:44:32.870+0545] {taskinstance.py:441} INFO - ::group::Post task execution logs
[2026-07-20T20:44:32.884+0545] {taskinstance.py:1206} INFO - Marking task as SUCCESS. dag_id=network_traffic_pipeline, task_id=autoencoder_family.deep_embedding, run_id=manual__2026-07-20T02:23:05.960611+00:00, execution_date=20260720T022305, start_date=20260720T145718, end_date=20260720T145932
[2026-07-20T20:44:32.916+0545] {local_task_job_runner.py:243} INFO - Task exited with return code 0
[2026-07-20T20:44:32.930+0545] {taskinstance.py:3503} INFO - 0 downstream tasks scheduled from follow-on schedule check
[2026-07-20T20:44:32.930+0545] {local_task_job_runner.py:222} INFO - ::endgroup::
