[2026-07-20T12:07:23.520+0545] {local_task_job_runner.py:120} INFO - ::group::Pre task execution logs
[2026-07-20T12:07:23.530+0545] {taskinstance.py:2076} INFO - Dependencies all met for dep_context=non-requeueable deps ti=<TaskInstance: network_traffic_pipeline.start_containers manual__2026-07-20T06:22:21.878481+00:00 [queued]>
[2026-07-20T12:07:23.534+0545] {taskinstance.py:2076} INFO - Dependencies all met for dep_context=requeueable deps ti=<TaskInstance: network_traffic_pipeline.start_containers manual__2026-07-20T06:22:21.878481+00:00 [queued]>
[2026-07-20T12:07:23.534+0545] {taskinstance.py:2306} INFO - Starting attempt 1 of 2
[2026-07-20T12:07:23.542+0545] {taskinstance.py:2330} INFO - Executing <Task(BashOperator): start_containers> on 2026-07-20 06:22:21.878481+00:00
[2026-07-20T12:07:23.545+0545] {standard_task_runner.py:64} INFO - Started process 51455 to run task
[2026-07-20T12:07:23.548+0545] {standard_task_runner.py:90} INFO - Running: ['airflow', 'tasks', 'run', 'network_traffic_pipeline', 'start_containers', 'manual__2026-07-20T06:22:21.878481+00:00', '--job-id', '97', '--raw', '--subdir', 'DAGS_FOLDER/network_traffic_pipeline_dag.py', '--cfg-path', '/tmp/tmpd55_ux5m']
[2026-07-20T12:07:23.549+0545] {standard_task_runner.py:91} INFO - Job 97: Subtask start_containers
[2026-07-20T12:07:23.570+0545] {task_command.py:426} INFO - Running <TaskInstance: network_traffic_pipeline.start_containers manual__2026-07-20T06:22:21.878481+00:00 [running]> on host snigdh-IdeaPad-Slim-3-15IAH8
[2026-07-20T12:07:23.611+0545] {taskinstance.py:2648} INFO - Exporting env vars: AIRFLOW_CTX_DAG_OWNER='you' AIRFLOW_CTX_DAG_ID='network_traffic_pipeline' AIRFLOW_CTX_TASK_ID='start_containers' AIRFLOW_CTX_EXECUTION_DATE='2026-07-20T06:22:21.878481+00:00' AIRFLOW_CTX_TRY_NUMBER='1' AIRFLOW_CTX_DAG_RUN_ID='manual__2026-07-20T06:22:21.878481+00:00'
[2026-07-20T12:07:23.611+0545] {taskinstance.py:430} INFO - ::endgroup::
[2026-07-20T12:07:23.612+0545] {subprocess.py:63} INFO - Tmp dir root location: /tmp
[2026-07-20T12:07:23.612+0545] {subprocess.py:75} INFO - Running command: ['/usr/bin/bash', '-c', 'cd /home/snigdh/repos/bigData && docker-compose up -d && sleep 15']
[2026-07-20T12:07:23.620+0545] {subprocess.py:86} INFO - Output:
[2026-07-20T12:07:23.833+0545] {subprocess.py:93} INFO - Creating network "bigdata_bigdata-net" with driver "bridge"
[2026-07-20T12:07:24.054+0545] {subprocess.py:93} INFO - Creating bigdata_namenode_1 ...
[2026-07-20T12:07:24.055+0545] {subprocess.py:93} INFO - Creating bigdata_spark-master_1 ...
[2026-07-20T12:07:24.056+0545] {subprocess.py:93} INFO - Creating bigdata_oracle_1       ...
[2026-07-20T12:07:24.330+0545] {subprocess.py:93} INFO - Creating bigdata_oracle_1       ... done
[2026-07-20T12:07:24.366+0545] {subprocess.py:93} INFO - Creating bigdata_spark-master_1 ... done
[2026-07-20T12:07:24.369+0545] {subprocess.py:93} INFO - Creating bigdata_spark-worker2_1 ...
[2026-07-20T12:07:24.370+0545] {subprocess.py:93} INFO - Creating bigdata_spark-worker1_1 ...
[2026-07-20T12:07:24.396+0545] {subprocess.py:93} INFO - Creating bigdata_namenode_1      ... done
[2026-07-20T12:07:24.402+0545] {subprocess.py:93} INFO - Creating bigdata_datanode2_1     ...
[2026-07-20T12:07:24.403+0545] {subprocess.py:93} INFO - Creating bigdata_datanode1_1     ...
[2026-07-20T12:07:24.725+0545] {subprocess.py:93} INFO - Creating bigdata_spark-worker1_1 ... done
[2026-07-20T12:07:24.751+0545] {subprocess.py:93} INFO - Creating bigdata_spark-worker2_1 ... done
[2026-07-20T12:07:24.768+0545] {subprocess.py:93} INFO - Creating bigdata_datanode2_1     ... done
[2026-07-20T12:07:24.786+0545] {subprocess.py:93} INFO - Creating bigdata_datanode1_1     ... done
[2026-07-20T12:07:39.866+0545] {subprocess.py:97} INFO - Command exited with return code 0
[2026-07-20T12:07:39.875+0545] {taskinstance.py:441} INFO - ::group::Post task execution logs
[2026-07-20T12:07:39.917+0545] {taskinstance.py:1206} INFO - Marking task as SUCCESS. dag_id=network_traffic_pipeline, task_id=start_containers, run_id=manual__2026-07-20T06:22:21.878481+00:00, execution_date=20260720T062221, start_date=20260720T062223, end_date=20260720T062239
[2026-07-20T12:07:39.968+0545] {local_task_job_runner.py:243} INFO - Task exited with return code 0
[2026-07-20T12:07:39.998+0545] {taskinstance.py:3503} INFO - 1 downstream tasks scheduled from follow-on schedule check
[2026-07-20T12:07:40.002+0545] {local_task_job_runner.py:222} INFO - ::endgroup::
