[2026-07-19T19:30:19.698+0545] {local_task_job_runner.py:120} INFO - ::group::Pre task execution logs
[2026-07-19T19:30:19.708+0545] {taskinstance.py:2076} INFO - Dependencies all met for dep_context=non-requeueable deps ti=<TaskInstance: network_traffic_pipeline.load_csv_to_oracle manual__2026-07-19T13:45:00.072255+00:00 [queued]>
[2026-07-19T19:30:19.711+0545] {taskinstance.py:2076} INFO - Dependencies all met for dep_context=requeueable deps ti=<TaskInstance: network_traffic_pipeline.load_csv_to_oracle manual__2026-07-19T13:45:00.072255+00:00 [queued]>
[2026-07-19T19:30:19.711+0545] {taskinstance.py:2306} INFO - Starting attempt 1 of 2
[2026-07-19T19:30:19.719+0545] {taskinstance.py:2330} INFO - Executing <Task(BashOperator): load_csv_to_oracle> on 2026-07-19 13:45:00.072255+00:00
[2026-07-19T19:30:19.722+0545] {standard_task_runner.py:64} INFO - Started process 67753 to run task
[2026-07-19T19:30:19.723+0545] {standard_task_runner.py:90} INFO - Running: ['airflow', 'tasks', 'run', 'network_traffic_pipeline', 'load_csv_to_oracle', 'manual__2026-07-19T13:45:00.072255+00:00', '--job-id', '42', '--raw', '--subdir', 'DAGS_FOLDER/network_traffic_pipeline_dag.py', '--cfg-path', '/tmp/tmptji3zdjf']
[2026-07-19T19:30:19.724+0545] {standard_task_runner.py:91} INFO - Job 42: Subtask load_csv_to_oracle
[2026-07-19T19:30:19.745+0545] {task_command.py:426} INFO - Running <TaskInstance: network_traffic_pipeline.load_csv_to_oracle manual__2026-07-19T13:45:00.072255+00:00 [running]> on host snigdh-IdeaPad-Slim-3-15IAH8
[2026-07-19T19:30:19.774+0545] {taskinstance.py:2648} INFO - Exporting env vars: AIRFLOW_CTX_DAG_OWNER='you' AIRFLOW_CTX_DAG_ID='network_traffic_pipeline' AIRFLOW_CTX_TASK_ID='load_csv_to_oracle' AIRFLOW_CTX_EXECUTION_DATE='2026-07-19T13:45:00.072255+00:00' AIRFLOW_CTX_TRY_NUMBER='1' AIRFLOW_CTX_DAG_RUN_ID='manual__2026-07-19T13:45:00.072255+00:00'
[2026-07-19T19:30:19.775+0545] {taskinstance.py:430} INFO - ::endgroup::
[2026-07-19T19:30:19.775+0545] {subprocess.py:63} INFO - Tmp dir root location: /tmp
[2026-07-19T19:30:19.776+0545] {subprocess.py:75} INFO - Running command: ['/usr/bin/bash', '-c', "cd /home/snigdh/repos/bigData && docker-compose exec -T oracle bash -c 'cat > /tmp/dcs_test.csv' < dcs_test.csv && cat init.sql | docker-compose exec -T oracle sqlplus system/demo_password@localhost/XE"]
[2026-07-19T19:30:19.781+0545] {subprocess.py:86} INFO - Output:
[2026-07-19T19:30:20.298+0545] {subprocess.py:93} INFO - 
[2026-07-19T19:30:20.298+0545] {subprocess.py:93} INFO - SQL*Plus: Release 21.0.0.0.0 - Production on Sun Jul 19 13:45:20 2026
[2026-07-19T19:30:20.299+0545] {subprocess.py:93} INFO - Version 21.3.0.0.0
[2026-07-19T19:30:20.299+0545] {subprocess.py:93} INFO - 
[2026-07-19T19:30:20.299+0545] {subprocess.py:93} INFO - Copyright (c) 1982, 2021, Oracle.  All rights reserved.
[2026-07-19T19:30:20.299+0545] {subprocess.py:93} INFO - 
[2026-07-19T19:30:20.330+0545] {subprocess.py:93} INFO - Last Successful login time: Mon Sep 30 2024 01:54:37 +00:00
[2026-07-19T19:30:20.330+0545] {subprocess.py:93} INFO - 
[2026-07-19T19:30:20.330+0545] {subprocess.py:93} INFO - Connected to:
[2026-07-19T19:30:20.330+0545] {subprocess.py:93} INFO - Oracle Database 21c Express Edition Release 21.0.0.0.0 - Production
[2026-07-19T19:30:20.330+0545] {subprocess.py:93} INFO - Version 21.3.0.0.0
[2026-07-19T19:30:20.330+0545] {subprocess.py:93} INFO - 
[2026-07-19T19:30:20.345+0545] {subprocess.py:93} INFO - SQL> SQL> SQL> DROP TABLE network_traffic PURGE
[2026-07-19T19:30:20.345+0545] {subprocess.py:93} INFO -            *
[2026-07-19T19:30:20.345+0545] {subprocess.py:93} INFO - ERROR at line 1:
[2026-07-19T19:30:20.345+0545] {subprocess.py:93} INFO - ORA-00942: table or view does not exist
[2026-07-19T19:30:20.346+0545] {subprocess.py:93} INFO - 
[2026-07-19T19:30:20.346+0545] {subprocess.py:93} INFO - 
[2026-07-19T19:30:20.355+0545] {subprocess.py:93} INFO - SQL> SQL> SQL> SQL>
[2026-07-19T19:30:20.355+0545] {subprocess.py:93} INFO - Directory created.
[2026-07-19T19:30:20.355+0545] {subprocess.py:93} INFO - 
[2026-07-19T19:30:20.404+0545] {subprocess.py:93} INFO - SQL> SQL> SQL>   2    3    4    5    6    7    8
[2026-07-19T19:30:20.405+0545] {subprocess.py:93} INFO - Table created.
[2026-07-19T19:30:20.405+0545] {subprocess.py:93} INFO - 
[2026-07-19T19:30:20.886+0545] {subprocess.py:93} INFO - SQL> SQL> SQL>   2    3    4    5    6    7    8    9   10   11   12   13   14   15   16   17   18   19   20   21   22   23   24   25   26   27   28   29   30   31   32   33   34   35   36   37   38   39   40   41   42
[2026-07-19T19:30:20.886+0545] {subprocess.py:93} INFO - PL/SQL procedure successfully completed.
[2026-07-19T19:30:20.886+0545] {subprocess.py:93} INFO - 
[2026-07-19T19:30:20.887+0545] {subprocess.py:93} INFO - SQL> Disconnected from Oracle Database 21c Express Edition Release 21.0.0.0.0 - Production
[2026-07-19T19:30:20.887+0545] {subprocess.py:93} INFO - Version 21.3.0.0.0
[2026-07-19T19:30:20.918+0545] {subprocess.py:97} INFO - Command exited with return code 0
[2026-07-19T19:30:20.919+0545] {taskinstance.py:441} INFO - ::group::Post task execution logs
[2026-07-19T19:30:20.930+0545] {taskinstance.py:1206} INFO - Marking task as SUCCESS. dag_id=network_traffic_pipeline, task_id=load_csv_to_oracle, run_id=manual__2026-07-19T13:45:00.072255+00:00, execution_date=20260719T134500, start_date=20260719T134519, end_date=20260719T134520
[2026-07-19T19:30:20.978+0545] {local_task_job_runner.py:243} INFO - Task exited with return code 0
[2026-07-19T19:30:20.997+0545] {taskinstance.py:3503} INFO - 1 downstream tasks scheduled from follow-on schedule check
[2026-07-19T19:30:21.001+0545] {local_task_job_runner.py:222} INFO - ::endgroup::
