[2026-07-20T13:19:39.499+0545] {local_task_job_runner.py:120} INFO - ::group::Pre task execution logs
[2026-07-20T13:19:39.512+0545] {taskinstance.py:2076} INFO - Dependencies all met for dep_context=non-requeueable deps ti=<TaskInstance: network_traffic_pipeline.ensemble_report manual__2026-07-20T06:51:36.359976+00:00 [queued]>
[2026-07-20T13:19:39.516+0545] {taskinstance.py:2076} INFO - Dependencies all met for dep_context=requeueable deps ti=<TaskInstance: network_traffic_pipeline.ensemble_report manual__2026-07-20T06:51:36.359976+00:00 [queued]>
[2026-07-20T13:19:39.516+0545] {taskinstance.py:2306} INFO - Starting attempt 1 of 2
[2026-07-20T13:19:39.526+0545] {taskinstance.py:2330} INFO - Executing <Task(BashOperator): ensemble_report> on 2026-07-20 06:51:36.359976+00:00
[2026-07-20T13:19:39.530+0545] {standard_task_runner.py:64} INFO - Started process 105835 to run task
[2026-07-20T13:19:39.532+0545] {standard_task_runner.py:90} INFO - Running: ['airflow', 'tasks', 'run', 'network_traffic_pipeline', 'ensemble_report', 'manual__2026-07-20T06:51:36.359976+00:00', '--job-id', '123', '--raw', '--subdir', 'DAGS_FOLDER/network_traffic_pipeline_dag.py', '--cfg-path', '/tmp/tmpecvky5jo']
[2026-07-20T13:19:39.533+0545] {standard_task_runner.py:91} INFO - Job 123: Subtask ensemble_report
[2026-07-20T13:19:39.555+0545] {task_command.py:426} INFO - Running <TaskInstance: network_traffic_pipeline.ensemble_report manual__2026-07-20T06:51:36.359976+00:00 [running]> on host snigdh-IdeaPad-Slim-3-15IAH8
[2026-07-20T13:19:39.595+0545] {taskinstance.py:2648} INFO - Exporting env vars: AIRFLOW_CTX_DAG_OWNER='you' AIRFLOW_CTX_DAG_ID='network_traffic_pipeline' AIRFLOW_CTX_TASK_ID='ensemble_report' AIRFLOW_CTX_EXECUTION_DATE='2026-07-20T06:51:36.359976+00:00' AIRFLOW_CTX_TRY_NUMBER='1' AIRFLOW_CTX_DAG_RUN_ID='manual__2026-07-20T06:51:36.359976+00:00'
[2026-07-20T13:19:39.596+0545] {taskinstance.py:430} INFO - ::endgroup::
[2026-07-20T13:19:39.597+0545] {subprocess.py:63} INFO - Tmp dir root location: /tmp
[2026-07-20T13:19:39.597+0545] {subprocess.py:75} INFO - Running command: ['/usr/bin/bash', '-c', 'cd /home/snigdh/repos/bigData && docker-compose exec spark-master /opt/spark/bin/spark-submit --master spark://localhost:7077 --py-files /app/common.py --conf spark.ui.port=4040 --conf spark.sql.extensions=io.delta.sql.DeltaSparkSessionExtension --conf spark.sql.catalog.spark_catalog=org.apache.spark.sql.delta.catalog.DeltaCatalog /app/task_ensemble_report.py']
[2026-07-20T13:19:39.606+0545] {subprocess.py:86} INFO - Output:
[2026-07-20T13:19:51.253+0545] {subprocess.py:93} INFO - 26/07/20 07:34:51 INFO SparkContext: Running Spark version 3.5.0
[2026-07-20T13:19:51.255+0545] {subprocess.py:93} INFO - 26/07/20 07:34:51 INFO SparkContext: OS info Linux, 6.8.0-136-generic, amd64
[2026-07-20T13:19:51.255+0545] {subprocess.py:93} INFO - 26/07/20 07:34:51 INFO SparkContext: Java version 11.0.20.1
[2026-07-20T13:19:51.350+0545] {subprocess.py:93} INFO - 26/07/20 07:34:51 INFO ResourceUtils: ==============================================================
[2026-07-20T13:19:51.350+0545] {subprocess.py:93} INFO - 26/07/20 07:34:51 INFO ResourceUtils: No custom resources configured for spark.driver.
[2026-07-20T13:19:51.432+0545] {subprocess.py:93} INFO - 26/07/20 07:34:51 INFO ResourceUtils: ==============================================================
[2026-07-20T13:19:51.433+0545] {subprocess.py:93} INFO - 26/07/20 07:34:51 INFO SparkContext: Submitted application: anomaly_ensemble_report
[2026-07-20T13:19:51.450+0545] {subprocess.py:93} INFO - 26/07/20 07:34:51 INFO ResourceProfile: Default ResourceProfile created, executor resources: Map(memory -> name: memory, amount: 1024, script: , vendor: , offHeap -> name: offHeap, amount: 0, script: , vendor: ), task resources: Map(cpus -> name: cpus, amount: 1.0)
[2026-07-20T13:19:51.458+0545] {subprocess.py:93} INFO - 26/07/20 07:34:51 INFO ResourceProfile: Limiting resource is cpu
[2026-07-20T13:19:51.459+0545] {subprocess.py:93} INFO - 26/07/20 07:34:51 INFO ResourceProfileManager: Added ResourceProfile id: 0
[2026-07-20T13:19:51.648+0545] {subprocess.py:93} INFO - 26/07/20 07:34:51 INFO SecurityManager: Changing view acls to: spark
[2026-07-20T13:19:51.648+0545] {subprocess.py:93} INFO - 26/07/20 07:34:51 INFO SecurityManager: Changing modify acls to: spark
[2026-07-20T13:19:51.649+0545] {subprocess.py:93} INFO - 26/07/20 07:34:51 INFO SecurityManager: Changing view acls groups to:
[2026-07-20T13:19:51.649+0545] {subprocess.py:93} INFO - 26/07/20 07:34:51 INFO SecurityManager: Changing modify acls groups to:
[2026-07-20T13:19:51.649+0545] {subprocess.py:93} INFO - 26/07/20 07:34:51 INFO SecurityManager: SecurityManager: authentication disabled; ui acls disabled; users with view permissions: spark; groups with view permissions: EMPTY; users with modify permissions: spark; groups with modify permissions: EMPTY
[2026-07-20T13:19:52.249+0545] {subprocess.py:93} INFO - 26/07/20 07:34:52 INFO Utils: Successfully started service 'sparkDriver' on port 40135.
[2026-07-20T13:19:52.431+0545] {subprocess.py:93} INFO - 26/07/20 07:34:52 INFO SparkEnv: Registering MapOutputTracker
[2026-07-20T13:19:52.553+0545] {subprocess.py:93} INFO - 26/07/20 07:34:52 INFO SparkEnv: Registering BlockManagerMaster
[2026-07-20T13:19:52.642+0545] {subprocess.py:93} INFO - 26/07/20 07:34:52 INFO BlockManagerMasterEndpoint: Using org.apache.spark.storage.DefaultTopologyMapper for getting topology information
[2026-07-20T13:19:52.642+0545] {subprocess.py:93} INFO - 26/07/20 07:34:52 INFO BlockManagerMasterEndpoint: BlockManagerMasterEndpoint up
[2026-07-20T13:19:52.646+0545] {subprocess.py:93} INFO - 26/07/20 07:34:52 INFO SparkEnv: Registering BlockManagerMasterHeartbeat
[2026-07-20T13:19:52.658+0545] {subprocess.py:93} INFO - 26/07/20 07:34:52 INFO DiskBlockManager: Created local directory at /tmp/blockmgr-1b3b0242-881d-4ce6-a1a5-bd5a9b5b0705
[2026-07-20T13:19:52.746+0545] {subprocess.py:93} INFO - 26/07/20 07:34:52 INFO MemoryStore: MemoryStore started with capacity 413.9 MiB
[2026-07-20T13:19:52.840+0545] {subprocess.py:93} INFO - 26/07/20 07:34:52 INFO SparkEnv: Registering OutputCommitCoordinator
[2026-07-20T13:19:53.061+0545] {subprocess.py:93} INFO - 26/07/20 07:34:53 INFO JettyUtils: Start Jetty 0.0.0.0:4040 for SparkUI
[2026-07-20T13:19:53.249+0545] {subprocess.py:93} INFO - 26/07/20 07:34:53 INFO Utils: Successfully started service 'SparkUI' on port 4040.
[2026-07-20T13:19:53.343+0545] {subprocess.py:93} INFO - 26/07/20 07:34:53 INFO SparkContext: Added file file:///app/common.py at spark://e6ba47dbf3fb:40135/files/common.py with timestamp 1784532891238
[2026-07-20T13:19:53.344+0545] {subprocess.py:93} INFO - 26/07/20 07:34:53 INFO Utils: Copying /app/common.py to /tmp/spark-58cd8b0b-91d9-4b8e-9385-dfdf137d265c/userFiles-f9748445-40ca-4f89-9bad-8d50893542b7/common.py
[2026-07-20T13:19:53.843+0545] {subprocess.py:93} INFO - 26/07/20 07:34:53 INFO StandaloneAppClient$ClientEndpoint: Connecting to master spark://localhost:7077...
[2026-07-20T13:19:54.049+0545] {subprocess.py:93} INFO - 26/07/20 07:34:54 INFO TransportClientFactory: Successfully created connection to localhost/127.0.0.1:7077 after 94 ms (0 ms spent in bootstraps)
[2026-07-20T13:19:54.432+0545] {subprocess.py:93} INFO - 26/07/20 07:34:54 INFO StandaloneSchedulerBackend: Connected to Spark cluster with app ID app-20260720073454-0019
[2026-07-20T13:19:54.433+0545] {subprocess.py:93} INFO - 26/07/20 07:34:54 INFO StandaloneAppClient$ClientEndpoint: Executor added: app-20260720073454-0019/0 on worker-20260720065158-spark-worker1-8081 (spark-worker1:8081) with 1 core(s)
[2026-07-20T13:19:54.434+0545] {subprocess.py:93} INFO - 26/07/20 07:34:54 INFO StandaloneSchedulerBackend: Granted executor ID app-20260720073454-0019/0 on hostPort spark-worker1:8081 with 1 core(s), 1024.0 MiB RAM
[2026-07-20T13:19:54.435+0545] {subprocess.py:93} INFO - 26/07/20 07:34:54 INFO StandaloneAppClient$ClientEndpoint: Executor added: app-20260720073454-0019/1 on worker-20260720065158-spark-worker2-8083 (spark-worker2:8083) with 1 core(s)
[2026-07-20T13:19:54.435+0545] {subprocess.py:93} INFO - 26/07/20 07:34:54 INFO StandaloneSchedulerBackend: Granted executor ID app-20260720073454-0019/1 on hostPort spark-worker2:8083 with 1 core(s), 1024.0 MiB RAM
[2026-07-20T13:19:54.440+0545] {subprocess.py:93} INFO - 26/07/20 07:34:54 INFO Utils: Successfully started service 'org.apache.spark.network.netty.NettyBlockTransferService' on port 36109.
[2026-07-20T13:19:54.440+0545] {subprocess.py:93} INFO - 26/07/20 07:34:54 INFO NettyBlockTransferService: Server created on e6ba47dbf3fb:36109
[2026-07-20T13:19:54.442+0545] {subprocess.py:93} INFO - 26/07/20 07:34:54 INFO BlockManager: Using org.apache.spark.storage.RandomBlockReplicationPolicy for block replication policy
[2026-07-20T13:19:54.535+0545] {subprocess.py:93} INFO - 26/07/20 07:34:54 INFO StandaloneAppClient$ClientEndpoint: Executor updated: app-20260720073454-0019/1 is now RUNNING
[2026-07-20T13:19:54.535+0545] {subprocess.py:93} INFO - 26/07/20 07:34:54 INFO StandaloneAppClient$ClientEndpoint: Executor updated: app-20260720073454-0019/0 is now RUNNING
[2026-07-20T13:19:54.537+0545] {subprocess.py:93} INFO - 26/07/20 07:34:54 INFO BlockManagerMaster: Registering BlockManager BlockManagerId(driver, e6ba47dbf3fb, 36109, None)
[2026-07-20T13:19:54.542+0545] {subprocess.py:93} INFO - 26/07/20 07:34:54 INFO BlockManagerMasterEndpoint: Registering block manager e6ba47dbf3fb:36109 with 413.9 MiB RAM, BlockManagerId(driver, e6ba47dbf3fb, 36109, None)
[2026-07-20T13:19:54.545+0545] {subprocess.py:93} INFO - 26/07/20 07:34:54 INFO BlockManagerMaster: Registered BlockManager BlockManagerId(driver, e6ba47dbf3fb, 36109, None)
[2026-07-20T13:19:54.546+0545] {subprocess.py:93} INFO - 26/07/20 07:34:54 INFO BlockManager: Initialized BlockManager: BlockManagerId(driver, e6ba47dbf3fb, 36109, None)
[2026-07-20T13:19:55.139+0545] {subprocess.py:93} INFO - 26/07/20 07:34:55 INFO StandaloneSchedulerBackend: SchedulerBackend is ready for scheduling beginning after reached minRegisteredResourcesRatio: 0.0
[2026-07-20T13:20:46.341+0545] {subprocess.py:93} INFO - 26/07/20 07:35:46 WARN SparkStringUtils: Truncated the string representation of a plan since it was too large. This behavior can be adjusted by setting 'spark.sql.debug.maxToStringFields'.
[2026-07-20T13:22:33.536+0545] {subprocess.py:93} INFO - 
[2026-07-20T13:22:33.537+0545] {subprocess.py:93} INFO - [Driver] 14 algorithms in the ensemble; flagging anomaly at vote >= 4.
[2026-07-20T13:22:33.537+0545] {subprocess.py:93} INFO - 
[2026-07-20T13:22:33.537+0545] {subprocess.py:93} INFO - --- Top 10 Most Anomalous Rows (Highest Votes) ---
[2026-07-20T13:22:45.337+0545] {subprocess.py:93} INFO - +----+-------------+----------------+------------+-------------+----------------+----+--------+
[2026-07-20T13:22:45.338+0545] {subprocess.py:93} INFO - |ID  |pixel_temp_C |lar_pressure_bar|lv_voltage_V|hv_current_uA|cooling_flow_lpm|vote|ensemble|
[2026-07-20T13:22:45.338+0545] {subprocess.py:93} INFO - +----+-------------+----------------+------------+-------------+----------------+----+--------+
[2026-07-20T13:22:45.338+0545] {subprocess.py:93} INFO - |2565|-8.0918146697|1.2831961242    |3.2590614384|43.7728165038|10.1358964469   |12  |1       |
[2026-07-20T13:22:45.338+0545] {subprocess.py:93} INFO - |2567|-7.9692907102|1.2836829035    |3.2739674746|43.659860066 |9.9568039732    |12  |1       |
[2026-07-20T13:22:45.338+0545] {subprocess.py:93} INFO - |2580|-7.5237367125|1.2821191925    |3.2516667353|45.2474437854|9.2478076391    |11  |1       |
[2026-07-20T13:22:45.338+0545] {subprocess.py:93} INFO - |8001|-9.9026181966|1.3093283045    |3.2970923   |55.3406634875|12.1824334536   |11  |1       |
[2026-07-20T13:22:45.339+0545] {subprocess.py:93} INFO - |2568|-8.1028403116|1.2832897293    |3.2647577863|43.8094212141|9.9235751335    |11  |1       |
[2026-07-20T13:22:45.339+0545] {subprocess.py:93} INFO - |2577|-7.6218800947|1.2850230667    |3.2493407879|44.7229910089|9.3673578389    |11  |1       |
[2026-07-20T13:22:45.339+0545] {subprocess.py:93} INFO - |2569|-7.954908787 |1.2813954761    |3.270185164 |44.139666772 |9.8720268358    |11  |1       |
[2026-07-20T13:22:45.339+0545] {subprocess.py:93} INFO - |2571|-7.8036413133|1.2851359776    |3.2563029257|44.8233081139|9.7550193639    |11  |1       |
[2026-07-20T13:22:45.339+0545] {subprocess.py:93} INFO - |2574|-7.7099236874|1.2854185032    |3.2575878247|44.7358612319|9.595526876     |11  |1       |
[2026-07-20T13:22:45.339+0545] {subprocess.py:93} INFO - |2570|-7.9568781598|1.2833169547    |3.2570825131|44.0248533432|9.9060769976    |11  |1       |
[2026-07-20T13:22:45.339+0545] {subprocess.py:93} INFO - +----+-------------+----------------+------------+-------------+----------------+----+--------+
[2026-07-20T13:22:45.340+0545] {subprocess.py:93} INFO - 
[2026-07-20T13:22:45.340+0545] {subprocess.py:93} INFO - 
[2026-07-20T13:22:45.340+0545] {subprocess.py:93} INFO - --- Algorithm Performance Summary ---
[2026-07-20T13:22:46.849+0545] {subprocess.py:93} INFO - {'kmeans_flag': 80, 'gmm_flag': 5, 'pca_flag': 30, 'dbscan_flag': 119, 'iso_flag': 171, 'deepemb_flag': 16, 'dagmm_flag': 267, 'vae_flag': 179, 'gan_flag': 53, 'usad_flag': 96, 'transformer_flag': 51, 'lstm_flag': 161, 'omni_flag': 155, 'adaptive_flag': 195, 'Ensemble_Final': 135}
[2026-07-20T13:22:46.849+0545] {subprocess.py:93} INFO - 
[2026-07-20T13:22:46.849+0545] {subprocess.py:93} INFO - --- Cluster Sizes (Ensemble) ---
[2026-07-20T13:22:48.430+0545] {subprocess.py:93} INFO - +--------+-----+
[2026-07-20T13:22:48.431+0545] {subprocess.py:93} INFO - |ensemble|count|
[2026-07-20T13:22:48.431+0545] {subprocess.py:93} INFO - +--------+-----+
[2026-07-20T13:22:48.431+0545] {subprocess.py:93} INFO - |       1|  135|
[2026-07-20T13:22:48.431+0545] {subprocess.py:93} INFO - |       0| 9865|
[2026-07-20T13:22:48.432+0545] {subprocess.py:93} INFO - +--------+-----+
[2026-07-20T13:22:48.432+0545] {subprocess.py:93} INFO - 
[2026-07-20T13:22:50.662+0545] {subprocess.py:93} INFO - 
[2026-07-20T13:22:50.662+0545] {subprocess.py:93} INFO - --- Active Exploration Queue (top 25 rows for analyst review) ---
[2026-07-20T13:22:52.943+0545] {subprocess.py:93} INFO - +----+--------------+----------------+------------+-------------+----------------+----+-----------------+
[2026-07-20T13:22:52.943+0545] {subprocess.py:93} INFO - |ID  |pixel_temp_C  |lar_pressure_bar|lv_voltage_V|hv_current_uA|cooling_flow_lpm|vote|boundary_distance|
[2026-07-20T13:22:52.943+0545] {subprocess.py:93} INFO - +----+--------------+----------------+------------+-------------+----------------+----+-----------------+
[2026-07-20T13:22:52.943+0545] {subprocess.py:93} INFO - |1360|-9.6161708971 |1.3162102919    |3.3161133875|40.4788283932|11.9533161717   |7   |0.0              |
[2026-07-20T13:22:52.943+0545] {subprocess.py:93} INFO - |2546|-8.7587204804 |1.2837140274    |3.2931542089|42.5421425749|11.0381988565   |7   |0.0              |
[2026-07-20T13:22:52.944+0545] {subprocess.py:93} INFO - |5529|-10.8089534188|1.2964715864    |3.296712245 |41.9124864004|12.2009750315   |7   |0.0              |
[2026-07-20T13:22:52.944+0545] {subprocess.py:93} INFO - |9040|-10.5788733165|1.3356979653    |3.3081564106|39.0258819716|11.7018496502   |7   |0.0              |
[2026-07-20T13:22:52.944+0545] {subprocess.py:93} INFO - |6071|-10.5771832864|1.2805276629    |3.2844474315|39.1957073204|11.6952378261   |7   |0.0              |
[2026-07-20T13:22:52.944+0545] {subprocess.py:93} INFO - |2543|-8.878804462  |1.2804323364    |3.2953476581|41.5040788325|11.1665624502   |7   |0.0              |
[2026-07-20T13:22:52.944+0545] {subprocess.py:93} INFO - |5510|-10.8190501163|1.2919024909    |3.293043176 |41.7824321597|12.2310852254   |7   |0.0              |
[2026-07-20T13:22:52.944+0545] {subprocess.py:93} INFO - |9042|-10.680425018 |1.3394472826    |3.3019248355|38.3008564367|11.808310117    |7   |0.0              |
[2026-07-20T13:22:52.944+0545] {subprocess.py:93} INFO - |2536|-9.0473455332 |1.2832086714    |3.3014699931|41.6326714653|11.3586838624   |7   |0.0              |
[2026-07-20T13:22:52.944+0545] {subprocess.py:93} INFO - |9038|-10.6381931238|1.3351993632    |3.2994254024|38.9253011749|11.7073025373   |7   |0.0              |
[2026-07-20T13:22:52.944+0545] {subprocess.py:93} INFO - |2538|-8.8890669236 |1.2796607863    |3.3029816703|42.6519509837|11.2781945151   |7   |0.0              |
[2026-07-20T13:22:52.944+0545] {subprocess.py:93} INFO - |5531|-10.7002646993|1.2962939898    |3.2930499293|41.0064019989|12.1633936408   |7   |0.0              |
[2026-07-20T13:22:52.945+0545] {subprocess.py:93} INFO - |2540|-9.0216911418 |1.2773841916    |3.2975187017|41.8945649898|11.3312837703   |7   |0.0              |
[2026-07-20T13:22:52.945+0545] {subprocess.py:93} INFO - |7018|-9.403494218  |1.3024689549    |3.3028443989|43.8655753531|12.1576809747   |7   |0.0              |
[2026-07-20T13:22:52.945+0545] {subprocess.py:93} INFO - |5532|-10.7882162311|1.2925470593    |3.2925027131|41.6299014172|12.148607541    |7   |0.0              |
[2026-07-20T13:22:52.945+0545] {subprocess.py:93} INFO - |9041|-10.6663257737|1.3389808536    |3.3013381767|39.0003264989|11.7575425603   |7   |0.0              |
[2026-07-20T13:22:52.945+0545] {subprocess.py:93} INFO - |5515|-10.8997618088|1.2934143424    |3.2958828527|40.8656683023|12.2227691411   |7   |0.0              |
[2026-07-20T13:22:52.945+0545] {subprocess.py:93} INFO - |5513|-10.8409170145|1.2933700001    |3.3092175064|41.5135789348|12.2119140536   |7   |0.0              |
[2026-07-20T13:22:52.945+0545] {subprocess.py:93} INFO - |2542|-8.8374956601 |1.2797901387    |3.292183318 |42.8383671332|11.1472978996   |7   |0.0              |
[2026-07-20T13:22:52.945+0545] {subprocess.py:93} INFO - |2545|-8.7707438882 |1.280044294     |3.2940757127|42.1388398235|11.0490076346   |7   |0.0              |
[2026-07-20T13:22:52.945+0545] {subprocess.py:93} INFO - +----+--------------+----------------+------------+-------------+----------------+----+-----------------+
[2026-07-20T13:22:52.945+0545] {subprocess.py:93} INFO - only showing top 20 rows
[2026-07-20T13:22:52.945+0545] {subprocess.py:93} INFO - 
[2026-07-20T13:22:58.751+0545] {subprocess.py:93} INFO - [Driver] Wrote final ensemble table -> hdfs://namenode:9000/user/demo/_final_ensemble
[2026-07-20T13:23:00.632+0545] {subprocess.py:97} INFO - Command exited with return code 0
[2026-07-20T13:23:00.632+0545] {taskinstance.py:441} INFO - ::group::Post task execution logs
[2026-07-20T13:23:00.644+0545] {taskinstance.py:1206} INFO - Marking task as SUCCESS. dag_id=network_traffic_pipeline, task_id=ensemble_report, run_id=manual__2026-07-20T06:51:36.359976+00:00, execution_date=20260720T065136, start_date=20260720T073439, end_date=20260720T073800
[2026-07-20T13:23:00.676+0545] {local_task_job_runner.py:243} INFO - Task exited with return code 0
[2026-07-20T13:23:00.682+0545] {taskinstance.py:3503} INFO - 0 downstream tasks scheduled from follow-on schedule check
[2026-07-20T13:23:00.683+0545] {local_task_job_runner.py:222} INFO - ::endgroup::
