[2026-07-19T19:45:17.900+0545] {local_task_job_runner.py:120} INFO - ::group::Pre task execution logs
[2026-07-19T19:45:17.917+0545] {taskinstance.py:2076} INFO - Dependencies all met for dep_context=non-requeueable deps ti=<TaskInstance: network_traffic_pipeline.partition_local_models.isolation_forest manual__2026-07-19T13:45:00.072255+00:00 [queued]>
[2026-07-19T19:45:17.923+0545] {taskinstance.py:2076} INFO - Dependencies all met for dep_context=requeueable deps ti=<TaskInstance: network_traffic_pipeline.partition_local_models.isolation_forest manual__2026-07-19T13:45:00.072255+00:00 [queued]>
[2026-07-19T19:45:17.923+0545] {taskinstance.py:2306} INFO - Starting attempt 1 of 2
[2026-07-19T19:45:17.936+0545] {taskinstance.py:2330} INFO - Executing <Task(BashOperator): partition_local_models.isolation_forest> on 2026-07-19 13:45:00.072255+00:00
[2026-07-19T19:45:17.941+0545] {standard_task_runner.py:64} INFO - Started process 79742 to run task
[2026-07-19T19:45:17.944+0545] {standard_task_runner.py:90} INFO - Running: ['airflow', 'tasks', 'run', 'network_traffic_pipeline', 'partition_local_models.isolation_forest', 'manual__2026-07-19T13:45:00.072255+00:00', '--job-id', '51', '--raw', '--subdir', 'DAGS_FOLDER/network_traffic_pipeline_dag.py', '--cfg-path', '/tmp/tmp5fvthfco']
[2026-07-19T19:45:17.946+0545] {standard_task_runner.py:91} INFO - Job 51: Subtask partition_local_models.isolation_forest
[2026-07-19T19:45:17.978+0545] {task_command.py:426} INFO - Running <TaskInstance: network_traffic_pipeline.partition_local_models.isolation_forest manual__2026-07-19T13:45:00.072255+00:00 [running]> on host snigdh-IdeaPad-Slim-3-15IAH8
[2026-07-19T19:45:18.027+0545] {taskinstance.py:2648} INFO - Exporting env vars: AIRFLOW_CTX_DAG_OWNER='you' AIRFLOW_CTX_DAG_ID='network_traffic_pipeline' AIRFLOW_CTX_TASK_ID='partition_local_models.isolation_forest' AIRFLOW_CTX_EXECUTION_DATE='2026-07-19T13:45:00.072255+00:00' AIRFLOW_CTX_TRY_NUMBER='1' AIRFLOW_CTX_DAG_RUN_ID='manual__2026-07-19T13:45:00.072255+00:00'
[2026-07-19T19:45:18.028+0545] {taskinstance.py:430} INFO - ::endgroup::
[2026-07-19T19:45:18.029+0545] {subprocess.py:63} INFO - Tmp dir root location: /tmp
[2026-07-19T19:45:18.029+0545] {subprocess.py:75} INFO - Running command: ['/usr/bin/bash', '-c', 'cd /home/snigdh/repos/bigData && docker-compose exec spark-master /opt/spark/bin/spark-submit --master spark://localhost:7077 --py-files /app/common.py --conf spark.ui.port=4040 --conf spark.sql.extensions=io.delta.sql.DeltaSparkSessionExtension --conf spark.sql.catalog.spark_catalog=org.apache.spark.sql.delta.catalog.DeltaCatalog /app/task_isolation_forest.py']
[2026-07-19T19:45:18.038+0545] {subprocess.py:86} INFO - Output:
[2026-07-19T19:45:29.923+0545] {subprocess.py:93} INFO - 26/07/19 14:00:29 INFO SparkContext: Running Spark version 3.5.0
[2026-07-19T19:45:29.924+0545] {subprocess.py:93} INFO - 26/07/19 14:00:29 INFO SparkContext: OS info Linux, 6.8.0-136-generic, amd64
[2026-07-19T19:45:29.925+0545] {subprocess.py:93} INFO - 26/07/19 14:00:29 INFO SparkContext: Java version 11.0.20.1
[2026-07-19T19:45:30.015+0545] {subprocess.py:93} INFO - 26/07/19 14:00:30 INFO ResourceUtils: ==============================================================
[2026-07-19T19:45:30.016+0545] {subprocess.py:93} INFO - 26/07/19 14:00:30 INFO ResourceUtils: No custom resources configured for spark.driver.
[2026-07-19T19:45:30.016+0545] {subprocess.py:93} INFO - 26/07/19 14:00:30 INFO ResourceUtils: ==============================================================
[2026-07-19T19:45:30.016+0545] {subprocess.py:93} INFO - 26/07/19 14:00:30 INFO SparkContext: Submitted application: anomaly_isolation_forest
[2026-07-19T19:45:30.114+0545] {subprocess.py:93} INFO - 26/07/19 14:00:30 INFO ResourceProfile: Default ResourceProfile created, executor resources: Map(memory -> name: memory, amount: 1024, script: , vendor: , offHeap -> name: offHeap, amount: 0, script: , vendor: ), task resources: Map(cpus -> name: cpus, amount: 1.0)
[2026-07-19T19:45:30.122+0545] {subprocess.py:93} INFO - 26/07/19 14:00:30 INFO ResourceProfile: Limiting resource is cpu
[2026-07-19T19:45:30.123+0545] {subprocess.py:93} INFO - 26/07/19 14:00:30 INFO ResourceProfileManager: Added ResourceProfile id: 0
[2026-07-19T19:45:30.401+0545] {subprocess.py:93} INFO - 26/07/19 14:00:30 INFO SecurityManager: Changing view acls to: spark
[2026-07-19T19:45:30.401+0545] {subprocess.py:93} INFO - 26/07/19 14:00:30 INFO SecurityManager: Changing modify acls to: spark
[2026-07-19T19:45:30.402+0545] {subprocess.py:93} INFO - 26/07/19 14:00:30 INFO SecurityManager: Changing view acls groups to:
[2026-07-19T19:45:30.402+0545] {subprocess.py:93} INFO - 26/07/19 14:00:30 INFO SecurityManager: Changing modify acls groups to:
[2026-07-19T19:45:30.403+0545] {subprocess.py:93} INFO - 26/07/19 14:00:30 INFO SecurityManager: SecurityManager: authentication disabled; ui acls disabled; users with view permissions: spark; groups with view permissions: EMPTY; users with modify permissions: spark; groups with modify permissions: EMPTY
[2026-07-19T19:45:31.107+0545] {subprocess.py:93} INFO - 26/07/19 14:00:31 INFO Utils: Successfully started service 'sparkDriver' on port 39167.
[2026-07-19T19:45:31.215+0545] {subprocess.py:93} INFO - 26/07/19 14:00:31 INFO SparkEnv: Registering MapOutputTracker
[2026-07-19T19:45:31.413+0545] {subprocess.py:93} INFO - 26/07/19 14:00:31 INFO SparkEnv: Registering BlockManagerMaster
[2026-07-19T19:45:31.498+0545] {subprocess.py:93} INFO - 26/07/19 14:00:31 INFO BlockManagerMasterEndpoint: Using org.apache.spark.storage.DefaultTopologyMapper for getting topology information
[2026-07-19T19:45:31.499+0545] {subprocess.py:93} INFO - 26/07/19 14:00:31 INFO BlockManagerMasterEndpoint: BlockManagerMasterEndpoint up
[2026-07-19T19:45:31.505+0545] {subprocess.py:93} INFO - 26/07/19 14:00:31 INFO SparkEnv: Registering BlockManagerMasterHeartbeat
[2026-07-19T19:45:31.603+0545] {subprocess.py:93} INFO - 26/07/19 14:00:31 INFO DiskBlockManager: Created local directory at /tmp/blockmgr-0811f293-6803-461a-9bca-1e63b2b51071
[2026-07-19T19:45:31.615+0545] {subprocess.py:93} INFO - 26/07/19 14:00:31 INFO MemoryStore: MemoryStore started with capacity 413.9 MiB
[2026-07-19T19:45:31.702+0545] {subprocess.py:93} INFO - 26/07/19 14:00:31 INFO SparkEnv: Registering OutputCommitCoordinator
[2026-07-19T19:45:31.928+0545] {subprocess.py:93} INFO - 26/07/19 14:00:31 INFO JettyUtils: Start Jetty 0.0.0.0:4040 for SparkUI
[2026-07-19T19:45:32.030+0545] {subprocess.py:93} INFO - 26/07/19 14:00:32 INFO Utils: Successfully started service 'SparkUI' on port 4040.
[2026-07-19T19:45:32.126+0545] {subprocess.py:93} INFO - 26/07/19 14:00:32 INFO SparkContext: Added file file:///app/common.py at spark://7aa1691b5e48:39167/files/common.py with timestamp 1784469629911
[2026-07-19T19:45:32.127+0545] {subprocess.py:93} INFO - 26/07/19 14:00:32 INFO Utils: Copying /app/common.py to /tmp/spark-102cef62-178b-462a-a437-6f835e8dbbde/userFiles-d2e09a62-8c94-4400-87bd-4748702018ac/common.py
[2026-07-19T19:45:32.611+0545] {subprocess.py:93} INFO - 26/07/19 14:00:32 INFO StandaloneAppClient$ClientEndpoint: Connecting to master spark://localhost:7077...
[2026-07-19T19:45:32.911+0545] {subprocess.py:93} INFO - 26/07/19 14:00:32 INFO TransportClientFactory: Successfully created connection to localhost/127.0.0.1:7077 after 102 ms (0 ms spent in bootstraps)
[2026-07-19T19:45:33.211+0545] {subprocess.py:93} INFO - 26/07/19 14:00:33 INFO StandaloneSchedulerBackend: Connected to Spark cluster with app ID app-20260719140033-0007
[2026-07-19T19:45:33.212+0545] {subprocess.py:93} INFO - 26/07/19 14:00:33 INFO StandaloneAppClient$ClientEndpoint: Executor added: app-20260719140033-0007/0 on worker-20260719134303-spark-worker2-8083 (spark-worker2:8083) with 1 core(s)
[2026-07-19T19:45:33.296+0545] {subprocess.py:93} INFO - 26/07/19 14:00:33 INFO StandaloneSchedulerBackend: Granted executor ID app-20260719140033-0007/0 on hostPort spark-worker2:8083 with 1 core(s), 1024.0 MiB RAM
[2026-07-19T19:45:33.297+0545] {subprocess.py:93} INFO - 26/07/19 14:00:33 INFO StandaloneAppClient$ClientEndpoint: Executor added: app-20260719140033-0007/1 on worker-20260719134303-spark-worker1-8081 (spark-worker1:8081) with 1 core(s)
[2026-07-19T19:45:33.298+0545] {subprocess.py:93} INFO - 26/07/19 14:00:33 INFO StandaloneSchedulerBackend: Granted executor ID app-20260719140033-0007/1 on hostPort spark-worker1:8081 with 1 core(s), 1024.0 MiB RAM
[2026-07-19T19:45:33.299+0545] {subprocess.py:93} INFO - 26/07/19 14:00:33 INFO Utils: Successfully started service 'org.apache.spark.network.netty.NettyBlockTransferService' on port 36837.
[2026-07-19T19:45:33.299+0545] {subprocess.py:93} INFO - 26/07/19 14:00:33 INFO NettyBlockTransferService: Server created on 7aa1691b5e48:36837
[2026-07-19T19:45:33.301+0545] {subprocess.py:93} INFO - 26/07/19 14:00:33 INFO BlockManager: Using org.apache.spark.storage.RandomBlockReplicationPolicy for block replication policy
[2026-07-19T19:45:33.397+0545] {subprocess.py:93} INFO - 26/07/19 14:00:33 INFO BlockManagerMaster: Registering BlockManager BlockManagerId(driver, 7aa1691b5e48, 36837, None)
[2026-07-19T19:45:33.398+0545] {subprocess.py:93} INFO - 26/07/19 14:00:33 INFO StandaloneAppClient$ClientEndpoint: Executor updated: app-20260719140033-0007/0 is now RUNNING
[2026-07-19T19:45:33.399+0545] {subprocess.py:93} INFO - 26/07/19 14:00:33 INFO StandaloneAppClient$ClientEndpoint: Executor updated: app-20260719140033-0007/1 is now RUNNING
[2026-07-19T19:45:33.400+0545] {subprocess.py:93} INFO - 26/07/19 14:00:33 INFO BlockManagerMasterEndpoint: Registering block manager 7aa1691b5e48:36837 with 413.9 MiB RAM, BlockManagerId(driver, 7aa1691b5e48, 36837, None)
[2026-07-19T19:45:33.403+0545] {subprocess.py:93} INFO - 26/07/19 14:00:33 INFO BlockManagerMaster: Registered BlockManager BlockManagerId(driver, 7aa1691b5e48, 36837, None)
[2026-07-19T19:45:33.404+0545] {subprocess.py:93} INFO - 26/07/19 14:00:33 INFO BlockManager: Initialized BlockManager: BlockManagerId(driver, 7aa1691b5e48, 36837, None)
[2026-07-19T19:45:34.098+0545] {subprocess.py:93} INFO - 26/07/19 14:00:34 INFO StandaloneSchedulerBackend: SchedulerBackend is ready for scheduling beginning after reached minRegisteredResourcesRatio: 0.0
[2026-07-19T19:46:07.598+0545] {subprocess.py:93} INFO - [Spark] Fitting 2 local Isolation Forests in parallel across the cluster...
[2026-07-19T19:46:11.524+0545] {subprocess.py:93} INFO - 26/07/19 14:01:11 WARN SparkStringUtils: Truncated the string representation of a plan since it was too large. This behavior can be adjusted by setting 'spark.sql.debug.maxToStringFields'.
[2026-07-19T19:46:55.607+0545] {subprocess.py:93} INFO - [Driver] Collected 2 partition-local forests for ensemble scoring.
[2026-07-19T19:47:01.103+0545] {subprocess.py:93} INFO - [Driver] iso_flag threshold on iso_score: 0.5625
[2026-07-19T19:47:11.209+0545] {subprocess.py:93} INFO - [Driver] Wrote 'isolation_forest' output -> hdfs://namenode:9000/user/demo/_scores/isolation_forest
[2026-07-19T19:47:12.994+0545] {subprocess.py:97} INFO - Command exited with return code 0
[2026-07-19T19:47:12.994+0545] {taskinstance.py:441} INFO - ::group::Post task execution logs
[2026-07-19T19:47:13.009+0545] {taskinstance.py:1206} INFO - Marking task as SUCCESS. dag_id=network_traffic_pipeline, task_id=partition_local_models.isolation_forest, run_id=manual__2026-07-19T13:45:00.072255+00:00, execution_date=20260719T134500, start_date=20260719T140017, end_date=20260719T140213
[2026-07-19T19:47:13.060+0545] {local_task_job_runner.py:243} INFO - Task exited with return code 0
[2026-07-19T19:47:13.076+0545] {taskinstance.py:3503} INFO - 0 downstream tasks scheduled from follow-on schedule check
[2026-07-19T19:47:13.077+0545] {local_task_job_runner.py:222} INFO - ::endgroup::
