[2026-07-20T13:07:57.021+0545] {local_task_job_runner.py:120} INFO - ::group::Pre task execution logs
[2026-07-20T13:07:57.038+0545] {taskinstance.py:2076} INFO - Dependencies all met for dep_context=non-requeueable deps ti=<TaskInstance: network_traffic_pipeline.sequential_ddp_models.lstm manual__2026-07-20T06:51:36.359976+00:00 [queued]>
[2026-07-20T13:07:57.044+0545] {taskinstance.py:2076} INFO - Dependencies all met for dep_context=requeueable deps ti=<TaskInstance: network_traffic_pipeline.sequential_ddp_models.lstm manual__2026-07-20T06:51:36.359976+00:00 [queued]>
[2026-07-20T13:07:57.045+0545] {taskinstance.py:2306} INFO - Starting attempt 1 of 3
[2026-07-20T13:07:57.056+0545] {taskinstance.py:2330} INFO - Executing <Task(BashOperator): sequential_ddp_models.lstm> on 2026-07-20 06:51:36.359976+00:00
[2026-07-20T13:07:57.061+0545] {standard_task_runner.py:64} INFO - Started process 98227 to run task
[2026-07-20T13:07:57.064+0545] {standard_task_runner.py:90} INFO - Running: ['airflow', 'tasks', 'run', 'network_traffic_pipeline', 'sequential_ddp_models.lstm', 'manual__2026-07-20T06:51:36.359976+00:00', '--job-id', '119', '--raw', '--subdir', 'DAGS_FOLDER/network_traffic_pipeline_dag.py', '--cfg-path', '/tmp/tmpnypwl_sn']
[2026-07-20T13:07:57.065+0545] {standard_task_runner.py:91} INFO - Job 119: Subtask sequential_ddp_models.lstm
[2026-07-20T13:07:57.095+0545] {task_command.py:426} INFO - Running <TaskInstance: network_traffic_pipeline.sequential_ddp_models.lstm manual__2026-07-20T06:51:36.359976+00:00 [running]> on host snigdh-IdeaPad-Slim-3-15IAH8
[2026-07-20T13:07:57.148+0545] {taskinstance.py:2648} INFO - Exporting env vars: AIRFLOW_CTX_DAG_OWNER='you' AIRFLOW_CTX_DAG_ID='network_traffic_pipeline' AIRFLOW_CTX_TASK_ID='sequential_ddp_models.lstm' AIRFLOW_CTX_EXECUTION_DATE='2026-07-20T06:51:36.359976+00:00' AIRFLOW_CTX_TRY_NUMBER='1' AIRFLOW_CTX_DAG_RUN_ID='manual__2026-07-20T06:51:36.359976+00:00'
[2026-07-20T13:07:57.149+0545] {taskinstance.py:430} INFO - ::endgroup::
[2026-07-20T13:07:57.150+0545] {subprocess.py:63} INFO - Tmp dir root location: /tmp
[2026-07-20T13:07:57.150+0545] {subprocess.py:75} INFO - Running command: ['/usr/bin/bash', '-c', 'cd /home/snigdh/repos/bigData && docker-compose exec spark-master /opt/spark/bin/spark-submit --master spark://localhost:7077 --py-files /app/common.py --conf spark.ui.port=4040 --conf spark.sql.extensions=io.delta.sql.DeltaSparkSessionExtension --conf spark.sql.catalog.spark_catalog=org.apache.spark.sql.delta.catalog.DeltaCatalog /app/task_lstm.py']
[2026-07-20T13:07:57.159+0545] {subprocess.py:86} INFO - Output:
[2026-07-20T13:08:09.459+0545] {subprocess.py:93} INFO - 26/07/20 07:23:09 INFO SparkContext: Running Spark version 3.5.0
[2026-07-20T13:08:09.461+0545] {subprocess.py:93} INFO - 26/07/20 07:23:09 INFO SparkContext: OS info Linux, 6.8.0-136-generic, amd64
[2026-07-20T13:08:09.461+0545] {subprocess.py:93} INFO - 26/07/20 07:23:09 INFO SparkContext: Java version 11.0.20.1
[2026-07-20T13:08:09.637+0545] {subprocess.py:93} INFO - 26/07/20 07:23:09 INFO ResourceUtils: ==============================================================
[2026-07-20T13:08:09.638+0545] {subprocess.py:93} INFO - 26/07/20 07:23:09 INFO ResourceUtils: No custom resources configured for spark.driver.
[2026-07-20T13:08:09.638+0545] {subprocess.py:93} INFO - 26/07/20 07:23:09 INFO ResourceUtils: ==============================================================
[2026-07-20T13:08:09.639+0545] {subprocess.py:93} INFO - 26/07/20 07:23:09 INFO SparkContext: Submitted application: anomaly_lstm
[2026-07-20T13:08:09.745+0545] {subprocess.py:93} INFO - 26/07/20 07:23:09 INFO ResourceProfile: Default ResourceProfile created, executor resources: Map(memory -> name: memory, amount: 1024, script: , vendor: , offHeap -> name: offHeap, amount: 0, script: , vendor: ), task resources: Map(cpus -> name: cpus, amount: 1.0)
[2026-07-20T13:08:09.753+0545] {subprocess.py:93} INFO - 26/07/20 07:23:09 INFO ResourceProfile: Limiting resource is cpu
[2026-07-20T13:08:09.754+0545] {subprocess.py:93} INFO - 26/07/20 07:23:09 INFO ResourceProfileManager: Added ResourceProfile id: 0
[2026-07-20T13:08:09.948+0545] {subprocess.py:93} INFO - 26/07/20 07:23:09 INFO SecurityManager: Changing view acls to: spark
[2026-07-20T13:08:09.949+0545] {subprocess.py:93} INFO - 26/07/20 07:23:09 INFO SecurityManager: Changing modify acls to: spark
[2026-07-20T13:08:09.949+0545] {subprocess.py:93} INFO - 26/07/20 07:23:09 INFO SecurityManager: Changing view acls groups to:
[2026-07-20T13:08:09.949+0545] {subprocess.py:93} INFO - 26/07/20 07:23:09 INFO SecurityManager: Changing modify acls groups to:
[2026-07-20T13:08:09.949+0545] {subprocess.py:93} INFO - 26/07/20 07:23:09 INFO SecurityManager: SecurityManager: authentication disabled; ui acls disabled; users with view permissions: spark; groups with view permissions: EMPTY; users with modify permissions: spark; groups with modify permissions: EMPTY
[2026-07-20T13:08:10.652+0545] {subprocess.py:93} INFO - 26/07/20 07:23:10 INFO Utils: Successfully started service 'sparkDriver' on port 36399.
[2026-07-20T13:08:10.754+0545] {subprocess.py:93} INFO - 26/07/20 07:23:10 INFO SparkEnv: Registering MapOutputTracker
[2026-07-20T13:08:10.866+0545] {subprocess.py:93} INFO - 26/07/20 07:23:10 INFO SparkEnv: Registering BlockManagerMaster
[2026-07-20T13:08:10.947+0545] {subprocess.py:93} INFO - 26/07/20 07:23:10 INFO BlockManagerMasterEndpoint: Using org.apache.spark.storage.DefaultTopologyMapper for getting topology information
[2026-07-20T13:08:10.948+0545] {subprocess.py:93} INFO - 26/07/20 07:23:10 INFO BlockManagerMasterEndpoint: BlockManagerMasterEndpoint up
[2026-07-20T13:08:10.951+0545] {subprocess.py:93} INFO - 26/07/20 07:23:10 INFO SparkEnv: Registering BlockManagerMasterHeartbeat
[2026-07-20T13:08:11.050+0545] {subprocess.py:93} INFO - 26/07/20 07:23:11 INFO DiskBlockManager: Created local directory at /tmp/blockmgr-fbd3b275-ea66-4fee-8ba7-45a67b79d98b
[2026-07-20T13:08:11.060+0545] {subprocess.py:93} INFO - 26/07/20 07:23:11 INFO MemoryStore: MemoryStore started with capacity 413.9 MiB
[2026-07-20T13:08:11.070+0545] {subprocess.py:93} INFO - 26/07/20 07:23:11 INFO SparkEnv: Registering OutputCommitCoordinator
[2026-07-20T13:08:11.444+0545] {subprocess.py:93} INFO - 26/07/20 07:23:11 INFO JettyUtils: Start Jetty 0.0.0.0:4040 for SparkUI
[2026-07-20T13:08:11.561+0545] {subprocess.py:93} INFO - 26/07/20 07:23:11 INFO Utils: Successfully started service 'SparkUI' on port 4040.
[2026-07-20T13:08:11.737+0545] {subprocess.py:93} INFO - 26/07/20 07:23:11 INFO SparkContext: Added file file:///app/common.py at spark://e6ba47dbf3fb:36399/files/common.py with timestamp 1784532189448
[2026-07-20T13:08:11.740+0545] {subprocess.py:93} INFO - 26/07/20 07:23:11 INFO Utils: Copying /app/common.py to /tmp/spark-b0e64503-e47e-4bb3-b9fc-35c81121b271/userFiles-b6eb3e41-6fb6-486b-a664-92f7c7640a7a/common.py
[2026-07-20T13:08:12.344+0545] {subprocess.py:93} INFO - 26/07/20 07:23:12 INFO StandaloneAppClient$ClientEndpoint: Connecting to master spark://localhost:7077...
[2026-07-20T13:08:12.553+0545] {subprocess.py:93} INFO - 26/07/20 07:23:12 INFO TransportClientFactory: Successfully created connection to localhost/127.0.0.1:7077 after 108 ms (0 ms spent in bootstraps)
[2026-07-20T13:08:12.942+0545] {subprocess.py:93} INFO - 26/07/20 07:23:12 INFO StandaloneSchedulerBackend: Connected to Spark cluster with app ID app-20260720072312-0015
[2026-07-20T13:08:12.944+0545] {subprocess.py:93} INFO - 26/07/20 07:23:12 INFO StandaloneAppClient$ClientEndpoint: Executor added: app-20260720072312-0015/0 on worker-20260720065158-spark-worker1-8081 (spark-worker1:8081) with 1 core(s)
[2026-07-20T13:08:13.037+0545] {subprocess.py:93} INFO - 26/07/20 07:23:13 INFO StandaloneSchedulerBackend: Granted executor ID app-20260720072312-0015/0 on hostPort spark-worker1:8081 with 1 core(s), 1024.0 MiB RAM
[2026-07-20T13:08:13.037+0545] {subprocess.py:93} INFO - 26/07/20 07:23:13 INFO StandaloneAppClient$ClientEndpoint: Executor added: app-20260720072312-0015/1 on worker-20260720065158-spark-worker2-8083 (spark-worker2:8083) with 1 core(s)
[2026-07-20T13:08:13.038+0545] {subprocess.py:93} INFO - 26/07/20 07:23:13 INFO StandaloneSchedulerBackend: Granted executor ID app-20260720072312-0015/1 on hostPort spark-worker2:8083 with 1 core(s), 1024.0 MiB RAM
[2026-07-20T13:08:13.046+0545] {subprocess.py:93} INFO - 26/07/20 07:23:13 INFO Utils: Successfully started service 'org.apache.spark.network.netty.NettyBlockTransferService' on port 36613.
[2026-07-20T13:08:13.046+0545] {subprocess.py:93} INFO - 26/07/20 07:23:13 INFO NettyBlockTransferService: Server created on e6ba47dbf3fb:36613
[2026-07-20T13:08:13.137+0545] {subprocess.py:93} INFO - 26/07/20 07:23:13 INFO StandaloneAppClient$ClientEndpoint: Executor updated: app-20260720072312-0015/0 is now RUNNING
[2026-07-20T13:08:13.137+0545] {subprocess.py:93} INFO - 26/07/20 07:23:13 INFO StandaloneAppClient$ClientEndpoint: Executor updated: app-20260720072312-0015/1 is now RUNNING
[2026-07-20T13:08:13.138+0545] {subprocess.py:93} INFO - 26/07/20 07:23:13 INFO BlockManager: Using org.apache.spark.storage.RandomBlockReplicationPolicy for block replication policy
[2026-07-20T13:08:13.145+0545] {subprocess.py:93} INFO - 26/07/20 07:23:13 INFO BlockManagerMaster: Registering BlockManager BlockManagerId(driver, e6ba47dbf3fb, 36613, None)
[2026-07-20T13:08:13.148+0545] {subprocess.py:93} INFO - 26/07/20 07:23:13 INFO BlockManagerMasterEndpoint: Registering block manager e6ba47dbf3fb:36613 with 413.9 MiB RAM, BlockManagerId(driver, e6ba47dbf3fb, 36613, None)
[2026-07-20T13:08:13.150+0545] {subprocess.py:93} INFO - 26/07/20 07:23:13 INFO BlockManagerMaster: Registered BlockManager BlockManagerId(driver, e6ba47dbf3fb, 36613, None)
[2026-07-20T13:08:13.151+0545] {subprocess.py:93} INFO - 26/07/20 07:23:13 INFO BlockManager: Initialized BlockManager: BlockManagerId(driver, e6ba47dbf3fb, 36613, None)
[2026-07-20T13:08:13.845+0545] {subprocess.py:93} INFO - 26/07/20 07:23:13 INFO StandaloneSchedulerBackend: SchedulerBackend is ready for scheduling beginning after reached minRegisteredResourcesRatio: 0.0
[2026-07-20T13:08:18.643+0545] {subprocess.py:93} INFO - 26/07/20 07:23:18 WARN DataSource: All paths were ignored:
[2026-07-20T13:08:18.643+0545] {subprocess.py:93} INFO -   hdfs://namenode:9000/user/demo/_torch_seq_shards
[2026-07-20T13:08:30.644+0545] {subprocess.py:93} INFO - [TorchDistributor] LSTM: launching 2-way DDP over contiguous shards (across cluster executors)...
[2026-07-20T13:08:31.654+0545] {subprocess.py:93} INFO - Started distributed training with 2 executor processes
[2026-07-20T13:09:03.042+0545] {subprocess.py:93} INFO - 2026-07-20 07:24:03,039 INFO sasl.SaslDataTransferClient: SASL encryption trust check: localHostTrusted = false, remoteHostTrusted = false
[2026-07-20T13:09:03.242+0545] {subprocess.py:93} INFO - 2026-07-20 07:24:03,230 INFO sasl.SaslDataTransferClient: SASL encryption trust check: localHostTrusted = false, remoteHostTrusted = false
[2026-07-20T13:09:03.342+0545] {subprocess.py:93} INFO - 2026-07-20 07:24:03,325 INFO sasl.SaslDataTransferClient: SASL encryption trust check: localHostTrusted = false, remoteHostTrusted = false
[2026-07-20T13:09:04.235+0545] {subprocess.py:93} INFO - 2026-07-20 07:24:04,233 INFO sasl.SaslDataTransferClient: SASL encryption trust check: localHostTrusted = false, remoteHostTrusted = false
[2026-07-20T13:09:04.436+0545] {subprocess.py:93} INFO - 2026-07-20 07:24:04,419 INFO sasl.SaslDataTransferClient: SASL encryption trust check: localHostTrusted = false, remoteHostTrusted = false
[2026-07-20T13:09:04.536+0545] {subprocess.py:93} INFO - 2026-07-20 07:24:04,521 INFO sasl.SaslDataTransferClient: SASL encryption trust check: localHostTrusted = false, remoteHostTrusted = false
[2026-07-20T13:09:05.237+0545] {subprocess.py:93} INFO -     [LSTM][rank0/2] epoch 5/30 loss=0.65263
[2026-07-20T13:09:05.738+0545] {subprocess.py:93} INFO -     [LSTM][rank0/2] epoch 10/30 loss=0.42191
[2026-07-20T13:09:06.339+0545] {subprocess.py:93} INFO -     [LSTM][rank0/2] epoch 15/30 loss=0.33975
[2026-07-20T13:09:06.940+0545] {subprocess.py:93} INFO -     [LSTM][rank0/2] epoch 20/30 loss=0.29347
[2026-07-20T13:09:07.441+0545] {subprocess.py:93} INFO -     [LSTM][rank0/2] epoch 25/30 loss=0.26493
[2026-07-20T13:09:08.042+0545] {subprocess.py:93} INFO -     [LSTM][rank0/2] epoch 30/30 loss=0.23353
[2026-07-20T13:09:10.457+0545] {subprocess.py:93} INFO - Finished distributed training with 2 executor processes
[2026-07-20T13:09:43.051+0545] {subprocess.py:93} INFO - [Driver] Wrote 'lstm' output -> hdfs://namenode:9000/user/demo/_scores/lstm
[2026-07-20T13:09:44.931+0545] {subprocess.py:97} INFO - Command exited with return code 0
[2026-07-20T13:09:44.932+0545] {taskinstance.py:441} INFO - ::group::Post task execution logs
[2026-07-20T13:09:44.946+0545] {taskinstance.py:1206} INFO - Marking task as SUCCESS. dag_id=network_traffic_pipeline, task_id=sequential_ddp_models.lstm, run_id=manual__2026-07-20T06:51:36.359976+00:00, execution_date=20260720T065136, start_date=20260720T072257, end_date=20260720T072444
[2026-07-20T13:09:44.975+0545] {local_task_job_runner.py:243} INFO - Task exited with return code 0
[2026-07-20T13:09:44.987+0545] {taskinstance.py:3503} INFO - 0 downstream tasks scheduled from follow-on schedule check
[2026-07-20T13:09:44.987+0545] {local_task_job_runner.py:222} INFO - ::endgroup::
