[2026-07-20T12:46:23.256+0545] {local_task_job_runner.py:120} INFO - ::group::Pre task execution logs
[2026-07-20T12:46:23.273+0545] {taskinstance.py:2076} INFO - Dependencies all met for dep_context=non-requeueable deps ti=<TaskInstance: network_traffic_pipeline.native_clustering.gmm manual__2026-07-20T06:51:36.359976+00:00 [queued]>
[2026-07-20T12:46:23.278+0545] {taskinstance.py:2076} INFO - Dependencies all met for dep_context=requeueable deps ti=<TaskInstance: network_traffic_pipeline.native_clustering.gmm manual__2026-07-20T06:51:36.359976+00:00 [queued]>
[2026-07-20T12:46:23.279+0545] {taskinstance.py:2306} INFO - Starting attempt 1 of 2
[2026-07-20T12:46:23.291+0545] {taskinstance.py:2330} INFO - Executing <Task(BashOperator): native_clustering.gmm> on 2026-07-20 06:51:36.359976+00:00
[2026-07-20T12:46:23.295+0545] {standard_task_runner.py:64} INFO - Started process 80211 to run task
[2026-07-20T12:46:23.297+0545] {standard_task_runner.py:90} INFO - Running: ['airflow', 'tasks', 'run', 'network_traffic_pipeline', 'native_clustering.gmm', 'manual__2026-07-20T06:51:36.359976+00:00', '--job-id', '109', '--raw', '--subdir', 'DAGS_FOLDER/network_traffic_pipeline_dag.py', '--cfg-path', '/tmp/tmpc8uues4x']
[2026-07-20T12:46:23.298+0545] {standard_task_runner.py:91} INFO - Job 109: Subtask native_clustering.gmm
[2026-07-20T12:46:23.326+0545] {task_command.py:426} INFO - Running <TaskInstance: network_traffic_pipeline.native_clustering.gmm manual__2026-07-20T06:51:36.359976+00:00 [running]> on host snigdh-IdeaPad-Slim-3-15IAH8
[2026-07-20T12:46:23.381+0545] {taskinstance.py:2648} INFO - Exporting env vars: AIRFLOW_CTX_DAG_OWNER='you' AIRFLOW_CTX_DAG_ID='network_traffic_pipeline' AIRFLOW_CTX_TASK_ID='native_clustering.gmm' AIRFLOW_CTX_EXECUTION_DATE='2026-07-20T06:51:36.359976+00:00' AIRFLOW_CTX_TRY_NUMBER='1' AIRFLOW_CTX_DAG_RUN_ID='manual__2026-07-20T06:51:36.359976+00:00'
[2026-07-20T12:46:23.382+0545] {taskinstance.py:430} INFO - ::endgroup::
[2026-07-20T12:46:23.383+0545] {subprocess.py:63} INFO - Tmp dir root location: /tmp
[2026-07-20T12:46:23.384+0545] {subprocess.py:75} INFO - Running command: ['/usr/bin/bash', '-c', 'cd /home/snigdh/repos/bigData && docker-compose exec spark-master /opt/spark/bin/spark-submit --master spark://localhost:7077 --py-files /app/common.py --conf spark.ui.port=4040 --conf spark.sql.extensions=io.delta.sql.DeltaSparkSessionExtension --conf spark.sql.catalog.spark_catalog=org.apache.spark.sql.delta.catalog.DeltaCatalog /app/task_gmm.py']
[2026-07-20T12:46:23.394+0545] {subprocess.py:86} INFO - Output:
[2026-07-20T12:46:35.155+0545] {subprocess.py:93} INFO - 26/07/20 07:01:35 INFO SparkContext: Running Spark version 3.5.0
[2026-07-20T12:46:35.156+0545] {subprocess.py:93} INFO - 26/07/20 07:01:35 INFO SparkContext: OS info Linux, 6.8.0-136-generic, amd64
[2026-07-20T12:46:35.156+0545] {subprocess.py:93} INFO - 26/07/20 07:01:35 INFO SparkContext: Java version 11.0.20.1
[2026-07-20T12:46:35.337+0545] {subprocess.py:93} INFO - 26/07/20 07:01:35 INFO ResourceUtils: ==============================================================
[2026-07-20T12:46:35.338+0545] {subprocess.py:93} INFO - 26/07/20 07:01:35 INFO ResourceUtils: No custom resources configured for spark.driver.
[2026-07-20T12:46:35.339+0545] {subprocess.py:93} INFO - 26/07/20 07:01:35 INFO ResourceUtils: ==============================================================
[2026-07-20T12:46:35.339+0545] {subprocess.py:93} INFO - 26/07/20 07:01:35 INFO SparkContext: Submitted application: anomaly_gmm
[2026-07-20T12:46:35.359+0545] {subprocess.py:93} INFO - 26/07/20 07:01:35 INFO ResourceProfile: Default ResourceProfile created, executor resources: Map(memory -> name: memory, amount: 1024, script: , vendor: , offHeap -> name: offHeap, amount: 0, script: , vendor: ), task resources: Map(cpus -> name: cpus, amount: 1.0)
[2026-07-20T12:46:35.445+0545] {subprocess.py:93} INFO - 26/07/20 07:01:35 INFO ResourceProfile: Limiting resource is cpu
[2026-07-20T12:46:35.445+0545] {subprocess.py:93} INFO - 26/07/20 07:01:35 INFO ResourceProfileManager: Added ResourceProfile id: 0
[2026-07-20T12:46:35.641+0545] {subprocess.py:93} INFO - 26/07/20 07:01:35 INFO SecurityManager: Changing view acls to: spark
[2026-07-20T12:46:35.642+0545] {subprocess.py:93} INFO - 26/07/20 07:01:35 INFO SecurityManager: Changing modify acls to: spark
[2026-07-20T12:46:35.643+0545] {subprocess.py:93} INFO - 26/07/20 07:01:35 INFO SecurityManager: Changing view acls groups to:
[2026-07-20T12:46:35.643+0545] {subprocess.py:93} INFO - 26/07/20 07:01:35 INFO SecurityManager: Changing modify acls groups to:
[2026-07-20T12:46:35.644+0545] {subprocess.py:93} INFO - 26/07/20 07:01:35 INFO SecurityManager: SecurityManager: authentication disabled; ui acls disabled; users with view permissions: spark; groups with view permissions: EMPTY; users with modify permissions: spark; groups with modify permissions: EMPTY
[2026-07-20T12:46:36.248+0545] {subprocess.py:93} INFO - 26/07/20 07:01:36 INFO Utils: Successfully started service 'sparkDriver' on port 33403.
[2026-07-20T12:46:36.351+0545] {subprocess.py:93} INFO - 26/07/20 07:01:36 INFO SparkEnv: Registering MapOutputTracker
[2026-07-20T12:46:36.465+0545] {subprocess.py:93} INFO - 26/07/20 07:01:36 INFO SparkEnv: Registering BlockManagerMaster
[2026-07-20T12:46:36.550+0545] {subprocess.py:93} INFO - 26/07/20 07:01:36 INFO BlockManagerMasterEndpoint: Using org.apache.spark.storage.DefaultTopologyMapper for getting topology information
[2026-07-20T12:46:36.551+0545] {subprocess.py:93} INFO - 26/07/20 07:01:36 INFO BlockManagerMasterEndpoint: BlockManagerMasterEndpoint up
[2026-07-20T12:46:36.554+0545] {subprocess.py:93} INFO - 26/07/20 07:01:36 INFO SparkEnv: Registering BlockManagerMasterHeartbeat
[2026-07-20T12:46:36.649+0545] {subprocess.py:93} INFO - 26/07/20 07:01:36 INFO DiskBlockManager: Created local directory at /tmp/blockmgr-4b0d2cb8-d3d3-4284-906d-68ce5dc9d76c
[2026-07-20T12:46:36.659+0545] {subprocess.py:93} INFO - 26/07/20 07:01:36 INFO MemoryStore: MemoryStore started with capacity 413.9 MiB
[2026-07-20T12:46:36.752+0545] {subprocess.py:93} INFO - 26/07/20 07:01:36 INFO SparkEnv: Registering OutputCommitCoordinator
[2026-07-20T12:46:37.068+0545] {subprocess.py:93} INFO - 26/07/20 07:01:37 INFO JettyUtils: Start Jetty 0.0.0.0:4040 for SparkUI
[2026-07-20T12:46:37.249+0545] {subprocess.py:93} INFO - 26/07/20 07:01:37 INFO Utils: Successfully started service 'SparkUI' on port 4040.
[2026-07-20T12:46:37.343+0545] {subprocess.py:93} INFO - 26/07/20 07:01:37 INFO SparkContext: Added file file:///app/common.py at spark://e6ba47dbf3fb:33403/files/common.py with timestamp 1784530895138
[2026-07-20T12:46:37.345+0545] {subprocess.py:93} INFO - 26/07/20 07:01:37 INFO Utils: Copying /app/common.py to /tmp/spark-7b3491ec-7021-463d-9763-95bd515b1f39/userFiles-3c3c5723-b96c-42a4-81a6-9da795d703a7/common.py
[2026-07-20T12:46:38.039+0545] {subprocess.py:93} INFO - 26/07/20 07:01:38 INFO StandaloneAppClient$ClientEndpoint: Connecting to master spark://localhost:7077...
[2026-07-20T12:46:38.238+0545] {subprocess.py:93} INFO - 26/07/20 07:01:38 INFO TransportClientFactory: Successfully created connection to localhost/127.0.0.1:7077 after 27 ms (0 ms spent in bootstraps)
[2026-07-20T12:46:38.538+0545] {subprocess.py:93} INFO - 26/07/20 07:01:38 INFO StandaloneSchedulerBackend: Connected to Spark cluster with app ID app-20260720070138-0005
[2026-07-20T12:46:38.539+0545] {subprocess.py:93} INFO - 26/07/20 07:01:38 INFO StandaloneAppClient$ClientEndpoint: Executor added: app-20260720070138-0005/0 on worker-20260720065158-spark-worker1-8081 (spark-worker1:8081) with 1 core(s)
[2026-07-20T12:46:38.636+0545] {subprocess.py:93} INFO - 26/07/20 07:01:38 INFO StandaloneSchedulerBackend: Granted executor ID app-20260720070138-0005/0 on hostPort spark-worker1:8081 with 1 core(s), 1024.0 MiB RAM
[2026-07-20T12:46:38.636+0545] {subprocess.py:93} INFO - 26/07/20 07:01:38 INFO StandaloneAppClient$ClientEndpoint: Executor added: app-20260720070138-0005/1 on worker-20260720065158-spark-worker2-8083 (spark-worker2:8083) with 1 core(s)
[2026-07-20T12:46:38.637+0545] {subprocess.py:93} INFO - 26/07/20 07:01:38 INFO StandaloneSchedulerBackend: Granted executor ID app-20260720070138-0005/1 on hostPort spark-worker2:8083 with 1 core(s), 1024.0 MiB RAM
[2026-07-20T12:46:38.638+0545] {subprocess.py:93} INFO - 26/07/20 07:01:38 INFO Utils: Successfully started service 'org.apache.spark.network.netty.NettyBlockTransferService' on port 41063.
[2026-07-20T12:46:38.639+0545] {subprocess.py:93} INFO - 26/07/20 07:01:38 INFO NettyBlockTransferService: Server created on e6ba47dbf3fb:41063
[2026-07-20T12:46:38.641+0545] {subprocess.py:93} INFO - 26/07/20 07:01:38 INFO BlockManager: Using org.apache.spark.storage.RandomBlockReplicationPolicy for block replication policy
[2026-07-20T12:46:38.642+0545] {subprocess.py:93} INFO - 26/07/20 07:01:38 INFO StandaloneAppClient$ClientEndpoint: Executor updated: app-20260720070138-0005/0 is now RUNNING
[2026-07-20T12:46:38.643+0545] {subprocess.py:93} INFO - 26/07/20 07:01:38 INFO StandaloneAppClient$ClientEndpoint: Executor updated: app-20260720070138-0005/1 is now RUNNING
[2026-07-20T12:46:38.648+0545] {subprocess.py:93} INFO - 26/07/20 07:01:38 INFO BlockManagerMaster: Registering BlockManager BlockManagerId(driver, e6ba47dbf3fb, 41063, None)
[2026-07-20T12:46:38.650+0545] {subprocess.py:93} INFO - 26/07/20 07:01:38 INFO BlockManagerMasterEndpoint: Registering block manager e6ba47dbf3fb:41063 with 413.9 MiB RAM, BlockManagerId(driver, e6ba47dbf3fb, 41063, None)
[2026-07-20T12:46:38.652+0545] {subprocess.py:93} INFO - 26/07/20 07:01:38 INFO BlockManagerMaster: Registered BlockManager BlockManagerId(driver, e6ba47dbf3fb, 41063, None)
[2026-07-20T12:46:38.653+0545] {subprocess.py:93} INFO - 26/07/20 07:01:38 INFO BlockManager: Initialized BlockManager: BlockManagerId(driver, e6ba47dbf3fb, 41063, None)
[2026-07-20T12:46:39.248+0545] {subprocess.py:93} INFO - 26/07/20 07:01:39 INFO StandaloneSchedulerBackend: SchedulerBackend is ready for scheduling beginning after reached minRegisteredResourcesRatio: 0.0
[2026-07-20T12:47:13.644+0545] {subprocess.py:93} INFO - 26/07/20 07:02:13 WARN SparkStringUtils: Truncated the string representation of a plan since it was too large. This behavior can be adjusted by setting 'spark.sql.debug.maxToStringFields'.
[2026-07-20T12:48:10.660+0545] {subprocess.py:93} INFO - 26/07/20 07:03:10 WARN InstanceBuilder: Failed to load implementation from:dev.ludovic.netlib.blas.JNIBLAS
[2026-07-20T12:48:58.242+0545] {subprocess.py:93} INFO - [Driver] gmm_cluster counts: {1: 2626, 3: 152, 5: 2015, 4: 2286, 2: 2916, 0: 5}, minority=0
[2026-07-20T12:49:05.237+0545] {subprocess.py:93} INFO - [Driver] Wrote 'gmm' output -> hdfs://namenode:9000/user/demo/_scores/gmm
[2026-07-20T12:49:07.068+0545] {subprocess.py:97} INFO - Command exited with return code 0
[2026-07-20T12:49:07.068+0545] {taskinstance.py:441} INFO - ::group::Post task execution logs
[2026-07-20T12:49:07.083+0545] {taskinstance.py:1206} INFO - Marking task as SUCCESS. dag_id=network_traffic_pipeline, task_id=native_clustering.gmm, run_id=manual__2026-07-20T06:51:36.359976+00:00, execution_date=20260720T065136, start_date=20260720T070123, end_date=20260720T070407
[2026-07-20T12:49:07.123+0545] {local_task_job_runner.py:243} INFO - Task exited with return code 0
[2026-07-20T12:49:07.134+0545] {taskinstance.py:3503} INFO - 0 downstream tasks scheduled from follow-on schedule check
[2026-07-20T12:49:07.134+0545] {local_task_job_runner.py:222} INFO - ::endgroup::
